[2024-10-12T20:35:37.339+0000] {processor.py:186} INFO - Started process (PID=103) to work on /home/airflow/.local/lib/python3.12/site-packages/airflow/example_dags/example_kubernetes_executor.py
[2024-10-12T20:35:37.341+0000] {processor.py:914} INFO - Processing file /home/airflow/.local/lib/python3.12/site-packages/airflow/example_dags/example_kubernetes_executor.py for tasks to queue
[2024-10-12T20:35:37.345+0000] {logging_mixin.py:190} INFO - [2024-10-12T20:35:37.344+0000] {dagbag.py:588} INFO - Filling up the DagBag from /home/airflow/.local/lib/python3.12/site-packages/airflow/example_dags/example_kubernetes_executor.py
[2024-10-12T20:35:37.365+0000] {processor.py:925} INFO - DAG(s) 'example_kubernetes_executor' retrieved from /home/airflow/.local/lib/python3.12/site-packages/airflow/example_dags/example_kubernetes_executor.py
[2024-10-12T20:35:37.531+0000] {logging_mixin.py:190} INFO - [2024-10-12T20:35:37.530+0000] {override.py:1900} INFO - Created Permission View: can delete on DAG:example_kubernetes_executor
[2024-10-12T20:35:37.546+0000] {logging_mixin.py:190} INFO - [2024-10-12T20:35:37.545+0000] {override.py:1900} INFO - Created Permission View: can edit on DAG:example_kubernetes_executor
[2024-10-12T20:35:37.556+0000] {logging_mixin.py:190} INFO - [2024-10-12T20:35:37.555+0000] {override.py:1900} INFO - Created Permission View: can read on DAG:example_kubernetes_executor
[2024-10-12T20:35:37.565+0000] {logging_mixin.py:190} INFO - [2024-10-12T20:35:37.565+0000] {override.py:1900} INFO - Created Permission View: can delete on DAG Run:example_kubernetes_executor
[2024-10-12T20:35:37.574+0000] {logging_mixin.py:190} INFO - [2024-10-12T20:35:37.574+0000] {override.py:1900} INFO - Created Permission View: can create on DAG Run:example_kubernetes_executor
[2024-10-12T20:35:37.584+0000] {logging_mixin.py:190} INFO - [2024-10-12T20:35:37.583+0000] {override.py:1900} INFO - Created Permission View: menu access on DAG Run:example_kubernetes_executor
[2024-10-12T20:35:37.594+0000] {logging_mixin.py:190} INFO - [2024-10-12T20:35:37.594+0000] {override.py:1900} INFO - Created Permission View: can read on DAG Run:example_kubernetes_executor
[2024-10-12T20:35:37.595+0000] {logging_mixin.py:190} INFO - [2024-10-12T20:35:37.595+0000] {dag.py:3239} INFO - Sync 1 DAGs
[2024-10-12T20:35:37.617+0000] {logging_mixin.py:190} INFO - [2024-10-12T20:35:37.616+0000] {dag.py:3262} INFO - Creating ORM DAG for example_kubernetes_executor
[2024-10-12T20:35:37.621+0000] {logging_mixin.py:190} INFO - [2024-10-12T20:35:37.620+0000] {dag.py:4180} INFO - Setting next_dagrun for example_kubernetes_executor to None, run_after=None
[2024-10-12T20:35:37.647+0000] {processor.py:208} INFO - Processing /home/airflow/.local/lib/python3.12/site-packages/airflow/example_dags/example_kubernetes_executor.py took 0.317 seconds
[2024-10-12T20:36:08.380+0000] {processor.py:186} INFO - Started process (PID=165) to work on /home/airflow/.local/lib/python3.12/site-packages/airflow/example_dags/example_kubernetes_executor.py
[2024-10-12T20:36:08.382+0000] {processor.py:914} INFO - Processing file /home/airflow/.local/lib/python3.12/site-packages/airflow/example_dags/example_kubernetes_executor.py for tasks to queue
[2024-10-12T20:36:08.387+0000] {logging_mixin.py:190} INFO - [2024-10-12T20:36:08.386+0000] {dagbag.py:588} INFO - Filling up the DagBag from /home/airflow/.local/lib/python3.12/site-packages/airflow/example_dags/example_kubernetes_executor.py
[2024-10-12T20:36:08.408+0000] {processor.py:925} INFO - DAG(s) 'example_kubernetes_executor' retrieved from /home/airflow/.local/lib/python3.12/site-packages/airflow/example_dags/example_kubernetes_executor.py
[2024-10-12T20:36:08.464+0000] {logging_mixin.py:190} INFO - [2024-10-12T20:36:08.464+0000] {dag.py:3239} INFO - Sync 1 DAGs
[2024-10-12T20:36:08.484+0000] {logging_mixin.py:190} INFO - [2024-10-12T20:36:08.484+0000] {dag.py:4180} INFO - Setting next_dagrun for example_kubernetes_executor to None, run_after=None
[2024-10-12T20:36:08.508+0000] {processor.py:208} INFO - Processing /home/airflow/.local/lib/python3.12/site-packages/airflow/example_dags/example_kubernetes_executor.py took 0.137 seconds
[2024-10-12T20:36:39.944+0000] {processor.py:186} INFO - Started process (PID=227) to work on /home/airflow/.local/lib/python3.12/site-packages/airflow/example_dags/example_kubernetes_executor.py
[2024-10-12T20:36:39.946+0000] {processor.py:914} INFO - Processing file /home/airflow/.local/lib/python3.12/site-packages/airflow/example_dags/example_kubernetes_executor.py for tasks to queue
[2024-10-12T20:36:39.950+0000] {logging_mixin.py:190} INFO - [2024-10-12T20:36:39.950+0000] {dagbag.py:588} INFO - Filling up the DagBag from /home/airflow/.local/lib/python3.12/site-packages/airflow/example_dags/example_kubernetes_executor.py
[2024-10-12T20:36:39.974+0000] {processor.py:925} INFO - DAG(s) 'example_kubernetes_executor' retrieved from /home/airflow/.local/lib/python3.12/site-packages/airflow/example_dags/example_kubernetes_executor.py
[2024-10-12T20:36:40.041+0000] {logging_mixin.py:190} INFO - [2024-10-12T20:36:40.040+0000] {dag.py:3239} INFO - Sync 1 DAGs
[2024-10-12T20:36:40.062+0000] {logging_mixin.py:190} INFO - [2024-10-12T20:36:40.061+0000] {dag.py:4180} INFO - Setting next_dagrun for example_kubernetes_executor to None, run_after=None
[2024-10-12T20:36:40.092+0000] {processor.py:208} INFO - Processing /home/airflow/.local/lib/python3.12/site-packages/airflow/example_dags/example_kubernetes_executor.py took 0.157 seconds
[2024-10-12T20:37:11.184+0000] {processor.py:186} INFO - Started process (PID=289) to work on /home/airflow/.local/lib/python3.12/site-packages/airflow/example_dags/example_kubernetes_executor.py
[2024-10-12T20:37:11.185+0000] {processor.py:914} INFO - Processing file /home/airflow/.local/lib/python3.12/site-packages/airflow/example_dags/example_kubernetes_executor.py for tasks to queue
[2024-10-12T20:37:11.189+0000] {logging_mixin.py:190} INFO - [2024-10-12T20:37:11.188+0000] {dagbag.py:588} INFO - Filling up the DagBag from /home/airflow/.local/lib/python3.12/site-packages/airflow/example_dags/example_kubernetes_executor.py
[2024-10-12T20:37:11.211+0000] {processor.py:925} INFO - DAG(s) 'example_kubernetes_executor' retrieved from /home/airflow/.local/lib/python3.12/site-packages/airflow/example_dags/example_kubernetes_executor.py
[2024-10-12T20:37:11.282+0000] {logging_mixin.py:190} INFO - [2024-10-12T20:37:11.281+0000] {dag.py:3239} INFO - Sync 1 DAGs
[2024-10-12T20:37:11.304+0000] {logging_mixin.py:190} INFO - [2024-10-12T20:37:11.303+0000] {dag.py:4180} INFO - Setting next_dagrun for example_kubernetes_executor to None, run_after=None
[2024-10-12T20:37:11.338+0000] {processor.py:208} INFO - Processing /home/airflow/.local/lib/python3.12/site-packages/airflow/example_dags/example_kubernetes_executor.py took 0.163 seconds
[2024-10-12T20:37:42.206+0000] {processor.py:186} INFO - Started process (PID=351) to work on /home/airflow/.local/lib/python3.12/site-packages/airflow/example_dags/example_kubernetes_executor.py
[2024-10-12T20:37:42.208+0000] {processor.py:914} INFO - Processing file /home/airflow/.local/lib/python3.12/site-packages/airflow/example_dags/example_kubernetes_executor.py for tasks to queue
[2024-10-12T20:37:42.213+0000] {logging_mixin.py:190} INFO - [2024-10-12T20:37:42.212+0000] {dagbag.py:588} INFO - Filling up the DagBag from /home/airflow/.local/lib/python3.12/site-packages/airflow/example_dags/example_kubernetes_executor.py
[2024-10-12T20:37:42.236+0000] {processor.py:925} INFO - DAG(s) 'example_kubernetes_executor' retrieved from /home/airflow/.local/lib/python3.12/site-packages/airflow/example_dags/example_kubernetes_executor.py
[2024-10-12T20:37:42.345+0000] {logging_mixin.py:190} INFO - [2024-10-12T20:37:42.345+0000] {dag.py:3239} INFO - Sync 1 DAGs
[2024-10-12T20:37:42.380+0000] {logging_mixin.py:190} INFO - [2024-10-12T20:37:42.379+0000] {dag.py:4180} INFO - Setting next_dagrun for example_kubernetes_executor to None, run_after=None
[2024-10-12T20:37:42.421+0000] {processor.py:208} INFO - Processing /home/airflow/.local/lib/python3.12/site-packages/airflow/example_dags/example_kubernetes_executor.py took 0.224 seconds
[2024-10-12T20:38:13.061+0000] {processor.py:186} INFO - Started process (PID=413) to work on /home/airflow/.local/lib/python3.12/site-packages/airflow/example_dags/example_kubernetes_executor.py
[2024-10-12T20:38:13.062+0000] {processor.py:914} INFO - Processing file /home/airflow/.local/lib/python3.12/site-packages/airflow/example_dags/example_kubernetes_executor.py for tasks to queue
[2024-10-12T20:38:13.068+0000] {logging_mixin.py:190} INFO - [2024-10-12T20:38:13.067+0000] {dagbag.py:588} INFO - Filling up the DagBag from /home/airflow/.local/lib/python3.12/site-packages/airflow/example_dags/example_kubernetes_executor.py
[2024-10-12T20:38:13.099+0000] {processor.py:925} INFO - DAG(s) 'example_kubernetes_executor' retrieved from /home/airflow/.local/lib/python3.12/site-packages/airflow/example_dags/example_kubernetes_executor.py
[2024-10-12T20:38:13.171+0000] {logging_mixin.py:190} INFO - [2024-10-12T20:38:13.170+0000] {dag.py:3239} INFO - Sync 1 DAGs
[2024-10-12T20:38:13.198+0000] {logging_mixin.py:190} INFO - [2024-10-12T20:38:13.197+0000] {dag.py:4180} INFO - Setting next_dagrun for example_kubernetes_executor to None, run_after=None
[2024-10-12T20:38:13.243+0000] {processor.py:208} INFO - Processing /home/airflow/.local/lib/python3.12/site-packages/airflow/example_dags/example_kubernetes_executor.py took 0.194 seconds
[2024-10-12T20:38:43.813+0000] {processor.py:186} INFO - Started process (PID=475) to work on /home/airflow/.local/lib/python3.12/site-packages/airflow/example_dags/example_kubernetes_executor.py
[2024-10-12T20:38:43.816+0000] {processor.py:914} INFO - Processing file /home/airflow/.local/lib/python3.12/site-packages/airflow/example_dags/example_kubernetes_executor.py for tasks to queue
[2024-10-12T20:38:43.820+0000] {logging_mixin.py:190} INFO - [2024-10-12T20:38:43.819+0000] {dagbag.py:588} INFO - Filling up the DagBag from /home/airflow/.local/lib/python3.12/site-packages/airflow/example_dags/example_kubernetes_executor.py
[2024-10-12T20:38:43.846+0000] {processor.py:925} INFO - DAG(s) 'example_kubernetes_executor' retrieved from /home/airflow/.local/lib/python3.12/site-packages/airflow/example_dags/example_kubernetes_executor.py
[2024-10-12T20:38:43.921+0000] {logging_mixin.py:190} INFO - [2024-10-12T20:38:43.920+0000] {dag.py:3239} INFO - Sync 1 DAGs
[2024-10-12T20:38:43.945+0000] {logging_mixin.py:190} INFO - [2024-10-12T20:38:43.945+0000] {dag.py:4180} INFO - Setting next_dagrun for example_kubernetes_executor to None, run_after=None
[2024-10-12T20:38:43.976+0000] {processor.py:208} INFO - Processing /home/airflow/.local/lib/python3.12/site-packages/airflow/example_dags/example_kubernetes_executor.py took 0.173 seconds
[2024-10-12T20:39:14.370+0000] {processor.py:186} INFO - Started process (PID=537) to work on /home/airflow/.local/lib/python3.12/site-packages/airflow/example_dags/example_kubernetes_executor.py
[2024-10-12T20:39:14.373+0000] {processor.py:914} INFO - Processing file /home/airflow/.local/lib/python3.12/site-packages/airflow/example_dags/example_kubernetes_executor.py for tasks to queue
[2024-10-12T20:39:14.377+0000] {logging_mixin.py:190} INFO - [2024-10-12T20:39:14.376+0000] {dagbag.py:588} INFO - Filling up the DagBag from /home/airflow/.local/lib/python3.12/site-packages/airflow/example_dags/example_kubernetes_executor.py
[2024-10-12T20:39:14.401+0000] {processor.py:925} INFO - DAG(s) 'example_kubernetes_executor' retrieved from /home/airflow/.local/lib/python3.12/site-packages/airflow/example_dags/example_kubernetes_executor.py
[2024-10-12T20:39:14.464+0000] {logging_mixin.py:190} INFO - [2024-10-12T20:39:14.464+0000] {dag.py:3239} INFO - Sync 1 DAGs
[2024-10-12T20:39:14.490+0000] {logging_mixin.py:190} INFO - [2024-10-12T20:39:14.490+0000] {dag.py:4180} INFO - Setting next_dagrun for example_kubernetes_executor to None, run_after=None
[2024-10-12T20:39:14.524+0000] {processor.py:208} INFO - Processing /home/airflow/.local/lib/python3.12/site-packages/airflow/example_dags/example_kubernetes_executor.py took 0.164 seconds
[2024-10-12T20:39:44.795+0000] {processor.py:186} INFO - Started process (PID=599) to work on /home/airflow/.local/lib/python3.12/site-packages/airflow/example_dags/example_kubernetes_executor.py
[2024-10-12T20:39:44.796+0000] {processor.py:914} INFO - Processing file /home/airflow/.local/lib/python3.12/site-packages/airflow/example_dags/example_kubernetes_executor.py for tasks to queue
[2024-10-12T20:39:44.799+0000] {logging_mixin.py:190} INFO - [2024-10-12T20:39:44.799+0000] {dagbag.py:588} INFO - Filling up the DagBag from /home/airflow/.local/lib/python3.12/site-packages/airflow/example_dags/example_kubernetes_executor.py
[2024-10-12T20:39:44.820+0000] {processor.py:925} INFO - DAG(s) 'example_kubernetes_executor' retrieved from /home/airflow/.local/lib/python3.12/site-packages/airflow/example_dags/example_kubernetes_executor.py
[2024-10-12T20:39:44.877+0000] {logging_mixin.py:190} INFO - [2024-10-12T20:39:44.877+0000] {dag.py:3239} INFO - Sync 1 DAGs
[2024-10-12T20:39:44.895+0000] {logging_mixin.py:190} INFO - [2024-10-12T20:39:44.895+0000] {dag.py:4180} INFO - Setting next_dagrun for example_kubernetes_executor to None, run_after=None
[2024-10-12T20:39:44.924+0000] {processor.py:208} INFO - Processing /home/airflow/.local/lib/python3.12/site-packages/airflow/example_dags/example_kubernetes_executor.py took 0.138 seconds
[2024-10-12T20:40:15.330+0000] {processor.py:186} INFO - Started process (PID=660) to work on /home/airflow/.local/lib/python3.12/site-packages/airflow/example_dags/example_kubernetes_executor.py
[2024-10-12T20:40:15.332+0000] {processor.py:914} INFO - Processing file /home/airflow/.local/lib/python3.12/site-packages/airflow/example_dags/example_kubernetes_executor.py for tasks to queue
[2024-10-12T20:40:15.336+0000] {logging_mixin.py:190} INFO - [2024-10-12T20:40:15.335+0000] {dagbag.py:588} INFO - Filling up the DagBag from /home/airflow/.local/lib/python3.12/site-packages/airflow/example_dags/example_kubernetes_executor.py
[2024-10-12T20:40:15.375+0000] {processor.py:925} INFO - DAG(s) 'example_kubernetes_executor' retrieved from /home/airflow/.local/lib/python3.12/site-packages/airflow/example_dags/example_kubernetes_executor.py
[2024-10-12T20:40:15.437+0000] {logging_mixin.py:190} INFO - [2024-10-12T20:40:15.436+0000] {dag.py:3239} INFO - Sync 1 DAGs
[2024-10-12T20:40:15.459+0000] {logging_mixin.py:190} INFO - [2024-10-12T20:40:15.458+0000] {dag.py:4180} INFO - Setting next_dagrun for example_kubernetes_executor to None, run_after=None
[2024-10-12T20:40:15.492+0000] {processor.py:208} INFO - Processing /home/airflow/.local/lib/python3.12/site-packages/airflow/example_dags/example_kubernetes_executor.py took 0.173 seconds
[2024-10-12T20:40:46.111+0000] {processor.py:186} INFO - Started process (PID=722) to work on /home/airflow/.local/lib/python3.12/site-packages/airflow/example_dags/example_kubernetes_executor.py
[2024-10-12T20:40:46.112+0000] {processor.py:914} INFO - Processing file /home/airflow/.local/lib/python3.12/site-packages/airflow/example_dags/example_kubernetes_executor.py for tasks to queue
[2024-10-12T20:40:46.116+0000] {logging_mixin.py:190} INFO - [2024-10-12T20:40:46.115+0000] {dagbag.py:588} INFO - Filling up the DagBag from /home/airflow/.local/lib/python3.12/site-packages/airflow/example_dags/example_kubernetes_executor.py
[2024-10-12T20:40:46.137+0000] {processor.py:925} INFO - DAG(s) 'example_kubernetes_executor' retrieved from /home/airflow/.local/lib/python3.12/site-packages/airflow/example_dags/example_kubernetes_executor.py
[2024-10-12T20:40:46.201+0000] {logging_mixin.py:190} INFO - [2024-10-12T20:40:46.201+0000] {dag.py:3239} INFO - Sync 1 DAGs
[2024-10-12T20:40:46.221+0000] {logging_mixin.py:190} INFO - [2024-10-12T20:40:46.221+0000] {dag.py:4180} INFO - Setting next_dagrun for example_kubernetes_executor to None, run_after=None
[2024-10-12T20:40:46.248+0000] {processor.py:208} INFO - Processing /home/airflow/.local/lib/python3.12/site-packages/airflow/example_dags/example_kubernetes_executor.py took 0.147 seconds
[2024-10-12T20:41:16.701+0000] {processor.py:186} INFO - Started process (PID=784) to work on /home/airflow/.local/lib/python3.12/site-packages/airflow/example_dags/example_kubernetes_executor.py
[2024-10-12T20:41:16.703+0000] {processor.py:914} INFO - Processing file /home/airflow/.local/lib/python3.12/site-packages/airflow/example_dags/example_kubernetes_executor.py for tasks to queue
[2024-10-12T20:41:16.706+0000] {logging_mixin.py:190} INFO - [2024-10-12T20:41:16.706+0000] {dagbag.py:588} INFO - Filling up the DagBag from /home/airflow/.local/lib/python3.12/site-packages/airflow/example_dags/example_kubernetes_executor.py
[2024-10-12T20:41:16.730+0000] {processor.py:925} INFO - DAG(s) 'example_kubernetes_executor' retrieved from /home/airflow/.local/lib/python3.12/site-packages/airflow/example_dags/example_kubernetes_executor.py
[2024-10-12T20:41:16.792+0000] {logging_mixin.py:190} INFO - [2024-10-12T20:41:16.791+0000] {dag.py:3239} INFO - Sync 1 DAGs
[2024-10-12T20:41:16.815+0000] {logging_mixin.py:190} INFO - [2024-10-12T20:41:16.814+0000] {dag.py:4180} INFO - Setting next_dagrun for example_kubernetes_executor to None, run_after=None
[2024-10-12T20:41:16.871+0000] {processor.py:208} INFO - Processing /home/airflow/.local/lib/python3.12/site-packages/airflow/example_dags/example_kubernetes_executor.py took 0.180 seconds
[2024-10-12T20:41:47.449+0000] {processor.py:186} INFO - Started process (PID=846) to work on /home/airflow/.local/lib/python3.12/site-packages/airflow/example_dags/example_kubernetes_executor.py
[2024-10-12T20:41:47.451+0000] {processor.py:914} INFO - Processing file /home/airflow/.local/lib/python3.12/site-packages/airflow/example_dags/example_kubernetes_executor.py for tasks to queue
[2024-10-12T20:41:47.456+0000] {logging_mixin.py:190} INFO - [2024-10-12T20:41:47.455+0000] {dagbag.py:588} INFO - Filling up the DagBag from /home/airflow/.local/lib/python3.12/site-packages/airflow/example_dags/example_kubernetes_executor.py
[2024-10-12T20:41:47.478+0000] {processor.py:925} INFO - DAG(s) 'example_kubernetes_executor' retrieved from /home/airflow/.local/lib/python3.12/site-packages/airflow/example_dags/example_kubernetes_executor.py
[2024-10-12T20:41:47.545+0000] {logging_mixin.py:190} INFO - [2024-10-12T20:41:47.545+0000] {dag.py:3239} INFO - Sync 1 DAGs
[2024-10-12T20:41:47.571+0000] {logging_mixin.py:190} INFO - [2024-10-12T20:41:47.570+0000] {dag.py:4180} INFO - Setting next_dagrun for example_kubernetes_executor to None, run_after=None
[2024-10-12T20:41:47.613+0000] {processor.py:208} INFO - Processing /home/airflow/.local/lib/python3.12/site-packages/airflow/example_dags/example_kubernetes_executor.py took 0.176 seconds
[2024-10-12T20:42:18.822+0000] {processor.py:186} INFO - Started process (PID=908) to work on /home/airflow/.local/lib/python3.12/site-packages/airflow/example_dags/example_kubernetes_executor.py
[2024-10-12T20:42:18.824+0000] {processor.py:914} INFO - Processing file /home/airflow/.local/lib/python3.12/site-packages/airflow/example_dags/example_kubernetes_executor.py for tasks to queue
[2024-10-12T20:42:18.831+0000] {logging_mixin.py:190} INFO - [2024-10-12T20:42:18.830+0000] {dagbag.py:588} INFO - Filling up the DagBag from /home/airflow/.local/lib/python3.12/site-packages/airflow/example_dags/example_kubernetes_executor.py
[2024-10-12T20:42:18.854+0000] {processor.py:925} INFO - DAG(s) 'example_kubernetes_executor' retrieved from /home/airflow/.local/lib/python3.12/site-packages/airflow/example_dags/example_kubernetes_executor.py
[2024-10-12T20:42:18.915+0000] {logging_mixin.py:190} INFO - [2024-10-12T20:42:18.914+0000] {dag.py:3239} INFO - Sync 1 DAGs
[2024-10-12T20:42:18.940+0000] {logging_mixin.py:190} INFO - [2024-10-12T20:42:18.940+0000] {dag.py:4180} INFO - Setting next_dagrun for example_kubernetes_executor to None, run_after=None
[2024-10-12T20:42:18.976+0000] {processor.py:208} INFO - Processing /home/airflow/.local/lib/python3.12/site-packages/airflow/example_dags/example_kubernetes_executor.py took 0.163 seconds
[2024-10-12T20:42:50.302+0000] {processor.py:186} INFO - Started process (PID=970) to work on /home/airflow/.local/lib/python3.12/site-packages/airflow/example_dags/example_kubernetes_executor.py
[2024-10-12T20:42:50.304+0000] {processor.py:914} INFO - Processing file /home/airflow/.local/lib/python3.12/site-packages/airflow/example_dags/example_kubernetes_executor.py for tasks to queue
[2024-10-12T20:42:50.310+0000] {logging_mixin.py:190} INFO - [2024-10-12T20:42:50.309+0000] {dagbag.py:588} INFO - Filling up the DagBag from /home/airflow/.local/lib/python3.12/site-packages/airflow/example_dags/example_kubernetes_executor.py
[2024-10-12T20:42:50.334+0000] {processor.py:925} INFO - DAG(s) 'example_kubernetes_executor' retrieved from /home/airflow/.local/lib/python3.12/site-packages/airflow/example_dags/example_kubernetes_executor.py
[2024-10-12T20:42:50.395+0000] {logging_mixin.py:190} INFO - [2024-10-12T20:42:50.394+0000] {dag.py:3239} INFO - Sync 1 DAGs
[2024-10-12T20:42:50.422+0000] {logging_mixin.py:190} INFO - [2024-10-12T20:42:50.421+0000] {dag.py:4180} INFO - Setting next_dagrun for example_kubernetes_executor to None, run_after=None
[2024-10-12T20:42:50.456+0000] {processor.py:208} INFO - Processing /home/airflow/.local/lib/python3.12/site-packages/airflow/example_dags/example_kubernetes_executor.py took 0.163 seconds
[2024-10-12T20:43:21.320+0000] {processor.py:186} INFO - Started process (PID=1032) to work on /home/airflow/.local/lib/python3.12/site-packages/airflow/example_dags/example_kubernetes_executor.py
[2024-10-12T20:43:21.322+0000] {processor.py:914} INFO - Processing file /home/airflow/.local/lib/python3.12/site-packages/airflow/example_dags/example_kubernetes_executor.py for tasks to queue
[2024-10-12T20:43:21.326+0000] {logging_mixin.py:190} INFO - [2024-10-12T20:43:21.326+0000] {dagbag.py:588} INFO - Filling up the DagBag from /home/airflow/.local/lib/python3.12/site-packages/airflow/example_dags/example_kubernetes_executor.py
[2024-10-12T20:43:21.357+0000] {processor.py:925} INFO - DAG(s) 'example_kubernetes_executor' retrieved from /home/airflow/.local/lib/python3.12/site-packages/airflow/example_dags/example_kubernetes_executor.py
[2024-10-12T20:43:21.416+0000] {logging_mixin.py:190} INFO - [2024-10-12T20:43:21.416+0000] {dag.py:3239} INFO - Sync 1 DAGs
[2024-10-12T20:43:21.440+0000] {logging_mixin.py:190} INFO - [2024-10-12T20:43:21.440+0000] {dag.py:4180} INFO - Setting next_dagrun for example_kubernetes_executor to None, run_after=None
[2024-10-12T20:43:21.478+0000] {processor.py:208} INFO - Processing /home/airflow/.local/lib/python3.12/site-packages/airflow/example_dags/example_kubernetes_executor.py took 0.166 seconds
[2024-10-12T20:43:51.906+0000] {processor.py:186} INFO - Started process (PID=1093) to work on /home/airflow/.local/lib/python3.12/site-packages/airflow/example_dags/example_kubernetes_executor.py
[2024-10-12T20:43:51.908+0000] {processor.py:914} INFO - Processing file /home/airflow/.local/lib/python3.12/site-packages/airflow/example_dags/example_kubernetes_executor.py for tasks to queue
[2024-10-12T20:43:51.912+0000] {logging_mixin.py:190} INFO - [2024-10-12T20:43:51.911+0000] {dagbag.py:588} INFO - Filling up the DagBag from /home/airflow/.local/lib/python3.12/site-packages/airflow/example_dags/example_kubernetes_executor.py
[2024-10-12T20:43:51.934+0000] {processor.py:925} INFO - DAG(s) 'example_kubernetes_executor' retrieved from /home/airflow/.local/lib/python3.12/site-packages/airflow/example_dags/example_kubernetes_executor.py
[2024-10-12T20:43:51.994+0000] {logging_mixin.py:190} INFO - [2024-10-12T20:43:51.993+0000] {dag.py:3239} INFO - Sync 1 DAGs
[2024-10-12T20:43:52.018+0000] {logging_mixin.py:190} INFO - [2024-10-12T20:43:52.017+0000] {dag.py:4180} INFO - Setting next_dagrun for example_kubernetes_executor to None, run_after=None
[2024-10-12T20:43:52.052+0000] {processor.py:208} INFO - Processing /home/airflow/.local/lib/python3.12/site-packages/airflow/example_dags/example_kubernetes_executor.py took 0.156 seconds
[2024-10-12T20:44:22.571+0000] {processor.py:186} INFO - Started process (PID=1155) to work on /home/airflow/.local/lib/python3.12/site-packages/airflow/example_dags/example_kubernetes_executor.py
[2024-10-12T20:44:22.573+0000] {processor.py:914} INFO - Processing file /home/airflow/.local/lib/python3.12/site-packages/airflow/example_dags/example_kubernetes_executor.py for tasks to queue
[2024-10-12T20:44:22.577+0000] {logging_mixin.py:190} INFO - [2024-10-12T20:44:22.576+0000] {dagbag.py:588} INFO - Filling up the DagBag from /home/airflow/.local/lib/python3.12/site-packages/airflow/example_dags/example_kubernetes_executor.py
[2024-10-12T20:44:22.598+0000] {processor.py:925} INFO - DAG(s) 'example_kubernetes_executor' retrieved from /home/airflow/.local/lib/python3.12/site-packages/airflow/example_dags/example_kubernetes_executor.py
[2024-10-12T20:44:22.672+0000] {logging_mixin.py:190} INFO - [2024-10-12T20:44:22.671+0000] {dag.py:3239} INFO - Sync 1 DAGs
[2024-10-12T20:44:22.709+0000] {logging_mixin.py:190} INFO - [2024-10-12T20:44:22.708+0000] {dag.py:4180} INFO - Setting next_dagrun for example_kubernetes_executor to None, run_after=None
[2024-10-12T20:44:22.758+0000] {processor.py:208} INFO - Processing /home/airflow/.local/lib/python3.12/site-packages/airflow/example_dags/example_kubernetes_executor.py took 0.198 seconds
[2024-10-12T20:44:53.453+0000] {processor.py:186} INFO - Started process (PID=1217) to work on /home/airflow/.local/lib/python3.12/site-packages/airflow/example_dags/example_kubernetes_executor.py
[2024-10-12T20:44:53.455+0000] {processor.py:914} INFO - Processing file /home/airflow/.local/lib/python3.12/site-packages/airflow/example_dags/example_kubernetes_executor.py for tasks to queue
[2024-10-12T20:44:53.459+0000] {logging_mixin.py:190} INFO - [2024-10-12T20:44:53.458+0000] {dagbag.py:588} INFO - Filling up the DagBag from /home/airflow/.local/lib/python3.12/site-packages/airflow/example_dags/example_kubernetes_executor.py
[2024-10-12T20:44:53.485+0000] {processor.py:925} INFO - DAG(s) 'example_kubernetes_executor' retrieved from /home/airflow/.local/lib/python3.12/site-packages/airflow/example_dags/example_kubernetes_executor.py
[2024-10-12T20:44:53.554+0000] {logging_mixin.py:190} INFO - [2024-10-12T20:44:53.553+0000] {dag.py:3239} INFO - Sync 1 DAGs
[2024-10-12T20:44:53.579+0000] {logging_mixin.py:190} INFO - [2024-10-12T20:44:53.579+0000] {dag.py:4180} INFO - Setting next_dagrun for example_kubernetes_executor to None, run_after=None
[2024-10-12T20:44:53.615+0000] {processor.py:208} INFO - Processing /home/airflow/.local/lib/python3.12/site-packages/airflow/example_dags/example_kubernetes_executor.py took 0.173 seconds
[2024-10-12T20:45:24.510+0000] {processor.py:186} INFO - Started process (PID=1279) to work on /home/airflow/.local/lib/python3.12/site-packages/airflow/example_dags/example_kubernetes_executor.py
[2024-10-12T20:45:24.512+0000] {processor.py:914} INFO - Processing file /home/airflow/.local/lib/python3.12/site-packages/airflow/example_dags/example_kubernetes_executor.py for tasks to queue
[2024-10-12T20:45:24.516+0000] {logging_mixin.py:190} INFO - [2024-10-12T20:45:24.515+0000] {dagbag.py:588} INFO - Filling up the DagBag from /home/airflow/.local/lib/python3.12/site-packages/airflow/example_dags/example_kubernetes_executor.py
[2024-10-12T20:45:24.544+0000] {processor.py:925} INFO - DAG(s) 'example_kubernetes_executor' retrieved from /home/airflow/.local/lib/python3.12/site-packages/airflow/example_dags/example_kubernetes_executor.py
[2024-10-12T20:45:24.609+0000] {logging_mixin.py:190} INFO - [2024-10-12T20:45:24.608+0000] {dag.py:3239} INFO - Sync 1 DAGs
[2024-10-12T20:45:24.627+0000] {logging_mixin.py:190} INFO - [2024-10-12T20:45:24.626+0000] {dag.py:4180} INFO - Setting next_dagrun for example_kubernetes_executor to None, run_after=None
[2024-10-12T20:45:24.663+0000] {processor.py:208} INFO - Processing /home/airflow/.local/lib/python3.12/site-packages/airflow/example_dags/example_kubernetes_executor.py took 0.163 seconds
[2024-10-12T20:45:55.638+0000] {processor.py:186} INFO - Started process (PID=1341) to work on /home/airflow/.local/lib/python3.12/site-packages/airflow/example_dags/example_kubernetes_executor.py
[2024-10-12T20:45:55.640+0000] {processor.py:914} INFO - Processing file /home/airflow/.local/lib/python3.12/site-packages/airflow/example_dags/example_kubernetes_executor.py for tasks to queue
[2024-10-12T20:45:55.646+0000] {logging_mixin.py:190} INFO - [2024-10-12T20:45:55.645+0000] {dagbag.py:588} INFO - Filling up the DagBag from /home/airflow/.local/lib/python3.12/site-packages/airflow/example_dags/example_kubernetes_executor.py
[2024-10-12T20:45:55.680+0000] {processor.py:925} INFO - DAG(s) 'example_kubernetes_executor' retrieved from /home/airflow/.local/lib/python3.12/site-packages/airflow/example_dags/example_kubernetes_executor.py
[2024-10-12T20:45:55.774+0000] {logging_mixin.py:190} INFO - [2024-10-12T20:45:55.773+0000] {dag.py:3239} INFO - Sync 1 DAGs
[2024-10-12T20:45:55.812+0000] {logging_mixin.py:190} INFO - [2024-10-12T20:45:55.812+0000] {dag.py:4180} INFO - Setting next_dagrun for example_kubernetes_executor to None, run_after=None
[2024-10-12T20:45:55.857+0000] {processor.py:208} INFO - Processing /home/airflow/.local/lib/python3.12/site-packages/airflow/example_dags/example_kubernetes_executor.py took 0.231 seconds
[2024-10-12T20:46:26.051+0000] {processor.py:186} INFO - Started process (PID=1402) to work on /home/airflow/.local/lib/python3.12/site-packages/airflow/example_dags/example_kubernetes_executor.py
[2024-10-12T20:46:26.053+0000] {processor.py:914} INFO - Processing file /home/airflow/.local/lib/python3.12/site-packages/airflow/example_dags/example_kubernetes_executor.py for tasks to queue
[2024-10-12T20:46:26.057+0000] {logging_mixin.py:190} INFO - [2024-10-12T20:46:26.057+0000] {dagbag.py:588} INFO - Filling up the DagBag from /home/airflow/.local/lib/python3.12/site-packages/airflow/example_dags/example_kubernetes_executor.py
[2024-10-12T20:46:26.080+0000] {processor.py:925} INFO - DAG(s) 'example_kubernetes_executor' retrieved from /home/airflow/.local/lib/python3.12/site-packages/airflow/example_dags/example_kubernetes_executor.py
[2024-10-12T20:46:26.142+0000] {logging_mixin.py:190} INFO - [2024-10-12T20:46:26.141+0000] {dag.py:3239} INFO - Sync 1 DAGs
[2024-10-12T20:46:26.163+0000] {logging_mixin.py:190} INFO - [2024-10-12T20:46:26.162+0000] {dag.py:4180} INFO - Setting next_dagrun for example_kubernetes_executor to None, run_after=None
[2024-10-12T20:46:26.194+0000] {processor.py:208} INFO - Processing /home/airflow/.local/lib/python3.12/site-packages/airflow/example_dags/example_kubernetes_executor.py took 0.153 seconds
[2024-10-12T20:46:56.947+0000] {processor.py:186} INFO - Started process (PID=1464) to work on /home/airflow/.local/lib/python3.12/site-packages/airflow/example_dags/example_kubernetes_executor.py
[2024-10-12T20:46:56.949+0000] {processor.py:914} INFO - Processing file /home/airflow/.local/lib/python3.12/site-packages/airflow/example_dags/example_kubernetes_executor.py for tasks to queue
[2024-10-12T20:46:56.962+0000] {logging_mixin.py:190} INFO - [2024-10-12T20:46:56.961+0000] {dagbag.py:588} INFO - Filling up the DagBag from /home/airflow/.local/lib/python3.12/site-packages/airflow/example_dags/example_kubernetes_executor.py
[2024-10-12T20:46:56.987+0000] {processor.py:925} INFO - DAG(s) 'example_kubernetes_executor' retrieved from /home/airflow/.local/lib/python3.12/site-packages/airflow/example_dags/example_kubernetes_executor.py
[2024-10-12T20:46:57.044+0000] {logging_mixin.py:190} INFO - [2024-10-12T20:46:57.043+0000] {dag.py:3239} INFO - Sync 1 DAGs
[2024-10-12T20:46:57.070+0000] {logging_mixin.py:190} INFO - [2024-10-12T20:46:57.070+0000] {dag.py:4180} INFO - Setting next_dagrun for example_kubernetes_executor to None, run_after=None
[2024-10-12T20:46:57.108+0000] {processor.py:208} INFO - Processing /home/airflow/.local/lib/python3.12/site-packages/airflow/example_dags/example_kubernetes_executor.py took 0.177 seconds
[2024-10-12T20:47:27.417+0000] {processor.py:186} INFO - Started process (PID=1526) to work on /home/airflow/.local/lib/python3.12/site-packages/airflow/example_dags/example_kubernetes_executor.py
[2024-10-12T20:47:27.419+0000] {processor.py:914} INFO - Processing file /home/airflow/.local/lib/python3.12/site-packages/airflow/example_dags/example_kubernetes_executor.py for tasks to queue
[2024-10-12T20:47:27.424+0000] {logging_mixin.py:190} INFO - [2024-10-12T20:47:27.423+0000] {dagbag.py:588} INFO - Filling up the DagBag from /home/airflow/.local/lib/python3.12/site-packages/airflow/example_dags/example_kubernetes_executor.py
[2024-10-12T20:47:27.452+0000] {processor.py:925} INFO - DAG(s) 'example_kubernetes_executor' retrieved from /home/airflow/.local/lib/python3.12/site-packages/airflow/example_dags/example_kubernetes_executor.py
[2024-10-12T20:47:27.508+0000] {logging_mixin.py:190} INFO - [2024-10-12T20:47:27.508+0000] {dag.py:3239} INFO - Sync 1 DAGs
[2024-10-12T20:47:27.533+0000] {logging_mixin.py:190} INFO - [2024-10-12T20:47:27.533+0000] {dag.py:4180} INFO - Setting next_dagrun for example_kubernetes_executor to None, run_after=None
[2024-10-12T20:47:27.565+0000] {processor.py:208} INFO - Processing /home/airflow/.local/lib/python3.12/site-packages/airflow/example_dags/example_kubernetes_executor.py took 0.160 seconds
[2024-10-12T20:47:58.160+0000] {processor.py:186} INFO - Started process (PID=1588) to work on /home/airflow/.local/lib/python3.12/site-packages/airflow/example_dags/example_kubernetes_executor.py
[2024-10-12T20:47:58.162+0000] {processor.py:914} INFO - Processing file /home/airflow/.local/lib/python3.12/site-packages/airflow/example_dags/example_kubernetes_executor.py for tasks to queue
[2024-10-12T20:47:58.167+0000] {logging_mixin.py:190} INFO - [2024-10-12T20:47:58.166+0000] {dagbag.py:588} INFO - Filling up the DagBag from /home/airflow/.local/lib/python3.12/site-packages/airflow/example_dags/example_kubernetes_executor.py
[2024-10-12T20:47:58.192+0000] {processor.py:925} INFO - DAG(s) 'example_kubernetes_executor' retrieved from /home/airflow/.local/lib/python3.12/site-packages/airflow/example_dags/example_kubernetes_executor.py
[2024-10-12T20:47:58.254+0000] {logging_mixin.py:190} INFO - [2024-10-12T20:47:58.254+0000] {dag.py:3239} INFO - Sync 1 DAGs
[2024-10-12T20:47:58.275+0000] {logging_mixin.py:190} INFO - [2024-10-12T20:47:58.275+0000] {dag.py:4180} INFO - Setting next_dagrun for example_kubernetes_executor to None, run_after=None
[2024-10-12T20:47:58.312+0000] {processor.py:208} INFO - Processing /home/airflow/.local/lib/python3.12/site-packages/airflow/example_dags/example_kubernetes_executor.py took 0.165 seconds
[2024-10-12T20:48:29.245+0000] {processor.py:186} INFO - Started process (PID=1651) to work on /home/airflow/.local/lib/python3.12/site-packages/airflow/example_dags/example_kubernetes_executor.py
[2024-10-12T20:48:29.247+0000] {processor.py:914} INFO - Processing file /home/airflow/.local/lib/python3.12/site-packages/airflow/example_dags/example_kubernetes_executor.py for tasks to queue
[2024-10-12T20:48:29.251+0000] {logging_mixin.py:190} INFO - [2024-10-12T20:48:29.251+0000] {dagbag.py:588} INFO - Filling up the DagBag from /home/airflow/.local/lib/python3.12/site-packages/airflow/example_dags/example_kubernetes_executor.py
[2024-10-12T20:48:29.279+0000] {processor.py:925} INFO - DAG(s) 'example_kubernetes_executor' retrieved from /home/airflow/.local/lib/python3.12/site-packages/airflow/example_dags/example_kubernetes_executor.py
[2024-10-12T20:48:29.338+0000] {logging_mixin.py:190} INFO - [2024-10-12T20:48:29.338+0000] {dag.py:3239} INFO - Sync 1 DAGs
[2024-10-12T20:48:29.363+0000] {logging_mixin.py:190} INFO - [2024-10-12T20:48:29.363+0000] {dag.py:4180} INFO - Setting next_dagrun for example_kubernetes_executor to None, run_after=None
[2024-10-12T20:48:29.402+0000] {processor.py:208} INFO - Processing /home/airflow/.local/lib/python3.12/site-packages/airflow/example_dags/example_kubernetes_executor.py took 0.167 seconds
[2024-10-12T20:48:59.456+0000] {processor.py:186} INFO - Started process (PID=1712) to work on /home/airflow/.local/lib/python3.12/site-packages/airflow/example_dags/example_kubernetes_executor.py
[2024-10-12T20:48:59.458+0000] {processor.py:914} INFO - Processing file /home/airflow/.local/lib/python3.12/site-packages/airflow/example_dags/example_kubernetes_executor.py for tasks to queue
[2024-10-12T20:48:59.462+0000] {logging_mixin.py:190} INFO - [2024-10-12T20:48:59.461+0000] {dagbag.py:588} INFO - Filling up the DagBag from /home/airflow/.local/lib/python3.12/site-packages/airflow/example_dags/example_kubernetes_executor.py
[2024-10-12T20:48:59.482+0000] {processor.py:925} INFO - DAG(s) 'example_kubernetes_executor' retrieved from /home/airflow/.local/lib/python3.12/site-packages/airflow/example_dags/example_kubernetes_executor.py
[2024-10-12T20:48:59.535+0000] {logging_mixin.py:190} INFO - [2024-10-12T20:48:59.535+0000] {dag.py:3239} INFO - Sync 1 DAGs
[2024-10-12T20:48:59.555+0000] {logging_mixin.py:190} INFO - [2024-10-12T20:48:59.555+0000] {dag.py:4180} INFO - Setting next_dagrun for example_kubernetes_executor to None, run_after=None
[2024-10-12T20:48:59.588+0000] {processor.py:208} INFO - Processing /home/airflow/.local/lib/python3.12/site-packages/airflow/example_dags/example_kubernetes_executor.py took 0.141 seconds
[2024-10-12T20:49:29.972+0000] {processor.py:186} INFO - Started process (PID=1774) to work on /home/airflow/.local/lib/python3.12/site-packages/airflow/example_dags/example_kubernetes_executor.py
[2024-10-12T20:49:29.975+0000] {processor.py:914} INFO - Processing file /home/airflow/.local/lib/python3.12/site-packages/airflow/example_dags/example_kubernetes_executor.py for tasks to queue
[2024-10-12T20:49:29.979+0000] {logging_mixin.py:190} INFO - [2024-10-12T20:49:29.978+0000] {dagbag.py:588} INFO - Filling up the DagBag from /home/airflow/.local/lib/python3.12/site-packages/airflow/example_dags/example_kubernetes_executor.py
[2024-10-12T20:49:30.012+0000] {processor.py:925} INFO - DAG(s) 'example_kubernetes_executor' retrieved from /home/airflow/.local/lib/python3.12/site-packages/airflow/example_dags/example_kubernetes_executor.py
[2024-10-12T20:49:30.089+0000] {logging_mixin.py:190} INFO - [2024-10-12T20:49:30.088+0000] {dag.py:3239} INFO - Sync 1 DAGs
[2024-10-12T20:49:30.129+0000] {logging_mixin.py:190} INFO - [2024-10-12T20:49:30.128+0000] {dag.py:4180} INFO - Setting next_dagrun for example_kubernetes_executor to None, run_after=None
[2024-10-12T20:49:30.171+0000] {processor.py:208} INFO - Processing /home/airflow/.local/lib/python3.12/site-packages/airflow/example_dags/example_kubernetes_executor.py took 0.214 seconds
[2024-10-12T20:50:00.330+0000] {processor.py:186} INFO - Started process (PID=1836) to work on /home/airflow/.local/lib/python3.12/site-packages/airflow/example_dags/example_kubernetes_executor.py
[2024-10-12T20:50:00.333+0000] {processor.py:914} INFO - Processing file /home/airflow/.local/lib/python3.12/site-packages/airflow/example_dags/example_kubernetes_executor.py for tasks to queue
[2024-10-12T20:50:00.340+0000] {logging_mixin.py:190} INFO - [2024-10-12T20:50:00.339+0000] {dagbag.py:588} INFO - Filling up the DagBag from /home/airflow/.local/lib/python3.12/site-packages/airflow/example_dags/example_kubernetes_executor.py
[2024-10-12T20:50:00.370+0000] {processor.py:925} INFO - DAG(s) 'example_kubernetes_executor' retrieved from /home/airflow/.local/lib/python3.12/site-packages/airflow/example_dags/example_kubernetes_executor.py
[2024-10-12T20:50:00.453+0000] {logging_mixin.py:190} INFO - [2024-10-12T20:50:00.452+0000] {dag.py:3239} INFO - Sync 1 DAGs
[2024-10-12T20:50:00.484+0000] {logging_mixin.py:190} INFO - [2024-10-12T20:50:00.483+0000] {dag.py:4180} INFO - Setting next_dagrun for example_kubernetes_executor to None, run_after=None
[2024-10-12T20:50:00.517+0000] {processor.py:208} INFO - Processing /home/airflow/.local/lib/python3.12/site-packages/airflow/example_dags/example_kubernetes_executor.py took 0.201 seconds
