[2024-10-12T20:35:40.424+0000] {processor.py:186} INFO - Started process (PID=115) to work on /home/airflow/.local/lib/python3.12/site-packages/airflow/example_dags/example_short_circuit_operator.py
[2024-10-12T20:35:40.425+0000] {processor.py:914} INFO - Processing file /home/airflow/.local/lib/python3.12/site-packages/airflow/example_dags/example_short_circuit_operator.py for tasks to queue
[2024-10-12T20:35:40.429+0000] {logging_mixin.py:190} INFO - [2024-10-12T20:35:40.429+0000] {dagbag.py:588} INFO - Filling up the DagBag from /home/airflow/.local/lib/python3.12/site-packages/airflow/example_dags/example_short_circuit_operator.py
[2024-10-12T20:35:40.443+0000] {processor.py:925} INFO - DAG(s) 'example_short_circuit_operator' retrieved from /home/airflow/.local/lib/python3.12/site-packages/airflow/example_dags/example_short_circuit_operator.py
[2024-10-12T20:35:40.612+0000] {logging_mixin.py:190} INFO - [2024-10-12T20:35:40.611+0000] {override.py:1900} INFO - Created Permission View: can delete on DAG:example_short_circuit_operator
[2024-10-12T20:35:40.628+0000] {logging_mixin.py:190} INFO - [2024-10-12T20:35:40.628+0000] {override.py:1900} INFO - Created Permission View: can edit on DAG:example_short_circuit_operator
[2024-10-12T20:35:40.642+0000] {logging_mixin.py:190} INFO - [2024-10-12T20:35:40.641+0000] {override.py:1900} INFO - Created Permission View: can read on DAG:example_short_circuit_operator
[2024-10-12T20:35:40.653+0000] {logging_mixin.py:190} INFO - [2024-10-12T20:35:40.653+0000] {override.py:1900} INFO - Created Permission View: can delete on DAG Run:example_short_circuit_operator
[2024-10-12T20:35:40.662+0000] {logging_mixin.py:190} INFO - [2024-10-12T20:35:40.662+0000] {override.py:1900} INFO - Created Permission View: can create on DAG Run:example_short_circuit_operator
[2024-10-12T20:35:40.674+0000] {logging_mixin.py:190} INFO - [2024-10-12T20:35:40.673+0000] {override.py:1900} INFO - Created Permission View: menu access on DAG Run:example_short_circuit_operator
[2024-10-12T20:35:40.684+0000] {logging_mixin.py:190} INFO - [2024-10-12T20:35:40.683+0000] {override.py:1900} INFO - Created Permission View: can read on DAG Run:example_short_circuit_operator
[2024-10-12T20:35:40.685+0000] {logging_mixin.py:190} INFO - [2024-10-12T20:35:40.684+0000] {dag.py:3239} INFO - Sync 1 DAGs
[2024-10-12T20:35:40.712+0000] {logging_mixin.py:190} INFO - [2024-10-12T20:35:40.711+0000] {dag.py:3262} INFO - Creating ORM DAG for example_short_circuit_operator
[2024-10-12T20:35:40.713+0000] {logging_mixin.py:190} INFO - [2024-10-12T20:35:40.713+0000] {dag.py:4180} INFO - Setting next_dagrun for example_short_circuit_operator to None, run_after=None
[2024-10-12T20:35:40.740+0000] {processor.py:208} INFO - Processing /home/airflow/.local/lib/python3.12/site-packages/airflow/example_dags/example_short_circuit_operator.py took 0.324 seconds
[2024-10-12T20:36:11.576+0000] {processor.py:186} INFO - Started process (PID=177) to work on /home/airflow/.local/lib/python3.12/site-packages/airflow/example_dags/example_short_circuit_operator.py
[2024-10-12T20:36:11.578+0000] {processor.py:914} INFO - Processing file /home/airflow/.local/lib/python3.12/site-packages/airflow/example_dags/example_short_circuit_operator.py for tasks to queue
[2024-10-12T20:36:11.582+0000] {logging_mixin.py:190} INFO - [2024-10-12T20:36:11.581+0000] {dagbag.py:588} INFO - Filling up the DagBag from /home/airflow/.local/lib/python3.12/site-packages/airflow/example_dags/example_short_circuit_operator.py
[2024-10-12T20:36:11.593+0000] {processor.py:925} INFO - DAG(s) 'example_short_circuit_operator' retrieved from /home/airflow/.local/lib/python3.12/site-packages/airflow/example_dags/example_short_circuit_operator.py
[2024-10-12T20:36:11.642+0000] {logging_mixin.py:190} INFO - [2024-10-12T20:36:11.641+0000] {dag.py:3239} INFO - Sync 1 DAGs
[2024-10-12T20:36:11.668+0000] {logging_mixin.py:190} INFO - [2024-10-12T20:36:11.667+0000] {dag.py:4180} INFO - Setting next_dagrun for example_short_circuit_operator to None, run_after=None
[2024-10-12T20:36:11.711+0000] {processor.py:208} INFO - Processing /home/airflow/.local/lib/python3.12/site-packages/airflow/example_dags/example_short_circuit_operator.py took 0.145 seconds
[2024-10-12T20:36:41.993+0000] {processor.py:186} INFO - Started process (PID=239) to work on /home/airflow/.local/lib/python3.12/site-packages/airflow/example_dags/example_short_circuit_operator.py
[2024-10-12T20:36:41.996+0000] {processor.py:914} INFO - Processing file /home/airflow/.local/lib/python3.12/site-packages/airflow/example_dags/example_short_circuit_operator.py for tasks to queue
[2024-10-12T20:36:42.000+0000] {logging_mixin.py:190} INFO - [2024-10-12T20:36:42.000+0000] {dagbag.py:588} INFO - Filling up the DagBag from /home/airflow/.local/lib/python3.12/site-packages/airflow/example_dags/example_short_circuit_operator.py
[2024-10-12T20:36:42.016+0000] {processor.py:925} INFO - DAG(s) 'example_short_circuit_operator' retrieved from /home/airflow/.local/lib/python3.12/site-packages/airflow/example_dags/example_short_circuit_operator.py
[2024-10-12T20:36:42.054+0000] {logging_mixin.py:190} INFO - [2024-10-12T20:36:42.054+0000] {dag.py:3239} INFO - Sync 1 DAGs
[2024-10-12T20:36:42.080+0000] {logging_mixin.py:190} INFO - [2024-10-12T20:36:42.079+0000] {dag.py:4180} INFO - Setting next_dagrun for example_short_circuit_operator to None, run_after=None
[2024-10-12T20:36:42.124+0000] {processor.py:208} INFO - Processing /home/airflow/.local/lib/python3.12/site-packages/airflow/example_dags/example_short_circuit_operator.py took 0.143 seconds
[2024-10-12T20:37:12.337+0000] {processor.py:186} INFO - Started process (PID=301) to work on /home/airflow/.local/lib/python3.12/site-packages/airflow/example_dags/example_short_circuit_operator.py
[2024-10-12T20:37:12.339+0000] {processor.py:914} INFO - Processing file /home/airflow/.local/lib/python3.12/site-packages/airflow/example_dags/example_short_circuit_operator.py for tasks to queue
[2024-10-12T20:37:12.344+0000] {logging_mixin.py:190} INFO - [2024-10-12T20:37:12.343+0000] {dagbag.py:588} INFO - Filling up the DagBag from /home/airflow/.local/lib/python3.12/site-packages/airflow/example_dags/example_short_circuit_operator.py
[2024-10-12T20:37:12.358+0000] {processor.py:925} INFO - DAG(s) 'example_short_circuit_operator' retrieved from /home/airflow/.local/lib/python3.12/site-packages/airflow/example_dags/example_short_circuit_operator.py
[2024-10-12T20:37:12.396+0000] {logging_mixin.py:190} INFO - [2024-10-12T20:37:12.396+0000] {dag.py:3239} INFO - Sync 1 DAGs
[2024-10-12T20:37:12.421+0000] {logging_mixin.py:190} INFO - [2024-10-12T20:37:12.421+0000] {dag.py:4180} INFO - Setting next_dagrun for example_short_circuit_operator to None, run_after=None
[2024-10-12T20:37:12.486+0000] {processor.py:208} INFO - Processing /home/airflow/.local/lib/python3.12/site-packages/airflow/example_dags/example_short_circuit_operator.py took 0.161 seconds
[2024-10-12T20:37:43.595+0000] {processor.py:186} INFO - Started process (PID=363) to work on /home/airflow/.local/lib/python3.12/site-packages/airflow/example_dags/example_short_circuit_operator.py
[2024-10-12T20:37:43.597+0000] {processor.py:914} INFO - Processing file /home/airflow/.local/lib/python3.12/site-packages/airflow/example_dags/example_short_circuit_operator.py for tasks to queue
[2024-10-12T20:37:43.601+0000] {logging_mixin.py:190} INFO - [2024-10-12T20:37:43.601+0000] {dagbag.py:588} INFO - Filling up the DagBag from /home/airflow/.local/lib/python3.12/site-packages/airflow/example_dags/example_short_circuit_operator.py
[2024-10-12T20:37:43.616+0000] {processor.py:925} INFO - DAG(s) 'example_short_circuit_operator' retrieved from /home/airflow/.local/lib/python3.12/site-packages/airflow/example_dags/example_short_circuit_operator.py
[2024-10-12T20:37:43.656+0000] {logging_mixin.py:190} INFO - [2024-10-12T20:37:43.656+0000] {dag.py:3239} INFO - Sync 1 DAGs
[2024-10-12T20:37:43.681+0000] {logging_mixin.py:190} INFO - [2024-10-12T20:37:43.680+0000] {dag.py:4180} INFO - Setting next_dagrun for example_short_circuit_operator to None, run_after=None
[2024-10-12T20:37:43.722+0000] {processor.py:208} INFO - Processing /home/airflow/.local/lib/python3.12/site-packages/airflow/example_dags/example_short_circuit_operator.py took 0.139 seconds
[2024-10-12T20:38:15.124+0000] {processor.py:186} INFO - Started process (PID=425) to work on /home/airflow/.local/lib/python3.12/site-packages/airflow/example_dags/example_short_circuit_operator.py
[2024-10-12T20:38:15.126+0000] {processor.py:914} INFO - Processing file /home/airflow/.local/lib/python3.12/site-packages/airflow/example_dags/example_short_circuit_operator.py for tasks to queue
[2024-10-12T20:38:15.131+0000] {logging_mixin.py:190} INFO - [2024-10-12T20:38:15.131+0000] {dagbag.py:588} INFO - Filling up the DagBag from /home/airflow/.local/lib/python3.12/site-packages/airflow/example_dags/example_short_circuit_operator.py
[2024-10-12T20:38:15.149+0000] {processor.py:925} INFO - DAG(s) 'example_short_circuit_operator' retrieved from /home/airflow/.local/lib/python3.12/site-packages/airflow/example_dags/example_short_circuit_operator.py
[2024-10-12T20:38:15.195+0000] {logging_mixin.py:190} INFO - [2024-10-12T20:38:15.194+0000] {dag.py:3239} INFO - Sync 1 DAGs
[2024-10-12T20:38:15.227+0000] {logging_mixin.py:190} INFO - [2024-10-12T20:38:15.226+0000] {dag.py:4180} INFO - Setting next_dagrun for example_short_circuit_operator to None, run_after=None
[2024-10-12T20:38:15.272+0000] {processor.py:208} INFO - Processing /home/airflow/.local/lib/python3.12/site-packages/airflow/example_dags/example_short_circuit_operator.py took 0.159 seconds
[2024-10-12T20:38:45.363+0000] {processor.py:186} INFO - Started process (PID=487) to work on /home/airflow/.local/lib/python3.12/site-packages/airflow/example_dags/example_short_circuit_operator.py
[2024-10-12T20:38:45.364+0000] {processor.py:914} INFO - Processing file /home/airflow/.local/lib/python3.12/site-packages/airflow/example_dags/example_short_circuit_operator.py for tasks to queue
[2024-10-12T20:38:45.368+0000] {logging_mixin.py:190} INFO - [2024-10-12T20:38:45.367+0000] {dagbag.py:588} INFO - Filling up the DagBag from /home/airflow/.local/lib/python3.12/site-packages/airflow/example_dags/example_short_circuit_operator.py
[2024-10-12T20:38:45.381+0000] {processor.py:925} INFO - DAG(s) 'example_short_circuit_operator' retrieved from /home/airflow/.local/lib/python3.12/site-packages/airflow/example_dags/example_short_circuit_operator.py
[2024-10-12T20:38:45.418+0000] {logging_mixin.py:190} INFO - [2024-10-12T20:38:45.418+0000] {dag.py:3239} INFO - Sync 1 DAGs
[2024-10-12T20:38:45.443+0000] {logging_mixin.py:190} INFO - [2024-10-12T20:38:45.442+0000] {dag.py:4180} INFO - Setting next_dagrun for example_short_circuit_operator to None, run_after=None
[2024-10-12T20:38:45.475+0000] {processor.py:208} INFO - Processing /home/airflow/.local/lib/python3.12/site-packages/airflow/example_dags/example_short_circuit_operator.py took 0.123 seconds
[2024-10-12T20:39:15.589+0000] {processor.py:186} INFO - Started process (PID=549) to work on /home/airflow/.local/lib/python3.12/site-packages/airflow/example_dags/example_short_circuit_operator.py
[2024-10-12T20:39:15.591+0000] {processor.py:914} INFO - Processing file /home/airflow/.local/lib/python3.12/site-packages/airflow/example_dags/example_short_circuit_operator.py for tasks to queue
[2024-10-12T20:39:15.595+0000] {logging_mixin.py:190} INFO - [2024-10-12T20:39:15.595+0000] {dagbag.py:588} INFO - Filling up the DagBag from /home/airflow/.local/lib/python3.12/site-packages/airflow/example_dags/example_short_circuit_operator.py
[2024-10-12T20:39:15.607+0000] {processor.py:925} INFO - DAG(s) 'example_short_circuit_operator' retrieved from /home/airflow/.local/lib/python3.12/site-packages/airflow/example_dags/example_short_circuit_operator.py
[2024-10-12T20:39:15.638+0000] {logging_mixin.py:190} INFO - [2024-10-12T20:39:15.638+0000] {dag.py:3239} INFO - Sync 1 DAGs
[2024-10-12T20:39:15.659+0000] {logging_mixin.py:190} INFO - [2024-10-12T20:39:15.659+0000] {dag.py:4180} INFO - Setting next_dagrun for example_short_circuit_operator to None, run_after=None
[2024-10-12T20:39:15.686+0000] {processor.py:208} INFO - Processing /home/airflow/.local/lib/python3.12/site-packages/airflow/example_dags/example_short_circuit_operator.py took 0.107 seconds
[2024-10-12T20:39:46.742+0000] {processor.py:186} INFO - Started process (PID=611) to work on /home/airflow/.local/lib/python3.12/site-packages/airflow/example_dags/example_short_circuit_operator.py
[2024-10-12T20:39:46.743+0000] {processor.py:914} INFO - Processing file /home/airflow/.local/lib/python3.12/site-packages/airflow/example_dags/example_short_circuit_operator.py for tasks to queue
[2024-10-12T20:39:46.746+0000] {logging_mixin.py:190} INFO - [2024-10-12T20:39:46.746+0000] {dagbag.py:588} INFO - Filling up the DagBag from /home/airflow/.local/lib/python3.12/site-packages/airflow/example_dags/example_short_circuit_operator.py
[2024-10-12T20:39:46.756+0000] {processor.py:925} INFO - DAG(s) 'example_short_circuit_operator' retrieved from /home/airflow/.local/lib/python3.12/site-packages/airflow/example_dags/example_short_circuit_operator.py
[2024-10-12T20:39:46.787+0000] {logging_mixin.py:190} INFO - [2024-10-12T20:39:46.787+0000] {dag.py:3239} INFO - Sync 1 DAGs
[2024-10-12T20:39:46.806+0000] {logging_mixin.py:190} INFO - [2024-10-12T20:39:46.806+0000] {dag.py:4180} INFO - Setting next_dagrun for example_short_circuit_operator to None, run_after=None
[2024-10-12T20:39:46.829+0000] {processor.py:208} INFO - Processing /home/airflow/.local/lib/python3.12/site-packages/airflow/example_dags/example_short_circuit_operator.py took 0.096 seconds
[2024-10-12T20:40:17.653+0000] {processor.py:186} INFO - Started process (PID=672) to work on /home/airflow/.local/lib/python3.12/site-packages/airflow/example_dags/example_short_circuit_operator.py
[2024-10-12T20:40:17.655+0000] {processor.py:914} INFO - Processing file /home/airflow/.local/lib/python3.12/site-packages/airflow/example_dags/example_short_circuit_operator.py for tasks to queue
[2024-10-12T20:40:17.663+0000] {logging_mixin.py:190} INFO - [2024-10-12T20:40:17.659+0000] {dagbag.py:588} INFO - Filling up the DagBag from /home/airflow/.local/lib/python3.12/site-packages/airflow/example_dags/example_short_circuit_operator.py
[2024-10-12T20:40:17.698+0000] {processor.py:925} INFO - DAG(s) 'example_short_circuit_operator' retrieved from /home/airflow/.local/lib/python3.12/site-packages/airflow/example_dags/example_short_circuit_operator.py
[2024-10-12T20:40:17.746+0000] {logging_mixin.py:190} INFO - [2024-10-12T20:40:17.745+0000] {dag.py:3239} INFO - Sync 1 DAGs
[2024-10-12T20:40:17.771+0000] {logging_mixin.py:190} INFO - [2024-10-12T20:40:17.770+0000] {dag.py:4180} INFO - Setting next_dagrun for example_short_circuit_operator to None, run_after=None
[2024-10-12T20:40:17.805+0000] {processor.py:208} INFO - Processing /home/airflow/.local/lib/python3.12/site-packages/airflow/example_dags/example_short_circuit_operator.py took 0.164 seconds
[2024-10-12T20:40:48.155+0000] {processor.py:186} INFO - Started process (PID=734) to work on /home/airflow/.local/lib/python3.12/site-packages/airflow/example_dags/example_short_circuit_operator.py
[2024-10-12T20:40:48.157+0000] {processor.py:914} INFO - Processing file /home/airflow/.local/lib/python3.12/site-packages/airflow/example_dags/example_short_circuit_operator.py for tasks to queue
[2024-10-12T20:40:48.162+0000] {logging_mixin.py:190} INFO - [2024-10-12T20:40:48.162+0000] {dagbag.py:588} INFO - Filling up the DagBag from /home/airflow/.local/lib/python3.12/site-packages/airflow/example_dags/example_short_circuit_operator.py
[2024-10-12T20:40:48.177+0000] {processor.py:925} INFO - DAG(s) 'example_short_circuit_operator' retrieved from /home/airflow/.local/lib/python3.12/site-packages/airflow/example_dags/example_short_circuit_operator.py
[2024-10-12T20:40:48.213+0000] {logging_mixin.py:190} INFO - [2024-10-12T20:40:48.213+0000] {dag.py:3239} INFO - Sync 1 DAGs
[2024-10-12T20:40:48.236+0000] {logging_mixin.py:190} INFO - [2024-10-12T20:40:48.236+0000] {dag.py:4180} INFO - Setting next_dagrun for example_short_circuit_operator to None, run_after=None
[2024-10-12T20:40:48.275+0000] {processor.py:208} INFO - Processing /home/airflow/.local/lib/python3.12/site-packages/airflow/example_dags/example_short_circuit_operator.py took 0.133 seconds
[2024-10-12T20:41:19.294+0000] {processor.py:186} INFO - Started process (PID=796) to work on /home/airflow/.local/lib/python3.12/site-packages/airflow/example_dags/example_short_circuit_operator.py
[2024-10-12T20:41:19.298+0000] {processor.py:914} INFO - Processing file /home/airflow/.local/lib/python3.12/site-packages/airflow/example_dags/example_short_circuit_operator.py for tasks to queue
[2024-10-12T20:41:19.305+0000] {logging_mixin.py:190} INFO - [2024-10-12T20:41:19.304+0000] {dagbag.py:588} INFO - Filling up the DagBag from /home/airflow/.local/lib/python3.12/site-packages/airflow/example_dags/example_short_circuit_operator.py
[2024-10-12T20:41:19.330+0000] {processor.py:925} INFO - DAG(s) 'example_short_circuit_operator' retrieved from /home/airflow/.local/lib/python3.12/site-packages/airflow/example_dags/example_short_circuit_operator.py
[2024-10-12T20:41:19.380+0000] {logging_mixin.py:190} INFO - [2024-10-12T20:41:19.380+0000] {dag.py:3239} INFO - Sync 1 DAGs
[2024-10-12T20:41:19.418+0000] {logging_mixin.py:190} INFO - [2024-10-12T20:41:19.417+0000] {dag.py:4180} INFO - Setting next_dagrun for example_short_circuit_operator to None, run_after=None
[2024-10-12T20:41:19.462+0000] {processor.py:208} INFO - Processing /home/airflow/.local/lib/python3.12/site-packages/airflow/example_dags/example_short_circuit_operator.py took 0.185 seconds
[2024-10-12T20:41:50.258+0000] {processor.py:186} INFO - Started process (PID=858) to work on /home/airflow/.local/lib/python3.12/site-packages/airflow/example_dags/example_short_circuit_operator.py
[2024-10-12T20:41:50.260+0000] {processor.py:914} INFO - Processing file /home/airflow/.local/lib/python3.12/site-packages/airflow/example_dags/example_short_circuit_operator.py for tasks to queue
[2024-10-12T20:41:50.265+0000] {logging_mixin.py:190} INFO - [2024-10-12T20:41:50.264+0000] {dagbag.py:588} INFO - Filling up the DagBag from /home/airflow/.local/lib/python3.12/site-packages/airflow/example_dags/example_short_circuit_operator.py
[2024-10-12T20:41:50.282+0000] {processor.py:925} INFO - DAG(s) 'example_short_circuit_operator' retrieved from /home/airflow/.local/lib/python3.12/site-packages/airflow/example_dags/example_short_circuit_operator.py
[2024-10-12T20:41:50.328+0000] {logging_mixin.py:190} INFO - [2024-10-12T20:41:50.327+0000] {dag.py:3239} INFO - Sync 1 DAGs
[2024-10-12T20:41:50.361+0000] {logging_mixin.py:190} INFO - [2024-10-12T20:41:50.361+0000] {dag.py:4180} INFO - Setting next_dagrun for example_short_circuit_operator to None, run_after=None
[2024-10-12T20:41:50.397+0000] {processor.py:208} INFO - Processing /home/airflow/.local/lib/python3.12/site-packages/airflow/example_dags/example_short_circuit_operator.py took 0.151 seconds
[2024-10-12T20:42:20.485+0000] {processor.py:186} INFO - Started process (PID=920) to work on /home/airflow/.local/lib/python3.12/site-packages/airflow/example_dags/example_short_circuit_operator.py
[2024-10-12T20:42:20.487+0000] {processor.py:914} INFO - Processing file /home/airflow/.local/lib/python3.12/site-packages/airflow/example_dags/example_short_circuit_operator.py for tasks to queue
[2024-10-12T20:42:20.492+0000] {logging_mixin.py:190} INFO - [2024-10-12T20:42:20.491+0000] {dagbag.py:588} INFO - Filling up the DagBag from /home/airflow/.local/lib/python3.12/site-packages/airflow/example_dags/example_short_circuit_operator.py
[2024-10-12T20:42:20.511+0000] {processor.py:925} INFO - DAG(s) 'example_short_circuit_operator' retrieved from /home/airflow/.local/lib/python3.12/site-packages/airflow/example_dags/example_short_circuit_operator.py
[2024-10-12T20:42:20.548+0000] {logging_mixin.py:190} INFO - [2024-10-12T20:42:20.547+0000] {dag.py:3239} INFO - Sync 1 DAGs
[2024-10-12T20:42:20.569+0000] {logging_mixin.py:190} INFO - [2024-10-12T20:42:20.569+0000] {dag.py:4180} INFO - Setting next_dagrun for example_short_circuit_operator to None, run_after=None
[2024-10-12T20:42:20.605+0000] {processor.py:208} INFO - Processing /home/airflow/.local/lib/python3.12/site-packages/airflow/example_dags/example_short_circuit_operator.py took 0.131 seconds
[2024-10-12T20:42:51.916+0000] {processor.py:186} INFO - Started process (PID=982) to work on /home/airflow/.local/lib/python3.12/site-packages/airflow/example_dags/example_short_circuit_operator.py
[2024-10-12T20:42:51.918+0000] {processor.py:914} INFO - Processing file /home/airflow/.local/lib/python3.12/site-packages/airflow/example_dags/example_short_circuit_operator.py for tasks to queue
[2024-10-12T20:42:51.923+0000] {logging_mixin.py:190} INFO - [2024-10-12T20:42:51.922+0000] {dagbag.py:588} INFO - Filling up the DagBag from /home/airflow/.local/lib/python3.12/site-packages/airflow/example_dags/example_short_circuit_operator.py
[2024-10-12T20:42:51.945+0000] {processor.py:925} INFO - DAG(s) 'example_short_circuit_operator' retrieved from /home/airflow/.local/lib/python3.12/site-packages/airflow/example_dags/example_short_circuit_operator.py
[2024-10-12T20:42:51.981+0000] {logging_mixin.py:190} INFO - [2024-10-12T20:42:51.980+0000] {dag.py:3239} INFO - Sync 1 DAGs
[2024-10-12T20:42:52.006+0000] {logging_mixin.py:190} INFO - [2024-10-12T20:42:52.005+0000] {dag.py:4180} INFO - Setting next_dagrun for example_short_circuit_operator to None, run_after=None
[2024-10-12T20:42:52.043+0000] {processor.py:208} INFO - Processing /home/airflow/.local/lib/python3.12/site-packages/airflow/example_dags/example_short_circuit_operator.py took 0.138 seconds
[2024-10-12T20:43:22.425+0000] {processor.py:186} INFO - Started process (PID=1044) to work on /home/airflow/.local/lib/python3.12/site-packages/airflow/example_dags/example_short_circuit_operator.py
[2024-10-12T20:43:22.428+0000] {processor.py:914} INFO - Processing file /home/airflow/.local/lib/python3.12/site-packages/airflow/example_dags/example_short_circuit_operator.py for tasks to queue
[2024-10-12T20:43:22.432+0000] {logging_mixin.py:190} INFO - [2024-10-12T20:43:22.432+0000] {dagbag.py:588} INFO - Filling up the DagBag from /home/airflow/.local/lib/python3.12/site-packages/airflow/example_dags/example_short_circuit_operator.py
[2024-10-12T20:43:22.447+0000] {processor.py:925} INFO - DAG(s) 'example_short_circuit_operator' retrieved from /home/airflow/.local/lib/python3.12/site-packages/airflow/example_dags/example_short_circuit_operator.py
[2024-10-12T20:43:22.486+0000] {logging_mixin.py:190} INFO - [2024-10-12T20:43:22.486+0000] {dag.py:3239} INFO - Sync 1 DAGs
[2024-10-12T20:43:22.512+0000] {logging_mixin.py:190} INFO - [2024-10-12T20:43:22.512+0000] {dag.py:4180} INFO - Setting next_dagrun for example_short_circuit_operator to None, run_after=None
[2024-10-12T20:43:22.544+0000] {processor.py:208} INFO - Processing /home/airflow/.local/lib/python3.12/site-packages/airflow/example_dags/example_short_circuit_operator.py took 0.129 seconds
[2024-10-12T20:43:53.104+0000] {processor.py:186} INFO - Started process (PID=1105) to work on /home/airflow/.local/lib/python3.12/site-packages/airflow/example_dags/example_short_circuit_operator.py
[2024-10-12T20:43:53.106+0000] {processor.py:914} INFO - Processing file /home/airflow/.local/lib/python3.12/site-packages/airflow/example_dags/example_short_circuit_operator.py for tasks to queue
[2024-10-12T20:43:53.111+0000] {logging_mixin.py:190} INFO - [2024-10-12T20:43:53.110+0000] {dagbag.py:588} INFO - Filling up the DagBag from /home/airflow/.local/lib/python3.12/site-packages/airflow/example_dags/example_short_circuit_operator.py
[2024-10-12T20:43:53.127+0000] {processor.py:925} INFO - DAG(s) 'example_short_circuit_operator' retrieved from /home/airflow/.local/lib/python3.12/site-packages/airflow/example_dags/example_short_circuit_operator.py
[2024-10-12T20:43:53.165+0000] {logging_mixin.py:190} INFO - [2024-10-12T20:43:53.164+0000] {dag.py:3239} INFO - Sync 1 DAGs
[2024-10-12T20:43:53.189+0000] {logging_mixin.py:190} INFO - [2024-10-12T20:43:53.188+0000] {dag.py:4180} INFO - Setting next_dagrun for example_short_circuit_operator to None, run_after=None
[2024-10-12T20:43:53.217+0000] {processor.py:208} INFO - Processing /home/airflow/.local/lib/python3.12/site-packages/airflow/example_dags/example_short_circuit_operator.py took 0.123 seconds
[2024-10-12T20:44:23.819+0000] {processor.py:186} INFO - Started process (PID=1167) to work on /home/airflow/.local/lib/python3.12/site-packages/airflow/example_dags/example_short_circuit_operator.py
[2024-10-12T20:44:23.821+0000] {processor.py:914} INFO - Processing file /home/airflow/.local/lib/python3.12/site-packages/airflow/example_dags/example_short_circuit_operator.py for tasks to queue
[2024-10-12T20:44:23.826+0000] {logging_mixin.py:190} INFO - [2024-10-12T20:44:23.825+0000] {dagbag.py:588} INFO - Filling up the DagBag from /home/airflow/.local/lib/python3.12/site-packages/airflow/example_dags/example_short_circuit_operator.py
[2024-10-12T20:44:23.847+0000] {processor.py:925} INFO - DAG(s) 'example_short_circuit_operator' retrieved from /home/airflow/.local/lib/python3.12/site-packages/airflow/example_dags/example_short_circuit_operator.py
[2024-10-12T20:44:23.881+0000] {logging_mixin.py:190} INFO - [2024-10-12T20:44:23.880+0000] {dag.py:3239} INFO - Sync 1 DAGs
[2024-10-12T20:44:23.925+0000] {logging_mixin.py:190} INFO - [2024-10-12T20:44:23.925+0000] {dag.py:4180} INFO - Setting next_dagrun for example_short_circuit_operator to None, run_after=None
[2024-10-12T20:44:23.964+0000] {processor.py:208} INFO - Processing /home/airflow/.local/lib/python3.12/site-packages/airflow/example_dags/example_short_circuit_operator.py took 0.157 seconds
[2024-10-12T20:44:54.663+0000] {processor.py:186} INFO - Started process (PID=1229) to work on /home/airflow/.local/lib/python3.12/site-packages/airflow/example_dags/example_short_circuit_operator.py
[2024-10-12T20:44:54.665+0000] {processor.py:914} INFO - Processing file /home/airflow/.local/lib/python3.12/site-packages/airflow/example_dags/example_short_circuit_operator.py for tasks to queue
[2024-10-12T20:44:54.669+0000] {logging_mixin.py:190} INFO - [2024-10-12T20:44:54.668+0000] {dagbag.py:588} INFO - Filling up the DagBag from /home/airflow/.local/lib/python3.12/site-packages/airflow/example_dags/example_short_circuit_operator.py
[2024-10-12T20:44:54.683+0000] {processor.py:925} INFO - DAG(s) 'example_short_circuit_operator' retrieved from /home/airflow/.local/lib/python3.12/site-packages/airflow/example_dags/example_short_circuit_operator.py
[2024-10-12T20:44:54.715+0000] {logging_mixin.py:190} INFO - [2024-10-12T20:44:54.715+0000] {dag.py:3239} INFO - Sync 1 DAGs
[2024-10-12T20:44:54.737+0000] {logging_mixin.py:190} INFO - [2024-10-12T20:44:54.737+0000] {dag.py:4180} INFO - Setting next_dagrun for example_short_circuit_operator to None, run_after=None
[2024-10-12T20:44:54.768+0000] {processor.py:208} INFO - Processing /home/airflow/.local/lib/python3.12/site-packages/airflow/example_dags/example_short_circuit_operator.py took 0.114 seconds
[2024-10-12T20:45:25.388+0000] {processor.py:186} INFO - Started process (PID=1291) to work on /home/airflow/.local/lib/python3.12/site-packages/airflow/example_dags/example_short_circuit_operator.py
[2024-10-12T20:45:25.389+0000] {processor.py:914} INFO - Processing file /home/airflow/.local/lib/python3.12/site-packages/airflow/example_dags/example_short_circuit_operator.py for tasks to queue
[2024-10-12T20:45:25.393+0000] {logging_mixin.py:190} INFO - [2024-10-12T20:45:25.392+0000] {dagbag.py:588} INFO - Filling up the DagBag from /home/airflow/.local/lib/python3.12/site-packages/airflow/example_dags/example_short_circuit_operator.py
[2024-10-12T20:45:25.405+0000] {processor.py:925} INFO - DAG(s) 'example_short_circuit_operator' retrieved from /home/airflow/.local/lib/python3.12/site-packages/airflow/example_dags/example_short_circuit_operator.py
[2024-10-12T20:45:25.433+0000] {logging_mixin.py:190} INFO - [2024-10-12T20:45:25.433+0000] {dag.py:3239} INFO - Sync 1 DAGs
[2024-10-12T20:45:25.451+0000] {logging_mixin.py:190} INFO - [2024-10-12T20:45:25.450+0000] {dag.py:4180} INFO - Setting next_dagrun for example_short_circuit_operator to None, run_after=None
[2024-10-12T20:45:25.478+0000] {processor.py:208} INFO - Processing /home/airflow/.local/lib/python3.12/site-packages/airflow/example_dags/example_short_circuit_operator.py took 0.097 seconds
[2024-10-12T20:45:57.547+0000] {processor.py:186} INFO - Started process (PID=1353) to work on /home/airflow/.local/lib/python3.12/site-packages/airflow/example_dags/example_short_circuit_operator.py
[2024-10-12T20:45:57.549+0000] {processor.py:914} INFO - Processing file /home/airflow/.local/lib/python3.12/site-packages/airflow/example_dags/example_short_circuit_operator.py for tasks to queue
[2024-10-12T20:45:57.553+0000] {logging_mixin.py:190} INFO - [2024-10-12T20:45:57.553+0000] {dagbag.py:588} INFO - Filling up the DagBag from /home/airflow/.local/lib/python3.12/site-packages/airflow/example_dags/example_short_circuit_operator.py
[2024-10-12T20:45:57.570+0000] {processor.py:925} INFO - DAG(s) 'example_short_circuit_operator' retrieved from /home/airflow/.local/lib/python3.12/site-packages/airflow/example_dags/example_short_circuit_operator.py
[2024-10-12T20:45:57.605+0000] {logging_mixin.py:190} INFO - [2024-10-12T20:45:57.605+0000] {dag.py:3239} INFO - Sync 1 DAGs
[2024-10-12T20:45:57.631+0000] {logging_mixin.py:190} INFO - [2024-10-12T20:45:57.630+0000] {dag.py:4180} INFO - Setting next_dagrun for example_short_circuit_operator to None, run_after=None
[2024-10-12T20:45:57.670+0000] {processor.py:208} INFO - Processing /home/airflow/.local/lib/python3.12/site-packages/airflow/example_dags/example_short_circuit_operator.py took 0.131 seconds
[2024-10-12T20:46:28.117+0000] {processor.py:186} INFO - Started process (PID=1415) to work on /home/airflow/.local/lib/python3.12/site-packages/airflow/example_dags/example_short_circuit_operator.py
[2024-10-12T20:46:28.119+0000] {processor.py:914} INFO - Processing file /home/airflow/.local/lib/python3.12/site-packages/airflow/example_dags/example_short_circuit_operator.py for tasks to queue
[2024-10-12T20:46:28.124+0000] {logging_mixin.py:190} INFO - [2024-10-12T20:46:28.123+0000] {dagbag.py:588} INFO - Filling up the DagBag from /home/airflow/.local/lib/python3.12/site-packages/airflow/example_dags/example_short_circuit_operator.py
[2024-10-12T20:46:28.141+0000] {processor.py:925} INFO - DAG(s) 'example_short_circuit_operator' retrieved from /home/airflow/.local/lib/python3.12/site-packages/airflow/example_dags/example_short_circuit_operator.py
[2024-10-12T20:46:28.186+0000] {logging_mixin.py:190} INFO - [2024-10-12T20:46:28.186+0000] {dag.py:3239} INFO - Sync 1 DAGs
[2024-10-12T20:46:28.211+0000] {logging_mixin.py:190} INFO - [2024-10-12T20:46:28.211+0000] {dag.py:4180} INFO - Setting next_dagrun for example_short_circuit_operator to None, run_after=None
[2024-10-12T20:46:28.250+0000] {processor.py:208} INFO - Processing /home/airflow/.local/lib/python3.12/site-packages/airflow/example_dags/example_short_circuit_operator.py took 0.143 seconds
[2024-10-12T20:46:58.617+0000] {processor.py:186} INFO - Started process (PID=1477) to work on /home/airflow/.local/lib/python3.12/site-packages/airflow/example_dags/example_short_circuit_operator.py
[2024-10-12T20:46:58.619+0000] {processor.py:914} INFO - Processing file /home/airflow/.local/lib/python3.12/site-packages/airflow/example_dags/example_short_circuit_operator.py for tasks to queue
[2024-10-12T20:46:58.624+0000] {logging_mixin.py:190} INFO - [2024-10-12T20:46:58.623+0000] {dagbag.py:588} INFO - Filling up the DagBag from /home/airflow/.local/lib/python3.12/site-packages/airflow/example_dags/example_short_circuit_operator.py
[2024-10-12T20:46:58.641+0000] {processor.py:925} INFO - DAG(s) 'example_short_circuit_operator' retrieved from /home/airflow/.local/lib/python3.12/site-packages/airflow/example_dags/example_short_circuit_operator.py
[2024-10-12T20:46:58.684+0000] {logging_mixin.py:190} INFO - [2024-10-12T20:46:58.683+0000] {dag.py:3239} INFO - Sync 1 DAGs
[2024-10-12T20:46:58.706+0000] {logging_mixin.py:190} INFO - [2024-10-12T20:46:58.706+0000] {dag.py:4180} INFO - Setting next_dagrun for example_short_circuit_operator to None, run_after=None
[2024-10-12T20:46:58.740+0000] {processor.py:208} INFO - Processing /home/airflow/.local/lib/python3.12/site-packages/airflow/example_dags/example_short_circuit_operator.py took 0.135 seconds
[2024-10-12T20:47:29.040+0000] {processor.py:186} INFO - Started process (PID=1539) to work on /home/airflow/.local/lib/python3.12/site-packages/airflow/example_dags/example_short_circuit_operator.py
[2024-10-12T20:47:29.041+0000] {processor.py:914} INFO - Processing file /home/airflow/.local/lib/python3.12/site-packages/airflow/example_dags/example_short_circuit_operator.py for tasks to queue
[2024-10-12T20:47:29.045+0000] {logging_mixin.py:190} INFO - [2024-10-12T20:47:29.044+0000] {dagbag.py:588} INFO - Filling up the DagBag from /home/airflow/.local/lib/python3.12/site-packages/airflow/example_dags/example_short_circuit_operator.py
[2024-10-12T20:47:29.059+0000] {processor.py:925} INFO - DAG(s) 'example_short_circuit_operator' retrieved from /home/airflow/.local/lib/python3.12/site-packages/airflow/example_dags/example_short_circuit_operator.py
[2024-10-12T20:47:29.092+0000] {logging_mixin.py:190} INFO - [2024-10-12T20:47:29.092+0000] {dag.py:3239} INFO - Sync 1 DAGs
[2024-10-12T20:47:29.115+0000] {logging_mixin.py:190} INFO - [2024-10-12T20:47:29.114+0000] {dag.py:4180} INFO - Setting next_dagrun for example_short_circuit_operator to None, run_after=None
[2024-10-12T20:47:29.158+0000] {processor.py:208} INFO - Processing /home/airflow/.local/lib/python3.12/site-packages/airflow/example_dags/example_short_circuit_operator.py took 0.127 seconds
[2024-10-12T20:48:00.320+0000] {processor.py:186} INFO - Started process (PID=1601) to work on /home/airflow/.local/lib/python3.12/site-packages/airflow/example_dags/example_short_circuit_operator.py
[2024-10-12T20:48:00.322+0000] {processor.py:914} INFO - Processing file /home/airflow/.local/lib/python3.12/site-packages/airflow/example_dags/example_short_circuit_operator.py for tasks to queue
[2024-10-12T20:48:00.326+0000] {logging_mixin.py:190} INFO - [2024-10-12T20:48:00.325+0000] {dagbag.py:588} INFO - Filling up the DagBag from /home/airflow/.local/lib/python3.12/site-packages/airflow/example_dags/example_short_circuit_operator.py
[2024-10-12T20:48:00.339+0000] {processor.py:925} INFO - DAG(s) 'example_short_circuit_operator' retrieved from /home/airflow/.local/lib/python3.12/site-packages/airflow/example_dags/example_short_circuit_operator.py
[2024-10-12T20:48:00.379+0000] {logging_mixin.py:190} INFO - [2024-10-12T20:48:00.378+0000] {dag.py:3239} INFO - Sync 1 DAGs
[2024-10-12T20:48:00.403+0000] {logging_mixin.py:190} INFO - [2024-10-12T20:48:00.402+0000] {dag.py:4180} INFO - Setting next_dagrun for example_short_circuit_operator to None, run_after=None
[2024-10-12T20:48:00.437+0000] {processor.py:208} INFO - Processing /home/airflow/.local/lib/python3.12/site-packages/airflow/example_dags/example_short_circuit_operator.py took 0.129 seconds
[2024-10-12T20:48:31.095+0000] {processor.py:186} INFO - Started process (PID=1663) to work on /home/airflow/.local/lib/python3.12/site-packages/airflow/example_dags/example_short_circuit_operator.py
[2024-10-12T20:48:31.097+0000] {processor.py:914} INFO - Processing file /home/airflow/.local/lib/python3.12/site-packages/airflow/example_dags/example_short_circuit_operator.py for tasks to queue
[2024-10-12T20:48:31.100+0000] {logging_mixin.py:190} INFO - [2024-10-12T20:48:31.100+0000] {dagbag.py:588} INFO - Filling up the DagBag from /home/airflow/.local/lib/python3.12/site-packages/airflow/example_dags/example_short_circuit_operator.py
[2024-10-12T20:48:31.118+0000] {processor.py:925} INFO - DAG(s) 'example_short_circuit_operator' retrieved from /home/airflow/.local/lib/python3.12/site-packages/airflow/example_dags/example_short_circuit_operator.py
[2024-10-12T20:48:31.160+0000] {logging_mixin.py:190} INFO - [2024-10-12T20:48:31.159+0000] {dag.py:3239} INFO - Sync 1 DAGs
[2024-10-12T20:48:31.185+0000] {logging_mixin.py:190} INFO - [2024-10-12T20:48:31.185+0000] {dag.py:4180} INFO - Setting next_dagrun for example_short_circuit_operator to None, run_after=None
[2024-10-12T20:48:31.218+0000] {processor.py:208} INFO - Processing /home/airflow/.local/lib/python3.12/site-packages/airflow/example_dags/example_short_circuit_operator.py took 0.132 seconds
[2024-10-12T20:49:01.784+0000] {processor.py:186} INFO - Started process (PID=1726) to work on /home/airflow/.local/lib/python3.12/site-packages/airflow/example_dags/example_short_circuit_operator.py
[2024-10-12T20:49:01.786+0000] {processor.py:914} INFO - Processing file /home/airflow/.local/lib/python3.12/site-packages/airflow/example_dags/example_short_circuit_operator.py for tasks to queue
[2024-10-12T20:49:01.789+0000] {logging_mixin.py:190} INFO - [2024-10-12T20:49:01.789+0000] {dagbag.py:588} INFO - Filling up the DagBag from /home/airflow/.local/lib/python3.12/site-packages/airflow/example_dags/example_short_circuit_operator.py
[2024-10-12T20:49:01.804+0000] {processor.py:925} INFO - DAG(s) 'example_short_circuit_operator' retrieved from /home/airflow/.local/lib/python3.12/site-packages/airflow/example_dags/example_short_circuit_operator.py
[2024-10-12T20:49:01.846+0000] {logging_mixin.py:190} INFO - [2024-10-12T20:49:01.845+0000] {dag.py:3239} INFO - Sync 1 DAGs
[2024-10-12T20:49:01.866+0000] {logging_mixin.py:190} INFO - [2024-10-12T20:49:01.865+0000] {dag.py:4180} INFO - Setting next_dagrun for example_short_circuit_operator to None, run_after=None
[2024-10-12T20:49:01.899+0000] {processor.py:208} INFO - Processing /home/airflow/.local/lib/python3.12/site-packages/airflow/example_dags/example_short_circuit_operator.py took 0.123 seconds
[2024-10-12T20:49:32.440+0000] {processor.py:186} INFO - Started process (PID=1788) to work on /home/airflow/.local/lib/python3.12/site-packages/airflow/example_dags/example_short_circuit_operator.py
[2024-10-12T20:49:32.441+0000] {processor.py:914} INFO - Processing file /home/airflow/.local/lib/python3.12/site-packages/airflow/example_dags/example_short_circuit_operator.py for tasks to queue
[2024-10-12T20:49:32.445+0000] {logging_mixin.py:190} INFO - [2024-10-12T20:49:32.445+0000] {dagbag.py:588} INFO - Filling up the DagBag from /home/airflow/.local/lib/python3.12/site-packages/airflow/example_dags/example_short_circuit_operator.py
[2024-10-12T20:49:32.472+0000] {processor.py:925} INFO - DAG(s) 'example_short_circuit_operator' retrieved from /home/airflow/.local/lib/python3.12/site-packages/airflow/example_dags/example_short_circuit_operator.py
[2024-10-12T20:49:32.508+0000] {logging_mixin.py:190} INFO - [2024-10-12T20:49:32.507+0000] {dag.py:3239} INFO - Sync 1 DAGs
[2024-10-12T20:49:32.528+0000] {logging_mixin.py:190} INFO - [2024-10-12T20:49:32.528+0000] {dag.py:4180} INFO - Setting next_dagrun for example_short_circuit_operator to None, run_after=None
[2024-10-12T20:49:32.559+0000] {processor.py:208} INFO - Processing /home/airflow/.local/lib/python3.12/site-packages/airflow/example_dags/example_short_circuit_operator.py took 0.128 seconds
[2024-10-12T20:50:03.471+0000] {processor.py:186} INFO - Started process (PID=1850) to work on /home/airflow/.local/lib/python3.12/site-packages/airflow/example_dags/example_short_circuit_operator.py
[2024-10-12T20:50:03.473+0000] {processor.py:914} INFO - Processing file /home/airflow/.local/lib/python3.12/site-packages/airflow/example_dags/example_short_circuit_operator.py for tasks to queue
[2024-10-12T20:50:03.477+0000] {logging_mixin.py:190} INFO - [2024-10-12T20:50:03.477+0000] {dagbag.py:588} INFO - Filling up the DagBag from /home/airflow/.local/lib/python3.12/site-packages/airflow/example_dags/example_short_circuit_operator.py
[2024-10-12T20:50:03.488+0000] {processor.py:925} INFO - DAG(s) 'example_short_circuit_operator' retrieved from /home/airflow/.local/lib/python3.12/site-packages/airflow/example_dags/example_short_circuit_operator.py
[2024-10-12T20:50:03.522+0000] {logging_mixin.py:190} INFO - [2024-10-12T20:50:03.522+0000] {dag.py:3239} INFO - Sync 1 DAGs
[2024-10-12T20:50:03.547+0000] {logging_mixin.py:190} INFO - [2024-10-12T20:50:03.547+0000] {dag.py:4180} INFO - Setting next_dagrun for example_short_circuit_operator to None, run_after=None
[2024-10-12T20:50:03.583+0000] {processor.py:208} INFO - Processing /home/airflow/.local/lib/python3.12/site-packages/airflow/example_dags/example_short_circuit_operator.py took 0.120 seconds
