[2024-10-12T20:35:33.211+0000] {processor.py:186} INFO - Started process (PID=90) to work on /home/airflow/.local/lib/python3.12/site-packages/airflow/example_dags/example_setup_teardown.py
[2024-10-12T20:35:33.213+0000] {processor.py:914} INFO - Processing file /home/airflow/.local/lib/python3.12/site-packages/airflow/example_dags/example_setup_teardown.py for tasks to queue
[2024-10-12T20:35:33.217+0000] {logging_mixin.py:190} INFO - [2024-10-12T20:35:33.217+0000] {dagbag.py:588} INFO - Filling up the DagBag from /home/airflow/.local/lib/python3.12/site-packages/airflow/example_dags/example_setup_teardown.py
[2024-10-12T20:35:33.237+0000] {processor.py:925} INFO - DAG(s) 'example_setup_teardown' retrieved from /home/airflow/.local/lib/python3.12/site-packages/airflow/example_dags/example_setup_teardown.py
[2024-10-12T20:35:33.423+0000] {logging_mixin.py:190} INFO - [2024-10-12T20:35:33.421+0000] {override.py:1900} INFO - Created Permission View: can delete on DAG:example_setup_teardown
[2024-10-12T20:35:33.438+0000] {logging_mixin.py:190} INFO - [2024-10-12T20:35:33.438+0000] {override.py:1900} INFO - Created Permission View: can edit on DAG:example_setup_teardown
[2024-10-12T20:35:33.450+0000] {logging_mixin.py:190} INFO - [2024-10-12T20:35:33.449+0000] {override.py:1900} INFO - Created Permission View: can read on DAG:example_setup_teardown
[2024-10-12T20:35:33.463+0000] {logging_mixin.py:190} INFO - [2024-10-12T20:35:33.463+0000] {override.py:1900} INFO - Created Permission View: can delete on DAG Run:example_setup_teardown
[2024-10-12T20:35:33.473+0000] {logging_mixin.py:190} INFO - [2024-10-12T20:35:33.472+0000] {override.py:1900} INFO - Created Permission View: can create on DAG Run:example_setup_teardown
[2024-10-12T20:35:33.485+0000] {logging_mixin.py:190} INFO - [2024-10-12T20:35:33.484+0000] {override.py:1900} INFO - Created Permission View: menu access on DAG Run:example_setup_teardown
[2024-10-12T20:35:33.496+0000] {logging_mixin.py:190} INFO - [2024-10-12T20:35:33.496+0000] {override.py:1900} INFO - Created Permission View: can read on DAG Run:example_setup_teardown
[2024-10-12T20:35:33.497+0000] {logging_mixin.py:190} INFO - [2024-10-12T20:35:33.497+0000] {dag.py:3239} INFO - Sync 1 DAGs
[2024-10-12T20:35:33.515+0000] {logging_mixin.py:190} INFO - [2024-10-12T20:35:33.515+0000] {dag.py:3262} INFO - Creating ORM DAG for example_setup_teardown
[2024-10-12T20:35:33.517+0000] {logging_mixin.py:190} INFO - [2024-10-12T20:35:33.517+0000] {dag.py:4180} INFO - Setting next_dagrun for example_setup_teardown to None, run_after=None
[2024-10-12T20:35:33.541+0000] {processor.py:208} INFO - Processing /home/airflow/.local/lib/python3.12/site-packages/airflow/example_dags/example_setup_teardown.py took 0.341 seconds
[2024-10-12T20:36:03.980+0000] {processor.py:186} INFO - Started process (PID=152) to work on /home/airflow/.local/lib/python3.12/site-packages/airflow/example_dags/example_setup_teardown.py
[2024-10-12T20:36:03.981+0000] {processor.py:914} INFO - Processing file /home/airflow/.local/lib/python3.12/site-packages/airflow/example_dags/example_setup_teardown.py for tasks to queue
[2024-10-12T20:36:03.984+0000] {logging_mixin.py:190} INFO - [2024-10-12T20:36:03.984+0000] {dagbag.py:588} INFO - Filling up the DagBag from /home/airflow/.local/lib/python3.12/site-packages/airflow/example_dags/example_setup_teardown.py
[2024-10-12T20:36:03.996+0000] {processor.py:925} INFO - DAG(s) 'example_setup_teardown' retrieved from /home/airflow/.local/lib/python3.12/site-packages/airflow/example_dags/example_setup_teardown.py
[2024-10-12T20:36:04.024+0000] {logging_mixin.py:190} INFO - [2024-10-12T20:36:04.023+0000] {dag.py:3239} INFO - Sync 1 DAGs
[2024-10-12T20:36:04.042+0000] {logging_mixin.py:190} INFO - [2024-10-12T20:36:04.042+0000] {dag.py:4180} INFO - Setting next_dagrun for example_setup_teardown to None, run_after=None
[2024-10-12T20:36:04.066+0000] {processor.py:208} INFO - Processing /home/airflow/.local/lib/python3.12/site-packages/airflow/example_dags/example_setup_teardown.py took 0.096 seconds
[2024-10-12T20:36:35.069+0000] {processor.py:186} INFO - Started process (PID=214) to work on /home/airflow/.local/lib/python3.12/site-packages/airflow/example_dags/example_setup_teardown.py
[2024-10-12T20:36:35.072+0000] {processor.py:914} INFO - Processing file /home/airflow/.local/lib/python3.12/site-packages/airflow/example_dags/example_setup_teardown.py for tasks to queue
[2024-10-12T20:36:35.077+0000] {logging_mixin.py:190} INFO - [2024-10-12T20:36:35.076+0000] {dagbag.py:588} INFO - Filling up the DagBag from /home/airflow/.local/lib/python3.12/site-packages/airflow/example_dags/example_setup_teardown.py
[2024-10-12T20:36:35.099+0000] {processor.py:925} INFO - DAG(s) 'example_setup_teardown' retrieved from /home/airflow/.local/lib/python3.12/site-packages/airflow/example_dags/example_setup_teardown.py
[2024-10-12T20:36:35.140+0000] {logging_mixin.py:190} INFO - [2024-10-12T20:36:35.140+0000] {dag.py:3239} INFO - Sync 1 DAGs
[2024-10-12T20:36:35.163+0000] {logging_mixin.py:190} INFO - [2024-10-12T20:36:35.162+0000] {dag.py:4180} INFO - Setting next_dagrun for example_setup_teardown to None, run_after=None
[2024-10-12T20:36:35.199+0000] {processor.py:208} INFO - Processing /home/airflow/.local/lib/python3.12/site-packages/airflow/example_dags/example_setup_teardown.py took 0.146 seconds
[2024-10-12T20:37:05.475+0000] {processor.py:186} INFO - Started process (PID=276) to work on /home/airflow/.local/lib/python3.12/site-packages/airflow/example_dags/example_setup_teardown.py
[2024-10-12T20:37:05.477+0000] {processor.py:914} INFO - Processing file /home/airflow/.local/lib/python3.12/site-packages/airflow/example_dags/example_setup_teardown.py for tasks to queue
[2024-10-12T20:37:05.481+0000] {logging_mixin.py:190} INFO - [2024-10-12T20:37:05.481+0000] {dagbag.py:588} INFO - Filling up the DagBag from /home/airflow/.local/lib/python3.12/site-packages/airflow/example_dags/example_setup_teardown.py
[2024-10-12T20:37:05.495+0000] {processor.py:925} INFO - DAG(s) 'example_setup_teardown' retrieved from /home/airflow/.local/lib/python3.12/site-packages/airflow/example_dags/example_setup_teardown.py
[2024-10-12T20:37:05.528+0000] {logging_mixin.py:190} INFO - [2024-10-12T20:37:05.527+0000] {dag.py:3239} INFO - Sync 1 DAGs
[2024-10-12T20:37:05.549+0000] {logging_mixin.py:190} INFO - [2024-10-12T20:37:05.549+0000] {dag.py:4180} INFO - Setting next_dagrun for example_setup_teardown to None, run_after=None
[2024-10-12T20:37:05.580+0000] {processor.py:208} INFO - Processing /home/airflow/.local/lib/python3.12/site-packages/airflow/example_dags/example_setup_teardown.py took 0.115 seconds
[2024-10-12T20:37:36.385+0000] {processor.py:186} INFO - Started process (PID=338) to work on /home/airflow/.local/lib/python3.12/site-packages/airflow/example_dags/example_setup_teardown.py
[2024-10-12T20:37:36.387+0000] {processor.py:914} INFO - Processing file /home/airflow/.local/lib/python3.12/site-packages/airflow/example_dags/example_setup_teardown.py for tasks to queue
[2024-10-12T20:37:36.392+0000] {logging_mixin.py:190} INFO - [2024-10-12T20:37:36.391+0000] {dagbag.py:588} INFO - Filling up the DagBag from /home/airflow/.local/lib/python3.12/site-packages/airflow/example_dags/example_setup_teardown.py
[2024-10-12T20:37:36.407+0000] {processor.py:925} INFO - DAG(s) 'example_setup_teardown' retrieved from /home/airflow/.local/lib/python3.12/site-packages/airflow/example_dags/example_setup_teardown.py
[2024-10-12T20:37:36.445+0000] {logging_mixin.py:190} INFO - [2024-10-12T20:37:36.444+0000] {dag.py:3239} INFO - Sync 1 DAGs
[2024-10-12T20:37:36.470+0000] {logging_mixin.py:190} INFO - [2024-10-12T20:37:36.469+0000] {dag.py:4180} INFO - Setting next_dagrun for example_setup_teardown to None, run_after=None
[2024-10-12T20:37:36.513+0000] {processor.py:208} INFO - Processing /home/airflow/.local/lib/python3.12/site-packages/airflow/example_dags/example_setup_teardown.py took 0.142 seconds
[2024-10-12T20:38:07.631+0000] {processor.py:186} INFO - Started process (PID=400) to work on /home/airflow/.local/lib/python3.12/site-packages/airflow/example_dags/example_setup_teardown.py
[2024-10-12T20:38:07.633+0000] {processor.py:914} INFO - Processing file /home/airflow/.local/lib/python3.12/site-packages/airflow/example_dags/example_setup_teardown.py for tasks to queue
[2024-10-12T20:38:07.639+0000] {logging_mixin.py:190} INFO - [2024-10-12T20:38:07.637+0000] {dagbag.py:588} INFO - Filling up the DagBag from /home/airflow/.local/lib/python3.12/site-packages/airflow/example_dags/example_setup_teardown.py
[2024-10-12T20:38:07.655+0000] {processor.py:925} INFO - DAG(s) 'example_setup_teardown' retrieved from /home/airflow/.local/lib/python3.12/site-packages/airflow/example_dags/example_setup_teardown.py
[2024-10-12T20:38:07.696+0000] {logging_mixin.py:190} INFO - [2024-10-12T20:38:07.695+0000] {dag.py:3239} INFO - Sync 1 DAGs
[2024-10-12T20:38:07.733+0000] {logging_mixin.py:190} INFO - [2024-10-12T20:38:07.732+0000] {dag.py:4180} INFO - Setting next_dagrun for example_setup_teardown to None, run_after=None
[2024-10-12T20:38:07.777+0000] {processor.py:208} INFO - Processing /home/airflow/.local/lib/python3.12/site-packages/airflow/example_dags/example_setup_teardown.py took 0.158 seconds
[2024-10-12T20:38:38.635+0000] {processor.py:186} INFO - Started process (PID=462) to work on /home/airflow/.local/lib/python3.12/site-packages/airflow/example_dags/example_setup_teardown.py
[2024-10-12T20:38:38.637+0000] {processor.py:914} INFO - Processing file /home/airflow/.local/lib/python3.12/site-packages/airflow/example_dags/example_setup_teardown.py for tasks to queue
[2024-10-12T20:38:38.642+0000] {logging_mixin.py:190} INFO - [2024-10-12T20:38:38.641+0000] {dagbag.py:588} INFO - Filling up the DagBag from /home/airflow/.local/lib/python3.12/site-packages/airflow/example_dags/example_setup_teardown.py
[2024-10-12T20:38:38.670+0000] {processor.py:925} INFO - DAG(s) 'example_setup_teardown' retrieved from /home/airflow/.local/lib/python3.12/site-packages/airflow/example_dags/example_setup_teardown.py
[2024-10-12T20:38:38.707+0000] {logging_mixin.py:190} INFO - [2024-10-12T20:38:38.707+0000] {dag.py:3239} INFO - Sync 1 DAGs
[2024-10-12T20:38:38.736+0000] {logging_mixin.py:190} INFO - [2024-10-12T20:38:38.735+0000] {dag.py:4180} INFO - Setting next_dagrun for example_setup_teardown to None, run_after=None
[2024-10-12T20:38:38.771+0000] {processor.py:208} INFO - Processing /home/airflow/.local/lib/python3.12/site-packages/airflow/example_dags/example_setup_teardown.py took 0.150 seconds
[2024-10-12T20:39:09.464+0000] {processor.py:186} INFO - Started process (PID=524) to work on /home/airflow/.local/lib/python3.12/site-packages/airflow/example_dags/example_setup_teardown.py
[2024-10-12T20:39:09.472+0000] {processor.py:914} INFO - Processing file /home/airflow/.local/lib/python3.12/site-packages/airflow/example_dags/example_setup_teardown.py for tasks to queue
[2024-10-12T20:39:09.480+0000] {logging_mixin.py:190} INFO - [2024-10-12T20:39:09.479+0000] {dagbag.py:588} INFO - Filling up the DagBag from /home/airflow/.local/lib/python3.12/site-packages/airflow/example_dags/example_setup_teardown.py
[2024-10-12T20:39:09.510+0000] {processor.py:925} INFO - DAG(s) 'example_setup_teardown' retrieved from /home/airflow/.local/lib/python3.12/site-packages/airflow/example_dags/example_setup_teardown.py
[2024-10-12T20:39:09.558+0000] {logging_mixin.py:190} INFO - [2024-10-12T20:39:09.557+0000] {dag.py:3239} INFO - Sync 1 DAGs
[2024-10-12T20:39:09.593+0000] {logging_mixin.py:190} INFO - [2024-10-12T20:39:09.592+0000] {dag.py:4180} INFO - Setting next_dagrun for example_setup_teardown to None, run_after=None
[2024-10-12T20:39:09.640+0000] {processor.py:208} INFO - Processing /home/airflow/.local/lib/python3.12/site-packages/airflow/example_dags/example_setup_teardown.py took 0.191 seconds
[2024-10-12T20:39:39.869+0000] {processor.py:186} INFO - Started process (PID=586) to work on /home/airflow/.local/lib/python3.12/site-packages/airflow/example_dags/example_setup_teardown.py
[2024-10-12T20:39:39.871+0000] {processor.py:914} INFO - Processing file /home/airflow/.local/lib/python3.12/site-packages/airflow/example_dags/example_setup_teardown.py for tasks to queue
[2024-10-12T20:39:39.877+0000] {logging_mixin.py:190} INFO - [2024-10-12T20:39:39.876+0000] {dagbag.py:588} INFO - Filling up the DagBag from /home/airflow/.local/lib/python3.12/site-packages/airflow/example_dags/example_setup_teardown.py
[2024-10-12T20:39:39.895+0000] {processor.py:925} INFO - DAG(s) 'example_setup_teardown' retrieved from /home/airflow/.local/lib/python3.12/site-packages/airflow/example_dags/example_setup_teardown.py
[2024-10-12T20:39:39.956+0000] {logging_mixin.py:190} INFO - [2024-10-12T20:39:39.956+0000] {dag.py:3239} INFO - Sync 1 DAGs
[2024-10-12T20:39:40.003+0000] {logging_mixin.py:190} INFO - [2024-10-12T20:39:40.003+0000] {dag.py:4180} INFO - Setting next_dagrun for example_setup_teardown to None, run_after=None
[2024-10-12T20:39:40.041+0000] {processor.py:208} INFO - Processing /home/airflow/.local/lib/python3.12/site-packages/airflow/example_dags/example_setup_teardown.py took 0.183 seconds
[2024-10-12T20:40:10.416+0000] {processor.py:186} INFO - Started process (PID=647) to work on /home/airflow/.local/lib/python3.12/site-packages/airflow/example_dags/example_setup_teardown.py
[2024-10-12T20:40:10.422+0000] {processor.py:914} INFO - Processing file /home/airflow/.local/lib/python3.12/site-packages/airflow/example_dags/example_setup_teardown.py for tasks to queue
[2024-10-12T20:40:10.429+0000] {logging_mixin.py:190} INFO - [2024-10-12T20:40:10.429+0000] {dagbag.py:588} INFO - Filling up the DagBag from /home/airflow/.local/lib/python3.12/site-packages/airflow/example_dags/example_setup_teardown.py
[2024-10-12T20:40:10.451+0000] {processor.py:925} INFO - DAG(s) 'example_setup_teardown' retrieved from /home/airflow/.local/lib/python3.12/site-packages/airflow/example_dags/example_setup_teardown.py
[2024-10-12T20:40:10.482+0000] {logging_mixin.py:190} INFO - [2024-10-12T20:40:10.482+0000] {dag.py:3239} INFO - Sync 1 DAGs
[2024-10-12T20:40:10.506+0000] {logging_mixin.py:190} INFO - [2024-10-12T20:40:10.505+0000] {dag.py:4180} INFO - Setting next_dagrun for example_setup_teardown to None, run_after=None
[2024-10-12T20:40:10.536+0000] {processor.py:208} INFO - Processing /home/airflow/.local/lib/python3.12/site-packages/airflow/example_dags/example_setup_teardown.py took 0.131 seconds
[2024-10-12T20:40:41.313+0000] {processor.py:186} INFO - Started process (PID=709) to work on /home/airflow/.local/lib/python3.12/site-packages/airflow/example_dags/example_setup_teardown.py
[2024-10-12T20:40:41.316+0000] {processor.py:914} INFO - Processing file /home/airflow/.local/lib/python3.12/site-packages/airflow/example_dags/example_setup_teardown.py for tasks to queue
[2024-10-12T20:40:41.322+0000] {logging_mixin.py:190} INFO - [2024-10-12T20:40:41.321+0000] {dagbag.py:588} INFO - Filling up the DagBag from /home/airflow/.local/lib/python3.12/site-packages/airflow/example_dags/example_setup_teardown.py
[2024-10-12T20:40:41.344+0000] {processor.py:925} INFO - DAG(s) 'example_setup_teardown' retrieved from /home/airflow/.local/lib/python3.12/site-packages/airflow/example_dags/example_setup_teardown.py
[2024-10-12T20:40:41.375+0000] {logging_mixin.py:190} INFO - [2024-10-12T20:40:41.374+0000] {dag.py:3239} INFO - Sync 1 DAGs
[2024-10-12T20:40:41.395+0000] {logging_mixin.py:190} INFO - [2024-10-12T20:40:41.394+0000] {dag.py:4180} INFO - Setting next_dagrun for example_setup_teardown to None, run_after=None
[2024-10-12T20:40:41.424+0000] {processor.py:208} INFO - Processing /home/airflow/.local/lib/python3.12/site-packages/airflow/example_dags/example_setup_teardown.py took 0.128 seconds
[2024-10-12T20:41:11.813+0000] {processor.py:186} INFO - Started process (PID=771) to work on /home/airflow/.local/lib/python3.12/site-packages/airflow/example_dags/example_setup_teardown.py
[2024-10-12T20:41:11.814+0000] {processor.py:914} INFO - Processing file /home/airflow/.local/lib/python3.12/site-packages/airflow/example_dags/example_setup_teardown.py for tasks to queue
[2024-10-12T20:41:11.818+0000] {logging_mixin.py:190} INFO - [2024-10-12T20:41:11.817+0000] {dagbag.py:588} INFO - Filling up the DagBag from /home/airflow/.local/lib/python3.12/site-packages/airflow/example_dags/example_setup_teardown.py
[2024-10-12T20:41:11.832+0000] {processor.py:925} INFO - DAG(s) 'example_setup_teardown' retrieved from /home/airflow/.local/lib/python3.12/site-packages/airflow/example_dags/example_setup_teardown.py
[2024-10-12T20:41:11.865+0000] {logging_mixin.py:190} INFO - [2024-10-12T20:41:11.865+0000] {dag.py:3239} INFO - Sync 1 DAGs
[2024-10-12T20:41:11.887+0000] {logging_mixin.py:190} INFO - [2024-10-12T20:41:11.887+0000] {dag.py:4180} INFO - Setting next_dagrun for example_setup_teardown to None, run_after=None
[2024-10-12T20:41:11.925+0000] {processor.py:208} INFO - Processing /home/airflow/.local/lib/python3.12/site-packages/airflow/example_dags/example_setup_teardown.py took 0.122 seconds
[2024-10-12T20:41:42.613+0000] {processor.py:186} INFO - Started process (PID=833) to work on /home/airflow/.local/lib/python3.12/site-packages/airflow/example_dags/example_setup_teardown.py
[2024-10-12T20:41:42.614+0000] {processor.py:914} INFO - Processing file /home/airflow/.local/lib/python3.12/site-packages/airflow/example_dags/example_setup_teardown.py for tasks to queue
[2024-10-12T20:41:42.618+0000] {logging_mixin.py:190} INFO - [2024-10-12T20:41:42.617+0000] {dagbag.py:588} INFO - Filling up the DagBag from /home/airflow/.local/lib/python3.12/site-packages/airflow/example_dags/example_setup_teardown.py
[2024-10-12T20:41:42.632+0000] {processor.py:925} INFO - DAG(s) 'example_setup_teardown' retrieved from /home/airflow/.local/lib/python3.12/site-packages/airflow/example_dags/example_setup_teardown.py
[2024-10-12T20:41:42.662+0000] {logging_mixin.py:190} INFO - [2024-10-12T20:41:42.661+0000] {dag.py:3239} INFO - Sync 1 DAGs
[2024-10-12T20:41:42.686+0000] {logging_mixin.py:190} INFO - [2024-10-12T20:41:42.685+0000] {dag.py:4180} INFO - Setting next_dagrun for example_setup_teardown to None, run_after=None
[2024-10-12T20:41:42.721+0000] {processor.py:208} INFO - Processing /home/airflow/.local/lib/python3.12/site-packages/airflow/example_dags/example_setup_teardown.py took 0.117 seconds
[2024-10-12T20:42:12.973+0000] {processor.py:186} INFO - Started process (PID=895) to work on /home/airflow/.local/lib/python3.12/site-packages/airflow/example_dags/example_setup_teardown.py
[2024-10-12T20:42:12.975+0000] {processor.py:914} INFO - Processing file /home/airflow/.local/lib/python3.12/site-packages/airflow/example_dags/example_setup_teardown.py for tasks to queue
[2024-10-12T20:42:12.992+0000] {logging_mixin.py:190} INFO - [2024-10-12T20:42:12.991+0000] {dagbag.py:588} INFO - Filling up the DagBag from /home/airflow/.local/lib/python3.12/site-packages/airflow/example_dags/example_setup_teardown.py
[2024-10-12T20:42:13.011+0000] {processor.py:925} INFO - DAG(s) 'example_setup_teardown' retrieved from /home/airflow/.local/lib/python3.12/site-packages/airflow/example_dags/example_setup_teardown.py
[2024-10-12T20:42:13.051+0000] {logging_mixin.py:190} INFO - [2024-10-12T20:42:13.050+0000] {dag.py:3239} INFO - Sync 1 DAGs
[2024-10-12T20:42:13.076+0000] {logging_mixin.py:190} INFO - [2024-10-12T20:42:13.075+0000] {dag.py:4180} INFO - Setting next_dagrun for example_setup_teardown to None, run_after=None
[2024-10-12T20:42:13.115+0000] {processor.py:208} INFO - Processing /home/airflow/.local/lib/python3.12/site-packages/airflow/example_dags/example_setup_teardown.py took 0.167 seconds
[2024-10-12T20:42:43.520+0000] {processor.py:186} INFO - Started process (PID=957) to work on /home/airflow/.local/lib/python3.12/site-packages/airflow/example_dags/example_setup_teardown.py
[2024-10-12T20:42:43.522+0000] {processor.py:914} INFO - Processing file /home/airflow/.local/lib/python3.12/site-packages/airflow/example_dags/example_setup_teardown.py for tasks to queue
[2024-10-12T20:42:43.527+0000] {logging_mixin.py:190} INFO - [2024-10-12T20:42:43.526+0000] {dagbag.py:588} INFO - Filling up the DagBag from /home/airflow/.local/lib/python3.12/site-packages/airflow/example_dags/example_setup_teardown.py
[2024-10-12T20:42:43.545+0000] {processor.py:925} INFO - DAG(s) 'example_setup_teardown' retrieved from /home/airflow/.local/lib/python3.12/site-packages/airflow/example_dags/example_setup_teardown.py
[2024-10-12T20:42:43.576+0000] {logging_mixin.py:190} INFO - [2024-10-12T20:42:43.575+0000] {dag.py:3239} INFO - Sync 1 DAGs
[2024-10-12T20:42:43.596+0000] {logging_mixin.py:190} INFO - [2024-10-12T20:42:43.595+0000] {dag.py:4180} INFO - Setting next_dagrun for example_setup_teardown to None, run_after=None
[2024-10-12T20:42:43.627+0000] {processor.py:208} INFO - Processing /home/airflow/.local/lib/python3.12/site-packages/airflow/example_dags/example_setup_teardown.py took 0.121 seconds
[2024-10-12T20:43:13.882+0000] {processor.py:186} INFO - Started process (PID=1019) to work on /home/airflow/.local/lib/python3.12/site-packages/airflow/example_dags/example_setup_teardown.py
[2024-10-12T20:43:13.884+0000] {processor.py:914} INFO - Processing file /home/airflow/.local/lib/python3.12/site-packages/airflow/example_dags/example_setup_teardown.py for tasks to queue
[2024-10-12T20:43:13.887+0000] {logging_mixin.py:190} INFO - [2024-10-12T20:43:13.887+0000] {dagbag.py:588} INFO - Filling up the DagBag from /home/airflow/.local/lib/python3.12/site-packages/airflow/example_dags/example_setup_teardown.py
[2024-10-12T20:43:13.901+0000] {processor.py:925} INFO - DAG(s) 'example_setup_teardown' retrieved from /home/airflow/.local/lib/python3.12/site-packages/airflow/example_dags/example_setup_teardown.py
[2024-10-12T20:43:13.942+0000] {logging_mixin.py:190} INFO - [2024-10-12T20:43:13.942+0000] {dag.py:3239} INFO - Sync 1 DAGs
[2024-10-12T20:43:13.969+0000] {logging_mixin.py:190} INFO - [2024-10-12T20:43:13.968+0000] {dag.py:4180} INFO - Setting next_dagrun for example_setup_teardown to None, run_after=None
[2024-10-12T20:43:14.002+0000] {processor.py:208} INFO - Processing /home/airflow/.local/lib/python3.12/site-packages/airflow/example_dags/example_setup_teardown.py took 0.130 seconds
[2024-10-12T20:43:44.401+0000] {processor.py:186} INFO - Started process (PID=1080) to work on /home/airflow/.local/lib/python3.12/site-packages/airflow/example_dags/example_setup_teardown.py
[2024-10-12T20:43:44.403+0000] {processor.py:914} INFO - Processing file /home/airflow/.local/lib/python3.12/site-packages/airflow/example_dags/example_setup_teardown.py for tasks to queue
[2024-10-12T20:43:44.407+0000] {logging_mixin.py:190} INFO - [2024-10-12T20:43:44.406+0000] {dagbag.py:588} INFO - Filling up the DagBag from /home/airflow/.local/lib/python3.12/site-packages/airflow/example_dags/example_setup_teardown.py
[2024-10-12T20:43:44.425+0000] {processor.py:925} INFO - DAG(s) 'example_setup_teardown' retrieved from /home/airflow/.local/lib/python3.12/site-packages/airflow/example_dags/example_setup_teardown.py
[2024-10-12T20:43:44.465+0000] {logging_mixin.py:190} INFO - [2024-10-12T20:43:44.464+0000] {dag.py:3239} INFO - Sync 1 DAGs
[2024-10-12T20:43:44.489+0000] {logging_mixin.py:190} INFO - [2024-10-12T20:43:44.488+0000] {dag.py:4180} INFO - Setting next_dagrun for example_setup_teardown to None, run_after=None
[2024-10-12T20:43:44.524+0000] {processor.py:208} INFO - Processing /home/airflow/.local/lib/python3.12/site-packages/airflow/example_dags/example_setup_teardown.py took 0.134 seconds
[2024-10-12T20:44:14.973+0000] {processor.py:186} INFO - Started process (PID=1142) to work on /home/airflow/.local/lib/python3.12/site-packages/airflow/example_dags/example_setup_teardown.py
[2024-10-12T20:44:14.975+0000] {processor.py:914} INFO - Processing file /home/airflow/.local/lib/python3.12/site-packages/airflow/example_dags/example_setup_teardown.py for tasks to queue
[2024-10-12T20:44:14.979+0000] {logging_mixin.py:190} INFO - [2024-10-12T20:44:14.978+0000] {dagbag.py:588} INFO - Filling up the DagBag from /home/airflow/.local/lib/python3.12/site-packages/airflow/example_dags/example_setup_teardown.py
[2024-10-12T20:44:14.995+0000] {processor.py:925} INFO - DAG(s) 'example_setup_teardown' retrieved from /home/airflow/.local/lib/python3.12/site-packages/airflow/example_dags/example_setup_teardown.py
[2024-10-12T20:44:15.035+0000] {logging_mixin.py:190} INFO - [2024-10-12T20:44:15.035+0000] {dag.py:3239} INFO - Sync 1 DAGs
[2024-10-12T20:44:15.060+0000] {logging_mixin.py:190} INFO - [2024-10-12T20:44:15.059+0000] {dag.py:4180} INFO - Setting next_dagrun for example_setup_teardown to None, run_after=None
[2024-10-12T20:44:15.098+0000] {processor.py:208} INFO - Processing /home/airflow/.local/lib/python3.12/site-packages/airflow/example_dags/example_setup_teardown.py took 0.135 seconds
[2024-10-12T20:44:45.806+0000] {processor.py:186} INFO - Started process (PID=1204) to work on /home/airflow/.local/lib/python3.12/site-packages/airflow/example_dags/example_setup_teardown.py
[2024-10-12T20:44:45.807+0000] {processor.py:914} INFO - Processing file /home/airflow/.local/lib/python3.12/site-packages/airflow/example_dags/example_setup_teardown.py for tasks to queue
[2024-10-12T20:44:45.812+0000] {logging_mixin.py:190} INFO - [2024-10-12T20:44:45.812+0000] {dagbag.py:588} INFO - Filling up the DagBag from /home/airflow/.local/lib/python3.12/site-packages/airflow/example_dags/example_setup_teardown.py
[2024-10-12T20:44:45.824+0000] {processor.py:925} INFO - DAG(s) 'example_setup_teardown' retrieved from /home/airflow/.local/lib/python3.12/site-packages/airflow/example_dags/example_setup_teardown.py
[2024-10-12T20:44:45.859+0000] {logging_mixin.py:190} INFO - [2024-10-12T20:44:45.858+0000] {dag.py:3239} INFO - Sync 1 DAGs
[2024-10-12T20:44:45.886+0000] {logging_mixin.py:190} INFO - [2024-10-12T20:44:45.885+0000] {dag.py:4180} INFO - Setting next_dagrun for example_setup_teardown to None, run_after=None
[2024-10-12T20:44:45.915+0000] {processor.py:208} INFO - Processing /home/airflow/.local/lib/python3.12/site-packages/airflow/example_dags/example_setup_teardown.py took 0.118 seconds
[2024-10-12T20:45:16.714+0000] {processor.py:186} INFO - Started process (PID=1266) to work on /home/airflow/.local/lib/python3.12/site-packages/airflow/example_dags/example_setup_teardown.py
[2024-10-12T20:45:16.716+0000] {processor.py:914} INFO - Processing file /home/airflow/.local/lib/python3.12/site-packages/airflow/example_dags/example_setup_teardown.py for tasks to queue
[2024-10-12T20:45:16.719+0000] {logging_mixin.py:190} INFO - [2024-10-12T20:45:16.719+0000] {dagbag.py:588} INFO - Filling up the DagBag from /home/airflow/.local/lib/python3.12/site-packages/airflow/example_dags/example_setup_teardown.py
[2024-10-12T20:45:16.736+0000] {processor.py:925} INFO - DAG(s) 'example_setup_teardown' retrieved from /home/airflow/.local/lib/python3.12/site-packages/airflow/example_dags/example_setup_teardown.py
[2024-10-12T20:45:16.771+0000] {logging_mixin.py:190} INFO - [2024-10-12T20:45:16.771+0000] {dag.py:3239} INFO - Sync 1 DAGs
[2024-10-12T20:45:16.798+0000] {logging_mixin.py:190} INFO - [2024-10-12T20:45:16.798+0000] {dag.py:4180} INFO - Setting next_dagrun for example_setup_teardown to None, run_after=None
[2024-10-12T20:45:16.839+0000] {processor.py:208} INFO - Processing /home/airflow/.local/lib/python3.12/site-packages/airflow/example_dags/example_setup_teardown.py took 0.133 seconds
[2024-10-12T20:45:46.925+0000] {processor.py:186} INFO - Started process (PID=1328) to work on /home/airflow/.local/lib/python3.12/site-packages/airflow/example_dags/example_setup_teardown.py
[2024-10-12T20:45:46.927+0000] {processor.py:914} INFO - Processing file /home/airflow/.local/lib/python3.12/site-packages/airflow/example_dags/example_setup_teardown.py for tasks to queue
[2024-10-12T20:45:46.930+0000] {logging_mixin.py:190} INFO - [2024-10-12T20:45:46.930+0000] {dagbag.py:588} INFO - Filling up the DagBag from /home/airflow/.local/lib/python3.12/site-packages/airflow/example_dags/example_setup_teardown.py
[2024-10-12T20:45:46.944+0000] {processor.py:925} INFO - DAG(s) 'example_setup_teardown' retrieved from /home/airflow/.local/lib/python3.12/site-packages/airflow/example_dags/example_setup_teardown.py
[2024-10-12T20:45:46.974+0000] {logging_mixin.py:190} INFO - [2024-10-12T20:45:46.973+0000] {dag.py:3239} INFO - Sync 1 DAGs
[2024-10-12T20:45:47.005+0000] {logging_mixin.py:190} INFO - [2024-10-12T20:45:47.004+0000] {dag.py:4180} INFO - Setting next_dagrun for example_setup_teardown to None, run_after=None
[2024-10-12T20:45:47.040+0000] {processor.py:208} INFO - Processing /home/airflow/.local/lib/python3.12/site-packages/airflow/example_dags/example_setup_teardown.py took 0.127 seconds
[2024-10-12T20:46:17.383+0000] {processor.py:186} INFO - Started process (PID=1390) to work on /home/airflow/.local/lib/python3.12/site-packages/airflow/example_dags/example_setup_teardown.py
[2024-10-12T20:46:17.384+0000] {processor.py:914} INFO - Processing file /home/airflow/.local/lib/python3.12/site-packages/airflow/example_dags/example_setup_teardown.py for tasks to queue
[2024-10-12T20:46:17.388+0000] {logging_mixin.py:190} INFO - [2024-10-12T20:46:17.388+0000] {dagbag.py:588} INFO - Filling up the DagBag from /home/airflow/.local/lib/python3.12/site-packages/airflow/example_dags/example_setup_teardown.py
[2024-10-12T20:46:17.401+0000] {processor.py:925} INFO - DAG(s) 'example_setup_teardown' retrieved from /home/airflow/.local/lib/python3.12/site-packages/airflow/example_dags/example_setup_teardown.py
[2024-10-12T20:46:17.435+0000] {logging_mixin.py:190} INFO - [2024-10-12T20:46:17.434+0000] {dag.py:3239} INFO - Sync 1 DAGs
[2024-10-12T20:46:17.454+0000] {logging_mixin.py:190} INFO - [2024-10-12T20:46:17.453+0000] {dag.py:4180} INFO - Setting next_dagrun for example_setup_teardown to None, run_after=None
[2024-10-12T20:46:17.482+0000] {processor.py:208} INFO - Processing /home/airflow/.local/lib/python3.12/site-packages/airflow/example_dags/example_setup_teardown.py took 0.109 seconds
[2024-10-12T20:46:47.674+0000] {processor.py:186} INFO - Started process (PID=1452) to work on /home/airflow/.local/lib/python3.12/site-packages/airflow/example_dags/example_setup_teardown.py
[2024-10-12T20:46:47.676+0000] {processor.py:914} INFO - Processing file /home/airflow/.local/lib/python3.12/site-packages/airflow/example_dags/example_setup_teardown.py for tasks to queue
[2024-10-12T20:46:47.680+0000] {logging_mixin.py:190} INFO - [2024-10-12T20:46:47.680+0000] {dagbag.py:588} INFO - Filling up the DagBag from /home/airflow/.local/lib/python3.12/site-packages/airflow/example_dags/example_setup_teardown.py
[2024-10-12T20:46:47.694+0000] {processor.py:925} INFO - DAG(s) 'example_setup_teardown' retrieved from /home/airflow/.local/lib/python3.12/site-packages/airflow/example_dags/example_setup_teardown.py
[2024-10-12T20:46:47.726+0000] {logging_mixin.py:190} INFO - [2024-10-12T20:46:47.725+0000] {dag.py:3239} INFO - Sync 1 DAGs
[2024-10-12T20:46:47.751+0000] {logging_mixin.py:190} INFO - [2024-10-12T20:46:47.751+0000] {dag.py:4180} INFO - Setting next_dagrun for example_setup_teardown to None, run_after=None
[2024-10-12T20:46:47.787+0000] {processor.py:208} INFO - Processing /home/airflow/.local/lib/python3.12/site-packages/airflow/example_dags/example_setup_teardown.py took 0.126 seconds
[2024-10-12T20:47:18.817+0000] {processor.py:186} INFO - Started process (PID=1514) to work on /home/airflow/.local/lib/python3.12/site-packages/airflow/example_dags/example_setup_teardown.py
[2024-10-12T20:47:18.818+0000] {processor.py:914} INFO - Processing file /home/airflow/.local/lib/python3.12/site-packages/airflow/example_dags/example_setup_teardown.py for tasks to queue
[2024-10-12T20:47:18.823+0000] {logging_mixin.py:190} INFO - [2024-10-12T20:47:18.822+0000] {dagbag.py:588} INFO - Filling up the DagBag from /home/airflow/.local/lib/python3.12/site-packages/airflow/example_dags/example_setup_teardown.py
[2024-10-12T20:47:18.835+0000] {processor.py:925} INFO - DAG(s) 'example_setup_teardown' retrieved from /home/airflow/.local/lib/python3.12/site-packages/airflow/example_dags/example_setup_teardown.py
[2024-10-12T20:47:18.869+0000] {logging_mixin.py:190} INFO - [2024-10-12T20:47:18.869+0000] {dag.py:3239} INFO - Sync 1 DAGs
[2024-10-12T20:47:18.891+0000] {logging_mixin.py:190} INFO - [2024-10-12T20:47:18.891+0000] {dag.py:4180} INFO - Setting next_dagrun for example_setup_teardown to None, run_after=None
[2024-10-12T20:47:18.922+0000] {processor.py:208} INFO - Processing /home/airflow/.local/lib/python3.12/site-packages/airflow/example_dags/example_setup_teardown.py took 0.115 seconds
[2024-10-12T20:47:49.419+0000] {processor.py:186} INFO - Started process (PID=1576) to work on /home/airflow/.local/lib/python3.12/site-packages/airflow/example_dags/example_setup_teardown.py
[2024-10-12T20:47:49.421+0000] {processor.py:914} INFO - Processing file /home/airflow/.local/lib/python3.12/site-packages/airflow/example_dags/example_setup_teardown.py for tasks to queue
[2024-10-12T20:47:49.425+0000] {logging_mixin.py:190} INFO - [2024-10-12T20:47:49.424+0000] {dagbag.py:588} INFO - Filling up the DagBag from /home/airflow/.local/lib/python3.12/site-packages/airflow/example_dags/example_setup_teardown.py
[2024-10-12T20:47:49.438+0000] {processor.py:925} INFO - DAG(s) 'example_setup_teardown' retrieved from /home/airflow/.local/lib/python3.12/site-packages/airflow/example_dags/example_setup_teardown.py
[2024-10-12T20:47:49.473+0000] {logging_mixin.py:190} INFO - [2024-10-12T20:47:49.472+0000] {dag.py:3239} INFO - Sync 1 DAGs
[2024-10-12T20:47:49.498+0000] {logging_mixin.py:190} INFO - [2024-10-12T20:47:49.498+0000] {dag.py:4180} INFO - Setting next_dagrun for example_setup_teardown to None, run_after=None
[2024-10-12T20:47:49.529+0000] {processor.py:208} INFO - Processing /home/airflow/.local/lib/python3.12/site-packages/airflow/example_dags/example_setup_teardown.py took 0.120 seconds
[2024-10-12T20:48:19.830+0000] {processor.py:186} INFO - Started process (PID=1638) to work on /home/airflow/.local/lib/python3.12/site-packages/airflow/example_dags/example_setup_teardown.py
[2024-10-12T20:48:19.831+0000] {processor.py:914} INFO - Processing file /home/airflow/.local/lib/python3.12/site-packages/airflow/example_dags/example_setup_teardown.py for tasks to queue
[2024-10-12T20:48:19.838+0000] {logging_mixin.py:190} INFO - [2024-10-12T20:48:19.837+0000] {dagbag.py:588} INFO - Filling up the DagBag from /home/airflow/.local/lib/python3.12/site-packages/airflow/example_dags/example_setup_teardown.py
[2024-10-12T20:48:19.859+0000] {processor.py:925} INFO - DAG(s) 'example_setup_teardown' retrieved from /home/airflow/.local/lib/python3.12/site-packages/airflow/example_dags/example_setup_teardown.py
[2024-10-12T20:48:19.970+0000] {logging_mixin.py:190} INFO - [2024-10-12T20:48:19.969+0000] {dag.py:3239} INFO - Sync 1 DAGs
[2024-10-12T20:48:20.024+0000] {logging_mixin.py:190} INFO - [2024-10-12T20:48:20.023+0000] {dag.py:4180} INFO - Setting next_dagrun for example_setup_teardown to None, run_after=None
[2024-10-12T20:48:20.098+0000] {processor.py:208} INFO - Processing /home/airflow/.local/lib/python3.12/site-packages/airflow/example_dags/example_setup_teardown.py took 0.279 seconds
[2024-10-12T20:48:50.331+0000] {processor.py:186} INFO - Started process (PID=1700) to work on /home/airflow/.local/lib/python3.12/site-packages/airflow/example_dags/example_setup_teardown.py
[2024-10-12T20:48:50.333+0000] {processor.py:914} INFO - Processing file /home/airflow/.local/lib/python3.12/site-packages/airflow/example_dags/example_setup_teardown.py for tasks to queue
[2024-10-12T20:48:50.338+0000] {logging_mixin.py:190} INFO - [2024-10-12T20:48:50.338+0000] {dagbag.py:588} INFO - Filling up the DagBag from /home/airflow/.local/lib/python3.12/site-packages/airflow/example_dags/example_setup_teardown.py
[2024-10-12T20:48:50.354+0000] {processor.py:925} INFO - DAG(s) 'example_setup_teardown' retrieved from /home/airflow/.local/lib/python3.12/site-packages/airflow/example_dags/example_setup_teardown.py
[2024-10-12T20:48:50.399+0000] {logging_mixin.py:190} INFO - [2024-10-12T20:48:50.398+0000] {dag.py:3239} INFO - Sync 1 DAGs
[2024-10-12T20:48:50.431+0000] {logging_mixin.py:190} INFO - [2024-10-12T20:48:50.430+0000] {dag.py:4180} INFO - Setting next_dagrun for example_setup_teardown to None, run_after=None
[2024-10-12T20:48:50.478+0000] {processor.py:208} INFO - Processing /home/airflow/.local/lib/python3.12/site-packages/airflow/example_dags/example_setup_teardown.py took 0.159 seconds
[2024-10-12T20:49:21.089+0000] {processor.py:186} INFO - Started process (PID=1761) to work on /home/airflow/.local/lib/python3.12/site-packages/airflow/example_dags/example_setup_teardown.py
[2024-10-12T20:49:21.091+0000] {processor.py:914} INFO - Processing file /home/airflow/.local/lib/python3.12/site-packages/airflow/example_dags/example_setup_teardown.py for tasks to queue
[2024-10-12T20:49:21.094+0000] {logging_mixin.py:190} INFO - [2024-10-12T20:49:21.094+0000] {dagbag.py:588} INFO - Filling up the DagBag from /home/airflow/.local/lib/python3.12/site-packages/airflow/example_dags/example_setup_teardown.py
[2024-10-12T20:49:21.106+0000] {processor.py:925} INFO - DAG(s) 'example_setup_teardown' retrieved from /home/airflow/.local/lib/python3.12/site-packages/airflow/example_dags/example_setup_teardown.py
[2024-10-12T20:49:21.145+0000] {logging_mixin.py:190} INFO - [2024-10-12T20:49:21.145+0000] {dag.py:3239} INFO - Sync 1 DAGs
[2024-10-12T20:49:21.176+0000] {logging_mixin.py:190} INFO - [2024-10-12T20:49:21.176+0000] {dag.py:4180} INFO - Setting next_dagrun for example_setup_teardown to None, run_after=None
[2024-10-12T20:49:21.210+0000] {processor.py:208} INFO - Processing /home/airflow/.local/lib/python3.12/site-packages/airflow/example_dags/example_setup_teardown.py took 0.130 seconds
[2024-10-12T20:49:52.072+0000] {processor.py:186} INFO - Started process (PID=1823) to work on /home/airflow/.local/lib/python3.12/site-packages/airflow/example_dags/example_setup_teardown.py
[2024-10-12T20:49:52.074+0000] {processor.py:914} INFO - Processing file /home/airflow/.local/lib/python3.12/site-packages/airflow/example_dags/example_setup_teardown.py for tasks to queue
[2024-10-12T20:49:52.077+0000] {logging_mixin.py:190} INFO - [2024-10-12T20:49:52.077+0000] {dagbag.py:588} INFO - Filling up the DagBag from /home/airflow/.local/lib/python3.12/site-packages/airflow/example_dags/example_setup_teardown.py
[2024-10-12T20:49:52.090+0000] {processor.py:925} INFO - DAG(s) 'example_setup_teardown' retrieved from /home/airflow/.local/lib/python3.12/site-packages/airflow/example_dags/example_setup_teardown.py
[2024-10-12T20:49:52.121+0000] {logging_mixin.py:190} INFO - [2024-10-12T20:49:52.121+0000] {dag.py:3239} INFO - Sync 1 DAGs
[2024-10-12T20:49:52.143+0000] {logging_mixin.py:190} INFO - [2024-10-12T20:49:52.143+0000] {dag.py:4180} INFO - Setting next_dagrun for example_setup_teardown to None, run_after=None
[2024-10-12T20:49:52.175+0000] {processor.py:208} INFO - Processing /home/airflow/.local/lib/python3.12/site-packages/airflow/example_dags/example_setup_teardown.py took 0.113 seconds
[2024-10-12T20:50:22.595+0000] {processor.py:186} INFO - Started process (PID=1886) to work on /home/airflow/.local/lib/python3.12/site-packages/airflow/example_dags/example_setup_teardown.py
[2024-10-12T20:50:22.600+0000] {processor.py:914} INFO - Processing file /home/airflow/.local/lib/python3.12/site-packages/airflow/example_dags/example_setup_teardown.py for tasks to queue
[2024-10-12T20:50:22.604+0000] {logging_mixin.py:190} INFO - [2024-10-12T20:50:22.603+0000] {dagbag.py:588} INFO - Filling up the DagBag from /home/airflow/.local/lib/python3.12/site-packages/airflow/example_dags/example_setup_teardown.py
[2024-10-12T20:50:22.615+0000] {processor.py:925} INFO - DAG(s) 'example_setup_teardown' retrieved from /home/airflow/.local/lib/python3.12/site-packages/airflow/example_dags/example_setup_teardown.py
[2024-10-12T20:50:22.649+0000] {logging_mixin.py:190} INFO - [2024-10-12T20:50:22.648+0000] {dag.py:3239} INFO - Sync 1 DAGs
[2024-10-12T20:50:22.687+0000] {logging_mixin.py:190} INFO - [2024-10-12T20:50:22.687+0000] {dag.py:4180} INFO - Setting next_dagrun for example_setup_teardown to None, run_after=None
[2024-10-12T20:50:22.731+0000] {processor.py:208} INFO - Processing /home/airflow/.local/lib/python3.12/site-packages/airflow/example_dags/example_setup_teardown.py took 0.143 seconds
