[2024-10-12T20:35:38.593+0000] {processor.py:186} INFO - Started process (PID=108) to work on /home/airflow/.local/lib/python3.12/site-packages/airflow/example_dags/example_display_name.py
[2024-10-12T20:35:38.595+0000] {processor.py:914} INFO - Processing file /home/airflow/.local/lib/python3.12/site-packages/airflow/example_dags/example_display_name.py for tasks to queue
[2024-10-12T20:35:38.598+0000] {logging_mixin.py:190} INFO - [2024-10-12T20:35:38.597+0000] {dagbag.py:588} INFO - Filling up the DagBag from /home/airflow/.local/lib/python3.12/site-packages/airflow/example_dags/example_display_name.py
[2024-10-12T20:35:38.610+0000] {processor.py:925} INFO - DAG(s) 'example_display_name' retrieved from /home/airflow/.local/lib/python3.12/site-packages/airflow/example_dags/example_display_name.py
[2024-10-12T20:35:38.754+0000] {logging_mixin.py:190} INFO - [2024-10-12T20:35:38.753+0000] {override.py:1900} INFO - Created Permission View: can delete on DAG:example_display_name
[2024-10-12T20:35:38.770+0000] {logging_mixin.py:190} INFO - [2024-10-12T20:35:38.769+0000] {override.py:1900} INFO - Created Permission View: can edit on DAG:example_display_name
[2024-10-12T20:35:38.779+0000] {logging_mixin.py:190} INFO - [2024-10-12T20:35:38.779+0000] {override.py:1900} INFO - Created Permission View: can read on DAG:example_display_name
[2024-10-12T20:35:38.791+0000] {logging_mixin.py:190} INFO - [2024-10-12T20:35:38.790+0000] {override.py:1900} INFO - Created Permission View: can delete on DAG Run:example_display_name
[2024-10-12T20:35:38.800+0000] {logging_mixin.py:190} INFO - [2024-10-12T20:35:38.800+0000] {override.py:1900} INFO - Created Permission View: can create on DAG Run:example_display_name
[2024-10-12T20:35:38.810+0000] {logging_mixin.py:190} INFO - [2024-10-12T20:35:38.810+0000] {override.py:1900} INFO - Created Permission View: menu access on DAG Run:example_display_name
[2024-10-12T20:35:38.824+0000] {logging_mixin.py:190} INFO - [2024-10-12T20:35:38.824+0000] {override.py:1900} INFO - Created Permission View: can read on DAG Run:example_display_name
[2024-10-12T20:35:38.826+0000] {logging_mixin.py:190} INFO - [2024-10-12T20:35:38.825+0000] {dag.py:3239} INFO - Sync 1 DAGs
[2024-10-12T20:35:38.848+0000] {logging_mixin.py:190} INFO - [2024-10-12T20:35:38.848+0000] {dag.py:3262} INFO - Creating ORM DAG for example_display_name
[2024-10-12T20:35:38.850+0000] {logging_mixin.py:190} INFO - [2024-10-12T20:35:38.850+0000] {dag.py:4180} INFO - Setting next_dagrun for example_display_name to None, run_after=None
[2024-10-12T20:35:38.874+0000] {processor.py:208} INFO - Processing /home/airflow/.local/lib/python3.12/site-packages/airflow/example_dags/example_display_name.py took 0.289 seconds
[2024-10-12T20:36:09.769+0000] {processor.py:186} INFO - Started process (PID=170) to work on /home/airflow/.local/lib/python3.12/site-packages/airflow/example_dags/example_display_name.py
[2024-10-12T20:36:09.772+0000] {processor.py:914} INFO - Processing file /home/airflow/.local/lib/python3.12/site-packages/airflow/example_dags/example_display_name.py for tasks to queue
[2024-10-12T20:36:09.777+0000] {logging_mixin.py:190} INFO - [2024-10-12T20:36:09.776+0000] {dagbag.py:588} INFO - Filling up the DagBag from /home/airflow/.local/lib/python3.12/site-packages/airflow/example_dags/example_display_name.py
[2024-10-12T20:36:09.792+0000] {processor.py:925} INFO - DAG(s) 'example_display_name' retrieved from /home/airflow/.local/lib/python3.12/site-packages/airflow/example_dags/example_display_name.py
[2024-10-12T20:36:09.826+0000] {logging_mixin.py:190} INFO - [2024-10-12T20:36:09.826+0000] {dag.py:3239} INFO - Sync 1 DAGs
[2024-10-12T20:36:09.856+0000] {logging_mixin.py:190} INFO - [2024-10-12T20:36:09.855+0000] {dag.py:4180} INFO - Setting next_dagrun for example_display_name to None, run_after=None
[2024-10-12T20:36:09.898+0000] {processor.py:208} INFO - Processing /home/airflow/.local/lib/python3.12/site-packages/airflow/example_dags/example_display_name.py took 0.140 seconds
[2024-10-12T20:36:40.414+0000] {processor.py:186} INFO - Started process (PID=232) to work on /home/airflow/.local/lib/python3.12/site-packages/airflow/example_dags/example_display_name.py
[2024-10-12T20:36:40.416+0000] {processor.py:914} INFO - Processing file /home/airflow/.local/lib/python3.12/site-packages/airflow/example_dags/example_display_name.py for tasks to queue
[2024-10-12T20:36:40.420+0000] {logging_mixin.py:190} INFO - [2024-10-12T20:36:40.419+0000] {dagbag.py:588} INFO - Filling up the DagBag from /home/airflow/.local/lib/python3.12/site-packages/airflow/example_dags/example_display_name.py
[2024-10-12T20:36:40.432+0000] {processor.py:925} INFO - DAG(s) 'example_display_name' retrieved from /home/airflow/.local/lib/python3.12/site-packages/airflow/example_dags/example_display_name.py
[2024-10-12T20:36:40.463+0000] {logging_mixin.py:190} INFO - [2024-10-12T20:36:40.462+0000] {dag.py:3239} INFO - Sync 1 DAGs
[2024-10-12T20:36:40.489+0000] {logging_mixin.py:190} INFO - [2024-10-12T20:36:40.489+0000] {dag.py:4180} INFO - Setting next_dagrun for example_display_name to None, run_after=None
[2024-10-12T20:36:40.524+0000] {processor.py:208} INFO - Processing /home/airflow/.local/lib/python3.12/site-packages/airflow/example_dags/example_display_name.py took 0.121 seconds
[2024-10-12T20:37:11.635+0000] {processor.py:186} INFO - Started process (PID=294) to work on /home/airflow/.local/lib/python3.12/site-packages/airflow/example_dags/example_display_name.py
[2024-10-12T20:37:11.636+0000] {processor.py:914} INFO - Processing file /home/airflow/.local/lib/python3.12/site-packages/airflow/example_dags/example_display_name.py for tasks to queue
[2024-10-12T20:37:11.640+0000] {logging_mixin.py:190} INFO - [2024-10-12T20:37:11.640+0000] {dagbag.py:588} INFO - Filling up the DagBag from /home/airflow/.local/lib/python3.12/site-packages/airflow/example_dags/example_display_name.py
[2024-10-12T20:37:11.651+0000] {processor.py:925} INFO - DAG(s) 'example_display_name' retrieved from /home/airflow/.local/lib/python3.12/site-packages/airflow/example_dags/example_display_name.py
[2024-10-12T20:37:11.679+0000] {logging_mixin.py:190} INFO - [2024-10-12T20:37:11.678+0000] {dag.py:3239} INFO - Sync 1 DAGs
[2024-10-12T20:37:11.703+0000] {logging_mixin.py:190} INFO - [2024-10-12T20:37:11.702+0000] {dag.py:4180} INFO - Setting next_dagrun for example_display_name to None, run_after=None
[2024-10-12T20:37:11.753+0000] {processor.py:208} INFO - Processing /home/airflow/.local/lib/python3.12/site-packages/airflow/example_dags/example_display_name.py took 0.126 seconds
[2024-10-12T20:37:42.956+0000] {processor.py:186} INFO - Started process (PID=356) to work on /home/airflow/.local/lib/python3.12/site-packages/airflow/example_dags/example_display_name.py
[2024-10-12T20:37:42.958+0000] {processor.py:914} INFO - Processing file /home/airflow/.local/lib/python3.12/site-packages/airflow/example_dags/example_display_name.py for tasks to queue
[2024-10-12T20:37:42.964+0000] {logging_mixin.py:190} INFO - [2024-10-12T20:37:42.963+0000] {dagbag.py:588} INFO - Filling up the DagBag from /home/airflow/.local/lib/python3.12/site-packages/airflow/example_dags/example_display_name.py
[2024-10-12T20:37:42.982+0000] {processor.py:925} INFO - DAG(s) 'example_display_name' retrieved from /home/airflow/.local/lib/python3.12/site-packages/airflow/example_dags/example_display_name.py
[2024-10-12T20:37:43.020+0000] {logging_mixin.py:190} INFO - [2024-10-12T20:37:43.019+0000] {dag.py:3239} INFO - Sync 1 DAGs
[2024-10-12T20:37:43.044+0000] {logging_mixin.py:190} INFO - [2024-10-12T20:37:43.043+0000] {dag.py:4180} INFO - Setting next_dagrun for example_display_name to None, run_after=None
[2024-10-12T20:37:43.076+0000] {processor.py:208} INFO - Processing /home/airflow/.local/lib/python3.12/site-packages/airflow/example_dags/example_display_name.py took 0.130 seconds
[2024-10-12T20:38:14.087+0000] {processor.py:186} INFO - Started process (PID=418) to work on /home/airflow/.local/lib/python3.12/site-packages/airflow/example_dags/example_display_name.py
[2024-10-12T20:38:14.089+0000] {processor.py:914} INFO - Processing file /home/airflow/.local/lib/python3.12/site-packages/airflow/example_dags/example_display_name.py for tasks to queue
[2024-10-12T20:38:14.093+0000] {logging_mixin.py:190} INFO - [2024-10-12T20:38:14.093+0000] {dagbag.py:588} INFO - Filling up the DagBag from /home/airflow/.local/lib/python3.12/site-packages/airflow/example_dags/example_display_name.py
[2024-10-12T20:38:14.107+0000] {processor.py:925} INFO - DAG(s) 'example_display_name' retrieved from /home/airflow/.local/lib/python3.12/site-packages/airflow/example_dags/example_display_name.py
[2024-10-12T20:38:14.147+0000] {logging_mixin.py:190} INFO - [2024-10-12T20:38:14.147+0000] {dag.py:3239} INFO - Sync 1 DAGs
[2024-10-12T20:38:14.179+0000] {logging_mixin.py:190} INFO - [2024-10-12T20:38:14.179+0000] {dag.py:4180} INFO - Setting next_dagrun for example_display_name to None, run_after=None
[2024-10-12T20:38:14.224+0000] {processor.py:208} INFO - Processing /home/airflow/.local/lib/python3.12/site-packages/airflow/example_dags/example_display_name.py took 0.149 seconds
[2024-10-12T20:38:44.343+0000] {processor.py:186} INFO - Started process (PID=479) to work on /home/airflow/.local/lib/python3.12/site-packages/airflow/example_dags/example_display_name.py
[2024-10-12T20:38:44.344+0000] {processor.py:914} INFO - Processing file /home/airflow/.local/lib/python3.12/site-packages/airflow/example_dags/example_display_name.py for tasks to queue
[2024-10-12T20:38:44.349+0000] {logging_mixin.py:190} INFO - [2024-10-12T20:38:44.348+0000] {dagbag.py:588} INFO - Filling up the DagBag from /home/airflow/.local/lib/python3.12/site-packages/airflow/example_dags/example_display_name.py
[2024-10-12T20:38:44.363+0000] {processor.py:925} INFO - DAG(s) 'example_display_name' retrieved from /home/airflow/.local/lib/python3.12/site-packages/airflow/example_dags/example_display_name.py
[2024-10-12T20:38:44.393+0000] {logging_mixin.py:190} INFO - [2024-10-12T20:38:44.392+0000] {dag.py:3239} INFO - Sync 1 DAGs
[2024-10-12T20:38:44.413+0000] {logging_mixin.py:190} INFO - [2024-10-12T20:38:44.413+0000] {dag.py:4180} INFO - Setting next_dagrun for example_display_name to None, run_after=None
[2024-10-12T20:38:44.454+0000] {processor.py:208} INFO - Processing /home/airflow/.local/lib/python3.12/site-packages/airflow/example_dags/example_display_name.py took 0.124 seconds
[2024-10-12T20:39:14.741+0000] {processor.py:186} INFO - Started process (PID=541) to work on /home/airflow/.local/lib/python3.12/site-packages/airflow/example_dags/example_display_name.py
[2024-10-12T20:39:14.742+0000] {processor.py:914} INFO - Processing file /home/airflow/.local/lib/python3.12/site-packages/airflow/example_dags/example_display_name.py for tasks to queue
[2024-10-12T20:39:14.747+0000] {logging_mixin.py:190} INFO - [2024-10-12T20:39:14.746+0000] {dagbag.py:588} INFO - Filling up the DagBag from /home/airflow/.local/lib/python3.12/site-packages/airflow/example_dags/example_display_name.py
[2024-10-12T20:39:14.758+0000] {processor.py:925} INFO - DAG(s) 'example_display_name' retrieved from /home/airflow/.local/lib/python3.12/site-packages/airflow/example_dags/example_display_name.py
[2024-10-12T20:39:14.790+0000] {logging_mixin.py:190} INFO - [2024-10-12T20:39:14.789+0000] {dag.py:3239} INFO - Sync 1 DAGs
[2024-10-12T20:39:14.816+0000] {logging_mixin.py:190} INFO - [2024-10-12T20:39:14.815+0000] {dag.py:4180} INFO - Setting next_dagrun for example_display_name to None, run_after=None
[2024-10-12T20:39:14.846+0000] {processor.py:208} INFO - Processing /home/airflow/.local/lib/python3.12/site-packages/airflow/example_dags/example_display_name.py took 0.116 seconds
[2024-10-12T20:39:45.104+0000] {processor.py:186} INFO - Started process (PID=603) to work on /home/airflow/.local/lib/python3.12/site-packages/airflow/example_dags/example_display_name.py
[2024-10-12T20:39:45.105+0000] {processor.py:914} INFO - Processing file /home/airflow/.local/lib/python3.12/site-packages/airflow/example_dags/example_display_name.py for tasks to queue
[2024-10-12T20:39:45.109+0000] {logging_mixin.py:190} INFO - [2024-10-12T20:39:45.108+0000] {dagbag.py:588} INFO - Filling up the DagBag from /home/airflow/.local/lib/python3.12/site-packages/airflow/example_dags/example_display_name.py
[2024-10-12T20:39:45.118+0000] {processor.py:925} INFO - DAG(s) 'example_display_name' retrieved from /home/airflow/.local/lib/python3.12/site-packages/airflow/example_dags/example_display_name.py
[2024-10-12T20:39:45.142+0000] {logging_mixin.py:190} INFO - [2024-10-12T20:39:45.142+0000] {dag.py:3239} INFO - Sync 1 DAGs
[2024-10-12T20:39:45.164+0000] {logging_mixin.py:190} INFO - [2024-10-12T20:39:45.163+0000] {dag.py:4180} INFO - Setting next_dagrun for example_display_name to None, run_after=None
[2024-10-12T20:39:45.190+0000] {processor.py:208} INFO - Processing /home/airflow/.local/lib/python3.12/site-packages/airflow/example_dags/example_display_name.py took 0.094 seconds
[2024-10-12T20:40:15.743+0000] {processor.py:186} INFO - Started process (PID=664) to work on /home/airflow/.local/lib/python3.12/site-packages/airflow/example_dags/example_display_name.py
[2024-10-12T20:40:15.744+0000] {processor.py:914} INFO - Processing file /home/airflow/.local/lib/python3.12/site-packages/airflow/example_dags/example_display_name.py for tasks to queue
[2024-10-12T20:40:15.748+0000] {logging_mixin.py:190} INFO - [2024-10-12T20:40:15.747+0000] {dagbag.py:588} INFO - Filling up the DagBag from /home/airflow/.local/lib/python3.12/site-packages/airflow/example_dags/example_display_name.py
[2024-10-12T20:40:15.759+0000] {processor.py:925} INFO - DAG(s) 'example_display_name' retrieved from /home/airflow/.local/lib/python3.12/site-packages/airflow/example_dags/example_display_name.py
[2024-10-12T20:40:15.788+0000] {logging_mixin.py:190} INFO - [2024-10-12T20:40:15.788+0000] {dag.py:3239} INFO - Sync 1 DAGs
[2024-10-12T20:40:15.813+0000] {logging_mixin.py:190} INFO - [2024-10-12T20:40:15.812+0000] {dag.py:4180} INFO - Setting next_dagrun for example_display_name to None, run_after=None
[2024-10-12T20:40:15.847+0000] {processor.py:208} INFO - Processing /home/airflow/.local/lib/python3.12/site-packages/airflow/example_dags/example_display_name.py took 0.113 seconds
[2024-10-12T20:40:46.564+0000] {processor.py:186} INFO - Started process (PID=727) to work on /home/airflow/.local/lib/python3.12/site-packages/airflow/example_dags/example_display_name.py
[2024-10-12T20:40:46.565+0000] {processor.py:914} INFO - Processing file /home/airflow/.local/lib/python3.12/site-packages/airflow/example_dags/example_display_name.py for tasks to queue
[2024-10-12T20:40:46.569+0000] {logging_mixin.py:190} INFO - [2024-10-12T20:40:46.569+0000] {dagbag.py:588} INFO - Filling up the DagBag from /home/airflow/.local/lib/python3.12/site-packages/airflow/example_dags/example_display_name.py
[2024-10-12T20:40:46.581+0000] {processor.py:925} INFO - DAG(s) 'example_display_name' retrieved from /home/airflow/.local/lib/python3.12/site-packages/airflow/example_dags/example_display_name.py
[2024-10-12T20:40:46.610+0000] {logging_mixin.py:190} INFO - [2024-10-12T20:40:46.609+0000] {dag.py:3239} INFO - Sync 1 DAGs
[2024-10-12T20:40:46.633+0000] {logging_mixin.py:190} INFO - [2024-10-12T20:40:46.632+0000] {dag.py:4180} INFO - Setting next_dagrun for example_display_name to None, run_after=None
[2024-10-12T20:40:46.663+0000] {processor.py:208} INFO - Processing /home/airflow/.local/lib/python3.12/site-packages/airflow/example_dags/example_display_name.py took 0.108 seconds
[2024-10-12T20:41:17.400+0000] {processor.py:186} INFO - Started process (PID=789) to work on /home/airflow/.local/lib/python3.12/site-packages/airflow/example_dags/example_display_name.py
[2024-10-12T20:41:17.402+0000] {processor.py:914} INFO - Processing file /home/airflow/.local/lib/python3.12/site-packages/airflow/example_dags/example_display_name.py for tasks to queue
[2024-10-12T20:41:17.405+0000] {logging_mixin.py:190} INFO - [2024-10-12T20:41:17.405+0000] {dagbag.py:588} INFO - Filling up the DagBag from /home/airflow/.local/lib/python3.12/site-packages/airflow/example_dags/example_display_name.py
[2024-10-12T20:41:17.416+0000] {processor.py:925} INFO - DAG(s) 'example_display_name' retrieved from /home/airflow/.local/lib/python3.12/site-packages/airflow/example_dags/example_display_name.py
[2024-10-12T20:41:17.442+0000] {logging_mixin.py:190} INFO - [2024-10-12T20:41:17.442+0000] {dag.py:3239} INFO - Sync 1 DAGs
[2024-10-12T20:41:17.465+0000] {logging_mixin.py:190} INFO - [2024-10-12T20:41:17.465+0000] {dag.py:4180} INFO - Setting next_dagrun for example_display_name to None, run_after=None
[2024-10-12T20:41:17.531+0000] {processor.py:208} INFO - Processing /home/airflow/.local/lib/python3.12/site-packages/airflow/example_dags/example_display_name.py took 0.139 seconds
[2024-10-12T20:41:47.965+0000] {processor.py:186} INFO - Started process (PID=851) to work on /home/airflow/.local/lib/python3.12/site-packages/airflow/example_dags/example_display_name.py
[2024-10-12T20:41:47.967+0000] {processor.py:914} INFO - Processing file /home/airflow/.local/lib/python3.12/site-packages/airflow/example_dags/example_display_name.py for tasks to queue
[2024-10-12T20:41:47.972+0000] {logging_mixin.py:190} INFO - [2024-10-12T20:41:47.971+0000] {dagbag.py:588} INFO - Filling up the DagBag from /home/airflow/.local/lib/python3.12/site-packages/airflow/example_dags/example_display_name.py
[2024-10-12T20:41:47.986+0000] {processor.py:925} INFO - DAG(s) 'example_display_name' retrieved from /home/airflow/.local/lib/python3.12/site-packages/airflow/example_dags/example_display_name.py
[2024-10-12T20:41:48.019+0000] {logging_mixin.py:190} INFO - [2024-10-12T20:41:48.018+0000] {dag.py:3239} INFO - Sync 1 DAGs
[2024-10-12T20:41:48.053+0000] {logging_mixin.py:190} INFO - [2024-10-12T20:41:48.052+0000] {dag.py:4180} INFO - Setting next_dagrun for example_display_name to None, run_after=None
[2024-10-12T20:41:48.089+0000] {processor.py:208} INFO - Processing /home/airflow/.local/lib/python3.12/site-packages/airflow/example_dags/example_display_name.py took 0.138 seconds
[2024-10-12T20:42:19.462+0000] {processor.py:186} INFO - Started process (PID=913) to work on /home/airflow/.local/lib/python3.12/site-packages/airflow/example_dags/example_display_name.py
[2024-10-12T20:42:19.465+0000] {processor.py:914} INFO - Processing file /home/airflow/.local/lib/python3.12/site-packages/airflow/example_dags/example_display_name.py for tasks to queue
[2024-10-12T20:42:19.471+0000] {logging_mixin.py:190} INFO - [2024-10-12T20:42:19.470+0000] {dagbag.py:588} INFO - Filling up the DagBag from /home/airflow/.local/lib/python3.12/site-packages/airflow/example_dags/example_display_name.py
[2024-10-12T20:42:19.496+0000] {processor.py:925} INFO - DAG(s) 'example_display_name' retrieved from /home/airflow/.local/lib/python3.12/site-packages/airflow/example_dags/example_display_name.py
[2024-10-12T20:42:19.545+0000] {logging_mixin.py:190} INFO - [2024-10-12T20:42:19.544+0000] {dag.py:3239} INFO - Sync 1 DAGs
[2024-10-12T20:42:19.575+0000] {logging_mixin.py:190} INFO - [2024-10-12T20:42:19.574+0000] {dag.py:4180} INFO - Setting next_dagrun for example_display_name to None, run_after=None
[2024-10-12T20:42:19.618+0000] {processor.py:208} INFO - Processing /home/airflow/.local/lib/python3.12/site-packages/airflow/example_dags/example_display_name.py took 0.171 seconds
[2024-10-12T20:42:51.193+0000] {processor.py:186} INFO - Started process (PID=975) to work on /home/airflow/.local/lib/python3.12/site-packages/airflow/example_dags/example_display_name.py
[2024-10-12T20:42:51.196+0000] {processor.py:914} INFO - Processing file /home/airflow/.local/lib/python3.12/site-packages/airflow/example_dags/example_display_name.py for tasks to queue
[2024-10-12T20:42:51.200+0000] {logging_mixin.py:190} INFO - [2024-10-12T20:42:51.200+0000] {dagbag.py:588} INFO - Filling up the DagBag from /home/airflow/.local/lib/python3.12/site-packages/airflow/example_dags/example_display_name.py
[2024-10-12T20:42:51.213+0000] {processor.py:925} INFO - DAG(s) 'example_display_name' retrieved from /home/airflow/.local/lib/python3.12/site-packages/airflow/example_dags/example_display_name.py
[2024-10-12T20:42:51.246+0000] {logging_mixin.py:190} INFO - [2024-10-12T20:42:51.245+0000] {dag.py:3239} INFO - Sync 1 DAGs
[2024-10-12T20:42:51.268+0000] {logging_mixin.py:190} INFO - [2024-10-12T20:42:51.267+0000] {dag.py:4180} INFO - Setting next_dagrun for example_display_name to None, run_after=None
[2024-10-12T20:42:51.303+0000] {processor.py:208} INFO - Processing /home/airflow/.local/lib/python3.12/site-packages/airflow/example_dags/example_display_name.py took 0.122 seconds
[2024-10-12T20:43:21.782+0000] {processor.py:186} INFO - Started process (PID=1037) to work on /home/airflow/.local/lib/python3.12/site-packages/airflow/example_dags/example_display_name.py
[2024-10-12T20:43:21.783+0000] {processor.py:914} INFO - Processing file /home/airflow/.local/lib/python3.12/site-packages/airflow/example_dags/example_display_name.py for tasks to queue
[2024-10-12T20:43:21.787+0000] {logging_mixin.py:190} INFO - [2024-10-12T20:43:21.786+0000] {dagbag.py:588} INFO - Filling up the DagBag from /home/airflow/.local/lib/python3.12/site-packages/airflow/example_dags/example_display_name.py
[2024-10-12T20:43:21.800+0000] {processor.py:925} INFO - DAG(s) 'example_display_name' retrieved from /home/airflow/.local/lib/python3.12/site-packages/airflow/example_dags/example_display_name.py
[2024-10-12T20:43:21.829+0000] {logging_mixin.py:190} INFO - [2024-10-12T20:43:21.829+0000] {dag.py:3239} INFO - Sync 1 DAGs
[2024-10-12T20:43:21.850+0000] {logging_mixin.py:190} INFO - [2024-10-12T20:43:21.849+0000] {dag.py:4180} INFO - Setting next_dagrun for example_display_name to None, run_after=None
[2024-10-12T20:43:21.882+0000] {processor.py:208} INFO - Processing /home/airflow/.local/lib/python3.12/site-packages/airflow/example_dags/example_display_name.py took 0.110 seconds
[2024-10-12T20:43:52.395+0000] {processor.py:186} INFO - Started process (PID=1098) to work on /home/airflow/.local/lib/python3.12/site-packages/airflow/example_dags/example_display_name.py
[2024-10-12T20:43:52.396+0000] {processor.py:914} INFO - Processing file /home/airflow/.local/lib/python3.12/site-packages/airflow/example_dags/example_display_name.py for tasks to queue
[2024-10-12T20:43:52.400+0000] {logging_mixin.py:190} INFO - [2024-10-12T20:43:52.399+0000] {dagbag.py:588} INFO - Filling up the DagBag from /home/airflow/.local/lib/python3.12/site-packages/airflow/example_dags/example_display_name.py
[2024-10-12T20:43:52.412+0000] {processor.py:925} INFO - DAG(s) 'example_display_name' retrieved from /home/airflow/.local/lib/python3.12/site-packages/airflow/example_dags/example_display_name.py
[2024-10-12T20:43:52.446+0000] {logging_mixin.py:190} INFO - [2024-10-12T20:43:52.445+0000] {dag.py:3239} INFO - Sync 1 DAGs
[2024-10-12T20:43:52.469+0000] {logging_mixin.py:190} INFO - [2024-10-12T20:43:52.469+0000] {dag.py:4180} INFO - Setting next_dagrun for example_display_name to None, run_after=None
[2024-10-12T20:43:52.506+0000] {processor.py:208} INFO - Processing /home/airflow/.local/lib/python3.12/site-packages/airflow/example_dags/example_display_name.py took 0.121 seconds
[2024-10-12T20:44:23.192+0000] {processor.py:186} INFO - Started process (PID=1160) to work on /home/airflow/.local/lib/python3.12/site-packages/airflow/example_dags/example_display_name.py
[2024-10-12T20:44:23.194+0000] {processor.py:914} INFO - Processing file /home/airflow/.local/lib/python3.12/site-packages/airflow/example_dags/example_display_name.py for tasks to queue
[2024-10-12T20:44:23.198+0000] {logging_mixin.py:190} INFO - [2024-10-12T20:44:23.197+0000] {dagbag.py:588} INFO - Filling up the DagBag from /home/airflow/.local/lib/python3.12/site-packages/airflow/example_dags/example_display_name.py
[2024-10-12T20:44:23.222+0000] {processor.py:925} INFO - DAG(s) 'example_display_name' retrieved from /home/airflow/.local/lib/python3.12/site-packages/airflow/example_dags/example_display_name.py
[2024-10-12T20:44:23.254+0000] {logging_mixin.py:190} INFO - [2024-10-12T20:44:23.253+0000] {dag.py:3239} INFO - Sync 1 DAGs
[2024-10-12T20:44:23.275+0000] {logging_mixin.py:190} INFO - [2024-10-12T20:44:23.275+0000] {dag.py:4180} INFO - Setting next_dagrun for example_display_name to None, run_after=None
[2024-10-12T20:44:23.317+0000] {processor.py:208} INFO - Processing /home/airflow/.local/lib/python3.12/site-packages/airflow/example_dags/example_display_name.py took 0.143 seconds
[2024-10-12T20:44:53.922+0000] {processor.py:186} INFO - Started process (PID=1222) to work on /home/airflow/.local/lib/python3.12/site-packages/airflow/example_dags/example_display_name.py
[2024-10-12T20:44:53.924+0000] {processor.py:914} INFO - Processing file /home/airflow/.local/lib/python3.12/site-packages/airflow/example_dags/example_display_name.py for tasks to queue
[2024-10-12T20:44:53.928+0000] {logging_mixin.py:190} INFO - [2024-10-12T20:44:53.927+0000] {dagbag.py:588} INFO - Filling up the DagBag from /home/airflow/.local/lib/python3.12/site-packages/airflow/example_dags/example_display_name.py
[2024-10-12T20:44:53.940+0000] {processor.py:925} INFO - DAG(s) 'example_display_name' retrieved from /home/airflow/.local/lib/python3.12/site-packages/airflow/example_dags/example_display_name.py
[2024-10-12T20:44:53.976+0000] {logging_mixin.py:190} INFO - [2024-10-12T20:44:53.975+0000] {dag.py:3239} INFO - Sync 1 DAGs
[2024-10-12T20:44:53.998+0000] {logging_mixin.py:190} INFO - [2024-10-12T20:44:53.997+0000] {dag.py:4180} INFO - Setting next_dagrun for example_display_name to None, run_after=None
[2024-10-12T20:44:54.026+0000] {processor.py:208} INFO - Processing /home/airflow/.local/lib/python3.12/site-packages/airflow/example_dags/example_display_name.py took 0.115 seconds
[2024-10-12T20:45:24.920+0000] {processor.py:186} INFO - Started process (PID=1284) to work on /home/airflow/.local/lib/python3.12/site-packages/airflow/example_dags/example_display_name.py
[2024-10-12T20:45:24.922+0000] {processor.py:914} INFO - Processing file /home/airflow/.local/lib/python3.12/site-packages/airflow/example_dags/example_display_name.py for tasks to queue
[2024-10-12T20:45:24.924+0000] {logging_mixin.py:190} INFO - [2024-10-12T20:45:24.924+0000] {dagbag.py:588} INFO - Filling up the DagBag from /home/airflow/.local/lib/python3.12/site-packages/airflow/example_dags/example_display_name.py
[2024-10-12T20:45:24.933+0000] {processor.py:925} INFO - DAG(s) 'example_display_name' retrieved from /home/airflow/.local/lib/python3.12/site-packages/airflow/example_dags/example_display_name.py
[2024-10-12T20:45:24.957+0000] {logging_mixin.py:190} INFO - [2024-10-12T20:45:24.956+0000] {dag.py:3239} INFO - Sync 1 DAGs
[2024-10-12T20:45:24.980+0000] {logging_mixin.py:190} INFO - [2024-10-12T20:45:24.980+0000] {dag.py:4180} INFO - Setting next_dagrun for example_display_name to None, run_after=None
[2024-10-12T20:45:25.006+0000] {processor.py:208} INFO - Processing /home/airflow/.local/lib/python3.12/site-packages/airflow/example_dags/example_display_name.py took 0.093 seconds
[2024-10-12T20:45:56.474+0000] {processor.py:186} INFO - Started process (PID=1346) to work on /home/airflow/.local/lib/python3.12/site-packages/airflow/example_dags/example_display_name.py
[2024-10-12T20:45:56.477+0000] {processor.py:914} INFO - Processing file /home/airflow/.local/lib/python3.12/site-packages/airflow/example_dags/example_display_name.py for tasks to queue
[2024-10-12T20:45:56.481+0000] {logging_mixin.py:190} INFO - [2024-10-12T20:45:56.480+0000] {dagbag.py:588} INFO - Filling up the DagBag from /home/airflow/.local/lib/python3.12/site-packages/airflow/example_dags/example_display_name.py
[2024-10-12T20:45:56.505+0000] {processor.py:925} INFO - DAG(s) 'example_display_name' retrieved from /home/airflow/.local/lib/python3.12/site-packages/airflow/example_dags/example_display_name.py
[2024-10-12T20:45:56.542+0000] {logging_mixin.py:190} INFO - [2024-10-12T20:45:56.542+0000] {dag.py:3239} INFO - Sync 1 DAGs
[2024-10-12T20:45:56.567+0000] {logging_mixin.py:190} INFO - [2024-10-12T20:45:56.567+0000] {dag.py:4180} INFO - Setting next_dagrun for example_display_name to None, run_after=None
[2024-10-12T20:45:56.608+0000] {processor.py:208} INFO - Processing /home/airflow/.local/lib/python3.12/site-packages/airflow/example_dags/example_display_name.py took 0.147 seconds
[2024-10-12T20:46:27.171+0000] {processor.py:186} INFO - Started process (PID=1408) to work on /home/airflow/.local/lib/python3.12/site-packages/airflow/example_dags/example_display_name.py
[2024-10-12T20:46:27.173+0000] {processor.py:914} INFO - Processing file /home/airflow/.local/lib/python3.12/site-packages/airflow/example_dags/example_display_name.py for tasks to queue
[2024-10-12T20:46:27.177+0000] {logging_mixin.py:190} INFO - [2024-10-12T20:46:27.176+0000] {dagbag.py:588} INFO - Filling up the DagBag from /home/airflow/.local/lib/python3.12/site-packages/airflow/example_dags/example_display_name.py
[2024-10-12T20:46:27.190+0000] {processor.py:925} INFO - DAG(s) 'example_display_name' retrieved from /home/airflow/.local/lib/python3.12/site-packages/airflow/example_dags/example_display_name.py
[2024-10-12T20:46:27.220+0000] {logging_mixin.py:190} INFO - [2024-10-12T20:46:27.219+0000] {dag.py:3239} INFO - Sync 1 DAGs
[2024-10-12T20:46:27.241+0000] {logging_mixin.py:190} INFO - [2024-10-12T20:46:27.241+0000] {dag.py:4180} INFO - Setting next_dagrun for example_display_name to None, run_after=None
[2024-10-12T20:46:27.273+0000] {processor.py:208} INFO - Processing /home/airflow/.local/lib/python3.12/site-packages/airflow/example_dags/example_display_name.py took 0.111 seconds
[2024-10-12T20:46:57.940+0000] {processor.py:186} INFO - Started process (PID=1470) to work on /home/airflow/.local/lib/python3.12/site-packages/airflow/example_dags/example_display_name.py
[2024-10-12T20:46:57.942+0000] {processor.py:914} INFO - Processing file /home/airflow/.local/lib/python3.12/site-packages/airflow/example_dags/example_display_name.py for tasks to queue
[2024-10-12T20:46:57.947+0000] {logging_mixin.py:190} INFO - [2024-10-12T20:46:57.946+0000] {dagbag.py:588} INFO - Filling up the DagBag from /home/airflow/.local/lib/python3.12/site-packages/airflow/example_dags/example_display_name.py
[2024-10-12T20:46:57.958+0000] {processor.py:925} INFO - DAG(s) 'example_display_name' retrieved from /home/airflow/.local/lib/python3.12/site-packages/airflow/example_dags/example_display_name.py
[2024-10-12T20:46:57.987+0000] {logging_mixin.py:190} INFO - [2024-10-12T20:46:57.986+0000] {dag.py:3239} INFO - Sync 1 DAGs
[2024-10-12T20:46:58.008+0000] {logging_mixin.py:190} INFO - [2024-10-12T20:46:58.008+0000] {dag.py:4180} INFO - Setting next_dagrun for example_display_name to None, run_after=None
[2024-10-12T20:46:58.045+0000] {processor.py:208} INFO - Processing /home/airflow/.local/lib/python3.12/site-packages/airflow/example_dags/example_display_name.py took 0.118 seconds
[2024-10-12T20:47:28.170+0000] {processor.py:186} INFO - Started process (PID=1531) to work on /home/airflow/.local/lib/python3.12/site-packages/airflow/example_dags/example_display_name.py
[2024-10-12T20:47:28.172+0000] {processor.py:914} INFO - Processing file /home/airflow/.local/lib/python3.12/site-packages/airflow/example_dags/example_display_name.py for tasks to queue
[2024-10-12T20:47:28.176+0000] {logging_mixin.py:190} INFO - [2024-10-12T20:47:28.176+0000] {dagbag.py:588} INFO - Filling up the DagBag from /home/airflow/.local/lib/python3.12/site-packages/airflow/example_dags/example_display_name.py
[2024-10-12T20:47:28.189+0000] {processor.py:925} INFO - DAG(s) 'example_display_name' retrieved from /home/airflow/.local/lib/python3.12/site-packages/airflow/example_dags/example_display_name.py
[2024-10-12T20:47:28.221+0000] {logging_mixin.py:190} INFO - [2024-10-12T20:47:28.220+0000] {dag.py:3239} INFO - Sync 1 DAGs
[2024-10-12T20:47:28.242+0000] {logging_mixin.py:190} INFO - [2024-10-12T20:47:28.242+0000] {dag.py:4180} INFO - Setting next_dagrun for example_display_name to None, run_after=None
[2024-10-12T20:47:28.274+0000] {processor.py:208} INFO - Processing /home/airflow/.local/lib/python3.12/site-packages/airflow/example_dags/example_display_name.py took 0.114 seconds
[2024-10-12T20:47:58.841+0000] {processor.py:186} INFO - Started process (PID=1593) to work on /home/airflow/.local/lib/python3.12/site-packages/airflow/example_dags/example_display_name.py
[2024-10-12T20:47:58.843+0000] {processor.py:914} INFO - Processing file /home/airflow/.local/lib/python3.12/site-packages/airflow/example_dags/example_display_name.py for tasks to queue
[2024-10-12T20:47:58.848+0000] {logging_mixin.py:190} INFO - [2024-10-12T20:47:58.847+0000] {dagbag.py:588} INFO - Filling up the DagBag from /home/airflow/.local/lib/python3.12/site-packages/airflow/example_dags/example_display_name.py
[2024-10-12T20:47:58.862+0000] {processor.py:925} INFO - DAG(s) 'example_display_name' retrieved from /home/airflow/.local/lib/python3.12/site-packages/airflow/example_dags/example_display_name.py
[2024-10-12T20:47:58.903+0000] {logging_mixin.py:190} INFO - [2024-10-12T20:47:58.903+0000] {dag.py:3239} INFO - Sync 1 DAGs
[2024-10-12T20:47:58.934+0000] {logging_mixin.py:190} INFO - [2024-10-12T20:47:58.934+0000] {dag.py:4180} INFO - Setting next_dagrun for example_display_name to None, run_after=None
[2024-10-12T20:47:58.961+0000] {processor.py:208} INFO - Processing /home/airflow/.local/lib/python3.12/site-packages/airflow/example_dags/example_display_name.py took 0.130 seconds
[2024-10-12T20:48:30.318+0000] {processor.py:186} INFO - Started process (PID=1656) to work on /home/airflow/.local/lib/python3.12/site-packages/airflow/example_dags/example_display_name.py
[2024-10-12T20:48:30.320+0000] {processor.py:914} INFO - Processing file /home/airflow/.local/lib/python3.12/site-packages/airflow/example_dags/example_display_name.py for tasks to queue
[2024-10-12T20:48:30.324+0000] {logging_mixin.py:190} INFO - [2024-10-12T20:48:30.323+0000] {dagbag.py:588} INFO - Filling up the DagBag from /home/airflow/.local/lib/python3.12/site-packages/airflow/example_dags/example_display_name.py
[2024-10-12T20:48:30.339+0000] {processor.py:925} INFO - DAG(s) 'example_display_name' retrieved from /home/airflow/.local/lib/python3.12/site-packages/airflow/example_dags/example_display_name.py
[2024-10-12T20:48:30.376+0000] {logging_mixin.py:190} INFO - [2024-10-12T20:48:30.375+0000] {dag.py:3239} INFO - Sync 1 DAGs
[2024-10-12T20:48:30.399+0000] {logging_mixin.py:190} INFO - [2024-10-12T20:48:30.399+0000] {dag.py:4180} INFO - Setting next_dagrun for example_display_name to None, run_after=None
[2024-10-12T20:48:30.439+0000] {processor.py:208} INFO - Processing /home/airflow/.local/lib/python3.12/site-packages/airflow/example_dags/example_display_name.py took 0.135 seconds
[2024-10-12T20:49:00.778+0000] {processor.py:186} INFO - Started process (PID=1718) to work on /home/airflow/.local/lib/python3.12/site-packages/airflow/example_dags/example_display_name.py
[2024-10-12T20:49:00.779+0000] {processor.py:914} INFO - Processing file /home/airflow/.local/lib/python3.12/site-packages/airflow/example_dags/example_display_name.py for tasks to queue
[2024-10-12T20:49:00.783+0000] {logging_mixin.py:190} INFO - [2024-10-12T20:49:00.782+0000] {dagbag.py:588} INFO - Filling up the DagBag from /home/airflow/.local/lib/python3.12/site-packages/airflow/example_dags/example_display_name.py
[2024-10-12T20:49:00.793+0000] {processor.py:925} INFO - DAG(s) 'example_display_name' retrieved from /home/airflow/.local/lib/python3.12/site-packages/airflow/example_dags/example_display_name.py
[2024-10-12T20:49:00.826+0000] {logging_mixin.py:190} INFO - [2024-10-12T20:49:00.825+0000] {dag.py:3239} INFO - Sync 1 DAGs
[2024-10-12T20:49:00.854+0000] {logging_mixin.py:190} INFO - [2024-10-12T20:49:00.854+0000] {dag.py:4180} INFO - Setting next_dagrun for example_display_name to None, run_after=None
[2024-10-12T20:49:00.883+0000] {processor.py:208} INFO - Processing /home/airflow/.local/lib/python3.12/site-packages/airflow/example_dags/example_display_name.py took 0.114 seconds
[2024-10-12T20:49:31.139+0000] {processor.py:186} INFO - Started process (PID=1780) to work on /home/airflow/.local/lib/python3.12/site-packages/airflow/example_dags/example_display_name.py
[2024-10-12T20:49:31.142+0000] {processor.py:914} INFO - Processing file /home/airflow/.local/lib/python3.12/site-packages/airflow/example_dags/example_display_name.py for tasks to queue
[2024-10-12T20:49:31.148+0000] {logging_mixin.py:190} INFO - [2024-10-12T20:49:31.147+0000] {dagbag.py:588} INFO - Filling up the DagBag from /home/airflow/.local/lib/python3.12/site-packages/airflow/example_dags/example_display_name.py
[2024-10-12T20:49:31.166+0000] {processor.py:925} INFO - DAG(s) 'example_display_name' retrieved from /home/airflow/.local/lib/python3.12/site-packages/airflow/example_dags/example_display_name.py
[2024-10-12T20:49:31.208+0000] {logging_mixin.py:190} INFO - [2024-10-12T20:49:31.208+0000] {dag.py:3239} INFO - Sync 1 DAGs
[2024-10-12T20:49:31.232+0000] {logging_mixin.py:190} INFO - [2024-10-12T20:49:31.232+0000] {dag.py:4180} INFO - Setting next_dagrun for example_display_name to None, run_after=None
[2024-10-12T20:49:31.269+0000] {processor.py:208} INFO - Processing /home/airflow/.local/lib/python3.12/site-packages/airflow/example_dags/example_display_name.py took 0.144 seconds
[2024-10-12T20:50:01.949+0000] {processor.py:186} INFO - Started process (PID=1841) to work on /home/airflow/.local/lib/python3.12/site-packages/airflow/example_dags/example_display_name.py
[2024-10-12T20:50:01.951+0000] {processor.py:914} INFO - Processing file /home/airflow/.local/lib/python3.12/site-packages/airflow/example_dags/example_display_name.py for tasks to queue
[2024-10-12T20:50:01.957+0000] {logging_mixin.py:190} INFO - [2024-10-12T20:50:01.956+0000] {dagbag.py:588} INFO - Filling up the DagBag from /home/airflow/.local/lib/python3.12/site-packages/airflow/example_dags/example_display_name.py
[2024-10-12T20:50:01.970+0000] {processor.py:925} INFO - DAG(s) 'example_display_name' retrieved from /home/airflow/.local/lib/python3.12/site-packages/airflow/example_dags/example_display_name.py
[2024-10-12T20:50:02.020+0000] {logging_mixin.py:190} INFO - [2024-10-12T20:50:02.018+0000] {dag.py:3239} INFO - Sync 1 DAGs
[2024-10-12T20:50:02.119+0000] {logging_mixin.py:190} INFO - [2024-10-12T20:50:02.118+0000] {dag.py:4180} INFO - Setting next_dagrun for example_display_name to None, run_after=None
[2024-10-12T20:50:02.189+0000] {processor.py:208} INFO - Processing /home/airflow/.local/lib/python3.12/site-packages/airflow/example_dags/example_display_name.py took 0.251 seconds
