[2024-10-12T20:35:42.029+0000] {processor.py:186} INFO - Started process (PID=122) to work on /home/airflow/.local/lib/python3.12/site-packages/airflow/example_dags/example_short_circuit_decorator.py
[2024-10-12T20:35:42.030+0000] {processor.py:914} INFO - Processing file /home/airflow/.local/lib/python3.12/site-packages/airflow/example_dags/example_short_circuit_decorator.py for tasks to queue
[2024-10-12T20:35:42.033+0000] {logging_mixin.py:190} INFO - [2024-10-12T20:35:42.033+0000] {dagbag.py:588} INFO - Filling up the DagBag from /home/airflow/.local/lib/python3.12/site-packages/airflow/example_dags/example_short_circuit_decorator.py
[2024-10-12T20:35:42.077+0000] {processor.py:925} INFO - DAG(s) 'example_short_circuit_decorator' retrieved from /home/airflow/.local/lib/python3.12/site-packages/airflow/example_dags/example_short_circuit_decorator.py
[2024-10-12T20:35:42.277+0000] {logging_mixin.py:190} INFO - [2024-10-12T20:35:42.276+0000] {override.py:1900} INFO - Created Permission View: can delete on DAG:example_short_circuit_decorator
[2024-10-12T20:35:42.315+0000] {logging_mixin.py:190} INFO - [2024-10-12T20:35:42.315+0000] {override.py:1900} INFO - Created Permission View: can edit on DAG:example_short_circuit_decorator
[2024-10-12T20:35:42.360+0000] {logging_mixin.py:190} INFO - [2024-10-12T20:35:42.360+0000] {override.py:1900} INFO - Created Permission View: can read on DAG:example_short_circuit_decorator
[2024-10-12T20:35:42.379+0000] {logging_mixin.py:190} INFO - [2024-10-12T20:35:42.379+0000] {override.py:1900} INFO - Created Permission View: can delete on DAG Run:example_short_circuit_decorator
[2024-10-12T20:35:42.396+0000] {logging_mixin.py:190} INFO - [2024-10-12T20:35:42.396+0000] {override.py:1900} INFO - Created Permission View: can create on DAG Run:example_short_circuit_decorator
[2024-10-12T20:35:42.414+0000] {logging_mixin.py:190} INFO - [2024-10-12T20:35:42.413+0000] {override.py:1900} INFO - Created Permission View: menu access on DAG Run:example_short_circuit_decorator
[2024-10-12T20:35:42.423+0000] {logging_mixin.py:190} INFO - [2024-10-12T20:35:42.423+0000] {override.py:1900} INFO - Created Permission View: can read on DAG Run:example_short_circuit_decorator
[2024-10-12T20:35:42.425+0000] {logging_mixin.py:190} INFO - [2024-10-12T20:35:42.424+0000] {dag.py:3239} INFO - Sync 1 DAGs
[2024-10-12T20:35:42.440+0000] {logging_mixin.py:190} INFO - [2024-10-12T20:35:42.440+0000] {dag.py:3262} INFO - Creating ORM DAG for example_short_circuit_decorator
[2024-10-12T20:35:42.442+0000] {logging_mixin.py:190} INFO - [2024-10-12T20:35:42.442+0000] {dag.py:4180} INFO - Setting next_dagrun for example_short_circuit_decorator to None, run_after=None
[2024-10-12T20:35:42.465+0000] {processor.py:208} INFO - Processing /home/airflow/.local/lib/python3.12/site-packages/airflow/example_dags/example_short_circuit_decorator.py took 0.444 seconds
[2024-10-12T20:36:12.635+0000] {processor.py:186} INFO - Started process (PID=184) to work on /home/airflow/.local/lib/python3.12/site-packages/airflow/example_dags/example_short_circuit_decorator.py
[2024-10-12T20:36:12.637+0000] {processor.py:914} INFO - Processing file /home/airflow/.local/lib/python3.12/site-packages/airflow/example_dags/example_short_circuit_decorator.py for tasks to queue
[2024-10-12T20:36:12.642+0000] {logging_mixin.py:190} INFO - [2024-10-12T20:36:12.641+0000] {dagbag.py:588} INFO - Filling up the DagBag from /home/airflow/.local/lib/python3.12/site-packages/airflow/example_dags/example_short_circuit_decorator.py
[2024-10-12T20:36:12.661+0000] {processor.py:925} INFO - DAG(s) 'example_short_circuit_decorator' retrieved from /home/airflow/.local/lib/python3.12/site-packages/airflow/example_dags/example_short_circuit_decorator.py
[2024-10-12T20:36:12.718+0000] {logging_mixin.py:190} INFO - [2024-10-12T20:36:12.718+0000] {dag.py:3239} INFO - Sync 1 DAGs
[2024-10-12T20:36:12.742+0000] {logging_mixin.py:190} INFO - [2024-10-12T20:36:12.742+0000] {dag.py:4180} INFO - Setting next_dagrun for example_short_circuit_decorator to None, run_after=None
[2024-10-12T20:36:12.777+0000] {processor.py:208} INFO - Processing /home/airflow/.local/lib/python3.12/site-packages/airflow/example_dags/example_short_circuit_decorator.py took 0.151 seconds
[2024-10-12T20:36:43.003+0000] {processor.py:186} INFO - Started process (PID=246) to work on /home/airflow/.local/lib/python3.12/site-packages/airflow/example_dags/example_short_circuit_decorator.py
[2024-10-12T20:36:43.005+0000] {processor.py:914} INFO - Processing file /home/airflow/.local/lib/python3.12/site-packages/airflow/example_dags/example_short_circuit_decorator.py for tasks to queue
[2024-10-12T20:36:43.009+0000] {logging_mixin.py:190} INFO - [2024-10-12T20:36:43.008+0000] {dagbag.py:588} INFO - Filling up the DagBag from /home/airflow/.local/lib/python3.12/site-packages/airflow/example_dags/example_short_circuit_decorator.py
[2024-10-12T20:36:43.024+0000] {processor.py:925} INFO - DAG(s) 'example_short_circuit_decorator' retrieved from /home/airflow/.local/lib/python3.12/site-packages/airflow/example_dags/example_short_circuit_decorator.py
[2024-10-12T20:36:43.061+0000] {logging_mixin.py:190} INFO - [2024-10-12T20:36:43.060+0000] {dag.py:3239} INFO - Sync 1 DAGs
[2024-10-12T20:36:43.094+0000] {logging_mixin.py:190} INFO - [2024-10-12T20:36:43.093+0000] {dag.py:4180} INFO - Setting next_dagrun for example_short_circuit_decorator to None, run_after=None
[2024-10-12T20:36:43.126+0000] {processor.py:208} INFO - Processing /home/airflow/.local/lib/python3.12/site-packages/airflow/example_dags/example_short_circuit_decorator.py took 0.133 seconds
[2024-10-12T20:37:13.304+0000] {processor.py:186} INFO - Started process (PID=308) to work on /home/airflow/.local/lib/python3.12/site-packages/airflow/example_dags/example_short_circuit_decorator.py
[2024-10-12T20:37:13.306+0000] {processor.py:914} INFO - Processing file /home/airflow/.local/lib/python3.12/site-packages/airflow/example_dags/example_short_circuit_decorator.py for tasks to queue
[2024-10-12T20:37:13.311+0000] {logging_mixin.py:190} INFO - [2024-10-12T20:37:13.310+0000] {dagbag.py:588} INFO - Filling up the DagBag from /home/airflow/.local/lib/python3.12/site-packages/airflow/example_dags/example_short_circuit_decorator.py
[2024-10-12T20:37:13.328+0000] {processor.py:925} INFO - DAG(s) 'example_short_circuit_decorator' retrieved from /home/airflow/.local/lib/python3.12/site-packages/airflow/example_dags/example_short_circuit_decorator.py
[2024-10-12T20:37:13.362+0000] {logging_mixin.py:190} INFO - [2024-10-12T20:37:13.362+0000] {dag.py:3239} INFO - Sync 1 DAGs
[2024-10-12T20:37:13.386+0000] {logging_mixin.py:190} INFO - [2024-10-12T20:37:13.386+0000] {dag.py:4180} INFO - Setting next_dagrun for example_short_circuit_decorator to None, run_after=None
[2024-10-12T20:37:13.422+0000] {processor.py:208} INFO - Processing /home/airflow/.local/lib/python3.12/site-packages/airflow/example_dags/example_short_circuit_decorator.py took 0.130 seconds
[2024-10-12T20:37:44.492+0000] {processor.py:186} INFO - Started process (PID=370) to work on /home/airflow/.local/lib/python3.12/site-packages/airflow/example_dags/example_short_circuit_decorator.py
[2024-10-12T20:37:44.493+0000] {processor.py:914} INFO - Processing file /home/airflow/.local/lib/python3.12/site-packages/airflow/example_dags/example_short_circuit_decorator.py for tasks to queue
[2024-10-12T20:37:44.498+0000] {logging_mixin.py:190} INFO - [2024-10-12T20:37:44.497+0000] {dagbag.py:588} INFO - Filling up the DagBag from /home/airflow/.local/lib/python3.12/site-packages/airflow/example_dags/example_short_circuit_decorator.py
[2024-10-12T20:37:44.513+0000] {processor.py:925} INFO - DAG(s) 'example_short_circuit_decorator' retrieved from /home/airflow/.local/lib/python3.12/site-packages/airflow/example_dags/example_short_circuit_decorator.py
[2024-10-12T20:37:44.550+0000] {logging_mixin.py:190} INFO - [2024-10-12T20:37:44.550+0000] {dag.py:3239} INFO - Sync 1 DAGs
[2024-10-12T20:37:44.571+0000] {logging_mixin.py:190} INFO - [2024-10-12T20:37:44.571+0000] {dag.py:4180} INFO - Setting next_dagrun for example_short_circuit_decorator to None, run_after=None
[2024-10-12T20:37:44.602+0000] {processor.py:208} INFO - Processing /home/airflow/.local/lib/python3.12/site-packages/airflow/example_dags/example_short_circuit_decorator.py took 0.120 seconds
[2024-10-12T20:38:16.109+0000] {processor.py:186} INFO - Started process (PID=432) to work on /home/airflow/.local/lib/python3.12/site-packages/airflow/example_dags/example_short_circuit_decorator.py
[2024-10-12T20:38:16.111+0000] {processor.py:914} INFO - Processing file /home/airflow/.local/lib/python3.12/site-packages/airflow/example_dags/example_short_circuit_decorator.py for tasks to queue
[2024-10-12T20:38:16.117+0000] {logging_mixin.py:190} INFO - [2024-10-12T20:38:16.116+0000] {dagbag.py:588} INFO - Filling up the DagBag from /home/airflow/.local/lib/python3.12/site-packages/airflow/example_dags/example_short_circuit_decorator.py
[2024-10-12T20:38:16.139+0000] {processor.py:925} INFO - DAG(s) 'example_short_circuit_decorator' retrieved from /home/airflow/.local/lib/python3.12/site-packages/airflow/example_dags/example_short_circuit_decorator.py
[2024-10-12T20:38:16.210+0000] {logging_mixin.py:190} INFO - [2024-10-12T20:38:16.209+0000] {dag.py:3239} INFO - Sync 1 DAGs
[2024-10-12T20:38:16.251+0000] {logging_mixin.py:190} INFO - [2024-10-12T20:38:16.251+0000] {dag.py:4180} INFO - Setting next_dagrun for example_short_circuit_decorator to None, run_after=None
[2024-10-12T20:38:16.309+0000] {processor.py:208} INFO - Processing /home/airflow/.local/lib/python3.12/site-packages/airflow/example_dags/example_short_circuit_decorator.py took 0.216 seconds
[2024-10-12T20:38:47.176+0000] {processor.py:186} INFO - Started process (PID=494) to work on /home/airflow/.local/lib/python3.12/site-packages/airflow/example_dags/example_short_circuit_decorator.py
[2024-10-12T20:38:47.178+0000] {processor.py:914} INFO - Processing file /home/airflow/.local/lib/python3.12/site-packages/airflow/example_dags/example_short_circuit_decorator.py for tasks to queue
[2024-10-12T20:38:47.181+0000] {logging_mixin.py:190} INFO - [2024-10-12T20:38:47.181+0000] {dagbag.py:588} INFO - Filling up the DagBag from /home/airflow/.local/lib/python3.12/site-packages/airflow/example_dags/example_short_circuit_decorator.py
[2024-10-12T20:38:47.196+0000] {processor.py:925} INFO - DAG(s) 'example_short_circuit_decorator' retrieved from /home/airflow/.local/lib/python3.12/site-packages/airflow/example_dags/example_short_circuit_decorator.py
[2024-10-12T20:38:47.234+0000] {logging_mixin.py:190} INFO - [2024-10-12T20:38:47.233+0000] {dag.py:3239} INFO - Sync 1 DAGs
[2024-10-12T20:38:47.255+0000] {logging_mixin.py:190} INFO - [2024-10-12T20:38:47.255+0000] {dag.py:4180} INFO - Setting next_dagrun for example_short_circuit_decorator to None, run_after=None
[2024-10-12T20:38:47.289+0000] {processor.py:208} INFO - Processing /home/airflow/.local/lib/python3.12/site-packages/airflow/example_dags/example_short_circuit_decorator.py took 0.126 seconds
[2024-10-12T20:39:17.370+0000] {processor.py:186} INFO - Started process (PID=556) to work on /home/airflow/.local/lib/python3.12/site-packages/airflow/example_dags/example_short_circuit_decorator.py
[2024-10-12T20:39:17.372+0000] {processor.py:914} INFO - Processing file /home/airflow/.local/lib/python3.12/site-packages/airflow/example_dags/example_short_circuit_decorator.py for tasks to queue
[2024-10-12T20:39:17.376+0000] {logging_mixin.py:190} INFO - [2024-10-12T20:39:17.375+0000] {dagbag.py:588} INFO - Filling up the DagBag from /home/airflow/.local/lib/python3.12/site-packages/airflow/example_dags/example_short_circuit_decorator.py
[2024-10-12T20:39:17.389+0000] {processor.py:925} INFO - DAG(s) 'example_short_circuit_decorator' retrieved from /home/airflow/.local/lib/python3.12/site-packages/airflow/example_dags/example_short_circuit_decorator.py
[2024-10-12T20:39:17.429+0000] {logging_mixin.py:190} INFO - [2024-10-12T20:39:17.428+0000] {dag.py:3239} INFO - Sync 1 DAGs
[2024-10-12T20:39:17.449+0000] {logging_mixin.py:190} INFO - [2024-10-12T20:39:17.448+0000] {dag.py:4180} INFO - Setting next_dagrun for example_short_circuit_decorator to None, run_after=None
[2024-10-12T20:39:17.481+0000] {processor.py:208} INFO - Processing /home/airflow/.local/lib/python3.12/site-packages/airflow/example_dags/example_short_circuit_decorator.py took 0.119 seconds
[2024-10-12T20:39:48.493+0000] {processor.py:186} INFO - Started process (PID=618) to work on /home/airflow/.local/lib/python3.12/site-packages/airflow/example_dags/example_short_circuit_decorator.py
[2024-10-12T20:39:48.497+0000] {processor.py:914} INFO - Processing file /home/airflow/.local/lib/python3.12/site-packages/airflow/example_dags/example_short_circuit_decorator.py for tasks to queue
[2024-10-12T20:39:48.504+0000] {logging_mixin.py:190} INFO - [2024-10-12T20:39:48.503+0000] {dagbag.py:588} INFO - Filling up the DagBag from /home/airflow/.local/lib/python3.12/site-packages/airflow/example_dags/example_short_circuit_decorator.py
[2024-10-12T20:39:48.533+0000] {processor.py:925} INFO - DAG(s) 'example_short_circuit_decorator' retrieved from /home/airflow/.local/lib/python3.12/site-packages/airflow/example_dags/example_short_circuit_decorator.py
[2024-10-12T20:39:48.600+0000] {logging_mixin.py:190} INFO - [2024-10-12T20:39:48.600+0000] {dag.py:3239} INFO - Sync 1 DAGs
[2024-10-12T20:39:48.626+0000] {logging_mixin.py:190} INFO - [2024-10-12T20:39:48.626+0000] {dag.py:4180} INFO - Setting next_dagrun for example_short_circuit_decorator to None, run_after=None
[2024-10-12T20:39:48.667+0000] {processor.py:208} INFO - Processing /home/airflow/.local/lib/python3.12/site-packages/airflow/example_dags/example_short_circuit_decorator.py took 0.192 seconds
[2024-10-12T20:40:19.831+0000] {processor.py:186} INFO - Started process (PID=679) to work on /home/airflow/.local/lib/python3.12/site-packages/airflow/example_dags/example_short_circuit_decorator.py
[2024-10-12T20:40:19.834+0000] {processor.py:914} INFO - Processing file /home/airflow/.local/lib/python3.12/site-packages/airflow/example_dags/example_short_circuit_decorator.py for tasks to queue
[2024-10-12T20:40:19.838+0000] {logging_mixin.py:190} INFO - [2024-10-12T20:40:19.838+0000] {dagbag.py:588} INFO - Filling up the DagBag from /home/airflow/.local/lib/python3.12/site-packages/airflow/example_dags/example_short_circuit_decorator.py
[2024-10-12T20:40:19.861+0000] {processor.py:925} INFO - DAG(s) 'example_short_circuit_decorator' retrieved from /home/airflow/.local/lib/python3.12/site-packages/airflow/example_dags/example_short_circuit_decorator.py
[2024-10-12T20:40:19.899+0000] {logging_mixin.py:190} INFO - [2024-10-12T20:40:19.898+0000] {dag.py:3239} INFO - Sync 1 DAGs
[2024-10-12T20:40:19.922+0000] {logging_mixin.py:190} INFO - [2024-10-12T20:40:19.921+0000] {dag.py:4180} INFO - Setting next_dagrun for example_short_circuit_decorator to None, run_after=None
[2024-10-12T20:40:19.965+0000] {processor.py:208} INFO - Processing /home/airflow/.local/lib/python3.12/site-packages/airflow/example_dags/example_short_circuit_decorator.py took 0.145 seconds
[2024-10-12T20:40:50.078+0000] {processor.py:186} INFO - Started process (PID=741) to work on /home/airflow/.local/lib/python3.12/site-packages/airflow/example_dags/example_short_circuit_decorator.py
[2024-10-12T20:40:50.080+0000] {processor.py:914} INFO - Processing file /home/airflow/.local/lib/python3.12/site-packages/airflow/example_dags/example_short_circuit_decorator.py for tasks to queue
[2024-10-12T20:40:50.084+0000] {logging_mixin.py:190} INFO - [2024-10-12T20:40:50.083+0000] {dagbag.py:588} INFO - Filling up the DagBag from /home/airflow/.local/lib/python3.12/site-packages/airflow/example_dags/example_short_circuit_decorator.py
[2024-10-12T20:40:50.099+0000] {processor.py:925} INFO - DAG(s) 'example_short_circuit_decorator' retrieved from /home/airflow/.local/lib/python3.12/site-packages/airflow/example_dags/example_short_circuit_decorator.py
[2024-10-12T20:40:50.131+0000] {logging_mixin.py:190} INFO - [2024-10-12T20:40:50.130+0000] {dag.py:3239} INFO - Sync 1 DAGs
[2024-10-12T20:40:50.151+0000] {logging_mixin.py:190} INFO - [2024-10-12T20:40:50.150+0000] {dag.py:4180} INFO - Setting next_dagrun for example_short_circuit_decorator to None, run_after=None
[2024-10-12T20:40:50.192+0000] {processor.py:208} INFO - Processing /home/airflow/.local/lib/python3.12/site-packages/airflow/example_dags/example_short_circuit_decorator.py took 0.125 seconds
[2024-10-12T20:41:20.917+0000] {processor.py:186} INFO - Started process (PID=803) to work on /home/airflow/.local/lib/python3.12/site-packages/airflow/example_dags/example_short_circuit_decorator.py
[2024-10-12T20:41:20.919+0000] {processor.py:914} INFO - Processing file /home/airflow/.local/lib/python3.12/site-packages/airflow/example_dags/example_short_circuit_decorator.py for tasks to queue
[2024-10-12T20:41:20.924+0000] {logging_mixin.py:190} INFO - [2024-10-12T20:41:20.923+0000] {dagbag.py:588} INFO - Filling up the DagBag from /home/airflow/.local/lib/python3.12/site-packages/airflow/example_dags/example_short_circuit_decorator.py
[2024-10-12T20:41:20.940+0000] {processor.py:925} INFO - DAG(s) 'example_short_circuit_decorator' retrieved from /home/airflow/.local/lib/python3.12/site-packages/airflow/example_dags/example_short_circuit_decorator.py
[2024-10-12T20:41:20.976+0000] {logging_mixin.py:190} INFO - [2024-10-12T20:41:20.976+0000] {dag.py:3239} INFO - Sync 1 DAGs
[2024-10-12T20:41:20.998+0000] {logging_mixin.py:190} INFO - [2024-10-12T20:41:20.998+0000] {dag.py:4180} INFO - Setting next_dagrun for example_short_circuit_decorator to None, run_after=None
[2024-10-12T20:41:21.035+0000] {processor.py:208} INFO - Processing /home/airflow/.local/lib/python3.12/site-packages/airflow/example_dags/example_short_circuit_decorator.py took 0.130 seconds
[2024-10-12T20:41:51.893+0000] {processor.py:186} INFO - Started process (PID=865) to work on /home/airflow/.local/lib/python3.12/site-packages/airflow/example_dags/example_short_circuit_decorator.py
[2024-10-12T20:41:51.898+0000] {processor.py:914} INFO - Processing file /home/airflow/.local/lib/python3.12/site-packages/airflow/example_dags/example_short_circuit_decorator.py for tasks to queue
[2024-10-12T20:41:51.903+0000] {logging_mixin.py:190} INFO - [2024-10-12T20:41:51.902+0000] {dagbag.py:588} INFO - Filling up the DagBag from /home/airflow/.local/lib/python3.12/site-packages/airflow/example_dags/example_short_circuit_decorator.py
[2024-10-12T20:41:51.925+0000] {processor.py:925} INFO - DAG(s) 'example_short_circuit_decorator' retrieved from /home/airflow/.local/lib/python3.12/site-packages/airflow/example_dags/example_short_circuit_decorator.py
[2024-10-12T20:41:51.964+0000] {logging_mixin.py:190} INFO - [2024-10-12T20:41:51.964+0000] {dag.py:3239} INFO - Sync 1 DAGs
[2024-10-12T20:41:51.986+0000] {logging_mixin.py:190} INFO - [2024-10-12T20:41:51.986+0000] {dag.py:4180} INFO - Setting next_dagrun for example_short_circuit_decorator to None, run_after=None
[2024-10-12T20:41:52.043+0000] {processor.py:208} INFO - Processing /home/airflow/.local/lib/python3.12/site-packages/airflow/example_dags/example_short_circuit_decorator.py took 0.160 seconds
[2024-10-12T20:42:22.488+0000] {processor.py:186} INFO - Started process (PID=927) to work on /home/airflow/.local/lib/python3.12/site-packages/airflow/example_dags/example_short_circuit_decorator.py
[2024-10-12T20:42:22.490+0000] {processor.py:914} INFO - Processing file /home/airflow/.local/lib/python3.12/site-packages/airflow/example_dags/example_short_circuit_decorator.py for tasks to queue
[2024-10-12T20:42:22.495+0000] {logging_mixin.py:190} INFO - [2024-10-12T20:42:22.494+0000] {dagbag.py:588} INFO - Filling up the DagBag from /home/airflow/.local/lib/python3.12/site-packages/airflow/example_dags/example_short_circuit_decorator.py
[2024-10-12T20:42:22.513+0000] {processor.py:925} INFO - DAG(s) 'example_short_circuit_decorator' retrieved from /home/airflow/.local/lib/python3.12/site-packages/airflow/example_dags/example_short_circuit_decorator.py
[2024-10-12T20:42:22.557+0000] {logging_mixin.py:190} INFO - [2024-10-12T20:42:22.556+0000] {dag.py:3239} INFO - Sync 1 DAGs
[2024-10-12T20:42:22.586+0000] {logging_mixin.py:190} INFO - [2024-10-12T20:42:22.585+0000] {dag.py:4180} INFO - Setting next_dagrun for example_short_circuit_decorator to None, run_after=None
[2024-10-12T20:42:22.633+0000] {processor.py:208} INFO - Processing /home/airflow/.local/lib/python3.12/site-packages/airflow/example_dags/example_short_circuit_decorator.py took 0.157 seconds
[2024-10-12T20:42:52.845+0000] {processor.py:186} INFO - Started process (PID=989) to work on /home/airflow/.local/lib/python3.12/site-packages/airflow/example_dags/example_short_circuit_decorator.py
[2024-10-12T20:42:52.847+0000] {processor.py:914} INFO - Processing file /home/airflow/.local/lib/python3.12/site-packages/airflow/example_dags/example_short_circuit_decorator.py for tasks to queue
[2024-10-12T20:42:52.854+0000] {logging_mixin.py:190} INFO - [2024-10-12T20:42:52.852+0000] {dagbag.py:588} INFO - Filling up the DagBag from /home/airflow/.local/lib/python3.12/site-packages/airflow/example_dags/example_short_circuit_decorator.py
[2024-10-12T20:42:52.868+0000] {processor.py:925} INFO - DAG(s) 'example_short_circuit_decorator' retrieved from /home/airflow/.local/lib/python3.12/site-packages/airflow/example_dags/example_short_circuit_decorator.py
[2024-10-12T20:42:52.907+0000] {logging_mixin.py:190} INFO - [2024-10-12T20:42:52.906+0000] {dag.py:3239} INFO - Sync 1 DAGs
[2024-10-12T20:42:52.936+0000] {logging_mixin.py:190} INFO - [2024-10-12T20:42:52.936+0000] {dag.py:4180} INFO - Setting next_dagrun for example_short_circuit_decorator to None, run_after=None
[2024-10-12T20:42:52.969+0000] {processor.py:208} INFO - Processing /home/airflow/.local/lib/python3.12/site-packages/airflow/example_dags/example_short_circuit_decorator.py took 0.139 seconds
[2024-10-12T20:43:23.369+0000] {processor.py:186} INFO - Started process (PID=1051) to work on /home/airflow/.local/lib/python3.12/site-packages/airflow/example_dags/example_short_circuit_decorator.py
[2024-10-12T20:43:23.371+0000] {processor.py:914} INFO - Processing file /home/airflow/.local/lib/python3.12/site-packages/airflow/example_dags/example_short_circuit_decorator.py for tasks to queue
[2024-10-12T20:43:23.375+0000] {logging_mixin.py:190} INFO - [2024-10-12T20:43:23.374+0000] {dagbag.py:588} INFO - Filling up the DagBag from /home/airflow/.local/lib/python3.12/site-packages/airflow/example_dags/example_short_circuit_decorator.py
[2024-10-12T20:43:23.392+0000] {processor.py:925} INFO - DAG(s) 'example_short_circuit_decorator' retrieved from /home/airflow/.local/lib/python3.12/site-packages/airflow/example_dags/example_short_circuit_decorator.py
[2024-10-12T20:43:23.432+0000] {logging_mixin.py:190} INFO - [2024-10-12T20:43:23.431+0000] {dag.py:3239} INFO - Sync 1 DAGs
[2024-10-12T20:43:23.454+0000] {logging_mixin.py:190} INFO - [2024-10-12T20:43:23.453+0000] {dag.py:4180} INFO - Setting next_dagrun for example_short_circuit_decorator to None, run_after=None
[2024-10-12T20:43:23.491+0000] {processor.py:208} INFO - Processing /home/airflow/.local/lib/python3.12/site-packages/airflow/example_dags/example_short_circuit_decorator.py took 0.131 seconds
[2024-10-12T20:43:54.117+0000] {processor.py:186} INFO - Started process (PID=1112) to work on /home/airflow/.local/lib/python3.12/site-packages/airflow/example_dags/example_short_circuit_decorator.py
[2024-10-12T20:43:54.119+0000] {processor.py:914} INFO - Processing file /home/airflow/.local/lib/python3.12/site-packages/airflow/example_dags/example_short_circuit_decorator.py for tasks to queue
[2024-10-12T20:43:54.123+0000] {logging_mixin.py:190} INFO - [2024-10-12T20:43:54.122+0000] {dagbag.py:588} INFO - Filling up the DagBag from /home/airflow/.local/lib/python3.12/site-packages/airflow/example_dags/example_short_circuit_decorator.py
[2024-10-12T20:43:54.140+0000] {processor.py:925} INFO - DAG(s) 'example_short_circuit_decorator' retrieved from /home/airflow/.local/lib/python3.12/site-packages/airflow/example_dags/example_short_circuit_decorator.py
[2024-10-12T20:43:54.176+0000] {logging_mixin.py:190} INFO - [2024-10-12T20:43:54.175+0000] {dag.py:3239} INFO - Sync 1 DAGs
[2024-10-12T20:43:54.201+0000] {logging_mixin.py:190} INFO - [2024-10-12T20:43:54.200+0000] {dag.py:4180} INFO - Setting next_dagrun for example_short_circuit_decorator to None, run_after=None
[2024-10-12T20:43:54.284+0000] {processor.py:208} INFO - Processing /home/airflow/.local/lib/python3.12/site-packages/airflow/example_dags/example_short_circuit_decorator.py took 0.177 seconds
[2024-10-12T20:44:24.953+0000] {processor.py:186} INFO - Started process (PID=1174) to work on /home/airflow/.local/lib/python3.12/site-packages/airflow/example_dags/example_short_circuit_decorator.py
[2024-10-12T20:44:24.956+0000] {processor.py:914} INFO - Processing file /home/airflow/.local/lib/python3.12/site-packages/airflow/example_dags/example_short_circuit_decorator.py for tasks to queue
[2024-10-12T20:44:24.960+0000] {logging_mixin.py:190} INFO - [2024-10-12T20:44:24.960+0000] {dagbag.py:588} INFO - Filling up the DagBag from /home/airflow/.local/lib/python3.12/site-packages/airflow/example_dags/example_short_circuit_decorator.py
[2024-10-12T20:44:24.975+0000] {processor.py:925} INFO - DAG(s) 'example_short_circuit_decorator' retrieved from /home/airflow/.local/lib/python3.12/site-packages/airflow/example_dags/example_short_circuit_decorator.py
[2024-10-12T20:44:25.022+0000] {logging_mixin.py:190} INFO - [2024-10-12T20:44:25.022+0000] {dag.py:3239} INFO - Sync 1 DAGs
[2024-10-12T20:44:25.046+0000] {logging_mixin.py:190} INFO - [2024-10-12T20:44:25.045+0000] {dag.py:4180} INFO - Setting next_dagrun for example_short_circuit_decorator to None, run_after=None
[2024-10-12T20:44:25.074+0000] {processor.py:208} INFO - Processing /home/airflow/.local/lib/python3.12/site-packages/airflow/example_dags/example_short_circuit_decorator.py took 0.130 seconds
[2024-10-12T20:44:55.643+0000] {processor.py:186} INFO - Started process (PID=1236) to work on /home/airflow/.local/lib/python3.12/site-packages/airflow/example_dags/example_short_circuit_decorator.py
[2024-10-12T20:44:55.645+0000] {processor.py:914} INFO - Processing file /home/airflow/.local/lib/python3.12/site-packages/airflow/example_dags/example_short_circuit_decorator.py for tasks to queue
[2024-10-12T20:44:55.649+0000] {logging_mixin.py:190} INFO - [2024-10-12T20:44:55.649+0000] {dagbag.py:588} INFO - Filling up the DagBag from /home/airflow/.local/lib/python3.12/site-packages/airflow/example_dags/example_short_circuit_decorator.py
[2024-10-12T20:44:55.667+0000] {processor.py:925} INFO - DAG(s) 'example_short_circuit_decorator' retrieved from /home/airflow/.local/lib/python3.12/site-packages/airflow/example_dags/example_short_circuit_decorator.py
[2024-10-12T20:44:55.709+0000] {logging_mixin.py:190} INFO - [2024-10-12T20:44:55.709+0000] {dag.py:3239} INFO - Sync 1 DAGs
[2024-10-12T20:44:55.730+0000] {logging_mixin.py:190} INFO - [2024-10-12T20:44:55.730+0000] {dag.py:4180} INFO - Setting next_dagrun for example_short_circuit_decorator to None, run_after=None
[2024-10-12T20:44:55.770+0000] {processor.py:208} INFO - Processing /home/airflow/.local/lib/python3.12/site-packages/airflow/example_dags/example_short_circuit_decorator.py took 0.136 seconds
[2024-10-12T20:45:26.143+0000] {processor.py:186} INFO - Started process (PID=1298) to work on /home/airflow/.local/lib/python3.12/site-packages/airflow/example_dags/example_short_circuit_decorator.py
[2024-10-12T20:45:26.144+0000] {processor.py:914} INFO - Processing file /home/airflow/.local/lib/python3.12/site-packages/airflow/example_dags/example_short_circuit_decorator.py for tasks to queue
[2024-10-12T20:45:26.148+0000] {logging_mixin.py:190} INFO - [2024-10-12T20:45:26.147+0000] {dagbag.py:588} INFO - Filling up the DagBag from /home/airflow/.local/lib/python3.12/site-packages/airflow/example_dags/example_short_circuit_decorator.py
[2024-10-12T20:45:26.161+0000] {processor.py:925} INFO - DAG(s) 'example_short_circuit_decorator' retrieved from /home/airflow/.local/lib/python3.12/site-packages/airflow/example_dags/example_short_circuit_decorator.py
[2024-10-12T20:45:26.191+0000] {logging_mixin.py:190} INFO - [2024-10-12T20:45:26.190+0000] {dag.py:3239} INFO - Sync 1 DAGs
[2024-10-12T20:45:26.208+0000] {logging_mixin.py:190} INFO - [2024-10-12T20:45:26.208+0000] {dag.py:4180} INFO - Setting next_dagrun for example_short_circuit_decorator to None, run_after=None
[2024-10-12T20:45:26.243+0000] {processor.py:208} INFO - Processing /home/airflow/.local/lib/python3.12/site-packages/airflow/example_dags/example_short_circuit_decorator.py took 0.108 seconds
[2024-10-12T20:45:58.221+0000] {processor.py:186} INFO - Started process (PID=1360) to work on /home/airflow/.local/lib/python3.12/site-packages/airflow/example_dags/example_short_circuit_decorator.py
[2024-10-12T20:45:58.223+0000] {processor.py:914} INFO - Processing file /home/airflow/.local/lib/python3.12/site-packages/airflow/example_dags/example_short_circuit_decorator.py for tasks to queue
[2024-10-12T20:45:58.228+0000] {logging_mixin.py:190} INFO - [2024-10-12T20:45:58.228+0000] {dagbag.py:588} INFO - Filling up the DagBag from /home/airflow/.local/lib/python3.12/site-packages/airflow/example_dags/example_short_circuit_decorator.py
[2024-10-12T20:45:58.250+0000] {processor.py:925} INFO - DAG(s) 'example_short_circuit_decorator' retrieved from /home/airflow/.local/lib/python3.12/site-packages/airflow/example_dags/example_short_circuit_decorator.py
[2024-10-12T20:45:58.297+0000] {logging_mixin.py:190} INFO - [2024-10-12T20:45:58.297+0000] {dag.py:3239} INFO - Sync 1 DAGs
[2024-10-12T20:45:58.323+0000] {logging_mixin.py:190} INFO - [2024-10-12T20:45:58.322+0000] {dag.py:4180} INFO - Setting next_dagrun for example_short_circuit_decorator to None, run_after=None
[2024-10-12T20:45:58.373+0000] {processor.py:208} INFO - Processing /home/airflow/.local/lib/python3.12/site-packages/airflow/example_dags/example_short_circuit_decorator.py took 0.162 seconds
[2024-10-12T20:46:29.018+0000] {processor.py:186} INFO - Started process (PID=1422) to work on /home/airflow/.local/lib/python3.12/site-packages/airflow/example_dags/example_short_circuit_decorator.py
[2024-10-12T20:46:29.028+0000] {processor.py:914} INFO - Processing file /home/airflow/.local/lib/python3.12/site-packages/airflow/example_dags/example_short_circuit_decorator.py for tasks to queue
[2024-10-12T20:46:29.033+0000] {logging_mixin.py:190} INFO - [2024-10-12T20:46:29.032+0000] {dagbag.py:588} INFO - Filling up the DagBag from /home/airflow/.local/lib/python3.12/site-packages/airflow/example_dags/example_short_circuit_decorator.py
[2024-10-12T20:46:29.053+0000] {processor.py:925} INFO - DAG(s) 'example_short_circuit_decorator' retrieved from /home/airflow/.local/lib/python3.12/site-packages/airflow/example_dags/example_short_circuit_decorator.py
[2024-10-12T20:46:29.098+0000] {logging_mixin.py:190} INFO - [2024-10-12T20:46:29.098+0000] {dag.py:3239} INFO - Sync 1 DAGs
[2024-10-12T20:46:29.123+0000] {logging_mixin.py:190} INFO - [2024-10-12T20:46:29.123+0000] {dag.py:4180} INFO - Setting next_dagrun for example_short_circuit_decorator to None, run_after=None
[2024-10-12T20:46:29.160+0000] {processor.py:208} INFO - Processing /home/airflow/.local/lib/python3.12/site-packages/airflow/example_dags/example_short_circuit_decorator.py took 0.159 seconds
[2024-10-12T20:46:59.778+0000] {processor.py:186} INFO - Started process (PID=1484) to work on /home/airflow/.local/lib/python3.12/site-packages/airflow/example_dags/example_short_circuit_decorator.py
[2024-10-12T20:46:59.780+0000] {processor.py:914} INFO - Processing file /home/airflow/.local/lib/python3.12/site-packages/airflow/example_dags/example_short_circuit_decorator.py for tasks to queue
[2024-10-12T20:46:59.785+0000] {logging_mixin.py:190} INFO - [2024-10-12T20:46:59.784+0000] {dagbag.py:588} INFO - Filling up the DagBag from /home/airflow/.local/lib/python3.12/site-packages/airflow/example_dags/example_short_circuit_decorator.py
[2024-10-12T20:46:59.810+0000] {processor.py:925} INFO - DAG(s) 'example_short_circuit_decorator' retrieved from /home/airflow/.local/lib/python3.12/site-packages/airflow/example_dags/example_short_circuit_decorator.py
[2024-10-12T20:46:59.866+0000] {logging_mixin.py:190} INFO - [2024-10-12T20:46:59.866+0000] {dag.py:3239} INFO - Sync 1 DAGs
[2024-10-12T20:46:59.993+0000] {logging_mixin.py:190} INFO - [2024-10-12T20:46:59.992+0000] {dag.py:4180} INFO - Setting next_dagrun for example_short_circuit_decorator to None, run_after=None
[2024-10-12T20:47:00.034+0000] {processor.py:208} INFO - Processing /home/airflow/.local/lib/python3.12/site-packages/airflow/example_dags/example_short_circuit_decorator.py took 0.269 seconds
[2024-10-12T20:47:30.125+0000] {processor.py:186} INFO - Started process (PID=1545) to work on /home/airflow/.local/lib/python3.12/site-packages/airflow/example_dags/example_short_circuit_decorator.py
[2024-10-12T20:47:30.128+0000] {processor.py:914} INFO - Processing file /home/airflow/.local/lib/python3.12/site-packages/airflow/example_dags/example_short_circuit_decorator.py for tasks to queue
[2024-10-12T20:47:30.132+0000] {logging_mixin.py:190} INFO - [2024-10-12T20:47:30.131+0000] {dagbag.py:588} INFO - Filling up the DagBag from /home/airflow/.local/lib/python3.12/site-packages/airflow/example_dags/example_short_circuit_decorator.py
[2024-10-12T20:47:30.153+0000] {processor.py:925} INFO - DAG(s) 'example_short_circuit_decorator' retrieved from /home/airflow/.local/lib/python3.12/site-packages/airflow/example_dags/example_short_circuit_decorator.py
[2024-10-12T20:47:30.199+0000] {logging_mixin.py:190} INFO - [2024-10-12T20:47:30.199+0000] {dag.py:3239} INFO - Sync 1 DAGs
[2024-10-12T20:47:30.226+0000] {logging_mixin.py:190} INFO - [2024-10-12T20:47:30.226+0000] {dag.py:4180} INFO - Setting next_dagrun for example_short_circuit_decorator to None, run_after=None
[2024-10-12T20:47:30.270+0000] {processor.py:208} INFO - Processing /home/airflow/.local/lib/python3.12/site-packages/airflow/example_dags/example_short_circuit_decorator.py took 0.154 seconds
[2024-10-12T20:48:01.144+0000] {processor.py:186} INFO - Started process (PID=1608) to work on /home/airflow/.local/lib/python3.12/site-packages/airflow/example_dags/example_short_circuit_decorator.py
[2024-10-12T20:48:01.146+0000] {processor.py:914} INFO - Processing file /home/airflow/.local/lib/python3.12/site-packages/airflow/example_dags/example_short_circuit_decorator.py for tasks to queue
[2024-10-12T20:48:01.150+0000] {logging_mixin.py:190} INFO - [2024-10-12T20:48:01.149+0000] {dagbag.py:588} INFO - Filling up the DagBag from /home/airflow/.local/lib/python3.12/site-packages/airflow/example_dags/example_short_circuit_decorator.py
[2024-10-12T20:48:01.164+0000] {processor.py:925} INFO - DAG(s) 'example_short_circuit_decorator' retrieved from /home/airflow/.local/lib/python3.12/site-packages/airflow/example_dags/example_short_circuit_decorator.py
[2024-10-12T20:48:01.208+0000] {logging_mixin.py:190} INFO - [2024-10-12T20:48:01.208+0000] {dag.py:3239} INFO - Sync 1 DAGs
[2024-10-12T20:48:01.250+0000] {logging_mixin.py:190} INFO - [2024-10-12T20:48:01.250+0000] {dag.py:4180} INFO - Setting next_dagrun for example_short_circuit_decorator to None, run_after=None
[2024-10-12T20:48:01.282+0000] {processor.py:208} INFO - Processing /home/airflow/.local/lib/python3.12/site-packages/airflow/example_dags/example_short_circuit_decorator.py took 0.146 seconds
[2024-10-12T20:48:31.900+0000] {processor.py:186} INFO - Started process (PID=1671) to work on /home/airflow/.local/lib/python3.12/site-packages/airflow/example_dags/example_short_circuit_decorator.py
[2024-10-12T20:48:31.902+0000] {processor.py:914} INFO - Processing file /home/airflow/.local/lib/python3.12/site-packages/airflow/example_dags/example_short_circuit_decorator.py for tasks to queue
[2024-10-12T20:48:31.905+0000] {logging_mixin.py:190} INFO - [2024-10-12T20:48:31.905+0000] {dagbag.py:588} INFO - Filling up the DagBag from /home/airflow/.local/lib/python3.12/site-packages/airflow/example_dags/example_short_circuit_decorator.py
[2024-10-12T20:48:31.920+0000] {processor.py:925} INFO - DAG(s) 'example_short_circuit_decorator' retrieved from /home/airflow/.local/lib/python3.12/site-packages/airflow/example_dags/example_short_circuit_decorator.py
[2024-10-12T20:48:31.962+0000] {logging_mixin.py:190} INFO - [2024-10-12T20:48:31.962+0000] {dag.py:3239} INFO - Sync 1 DAGs
[2024-10-12T20:48:31.984+0000] {logging_mixin.py:190} INFO - [2024-10-12T20:48:31.983+0000] {dag.py:4180} INFO - Setting next_dagrun for example_short_circuit_decorator to None, run_after=None
[2024-10-12T20:48:32.017+0000] {processor.py:208} INFO - Processing /home/airflow/.local/lib/python3.12/site-packages/airflow/example_dags/example_short_circuit_decorator.py took 0.126 seconds
[2024-10-12T20:49:02.679+0000] {processor.py:186} INFO - Started process (PID=1733) to work on /home/airflow/.local/lib/python3.12/site-packages/airflow/example_dags/example_short_circuit_decorator.py
[2024-10-12T20:49:02.680+0000] {processor.py:914} INFO - Processing file /home/airflow/.local/lib/python3.12/site-packages/airflow/example_dags/example_short_circuit_decorator.py for tasks to queue
[2024-10-12T20:49:02.684+0000] {logging_mixin.py:190} INFO - [2024-10-12T20:49:02.683+0000] {dagbag.py:588} INFO - Filling up the DagBag from /home/airflow/.local/lib/python3.12/site-packages/airflow/example_dags/example_short_circuit_decorator.py
[2024-10-12T20:49:02.698+0000] {processor.py:925} INFO - DAG(s) 'example_short_circuit_decorator' retrieved from /home/airflow/.local/lib/python3.12/site-packages/airflow/example_dags/example_short_circuit_decorator.py
[2024-10-12T20:49:02.735+0000] {logging_mixin.py:190} INFO - [2024-10-12T20:49:02.734+0000] {dag.py:3239} INFO - Sync 1 DAGs
[2024-10-12T20:49:02.756+0000] {logging_mixin.py:190} INFO - [2024-10-12T20:49:02.756+0000] {dag.py:4180} INFO - Setting next_dagrun for example_short_circuit_decorator to None, run_after=None
[2024-10-12T20:49:02.788+0000] {processor.py:208} INFO - Processing /home/airflow/.local/lib/python3.12/site-packages/airflow/example_dags/example_short_circuit_decorator.py took 0.121 seconds
[2024-10-12T20:49:33.383+0000] {processor.py:186} INFO - Started process (PID=1795) to work on /home/airflow/.local/lib/python3.12/site-packages/airflow/example_dags/example_short_circuit_decorator.py
[2024-10-12T20:49:33.385+0000] {processor.py:914} INFO - Processing file /home/airflow/.local/lib/python3.12/site-packages/airflow/example_dags/example_short_circuit_decorator.py for tasks to queue
[2024-10-12T20:49:33.390+0000] {logging_mixin.py:190} INFO - [2024-10-12T20:49:33.389+0000] {dagbag.py:588} INFO - Filling up the DagBag from /home/airflow/.local/lib/python3.12/site-packages/airflow/example_dags/example_short_circuit_decorator.py
[2024-10-12T20:49:33.405+0000] {processor.py:925} INFO - DAG(s) 'example_short_circuit_decorator' retrieved from /home/airflow/.local/lib/python3.12/site-packages/airflow/example_dags/example_short_circuit_decorator.py
[2024-10-12T20:49:33.444+0000] {logging_mixin.py:190} INFO - [2024-10-12T20:49:33.444+0000] {dag.py:3239} INFO - Sync 1 DAGs
[2024-10-12T20:49:33.471+0000] {logging_mixin.py:190} INFO - [2024-10-12T20:49:33.470+0000] {dag.py:4180} INFO - Setting next_dagrun for example_short_circuit_decorator to None, run_after=None
[2024-10-12T20:49:33.496+0000] {processor.py:208} INFO - Processing /home/airflow/.local/lib/python3.12/site-packages/airflow/example_dags/example_short_circuit_decorator.py took 0.125 seconds
[2024-10-12T20:50:04.328+0000] {processor.py:186} INFO - Started process (PID=1857) to work on /home/airflow/.local/lib/python3.12/site-packages/airflow/example_dags/example_short_circuit_decorator.py
[2024-10-12T20:50:04.329+0000] {processor.py:914} INFO - Processing file /home/airflow/.local/lib/python3.12/site-packages/airflow/example_dags/example_short_circuit_decorator.py for tasks to queue
[2024-10-12T20:50:04.334+0000] {logging_mixin.py:190} INFO - [2024-10-12T20:50:04.334+0000] {dagbag.py:588} INFO - Filling up the DagBag from /home/airflow/.local/lib/python3.12/site-packages/airflow/example_dags/example_short_circuit_decorator.py
[2024-10-12T20:50:04.354+0000] {processor.py:925} INFO - DAG(s) 'example_short_circuit_decorator' retrieved from /home/airflow/.local/lib/python3.12/site-packages/airflow/example_dags/example_short_circuit_decorator.py
[2024-10-12T20:50:04.421+0000] {logging_mixin.py:190} INFO - [2024-10-12T20:50:04.421+0000] {dag.py:3239} INFO - Sync 1 DAGs
[2024-10-12T20:50:04.439+0000] {logging_mixin.py:190} INFO - [2024-10-12T20:50:04.439+0000] {dag.py:4180} INFO - Setting next_dagrun for example_short_circuit_decorator to None, run_after=None
[2024-10-12T20:50:04.467+0000] {processor.py:208} INFO - Processing /home/airflow/.local/lib/python3.12/site-packages/airflow/example_dags/example_short_circuit_decorator.py took 0.149 seconds
