[2024-10-12T20:35:42.545+0000] {processor.py:186} INFO - Started process (PID=124) to work on /home/airflow/.local/lib/python3.12/site-packages/airflow/example_dags/example_sla_dag.py
[2024-10-12T20:35:42.547+0000] {processor.py:914} INFO - Processing file /home/airflow/.local/lib/python3.12/site-packages/airflow/example_dags/example_sla_dag.py for tasks to queue
[2024-10-12T20:35:42.556+0000] {logging_mixin.py:190} INFO - [2024-10-12T20:35:42.555+0000] {dagbag.py:588} INFO - Filling up the DagBag from /home/airflow/.local/lib/python3.12/site-packages/airflow/example_dags/example_sla_dag.py
[2024-10-12T20:35:42.590+0000] {processor.py:925} INFO - DAG(s) 'example_sla_dag' retrieved from /home/airflow/.local/lib/python3.12/site-packages/airflow/example_dags/example_sla_dag.py
[2024-10-12T20:35:42.742+0000] {logging_mixin.py:190} INFO - [2024-10-12T20:35:42.740+0000] {override.py:1900} INFO - Created Permission View: can delete on DAG:example_sla_dag
[2024-10-12T20:35:42.759+0000] {logging_mixin.py:190} INFO - [2024-10-12T20:35:42.759+0000] {override.py:1900} INFO - Created Permission View: can edit on DAG:example_sla_dag
[2024-10-12T20:35:42.769+0000] {logging_mixin.py:190} INFO - [2024-10-12T20:35:42.768+0000] {override.py:1900} INFO - Created Permission View: can read on DAG:example_sla_dag
[2024-10-12T20:35:42.781+0000] {logging_mixin.py:190} INFO - [2024-10-12T20:35:42.780+0000] {override.py:1900} INFO - Created Permission View: can delete on DAG Run:example_sla_dag
[2024-10-12T20:35:42.792+0000] {logging_mixin.py:190} INFO - [2024-10-12T20:35:42.791+0000] {override.py:1900} INFO - Created Permission View: can create on DAG Run:example_sla_dag
[2024-10-12T20:35:42.803+0000] {logging_mixin.py:190} INFO - [2024-10-12T20:35:42.803+0000] {override.py:1900} INFO - Created Permission View: menu access on DAG Run:example_sla_dag
[2024-10-12T20:35:42.813+0000] {logging_mixin.py:190} INFO - [2024-10-12T20:35:42.812+0000] {override.py:1900} INFO - Created Permission View: can read on DAG Run:example_sla_dag
[2024-10-12T20:35:42.814+0000] {logging_mixin.py:190} INFO - [2024-10-12T20:35:42.814+0000] {dag.py:3239} INFO - Sync 1 DAGs
[2024-10-12T20:35:42.836+0000] {logging_mixin.py:190} INFO - [2024-10-12T20:35:42.835+0000] {dag.py:3262} INFO - Creating ORM DAG for example_sla_dag
[2024-10-12T20:35:42.858+0000] {logging_mixin.py:190} INFO - [2024-10-12T20:35:42.858+0000] {dag.py:4180} INFO - Setting next_dagrun for example_sla_dag to 2024-10-12 20:32:00+00:00, run_after=2024-10-12 20:34:00+00:00
[2024-10-12T20:35:42.884+0000] {processor.py:208} INFO - Processing /home/airflow/.local/lib/python3.12/site-packages/airflow/example_dags/example_sla_dag.py took 0.346 seconds
[2024-10-12T20:36:13.854+0000] {processor.py:186} INFO - Started process (PID=186) to work on /home/airflow/.local/lib/python3.12/site-packages/airflow/example_dags/example_sla_dag.py
[2024-10-12T20:36:13.855+0000] {processor.py:914} INFO - Processing file /home/airflow/.local/lib/python3.12/site-packages/airflow/example_dags/example_sla_dag.py for tasks to queue
[2024-10-12T20:36:13.859+0000] {logging_mixin.py:190} INFO - [2024-10-12T20:36:13.859+0000] {dagbag.py:588} INFO - Filling up the DagBag from /home/airflow/.local/lib/python3.12/site-packages/airflow/example_dags/example_sla_dag.py
[2024-10-12T20:36:13.874+0000] {processor.py:925} INFO - DAG(s) 'example_sla_dag' retrieved from /home/airflow/.local/lib/python3.12/site-packages/airflow/example_dags/example_sla_dag.py
[2024-10-12T20:36:13.905+0000] {logging_mixin.py:190} INFO - [2024-10-12T20:36:13.905+0000] {dag.py:3239} INFO - Sync 1 DAGs
[2024-10-12T20:36:13.937+0000] {logging_mixin.py:190} INFO - [2024-10-12T20:36:13.936+0000] {dag.py:4180} INFO - Setting next_dagrun for example_sla_dag to 2024-10-12 20:34:00+00:00, run_after=2024-10-12 20:36:00+00:00
[2024-10-12T20:36:13.961+0000] {processor.py:208} INFO - Processing /home/airflow/.local/lib/python3.12/site-packages/airflow/example_dags/example_sla_dag.py took 0.116 seconds
[2024-10-12T20:36:44.153+0000] {processor.py:186} INFO - Started process (PID=248) to work on /home/airflow/.local/lib/python3.12/site-packages/airflow/example_dags/example_sla_dag.py
[2024-10-12T20:36:44.154+0000] {processor.py:914} INFO - Processing file /home/airflow/.local/lib/python3.12/site-packages/airflow/example_dags/example_sla_dag.py for tasks to queue
[2024-10-12T20:36:44.158+0000] {logging_mixin.py:190} INFO - [2024-10-12T20:36:44.158+0000] {dagbag.py:588} INFO - Filling up the DagBag from /home/airflow/.local/lib/python3.12/site-packages/airflow/example_dags/example_sla_dag.py
[2024-10-12T20:36:44.176+0000] {processor.py:925} INFO - DAG(s) 'example_sla_dag' retrieved from /home/airflow/.local/lib/python3.12/site-packages/airflow/example_dags/example_sla_dag.py
[2024-10-12T20:36:44.221+0000] {logging_mixin.py:190} INFO - [2024-10-12T20:36:44.221+0000] {dag.py:3239} INFO - Sync 1 DAGs
[2024-10-12T20:36:44.265+0000] {logging_mixin.py:190} INFO - [2024-10-12T20:36:44.264+0000] {dag.py:4180} INFO - Setting next_dagrun for example_sla_dag to 2024-10-12 20:34:00+00:00, run_after=2024-10-12 20:36:00+00:00
[2024-10-12T20:36:44.298+0000] {processor.py:208} INFO - Processing /home/airflow/.local/lib/python3.12/site-packages/airflow/example_dags/example_sla_dag.py took 0.156 seconds
[2024-10-12T20:37:14.494+0000] {processor.py:186} INFO - Started process (PID=310) to work on /home/airflow/.local/lib/python3.12/site-packages/airflow/example_dags/example_sla_dag.py
[2024-10-12T20:37:14.496+0000] {processor.py:914} INFO - Processing file /home/airflow/.local/lib/python3.12/site-packages/airflow/example_dags/example_sla_dag.py for tasks to queue
[2024-10-12T20:37:14.501+0000] {logging_mixin.py:190} INFO - [2024-10-12T20:37:14.500+0000] {dagbag.py:588} INFO - Filling up the DagBag from /home/airflow/.local/lib/python3.12/site-packages/airflow/example_dags/example_sla_dag.py
[2024-10-12T20:37:14.516+0000] {processor.py:925} INFO - DAG(s) 'example_sla_dag' retrieved from /home/airflow/.local/lib/python3.12/site-packages/airflow/example_dags/example_sla_dag.py
[2024-10-12T20:37:14.545+0000] {logging_mixin.py:190} INFO - [2024-10-12T20:37:14.545+0000] {dag.py:3239} INFO - Sync 1 DAGs
[2024-10-12T20:37:14.586+0000] {logging_mixin.py:190} INFO - [2024-10-12T20:37:14.585+0000] {dag.py:4180} INFO - Setting next_dagrun for example_sla_dag to 2024-10-12 20:34:00+00:00, run_after=2024-10-12 20:36:00+00:00
[2024-10-12T20:37:14.617+0000] {processor.py:208} INFO - Processing /home/airflow/.local/lib/python3.12/site-packages/airflow/example_dags/example_sla_dag.py took 0.135 seconds
[2024-10-12T20:37:45.540+0000] {processor.py:186} INFO - Started process (PID=372) to work on /home/airflow/.local/lib/python3.12/site-packages/airflow/example_dags/example_sla_dag.py
[2024-10-12T20:37:45.541+0000] {processor.py:914} INFO - Processing file /home/airflow/.local/lib/python3.12/site-packages/airflow/example_dags/example_sla_dag.py for tasks to queue
[2024-10-12T20:37:45.546+0000] {logging_mixin.py:190} INFO - [2024-10-12T20:37:45.545+0000] {dagbag.py:588} INFO - Filling up the DagBag from /home/airflow/.local/lib/python3.12/site-packages/airflow/example_dags/example_sla_dag.py
[2024-10-12T20:37:45.562+0000] {processor.py:925} INFO - DAG(s) 'example_sla_dag' retrieved from /home/airflow/.local/lib/python3.12/site-packages/airflow/example_dags/example_sla_dag.py
[2024-10-12T20:37:45.593+0000] {logging_mixin.py:190} INFO - [2024-10-12T20:37:45.593+0000] {dag.py:3239} INFO - Sync 1 DAGs
[2024-10-12T20:37:45.633+0000] {logging_mixin.py:190} INFO - [2024-10-12T20:37:45.632+0000] {dag.py:4180} INFO - Setting next_dagrun for example_sla_dag to 2024-10-12 20:34:00+00:00, run_after=2024-10-12 20:36:00+00:00
[2024-10-12T20:37:45.659+0000] {processor.py:208} INFO - Processing /home/airflow/.local/lib/python3.12/site-packages/airflow/example_dags/example_sla_dag.py took 0.129 seconds
[2024-10-12T20:38:16.408+0000] {processor.py:186} INFO - Started process (PID=434) to work on /home/airflow/.local/lib/python3.12/site-packages/airflow/example_dags/example_sla_dag.py
[2024-10-12T20:38:16.411+0000] {processor.py:914} INFO - Processing file /home/airflow/.local/lib/python3.12/site-packages/airflow/example_dags/example_sla_dag.py for tasks to queue
[2024-10-12T20:38:16.419+0000] {logging_mixin.py:190} INFO - [2024-10-12T20:38:16.419+0000] {dagbag.py:588} INFO - Filling up the DagBag from /home/airflow/.local/lib/python3.12/site-packages/airflow/example_dags/example_sla_dag.py
[2024-10-12T20:38:16.440+0000] {processor.py:925} INFO - DAG(s) 'example_sla_dag' retrieved from /home/airflow/.local/lib/python3.12/site-packages/airflow/example_dags/example_sla_dag.py
[2024-10-12T20:38:16.482+0000] {logging_mixin.py:190} INFO - [2024-10-12T20:38:16.481+0000] {dag.py:3239} INFO - Sync 1 DAGs
[2024-10-12T20:38:16.539+0000] {logging_mixin.py:190} INFO - [2024-10-12T20:38:16.539+0000] {dag.py:4180} INFO - Setting next_dagrun for example_sla_dag to 2024-10-12 20:36:00+00:00, run_after=2024-10-12 20:38:00+00:00
[2024-10-12T20:38:16.587+0000] {processor.py:208} INFO - Processing /home/airflow/.local/lib/python3.12/site-packages/airflow/example_dags/example_sla_dag.py took 0.199 seconds
[2024-10-12T20:38:47.353+0000] {processor.py:186} INFO - Started process (PID=496) to work on /home/airflow/.local/lib/python3.12/site-packages/airflow/example_dags/example_sla_dag.py
[2024-10-12T20:38:47.355+0000] {processor.py:914} INFO - Processing file /home/airflow/.local/lib/python3.12/site-packages/airflow/example_dags/example_sla_dag.py for tasks to queue
[2024-10-12T20:38:47.360+0000] {logging_mixin.py:190} INFO - [2024-10-12T20:38:47.359+0000] {dagbag.py:588} INFO - Filling up the DagBag from /home/airflow/.local/lib/python3.12/site-packages/airflow/example_dags/example_sla_dag.py
[2024-10-12T20:38:47.376+0000] {processor.py:925} INFO - DAG(s) 'example_sla_dag' retrieved from /home/airflow/.local/lib/python3.12/site-packages/airflow/example_dags/example_sla_dag.py
[2024-10-12T20:38:47.405+0000] {logging_mixin.py:190} INFO - [2024-10-12T20:38:47.405+0000] {dag.py:3239} INFO - Sync 1 DAGs
[2024-10-12T20:38:47.442+0000] {logging_mixin.py:190} INFO - [2024-10-12T20:38:47.442+0000] {dag.py:4180} INFO - Setting next_dagrun for example_sla_dag to 2024-10-12 20:36:00+00:00, run_after=2024-10-12 20:38:00+00:00
[2024-10-12T20:38:47.467+0000] {processor.py:208} INFO - Processing /home/airflow/.local/lib/python3.12/site-packages/airflow/example_dags/example_sla_dag.py took 0.122 seconds
[2024-10-12T20:39:17.538+0000] {processor.py:186} INFO - Started process (PID=558) to work on /home/airflow/.local/lib/python3.12/site-packages/airflow/example_dags/example_sla_dag.py
[2024-10-12T20:39:17.539+0000] {processor.py:914} INFO - Processing file /home/airflow/.local/lib/python3.12/site-packages/airflow/example_dags/example_sla_dag.py for tasks to queue
[2024-10-12T20:39:17.543+0000] {logging_mixin.py:190} INFO - [2024-10-12T20:39:17.543+0000] {dagbag.py:588} INFO - Filling up the DagBag from /home/airflow/.local/lib/python3.12/site-packages/airflow/example_dags/example_sla_dag.py
[2024-10-12T20:39:17.558+0000] {processor.py:925} INFO - DAG(s) 'example_sla_dag' retrieved from /home/airflow/.local/lib/python3.12/site-packages/airflow/example_dags/example_sla_dag.py
[2024-10-12T20:39:17.585+0000] {logging_mixin.py:190} INFO - [2024-10-12T20:39:17.585+0000] {dag.py:3239} INFO - Sync 1 DAGs
[2024-10-12T20:39:17.619+0000] {logging_mixin.py:190} INFO - [2024-10-12T20:39:17.618+0000] {dag.py:4180} INFO - Setting next_dagrun for example_sla_dag to 2024-10-12 20:36:00+00:00, run_after=2024-10-12 20:38:00+00:00
[2024-10-12T20:39:17.642+0000] {processor.py:208} INFO - Processing /home/airflow/.local/lib/python3.12/site-packages/airflow/example_dags/example_sla_dag.py took 0.113 seconds
[2024-10-12T20:39:48.734+0000] {processor.py:186} INFO - Started process (PID=620) to work on /home/airflow/.local/lib/python3.12/site-packages/airflow/example_dags/example_sla_dag.py
[2024-10-12T20:39:48.736+0000] {processor.py:914} INFO - Processing file /home/airflow/.local/lib/python3.12/site-packages/airflow/example_dags/example_sla_dag.py for tasks to queue
[2024-10-12T20:39:48.742+0000] {logging_mixin.py:190} INFO - [2024-10-12T20:39:48.741+0000] {dagbag.py:588} INFO - Filling up the DagBag from /home/airflow/.local/lib/python3.12/site-packages/airflow/example_dags/example_sla_dag.py
[2024-10-12T20:39:48.759+0000] {processor.py:925} INFO - DAG(s) 'example_sla_dag' retrieved from /home/airflow/.local/lib/python3.12/site-packages/airflow/example_dags/example_sla_dag.py
[2024-10-12T20:39:48.792+0000] {logging_mixin.py:190} INFO - [2024-10-12T20:39:48.791+0000] {dag.py:3239} INFO - Sync 1 DAGs
[2024-10-12T20:39:48.849+0000] {logging_mixin.py:190} INFO - [2024-10-12T20:39:48.848+0000] {dag.py:4180} INFO - Setting next_dagrun for example_sla_dag to 2024-10-12 20:36:00+00:00, run_after=2024-10-12 20:38:00+00:00
[2024-10-12T20:39:48.894+0000] {processor.py:208} INFO - Processing /home/airflow/.local/lib/python3.12/site-packages/airflow/example_dags/example_sla_dag.py took 0.173 seconds
[2024-10-12T20:40:20.303+0000] {processor.py:186} INFO - Started process (PID=681) to work on /home/airflow/.local/lib/python3.12/site-packages/airflow/example_dags/example_sla_dag.py
[2024-10-12T20:40:20.305+0000] {processor.py:914} INFO - Processing file /home/airflow/.local/lib/python3.12/site-packages/airflow/example_dags/example_sla_dag.py for tasks to queue
[2024-10-12T20:40:20.311+0000] {logging_mixin.py:190} INFO - [2024-10-12T20:40:20.310+0000] {dagbag.py:588} INFO - Filling up the DagBag from /home/airflow/.local/lib/python3.12/site-packages/airflow/example_dags/example_sla_dag.py
[2024-10-12T20:40:20.335+0000] {processor.py:925} INFO - DAG(s) 'example_sla_dag' retrieved from /home/airflow/.local/lib/python3.12/site-packages/airflow/example_dags/example_sla_dag.py
[2024-10-12T20:40:20.378+0000] {logging_mixin.py:190} INFO - [2024-10-12T20:40:20.377+0000] {dag.py:3239} INFO - Sync 1 DAGs
[2024-10-12T20:40:20.425+0000] {logging_mixin.py:190} INFO - [2024-10-12T20:40:20.425+0000] {dag.py:4180} INFO - Setting next_dagrun for example_sla_dag to 2024-10-12 20:38:00+00:00, run_after=2024-10-12 20:40:00+00:00
[2024-10-12T20:40:20.458+0000] {processor.py:208} INFO - Processing /home/airflow/.local/lib/python3.12/site-packages/airflow/example_dags/example_sla_dag.py took 0.167 seconds
[2024-10-12T20:40:50.584+0000] {processor.py:186} INFO - Started process (PID=744) to work on /home/airflow/.local/lib/python3.12/site-packages/airflow/example_dags/example_sla_dag.py
[2024-10-12T20:40:50.587+0000] {processor.py:914} INFO - Processing file /home/airflow/.local/lib/python3.12/site-packages/airflow/example_dags/example_sla_dag.py for tasks to queue
[2024-10-12T20:40:50.591+0000] {logging_mixin.py:190} INFO - [2024-10-12T20:40:50.590+0000] {dagbag.py:588} INFO - Filling up the DagBag from /home/airflow/.local/lib/python3.12/site-packages/airflow/example_dags/example_sla_dag.py
[2024-10-12T20:40:50.610+0000] {processor.py:925} INFO - DAG(s) 'example_sla_dag' retrieved from /home/airflow/.local/lib/python3.12/site-packages/airflow/example_dags/example_sla_dag.py
[2024-10-12T20:40:50.644+0000] {logging_mixin.py:190} INFO - [2024-10-12T20:40:50.643+0000] {dag.py:3239} INFO - Sync 1 DAGs
[2024-10-12T20:40:50.686+0000] {logging_mixin.py:190} INFO - [2024-10-12T20:40:50.686+0000] {dag.py:4180} INFO - Setting next_dagrun for example_sla_dag to 2024-10-12 20:38:00+00:00, run_after=2024-10-12 20:40:00+00:00
[2024-10-12T20:40:50.718+0000] {processor.py:208} INFO - Processing /home/airflow/.local/lib/python3.12/site-packages/airflow/example_dags/example_sla_dag.py took 0.147 seconds
[2024-10-12T20:41:21.113+0000] {processor.py:186} INFO - Started process (PID=805) to work on /home/airflow/.local/lib/python3.12/site-packages/airflow/example_dags/example_sla_dag.py
[2024-10-12T20:41:21.115+0000] {processor.py:914} INFO - Processing file /home/airflow/.local/lib/python3.12/site-packages/airflow/example_dags/example_sla_dag.py for tasks to queue
[2024-10-12T20:41:21.119+0000] {logging_mixin.py:190} INFO - [2024-10-12T20:41:21.119+0000] {dagbag.py:588} INFO - Filling up the DagBag from /home/airflow/.local/lib/python3.12/site-packages/airflow/example_dags/example_sla_dag.py
[2024-10-12T20:41:21.138+0000] {processor.py:925} INFO - DAG(s) 'example_sla_dag' retrieved from /home/airflow/.local/lib/python3.12/site-packages/airflow/example_dags/example_sla_dag.py
[2024-10-12T20:41:21.171+0000] {logging_mixin.py:190} INFO - [2024-10-12T20:41:21.171+0000] {dag.py:3239} INFO - Sync 1 DAGs
[2024-10-12T20:41:21.204+0000] {logging_mixin.py:190} INFO - [2024-10-12T20:41:21.204+0000] {dag.py:4180} INFO - Setting next_dagrun for example_sla_dag to 2024-10-12 20:38:00+00:00, run_after=2024-10-12 20:40:00+00:00
[2024-10-12T20:41:21.227+0000] {processor.py:208} INFO - Processing /home/airflow/.local/lib/python3.12/site-packages/airflow/example_dags/example_sla_dag.py took 0.125 seconds
[2024-10-12T20:41:52.281+0000] {processor.py:186} INFO - Started process (PID=867) to work on /home/airflow/.local/lib/python3.12/site-packages/airflow/example_dags/example_sla_dag.py
[2024-10-12T20:41:52.282+0000] {processor.py:914} INFO - Processing file /home/airflow/.local/lib/python3.12/site-packages/airflow/example_dags/example_sla_dag.py for tasks to queue
[2024-10-12T20:41:52.286+0000] {logging_mixin.py:190} INFO - [2024-10-12T20:41:52.286+0000] {dagbag.py:588} INFO - Filling up the DagBag from /home/airflow/.local/lib/python3.12/site-packages/airflow/example_dags/example_sla_dag.py
[2024-10-12T20:41:52.301+0000] {processor.py:925} INFO - DAG(s) 'example_sla_dag' retrieved from /home/airflow/.local/lib/python3.12/site-packages/airflow/example_dags/example_sla_dag.py
[2024-10-12T20:41:52.332+0000] {logging_mixin.py:190} INFO - [2024-10-12T20:41:52.332+0000] {dag.py:3239} INFO - Sync 1 DAGs
[2024-10-12T20:41:52.375+0000] {logging_mixin.py:190} INFO - [2024-10-12T20:41:52.374+0000] {dag.py:4180} INFO - Setting next_dagrun for example_sla_dag to 2024-10-12 20:38:00+00:00, run_after=2024-10-12 20:40:00+00:00
[2024-10-12T20:41:52.409+0000] {processor.py:208} INFO - Processing /home/airflow/.local/lib/python3.12/site-packages/airflow/example_dags/example_sla_dag.py took 0.137 seconds
[2024-10-12T20:42:22.747+0000] {processor.py:186} INFO - Started process (PID=929) to work on /home/airflow/.local/lib/python3.12/site-packages/airflow/example_dags/example_sla_dag.py
[2024-10-12T20:42:22.750+0000] {processor.py:914} INFO - Processing file /home/airflow/.local/lib/python3.12/site-packages/airflow/example_dags/example_sla_dag.py for tasks to queue
[2024-10-12T20:42:22.754+0000] {logging_mixin.py:190} INFO - [2024-10-12T20:42:22.754+0000] {dagbag.py:588} INFO - Filling up the DagBag from /home/airflow/.local/lib/python3.12/site-packages/airflow/example_dags/example_sla_dag.py
[2024-10-12T20:42:22.775+0000] {processor.py:925} INFO - DAG(s) 'example_sla_dag' retrieved from /home/airflow/.local/lib/python3.12/site-packages/airflow/example_dags/example_sla_dag.py
[2024-10-12T20:42:22.862+0000] {logging_mixin.py:190} INFO - [2024-10-12T20:42:22.861+0000] {dag.py:3239} INFO - Sync 1 DAGs
[2024-10-12T20:42:22.922+0000] {logging_mixin.py:190} INFO - [2024-10-12T20:42:22.922+0000] {dag.py:4180} INFO - Setting next_dagrun for example_sla_dag to 2024-10-12 20:40:00+00:00, run_after=2024-10-12 20:42:00+00:00
[2024-10-12T20:42:22.958+0000] {processor.py:208} INFO - Processing /home/airflow/.local/lib/python3.12/site-packages/airflow/example_dags/example_sla_dag.py took 0.223 seconds
[2024-10-12T20:42:53.054+0000] {processor.py:186} INFO - Started process (PID=990) to work on /home/airflow/.local/lib/python3.12/site-packages/airflow/example_dags/example_sla_dag.py
[2024-10-12T20:42:53.057+0000] {processor.py:914} INFO - Processing file /home/airflow/.local/lib/python3.12/site-packages/airflow/example_dags/example_sla_dag.py for tasks to queue
[2024-10-12T20:42:53.063+0000] {logging_mixin.py:190} INFO - [2024-10-12T20:42:53.062+0000] {dagbag.py:588} INFO - Filling up the DagBag from /home/airflow/.local/lib/python3.12/site-packages/airflow/example_dags/example_sla_dag.py
[2024-10-12T20:42:53.081+0000] {processor.py:925} INFO - DAG(s) 'example_sla_dag' retrieved from /home/airflow/.local/lib/python3.12/site-packages/airflow/example_dags/example_sla_dag.py
[2024-10-12T20:42:53.111+0000] {logging_mixin.py:190} INFO - [2024-10-12T20:42:53.110+0000] {dag.py:3239} INFO - Sync 1 DAGs
[2024-10-12T20:42:53.151+0000] {logging_mixin.py:190} INFO - [2024-10-12T20:42:53.151+0000] {dag.py:4180} INFO - Setting next_dagrun for example_sla_dag to 2024-10-12 20:40:00+00:00, run_after=2024-10-12 20:42:00+00:00
[2024-10-12T20:42:53.193+0000] {processor.py:208} INFO - Processing /home/airflow/.local/lib/python3.12/site-packages/airflow/example_dags/example_sla_dag.py took 0.151 seconds
[2024-10-12T20:43:23.373+0000] {processor.py:186} INFO - Started process (PID=1052) to work on /home/airflow/.local/lib/python3.12/site-packages/airflow/example_dags/example_sla_dag.py
[2024-10-12T20:43:23.374+0000] {processor.py:914} INFO - Processing file /home/airflow/.local/lib/python3.12/site-packages/airflow/example_dags/example_sla_dag.py for tasks to queue
[2024-10-12T20:43:23.378+0000] {logging_mixin.py:190} INFO - [2024-10-12T20:43:23.378+0000] {dagbag.py:588} INFO - Filling up the DagBag from /home/airflow/.local/lib/python3.12/site-packages/airflow/example_dags/example_sla_dag.py
[2024-10-12T20:43:23.395+0000] {processor.py:925} INFO - DAG(s) 'example_sla_dag' retrieved from /home/airflow/.local/lib/python3.12/site-packages/airflow/example_dags/example_sla_dag.py
[2024-10-12T20:43:23.425+0000] {logging_mixin.py:190} INFO - [2024-10-12T20:43:23.425+0000] {dag.py:3239} INFO - Sync 1 DAGs
[2024-10-12T20:43:23.465+0000] {logging_mixin.py:190} INFO - [2024-10-12T20:43:23.465+0000] {dag.py:4180} INFO - Setting next_dagrun for example_sla_dag to 2024-10-12 20:40:00+00:00, run_after=2024-10-12 20:42:00+00:00
[2024-10-12T20:43:23.491+0000] {processor.py:208} INFO - Processing /home/airflow/.local/lib/python3.12/site-packages/airflow/example_dags/example_sla_dag.py took 0.127 seconds
[2024-10-12T20:43:54.370+0000] {processor.py:186} INFO - Started process (PID=1113) to work on /home/airflow/.local/lib/python3.12/site-packages/airflow/example_dags/example_sla_dag.py
[2024-10-12T20:43:54.372+0000] {processor.py:914} INFO - Processing file /home/airflow/.local/lib/python3.12/site-packages/airflow/example_dags/example_sla_dag.py for tasks to queue
[2024-10-12T20:43:54.376+0000] {logging_mixin.py:190} INFO - [2024-10-12T20:43:54.375+0000] {dagbag.py:588} INFO - Filling up the DagBag from /home/airflow/.local/lib/python3.12/site-packages/airflow/example_dags/example_sla_dag.py
[2024-10-12T20:43:54.393+0000] {processor.py:925} INFO - DAG(s) 'example_sla_dag' retrieved from /home/airflow/.local/lib/python3.12/site-packages/airflow/example_dags/example_sla_dag.py
[2024-10-12T20:43:54.425+0000] {logging_mixin.py:190} INFO - [2024-10-12T20:43:54.424+0000] {dag.py:3239} INFO - Sync 1 DAGs
[2024-10-12T20:43:54.470+0000] {logging_mixin.py:190} INFO - [2024-10-12T20:43:54.470+0000] {dag.py:4180} INFO - Setting next_dagrun for example_sla_dag to 2024-10-12 20:40:00+00:00, run_after=2024-10-12 20:42:00+00:00
[2024-10-12T20:43:54.516+0000] {processor.py:208} INFO - Processing /home/airflow/.local/lib/python3.12/site-packages/airflow/example_dags/example_sla_dag.py took 0.154 seconds
[2024-10-12T20:44:25.151+0000] {processor.py:186} INFO - Started process (PID=1176) to work on /home/airflow/.local/lib/python3.12/site-packages/airflow/example_dags/example_sla_dag.py
[2024-10-12T20:44:25.154+0000] {processor.py:914} INFO - Processing file /home/airflow/.local/lib/python3.12/site-packages/airflow/example_dags/example_sla_dag.py for tasks to queue
[2024-10-12T20:44:25.159+0000] {logging_mixin.py:190} INFO - [2024-10-12T20:44:25.159+0000] {dagbag.py:588} INFO - Filling up the DagBag from /home/airflow/.local/lib/python3.12/site-packages/airflow/example_dags/example_sla_dag.py
[2024-10-12T20:44:25.176+0000] {processor.py:925} INFO - DAG(s) 'example_sla_dag' retrieved from /home/airflow/.local/lib/python3.12/site-packages/airflow/example_dags/example_sla_dag.py
[2024-10-12T20:44:25.206+0000] {logging_mixin.py:190} INFO - [2024-10-12T20:44:25.205+0000] {dag.py:3239} INFO - Sync 1 DAGs
[2024-10-12T20:44:25.256+0000] {logging_mixin.py:190} INFO - [2024-10-12T20:44:25.255+0000] {dag.py:4180} INFO - Setting next_dagrun for example_sla_dag to 2024-10-12 20:42:00+00:00, run_after=2024-10-12 20:44:00+00:00
[2024-10-12T20:44:25.287+0000] {processor.py:208} INFO - Processing /home/airflow/.local/lib/python3.12/site-packages/airflow/example_dags/example_sla_dag.py took 0.147 seconds
[2024-10-12T20:44:55.826+0000] {processor.py:186} INFO - Started process (PID=1238) to work on /home/airflow/.local/lib/python3.12/site-packages/airflow/example_dags/example_sla_dag.py
[2024-10-12T20:44:55.828+0000] {processor.py:914} INFO - Processing file /home/airflow/.local/lib/python3.12/site-packages/airflow/example_dags/example_sla_dag.py for tasks to queue
[2024-10-12T20:44:55.833+0000] {logging_mixin.py:190} INFO - [2024-10-12T20:44:55.833+0000] {dagbag.py:588} INFO - Filling up the DagBag from /home/airflow/.local/lib/python3.12/site-packages/airflow/example_dags/example_sla_dag.py
[2024-10-12T20:44:55.855+0000] {processor.py:925} INFO - DAG(s) 'example_sla_dag' retrieved from /home/airflow/.local/lib/python3.12/site-packages/airflow/example_dags/example_sla_dag.py
[2024-10-12T20:44:55.894+0000] {logging_mixin.py:190} INFO - [2024-10-12T20:44:55.893+0000] {dag.py:3239} INFO - Sync 1 DAGs
[2024-10-12T20:44:55.939+0000] {logging_mixin.py:190} INFO - [2024-10-12T20:44:55.939+0000] {dag.py:4180} INFO - Setting next_dagrun for example_sla_dag to 2024-10-12 20:42:00+00:00, run_after=2024-10-12 20:44:00+00:00
[2024-10-12T20:44:55.971+0000] {processor.py:208} INFO - Processing /home/airflow/.local/lib/python3.12/site-packages/airflow/example_dags/example_sla_dag.py took 0.156 seconds
[2024-10-12T20:45:26.460+0000] {processor.py:186} INFO - Started process (PID=1300) to work on /home/airflow/.local/lib/python3.12/site-packages/airflow/example_dags/example_sla_dag.py
[2024-10-12T20:45:26.463+0000] {processor.py:914} INFO - Processing file /home/airflow/.local/lib/python3.12/site-packages/airflow/example_dags/example_sla_dag.py for tasks to queue
[2024-10-12T20:45:26.467+0000] {logging_mixin.py:190} INFO - [2024-10-12T20:45:26.467+0000] {dagbag.py:588} INFO - Filling up the DagBag from /home/airflow/.local/lib/python3.12/site-packages/airflow/example_dags/example_sla_dag.py
[2024-10-12T20:45:26.481+0000] {processor.py:925} INFO - DAG(s) 'example_sla_dag' retrieved from /home/airflow/.local/lib/python3.12/site-packages/airflow/example_dags/example_sla_dag.py
[2024-10-12T20:45:26.507+0000] {logging_mixin.py:190} INFO - [2024-10-12T20:45:26.507+0000] {dag.py:3239} INFO - Sync 1 DAGs
[2024-10-12T20:45:26.539+0000] {logging_mixin.py:190} INFO - [2024-10-12T20:45:26.539+0000] {dag.py:4180} INFO - Setting next_dagrun for example_sla_dag to 2024-10-12 20:42:00+00:00, run_after=2024-10-12 20:44:00+00:00
[2024-10-12T20:45:26.564+0000] {processor.py:208} INFO - Processing /home/airflow/.local/lib/python3.12/site-packages/airflow/example_dags/example_sla_dag.py took 0.113 seconds
[2024-10-12T20:45:58.439+0000] {processor.py:186} INFO - Started process (PID=1362) to work on /home/airflow/.local/lib/python3.12/site-packages/airflow/example_dags/example_sla_dag.py
[2024-10-12T20:45:58.441+0000] {processor.py:914} INFO - Processing file /home/airflow/.local/lib/python3.12/site-packages/airflow/example_dags/example_sla_dag.py for tasks to queue
[2024-10-12T20:45:58.445+0000] {logging_mixin.py:190} INFO - [2024-10-12T20:45:58.444+0000] {dagbag.py:588} INFO - Filling up the DagBag from /home/airflow/.local/lib/python3.12/site-packages/airflow/example_dags/example_sla_dag.py
[2024-10-12T20:45:58.460+0000] {processor.py:925} INFO - DAG(s) 'example_sla_dag' retrieved from /home/airflow/.local/lib/python3.12/site-packages/airflow/example_dags/example_sla_dag.py
[2024-10-12T20:45:58.494+0000] {logging_mixin.py:190} INFO - [2024-10-12T20:45:58.493+0000] {dag.py:3239} INFO - Sync 1 DAGs
[2024-10-12T20:45:58.543+0000] {logging_mixin.py:190} INFO - [2024-10-12T20:45:58.543+0000] {dag.py:4180} INFO - Setting next_dagrun for example_sla_dag to 2024-10-12 20:42:00+00:00, run_after=2024-10-12 20:44:00+00:00
[2024-10-12T20:45:58.593+0000] {processor.py:208} INFO - Processing /home/airflow/.local/lib/python3.12/site-packages/airflow/example_dags/example_sla_dag.py took 0.163 seconds
[2024-10-12T20:46:29.238+0000] {processor.py:186} INFO - Started process (PID=1424) to work on /home/airflow/.local/lib/python3.12/site-packages/airflow/example_dags/example_sla_dag.py
[2024-10-12T20:46:29.250+0000] {processor.py:914} INFO - Processing file /home/airflow/.local/lib/python3.12/site-packages/airflow/example_dags/example_sla_dag.py for tasks to queue
[2024-10-12T20:46:29.256+0000] {logging_mixin.py:190} INFO - [2024-10-12T20:46:29.255+0000] {dagbag.py:588} INFO - Filling up the DagBag from /home/airflow/.local/lib/python3.12/site-packages/airflow/example_dags/example_sla_dag.py
[2024-10-12T20:46:29.276+0000] {processor.py:925} INFO - DAG(s) 'example_sla_dag' retrieved from /home/airflow/.local/lib/python3.12/site-packages/airflow/example_dags/example_sla_dag.py
[2024-10-12T20:46:29.318+0000] {logging_mixin.py:190} INFO - [2024-10-12T20:46:29.317+0000] {dag.py:3239} INFO - Sync 1 DAGs
[2024-10-12T20:46:29.366+0000] {logging_mixin.py:190} INFO - [2024-10-12T20:46:29.365+0000] {dag.py:4180} INFO - Setting next_dagrun for example_sla_dag to 2024-10-12 20:44:00+00:00, run_after=2024-10-12 20:46:00+00:00
[2024-10-12T20:46:29.409+0000] {processor.py:208} INFO - Processing /home/airflow/.local/lib/python3.12/site-packages/airflow/example_dags/example_sla_dag.py took 0.181 seconds
[2024-10-12T20:47:00.352+0000] {processor.py:186} INFO - Started process (PID=1486) to work on /home/airflow/.local/lib/python3.12/site-packages/airflow/example_dags/example_sla_dag.py
[2024-10-12T20:47:00.353+0000] {processor.py:914} INFO - Processing file /home/airflow/.local/lib/python3.12/site-packages/airflow/example_dags/example_sla_dag.py for tasks to queue
[2024-10-12T20:47:00.358+0000] {logging_mixin.py:190} INFO - [2024-10-12T20:47:00.357+0000] {dagbag.py:588} INFO - Filling up the DagBag from /home/airflow/.local/lib/python3.12/site-packages/airflow/example_dags/example_sla_dag.py
[2024-10-12T20:47:00.377+0000] {processor.py:925} INFO - DAG(s) 'example_sla_dag' retrieved from /home/airflow/.local/lib/python3.12/site-packages/airflow/example_dags/example_sla_dag.py
[2024-10-12T20:47:00.409+0000] {logging_mixin.py:190} INFO - [2024-10-12T20:47:00.409+0000] {dag.py:3239} INFO - Sync 1 DAGs
[2024-10-12T20:47:00.455+0000] {logging_mixin.py:190} INFO - [2024-10-12T20:47:00.454+0000] {dag.py:4180} INFO - Setting next_dagrun for example_sla_dag to 2024-10-12 20:44:00+00:00, run_after=2024-10-12 20:46:00+00:00
[2024-10-12T20:47:00.485+0000] {processor.py:208} INFO - Processing /home/airflow/.local/lib/python3.12/site-packages/airflow/example_dags/example_sla_dag.py took 0.142 seconds
[2024-10-12T20:47:30.659+0000] {processor.py:186} INFO - Started process (PID=1549) to work on /home/airflow/.local/lib/python3.12/site-packages/airflow/example_dags/example_sla_dag.py
[2024-10-12T20:47:30.661+0000] {processor.py:914} INFO - Processing file /home/airflow/.local/lib/python3.12/site-packages/airflow/example_dags/example_sla_dag.py for tasks to queue
[2024-10-12T20:47:30.666+0000] {logging_mixin.py:190} INFO - [2024-10-12T20:47:30.666+0000] {dagbag.py:588} INFO - Filling up the DagBag from /home/airflow/.local/lib/python3.12/site-packages/airflow/example_dags/example_sla_dag.py
[2024-10-12T20:47:30.685+0000] {processor.py:925} INFO - DAG(s) 'example_sla_dag' retrieved from /home/airflow/.local/lib/python3.12/site-packages/airflow/example_dags/example_sla_dag.py
[2024-10-12T20:47:30.722+0000] {logging_mixin.py:190} INFO - [2024-10-12T20:47:30.722+0000] {dag.py:3239} INFO - Sync 1 DAGs
[2024-10-12T20:47:30.766+0000] {logging_mixin.py:190} INFO - [2024-10-12T20:47:30.766+0000] {dag.py:4180} INFO - Setting next_dagrun for example_sla_dag to 2024-10-12 20:44:00+00:00, run_after=2024-10-12 20:46:00+00:00
[2024-10-12T20:47:30.793+0000] {processor.py:208} INFO - Processing /home/airflow/.local/lib/python3.12/site-packages/airflow/example_dags/example_sla_dag.py took 0.145 seconds
[2024-10-12T20:48:01.353+0000] {processor.py:186} INFO - Started process (PID=1610) to work on /home/airflow/.local/lib/python3.12/site-packages/airflow/example_dags/example_sla_dag.py
[2024-10-12T20:48:01.355+0000] {processor.py:914} INFO - Processing file /home/airflow/.local/lib/python3.12/site-packages/airflow/example_dags/example_sla_dag.py for tasks to queue
[2024-10-12T20:48:01.359+0000] {logging_mixin.py:190} INFO - [2024-10-12T20:48:01.359+0000] {dagbag.py:588} INFO - Filling up the DagBag from /home/airflow/.local/lib/python3.12/site-packages/airflow/example_dags/example_sla_dag.py
[2024-10-12T20:48:01.375+0000] {processor.py:925} INFO - DAG(s) 'example_sla_dag' retrieved from /home/airflow/.local/lib/python3.12/site-packages/airflow/example_dags/example_sla_dag.py
[2024-10-12T20:48:01.406+0000] {logging_mixin.py:190} INFO - [2024-10-12T20:48:01.406+0000] {dag.py:3239} INFO - Sync 1 DAGs
[2024-10-12T20:48:01.449+0000] {logging_mixin.py:190} INFO - [2024-10-12T20:48:01.449+0000] {dag.py:4180} INFO - Setting next_dagrun for example_sla_dag to 2024-10-12 20:46:00+00:00, run_after=2024-10-12 20:48:00+00:00
[2024-10-12T20:48:01.476+0000] {processor.py:208} INFO - Processing /home/airflow/.local/lib/python3.12/site-packages/airflow/example_dags/example_sla_dag.py took 0.134 seconds
[2024-10-12T20:48:32.070+0000] {processor.py:186} INFO - Started process (PID=1673) to work on /home/airflow/.local/lib/python3.12/site-packages/airflow/example_dags/example_sla_dag.py
[2024-10-12T20:48:32.072+0000] {processor.py:914} INFO - Processing file /home/airflow/.local/lib/python3.12/site-packages/airflow/example_dags/example_sla_dag.py for tasks to queue
[2024-10-12T20:48:32.076+0000] {logging_mixin.py:190} INFO - [2024-10-12T20:48:32.076+0000] {dagbag.py:588} INFO - Filling up the DagBag from /home/airflow/.local/lib/python3.12/site-packages/airflow/example_dags/example_sla_dag.py
[2024-10-12T20:48:32.094+0000] {processor.py:925} INFO - DAG(s) 'example_sla_dag' retrieved from /home/airflow/.local/lib/python3.12/site-packages/airflow/example_dags/example_sla_dag.py
[2024-10-12T20:48:32.130+0000] {logging_mixin.py:190} INFO - [2024-10-12T20:48:32.129+0000] {dag.py:3239} INFO - Sync 1 DAGs
[2024-10-12T20:48:32.173+0000] {logging_mixin.py:190} INFO - [2024-10-12T20:48:32.172+0000] {dag.py:4180} INFO - Setting next_dagrun for example_sla_dag to 2024-10-12 20:46:00+00:00, run_after=2024-10-12 20:48:00+00:00
[2024-10-12T20:48:32.203+0000] {processor.py:208} INFO - Processing /home/airflow/.local/lib/python3.12/site-packages/airflow/example_dags/example_sla_dag.py took 0.142 seconds
[2024-10-12T20:49:02.846+0000] {processor.py:186} INFO - Started process (PID=1735) to work on /home/airflow/.local/lib/python3.12/site-packages/airflow/example_dags/example_sla_dag.py
[2024-10-12T20:49:02.848+0000] {processor.py:914} INFO - Processing file /home/airflow/.local/lib/python3.12/site-packages/airflow/example_dags/example_sla_dag.py for tasks to queue
[2024-10-12T20:49:02.852+0000] {logging_mixin.py:190} INFO - [2024-10-12T20:49:02.852+0000] {dagbag.py:588} INFO - Filling up the DagBag from /home/airflow/.local/lib/python3.12/site-packages/airflow/example_dags/example_sla_dag.py
[2024-10-12T20:49:02.870+0000] {processor.py:925} INFO - DAG(s) 'example_sla_dag' retrieved from /home/airflow/.local/lib/python3.12/site-packages/airflow/example_dags/example_sla_dag.py
[2024-10-12T20:49:02.904+0000] {logging_mixin.py:190} INFO - [2024-10-12T20:49:02.903+0000] {dag.py:3239} INFO - Sync 1 DAGs
[2024-10-12T20:49:02.971+0000] {logging_mixin.py:190} INFO - [2024-10-12T20:49:02.971+0000] {dag.py:4180} INFO - Setting next_dagrun for example_sla_dag to 2024-10-12 20:46:00+00:00, run_after=2024-10-12 20:48:00+00:00
[2024-10-12T20:49:03.004+0000] {processor.py:208} INFO - Processing /home/airflow/.local/lib/python3.12/site-packages/airflow/example_dags/example_sla_dag.py took 0.168 seconds
[2024-10-12T20:49:33.762+0000] {processor.py:186} INFO - Started process (PID=1797) to work on /home/airflow/.local/lib/python3.12/site-packages/airflow/example_dags/example_sla_dag.py
[2024-10-12T20:49:33.764+0000] {processor.py:914} INFO - Processing file /home/airflow/.local/lib/python3.12/site-packages/airflow/example_dags/example_sla_dag.py for tasks to queue
[2024-10-12T20:49:33.768+0000] {logging_mixin.py:190} INFO - [2024-10-12T20:49:33.767+0000] {dagbag.py:588} INFO - Filling up the DagBag from /home/airflow/.local/lib/python3.12/site-packages/airflow/example_dags/example_sla_dag.py
[2024-10-12T20:49:33.784+0000] {processor.py:925} INFO - DAG(s) 'example_sla_dag' retrieved from /home/airflow/.local/lib/python3.12/site-packages/airflow/example_dags/example_sla_dag.py
[2024-10-12T20:49:33.815+0000] {logging_mixin.py:190} INFO - [2024-10-12T20:49:33.814+0000] {dag.py:3239} INFO - Sync 1 DAGs
[2024-10-12T20:49:33.861+0000] {logging_mixin.py:190} INFO - [2024-10-12T20:49:33.861+0000] {dag.py:4180} INFO - Setting next_dagrun for example_sla_dag to 2024-10-12 20:46:00+00:00, run_after=2024-10-12 20:48:00+00:00
[2024-10-12T20:49:33.894+0000] {processor.py:208} INFO - Processing /home/airflow/.local/lib/python3.12/site-packages/airflow/example_dags/example_sla_dag.py took 0.143 seconds
[2024-10-12T20:50:04.693+0000] {processor.py:186} INFO - Started process (PID=1859) to work on /home/airflow/.local/lib/python3.12/site-packages/airflow/example_dags/example_sla_dag.py
[2024-10-12T20:50:04.695+0000] {processor.py:914} INFO - Processing file /home/airflow/.local/lib/python3.12/site-packages/airflow/example_dags/example_sla_dag.py for tasks to queue
[2024-10-12T20:50:04.699+0000] {logging_mixin.py:190} INFO - [2024-10-12T20:50:04.698+0000] {dagbag.py:588} INFO - Filling up the DagBag from /home/airflow/.local/lib/python3.12/site-packages/airflow/example_dags/example_sla_dag.py
[2024-10-12T20:50:04.713+0000] {processor.py:925} INFO - DAG(s) 'example_sla_dag' retrieved from /home/airflow/.local/lib/python3.12/site-packages/airflow/example_dags/example_sla_dag.py
[2024-10-12T20:50:04.739+0000] {logging_mixin.py:190} INFO - [2024-10-12T20:50:04.738+0000] {dag.py:3239} INFO - Sync 1 DAGs
[2024-10-12T20:50:04.792+0000] {logging_mixin.py:190} INFO - [2024-10-12T20:50:04.792+0000] {dag.py:4180} INFO - Setting next_dagrun for example_sla_dag to 2024-10-12 20:48:00+00:00, run_after=2024-10-12 20:50:00+00:00
[2024-10-12T20:50:04.817+0000] {processor.py:208} INFO - Processing /home/airflow/.local/lib/python3.12/site-packages/airflow/example_dags/example_sla_dag.py took 0.133 seconds
