[2024-10-12T20:35:40.008+0000] {processor.py:186} INFO - Started process (PID=112) to work on /home/airflow/.local/lib/python3.12/site-packages/airflow/example_dags/example_latest_only_with_trigger.py
[2024-10-12T20:35:40.010+0000] {processor.py:914} INFO - Processing file /home/airflow/.local/lib/python3.12/site-packages/airflow/example_dags/example_latest_only_with_trigger.py for tasks to queue
[2024-10-12T20:35:40.013+0000] {logging_mixin.py:190} INFO - [2024-10-12T20:35:40.012+0000] {dagbag.py:588} INFO - Filling up the DagBag from /home/airflow/.local/lib/python3.12/site-packages/airflow/example_dags/example_latest_only_with_trigger.py
[2024-10-12T20:35:40.026+0000] {processor.py:925} INFO - DAG(s) 'latest_only_with_trigger' retrieved from /home/airflow/.local/lib/python3.12/site-packages/airflow/example_dags/example_latest_only_with_trigger.py
[2024-10-12T20:35:40.170+0000] {logging_mixin.py:190} INFO - [2024-10-12T20:35:40.168+0000] {override.py:1900} INFO - Created Permission View: can delete on DAG:latest_only_with_trigger
[2024-10-12T20:35:40.187+0000] {logging_mixin.py:190} INFO - [2024-10-12T20:35:40.187+0000] {override.py:1900} INFO - Created Permission View: can edit on DAG:latest_only_with_trigger
[2024-10-12T20:35:40.196+0000] {logging_mixin.py:190} INFO - [2024-10-12T20:35:40.196+0000] {override.py:1900} INFO - Created Permission View: can read on DAG:latest_only_with_trigger
[2024-10-12T20:35:40.208+0000] {logging_mixin.py:190} INFO - [2024-10-12T20:35:40.207+0000] {override.py:1900} INFO - Created Permission View: can delete on DAG Run:latest_only_with_trigger
[2024-10-12T20:35:40.219+0000] {logging_mixin.py:190} INFO - [2024-10-12T20:35:40.219+0000] {override.py:1900} INFO - Created Permission View: can create on DAG Run:latest_only_with_trigger
[2024-10-12T20:35:40.231+0000] {logging_mixin.py:190} INFO - [2024-10-12T20:35:40.230+0000] {override.py:1900} INFO - Created Permission View: menu access on DAG Run:latest_only_with_trigger
[2024-10-12T20:35:40.240+0000] {logging_mixin.py:190} INFO - [2024-10-12T20:35:40.240+0000] {override.py:1900} INFO - Created Permission View: can read on DAG Run:latest_only_with_trigger
[2024-10-12T20:35:40.241+0000] {logging_mixin.py:190} INFO - [2024-10-12T20:35:40.241+0000] {dag.py:3239} INFO - Sync 1 DAGs
[2024-10-12T20:35:40.260+0000] {logging_mixin.py:190} INFO - [2024-10-12T20:35:40.260+0000] {dag.py:3262} INFO - Creating ORM DAG for latest_only_with_trigger
[2024-10-12T20:35:40.274+0000] {logging_mixin.py:190} INFO - [2024-10-12T20:35:40.274+0000] {dag.py:4180} INFO - Setting next_dagrun for latest_only_with_trigger to 2024-10-12 16:00:00+00:00, run_after=2024-10-12 20:00:00+00:00
[2024-10-12T20:35:40.298+0000] {processor.py:208} INFO - Processing /home/airflow/.local/lib/python3.12/site-packages/airflow/example_dags/example_latest_only_with_trigger.py took 0.298 seconds
[2024-10-12T20:36:10.384+0000] {processor.py:186} INFO - Started process (PID=174) to work on /home/airflow/.local/lib/python3.12/site-packages/airflow/example_dags/example_latest_only_with_trigger.py
[2024-10-12T20:36:10.385+0000] {processor.py:914} INFO - Processing file /home/airflow/.local/lib/python3.12/site-packages/airflow/example_dags/example_latest_only_with_trigger.py for tasks to queue
[2024-10-12T20:36:10.388+0000] {logging_mixin.py:190} INFO - [2024-10-12T20:36:10.388+0000] {dagbag.py:588} INFO - Filling up the DagBag from /home/airflow/.local/lib/python3.12/site-packages/airflow/example_dags/example_latest_only_with_trigger.py
[2024-10-12T20:36:10.399+0000] {processor.py:925} INFO - DAG(s) 'latest_only_with_trigger' retrieved from /home/airflow/.local/lib/python3.12/site-packages/airflow/example_dags/example_latest_only_with_trigger.py
[2024-10-12T20:36:10.428+0000] {logging_mixin.py:190} INFO - [2024-10-12T20:36:10.427+0000] {dag.py:3239} INFO - Sync 1 DAGs
[2024-10-12T20:36:10.462+0000] {logging_mixin.py:190} INFO - [2024-10-12T20:36:10.461+0000] {dag.py:4180} INFO - Setting next_dagrun for latest_only_with_trigger to 2024-10-12 16:00:00+00:00, run_after=2024-10-12 20:00:00+00:00
[2024-10-12T20:36:10.497+0000] {processor.py:208} INFO - Processing /home/airflow/.local/lib/python3.12/site-packages/airflow/example_dags/example_latest_only_with_trigger.py took 0.121 seconds
[2024-10-12T20:36:40.755+0000] {processor.py:186} INFO - Started process (PID=236) to work on /home/airflow/.local/lib/python3.12/site-packages/airflow/example_dags/example_latest_only_with_trigger.py
[2024-10-12T20:36:40.756+0000] {processor.py:914} INFO - Processing file /home/airflow/.local/lib/python3.12/site-packages/airflow/example_dags/example_latest_only_with_trigger.py for tasks to queue
[2024-10-12T20:36:40.760+0000] {logging_mixin.py:190} INFO - [2024-10-12T20:36:40.760+0000] {dagbag.py:588} INFO - Filling up the DagBag from /home/airflow/.local/lib/python3.12/site-packages/airflow/example_dags/example_latest_only_with_trigger.py
[2024-10-12T20:36:40.772+0000] {processor.py:925} INFO - DAG(s) 'latest_only_with_trigger' retrieved from /home/airflow/.local/lib/python3.12/site-packages/airflow/example_dags/example_latest_only_with_trigger.py
[2024-10-12T20:36:40.816+0000] {logging_mixin.py:190} INFO - [2024-10-12T20:36:40.815+0000] {dag.py:3239} INFO - Sync 1 DAGs
[2024-10-12T20:36:40.857+0000] {logging_mixin.py:190} INFO - [2024-10-12T20:36:40.856+0000] {dag.py:4180} INFO - Setting next_dagrun for latest_only_with_trigger to 2024-10-12 16:00:00+00:00, run_after=2024-10-12 20:00:00+00:00
[2024-10-12T20:36:40.887+0000] {processor.py:208} INFO - Processing /home/airflow/.local/lib/python3.12/site-packages/airflow/example_dags/example_latest_only_with_trigger.py took 0.142 seconds
[2024-10-12T20:37:11.970+0000] {processor.py:186} INFO - Started process (PID=298) to work on /home/airflow/.local/lib/python3.12/site-packages/airflow/example_dags/example_latest_only_with_trigger.py
[2024-10-12T20:37:11.972+0000] {processor.py:914} INFO - Processing file /home/airflow/.local/lib/python3.12/site-packages/airflow/example_dags/example_latest_only_with_trigger.py for tasks to queue
[2024-10-12T20:37:11.975+0000] {logging_mixin.py:190} INFO - [2024-10-12T20:37:11.975+0000] {dagbag.py:588} INFO - Filling up the DagBag from /home/airflow/.local/lib/python3.12/site-packages/airflow/example_dags/example_latest_only_with_trigger.py
[2024-10-12T20:37:11.988+0000] {processor.py:925} INFO - DAG(s) 'latest_only_with_trigger' retrieved from /home/airflow/.local/lib/python3.12/site-packages/airflow/example_dags/example_latest_only_with_trigger.py
[2024-10-12T20:37:12.018+0000] {logging_mixin.py:190} INFO - [2024-10-12T20:37:12.017+0000] {dag.py:3239} INFO - Sync 1 DAGs
[2024-10-12T20:37:12.052+0000] {logging_mixin.py:190} INFO - [2024-10-12T20:37:12.051+0000] {dag.py:4180} INFO - Setting next_dagrun for latest_only_with_trigger to 2024-10-12 16:00:00+00:00, run_after=2024-10-12 20:00:00+00:00
[2024-10-12T20:37:12.084+0000] {processor.py:208} INFO - Processing /home/airflow/.local/lib/python3.12/site-packages/airflow/example_dags/example_latest_only_with_trigger.py took 0.123 seconds
[2024-10-12T20:37:43.369+0000] {processor.py:186} INFO - Started process (PID=360) to work on /home/airflow/.local/lib/python3.12/site-packages/airflow/example_dags/example_latest_only_with_trigger.py
[2024-10-12T20:37:43.372+0000] {processor.py:914} INFO - Processing file /home/airflow/.local/lib/python3.12/site-packages/airflow/example_dags/example_latest_only_with_trigger.py for tasks to queue
[2024-10-12T20:37:43.378+0000] {logging_mixin.py:190} INFO - [2024-10-12T20:37:43.377+0000] {dagbag.py:588} INFO - Filling up the DagBag from /home/airflow/.local/lib/python3.12/site-packages/airflow/example_dags/example_latest_only_with_trigger.py
[2024-10-12T20:37:43.392+0000] {processor.py:925} INFO - DAG(s) 'latest_only_with_trigger' retrieved from /home/airflow/.local/lib/python3.12/site-packages/airflow/example_dags/example_latest_only_with_trigger.py
[2024-10-12T20:37:43.428+0000] {logging_mixin.py:190} INFO - [2024-10-12T20:37:43.427+0000] {dag.py:3239} INFO - Sync 1 DAGs
[2024-10-12T20:37:43.469+0000] {logging_mixin.py:190} INFO - [2024-10-12T20:37:43.469+0000] {dag.py:4180} INFO - Setting next_dagrun for latest_only_with_trigger to 2024-10-12 16:00:00+00:00, run_after=2024-10-12 20:00:00+00:00
[2024-10-12T20:37:43.503+0000] {processor.py:208} INFO - Processing /home/airflow/.local/lib/python3.12/site-packages/airflow/example_dags/example_latest_only_with_trigger.py took 0.145 seconds
[2024-10-12T20:38:14.799+0000] {processor.py:186} INFO - Started process (PID=422) to work on /home/airflow/.local/lib/python3.12/site-packages/airflow/example_dags/example_latest_only_with_trigger.py
[2024-10-12T20:38:14.804+0000] {processor.py:914} INFO - Processing file /home/airflow/.local/lib/python3.12/site-packages/airflow/example_dags/example_latest_only_with_trigger.py for tasks to queue
[2024-10-12T20:38:14.809+0000] {logging_mixin.py:190} INFO - [2024-10-12T20:38:14.809+0000] {dagbag.py:588} INFO - Filling up the DagBag from /home/airflow/.local/lib/python3.12/site-packages/airflow/example_dags/example_latest_only_with_trigger.py
[2024-10-12T20:38:14.828+0000] {processor.py:925} INFO - DAG(s) 'latest_only_with_trigger' retrieved from /home/airflow/.local/lib/python3.12/site-packages/airflow/example_dags/example_latest_only_with_trigger.py
[2024-10-12T20:38:14.867+0000] {logging_mixin.py:190} INFO - [2024-10-12T20:38:14.867+0000] {dag.py:3239} INFO - Sync 1 DAGs
[2024-10-12T20:38:14.926+0000] {logging_mixin.py:190} INFO - [2024-10-12T20:38:14.926+0000] {dag.py:4180} INFO - Setting next_dagrun for latest_only_with_trigger to 2024-10-12 16:00:00+00:00, run_after=2024-10-12 20:00:00+00:00
[2024-10-12T20:38:14.973+0000] {processor.py:208} INFO - Processing /home/airflow/.local/lib/python3.12/site-packages/airflow/example_dags/example_latest_only_with_trigger.py took 0.188 seconds
[2024-10-12T20:38:45.106+0000] {processor.py:186} INFO - Started process (PID=484) to work on /home/airflow/.local/lib/python3.12/site-packages/airflow/example_dags/example_latest_only_with_trigger.py
[2024-10-12T20:38:45.107+0000] {processor.py:914} INFO - Processing file /home/airflow/.local/lib/python3.12/site-packages/airflow/example_dags/example_latest_only_with_trigger.py for tasks to queue
[2024-10-12T20:38:45.111+0000] {logging_mixin.py:190} INFO - [2024-10-12T20:38:45.111+0000] {dagbag.py:588} INFO - Filling up the DagBag from /home/airflow/.local/lib/python3.12/site-packages/airflow/example_dags/example_latest_only_with_trigger.py
[2024-10-12T20:38:45.124+0000] {processor.py:925} INFO - DAG(s) 'latest_only_with_trigger' retrieved from /home/airflow/.local/lib/python3.12/site-packages/airflow/example_dags/example_latest_only_with_trigger.py
[2024-10-12T20:38:45.162+0000] {logging_mixin.py:190} INFO - [2024-10-12T20:38:45.161+0000] {dag.py:3239} INFO - Sync 1 DAGs
[2024-10-12T20:38:45.208+0000] {logging_mixin.py:190} INFO - [2024-10-12T20:38:45.207+0000] {dag.py:4180} INFO - Setting next_dagrun for latest_only_with_trigger to 2024-10-12 16:00:00+00:00, run_after=2024-10-12 20:00:00+00:00
[2024-10-12T20:38:45.243+0000] {processor.py:208} INFO - Processing /home/airflow/.local/lib/python3.12/site-packages/airflow/example_dags/example_latest_only_with_trigger.py took 0.148 seconds
[2024-10-12T20:39:15.371+0000] {processor.py:186} INFO - Started process (PID=546) to work on /home/airflow/.local/lib/python3.12/site-packages/airflow/example_dags/example_latest_only_with_trigger.py
[2024-10-12T20:39:15.373+0000] {processor.py:914} INFO - Processing file /home/airflow/.local/lib/python3.12/site-packages/airflow/example_dags/example_latest_only_with_trigger.py for tasks to queue
[2024-10-12T20:39:15.378+0000] {logging_mixin.py:190} INFO - [2024-10-12T20:39:15.378+0000] {dagbag.py:588} INFO - Filling up the DagBag from /home/airflow/.local/lib/python3.12/site-packages/airflow/example_dags/example_latest_only_with_trigger.py
[2024-10-12T20:39:15.391+0000] {processor.py:925} INFO - DAG(s) 'latest_only_with_trigger' retrieved from /home/airflow/.local/lib/python3.12/site-packages/airflow/example_dags/example_latest_only_with_trigger.py
[2024-10-12T20:39:15.423+0000] {logging_mixin.py:190} INFO - [2024-10-12T20:39:15.422+0000] {dag.py:3239} INFO - Sync 1 DAGs
[2024-10-12T20:39:15.457+0000] {logging_mixin.py:190} INFO - [2024-10-12T20:39:15.457+0000] {dag.py:4180} INFO - Setting next_dagrun for latest_only_with_trigger to 2024-10-12 16:00:00+00:00, run_after=2024-10-12 20:00:00+00:00
[2024-10-12T20:39:15.493+0000] {processor.py:208} INFO - Processing /home/airflow/.local/lib/python3.12/site-packages/airflow/example_dags/example_latest_only_with_trigger.py took 0.132 seconds
[2024-10-12T20:39:46.532+0000] {processor.py:186} INFO - Started process (PID=608) to work on /home/airflow/.local/lib/python3.12/site-packages/airflow/example_dags/example_latest_only_with_trigger.py
[2024-10-12T20:39:46.534+0000] {processor.py:914} INFO - Processing file /home/airflow/.local/lib/python3.12/site-packages/airflow/example_dags/example_latest_only_with_trigger.py for tasks to queue
[2024-10-12T20:39:46.537+0000] {logging_mixin.py:190} INFO - [2024-10-12T20:39:46.537+0000] {dagbag.py:588} INFO - Filling up the DagBag from /home/airflow/.local/lib/python3.12/site-packages/airflow/example_dags/example_latest_only_with_trigger.py
[2024-10-12T20:39:46.549+0000] {processor.py:925} INFO - DAG(s) 'latest_only_with_trigger' retrieved from /home/airflow/.local/lib/python3.12/site-packages/airflow/example_dags/example_latest_only_with_trigger.py
[2024-10-12T20:39:46.582+0000] {logging_mixin.py:190} INFO - [2024-10-12T20:39:46.581+0000] {dag.py:3239} INFO - Sync 1 DAGs
[2024-10-12T20:39:46.615+0000] {logging_mixin.py:190} INFO - [2024-10-12T20:39:46.615+0000] {dag.py:4180} INFO - Setting next_dagrun for latest_only_with_trigger to 2024-10-12 16:00:00+00:00, run_after=2024-10-12 20:00:00+00:00
[2024-10-12T20:39:46.641+0000] {processor.py:208} INFO - Processing /home/airflow/.local/lib/python3.12/site-packages/airflow/example_dags/example_latest_only_with_trigger.py took 0.119 seconds
[2024-10-12T20:40:17.317+0000] {processor.py:186} INFO - Started process (PID=669) to work on /home/airflow/.local/lib/python3.12/site-packages/airflow/example_dags/example_latest_only_with_trigger.py
[2024-10-12T20:40:17.319+0000] {processor.py:914} INFO - Processing file /home/airflow/.local/lib/python3.12/site-packages/airflow/example_dags/example_latest_only_with_trigger.py for tasks to queue
[2024-10-12T20:40:17.325+0000] {logging_mixin.py:190} INFO - [2024-10-12T20:40:17.324+0000] {dagbag.py:588} INFO - Filling up the DagBag from /home/airflow/.local/lib/python3.12/site-packages/airflow/example_dags/example_latest_only_with_trigger.py
[2024-10-12T20:40:17.343+0000] {processor.py:925} INFO - DAG(s) 'latest_only_with_trigger' retrieved from /home/airflow/.local/lib/python3.12/site-packages/airflow/example_dags/example_latest_only_with_trigger.py
[2024-10-12T20:40:17.384+0000] {logging_mixin.py:190} INFO - [2024-10-12T20:40:17.383+0000] {dag.py:3239} INFO - Sync 1 DAGs
[2024-10-12T20:40:17.451+0000] {logging_mixin.py:190} INFO - [2024-10-12T20:40:17.451+0000] {dag.py:4180} INFO - Setting next_dagrun for latest_only_with_trigger to 2024-10-12 16:00:00+00:00, run_after=2024-10-12 20:00:00+00:00
[2024-10-12T20:40:17.513+0000] {processor.py:208} INFO - Processing /home/airflow/.local/lib/python3.12/site-packages/airflow/example_dags/example_latest_only_with_trigger.py took 0.207 seconds
[2024-10-12T20:40:47.930+0000] {processor.py:186} INFO - Started process (PID=731) to work on /home/airflow/.local/lib/python3.12/site-packages/airflow/example_dags/example_latest_only_with_trigger.py
[2024-10-12T20:40:47.932+0000] {processor.py:914} INFO - Processing file /home/airflow/.local/lib/python3.12/site-packages/airflow/example_dags/example_latest_only_with_trigger.py for tasks to queue
[2024-10-12T20:40:47.936+0000] {logging_mixin.py:190} INFO - [2024-10-12T20:40:47.936+0000] {dagbag.py:588} INFO - Filling up the DagBag from /home/airflow/.local/lib/python3.12/site-packages/airflow/example_dags/example_latest_only_with_trigger.py
[2024-10-12T20:40:47.951+0000] {processor.py:925} INFO - DAG(s) 'latest_only_with_trigger' retrieved from /home/airflow/.local/lib/python3.12/site-packages/airflow/example_dags/example_latest_only_with_trigger.py
[2024-10-12T20:40:47.992+0000] {logging_mixin.py:190} INFO - [2024-10-12T20:40:47.992+0000] {dag.py:3239} INFO - Sync 1 DAGs
[2024-10-12T20:40:48.025+0000] {logging_mixin.py:190} INFO - [2024-10-12T20:40:48.025+0000] {dag.py:4180} INFO - Setting next_dagrun for latest_only_with_trigger to 2024-10-12 16:00:00+00:00, run_after=2024-10-12 20:00:00+00:00
[2024-10-12T20:40:48.057+0000] {processor.py:208} INFO - Processing /home/airflow/.local/lib/python3.12/site-packages/airflow/example_dags/example_latest_only_with_trigger.py took 0.137 seconds
[2024-10-12T20:41:18.874+0000] {processor.py:186} INFO - Started process (PID=793) to work on /home/airflow/.local/lib/python3.12/site-packages/airflow/example_dags/example_latest_only_with_trigger.py
[2024-10-12T20:41:18.878+0000] {processor.py:914} INFO - Processing file /home/airflow/.local/lib/python3.12/site-packages/airflow/example_dags/example_latest_only_with_trigger.py for tasks to queue
[2024-10-12T20:41:18.883+0000] {logging_mixin.py:190} INFO - [2024-10-12T20:41:18.882+0000] {dagbag.py:588} INFO - Filling up the DagBag from /home/airflow/.local/lib/python3.12/site-packages/airflow/example_dags/example_latest_only_with_trigger.py
[2024-10-12T20:41:18.895+0000] {processor.py:925} INFO - DAG(s) 'latest_only_with_trigger' retrieved from /home/airflow/.local/lib/python3.12/site-packages/airflow/example_dags/example_latest_only_with_trigger.py
[2024-10-12T20:41:18.925+0000] {logging_mixin.py:190} INFO - [2024-10-12T20:41:18.924+0000] {dag.py:3239} INFO - Sync 1 DAGs
[2024-10-12T20:41:18.960+0000] {logging_mixin.py:190} INFO - [2024-10-12T20:41:18.960+0000] {dag.py:4180} INFO - Setting next_dagrun for latest_only_with_trigger to 2024-10-12 16:00:00+00:00, run_after=2024-10-12 20:00:00+00:00
[2024-10-12T20:41:18.988+0000] {processor.py:208} INFO - Processing /home/airflow/.local/lib/python3.12/site-packages/airflow/example_dags/example_latest_only_with_trigger.py took 0.123 seconds
[2024-10-12T20:41:49.526+0000] {processor.py:186} INFO - Started process (PID=855) to work on /home/airflow/.local/lib/python3.12/site-packages/airflow/example_dags/example_latest_only_with_trigger.py
[2024-10-12T20:41:49.610+0000] {processor.py:914} INFO - Processing file /home/airflow/.local/lib/python3.12/site-packages/airflow/example_dags/example_latest_only_with_trigger.py for tasks to queue
[2024-10-12T20:41:49.616+0000] {logging_mixin.py:190} INFO - [2024-10-12T20:41:49.615+0000] {dagbag.py:588} INFO - Filling up the DagBag from /home/airflow/.local/lib/python3.12/site-packages/airflow/example_dags/example_latest_only_with_trigger.py
[2024-10-12T20:41:49.632+0000] {processor.py:925} INFO - DAG(s) 'latest_only_with_trigger' retrieved from /home/airflow/.local/lib/python3.12/site-packages/airflow/example_dags/example_latest_only_with_trigger.py
[2024-10-12T20:41:49.673+0000] {logging_mixin.py:190} INFO - [2024-10-12T20:41:49.673+0000] {dag.py:3239} INFO - Sync 1 DAGs
[2024-10-12T20:41:49.739+0000] {logging_mixin.py:190} INFO - [2024-10-12T20:41:49.739+0000] {dag.py:4180} INFO - Setting next_dagrun for latest_only_with_trigger to 2024-10-12 16:00:00+00:00, run_after=2024-10-12 20:00:00+00:00
[2024-10-12T20:41:49.791+0000] {processor.py:208} INFO - Processing /home/airflow/.local/lib/python3.12/site-packages/airflow/example_dags/example_latest_only_with_trigger.py took 0.283 seconds
[2024-10-12T20:42:20.006+0000] {processor.py:186} INFO - Started process (PID=917) to work on /home/airflow/.local/lib/python3.12/site-packages/airflow/example_dags/example_latest_only_with_trigger.py
[2024-10-12T20:42:20.008+0000] {processor.py:914} INFO - Processing file /home/airflow/.local/lib/python3.12/site-packages/airflow/example_dags/example_latest_only_with_trigger.py for tasks to queue
[2024-10-12T20:42:20.013+0000] {logging_mixin.py:190} INFO - [2024-10-12T20:42:20.012+0000] {dagbag.py:588} INFO - Filling up the DagBag from /home/airflow/.local/lib/python3.12/site-packages/airflow/example_dags/example_latest_only_with_trigger.py
[2024-10-12T20:42:20.031+0000] {processor.py:925} INFO - DAG(s) 'latest_only_with_trigger' retrieved from /home/airflow/.local/lib/python3.12/site-packages/airflow/example_dags/example_latest_only_with_trigger.py
[2024-10-12T20:42:20.086+0000] {logging_mixin.py:190} INFO - [2024-10-12T20:42:20.085+0000] {dag.py:3239} INFO - Sync 1 DAGs
[2024-10-12T20:42:20.135+0000] {logging_mixin.py:190} INFO - [2024-10-12T20:42:20.134+0000] {dag.py:4180} INFO - Setting next_dagrun for latest_only_with_trigger to 2024-10-12 16:00:00+00:00, run_after=2024-10-12 20:00:00+00:00
[2024-10-12T20:42:20.177+0000] {processor.py:208} INFO - Processing /home/airflow/.local/lib/python3.12/site-packages/airflow/example_dags/example_latest_only_with_trigger.py took 0.185 seconds
[2024-10-12T20:42:51.583+0000] {processor.py:186} INFO - Started process (PID=979) to work on /home/airflow/.local/lib/python3.12/site-packages/airflow/example_dags/example_latest_only_with_trigger.py
[2024-10-12T20:42:51.586+0000] {processor.py:914} INFO - Processing file /home/airflow/.local/lib/python3.12/site-packages/airflow/example_dags/example_latest_only_with_trigger.py for tasks to queue
[2024-10-12T20:42:51.593+0000] {logging_mixin.py:190} INFO - [2024-10-12T20:42:51.592+0000] {dagbag.py:588} INFO - Filling up the DagBag from /home/airflow/.local/lib/python3.12/site-packages/airflow/example_dags/example_latest_only_with_trigger.py
[2024-10-12T20:42:51.605+0000] {processor.py:925} INFO - DAG(s) 'latest_only_with_trigger' retrieved from /home/airflow/.local/lib/python3.12/site-packages/airflow/example_dags/example_latest_only_with_trigger.py
[2024-10-12T20:42:51.635+0000] {logging_mixin.py:190} INFO - [2024-10-12T20:42:51.635+0000] {dag.py:3239} INFO - Sync 1 DAGs
[2024-10-12T20:42:51.671+0000] {logging_mixin.py:190} INFO - [2024-10-12T20:42:51.670+0000] {dag.py:4180} INFO - Setting next_dagrun for latest_only_with_trigger to 2024-10-12 16:00:00+00:00, run_after=2024-10-12 20:00:00+00:00
[2024-10-12T20:42:51.707+0000] {processor.py:208} INFO - Processing /home/airflow/.local/lib/python3.12/site-packages/airflow/example_dags/example_latest_only_with_trigger.py took 0.135 seconds
[2024-10-12T20:43:22.167+0000] {processor.py:186} INFO - Started process (PID=1041) to work on /home/airflow/.local/lib/python3.12/site-packages/airflow/example_dags/example_latest_only_with_trigger.py
[2024-10-12T20:43:22.169+0000] {processor.py:914} INFO - Processing file /home/airflow/.local/lib/python3.12/site-packages/airflow/example_dags/example_latest_only_with_trigger.py for tasks to queue
[2024-10-12T20:43:22.172+0000] {logging_mixin.py:190} INFO - [2024-10-12T20:43:22.172+0000] {dagbag.py:588} INFO - Filling up the DagBag from /home/airflow/.local/lib/python3.12/site-packages/airflow/example_dags/example_latest_only_with_trigger.py
[2024-10-12T20:43:22.184+0000] {processor.py:925} INFO - DAG(s) 'latest_only_with_trigger' retrieved from /home/airflow/.local/lib/python3.12/site-packages/airflow/example_dags/example_latest_only_with_trigger.py
[2024-10-12T20:43:22.223+0000] {logging_mixin.py:190} INFO - [2024-10-12T20:43:22.222+0000] {dag.py:3239} INFO - Sync 1 DAGs
[2024-10-12T20:43:22.262+0000] {logging_mixin.py:190} INFO - [2024-10-12T20:43:22.262+0000] {dag.py:4180} INFO - Setting next_dagrun for latest_only_with_trigger to 2024-10-12 16:00:00+00:00, run_after=2024-10-12 20:00:00+00:00
[2024-10-12T20:43:22.290+0000] {processor.py:208} INFO - Processing /home/airflow/.local/lib/python3.12/site-packages/airflow/example_dags/example_latest_only_with_trigger.py took 0.132 seconds
[2024-10-12T20:43:52.808+0000] {processor.py:186} INFO - Started process (PID=1102) to work on /home/airflow/.local/lib/python3.12/site-packages/airflow/example_dags/example_latest_only_with_trigger.py
[2024-10-12T20:43:52.810+0000] {processor.py:914} INFO - Processing file /home/airflow/.local/lib/python3.12/site-packages/airflow/example_dags/example_latest_only_with_trigger.py for tasks to queue
[2024-10-12T20:43:52.814+0000] {logging_mixin.py:190} INFO - [2024-10-12T20:43:52.814+0000] {dagbag.py:588} INFO - Filling up the DagBag from /home/airflow/.local/lib/python3.12/site-packages/airflow/example_dags/example_latest_only_with_trigger.py
[2024-10-12T20:43:52.829+0000] {processor.py:925} INFO - DAG(s) 'latest_only_with_trigger' retrieved from /home/airflow/.local/lib/python3.12/site-packages/airflow/example_dags/example_latest_only_with_trigger.py
[2024-10-12T20:43:52.873+0000] {logging_mixin.py:190} INFO - [2024-10-12T20:43:52.873+0000] {dag.py:3239} INFO - Sync 1 DAGs
[2024-10-12T20:43:52.940+0000] {logging_mixin.py:190} INFO - [2024-10-12T20:43:52.940+0000] {dag.py:4180} INFO - Setting next_dagrun for latest_only_with_trigger to 2024-10-12 16:00:00+00:00, run_after=2024-10-12 20:00:00+00:00
[2024-10-12T20:43:52.987+0000] {processor.py:208} INFO - Processing /home/airflow/.local/lib/python3.12/site-packages/airflow/example_dags/example_latest_only_with_trigger.py took 0.190 seconds
[2024-10-12T20:44:23.592+0000] {processor.py:186} INFO - Started process (PID=1164) to work on /home/airflow/.local/lib/python3.12/site-packages/airflow/example_dags/example_latest_only_with_trigger.py
[2024-10-12T20:44:23.594+0000] {processor.py:914} INFO - Processing file /home/airflow/.local/lib/python3.12/site-packages/airflow/example_dags/example_latest_only_with_trigger.py for tasks to queue
[2024-10-12T20:44:23.598+0000] {logging_mixin.py:190} INFO - [2024-10-12T20:44:23.598+0000] {dagbag.py:588} INFO - Filling up the DagBag from /home/airflow/.local/lib/python3.12/site-packages/airflow/example_dags/example_latest_only_with_trigger.py
[2024-10-12T20:44:23.612+0000] {processor.py:925} INFO - DAG(s) 'latest_only_with_trigger' retrieved from /home/airflow/.local/lib/python3.12/site-packages/airflow/example_dags/example_latest_only_with_trigger.py
[2024-10-12T20:44:23.645+0000] {logging_mixin.py:190} INFO - [2024-10-12T20:44:23.644+0000] {dag.py:3239} INFO - Sync 1 DAGs
[2024-10-12T20:44:23.678+0000] {logging_mixin.py:190} INFO - [2024-10-12T20:44:23.678+0000] {dag.py:4180} INFO - Setting next_dagrun for latest_only_with_trigger to 2024-10-12 16:00:00+00:00, run_after=2024-10-12 20:00:00+00:00
[2024-10-12T20:44:23.711+0000] {processor.py:208} INFO - Processing /home/airflow/.local/lib/python3.12/site-packages/airflow/example_dags/example_latest_only_with_trigger.py took 0.128 seconds
[2024-10-12T20:44:54.440+0000] {processor.py:186} INFO - Started process (PID=1226) to work on /home/airflow/.local/lib/python3.12/site-packages/airflow/example_dags/example_latest_only_with_trigger.py
[2024-10-12T20:44:54.441+0000] {processor.py:914} INFO - Processing file /home/airflow/.local/lib/python3.12/site-packages/airflow/example_dags/example_latest_only_with_trigger.py for tasks to queue
[2024-10-12T20:44:54.445+0000] {logging_mixin.py:190} INFO - [2024-10-12T20:44:54.445+0000] {dagbag.py:588} INFO - Filling up the DagBag from /home/airflow/.local/lib/python3.12/site-packages/airflow/example_dags/example_latest_only_with_trigger.py
[2024-10-12T20:44:54.458+0000] {processor.py:925} INFO - DAG(s) 'latest_only_with_trigger' retrieved from /home/airflow/.local/lib/python3.12/site-packages/airflow/example_dags/example_latest_only_with_trigger.py
[2024-10-12T20:44:54.494+0000] {logging_mixin.py:190} INFO - [2024-10-12T20:44:54.494+0000] {dag.py:3239} INFO - Sync 1 DAGs
[2024-10-12T20:44:54.527+0000] {logging_mixin.py:190} INFO - [2024-10-12T20:44:54.527+0000] {dag.py:4180} INFO - Setting next_dagrun for latest_only_with_trigger to 2024-10-12 16:00:00+00:00, run_after=2024-10-12 20:00:00+00:00
[2024-10-12T20:44:54.559+0000] {processor.py:208} INFO - Processing /home/airflow/.local/lib/python3.12/site-packages/airflow/example_dags/example_latest_only_with_trigger.py took 0.128 seconds
[2024-10-12T20:45:25.209+0000] {processor.py:186} INFO - Started process (PID=1288) to work on /home/airflow/.local/lib/python3.12/site-packages/airflow/example_dags/example_latest_only_with_trigger.py
[2024-10-12T20:45:25.210+0000] {processor.py:914} INFO - Processing file /home/airflow/.local/lib/python3.12/site-packages/airflow/example_dags/example_latest_only_with_trigger.py for tasks to queue
[2024-10-12T20:45:25.214+0000] {logging_mixin.py:190} INFO - [2024-10-12T20:45:25.213+0000] {dagbag.py:588} INFO - Filling up the DagBag from /home/airflow/.local/lib/python3.12/site-packages/airflow/example_dags/example_latest_only_with_trigger.py
[2024-10-12T20:45:25.224+0000] {processor.py:925} INFO - DAG(s) 'latest_only_with_trigger' retrieved from /home/airflow/.local/lib/python3.12/site-packages/airflow/example_dags/example_latest_only_with_trigger.py
[2024-10-12T20:45:25.250+0000] {logging_mixin.py:190} INFO - [2024-10-12T20:45:25.250+0000] {dag.py:3239} INFO - Sync 1 DAGs
[2024-10-12T20:45:25.279+0000] {logging_mixin.py:190} INFO - [2024-10-12T20:45:25.279+0000] {dag.py:4180} INFO - Setting next_dagrun for latest_only_with_trigger to 2024-10-12 16:00:00+00:00, run_after=2024-10-12 20:00:00+00:00
[2024-10-12T20:45:25.303+0000] {processor.py:208} INFO - Processing /home/airflow/.local/lib/python3.12/site-packages/airflow/example_dags/example_latest_only_with_trigger.py took 0.101 seconds
[2024-10-12T20:45:57.042+0000] {processor.py:186} INFO - Started process (PID=1350) to work on /home/airflow/.local/lib/python3.12/site-packages/airflow/example_dags/example_latest_only_with_trigger.py
[2024-10-12T20:45:57.045+0000] {processor.py:914} INFO - Processing file /home/airflow/.local/lib/python3.12/site-packages/airflow/example_dags/example_latest_only_with_trigger.py for tasks to queue
[2024-10-12T20:45:57.052+0000] {logging_mixin.py:190} INFO - [2024-10-12T20:45:57.051+0000] {dagbag.py:588} INFO - Filling up the DagBag from /home/airflow/.local/lib/python3.12/site-packages/airflow/example_dags/example_latest_only_with_trigger.py
[2024-10-12T20:45:57.071+0000] {processor.py:925} INFO - DAG(s) 'latest_only_with_trigger' retrieved from /home/airflow/.local/lib/python3.12/site-packages/airflow/example_dags/example_latest_only_with_trigger.py
[2024-10-12T20:45:57.141+0000] {logging_mixin.py:190} INFO - [2024-10-12T20:45:57.140+0000] {dag.py:3239} INFO - Sync 1 DAGs
[2024-10-12T20:45:57.184+0000] {logging_mixin.py:190} INFO - [2024-10-12T20:45:57.184+0000] {dag.py:4180} INFO - Setting next_dagrun for latest_only_with_trigger to 2024-10-12 16:00:00+00:00, run_after=2024-10-12 20:00:00+00:00
[2024-10-12T20:45:57.239+0000] {processor.py:208} INFO - Processing /home/airflow/.local/lib/python3.12/site-packages/airflow/example_dags/example_latest_only_with_trigger.py took 0.219 seconds
[2024-10-12T20:46:27.759+0000] {processor.py:186} INFO - Started process (PID=1412) to work on /home/airflow/.local/lib/python3.12/site-packages/airflow/example_dags/example_latest_only_with_trigger.py
[2024-10-12T20:46:27.761+0000] {processor.py:914} INFO - Processing file /home/airflow/.local/lib/python3.12/site-packages/airflow/example_dags/example_latest_only_with_trigger.py for tasks to queue
[2024-10-12T20:46:27.766+0000] {logging_mixin.py:190} INFO - [2024-10-12T20:46:27.765+0000] {dagbag.py:588} INFO - Filling up the DagBag from /home/airflow/.local/lib/python3.12/site-packages/airflow/example_dags/example_latest_only_with_trigger.py
[2024-10-12T20:46:27.781+0000] {processor.py:925} INFO - DAG(s) 'latest_only_with_trigger' retrieved from /home/airflow/.local/lib/python3.12/site-packages/airflow/example_dags/example_latest_only_with_trigger.py
[2024-10-12T20:46:27.825+0000] {logging_mixin.py:190} INFO - [2024-10-12T20:46:27.824+0000] {dag.py:3239} INFO - Sync 1 DAGs
[2024-10-12T20:46:27.875+0000] {logging_mixin.py:190} INFO - [2024-10-12T20:46:27.874+0000] {dag.py:4180} INFO - Setting next_dagrun for latest_only_with_trigger to 2024-10-12 16:00:00+00:00, run_after=2024-10-12 20:00:00+00:00
[2024-10-12T20:46:27.919+0000] {processor.py:208} INFO - Processing /home/airflow/.local/lib/python3.12/site-packages/airflow/example_dags/example_latest_only_with_trigger.py took 0.170 seconds
[2024-10-12T20:46:58.399+0000] {processor.py:186} INFO - Started process (PID=1474) to work on /home/airflow/.local/lib/python3.12/site-packages/airflow/example_dags/example_latest_only_with_trigger.py
[2024-10-12T20:46:58.401+0000] {processor.py:914} INFO - Processing file /home/airflow/.local/lib/python3.12/site-packages/airflow/example_dags/example_latest_only_with_trigger.py for tasks to queue
[2024-10-12T20:46:58.405+0000] {logging_mixin.py:190} INFO - [2024-10-12T20:46:58.404+0000] {dagbag.py:588} INFO - Filling up the DagBag from /home/airflow/.local/lib/python3.12/site-packages/airflow/example_dags/example_latest_only_with_trigger.py
[2024-10-12T20:46:58.421+0000] {processor.py:925} INFO - DAG(s) 'latest_only_with_trigger' retrieved from /home/airflow/.local/lib/python3.12/site-packages/airflow/example_dags/example_latest_only_with_trigger.py
[2024-10-12T20:46:58.458+0000] {logging_mixin.py:190} INFO - [2024-10-12T20:46:58.457+0000] {dag.py:3239} INFO - Sync 1 DAGs
[2024-10-12T20:46:58.497+0000] {logging_mixin.py:190} INFO - [2024-10-12T20:46:58.496+0000] {dag.py:4180} INFO - Setting next_dagrun for latest_only_with_trigger to 2024-10-12 16:00:00+00:00, run_after=2024-10-12 20:00:00+00:00
[2024-10-12T20:46:58.530+0000] {processor.py:208} INFO - Processing /home/airflow/.local/lib/python3.12/site-packages/airflow/example_dags/example_latest_only_with_trigger.py took 0.142 seconds
[2024-10-12T20:47:28.803+0000] {processor.py:186} INFO - Started process (PID=1536) to work on /home/airflow/.local/lib/python3.12/site-packages/airflow/example_dags/example_latest_only_with_trigger.py
[2024-10-12T20:47:28.805+0000] {processor.py:914} INFO - Processing file /home/airflow/.local/lib/python3.12/site-packages/airflow/example_dags/example_latest_only_with_trigger.py for tasks to queue
[2024-10-12T20:47:28.810+0000] {logging_mixin.py:190} INFO - [2024-10-12T20:47:28.809+0000] {dagbag.py:588} INFO - Filling up the DagBag from /home/airflow/.local/lib/python3.12/site-packages/airflow/example_dags/example_latest_only_with_trigger.py
[2024-10-12T20:47:28.824+0000] {processor.py:925} INFO - DAG(s) 'latest_only_with_trigger' retrieved from /home/airflow/.local/lib/python3.12/site-packages/airflow/example_dags/example_latest_only_with_trigger.py
[2024-10-12T20:47:28.863+0000] {logging_mixin.py:190} INFO - [2024-10-12T20:47:28.862+0000] {dag.py:3239} INFO - Sync 1 DAGs
[2024-10-12T20:47:28.897+0000] {logging_mixin.py:190} INFO - [2024-10-12T20:47:28.897+0000] {dag.py:4180} INFO - Setting next_dagrun for latest_only_with_trigger to 2024-10-12 16:00:00+00:00, run_after=2024-10-12 20:00:00+00:00
[2024-10-12T20:47:28.927+0000] {processor.py:208} INFO - Processing /home/airflow/.local/lib/python3.12/site-packages/airflow/example_dags/example_latest_only_with_trigger.py took 0.132 seconds
[2024-10-12T20:47:59.541+0000] {processor.py:186} INFO - Started process (PID=1598) to work on /home/airflow/.local/lib/python3.12/site-packages/airflow/example_dags/example_latest_only_with_trigger.py
[2024-10-12T20:47:59.542+0000] {processor.py:914} INFO - Processing file /home/airflow/.local/lib/python3.12/site-packages/airflow/example_dags/example_latest_only_with_trigger.py for tasks to queue
[2024-10-12T20:47:59.546+0000] {logging_mixin.py:190} INFO - [2024-10-12T20:47:59.546+0000] {dagbag.py:588} INFO - Filling up the DagBag from /home/airflow/.local/lib/python3.12/site-packages/airflow/example_dags/example_latest_only_with_trigger.py
[2024-10-12T20:47:59.558+0000] {processor.py:925} INFO - DAG(s) 'latest_only_with_trigger' retrieved from /home/airflow/.local/lib/python3.12/site-packages/airflow/example_dags/example_latest_only_with_trigger.py
[2024-10-12T20:47:59.590+0000] {logging_mixin.py:190} INFO - [2024-10-12T20:47:59.589+0000] {dag.py:3239} INFO - Sync 1 DAGs
[2024-10-12T20:47:59.666+0000] {logging_mixin.py:190} INFO - [2024-10-12T20:47:59.665+0000] {dag.py:4180} INFO - Setting next_dagrun for latest_only_with_trigger to 2024-10-12 16:00:00+00:00, run_after=2024-10-12 20:00:00+00:00
[2024-10-12T20:47:59.729+0000] {processor.py:208} INFO - Processing /home/airflow/.local/lib/python3.12/site-packages/airflow/example_dags/example_latest_only_with_trigger.py took 0.197 seconds
[2024-10-12T20:48:30.902+0000] {processor.py:186} INFO - Started process (PID=1661) to work on /home/airflow/.local/lib/python3.12/site-packages/airflow/example_dags/example_latest_only_with_trigger.py
[2024-10-12T20:48:30.904+0000] {processor.py:914} INFO - Processing file /home/airflow/.local/lib/python3.12/site-packages/airflow/example_dags/example_latest_only_with_trigger.py for tasks to queue
[2024-10-12T20:48:30.909+0000] {logging_mixin.py:190} INFO - [2024-10-12T20:48:30.909+0000] {dagbag.py:588} INFO - Filling up the DagBag from /home/airflow/.local/lib/python3.12/site-packages/airflow/example_dags/example_latest_only_with_trigger.py
[2024-10-12T20:48:30.922+0000] {processor.py:925} INFO - DAG(s) 'latest_only_with_trigger' retrieved from /home/airflow/.local/lib/python3.12/site-packages/airflow/example_dags/example_latest_only_with_trigger.py
[2024-10-12T20:48:30.961+0000] {logging_mixin.py:190} INFO - [2024-10-12T20:48:30.960+0000] {dag.py:3239} INFO - Sync 1 DAGs
[2024-10-12T20:48:31.014+0000] {logging_mixin.py:190} INFO - [2024-10-12T20:48:31.014+0000] {dag.py:4180} INFO - Setting next_dagrun for latest_only_with_trigger to 2024-10-12 16:00:00+00:00, run_after=2024-10-12 20:00:00+00:00
[2024-10-12T20:48:31.045+0000] {processor.py:208} INFO - Processing /home/airflow/.local/lib/python3.12/site-packages/airflow/example_dags/example_latest_only_with_trigger.py took 0.155 seconds
[2024-10-12T20:49:01.220+0000] {processor.py:186} INFO - Started process (PID=1723) to work on /home/airflow/.local/lib/python3.12/site-packages/airflow/example_dags/example_latest_only_with_trigger.py
[2024-10-12T20:49:01.222+0000] {processor.py:914} INFO - Processing file /home/airflow/.local/lib/python3.12/site-packages/airflow/example_dags/example_latest_only_with_trigger.py for tasks to queue
[2024-10-12T20:49:01.225+0000] {logging_mixin.py:190} INFO - [2024-10-12T20:49:01.225+0000] {dagbag.py:588} INFO - Filling up the DagBag from /home/airflow/.local/lib/python3.12/site-packages/airflow/example_dags/example_latest_only_with_trigger.py
[2024-10-12T20:49:01.240+0000] {processor.py:925} INFO - DAG(s) 'latest_only_with_trigger' retrieved from /home/airflow/.local/lib/python3.12/site-packages/airflow/example_dags/example_latest_only_with_trigger.py
[2024-10-12T20:49:01.272+0000] {logging_mixin.py:190} INFO - [2024-10-12T20:49:01.272+0000] {dag.py:3239} INFO - Sync 1 DAGs
[2024-10-12T20:49:01.306+0000] {logging_mixin.py:190} INFO - [2024-10-12T20:49:01.305+0000] {dag.py:4180} INFO - Setting next_dagrun for latest_only_with_trigger to 2024-10-12 16:00:00+00:00, run_after=2024-10-12 20:00:00+00:00
[2024-10-12T20:49:01.338+0000] {processor.py:208} INFO - Processing /home/airflow/.local/lib/python3.12/site-packages/airflow/example_dags/example_latest_only_with_trigger.py took 0.127 seconds
[2024-10-12T20:49:31.890+0000] {processor.py:186} INFO - Started process (PID=1784) to work on /home/airflow/.local/lib/python3.12/site-packages/airflow/example_dags/example_latest_only_with_trigger.py
[2024-10-12T20:49:31.891+0000] {processor.py:914} INFO - Processing file /home/airflow/.local/lib/python3.12/site-packages/airflow/example_dags/example_latest_only_with_trigger.py for tasks to queue
[2024-10-12T20:49:31.895+0000] {logging_mixin.py:190} INFO - [2024-10-12T20:49:31.895+0000] {dagbag.py:588} INFO - Filling up the DagBag from /home/airflow/.local/lib/python3.12/site-packages/airflow/example_dags/example_latest_only_with_trigger.py
[2024-10-12T20:49:31.907+0000] {processor.py:925} INFO - DAG(s) 'latest_only_with_trigger' retrieved from /home/airflow/.local/lib/python3.12/site-packages/airflow/example_dags/example_latest_only_with_trigger.py
[2024-10-12T20:49:31.936+0000] {logging_mixin.py:190} INFO - [2024-10-12T20:49:31.936+0000] {dag.py:3239} INFO - Sync 1 DAGs
[2024-10-12T20:49:31.983+0000] {logging_mixin.py:190} INFO - [2024-10-12T20:49:31.983+0000] {dag.py:4180} INFO - Setting next_dagrun for latest_only_with_trigger to 2024-10-12 16:00:00+00:00, run_after=2024-10-12 20:00:00+00:00
[2024-10-12T20:49:32.023+0000] {processor.py:208} INFO - Processing /home/airflow/.local/lib/python3.12/site-packages/airflow/example_dags/example_latest_only_with_trigger.py took 0.142 seconds
[2024-10-12T20:50:02.903+0000] {processor.py:186} INFO - Started process (PID=1846) to work on /home/airflow/.local/lib/python3.12/site-packages/airflow/example_dags/example_latest_only_with_trigger.py
[2024-10-12T20:50:02.905+0000] {processor.py:914} INFO - Processing file /home/airflow/.local/lib/python3.12/site-packages/airflow/example_dags/example_latest_only_with_trigger.py for tasks to queue
[2024-10-12T20:50:02.908+0000] {logging_mixin.py:190} INFO - [2024-10-12T20:50:02.908+0000] {dagbag.py:588} INFO - Filling up the DagBag from /home/airflow/.local/lib/python3.12/site-packages/airflow/example_dags/example_latest_only_with_trigger.py
[2024-10-12T20:50:02.921+0000] {processor.py:925} INFO - DAG(s) 'latest_only_with_trigger' retrieved from /home/airflow/.local/lib/python3.12/site-packages/airflow/example_dags/example_latest_only_with_trigger.py
[2024-10-12T20:50:02.961+0000] {logging_mixin.py:190} INFO - [2024-10-12T20:50:02.961+0000] {dag.py:3239} INFO - Sync 1 DAGs
[2024-10-12T20:50:03.007+0000] {logging_mixin.py:190} INFO - [2024-10-12T20:50:03.006+0000] {dag.py:4180} INFO - Setting next_dagrun for latest_only_with_trigger to 2024-10-12 16:00:00+00:00, run_after=2024-10-12 20:00:00+00:00
[2024-10-12T20:50:03.043+0000] {processor.py:208} INFO - Processing /home/airflow/.local/lib/python3.12/site-packages/airflow/example_dags/example_latest_only_with_trigger.py took 0.149 seconds
