[2024-10-12T20:35:39.003+0000] {processor.py:186} INFO - Started process (PID=109) to work on /home/airflow/.local/lib/python3.12/site-packages/airflow/example_dags/example_time_delta_sensor_async.py
[2024-10-12T20:35:39.004+0000] {processor.py:914} INFO - Processing file /home/airflow/.local/lib/python3.12/site-packages/airflow/example_dags/example_time_delta_sensor_async.py for tasks to queue
[2024-10-12T20:35:39.007+0000] {logging_mixin.py:190} INFO - [2024-10-12T20:35:39.007+0000] {dagbag.py:588} INFO - Filling up the DagBag from /home/airflow/.local/lib/python3.12/site-packages/airflow/example_dags/example_time_delta_sensor_async.py
[2024-10-12T20:35:39.018+0000] {processor.py:925} INFO - DAG(s) 'example_time_delta_sensor_async' retrieved from /home/airflow/.local/lib/python3.12/site-packages/airflow/example_dags/example_time_delta_sensor_async.py
[2024-10-12T20:35:39.171+0000] {logging_mixin.py:190} INFO - [2024-10-12T20:35:39.170+0000] {override.py:1900} INFO - Created Permission View: can delete on DAG:example_time_delta_sensor_async
[2024-10-12T20:35:39.189+0000] {logging_mixin.py:190} INFO - [2024-10-12T20:35:39.189+0000] {override.py:1900} INFO - Created Permission View: can edit on DAG:example_time_delta_sensor_async
[2024-10-12T20:35:39.219+0000] {logging_mixin.py:190} INFO - [2024-10-12T20:35:39.219+0000] {override.py:1900} INFO - Created Permission View: can read on DAG:example_time_delta_sensor_async
[2024-10-12T20:35:39.234+0000] {logging_mixin.py:190} INFO - [2024-10-12T20:35:39.234+0000] {override.py:1900} INFO - Created Permission View: can delete on DAG Run:example_time_delta_sensor_async
[2024-10-12T20:35:39.251+0000] {logging_mixin.py:190} INFO - [2024-10-12T20:35:39.251+0000] {override.py:1900} INFO - Created Permission View: can create on DAG Run:example_time_delta_sensor_async
[2024-10-12T20:35:39.273+0000] {logging_mixin.py:190} INFO - [2024-10-12T20:35:39.272+0000] {override.py:1900} INFO - Created Permission View: menu access on DAG Run:example_time_delta_sensor_async
[2024-10-12T20:35:39.292+0000] {logging_mixin.py:190} INFO - [2024-10-12T20:35:39.292+0000] {override.py:1900} INFO - Created Permission View: can read on DAG Run:example_time_delta_sensor_async
[2024-10-12T20:35:39.323+0000] {logging_mixin.py:190} INFO - [2024-10-12T20:35:39.323+0000] {dag.py:3239} INFO - Sync 1 DAGs
[2024-10-12T20:35:39.371+0000] {logging_mixin.py:190} INFO - [2024-10-12T20:35:39.371+0000] {dag.py:3262} INFO - Creating ORM DAG for example_time_delta_sensor_async
[2024-10-12T20:35:39.375+0000] {logging_mixin.py:190} INFO - [2024-10-12T20:35:39.374+0000] {dag.py:4180} INFO - Setting next_dagrun for example_time_delta_sensor_async to None, run_after=None
[2024-10-12T20:35:39.404+0000] {processor.py:208} INFO - Processing /home/airflow/.local/lib/python3.12/site-packages/airflow/example_dags/example_time_delta_sensor_async.py took 0.409 seconds
[2024-10-12T20:36:09.947+0000] {processor.py:186} INFO - Started process (PID=171) to work on /home/airflow/.local/lib/python3.12/site-packages/airflow/example_dags/example_time_delta_sensor_async.py
[2024-10-12T20:36:09.948+0000] {processor.py:914} INFO - Processing file /home/airflow/.local/lib/python3.12/site-packages/airflow/example_dags/example_time_delta_sensor_async.py for tasks to queue
[2024-10-12T20:36:09.953+0000] {logging_mixin.py:190} INFO - [2024-10-12T20:36:09.952+0000] {dagbag.py:588} INFO - Filling up the DagBag from /home/airflow/.local/lib/python3.12/site-packages/airflow/example_dags/example_time_delta_sensor_async.py
[2024-10-12T20:36:09.961+0000] {processor.py:925} INFO - DAG(s) 'example_time_delta_sensor_async' retrieved from /home/airflow/.local/lib/python3.12/site-packages/airflow/example_dags/example_time_delta_sensor_async.py
[2024-10-12T20:36:09.988+0000] {logging_mixin.py:190} INFO - [2024-10-12T20:36:09.988+0000] {dag.py:3239} INFO - Sync 1 DAGs
[2024-10-12T20:36:10.009+0000] {logging_mixin.py:190} INFO - [2024-10-12T20:36:10.009+0000] {dag.py:4180} INFO - Setting next_dagrun for example_time_delta_sensor_async to None, run_after=None
[2024-10-12T20:36:10.039+0000] {processor.py:208} INFO - Processing /home/airflow/.local/lib/python3.12/site-packages/airflow/example_dags/example_time_delta_sensor_async.py took 0.102 seconds
[2024-10-12T20:36:40.523+0000] {processor.py:186} INFO - Started process (PID=233) to work on /home/airflow/.local/lib/python3.12/site-packages/airflow/example_dags/example_time_delta_sensor_async.py
[2024-10-12T20:36:40.525+0000] {processor.py:914} INFO - Processing file /home/airflow/.local/lib/python3.12/site-packages/airflow/example_dags/example_time_delta_sensor_async.py for tasks to queue
[2024-10-12T20:36:40.530+0000] {logging_mixin.py:190} INFO - [2024-10-12T20:36:40.529+0000] {dagbag.py:588} INFO - Filling up the DagBag from /home/airflow/.local/lib/python3.12/site-packages/airflow/example_dags/example_time_delta_sensor_async.py
[2024-10-12T20:36:40.541+0000] {processor.py:925} INFO - DAG(s) 'example_time_delta_sensor_async' retrieved from /home/airflow/.local/lib/python3.12/site-packages/airflow/example_dags/example_time_delta_sensor_async.py
[2024-10-12T20:36:40.578+0000] {logging_mixin.py:190} INFO - [2024-10-12T20:36:40.578+0000] {dag.py:3239} INFO - Sync 1 DAGs
[2024-10-12T20:36:40.603+0000] {logging_mixin.py:190} INFO - [2024-10-12T20:36:40.602+0000] {dag.py:4180} INFO - Setting next_dagrun for example_time_delta_sensor_async to None, run_after=None
[2024-10-12T20:36:40.641+0000] {processor.py:208} INFO - Processing /home/airflow/.local/lib/python3.12/site-packages/airflow/example_dags/example_time_delta_sensor_async.py took 0.128 seconds
[2024-10-12T20:37:11.758+0000] {processor.py:186} INFO - Started process (PID=295) to work on /home/airflow/.local/lib/python3.12/site-packages/airflow/example_dags/example_time_delta_sensor_async.py
[2024-10-12T20:37:11.760+0000] {processor.py:914} INFO - Processing file /home/airflow/.local/lib/python3.12/site-packages/airflow/example_dags/example_time_delta_sensor_async.py for tasks to queue
[2024-10-12T20:37:11.763+0000] {logging_mixin.py:190} INFO - [2024-10-12T20:37:11.763+0000] {dagbag.py:588} INFO - Filling up the DagBag from /home/airflow/.local/lib/python3.12/site-packages/airflow/example_dags/example_time_delta_sensor_async.py
[2024-10-12T20:37:11.778+0000] {processor.py:925} INFO - DAG(s) 'example_time_delta_sensor_async' retrieved from /home/airflow/.local/lib/python3.12/site-packages/airflow/example_dags/example_time_delta_sensor_async.py
[2024-10-12T20:37:11.810+0000] {logging_mixin.py:190} INFO - [2024-10-12T20:37:11.809+0000] {dag.py:3239} INFO - Sync 1 DAGs
[2024-10-12T20:37:11.832+0000] {logging_mixin.py:190} INFO - [2024-10-12T20:37:11.832+0000] {dag.py:4180} INFO - Setting next_dagrun for example_time_delta_sensor_async to None, run_after=None
[2024-10-12T20:37:11.872+0000] {processor.py:208} INFO - Processing /home/airflow/.local/lib/python3.12/site-packages/airflow/example_dags/example_time_delta_sensor_async.py took 0.125 seconds
[2024-10-12T20:37:43.021+0000] {processor.py:186} INFO - Started process (PID=357) to work on /home/airflow/.local/lib/python3.12/site-packages/airflow/example_dags/example_time_delta_sensor_async.py
[2024-10-12T20:37:43.023+0000] {processor.py:914} INFO - Processing file /home/airflow/.local/lib/python3.12/site-packages/airflow/example_dags/example_time_delta_sensor_async.py for tasks to queue
[2024-10-12T20:37:43.028+0000] {logging_mixin.py:190} INFO - [2024-10-12T20:37:43.027+0000] {dagbag.py:588} INFO - Filling up the DagBag from /home/airflow/.local/lib/python3.12/site-packages/airflow/example_dags/example_time_delta_sensor_async.py
[2024-10-12T20:37:43.041+0000] {processor.py:925} INFO - DAG(s) 'example_time_delta_sensor_async' retrieved from /home/airflow/.local/lib/python3.12/site-packages/airflow/example_dags/example_time_delta_sensor_async.py
[2024-10-12T20:37:43.072+0000] {logging_mixin.py:190} INFO - [2024-10-12T20:37:43.072+0000] {dag.py:3239} INFO - Sync 1 DAGs
[2024-10-12T20:37:43.095+0000] {logging_mixin.py:190} INFO - [2024-10-12T20:37:43.095+0000] {dag.py:4180} INFO - Setting next_dagrun for example_time_delta_sensor_async to None, run_after=None
[2024-10-12T20:37:43.125+0000] {processor.py:208} INFO - Processing /home/airflow/.local/lib/python3.12/site-packages/airflow/example_dags/example_time_delta_sensor_async.py took 0.118 seconds
[2024-10-12T20:38:14.340+0000] {processor.py:186} INFO - Started process (PID=419) to work on /home/airflow/.local/lib/python3.12/site-packages/airflow/example_dags/example_time_delta_sensor_async.py
[2024-10-12T20:38:14.344+0000] {processor.py:914} INFO - Processing file /home/airflow/.local/lib/python3.12/site-packages/airflow/example_dags/example_time_delta_sensor_async.py for tasks to queue
[2024-10-12T20:38:14.349+0000] {logging_mixin.py:190} INFO - [2024-10-12T20:38:14.349+0000] {dagbag.py:588} INFO - Filling up the DagBag from /home/airflow/.local/lib/python3.12/site-packages/airflow/example_dags/example_time_delta_sensor_async.py
[2024-10-12T20:38:14.362+0000] {processor.py:925} INFO - DAG(s) 'example_time_delta_sensor_async' retrieved from /home/airflow/.local/lib/python3.12/site-packages/airflow/example_dags/example_time_delta_sensor_async.py
[2024-10-12T20:38:14.396+0000] {logging_mixin.py:190} INFO - [2024-10-12T20:38:14.395+0000] {dag.py:3239} INFO - Sync 1 DAGs
[2024-10-12T20:38:14.426+0000] {logging_mixin.py:190} INFO - [2024-10-12T20:38:14.426+0000] {dag.py:4180} INFO - Setting next_dagrun for example_time_delta_sensor_async to None, run_after=None
[2024-10-12T20:38:14.469+0000] {processor.py:208} INFO - Processing /home/airflow/.local/lib/python3.12/site-packages/airflow/example_dags/example_time_delta_sensor_async.py took 0.139 seconds
[2024-10-12T20:38:44.771+0000] {processor.py:186} INFO - Started process (PID=481) to work on /home/airflow/.local/lib/python3.12/site-packages/airflow/example_dags/example_time_delta_sensor_async.py
[2024-10-12T20:38:44.773+0000] {processor.py:914} INFO - Processing file /home/airflow/.local/lib/python3.12/site-packages/airflow/example_dags/example_time_delta_sensor_async.py for tasks to queue
[2024-10-12T20:38:44.777+0000] {logging_mixin.py:190} INFO - [2024-10-12T20:38:44.776+0000] {dagbag.py:588} INFO - Filling up the DagBag from /home/airflow/.local/lib/python3.12/site-packages/airflow/example_dags/example_time_delta_sensor_async.py
[2024-10-12T20:38:44.788+0000] {processor.py:925} INFO - DAG(s) 'example_time_delta_sensor_async' retrieved from /home/airflow/.local/lib/python3.12/site-packages/airflow/example_dags/example_time_delta_sensor_async.py
[2024-10-12T20:38:44.817+0000] {logging_mixin.py:190} INFO - [2024-10-12T20:38:44.817+0000] {dag.py:3239} INFO - Sync 1 DAGs
[2024-10-12T20:38:44.837+0000] {logging_mixin.py:190} INFO - [2024-10-12T20:38:44.837+0000] {dag.py:4180} INFO - Setting next_dagrun for example_time_delta_sensor_async to None, run_after=None
[2024-10-12T20:38:44.872+0000] {processor.py:208} INFO - Processing /home/airflow/.local/lib/python3.12/site-packages/airflow/example_dags/example_time_delta_sensor_async.py took 0.111 seconds
[2024-10-12T20:39:15.033+0000] {processor.py:186} INFO - Started process (PID=543) to work on /home/airflow/.local/lib/python3.12/site-packages/airflow/example_dags/example_time_delta_sensor_async.py
[2024-10-12T20:39:15.035+0000] {processor.py:914} INFO - Processing file /home/airflow/.local/lib/python3.12/site-packages/airflow/example_dags/example_time_delta_sensor_async.py for tasks to queue
[2024-10-12T20:39:15.039+0000] {logging_mixin.py:190} INFO - [2024-10-12T20:39:15.038+0000] {dagbag.py:588} INFO - Filling up the DagBag from /home/airflow/.local/lib/python3.12/site-packages/airflow/example_dags/example_time_delta_sensor_async.py
[2024-10-12T20:39:15.050+0000] {processor.py:925} INFO - DAG(s) 'example_time_delta_sensor_async' retrieved from /home/airflow/.local/lib/python3.12/site-packages/airflow/example_dags/example_time_delta_sensor_async.py
[2024-10-12T20:39:15.084+0000] {logging_mixin.py:190} INFO - [2024-10-12T20:39:15.084+0000] {dag.py:3239} INFO - Sync 1 DAGs
[2024-10-12T20:39:15.106+0000] {logging_mixin.py:190} INFO - [2024-10-12T20:39:15.106+0000] {dag.py:4180} INFO - Setting next_dagrun for example_time_delta_sensor_async to None, run_after=None
[2024-10-12T20:39:15.134+0000] {processor.py:208} INFO - Processing /home/airflow/.local/lib/python3.12/site-packages/airflow/example_dags/example_time_delta_sensor_async.py took 0.111 seconds
[2024-10-12T20:39:45.232+0000] {processor.py:186} INFO - Started process (PID=605) to work on /home/airflow/.local/lib/python3.12/site-packages/airflow/example_dags/example_time_delta_sensor_async.py
[2024-10-12T20:39:45.233+0000] {processor.py:914} INFO - Processing file /home/airflow/.local/lib/python3.12/site-packages/airflow/example_dags/example_time_delta_sensor_async.py for tasks to queue
[2024-10-12T20:39:45.236+0000] {logging_mixin.py:190} INFO - [2024-10-12T20:39:45.235+0000] {dagbag.py:588} INFO - Filling up the DagBag from /home/airflow/.local/lib/python3.12/site-packages/airflow/example_dags/example_time_delta_sensor_async.py
[2024-10-12T20:39:45.246+0000] {processor.py:925} INFO - DAG(s) 'example_time_delta_sensor_async' retrieved from /home/airflow/.local/lib/python3.12/site-packages/airflow/example_dags/example_time_delta_sensor_async.py
[2024-10-12T20:39:45.270+0000] {logging_mixin.py:190} INFO - [2024-10-12T20:39:45.270+0000] {dag.py:3239} INFO - Sync 1 DAGs
[2024-10-12T20:39:45.289+0000] {logging_mixin.py:190} INFO - [2024-10-12T20:39:45.289+0000] {dag.py:4180} INFO - Setting next_dagrun for example_time_delta_sensor_async to None, run_after=None
[2024-10-12T20:39:45.314+0000] {processor.py:208} INFO - Processing /home/airflow/.local/lib/python3.12/site-packages/airflow/example_dags/example_time_delta_sensor_async.py took 0.090 seconds
[2024-10-12T20:40:15.916+0000] {processor.py:186} INFO - Started process (PID=666) to work on /home/airflow/.local/lib/python3.12/site-packages/airflow/example_dags/example_time_delta_sensor_async.py
[2024-10-12T20:40:15.918+0000] {processor.py:914} INFO - Processing file /home/airflow/.local/lib/python3.12/site-packages/airflow/example_dags/example_time_delta_sensor_async.py for tasks to queue
[2024-10-12T20:40:15.928+0000] {logging_mixin.py:190} INFO - [2024-10-12T20:40:15.927+0000] {dagbag.py:588} INFO - Filling up the DagBag from /home/airflow/.local/lib/python3.12/site-packages/airflow/example_dags/example_time_delta_sensor_async.py
[2024-10-12T20:40:15.939+0000] {processor.py:925} INFO - DAG(s) 'example_time_delta_sensor_async' retrieved from /home/airflow/.local/lib/python3.12/site-packages/airflow/example_dags/example_time_delta_sensor_async.py
[2024-10-12T20:40:15.968+0000] {logging_mixin.py:190} INFO - [2024-10-12T20:40:15.968+0000] {dag.py:3239} INFO - Sync 1 DAGs
[2024-10-12T20:40:15.995+0000] {logging_mixin.py:190} INFO - [2024-10-12T20:40:15.995+0000] {dag.py:4180} INFO - Setting next_dagrun for example_time_delta_sensor_async to None, run_after=None
[2024-10-12T20:40:16.049+0000] {processor.py:208} INFO - Processing /home/airflow/.local/lib/python3.12/site-packages/airflow/example_dags/example_time_delta_sensor_async.py took 0.142 seconds
[2024-10-12T20:40:46.669+0000] {processor.py:186} INFO - Started process (PID=728) to work on /home/airflow/.local/lib/python3.12/site-packages/airflow/example_dags/example_time_delta_sensor_async.py
[2024-10-12T20:40:46.671+0000] {processor.py:914} INFO - Processing file /home/airflow/.local/lib/python3.12/site-packages/airflow/example_dags/example_time_delta_sensor_async.py for tasks to queue
[2024-10-12T20:40:46.676+0000] {logging_mixin.py:190} INFO - [2024-10-12T20:40:46.674+0000] {dagbag.py:588} INFO - Filling up the DagBag from /home/airflow/.local/lib/python3.12/site-packages/airflow/example_dags/example_time_delta_sensor_async.py
[2024-10-12T20:40:46.688+0000] {processor.py:925} INFO - DAG(s) 'example_time_delta_sensor_async' retrieved from /home/airflow/.local/lib/python3.12/site-packages/airflow/example_dags/example_time_delta_sensor_async.py
[2024-10-12T20:40:46.718+0000] {logging_mixin.py:190} INFO - [2024-10-12T20:40:46.717+0000] {dag.py:3239} INFO - Sync 1 DAGs
[2024-10-12T20:40:46.741+0000] {logging_mixin.py:190} INFO - [2024-10-12T20:40:46.740+0000] {dag.py:4180} INFO - Setting next_dagrun for example_time_delta_sensor_async to None, run_after=None
[2024-10-12T20:40:46.781+0000] {processor.py:208} INFO - Processing /home/airflow/.local/lib/python3.12/site-packages/airflow/example_dags/example_time_delta_sensor_async.py took 0.122 seconds
[2024-10-12T20:41:17.620+0000] {processor.py:186} INFO - Started process (PID=790) to work on /home/airflow/.local/lib/python3.12/site-packages/airflow/example_dags/example_time_delta_sensor_async.py
[2024-10-12T20:41:17.622+0000] {processor.py:914} INFO - Processing file /home/airflow/.local/lib/python3.12/site-packages/airflow/example_dags/example_time_delta_sensor_async.py for tasks to queue
[2024-10-12T20:41:17.634+0000] {logging_mixin.py:190} INFO - [2024-10-12T20:41:17.633+0000] {dagbag.py:588} INFO - Filling up the DagBag from /home/airflow/.local/lib/python3.12/site-packages/airflow/example_dags/example_time_delta_sensor_async.py
[2024-10-12T20:41:17.649+0000] {processor.py:925} INFO - DAG(s) 'example_time_delta_sensor_async' retrieved from /home/airflow/.local/lib/python3.12/site-packages/airflow/example_dags/example_time_delta_sensor_async.py
[2024-10-12T20:41:17.683+0000] {logging_mixin.py:190} INFO - [2024-10-12T20:41:17.682+0000] {dag.py:3239} INFO - Sync 1 DAGs
[2024-10-12T20:41:17.704+0000] {logging_mixin.py:190} INFO - [2024-10-12T20:41:17.704+0000] {dag.py:4180} INFO - Setting next_dagrun for example_time_delta_sensor_async to None, run_after=None
[2024-10-12T20:41:17.731+0000] {processor.py:208} INFO - Processing /home/airflow/.local/lib/python3.12/site-packages/airflow/example_dags/example_time_delta_sensor_async.py took 0.122 seconds
[2024-10-12T20:41:48.092+0000] {processor.py:186} INFO - Started process (PID=852) to work on /home/airflow/.local/lib/python3.12/site-packages/airflow/example_dags/example_time_delta_sensor_async.py
[2024-10-12T20:41:48.095+0000] {processor.py:914} INFO - Processing file /home/airflow/.local/lib/python3.12/site-packages/airflow/example_dags/example_time_delta_sensor_async.py for tasks to queue
[2024-10-12T20:41:48.100+0000] {logging_mixin.py:190} INFO - [2024-10-12T20:41:48.100+0000] {dagbag.py:588} INFO - Filling up the DagBag from /home/airflow/.local/lib/python3.12/site-packages/airflow/example_dags/example_time_delta_sensor_async.py
[2024-10-12T20:41:48.115+0000] {processor.py:925} INFO - DAG(s) 'example_time_delta_sensor_async' retrieved from /home/airflow/.local/lib/python3.12/site-packages/airflow/example_dags/example_time_delta_sensor_async.py
[2024-10-12T20:41:48.145+0000] {logging_mixin.py:190} INFO - [2024-10-12T20:41:48.144+0000] {dag.py:3239} INFO - Sync 1 DAGs
[2024-10-12T20:41:48.168+0000] {logging_mixin.py:190} INFO - [2024-10-12T20:41:48.168+0000] {dag.py:4180} INFO - Setting next_dagrun for example_time_delta_sensor_async to None, run_after=None
[2024-10-12T20:41:48.201+0000] {processor.py:208} INFO - Processing /home/airflow/.local/lib/python3.12/site-packages/airflow/example_dags/example_time_delta_sensor_async.py took 0.121 seconds
[2024-10-12T20:42:19.551+0000] {processor.py:186} INFO - Started process (PID=914) to work on /home/airflow/.local/lib/python3.12/site-packages/airflow/example_dags/example_time_delta_sensor_async.py
[2024-10-12T20:42:19.553+0000] {processor.py:914} INFO - Processing file /home/airflow/.local/lib/python3.12/site-packages/airflow/example_dags/example_time_delta_sensor_async.py for tasks to queue
[2024-10-12T20:42:19.559+0000] {logging_mixin.py:190} INFO - [2024-10-12T20:42:19.558+0000] {dagbag.py:588} INFO - Filling up the DagBag from /home/airflow/.local/lib/python3.12/site-packages/airflow/example_dags/example_time_delta_sensor_async.py
[2024-10-12T20:42:19.574+0000] {processor.py:925} INFO - DAG(s) 'example_time_delta_sensor_async' retrieved from /home/airflow/.local/lib/python3.12/site-packages/airflow/example_dags/example_time_delta_sensor_async.py
[2024-10-12T20:42:19.618+0000] {logging_mixin.py:190} INFO - [2024-10-12T20:42:19.617+0000] {dag.py:3239} INFO - Sync 1 DAGs
[2024-10-12T20:42:19.652+0000] {logging_mixin.py:190} INFO - [2024-10-12T20:42:19.651+0000] {dag.py:4180} INFO - Setting next_dagrun for example_time_delta_sensor_async to None, run_after=None
[2024-10-12T20:42:19.694+0000] {processor.py:208} INFO - Processing /home/airflow/.local/lib/python3.12/site-packages/airflow/example_dags/example_time_delta_sensor_async.py took 0.158 seconds
[2024-10-12T20:42:51.199+0000] {processor.py:186} INFO - Started process (PID=976) to work on /home/airflow/.local/lib/python3.12/site-packages/airflow/example_dags/example_time_delta_sensor_async.py
[2024-10-12T20:42:51.202+0000] {processor.py:914} INFO - Processing file /home/airflow/.local/lib/python3.12/site-packages/airflow/example_dags/example_time_delta_sensor_async.py for tasks to queue
[2024-10-12T20:42:51.206+0000] {logging_mixin.py:190} INFO - [2024-10-12T20:42:51.205+0000] {dagbag.py:588} INFO - Filling up the DagBag from /home/airflow/.local/lib/python3.12/site-packages/airflow/example_dags/example_time_delta_sensor_async.py
[2024-10-12T20:42:51.218+0000] {processor.py:925} INFO - DAG(s) 'example_time_delta_sensor_async' retrieved from /home/airflow/.local/lib/python3.12/site-packages/airflow/example_dags/example_time_delta_sensor_async.py
[2024-10-12T20:42:51.246+0000] {logging_mixin.py:190} INFO - [2024-10-12T20:42:51.246+0000] {dag.py:3239} INFO - Sync 1 DAGs
[2024-10-12T20:42:51.267+0000] {logging_mixin.py:190} INFO - [2024-10-12T20:42:51.266+0000] {dag.py:4180} INFO - Setting next_dagrun for example_time_delta_sensor_async to None, run_after=None
[2024-10-12T20:42:51.301+0000] {processor.py:208} INFO - Processing /home/airflow/.local/lib/python3.12/site-packages/airflow/example_dags/example_time_delta_sensor_async.py took 0.114 seconds
[2024-10-12T20:43:21.892+0000] {processor.py:186} INFO - Started process (PID=1038) to work on /home/airflow/.local/lib/python3.12/site-packages/airflow/example_dags/example_time_delta_sensor_async.py
[2024-10-12T20:43:21.894+0000] {processor.py:914} INFO - Processing file /home/airflow/.local/lib/python3.12/site-packages/airflow/example_dags/example_time_delta_sensor_async.py for tasks to queue
[2024-10-12T20:43:21.899+0000] {logging_mixin.py:190} INFO - [2024-10-12T20:43:21.898+0000] {dagbag.py:588} INFO - Filling up the DagBag from /home/airflow/.local/lib/python3.12/site-packages/airflow/example_dags/example_time_delta_sensor_async.py
[2024-10-12T20:43:21.911+0000] {processor.py:925} INFO - DAG(s) 'example_time_delta_sensor_async' retrieved from /home/airflow/.local/lib/python3.12/site-packages/airflow/example_dags/example_time_delta_sensor_async.py
[2024-10-12T20:43:21.948+0000] {logging_mixin.py:190} INFO - [2024-10-12T20:43:21.947+0000] {dag.py:3239} INFO - Sync 1 DAGs
[2024-10-12T20:43:21.970+0000] {logging_mixin.py:190} INFO - [2024-10-12T20:43:21.970+0000] {dag.py:4180} INFO - Setting next_dagrun for example_time_delta_sensor_async to None, run_after=None
[2024-10-12T20:43:22.003+0000] {processor.py:208} INFO - Processing /home/airflow/.local/lib/python3.12/site-packages/airflow/example_dags/example_time_delta_sensor_async.py took 0.123 seconds
[2024-10-12T20:43:52.520+0000] {processor.py:186} INFO - Started process (PID=1099) to work on /home/airflow/.local/lib/python3.12/site-packages/airflow/example_dags/example_time_delta_sensor_async.py
[2024-10-12T20:43:52.522+0000] {processor.py:914} INFO - Processing file /home/airflow/.local/lib/python3.12/site-packages/airflow/example_dags/example_time_delta_sensor_async.py for tasks to queue
[2024-10-12T20:43:52.527+0000] {logging_mixin.py:190} INFO - [2024-10-12T20:43:52.526+0000] {dagbag.py:588} INFO - Filling up the DagBag from /home/airflow/.local/lib/python3.12/site-packages/airflow/example_dags/example_time_delta_sensor_async.py
[2024-10-12T20:43:52.538+0000] {processor.py:925} INFO - DAG(s) 'example_time_delta_sensor_async' retrieved from /home/airflow/.local/lib/python3.12/site-packages/airflow/example_dags/example_time_delta_sensor_async.py
[2024-10-12T20:43:52.567+0000] {logging_mixin.py:190} INFO - [2024-10-12T20:43:52.567+0000] {dag.py:3239} INFO - Sync 1 DAGs
[2024-10-12T20:43:52.593+0000] {logging_mixin.py:190} INFO - [2024-10-12T20:43:52.592+0000] {dag.py:4180} INFO - Setting next_dagrun for example_time_delta_sensor_async to None, run_after=None
[2024-10-12T20:43:52.621+0000] {processor.py:208} INFO - Processing /home/airflow/.local/lib/python3.12/site-packages/airflow/example_dags/example_time_delta_sensor_async.py took 0.114 seconds
[2024-10-12T20:44:23.304+0000] {processor.py:186} INFO - Started process (PID=1161) to work on /home/airflow/.local/lib/python3.12/site-packages/airflow/example_dags/example_time_delta_sensor_async.py
[2024-10-12T20:44:23.307+0000] {processor.py:914} INFO - Processing file /home/airflow/.local/lib/python3.12/site-packages/airflow/example_dags/example_time_delta_sensor_async.py for tasks to queue
[2024-10-12T20:44:23.312+0000] {logging_mixin.py:190} INFO - [2024-10-12T20:44:23.311+0000] {dagbag.py:588} INFO - Filling up the DagBag from /home/airflow/.local/lib/python3.12/site-packages/airflow/example_dags/example_time_delta_sensor_async.py
[2024-10-12T20:44:23.322+0000] {processor.py:925} INFO - DAG(s) 'example_time_delta_sensor_async' retrieved from /home/airflow/.local/lib/python3.12/site-packages/airflow/example_dags/example_time_delta_sensor_async.py
[2024-10-12T20:44:23.352+0000] {logging_mixin.py:190} INFO - [2024-10-12T20:44:23.352+0000] {dag.py:3239} INFO - Sync 1 DAGs
[2024-10-12T20:44:23.373+0000] {logging_mixin.py:190} INFO - [2024-10-12T20:44:23.373+0000] {dag.py:4180} INFO - Setting next_dagrun for example_time_delta_sensor_async to None, run_after=None
[2024-10-12T20:44:23.400+0000] {processor.py:208} INFO - Processing /home/airflow/.local/lib/python3.12/site-packages/airflow/example_dags/example_time_delta_sensor_async.py took 0.108 seconds
[2024-10-12T20:44:54.098+0000] {processor.py:186} INFO - Started process (PID=1223) to work on /home/airflow/.local/lib/python3.12/site-packages/airflow/example_dags/example_time_delta_sensor_async.py
[2024-10-12T20:44:54.100+0000] {processor.py:914} INFO - Processing file /home/airflow/.local/lib/python3.12/site-packages/airflow/example_dags/example_time_delta_sensor_async.py for tasks to queue
[2024-10-12T20:44:54.105+0000] {logging_mixin.py:190} INFO - [2024-10-12T20:44:54.104+0000] {dagbag.py:588} INFO - Filling up the DagBag from /home/airflow/.local/lib/python3.12/site-packages/airflow/example_dags/example_time_delta_sensor_async.py
[2024-10-12T20:44:54.116+0000] {processor.py:925} INFO - DAG(s) 'example_time_delta_sensor_async' retrieved from /home/airflow/.local/lib/python3.12/site-packages/airflow/example_dags/example_time_delta_sensor_async.py
[2024-10-12T20:44:54.146+0000] {logging_mixin.py:190} INFO - [2024-10-12T20:44:54.145+0000] {dag.py:3239} INFO - Sync 1 DAGs
[2024-10-12T20:44:54.167+0000] {logging_mixin.py:190} INFO - [2024-10-12T20:44:54.167+0000] {dag.py:4180} INFO - Setting next_dagrun for example_time_delta_sensor_async to None, run_after=None
[2024-10-12T20:44:54.198+0000] {processor.py:208} INFO - Processing /home/airflow/.local/lib/python3.12/site-packages/airflow/example_dags/example_time_delta_sensor_async.py took 0.110 seconds
[2024-10-12T20:45:25.004+0000] {processor.py:186} INFO - Started process (PID=1285) to work on /home/airflow/.local/lib/python3.12/site-packages/airflow/example_dags/example_time_delta_sensor_async.py
[2024-10-12T20:45:25.005+0000] {processor.py:914} INFO - Processing file /home/airflow/.local/lib/python3.12/site-packages/airflow/example_dags/example_time_delta_sensor_async.py for tasks to queue
[2024-10-12T20:45:25.008+0000] {logging_mixin.py:190} INFO - [2024-10-12T20:45:25.008+0000] {dagbag.py:588} INFO - Filling up the DagBag from /home/airflow/.local/lib/python3.12/site-packages/airflow/example_dags/example_time_delta_sensor_async.py
[2024-10-12T20:45:25.016+0000] {processor.py:925} INFO - DAG(s) 'example_time_delta_sensor_async' retrieved from /home/airflow/.local/lib/python3.12/site-packages/airflow/example_dags/example_time_delta_sensor_async.py
[2024-10-12T20:45:25.043+0000] {logging_mixin.py:190} INFO - [2024-10-12T20:45:25.043+0000] {dag.py:3239} INFO - Sync 1 DAGs
[2024-10-12T20:45:25.061+0000] {logging_mixin.py:190} INFO - [2024-10-12T20:45:25.061+0000] {dag.py:4180} INFO - Setting next_dagrun for example_time_delta_sensor_async to None, run_after=None
[2024-10-12T20:45:25.084+0000] {processor.py:208} INFO - Processing /home/airflow/.local/lib/python3.12/site-packages/airflow/example_dags/example_time_delta_sensor_async.py took 0.089 seconds
[2024-10-12T20:45:56.545+0000] {processor.py:186} INFO - Started process (PID=1347) to work on /home/airflow/.local/lib/python3.12/site-packages/airflow/example_dags/example_time_delta_sensor_async.py
[2024-10-12T20:45:56.548+0000] {processor.py:914} INFO - Processing file /home/airflow/.local/lib/python3.12/site-packages/airflow/example_dags/example_time_delta_sensor_async.py for tasks to queue
[2024-10-12T20:45:56.553+0000] {logging_mixin.py:190} INFO - [2024-10-12T20:45:56.552+0000] {dagbag.py:588} INFO - Filling up the DagBag from /home/airflow/.local/lib/python3.12/site-packages/airflow/example_dags/example_time_delta_sensor_async.py
[2024-10-12T20:45:56.566+0000] {processor.py:925} INFO - DAG(s) 'example_time_delta_sensor_async' retrieved from /home/airflow/.local/lib/python3.12/site-packages/airflow/example_dags/example_time_delta_sensor_async.py
[2024-10-12T20:45:56.603+0000] {logging_mixin.py:190} INFO - [2024-10-12T20:45:56.602+0000] {dag.py:3239} INFO - Sync 1 DAGs
[2024-10-12T20:45:56.639+0000] {logging_mixin.py:190} INFO - [2024-10-12T20:45:56.639+0000] {dag.py:4180} INFO - Setting next_dagrun for example_time_delta_sensor_async to None, run_after=None
[2024-10-12T20:45:56.677+0000] {processor.py:208} INFO - Processing /home/airflow/.local/lib/python3.12/site-packages/airflow/example_dags/example_time_delta_sensor_async.py took 0.144 seconds
[2024-10-12T20:46:27.334+0000] {processor.py:186} INFO - Started process (PID=1409) to work on /home/airflow/.local/lib/python3.12/site-packages/airflow/example_dags/example_time_delta_sensor_async.py
[2024-10-12T20:46:27.336+0000] {processor.py:914} INFO - Processing file /home/airflow/.local/lib/python3.12/site-packages/airflow/example_dags/example_time_delta_sensor_async.py for tasks to queue
[2024-10-12T20:46:27.340+0000] {logging_mixin.py:190} INFO - [2024-10-12T20:46:27.340+0000] {dagbag.py:588} INFO - Filling up the DagBag from /home/airflow/.local/lib/python3.12/site-packages/airflow/example_dags/example_time_delta_sensor_async.py
[2024-10-12T20:46:27.353+0000] {processor.py:925} INFO - DAG(s) 'example_time_delta_sensor_async' retrieved from /home/airflow/.local/lib/python3.12/site-packages/airflow/example_dags/example_time_delta_sensor_async.py
[2024-10-12T20:46:27.387+0000] {logging_mixin.py:190} INFO - [2024-10-12T20:46:27.387+0000] {dag.py:3239} INFO - Sync 1 DAGs
[2024-10-12T20:46:27.409+0000] {logging_mixin.py:190} INFO - [2024-10-12T20:46:27.409+0000] {dag.py:4180} INFO - Setting next_dagrun for example_time_delta_sensor_async to None, run_after=None
[2024-10-12T20:46:27.444+0000] {processor.py:208} INFO - Processing /home/airflow/.local/lib/python3.12/site-packages/airflow/example_dags/example_time_delta_sensor_async.py took 0.118 seconds
[2024-10-12T20:46:58.101+0000] {processor.py:186} INFO - Started process (PID=1471) to work on /home/airflow/.local/lib/python3.12/site-packages/airflow/example_dags/example_time_delta_sensor_async.py
[2024-10-12T20:46:58.103+0000] {processor.py:914} INFO - Processing file /home/airflow/.local/lib/python3.12/site-packages/airflow/example_dags/example_time_delta_sensor_async.py for tasks to queue
[2024-10-12T20:46:58.111+0000] {logging_mixin.py:190} INFO - [2024-10-12T20:46:58.110+0000] {dagbag.py:588} INFO - Filling up the DagBag from /home/airflow/.local/lib/python3.12/site-packages/airflow/example_dags/example_time_delta_sensor_async.py
[2024-10-12T20:46:58.125+0000] {processor.py:925} INFO - DAG(s) 'example_time_delta_sensor_async' retrieved from /home/airflow/.local/lib/python3.12/site-packages/airflow/example_dags/example_time_delta_sensor_async.py
[2024-10-12T20:46:58.162+0000] {logging_mixin.py:190} INFO - [2024-10-12T20:46:58.161+0000] {dag.py:3239} INFO - Sync 1 DAGs
[2024-10-12T20:46:58.184+0000] {logging_mixin.py:190} INFO - [2024-10-12T20:46:58.184+0000] {dag.py:4180} INFO - Setting next_dagrun for example_time_delta_sensor_async to None, run_after=None
[2024-10-12T20:46:58.223+0000] {processor.py:208} INFO - Processing /home/airflow/.local/lib/python3.12/site-packages/airflow/example_dags/example_time_delta_sensor_async.py took 0.133 seconds
[2024-10-12T20:47:28.349+0000] {processor.py:186} INFO - Started process (PID=1533) to work on /home/airflow/.local/lib/python3.12/site-packages/airflow/example_dags/example_time_delta_sensor_async.py
[2024-10-12T20:47:28.350+0000] {processor.py:914} INFO - Processing file /home/airflow/.local/lib/python3.12/site-packages/airflow/example_dags/example_time_delta_sensor_async.py for tasks to queue
[2024-10-12T20:47:28.354+0000] {logging_mixin.py:190} INFO - [2024-10-12T20:47:28.353+0000] {dagbag.py:588} INFO - Filling up the DagBag from /home/airflow/.local/lib/python3.12/site-packages/airflow/example_dags/example_time_delta_sensor_async.py
[2024-10-12T20:47:28.363+0000] {processor.py:925} INFO - DAG(s) 'example_time_delta_sensor_async' retrieved from /home/airflow/.local/lib/python3.12/site-packages/airflow/example_dags/example_time_delta_sensor_async.py
[2024-10-12T20:47:28.392+0000] {logging_mixin.py:190} INFO - [2024-10-12T20:47:28.392+0000] {dag.py:3239} INFO - Sync 1 DAGs
[2024-10-12T20:47:28.417+0000] {logging_mixin.py:190} INFO - [2024-10-12T20:47:28.416+0000] {dag.py:4180} INFO - Setting next_dagrun for example_time_delta_sensor_async to None, run_after=None
[2024-10-12T20:47:28.450+0000] {processor.py:208} INFO - Processing /home/airflow/.local/lib/python3.12/site-packages/airflow/example_dags/example_time_delta_sensor_async.py took 0.110 seconds
[2024-10-12T20:47:58.944+0000] {processor.py:186} INFO - Started process (PID=1594) to work on /home/airflow/.local/lib/python3.12/site-packages/airflow/example_dags/example_time_delta_sensor_async.py
[2024-10-12T20:47:58.945+0000] {processor.py:914} INFO - Processing file /home/airflow/.local/lib/python3.12/site-packages/airflow/example_dags/example_time_delta_sensor_async.py for tasks to queue
[2024-10-12T20:47:58.949+0000] {logging_mixin.py:190} INFO - [2024-10-12T20:47:58.948+0000] {dagbag.py:588} INFO - Filling up the DagBag from /home/airflow/.local/lib/python3.12/site-packages/airflow/example_dags/example_time_delta_sensor_async.py
[2024-10-12T20:47:58.959+0000] {processor.py:925} INFO - DAG(s) 'example_time_delta_sensor_async' retrieved from /home/airflow/.local/lib/python3.12/site-packages/airflow/example_dags/example_time_delta_sensor_async.py
[2024-10-12T20:47:58.988+0000] {logging_mixin.py:190} INFO - [2024-10-12T20:47:58.987+0000] {dag.py:3239} INFO - Sync 1 DAGs
[2024-10-12T20:47:59.068+0000] {logging_mixin.py:190} INFO - [2024-10-12T20:47:59.067+0000] {dag.py:4180} INFO - Setting next_dagrun for example_time_delta_sensor_async to None, run_after=None
[2024-10-12T20:47:59.109+0000] {processor.py:208} INFO - Processing /home/airflow/.local/lib/python3.12/site-packages/airflow/example_dags/example_time_delta_sensor_async.py took 0.174 seconds
[2024-10-12T20:48:30.353+0000] {processor.py:186} INFO - Started process (PID=1657) to work on /home/airflow/.local/lib/python3.12/site-packages/airflow/example_dags/example_time_delta_sensor_async.py
[2024-10-12T20:48:30.355+0000] {processor.py:914} INFO - Processing file /home/airflow/.local/lib/python3.12/site-packages/airflow/example_dags/example_time_delta_sensor_async.py for tasks to queue
[2024-10-12T20:48:30.361+0000] {logging_mixin.py:190} INFO - [2024-10-12T20:48:30.360+0000] {dagbag.py:588} INFO - Filling up the DagBag from /home/airflow/.local/lib/python3.12/site-packages/airflow/example_dags/example_time_delta_sensor_async.py
[2024-10-12T20:48:30.374+0000] {processor.py:925} INFO - DAG(s) 'example_time_delta_sensor_async' retrieved from /home/airflow/.local/lib/python3.12/site-packages/airflow/example_dags/example_time_delta_sensor_async.py
[2024-10-12T20:48:30.408+0000] {logging_mixin.py:190} INFO - [2024-10-12T20:48:30.407+0000] {dag.py:3239} INFO - Sync 1 DAGs
[2024-10-12T20:48:30.431+0000] {logging_mixin.py:190} INFO - [2024-10-12T20:48:30.430+0000] {dag.py:4180} INFO - Setting next_dagrun for example_time_delta_sensor_async to None, run_after=None
[2024-10-12T20:48:30.466+0000] {processor.py:208} INFO - Processing /home/airflow/.local/lib/python3.12/site-packages/airflow/example_dags/example_time_delta_sensor_async.py took 0.123 seconds
[2024-10-12T20:49:00.876+0000] {processor.py:186} INFO - Started process (PID=1719) to work on /home/airflow/.local/lib/python3.12/site-packages/airflow/example_dags/example_time_delta_sensor_async.py
[2024-10-12T20:49:00.878+0000] {processor.py:914} INFO - Processing file /home/airflow/.local/lib/python3.12/site-packages/airflow/example_dags/example_time_delta_sensor_async.py for tasks to queue
[2024-10-12T20:49:00.882+0000] {logging_mixin.py:190} INFO - [2024-10-12T20:49:00.882+0000] {dagbag.py:588} INFO - Filling up the DagBag from /home/airflow/.local/lib/python3.12/site-packages/airflow/example_dags/example_time_delta_sensor_async.py
[2024-10-12T20:49:00.897+0000] {processor.py:925} INFO - DAG(s) 'example_time_delta_sensor_async' retrieved from /home/airflow/.local/lib/python3.12/site-packages/airflow/example_dags/example_time_delta_sensor_async.py
[2024-10-12T20:49:00.940+0000] {logging_mixin.py:190} INFO - [2024-10-12T20:49:00.940+0000] {dag.py:3239} INFO - Sync 1 DAGs
[2024-10-12T20:49:00.967+0000] {logging_mixin.py:190} INFO - [2024-10-12T20:49:00.966+0000] {dag.py:4180} INFO - Setting next_dagrun for example_time_delta_sensor_async to None, run_after=None
[2024-10-12T20:49:01.008+0000] {processor.py:208} INFO - Processing /home/airflow/.local/lib/python3.12/site-packages/airflow/example_dags/example_time_delta_sensor_async.py took 0.141 seconds
[2024-10-12T20:49:31.319+0000] {processor.py:186} INFO - Started process (PID=1781) to work on /home/airflow/.local/lib/python3.12/site-packages/airflow/example_dags/example_time_delta_sensor_async.py
[2024-10-12T20:49:31.321+0000] {processor.py:914} INFO - Processing file /home/airflow/.local/lib/python3.12/site-packages/airflow/example_dags/example_time_delta_sensor_async.py for tasks to queue
[2024-10-12T20:49:31.325+0000] {logging_mixin.py:190} INFO - [2024-10-12T20:49:31.325+0000] {dagbag.py:588} INFO - Filling up the DagBag from /home/airflow/.local/lib/python3.12/site-packages/airflow/example_dags/example_time_delta_sensor_async.py
[2024-10-12T20:49:31.334+0000] {processor.py:925} INFO - DAG(s) 'example_time_delta_sensor_async' retrieved from /home/airflow/.local/lib/python3.12/site-packages/airflow/example_dags/example_time_delta_sensor_async.py
[2024-10-12T20:49:31.365+0000] {logging_mixin.py:190} INFO - [2024-10-12T20:49:31.365+0000] {dag.py:3239} INFO - Sync 1 DAGs
[2024-10-12T20:49:31.386+0000] {logging_mixin.py:190} INFO - [2024-10-12T20:49:31.386+0000] {dag.py:4180} INFO - Setting next_dagrun for example_time_delta_sensor_async to None, run_after=None
[2024-10-12T20:49:31.425+0000] {processor.py:208} INFO - Processing /home/airflow/.local/lib/python3.12/site-packages/airflow/example_dags/example_time_delta_sensor_async.py took 0.114 seconds
[2024-10-12T20:50:02.254+0000] {processor.py:186} INFO - Started process (PID=1842) to work on /home/airflow/.local/lib/python3.12/site-packages/airflow/example_dags/example_time_delta_sensor_async.py
[2024-10-12T20:50:02.255+0000] {processor.py:914} INFO - Processing file /home/airflow/.local/lib/python3.12/site-packages/airflow/example_dags/example_time_delta_sensor_async.py for tasks to queue
[2024-10-12T20:50:02.260+0000] {logging_mixin.py:190} INFO - [2024-10-12T20:50:02.260+0000] {dagbag.py:588} INFO - Filling up the DagBag from /home/airflow/.local/lib/python3.12/site-packages/airflow/example_dags/example_time_delta_sensor_async.py
[2024-10-12T20:50:02.269+0000] {processor.py:925} INFO - DAG(s) 'example_time_delta_sensor_async' retrieved from /home/airflow/.local/lib/python3.12/site-packages/airflow/example_dags/example_time_delta_sensor_async.py
[2024-10-12T20:50:02.306+0000] {logging_mixin.py:190} INFO - [2024-10-12T20:50:02.306+0000] {dag.py:3239} INFO - Sync 1 DAGs
[2024-10-12T20:50:02.332+0000] {logging_mixin.py:190} INFO - [2024-10-12T20:50:02.332+0000] {dag.py:4180} INFO - Setting next_dagrun for example_time_delta_sensor_async to None, run_after=None
[2024-10-12T20:50:02.366+0000] {processor.py:208} INFO - Processing /home/airflow/.local/lib/python3.12/site-packages/airflow/example_dags/example_time_delta_sensor_async.py took 0.122 seconds
