[2024-10-12T20:35:36.766+0000] {processor.py:186} INFO - Started process (PID=102) to work on /home/airflow/.local/lib/python3.12/site-packages/airflow/example_dags/example_dataset_alias.py
[2024-10-12T20:35:36.768+0000] {processor.py:914} INFO - Processing file /home/airflow/.local/lib/python3.12/site-packages/airflow/example_dags/example_dataset_alias.py for tasks to queue
[2024-10-12T20:35:36.772+0000] {logging_mixin.py:190} INFO - [2024-10-12T20:35:36.772+0000] {dagbag.py:588} INFO - Filling up the DagBag from /home/airflow/.local/lib/python3.12/site-packages/airflow/example_dags/example_dataset_alias.py
[2024-10-12T20:35:37.003+0000] {processor.py:925} INFO - DAG(s) 'dataset_alias_example_alias_consumer', 'dataset_alias_example_alias_producer', 'dataset_s3_bucket_consumer', 'dataset_s3_bucket_producer' retrieved from /home/airflow/.local/lib/python3.12/site-packages/airflow/example_dags/example_dataset_alias.py
[2024-10-12T20:35:37.185+0000] {logging_mixin.py:190} INFO - [2024-10-12T20:35:37.183+0000] {override.py:1900} INFO - Created Permission View: can delete on DAG:dataset_alias_example_alias_consumer
[2024-10-12T20:35:37.202+0000] {logging_mixin.py:190} INFO - [2024-10-12T20:35:37.201+0000] {override.py:1900} INFO - Created Permission View: can edit on DAG:dataset_alias_example_alias_consumer
[2024-10-12T20:35:37.214+0000] {logging_mixin.py:190} INFO - [2024-10-12T20:35:37.214+0000] {override.py:1900} INFO - Created Permission View: can read on DAG:dataset_alias_example_alias_consumer
[2024-10-12T20:35:37.229+0000] {logging_mixin.py:190} INFO - [2024-10-12T20:35:37.228+0000] {override.py:1900} INFO - Created Permission View: can delete on DAG Run:dataset_alias_example_alias_consumer
[2024-10-12T20:35:37.242+0000] {logging_mixin.py:190} INFO - [2024-10-12T20:35:37.241+0000] {override.py:1900} INFO - Created Permission View: can create on DAG Run:dataset_alias_example_alias_consumer
[2024-10-12T20:35:37.257+0000] {logging_mixin.py:190} INFO - [2024-10-12T20:35:37.257+0000] {override.py:1900} INFO - Created Permission View: menu access on DAG Run:dataset_alias_example_alias_consumer
[2024-10-12T20:35:37.270+0000] {logging_mixin.py:190} INFO - [2024-10-12T20:35:37.269+0000] {override.py:1900} INFO - Created Permission View: can read on DAG Run:dataset_alias_example_alias_consumer
[2024-10-12T20:35:37.305+0000] {logging_mixin.py:190} INFO - [2024-10-12T20:35:37.304+0000] {override.py:1900} INFO - Created Permission View: can delete on DAG:dataset_alias_example_alias_producer
[2024-10-12T20:35:37.320+0000] {logging_mixin.py:190} INFO - [2024-10-12T20:35:37.319+0000] {override.py:1900} INFO - Created Permission View: can edit on DAG:dataset_alias_example_alias_producer
[2024-10-12T20:35:37.332+0000] {logging_mixin.py:190} INFO - [2024-10-12T20:35:37.331+0000] {override.py:1900} INFO - Created Permission View: can read on DAG:dataset_alias_example_alias_producer
[2024-10-12T20:35:37.343+0000] {logging_mixin.py:190} INFO - [2024-10-12T20:35:37.343+0000] {override.py:1900} INFO - Created Permission View: can delete on DAG Run:dataset_alias_example_alias_producer
[2024-10-12T20:35:37.353+0000] {logging_mixin.py:190} INFO - [2024-10-12T20:35:37.352+0000] {override.py:1900} INFO - Created Permission View: can create on DAG Run:dataset_alias_example_alias_producer
[2024-10-12T20:35:37.365+0000] {logging_mixin.py:190} INFO - [2024-10-12T20:35:37.364+0000] {override.py:1900} INFO - Created Permission View: menu access on DAG Run:dataset_alias_example_alias_producer
[2024-10-12T20:35:37.375+0000] {logging_mixin.py:190} INFO - [2024-10-12T20:35:37.375+0000] {override.py:1900} INFO - Created Permission View: can read on DAG Run:dataset_alias_example_alias_producer
[2024-10-12T20:35:37.394+0000] {logging_mixin.py:190} INFO - [2024-10-12T20:35:37.393+0000] {override.py:1900} INFO - Created Permission View: can delete on DAG:dataset_s3_bucket_consumer
[2024-10-12T20:35:37.403+0000] {logging_mixin.py:190} INFO - [2024-10-12T20:35:37.402+0000] {override.py:1900} INFO - Created Permission View: can edit on DAG:dataset_s3_bucket_consumer
[2024-10-12T20:35:37.413+0000] {logging_mixin.py:190} INFO - [2024-10-12T20:35:37.412+0000] {override.py:1900} INFO - Created Permission View: can read on DAG:dataset_s3_bucket_consumer
[2024-10-12T20:35:37.426+0000] {logging_mixin.py:190} INFO - [2024-10-12T20:35:37.425+0000] {override.py:1900} INFO - Created Permission View: can delete on DAG Run:dataset_s3_bucket_consumer
[2024-10-12T20:35:37.436+0000] {logging_mixin.py:190} INFO - [2024-10-12T20:35:37.435+0000] {override.py:1900} INFO - Created Permission View: can create on DAG Run:dataset_s3_bucket_consumer
[2024-10-12T20:35:37.444+0000] {logging_mixin.py:190} INFO - [2024-10-12T20:35:37.443+0000] {override.py:1900} INFO - Created Permission View: menu access on DAG Run:dataset_s3_bucket_consumer
[2024-10-12T20:35:37.456+0000] {logging_mixin.py:190} INFO - [2024-10-12T20:35:37.455+0000] {override.py:1900} INFO - Created Permission View: can read on DAG Run:dataset_s3_bucket_consumer
[2024-10-12T20:35:37.473+0000] {logging_mixin.py:190} INFO - [2024-10-12T20:35:37.472+0000] {override.py:1900} INFO - Created Permission View: can delete on DAG:dataset_s3_bucket_producer
[2024-10-12T20:35:37.482+0000] {logging_mixin.py:190} INFO - [2024-10-12T20:35:37.482+0000] {override.py:1900} INFO - Created Permission View: can edit on DAG:dataset_s3_bucket_producer
[2024-10-12T20:35:37.490+0000] {logging_mixin.py:190} INFO - [2024-10-12T20:35:37.490+0000] {override.py:1900} INFO - Created Permission View: can read on DAG:dataset_s3_bucket_producer
[2024-10-12T20:35:37.502+0000] {logging_mixin.py:190} INFO - [2024-10-12T20:35:37.501+0000] {override.py:1900} INFO - Created Permission View: can delete on DAG Run:dataset_s3_bucket_producer
[2024-10-12T20:35:37.512+0000] {logging_mixin.py:190} INFO - [2024-10-12T20:35:37.512+0000] {override.py:1900} INFO - Created Permission View: can create on DAG Run:dataset_s3_bucket_producer
[2024-10-12T20:35:37.521+0000] {logging_mixin.py:190} INFO - [2024-10-12T20:35:37.521+0000] {override.py:1900} INFO - Created Permission View: menu access on DAG Run:dataset_s3_bucket_producer
[2024-10-12T20:35:37.529+0000] {logging_mixin.py:190} INFO - [2024-10-12T20:35:37.529+0000] {override.py:1900} INFO - Created Permission View: can read on DAG Run:dataset_s3_bucket_producer
[2024-10-12T20:35:37.531+0000] {logging_mixin.py:190} INFO - [2024-10-12T20:35:37.531+0000] {dag.py:3239} INFO - Sync 4 DAGs
[2024-10-12T20:35:37.550+0000] {logging_mixin.py:190} INFO - [2024-10-12T20:35:37.550+0000] {dag.py:3262} INFO - Creating ORM DAG for dataset_s3_bucket_consumer
[2024-10-12T20:35:37.552+0000] {logging_mixin.py:190} INFO - [2024-10-12T20:35:37.551+0000] {dag.py:3262} INFO - Creating ORM DAG for dataset_s3_bucket_producer
[2024-10-12T20:35:37.553+0000] {logging_mixin.py:190} INFO - [2024-10-12T20:35:37.553+0000] {dag.py:3262} INFO - Creating ORM DAG for dataset_alias_example_alias_producer
[2024-10-12T20:35:37.554+0000] {logging_mixin.py:190} INFO - [2024-10-12T20:35:37.554+0000] {dag.py:3262} INFO - Creating ORM DAG for dataset_alias_example_alias_consumer
[2024-10-12T20:35:37.568+0000] {logging_mixin.py:190} INFO - [2024-10-12T20:35:37.567+0000] {dag.py:4180} INFO - Setting next_dagrun for dataset_alias_example_alias_consumer to None, run_after=None
[2024-10-12T20:35:37.569+0000] {logging_mixin.py:190} INFO - [2024-10-12T20:35:37.569+0000] {dag.py:4180} INFO - Setting next_dagrun for dataset_alias_example_alias_producer to None, run_after=None
[2024-10-12T20:35:37.571+0000] {logging_mixin.py:190} INFO - [2024-10-12T20:35:37.571+0000] {dag.py:4180} INFO - Setting next_dagrun for dataset_s3_bucket_consumer to None, run_after=None
[2024-10-12T20:35:37.572+0000] {logging_mixin.py:190} INFO - [2024-10-12T20:35:37.572+0000] {dag.py:4180} INFO - Setting next_dagrun for dataset_s3_bucket_producer to None, run_after=None
[2024-10-12T20:35:37.617+0000] {processor.py:208} INFO - Processing /home/airflow/.local/lib/python3.12/site-packages/airflow/example_dags/example_dataset_alias.py took 0.864 seconds
[2024-10-12T20:36:07.899+0000] {processor.py:186} INFO - Started process (PID=164) to work on /home/airflow/.local/lib/python3.12/site-packages/airflow/example_dags/example_dataset_alias.py
[2024-10-12T20:36:07.901+0000] {processor.py:914} INFO - Processing file /home/airflow/.local/lib/python3.12/site-packages/airflow/example_dags/example_dataset_alias.py for tasks to queue
[2024-10-12T20:36:07.909+0000] {logging_mixin.py:190} INFO - [2024-10-12T20:36:07.908+0000] {dagbag.py:588} INFO - Filling up the DagBag from /home/airflow/.local/lib/python3.12/site-packages/airflow/example_dags/example_dataset_alias.py
[2024-10-12T20:36:08.208+0000] {processor.py:925} INFO - DAG(s) 'dataset_alias_example_alias_consumer', 'dataset_alias_example_alias_producer', 'dataset_s3_bucket_producer', 'dataset_s3_bucket_consumer' retrieved from /home/airflow/.local/lib/python3.12/site-packages/airflow/example_dags/example_dataset_alias.py
[2024-10-12T20:36:08.239+0000] {logging_mixin.py:190} INFO - [2024-10-12T20:36:08.238+0000] {dag.py:3239} INFO - Sync 4 DAGs
[2024-10-12T20:36:08.270+0000] {logging_mixin.py:190} INFO - [2024-10-12T20:36:08.269+0000] {dag.py:4180} INFO - Setting next_dagrun for dataset_alias_example_alias_consumer to None, run_after=None
[2024-10-12T20:36:08.277+0000] {logging_mixin.py:190} INFO - [2024-10-12T20:36:08.276+0000] {dag.py:4180} INFO - Setting next_dagrun for dataset_alias_example_alias_producer to None, run_after=None
[2024-10-12T20:36:08.283+0000] {logging_mixin.py:190} INFO - [2024-10-12T20:36:08.282+0000] {dag.py:4180} INFO - Setting next_dagrun for dataset_s3_bucket_consumer to None, run_after=None
[2024-10-12T20:36:08.287+0000] {logging_mixin.py:190} INFO - [2024-10-12T20:36:08.287+0000] {dag.py:4180} INFO - Setting next_dagrun for dataset_s3_bucket_producer to None, run_after=None
[2024-10-12T20:36:08.321+0000] {processor.py:208} INFO - Processing /home/airflow/.local/lib/python3.12/site-packages/airflow/example_dags/example_dataset_alias.py took 0.432 seconds
[2024-10-12T20:36:39.388+0000] {processor.py:186} INFO - Started process (PID=226) to work on /home/airflow/.local/lib/python3.12/site-packages/airflow/example_dags/example_dataset_alias.py
[2024-10-12T20:36:39.390+0000] {processor.py:914} INFO - Processing file /home/airflow/.local/lib/python3.12/site-packages/airflow/example_dags/example_dataset_alias.py for tasks to queue
[2024-10-12T20:36:39.395+0000] {logging_mixin.py:190} INFO - [2024-10-12T20:36:39.395+0000] {dagbag.py:588} INFO - Filling up the DagBag from /home/airflow/.local/lib/python3.12/site-packages/airflow/example_dags/example_dataset_alias.py
[2024-10-12T20:36:39.743+0000] {processor.py:925} INFO - DAG(s) 'dataset_alias_example_alias_producer', 'dataset_s3_bucket_producer', 'dataset_s3_bucket_consumer', 'dataset_alias_example_alias_consumer' retrieved from /home/airflow/.local/lib/python3.12/site-packages/airflow/example_dags/example_dataset_alias.py
[2024-10-12T20:36:39.796+0000] {logging_mixin.py:190} INFO - [2024-10-12T20:36:39.795+0000] {dag.py:3239} INFO - Sync 4 DAGs
[2024-10-12T20:36:39.839+0000] {logging_mixin.py:190} INFO - [2024-10-12T20:36:39.839+0000] {dag.py:4180} INFO - Setting next_dagrun for dataset_alias_example_alias_consumer to None, run_after=None
[2024-10-12T20:36:39.845+0000] {logging_mixin.py:190} INFO - [2024-10-12T20:36:39.844+0000] {dag.py:4180} INFO - Setting next_dagrun for dataset_alias_example_alias_producer to None, run_after=None
[2024-10-12T20:36:39.848+0000] {logging_mixin.py:190} INFO - [2024-10-12T20:36:39.847+0000] {dag.py:4180} INFO - Setting next_dagrun for dataset_s3_bucket_consumer to None, run_after=None
[2024-10-12T20:36:39.851+0000] {logging_mixin.py:190} INFO - [2024-10-12T20:36:39.851+0000] {dag.py:4180} INFO - Setting next_dagrun for dataset_s3_bucket_producer to None, run_after=None
[2024-10-12T20:36:39.887+0000] {processor.py:208} INFO - Processing /home/airflow/.local/lib/python3.12/site-packages/airflow/example_dags/example_dataset_alias.py took 0.514 seconds
[2024-10-12T20:37:10.795+0000] {processor.py:186} INFO - Started process (PID=288) to work on /home/airflow/.local/lib/python3.12/site-packages/airflow/example_dags/example_dataset_alias.py
[2024-10-12T20:37:10.797+0000] {processor.py:914} INFO - Processing file /home/airflow/.local/lib/python3.12/site-packages/airflow/example_dags/example_dataset_alias.py for tasks to queue
[2024-10-12T20:37:10.803+0000] {logging_mixin.py:190} INFO - [2024-10-12T20:37:10.802+0000] {dagbag.py:588} INFO - Filling up the DagBag from /home/airflow/.local/lib/python3.12/site-packages/airflow/example_dags/example_dataset_alias.py
[2024-10-12T20:37:11.026+0000] {processor.py:925} INFO - DAG(s) 'dataset_alias_example_alias_consumer', 'dataset_alias_example_alias_producer', 'dataset_s3_bucket_producer', 'dataset_s3_bucket_consumer' retrieved from /home/airflow/.local/lib/python3.12/site-packages/airflow/example_dags/example_dataset_alias.py
[2024-10-12T20:37:11.063+0000] {logging_mixin.py:190} INFO - [2024-10-12T20:37:11.063+0000] {dag.py:3239} INFO - Sync 4 DAGs
[2024-10-12T20:37:11.094+0000] {logging_mixin.py:190} INFO - [2024-10-12T20:37:11.094+0000] {dag.py:4180} INFO - Setting next_dagrun for dataset_alias_example_alias_consumer to None, run_after=None
[2024-10-12T20:37:11.099+0000] {logging_mixin.py:190} INFO - [2024-10-12T20:37:11.099+0000] {dag.py:4180} INFO - Setting next_dagrun for dataset_alias_example_alias_producer to None, run_after=None
[2024-10-12T20:37:11.102+0000] {logging_mixin.py:190} INFO - [2024-10-12T20:37:11.101+0000] {dag.py:4180} INFO - Setting next_dagrun for dataset_s3_bucket_consumer to None, run_after=None
[2024-10-12T20:37:11.103+0000] {logging_mixin.py:190} INFO - [2024-10-12T20:37:11.103+0000] {dag.py:4180} INFO - Setting next_dagrun for dataset_s3_bucket_producer to None, run_after=None
[2024-10-12T20:37:11.135+0000] {processor.py:208} INFO - Processing /home/airflow/.local/lib/python3.12/site-packages/airflow/example_dags/example_dataset_alias.py took 0.349 seconds
[2024-10-12T20:37:41.762+0000] {processor.py:186} INFO - Started process (PID=350) to work on /home/airflow/.local/lib/python3.12/site-packages/airflow/example_dags/example_dataset_alias.py
[2024-10-12T20:37:41.764+0000] {processor.py:914} INFO - Processing file /home/airflow/.local/lib/python3.12/site-packages/airflow/example_dags/example_dataset_alias.py for tasks to queue
[2024-10-12T20:37:41.768+0000] {logging_mixin.py:190} INFO - [2024-10-12T20:37:41.768+0000] {dagbag.py:588} INFO - Filling up the DagBag from /home/airflow/.local/lib/python3.12/site-packages/airflow/example_dags/example_dataset_alias.py
[2024-10-12T20:37:42.038+0000] {processor.py:925} INFO - DAG(s) 'dataset_s3_bucket_consumer', 'dataset_alias_example_alias_producer', 'dataset_s3_bucket_producer', 'dataset_alias_example_alias_consumer' retrieved from /home/airflow/.local/lib/python3.12/site-packages/airflow/example_dags/example_dataset_alias.py
[2024-10-12T20:37:42.072+0000] {logging_mixin.py:190} INFO - [2024-10-12T20:37:42.071+0000] {dag.py:3239} INFO - Sync 4 DAGs
[2024-10-12T20:37:42.104+0000] {logging_mixin.py:190} INFO - [2024-10-12T20:37:42.103+0000] {dag.py:4180} INFO - Setting next_dagrun for dataset_alias_example_alias_consumer to None, run_after=None
[2024-10-12T20:37:42.109+0000] {logging_mixin.py:190} INFO - [2024-10-12T20:37:42.108+0000] {dag.py:4180} INFO - Setting next_dagrun for dataset_alias_example_alias_producer to None, run_after=None
[2024-10-12T20:37:42.111+0000] {logging_mixin.py:190} INFO - [2024-10-12T20:37:42.111+0000] {dag.py:4180} INFO - Setting next_dagrun for dataset_s3_bucket_consumer to None, run_after=None
[2024-10-12T20:37:42.113+0000] {logging_mixin.py:190} INFO - [2024-10-12T20:37:42.113+0000] {dag.py:4180} INFO - Setting next_dagrun for dataset_s3_bucket_producer to None, run_after=None
[2024-10-12T20:37:42.144+0000] {processor.py:208} INFO - Processing /home/airflow/.local/lib/python3.12/site-packages/airflow/example_dags/example_dataset_alias.py took 0.393 seconds
[2024-10-12T20:38:12.414+0000] {processor.py:186} INFO - Started process (PID=412) to work on /home/airflow/.local/lib/python3.12/site-packages/airflow/example_dags/example_dataset_alias.py
[2024-10-12T20:38:12.416+0000] {processor.py:914} INFO - Processing file /home/airflow/.local/lib/python3.12/site-packages/airflow/example_dags/example_dataset_alias.py for tasks to queue
[2024-10-12T20:38:12.422+0000] {logging_mixin.py:190} INFO - [2024-10-12T20:38:12.421+0000] {dagbag.py:588} INFO - Filling up the DagBag from /home/airflow/.local/lib/python3.12/site-packages/airflow/example_dags/example_dataset_alias.py
[2024-10-12T20:38:12.792+0000] {processor.py:925} INFO - DAG(s) 'dataset_s3_bucket_producer', 'dataset_s3_bucket_consumer', 'dataset_alias_example_alias_consumer', 'dataset_alias_example_alias_producer' retrieved from /home/airflow/.local/lib/python3.12/site-packages/airflow/example_dags/example_dataset_alias.py
[2024-10-12T20:38:12.864+0000] {logging_mixin.py:190} INFO - [2024-10-12T20:38:12.864+0000] {dag.py:3239} INFO - Sync 4 DAGs
[2024-10-12T20:38:12.922+0000] {logging_mixin.py:190} INFO - [2024-10-12T20:38:12.921+0000] {dag.py:4180} INFO - Setting next_dagrun for dataset_alias_example_alias_consumer to None, run_after=None
[2024-10-12T20:38:12.928+0000] {logging_mixin.py:190} INFO - [2024-10-12T20:38:12.928+0000] {dag.py:4180} INFO - Setting next_dagrun for dataset_alias_example_alias_producer to None, run_after=None
[2024-10-12T20:38:12.932+0000] {logging_mixin.py:190} INFO - [2024-10-12T20:38:12.931+0000] {dag.py:4180} INFO - Setting next_dagrun for dataset_s3_bucket_consumer to None, run_after=None
[2024-10-12T20:38:12.936+0000] {logging_mixin.py:190} INFO - [2024-10-12T20:38:12.936+0000] {dag.py:4180} INFO - Setting next_dagrun for dataset_s3_bucket_producer to None, run_after=None
[2024-10-12T20:38:12.995+0000] {processor.py:208} INFO - Processing /home/airflow/.local/lib/python3.12/site-packages/airflow/example_dags/example_dataset_alias.py took 0.591 seconds
[2024-10-12T20:38:43.424+0000] {processor.py:186} INFO - Started process (PID=474) to work on /home/airflow/.local/lib/python3.12/site-packages/airflow/example_dags/example_dataset_alias.py
[2024-10-12T20:38:43.426+0000] {processor.py:914} INFO - Processing file /home/airflow/.local/lib/python3.12/site-packages/airflow/example_dags/example_dataset_alias.py for tasks to queue
[2024-10-12T20:38:43.430+0000] {logging_mixin.py:190} INFO - [2024-10-12T20:38:43.430+0000] {dagbag.py:588} INFO - Filling up the DagBag from /home/airflow/.local/lib/python3.12/site-packages/airflow/example_dags/example_dataset_alias.py
[2024-10-12T20:38:43.643+0000] {processor.py:925} INFO - DAG(s) 'dataset_s3_bucket_consumer', 'dataset_alias_example_alias_consumer', 'dataset_alias_example_alias_producer', 'dataset_s3_bucket_producer' retrieved from /home/airflow/.local/lib/python3.12/site-packages/airflow/example_dags/example_dataset_alias.py
[2024-10-12T20:38:43.680+0000] {logging_mixin.py:190} INFO - [2024-10-12T20:38:43.679+0000] {dag.py:3239} INFO - Sync 4 DAGs
[2024-10-12T20:38:43.715+0000] {logging_mixin.py:190} INFO - [2024-10-12T20:38:43.714+0000] {dag.py:4180} INFO - Setting next_dagrun for dataset_alias_example_alias_consumer to None, run_after=None
[2024-10-12T20:38:43.719+0000] {logging_mixin.py:190} INFO - [2024-10-12T20:38:43.719+0000] {dag.py:4180} INFO - Setting next_dagrun for dataset_alias_example_alias_producer to None, run_after=None
[2024-10-12T20:38:43.722+0000] {logging_mixin.py:190} INFO - [2024-10-12T20:38:43.721+0000] {dag.py:4180} INFO - Setting next_dagrun for dataset_s3_bucket_consumer to None, run_after=None
[2024-10-12T20:38:43.724+0000] {logging_mixin.py:190} INFO - [2024-10-12T20:38:43.724+0000] {dag.py:4180} INFO - Setting next_dagrun for dataset_s3_bucket_producer to None, run_after=None
[2024-10-12T20:38:43.763+0000] {processor.py:208} INFO - Processing /home/airflow/.local/lib/python3.12/site-packages/airflow/example_dags/example_dataset_alias.py took 0.350 seconds
[2024-10-12T20:39:13.953+0000] {processor.py:186} INFO - Started process (PID=536) to work on /home/airflow/.local/lib/python3.12/site-packages/airflow/example_dags/example_dataset_alias.py
[2024-10-12T20:39:13.955+0000] {processor.py:914} INFO - Processing file /home/airflow/.local/lib/python3.12/site-packages/airflow/example_dags/example_dataset_alias.py for tasks to queue
[2024-10-12T20:39:13.960+0000] {logging_mixin.py:190} INFO - [2024-10-12T20:39:13.959+0000] {dagbag.py:588} INFO - Filling up the DagBag from /home/airflow/.local/lib/python3.12/site-packages/airflow/example_dags/example_dataset_alias.py
[2024-10-12T20:39:14.193+0000] {processor.py:925} INFO - DAG(s) 'dataset_s3_bucket_consumer', 'dataset_s3_bucket_producer', 'dataset_alias_example_alias_producer', 'dataset_alias_example_alias_consumer' retrieved from /home/airflow/.local/lib/python3.12/site-packages/airflow/example_dags/example_dataset_alias.py
[2024-10-12T20:39:14.227+0000] {logging_mixin.py:190} INFO - [2024-10-12T20:39:14.227+0000] {dag.py:3239} INFO - Sync 4 DAGs
[2024-10-12T20:39:14.265+0000] {logging_mixin.py:190} INFO - [2024-10-12T20:39:14.265+0000] {dag.py:4180} INFO - Setting next_dagrun for dataset_alias_example_alias_consumer to None, run_after=None
[2024-10-12T20:39:14.270+0000] {logging_mixin.py:190} INFO - [2024-10-12T20:39:14.270+0000] {dag.py:4180} INFO - Setting next_dagrun for dataset_alias_example_alias_producer to None, run_after=None
[2024-10-12T20:39:14.272+0000] {logging_mixin.py:190} INFO - [2024-10-12T20:39:14.272+0000] {dag.py:4180} INFO - Setting next_dagrun for dataset_s3_bucket_consumer to None, run_after=None
[2024-10-12T20:39:14.274+0000] {logging_mixin.py:190} INFO - [2024-10-12T20:39:14.274+0000] {dag.py:4180} INFO - Setting next_dagrun for dataset_s3_bucket_producer to None, run_after=None
[2024-10-12T20:39:14.309+0000] {processor.py:208} INFO - Processing /home/airflow/.local/lib/python3.12/site-packages/airflow/example_dags/example_dataset_alias.py took 0.369 seconds
[2024-10-12T20:39:44.437+0000] {processor.py:186} INFO - Started process (PID=597) to work on /home/airflow/.local/lib/python3.12/site-packages/airflow/example_dags/example_dataset_alias.py
[2024-10-12T20:39:44.438+0000] {processor.py:914} INFO - Processing file /home/airflow/.local/lib/python3.12/site-packages/airflow/example_dags/example_dataset_alias.py for tasks to queue
[2024-10-12T20:39:44.442+0000] {logging_mixin.py:190} INFO - [2024-10-12T20:39:44.441+0000] {dagbag.py:588} INFO - Filling up the DagBag from /home/airflow/.local/lib/python3.12/site-packages/airflow/example_dags/example_dataset_alias.py
[2024-10-12T20:39:44.658+0000] {processor.py:925} INFO - DAG(s) 'dataset_s3_bucket_consumer', 'dataset_alias_example_alias_consumer', 'dataset_alias_example_alias_producer', 'dataset_s3_bucket_producer' retrieved from /home/airflow/.local/lib/python3.12/site-packages/airflow/example_dags/example_dataset_alias.py
[2024-10-12T20:39:44.684+0000] {logging_mixin.py:190} INFO - [2024-10-12T20:39:44.684+0000] {dag.py:3239} INFO - Sync 4 DAGs
[2024-10-12T20:39:44.713+0000] {logging_mixin.py:190} INFO - [2024-10-12T20:39:44.713+0000] {dag.py:4180} INFO - Setting next_dagrun for dataset_alias_example_alias_consumer to None, run_after=None
[2024-10-12T20:39:44.717+0000] {logging_mixin.py:190} INFO - [2024-10-12T20:39:44.716+0000] {dag.py:4180} INFO - Setting next_dagrun for dataset_alias_example_alias_producer to None, run_after=None
[2024-10-12T20:39:44.719+0000] {logging_mixin.py:190} INFO - [2024-10-12T20:39:44.718+0000] {dag.py:4180} INFO - Setting next_dagrun for dataset_s3_bucket_consumer to None, run_after=None
[2024-10-12T20:39:44.720+0000] {logging_mixin.py:190} INFO - [2024-10-12T20:39:44.720+0000] {dag.py:4180} INFO - Setting next_dagrun for dataset_s3_bucket_producer to None, run_after=None
[2024-10-12T20:39:44.752+0000] {processor.py:208} INFO - Processing /home/airflow/.local/lib/python3.12/site-packages/airflow/example_dags/example_dataset_alias.py took 0.329 seconds
[2024-10-12T20:40:14.900+0000] {processor.py:186} INFO - Started process (PID=659) to work on /home/airflow/.local/lib/python3.12/site-packages/airflow/example_dags/example_dataset_alias.py
[2024-10-12T20:40:14.902+0000] {processor.py:914} INFO - Processing file /home/airflow/.local/lib/python3.12/site-packages/airflow/example_dags/example_dataset_alias.py for tasks to queue
[2024-10-12T20:40:14.909+0000] {logging_mixin.py:190} INFO - [2024-10-12T20:40:14.908+0000] {dagbag.py:588} INFO - Filling up the DagBag from /home/airflow/.local/lib/python3.12/site-packages/airflow/example_dags/example_dataset_alias.py
[2024-10-12T20:40:15.166+0000] {processor.py:925} INFO - DAG(s) 'dataset_alias_example_alias_producer', 'dataset_s3_bucket_producer', 'dataset_s3_bucket_consumer', 'dataset_alias_example_alias_consumer' retrieved from /home/airflow/.local/lib/python3.12/site-packages/airflow/example_dags/example_dataset_alias.py
[2024-10-12T20:40:15.202+0000] {logging_mixin.py:190} INFO - [2024-10-12T20:40:15.201+0000] {dag.py:3239} INFO - Sync 4 DAGs
[2024-10-12T20:40:15.240+0000] {logging_mixin.py:190} INFO - [2024-10-12T20:40:15.239+0000] {dag.py:4180} INFO - Setting next_dagrun for dataset_alias_example_alias_consumer to None, run_after=None
[2024-10-12T20:40:15.244+0000] {logging_mixin.py:190} INFO - [2024-10-12T20:40:15.244+0000] {dag.py:4180} INFO - Setting next_dagrun for dataset_alias_example_alias_producer to None, run_after=None
[2024-10-12T20:40:15.247+0000] {logging_mixin.py:190} INFO - [2024-10-12T20:40:15.247+0000] {dag.py:4180} INFO - Setting next_dagrun for dataset_s3_bucket_consumer to None, run_after=None
[2024-10-12T20:40:15.249+0000] {logging_mixin.py:190} INFO - [2024-10-12T20:40:15.249+0000] {dag.py:4180} INFO - Setting next_dagrun for dataset_s3_bucket_producer to None, run_after=None
[2024-10-12T20:40:15.278+0000] {processor.py:208} INFO - Processing /home/airflow/.local/lib/python3.12/site-packages/airflow/example_dags/example_dataset_alias.py took 0.391 seconds
[2024-10-12T20:40:45.723+0000] {processor.py:186} INFO - Started process (PID=721) to work on /home/airflow/.local/lib/python3.12/site-packages/airflow/example_dags/example_dataset_alias.py
[2024-10-12T20:40:45.725+0000] {processor.py:914} INFO - Processing file /home/airflow/.local/lib/python3.12/site-packages/airflow/example_dags/example_dataset_alias.py for tasks to queue
[2024-10-12T20:40:45.730+0000] {logging_mixin.py:190} INFO - [2024-10-12T20:40:45.730+0000] {dagbag.py:588} INFO - Filling up the DagBag from /home/airflow/.local/lib/python3.12/site-packages/airflow/example_dags/example_dataset_alias.py
[2024-10-12T20:40:45.952+0000] {processor.py:925} INFO - DAG(s) 'dataset_alias_example_alias_consumer', 'dataset_s3_bucket_producer', 'dataset_alias_example_alias_producer', 'dataset_s3_bucket_consumer' retrieved from /home/airflow/.local/lib/python3.12/site-packages/airflow/example_dags/example_dataset_alias.py
[2024-10-12T20:40:45.981+0000] {logging_mixin.py:190} INFO - [2024-10-12T20:40:45.981+0000] {dag.py:3239} INFO - Sync 4 DAGs
[2024-10-12T20:40:46.013+0000] {logging_mixin.py:190} INFO - [2024-10-12T20:40:46.013+0000] {dag.py:4180} INFO - Setting next_dagrun for dataset_alias_example_alias_consumer to None, run_after=None
[2024-10-12T20:40:46.017+0000] {logging_mixin.py:190} INFO - [2024-10-12T20:40:46.017+0000] {dag.py:4180} INFO - Setting next_dagrun for dataset_alias_example_alias_producer to None, run_after=None
[2024-10-12T20:40:46.019+0000] {logging_mixin.py:190} INFO - [2024-10-12T20:40:46.019+0000] {dag.py:4180} INFO - Setting next_dagrun for dataset_s3_bucket_consumer to None, run_after=None
[2024-10-12T20:40:46.021+0000] {logging_mixin.py:190} INFO - [2024-10-12T20:40:46.021+0000] {dag.py:4180} INFO - Setting next_dagrun for dataset_s3_bucket_producer to None, run_after=None
[2024-10-12T20:40:46.059+0000] {processor.py:208} INFO - Processing /home/airflow/.local/lib/python3.12/site-packages/airflow/example_dags/example_dataset_alias.py took 0.347 seconds
[2024-10-12T20:41:16.220+0000] {processor.py:186} INFO - Started process (PID=783) to work on /home/airflow/.local/lib/python3.12/site-packages/airflow/example_dags/example_dataset_alias.py
[2024-10-12T20:41:16.244+0000] {processor.py:914} INFO - Processing file /home/airflow/.local/lib/python3.12/site-packages/airflow/example_dags/example_dataset_alias.py for tasks to queue
[2024-10-12T20:41:16.257+0000] {logging_mixin.py:190} INFO - [2024-10-12T20:41:16.256+0000] {dagbag.py:588} INFO - Filling up the DagBag from /home/airflow/.local/lib/python3.12/site-packages/airflow/example_dags/example_dataset_alias.py
[2024-10-12T20:41:16.537+0000] {processor.py:925} INFO - DAG(s) 'dataset_alias_example_alias_producer', 'dataset_s3_bucket_producer', 'dataset_s3_bucket_consumer', 'dataset_alias_example_alias_consumer' retrieved from /home/airflow/.local/lib/python3.12/site-packages/airflow/example_dags/example_dataset_alias.py
[2024-10-12T20:41:16.569+0000] {logging_mixin.py:190} INFO - [2024-10-12T20:41:16.568+0000] {dag.py:3239} INFO - Sync 4 DAGs
[2024-10-12T20:41:16.599+0000] {logging_mixin.py:190} INFO - [2024-10-12T20:41:16.599+0000] {dag.py:4180} INFO - Setting next_dagrun for dataset_alias_example_alias_consumer to None, run_after=None
[2024-10-12T20:41:16.606+0000] {logging_mixin.py:190} INFO - [2024-10-12T20:41:16.605+0000] {dag.py:4180} INFO - Setting next_dagrun for dataset_alias_example_alias_producer to None, run_after=None
[2024-10-12T20:41:16.608+0000] {logging_mixin.py:190} INFO - [2024-10-12T20:41:16.607+0000] {dag.py:4180} INFO - Setting next_dagrun for dataset_s3_bucket_consumer to None, run_after=None
[2024-10-12T20:41:16.610+0000] {logging_mixin.py:190} INFO - [2024-10-12T20:41:16.609+0000] {dag.py:4180} INFO - Setting next_dagrun for dataset_s3_bucket_producer to None, run_after=None
[2024-10-12T20:41:16.645+0000] {processor.py:208} INFO - Processing /home/airflow/.local/lib/python3.12/site-packages/airflow/example_dags/example_dataset_alias.py took 0.439 seconds
[2024-10-12T20:41:46.995+0000] {processor.py:186} INFO - Started process (PID=845) to work on /home/airflow/.local/lib/python3.12/site-packages/airflow/example_dags/example_dataset_alias.py
[2024-10-12T20:41:46.997+0000] {processor.py:914} INFO - Processing file /home/airflow/.local/lib/python3.12/site-packages/airflow/example_dags/example_dataset_alias.py for tasks to queue
[2024-10-12T20:41:47.001+0000] {logging_mixin.py:190} INFO - [2024-10-12T20:41:47.000+0000] {dagbag.py:588} INFO - Filling up the DagBag from /home/airflow/.local/lib/python3.12/site-packages/airflow/example_dags/example_dataset_alias.py
[2024-10-12T20:41:47.275+0000] {processor.py:925} INFO - DAG(s) 'dataset_s3_bucket_consumer', 'dataset_s3_bucket_producer', 'dataset_alias_example_alias_consumer', 'dataset_alias_example_alias_producer' retrieved from /home/airflow/.local/lib/python3.12/site-packages/airflow/example_dags/example_dataset_alias.py
[2024-10-12T20:41:47.311+0000] {logging_mixin.py:190} INFO - [2024-10-12T20:41:47.310+0000] {dag.py:3239} INFO - Sync 4 DAGs
[2024-10-12T20:41:47.341+0000] {logging_mixin.py:190} INFO - [2024-10-12T20:41:47.341+0000] {dag.py:4180} INFO - Setting next_dagrun for dataset_alias_example_alias_consumer to None, run_after=None
[2024-10-12T20:41:47.347+0000] {logging_mixin.py:190} INFO - [2024-10-12T20:41:47.347+0000] {dag.py:4180} INFO - Setting next_dagrun for dataset_alias_example_alias_producer to None, run_after=None
[2024-10-12T20:41:47.350+0000] {logging_mixin.py:190} INFO - [2024-10-12T20:41:47.349+0000] {dag.py:4180} INFO - Setting next_dagrun for dataset_s3_bucket_consumer to None, run_after=None
[2024-10-12T20:41:47.352+0000] {logging_mixin.py:190} INFO - [2024-10-12T20:41:47.351+0000] {dag.py:4180} INFO - Setting next_dagrun for dataset_s3_bucket_producer to None, run_after=None
[2024-10-12T20:41:47.389+0000] {processor.py:208} INFO - Processing /home/airflow/.local/lib/python3.12/site-packages/airflow/example_dags/example_dataset_alias.py took 0.407 seconds
[2024-10-12T20:42:18.311+0000] {processor.py:186} INFO - Started process (PID=907) to work on /home/airflow/.local/lib/python3.12/site-packages/airflow/example_dags/example_dataset_alias.py
[2024-10-12T20:42:18.313+0000] {processor.py:914} INFO - Processing file /home/airflow/.local/lib/python3.12/site-packages/airflow/example_dags/example_dataset_alias.py for tasks to queue
[2024-10-12T20:42:18.317+0000] {logging_mixin.py:190} INFO - [2024-10-12T20:42:18.317+0000] {dagbag.py:588} INFO - Filling up the DagBag from /home/airflow/.local/lib/python3.12/site-packages/airflow/example_dags/example_dataset_alias.py
[2024-10-12T20:42:18.595+0000] {processor.py:925} INFO - DAG(s) 'dataset_alias_example_alias_producer', 'dataset_s3_bucket_consumer', 'dataset_s3_bucket_producer', 'dataset_alias_example_alias_consumer' retrieved from /home/airflow/.local/lib/python3.12/site-packages/airflow/example_dags/example_dataset_alias.py
[2024-10-12T20:42:18.652+0000] {logging_mixin.py:190} INFO - [2024-10-12T20:42:18.651+0000] {dag.py:3239} INFO - Sync 4 DAGs
[2024-10-12T20:42:18.709+0000] {logging_mixin.py:190} INFO - [2024-10-12T20:42:18.708+0000] {dag.py:4180} INFO - Setting next_dagrun for dataset_alias_example_alias_consumer to None, run_after=None
[2024-10-12T20:42:18.716+0000] {logging_mixin.py:190} INFO - [2024-10-12T20:42:18.715+0000] {dag.py:4180} INFO - Setting next_dagrun for dataset_alias_example_alias_producer to None, run_after=None
[2024-10-12T20:42:18.719+0000] {logging_mixin.py:190} INFO - [2024-10-12T20:42:18.719+0000] {dag.py:4180} INFO - Setting next_dagrun for dataset_s3_bucket_consumer to None, run_after=None
[2024-10-12T20:42:18.722+0000] {logging_mixin.py:190} INFO - [2024-10-12T20:42:18.722+0000] {dag.py:4180} INFO - Setting next_dagrun for dataset_s3_bucket_producer to None, run_after=None
[2024-10-12T20:42:18.772+0000] {processor.py:208} INFO - Processing /home/airflow/.local/lib/python3.12/site-packages/airflow/example_dags/example_dataset_alias.py took 0.473 seconds
[2024-10-12T20:42:49.646+0000] {processor.py:186} INFO - Started process (PID=969) to work on /home/airflow/.local/lib/python3.12/site-packages/airflow/example_dags/example_dataset_alias.py
[2024-10-12T20:42:49.648+0000] {processor.py:914} INFO - Processing file /home/airflow/.local/lib/python3.12/site-packages/airflow/example_dags/example_dataset_alias.py for tasks to queue
[2024-10-12T20:42:49.655+0000] {logging_mixin.py:190} INFO - [2024-10-12T20:42:49.654+0000] {dagbag.py:588} INFO - Filling up the DagBag from /home/airflow/.local/lib/python3.12/site-packages/airflow/example_dags/example_dataset_alias.py
[2024-10-12T20:42:50.016+0000] {processor.py:925} INFO - DAG(s) 'dataset_alias_example_alias_producer', 'dataset_s3_bucket_producer', 'dataset_s3_bucket_consumer', 'dataset_alias_example_alias_consumer' retrieved from /home/airflow/.local/lib/python3.12/site-packages/airflow/example_dags/example_dataset_alias.py
[2024-10-12T20:42:50.078+0000] {logging_mixin.py:190} INFO - [2024-10-12T20:42:50.077+0000] {dag.py:3239} INFO - Sync 4 DAGs
[2024-10-12T20:42:50.131+0000] {logging_mixin.py:190} INFO - [2024-10-12T20:42:50.130+0000] {dag.py:4180} INFO - Setting next_dagrun for dataset_alias_example_alias_consumer to None, run_after=None
[2024-10-12T20:42:50.136+0000] {logging_mixin.py:190} INFO - [2024-10-12T20:42:50.135+0000] {dag.py:4180} INFO - Setting next_dagrun for dataset_alias_example_alias_producer to None, run_after=None
[2024-10-12T20:42:50.139+0000] {logging_mixin.py:190} INFO - [2024-10-12T20:42:50.138+0000] {dag.py:4180} INFO - Setting next_dagrun for dataset_s3_bucket_consumer to None, run_after=None
[2024-10-12T20:42:50.141+0000] {logging_mixin.py:190} INFO - [2024-10-12T20:42:50.141+0000] {dag.py:4180} INFO - Setting next_dagrun for dataset_s3_bucket_producer to None, run_after=None
[2024-10-12T20:42:50.180+0000] {processor.py:208} INFO - Processing /home/airflow/.local/lib/python3.12/site-packages/airflow/example_dags/example_dataset_alias.py took 0.544 seconds
[2024-10-12T20:43:20.920+0000] {processor.py:186} INFO - Started process (PID=1031) to work on /home/airflow/.local/lib/python3.12/site-packages/airflow/example_dags/example_dataset_alias.py
[2024-10-12T20:43:20.923+0000] {processor.py:914} INFO - Processing file /home/airflow/.local/lib/python3.12/site-packages/airflow/example_dags/example_dataset_alias.py for tasks to queue
[2024-10-12T20:43:20.928+0000] {logging_mixin.py:190} INFO - [2024-10-12T20:43:20.928+0000] {dagbag.py:588} INFO - Filling up the DagBag from /home/airflow/.local/lib/python3.12/site-packages/airflow/example_dags/example_dataset_alias.py
[2024-10-12T20:43:21.159+0000] {processor.py:925} INFO - DAG(s) 'dataset_alias_example_alias_producer', 'dataset_alias_example_alias_consumer', 'dataset_s3_bucket_consumer', 'dataset_s3_bucket_producer' retrieved from /home/airflow/.local/lib/python3.12/site-packages/airflow/example_dags/example_dataset_alias.py
[2024-10-12T20:43:21.193+0000] {logging_mixin.py:190} INFO - [2024-10-12T20:43:21.193+0000] {dag.py:3239} INFO - Sync 4 DAGs
[2024-10-12T20:43:21.226+0000] {logging_mixin.py:190} INFO - [2024-10-12T20:43:21.225+0000] {dag.py:4180} INFO - Setting next_dagrun for dataset_alias_example_alias_consumer to None, run_after=None
[2024-10-12T20:43:21.229+0000] {logging_mixin.py:190} INFO - [2024-10-12T20:43:21.229+0000] {dag.py:4180} INFO - Setting next_dagrun for dataset_alias_example_alias_producer to None, run_after=None
[2024-10-12T20:43:21.231+0000] {logging_mixin.py:190} INFO - [2024-10-12T20:43:21.231+0000] {dag.py:4180} INFO - Setting next_dagrun for dataset_s3_bucket_consumer to None, run_after=None
[2024-10-12T20:43:21.233+0000] {logging_mixin.py:190} INFO - [2024-10-12T20:43:21.233+0000] {dag.py:4180} INFO - Setting next_dagrun for dataset_s3_bucket_producer to None, run_after=None
[2024-10-12T20:43:21.269+0000] {processor.py:208} INFO - Processing /home/airflow/.local/lib/python3.12/site-packages/airflow/example_dags/example_dataset_alias.py took 0.360 seconds
[2024-10-12T20:43:51.500+0000] {processor.py:186} INFO - Started process (PID=1092) to work on /home/airflow/.local/lib/python3.12/site-packages/airflow/example_dags/example_dataset_alias.py
[2024-10-12T20:43:51.503+0000] {processor.py:914} INFO - Processing file /home/airflow/.local/lib/python3.12/site-packages/airflow/example_dags/example_dataset_alias.py for tasks to queue
[2024-10-12T20:43:51.507+0000] {logging_mixin.py:190} INFO - [2024-10-12T20:43:51.507+0000] {dagbag.py:588} INFO - Filling up the DagBag from /home/airflow/.local/lib/python3.12/site-packages/airflow/example_dags/example_dataset_alias.py
[2024-10-12T20:43:51.740+0000] {processor.py:925} INFO - DAG(s) 'dataset_alias_example_alias_producer', 'dataset_s3_bucket_producer', 'dataset_s3_bucket_consumer', 'dataset_alias_example_alias_consumer' retrieved from /home/airflow/.local/lib/python3.12/site-packages/airflow/example_dags/example_dataset_alias.py
[2024-10-12T20:43:51.773+0000] {logging_mixin.py:190} INFO - [2024-10-12T20:43:51.773+0000] {dag.py:3239} INFO - Sync 4 DAGs
[2024-10-12T20:43:51.808+0000] {logging_mixin.py:190} INFO - [2024-10-12T20:43:51.807+0000] {dag.py:4180} INFO - Setting next_dagrun for dataset_alias_example_alias_consumer to None, run_after=None
[2024-10-12T20:43:51.812+0000] {logging_mixin.py:190} INFO - [2024-10-12T20:43:51.812+0000] {dag.py:4180} INFO - Setting next_dagrun for dataset_alias_example_alias_producer to None, run_after=None
[2024-10-12T20:43:51.815+0000] {logging_mixin.py:190} INFO - [2024-10-12T20:43:51.814+0000] {dag.py:4180} INFO - Setting next_dagrun for dataset_s3_bucket_consumer to None, run_after=None
[2024-10-12T20:43:51.817+0000] {logging_mixin.py:190} INFO - [2024-10-12T20:43:51.817+0000] {dag.py:4180} INFO - Setting next_dagrun for dataset_s3_bucket_producer to None, run_after=None
[2024-10-12T20:43:51.852+0000] {processor.py:208} INFO - Processing /home/airflow/.local/lib/python3.12/site-packages/airflow/example_dags/example_dataset_alias.py took 0.364 seconds
[2024-10-12T20:44:22.122+0000] {processor.py:186} INFO - Started process (PID=1154) to work on /home/airflow/.local/lib/python3.12/site-packages/airflow/example_dags/example_dataset_alias.py
[2024-10-12T20:44:22.124+0000] {processor.py:914} INFO - Processing file /home/airflow/.local/lib/python3.12/site-packages/airflow/example_dags/example_dataset_alias.py for tasks to queue
[2024-10-12T20:44:22.131+0000] {logging_mixin.py:190} INFO - [2024-10-12T20:44:22.131+0000] {dagbag.py:588} INFO - Filling up the DagBag from /home/airflow/.local/lib/python3.12/site-packages/airflow/example_dags/example_dataset_alias.py
[2024-10-12T20:44:22.394+0000] {processor.py:925} INFO - DAG(s) 'dataset_alias_example_alias_consumer', 'dataset_alias_example_alias_producer', 'dataset_s3_bucket_producer', 'dataset_s3_bucket_consumer' retrieved from /home/airflow/.local/lib/python3.12/site-packages/airflow/example_dags/example_dataset_alias.py
[2024-10-12T20:44:22.426+0000] {logging_mixin.py:190} INFO - [2024-10-12T20:44:22.426+0000] {dag.py:3239} INFO - Sync 4 DAGs
[2024-10-12T20:44:22.470+0000] {logging_mixin.py:190} INFO - [2024-10-12T20:44:22.470+0000] {dag.py:4180} INFO - Setting next_dagrun for dataset_alias_example_alias_consumer to None, run_after=None
[2024-10-12T20:44:22.475+0000] {logging_mixin.py:190} INFO - [2024-10-12T20:44:22.474+0000] {dag.py:4180} INFO - Setting next_dagrun for dataset_alias_example_alias_producer to None, run_after=None
[2024-10-12T20:44:22.477+0000] {logging_mixin.py:190} INFO - [2024-10-12T20:44:22.476+0000] {dag.py:4180} INFO - Setting next_dagrun for dataset_s3_bucket_consumer to None, run_after=None
[2024-10-12T20:44:22.479+0000] {logging_mixin.py:190} INFO - [2024-10-12T20:44:22.478+0000] {dag.py:4180} INFO - Setting next_dagrun for dataset_s3_bucket_producer to None, run_after=None
[2024-10-12T20:44:22.516+0000] {processor.py:208} INFO - Processing /home/airflow/.local/lib/python3.12/site-packages/airflow/example_dags/example_dataset_alias.py took 0.414 seconds
[2024-10-12T20:44:52.976+0000] {processor.py:186} INFO - Started process (PID=1216) to work on /home/airflow/.local/lib/python3.12/site-packages/airflow/example_dags/example_dataset_alias.py
[2024-10-12T20:44:52.978+0000] {processor.py:914} INFO - Processing file /home/airflow/.local/lib/python3.12/site-packages/airflow/example_dags/example_dataset_alias.py for tasks to queue
[2024-10-12T20:44:52.990+0000] {logging_mixin.py:190} INFO - [2024-10-12T20:44:52.981+0000] {dagbag.py:588} INFO - Filling up the DagBag from /home/airflow/.local/lib/python3.12/site-packages/airflow/example_dags/example_dataset_alias.py
[2024-10-12T20:44:53.261+0000] {processor.py:925} INFO - DAG(s) 'dataset_s3_bucket_producer', 'dataset_alias_example_alias_producer', 'dataset_alias_example_alias_consumer', 'dataset_s3_bucket_consumer' retrieved from /home/airflow/.local/lib/python3.12/site-packages/airflow/example_dags/example_dataset_alias.py
[2024-10-12T20:44:53.293+0000] {logging_mixin.py:190} INFO - [2024-10-12T20:44:53.293+0000] {dag.py:3239} INFO - Sync 4 DAGs
[2024-10-12T20:44:53.333+0000] {logging_mixin.py:190} INFO - [2024-10-12T20:44:53.333+0000] {dag.py:4180} INFO - Setting next_dagrun for dataset_alias_example_alias_consumer to None, run_after=None
[2024-10-12T20:44:53.339+0000] {logging_mixin.py:190} INFO - [2024-10-12T20:44:53.339+0000] {dag.py:4180} INFO - Setting next_dagrun for dataset_alias_example_alias_producer to None, run_after=None
[2024-10-12T20:44:53.342+0000] {logging_mixin.py:190} INFO - [2024-10-12T20:44:53.342+0000] {dag.py:4180} INFO - Setting next_dagrun for dataset_s3_bucket_consumer to None, run_after=None
[2024-10-12T20:44:53.345+0000] {logging_mixin.py:190} INFO - [2024-10-12T20:44:53.344+0000] {dag.py:4180} INFO - Setting next_dagrun for dataset_s3_bucket_producer to None, run_after=None
[2024-10-12T20:44:53.388+0000] {processor.py:208} INFO - Processing /home/airflow/.local/lib/python3.12/site-packages/airflow/example_dags/example_dataset_alias.py took 0.443 seconds
[2024-10-12T20:45:24.083+0000] {processor.py:186} INFO - Started process (PID=1278) to work on /home/airflow/.local/lib/python3.12/site-packages/airflow/example_dags/example_dataset_alias.py
[2024-10-12T20:45:24.084+0000] {processor.py:914} INFO - Processing file /home/airflow/.local/lib/python3.12/site-packages/airflow/example_dags/example_dataset_alias.py for tasks to queue
[2024-10-12T20:45:24.088+0000] {logging_mixin.py:190} INFO - [2024-10-12T20:45:24.088+0000] {dagbag.py:588} INFO - Filling up the DagBag from /home/airflow/.local/lib/python3.12/site-packages/airflow/example_dags/example_dataset_alias.py
[2024-10-12T20:45:24.331+0000] {processor.py:925} INFO - DAG(s) 'dataset_s3_bucket_consumer', 'dataset_s3_bucket_producer', 'dataset_alias_example_alias_producer', 'dataset_alias_example_alias_consumer' retrieved from /home/airflow/.local/lib/python3.12/site-packages/airflow/example_dags/example_dataset_alias.py
[2024-10-12T20:45:24.361+0000] {logging_mixin.py:190} INFO - [2024-10-12T20:45:24.361+0000] {dag.py:3239} INFO - Sync 4 DAGs
[2024-10-12T20:45:24.392+0000] {logging_mixin.py:190} INFO - [2024-10-12T20:45:24.392+0000] {dag.py:4180} INFO - Setting next_dagrun for dataset_alias_example_alias_consumer to None, run_after=None
[2024-10-12T20:45:24.398+0000] {logging_mixin.py:190} INFO - [2024-10-12T20:45:24.397+0000] {dag.py:4180} INFO - Setting next_dagrun for dataset_alias_example_alias_producer to None, run_after=None
[2024-10-12T20:45:24.400+0000] {logging_mixin.py:190} INFO - [2024-10-12T20:45:24.400+0000] {dag.py:4180} INFO - Setting next_dagrun for dataset_s3_bucket_consumer to None, run_after=None
[2024-10-12T20:45:24.402+0000] {logging_mixin.py:190} INFO - [2024-10-12T20:45:24.401+0000] {dag.py:4180} INFO - Setting next_dagrun for dataset_s3_bucket_producer to None, run_after=None
[2024-10-12T20:45:24.445+0000] {processor.py:208} INFO - Processing /home/airflow/.local/lib/python3.12/site-packages/airflow/example_dags/example_dataset_alias.py took 0.374 seconds
[2024-10-12T20:45:55.119+0000] {processor.py:186} INFO - Started process (PID=1340) to work on /home/airflow/.local/lib/python3.12/site-packages/airflow/example_dags/example_dataset_alias.py
[2024-10-12T20:45:55.121+0000] {processor.py:914} INFO - Processing file /home/airflow/.local/lib/python3.12/site-packages/airflow/example_dags/example_dataset_alias.py for tasks to queue
[2024-10-12T20:45:55.125+0000] {logging_mixin.py:190} INFO - [2024-10-12T20:45:55.125+0000] {dagbag.py:588} INFO - Filling up the DagBag from /home/airflow/.local/lib/python3.12/site-packages/airflow/example_dags/example_dataset_alias.py
[2024-10-12T20:45:55.408+0000] {processor.py:925} INFO - DAG(s) 'dataset_alias_example_alias_producer', 'dataset_alias_example_alias_consumer', 'dataset_s3_bucket_consumer', 'dataset_s3_bucket_producer' retrieved from /home/airflow/.local/lib/python3.12/site-packages/airflow/example_dags/example_dataset_alias.py
[2024-10-12T20:45:55.449+0000] {logging_mixin.py:190} INFO - [2024-10-12T20:45:55.449+0000] {dag.py:3239} INFO - Sync 4 DAGs
[2024-10-12T20:45:55.500+0000] {logging_mixin.py:190} INFO - [2024-10-12T20:45:55.500+0000] {dag.py:4180} INFO - Setting next_dagrun for dataset_alias_example_alias_consumer to None, run_after=None
[2024-10-12T20:45:55.507+0000] {logging_mixin.py:190} INFO - [2024-10-12T20:45:55.507+0000] {dag.py:4180} INFO - Setting next_dagrun for dataset_alias_example_alias_producer to None, run_after=None
[2024-10-12T20:45:55.510+0000] {logging_mixin.py:190} INFO - [2024-10-12T20:45:55.510+0000] {dag.py:4180} INFO - Setting next_dagrun for dataset_s3_bucket_consumer to None, run_after=None
[2024-10-12T20:45:55.513+0000] {logging_mixin.py:190} INFO - [2024-10-12T20:45:55.513+0000] {dag.py:4180} INFO - Setting next_dagrun for dataset_s3_bucket_producer to None, run_after=None
[2024-10-12T20:45:55.560+0000] {processor.py:208} INFO - Processing /home/airflow/.local/lib/python3.12/site-packages/airflow/example_dags/example_dataset_alias.py took 0.461 seconds
[2024-10-12T20:46:25.640+0000] {processor.py:186} INFO - Started process (PID=1401) to work on /home/airflow/.local/lib/python3.12/site-packages/airflow/example_dags/example_dataset_alias.py
[2024-10-12T20:46:25.642+0000] {processor.py:914} INFO - Processing file /home/airflow/.local/lib/python3.12/site-packages/airflow/example_dags/example_dataset_alias.py for tasks to queue
[2024-10-12T20:46:25.647+0000] {logging_mixin.py:190} INFO - [2024-10-12T20:46:25.647+0000] {dagbag.py:588} INFO - Filling up the DagBag from /home/airflow/.local/lib/python3.12/site-packages/airflow/example_dags/example_dataset_alias.py
[2024-10-12T20:46:25.861+0000] {processor.py:925} INFO - DAG(s) 'dataset_s3_bucket_consumer', 'dataset_s3_bucket_producer', 'dataset_alias_example_alias_consumer', 'dataset_alias_example_alias_producer' retrieved from /home/airflow/.local/lib/python3.12/site-packages/airflow/example_dags/example_dataset_alias.py
[2024-10-12T20:46:25.891+0000] {logging_mixin.py:190} INFO - [2024-10-12T20:46:25.891+0000] {dag.py:3239} INFO - Sync 4 DAGs
[2024-10-12T20:46:25.922+0000] {logging_mixin.py:190} INFO - [2024-10-12T20:46:25.922+0000] {dag.py:4180} INFO - Setting next_dagrun for dataset_alias_example_alias_consumer to None, run_after=None
[2024-10-12T20:46:25.926+0000] {logging_mixin.py:190} INFO - [2024-10-12T20:46:25.926+0000] {dag.py:4180} INFO - Setting next_dagrun for dataset_alias_example_alias_producer to None, run_after=None
[2024-10-12T20:46:25.928+0000] {logging_mixin.py:190} INFO - [2024-10-12T20:46:25.928+0000] {dag.py:4180} INFO - Setting next_dagrun for dataset_s3_bucket_consumer to None, run_after=None
[2024-10-12T20:46:25.931+0000] {logging_mixin.py:190} INFO - [2024-10-12T20:46:25.930+0000] {dag.py:4180} INFO - Setting next_dagrun for dataset_s3_bucket_producer to None, run_after=None
[2024-10-12T20:46:25.960+0000] {processor.py:208} INFO - Processing /home/airflow/.local/lib/python3.12/site-packages/airflow/example_dags/example_dataset_alias.py took 0.329 seconds
[2024-10-12T20:46:56.934+0000] {processor.py:186} INFO - Started process (PID=1463) to work on /home/airflow/.local/lib/python3.12/site-packages/airflow/example_dags/example_dataset_alias.py
[2024-10-12T20:46:56.936+0000] {processor.py:914} INFO - Processing file /home/airflow/.local/lib/python3.12/site-packages/airflow/example_dags/example_dataset_alias.py for tasks to queue
[2024-10-12T20:46:56.941+0000] {logging_mixin.py:190} INFO - [2024-10-12T20:46:56.941+0000] {dagbag.py:588} INFO - Filling up the DagBag from /home/airflow/.local/lib/python3.12/site-packages/airflow/example_dags/example_dataset_alias.py
[2024-10-12T20:46:57.216+0000] {processor.py:925} INFO - DAG(s) 'dataset_alias_example_alias_consumer', 'dataset_s3_bucket_consumer', 'dataset_s3_bucket_producer', 'dataset_alias_example_alias_producer' retrieved from /home/airflow/.local/lib/python3.12/site-packages/airflow/example_dags/example_dataset_alias.py
[2024-10-12T20:46:57.248+0000] {logging_mixin.py:190} INFO - [2024-10-12T20:46:57.248+0000] {dag.py:3239} INFO - Sync 4 DAGs
[2024-10-12T20:46:57.281+0000] {logging_mixin.py:190} INFO - [2024-10-12T20:46:57.281+0000] {dag.py:4180} INFO - Setting next_dagrun for dataset_alias_example_alias_consumer to None, run_after=None
[2024-10-12T20:46:57.286+0000] {logging_mixin.py:190} INFO - [2024-10-12T20:46:57.285+0000] {dag.py:4180} INFO - Setting next_dagrun for dataset_alias_example_alias_producer to None, run_after=None
[2024-10-12T20:46:57.288+0000] {logging_mixin.py:190} INFO - [2024-10-12T20:46:57.287+0000] {dag.py:4180} INFO - Setting next_dagrun for dataset_s3_bucket_consumer to None, run_after=None
[2024-10-12T20:46:57.290+0000] {logging_mixin.py:190} INFO - [2024-10-12T20:46:57.290+0000] {dag.py:4180} INFO - Setting next_dagrun for dataset_s3_bucket_producer to None, run_after=None
[2024-10-12T20:46:57.336+0000] {processor.py:208} INFO - Processing /home/airflow/.local/lib/python3.12/site-packages/airflow/example_dags/example_dataset_alias.py took 0.417 seconds
[2024-10-12T20:47:27.417+0000] {processor.py:186} INFO - Started process (PID=1525) to work on /home/airflow/.local/lib/python3.12/site-packages/airflow/example_dags/example_dataset_alias.py
[2024-10-12T20:47:27.419+0000] {processor.py:914} INFO - Processing file /home/airflow/.local/lib/python3.12/site-packages/airflow/example_dags/example_dataset_alias.py for tasks to queue
[2024-10-12T20:47:27.424+0000] {logging_mixin.py:190} INFO - [2024-10-12T20:47:27.424+0000] {dagbag.py:588} INFO - Filling up the DagBag from /home/airflow/.local/lib/python3.12/site-packages/airflow/example_dags/example_dataset_alias.py
[2024-10-12T20:47:27.661+0000] {processor.py:925} INFO - DAG(s) 'dataset_s3_bucket_consumer', 'dataset_s3_bucket_producer', 'dataset_alias_example_alias_consumer', 'dataset_alias_example_alias_producer' retrieved from /home/airflow/.local/lib/python3.12/site-packages/airflow/example_dags/example_dataset_alias.py
[2024-10-12T20:47:27.697+0000] {logging_mixin.py:190} INFO - [2024-10-12T20:47:27.696+0000] {dag.py:3239} INFO - Sync 4 DAGs
[2024-10-12T20:47:27.731+0000] {logging_mixin.py:190} INFO - [2024-10-12T20:47:27.730+0000] {dag.py:4180} INFO - Setting next_dagrun for dataset_alias_example_alias_consumer to None, run_after=None
[2024-10-12T20:47:27.735+0000] {logging_mixin.py:190} INFO - [2024-10-12T20:47:27.735+0000] {dag.py:4180} INFO - Setting next_dagrun for dataset_alias_example_alias_producer to None, run_after=None
[2024-10-12T20:47:27.738+0000] {logging_mixin.py:190} INFO - [2024-10-12T20:47:27.737+0000] {dag.py:4180} INFO - Setting next_dagrun for dataset_s3_bucket_consumer to None, run_after=None
[2024-10-12T20:47:27.740+0000] {logging_mixin.py:190} INFO - [2024-10-12T20:47:27.740+0000] {dag.py:4180} INFO - Setting next_dagrun for dataset_s3_bucket_producer to None, run_after=None
[2024-10-12T20:47:27.778+0000] {processor.py:208} INFO - Processing /home/airflow/.local/lib/python3.12/site-packages/airflow/example_dags/example_dataset_alias.py took 0.373 seconds
[2024-10-12T20:47:58.157+0000] {processor.py:186} INFO - Started process (PID=1587) to work on /home/airflow/.local/lib/python3.12/site-packages/airflow/example_dags/example_dataset_alias.py
[2024-10-12T20:47:58.160+0000] {processor.py:914} INFO - Processing file /home/airflow/.local/lib/python3.12/site-packages/airflow/example_dags/example_dataset_alias.py for tasks to queue
[2024-10-12T20:47:58.165+0000] {logging_mixin.py:190} INFO - [2024-10-12T20:47:58.164+0000] {dagbag.py:588} INFO - Filling up the DagBag from /home/airflow/.local/lib/python3.12/site-packages/airflow/example_dags/example_dataset_alias.py
[2024-10-12T20:47:58.418+0000] {processor.py:925} INFO - DAG(s) 'dataset_alias_example_alias_consumer', 'dataset_alias_example_alias_producer', 'dataset_s3_bucket_producer', 'dataset_s3_bucket_consumer' retrieved from /home/airflow/.local/lib/python3.12/site-packages/airflow/example_dags/example_dataset_alias.py
[2024-10-12T20:47:58.454+0000] {logging_mixin.py:190} INFO - [2024-10-12T20:47:58.453+0000] {dag.py:3239} INFO - Sync 4 DAGs
[2024-10-12T20:47:58.483+0000] {logging_mixin.py:190} INFO - [2024-10-12T20:47:58.482+0000] {dag.py:4180} INFO - Setting next_dagrun for dataset_alias_example_alias_consumer to None, run_after=None
[2024-10-12T20:47:58.487+0000] {logging_mixin.py:190} INFO - [2024-10-12T20:47:58.486+0000] {dag.py:4180} INFO - Setting next_dagrun for dataset_alias_example_alias_producer to None, run_after=None
[2024-10-12T20:47:58.489+0000] {logging_mixin.py:190} INFO - [2024-10-12T20:47:58.489+0000] {dag.py:4180} INFO - Setting next_dagrun for dataset_s3_bucket_consumer to None, run_after=None
[2024-10-12T20:47:58.491+0000] {logging_mixin.py:190} INFO - [2024-10-12T20:47:58.491+0000] {dag.py:4180} INFO - Setting next_dagrun for dataset_s3_bucket_producer to None, run_after=None
[2024-10-12T20:47:58.533+0000] {processor.py:208} INFO - Processing /home/airflow/.local/lib/python3.12/site-packages/airflow/example_dags/example_dataset_alias.py took 0.387 seconds
[2024-10-12T20:48:29.239+0000] {processor.py:186} INFO - Started process (PID=1650) to work on /home/airflow/.local/lib/python3.12/site-packages/airflow/example_dags/example_dataset_alias.py
[2024-10-12T20:48:29.241+0000] {processor.py:914} INFO - Processing file /home/airflow/.local/lib/python3.12/site-packages/airflow/example_dags/example_dataset_alias.py for tasks to queue
[2024-10-12T20:48:29.245+0000] {logging_mixin.py:190} INFO - [2024-10-12T20:48:29.245+0000] {dagbag.py:588} INFO - Filling up the DagBag from /home/airflow/.local/lib/python3.12/site-packages/airflow/example_dags/example_dataset_alias.py
[2024-10-12T20:48:29.490+0000] {processor.py:925} INFO - DAG(s) 'dataset_alias_example_alias_producer', 'dataset_s3_bucket_producer', 'dataset_alias_example_alias_consumer', 'dataset_s3_bucket_consumer' retrieved from /home/airflow/.local/lib/python3.12/site-packages/airflow/example_dags/example_dataset_alias.py
[2024-10-12T20:48:29.523+0000] {logging_mixin.py:190} INFO - [2024-10-12T20:48:29.522+0000] {dag.py:3239} INFO - Sync 4 DAGs
[2024-10-12T20:48:29.557+0000] {logging_mixin.py:190} INFO - [2024-10-12T20:48:29.557+0000] {dag.py:4180} INFO - Setting next_dagrun for dataset_alias_example_alias_consumer to None, run_after=None
[2024-10-12T20:48:29.566+0000] {logging_mixin.py:190} INFO - [2024-10-12T20:48:29.565+0000] {dag.py:4180} INFO - Setting next_dagrun for dataset_alias_example_alias_producer to None, run_after=None
[2024-10-12T20:48:29.569+0000] {logging_mixin.py:190} INFO - [2024-10-12T20:48:29.568+0000] {dag.py:4180} INFO - Setting next_dagrun for dataset_s3_bucket_consumer to None, run_after=None
[2024-10-12T20:48:29.571+0000] {logging_mixin.py:190} INFO - [2024-10-12T20:48:29.570+0000] {dag.py:4180} INFO - Setting next_dagrun for dataset_s3_bucket_producer to None, run_after=None
[2024-10-12T20:48:29.614+0000] {processor.py:208} INFO - Processing /home/airflow/.local/lib/python3.12/site-packages/airflow/example_dags/example_dataset_alias.py took 0.389 seconds
[2024-10-12T20:49:00.053+0000] {processor.py:186} INFO - Started process (PID=1714) to work on /home/airflow/.local/lib/python3.12/site-packages/airflow/example_dags/example_dataset_alias.py
[2024-10-12T20:49:00.055+0000] {processor.py:914} INFO - Processing file /home/airflow/.local/lib/python3.12/site-packages/airflow/example_dags/example_dataset_alias.py for tasks to queue
[2024-10-12T20:49:00.059+0000] {logging_mixin.py:190} INFO - [2024-10-12T20:49:00.059+0000] {dagbag.py:588} INFO - Filling up the DagBag from /home/airflow/.local/lib/python3.12/site-packages/airflow/example_dags/example_dataset_alias.py
[2024-10-12T20:49:00.390+0000] {processor.py:925} INFO - DAG(s) 'dataset_s3_bucket_producer', 'dataset_s3_bucket_consumer', 'dataset_alias_example_alias_consumer', 'dataset_alias_example_alias_producer' retrieved from /home/airflow/.local/lib/python3.12/site-packages/airflow/example_dags/example_dataset_alias.py
[2024-10-12T20:49:00.431+0000] {logging_mixin.py:190} INFO - [2024-10-12T20:49:00.430+0000] {dag.py:3239} INFO - Sync 4 DAGs
[2024-10-12T20:49:00.772+0000] {logging_mixin.py:190} INFO - [2024-10-12T20:49:00.772+0000] {dag.py:4180} INFO - Setting next_dagrun for dataset_alias_example_alias_consumer to None, run_after=None
[2024-10-12T20:49:00.776+0000] {logging_mixin.py:190} INFO - [2024-10-12T20:49:00.776+0000] {dag.py:4180} INFO - Setting next_dagrun for dataset_alias_example_alias_producer to None, run_after=None
[2024-10-12T20:49:00.778+0000] {logging_mixin.py:190} INFO - [2024-10-12T20:49:00.778+0000] {dag.py:4180} INFO - Setting next_dagrun for dataset_s3_bucket_consumer to None, run_after=None
[2024-10-12T20:49:00.780+0000] {logging_mixin.py:190} INFO - [2024-10-12T20:49:00.780+0000] {dag.py:4180} INFO - Setting next_dagrun for dataset_s3_bucket_producer to None, run_after=None
[2024-10-12T20:49:00.814+0000] {processor.py:208} INFO - Processing /home/airflow/.local/lib/python3.12/site-packages/airflow/example_dags/example_dataset_alias.py took 0.771 seconds
[2024-10-12T20:49:31.136+0000] {processor.py:186} INFO - Started process (PID=1779) to work on /home/airflow/.local/lib/python3.12/site-packages/airflow/example_dags/example_dataset_alias.py
[2024-10-12T20:49:31.138+0000] {processor.py:914} INFO - Processing file /home/airflow/.local/lib/python3.12/site-packages/airflow/example_dags/example_dataset_alias.py for tasks to queue
[2024-10-12T20:49:31.144+0000] {logging_mixin.py:190} INFO - [2024-10-12T20:49:31.143+0000] {dagbag.py:588} INFO - Filling up the DagBag from /home/airflow/.local/lib/python3.12/site-packages/airflow/example_dags/example_dataset_alias.py
[2024-10-12T20:49:31.395+0000] {processor.py:925} INFO - DAG(s) 'dataset_s3_bucket_producer', 'dataset_alias_example_alias_producer', 'dataset_alias_example_alias_consumer', 'dataset_s3_bucket_consumer' retrieved from /home/airflow/.local/lib/python3.12/site-packages/airflow/example_dags/example_dataset_alias.py
[2024-10-12T20:49:31.437+0000] {logging_mixin.py:190} INFO - [2024-10-12T20:49:31.437+0000] {dag.py:3239} INFO - Sync 4 DAGs
[2024-10-12T20:49:31.773+0000] {logging_mixin.py:190} INFO - [2024-10-12T20:49:31.773+0000] {dag.py:4180} INFO - Setting next_dagrun for dataset_alias_example_alias_consumer to None, run_after=None
[2024-10-12T20:49:31.777+0000] {logging_mixin.py:190} INFO - [2024-10-12T20:49:31.777+0000] {dag.py:4180} INFO - Setting next_dagrun for dataset_alias_example_alias_producer to None, run_after=None
[2024-10-12T20:49:31.779+0000] {logging_mixin.py:190} INFO - [2024-10-12T20:49:31.779+0000] {dag.py:4180} INFO - Setting next_dagrun for dataset_s3_bucket_consumer to None, run_after=None
[2024-10-12T20:49:31.782+0000] {logging_mixin.py:190} INFO - [2024-10-12T20:49:31.781+0000] {dag.py:4180} INFO - Setting next_dagrun for dataset_s3_bucket_producer to None, run_after=None
[2024-10-12T20:49:31.823+0000] {processor.py:208} INFO - Processing /home/airflow/.local/lib/python3.12/site-packages/airflow/example_dags/example_dataset_alias.py took 0.699 seconds
[2024-10-12T20:50:02.425+0000] {processor.py:186} INFO - Started process (PID=1843) to work on /home/airflow/.local/lib/python3.12/site-packages/airflow/example_dags/example_dataset_alias.py
[2024-10-12T20:50:02.427+0000] {processor.py:914} INFO - Processing file /home/airflow/.local/lib/python3.12/site-packages/airflow/example_dags/example_dataset_alias.py for tasks to queue
[2024-10-12T20:50:02.431+0000] {logging_mixin.py:190} INFO - [2024-10-12T20:50:02.430+0000] {dagbag.py:588} INFO - Filling up the DagBag from /home/airflow/.local/lib/python3.12/site-packages/airflow/example_dags/example_dataset_alias.py
[2024-10-12T20:50:02.756+0000] {processor.py:925} INFO - DAG(s) 'dataset_s3_bucket_producer', 'dataset_alias_example_alias_consumer', 'dataset_alias_example_alias_producer', 'dataset_s3_bucket_consumer' retrieved from /home/airflow/.local/lib/python3.12/site-packages/airflow/example_dags/example_dataset_alias.py
[2024-10-12T20:50:02.796+0000] {logging_mixin.py:190} INFO - [2024-10-12T20:50:02.795+0000] {dag.py:3239} INFO - Sync 4 DAGs
[2024-10-12T20:50:03.062+0000] {logging_mixin.py:190} INFO - [2024-10-12T20:50:03.061+0000] {dag.py:4180} INFO - Setting next_dagrun for dataset_alias_example_alias_consumer to None, run_after=None
[2024-10-12T20:50:03.068+0000] {logging_mixin.py:190} INFO - [2024-10-12T20:50:03.067+0000] {dag.py:4180} INFO - Setting next_dagrun for dataset_alias_example_alias_producer to None, run_after=None
[2024-10-12T20:50:03.071+0000] {logging_mixin.py:190} INFO - [2024-10-12T20:50:03.071+0000] {dag.py:4180} INFO - Setting next_dagrun for dataset_s3_bucket_consumer to None, run_after=None
[2024-10-12T20:50:03.074+0000] {logging_mixin.py:190} INFO - [2024-10-12T20:50:03.074+0000] {dag.py:4180} INFO - Setting next_dagrun for dataset_s3_bucket_producer to None, run_after=None
[2024-10-12T20:50:03.114+0000] {processor.py:208} INFO - Processing /home/airflow/.local/lib/python3.12/site-packages/airflow/example_dags/example_dataset_alias.py took 0.698 seconds
