[2024-10-12T20:35:35.743+0000] {processor.py:186} INFO - Started process (PID=99) to work on /home/airflow/.local/lib/python3.12/site-packages/airflow/example_dags/example_branch_datetime_operator.py
[2024-10-12T20:35:35.745+0000] {processor.py:914} INFO - Processing file /home/airflow/.local/lib/python3.12/site-packages/airflow/example_dags/example_branch_datetime_operator.py for tasks to queue
[2024-10-12T20:35:35.749+0000] {logging_mixin.py:190} INFO - [2024-10-12T20:35:35.748+0000] {dagbag.py:588} INFO - Filling up the DagBag from /home/airflow/.local/lib/python3.12/site-packages/airflow/example_dags/example_branch_datetime_operator.py
[2024-10-12T20:35:35.765+0000] {processor.py:925} INFO - DAG(s) 'example_branch_datetime_operator_3', 'example_branch_datetime_operator', 'example_branch_datetime_operator_2' retrieved from /home/airflow/.local/lib/python3.12/site-packages/airflow/example_dags/example_branch_datetime_operator.py
[2024-10-12T20:35:35.914+0000] {logging_mixin.py:190} INFO - [2024-10-12T20:35:35.913+0000] {override.py:1900} INFO - Created Permission View: can delete on DAG:example_branch_datetime_operator_3
[2024-10-12T20:35:35.938+0000] {logging_mixin.py:190} INFO - [2024-10-12T20:35:35.938+0000] {override.py:1900} INFO - Created Permission View: can edit on DAG:example_branch_datetime_operator_3
[2024-10-12T20:35:35.949+0000] {logging_mixin.py:190} INFO - [2024-10-12T20:35:35.949+0000] {override.py:1900} INFO - Created Permission View: can read on DAG:example_branch_datetime_operator_3
[2024-10-12T20:35:35.959+0000] {logging_mixin.py:190} INFO - [2024-10-12T20:35:35.959+0000] {override.py:1900} INFO - Created Permission View: can delete on DAG Run:example_branch_datetime_operator_3
[2024-10-12T20:35:35.969+0000] {logging_mixin.py:190} INFO - [2024-10-12T20:35:35.969+0000] {override.py:1900} INFO - Created Permission View: can create on DAG Run:example_branch_datetime_operator_3
[2024-10-12T20:35:35.979+0000] {logging_mixin.py:190} INFO - [2024-10-12T20:35:35.978+0000] {override.py:1900} INFO - Created Permission View: menu access on DAG Run:example_branch_datetime_operator_3
[2024-10-12T20:35:35.987+0000] {logging_mixin.py:190} INFO - [2024-10-12T20:35:35.987+0000] {override.py:1900} INFO - Created Permission View: can read on DAG Run:example_branch_datetime_operator_3
[2024-10-12T20:35:36.005+0000] {logging_mixin.py:190} INFO - [2024-10-12T20:35:36.004+0000] {override.py:1900} INFO - Created Permission View: can delete on DAG:example_branch_datetime_operator
[2024-10-12T20:35:36.013+0000] {logging_mixin.py:190} INFO - [2024-10-12T20:35:36.013+0000] {override.py:1900} INFO - Created Permission View: can edit on DAG:example_branch_datetime_operator
[2024-10-12T20:35:36.022+0000] {logging_mixin.py:190} INFO - [2024-10-12T20:35:36.022+0000] {override.py:1900} INFO - Created Permission View: can read on DAG:example_branch_datetime_operator
[2024-10-12T20:35:36.032+0000] {logging_mixin.py:190} INFO - [2024-10-12T20:35:36.032+0000] {override.py:1900} INFO - Created Permission View: can delete on DAG Run:example_branch_datetime_operator
[2024-10-12T20:35:36.041+0000] {logging_mixin.py:190} INFO - [2024-10-12T20:35:36.041+0000] {override.py:1900} INFO - Created Permission View: can create on DAG Run:example_branch_datetime_operator
[2024-10-12T20:35:36.053+0000] {logging_mixin.py:190} INFO - [2024-10-12T20:35:36.053+0000] {override.py:1900} INFO - Created Permission View: menu access on DAG Run:example_branch_datetime_operator
[2024-10-12T20:35:36.061+0000] {logging_mixin.py:190} INFO - [2024-10-12T20:35:36.061+0000] {override.py:1900} INFO - Created Permission View: can read on DAG Run:example_branch_datetime_operator
[2024-10-12T20:35:36.079+0000] {logging_mixin.py:190} INFO - [2024-10-12T20:35:36.079+0000] {override.py:1900} INFO - Created Permission View: can delete on DAG:example_branch_datetime_operator_2
[2024-10-12T20:35:36.090+0000] {logging_mixin.py:190} INFO - [2024-10-12T20:35:36.089+0000] {override.py:1900} INFO - Created Permission View: can edit on DAG:example_branch_datetime_operator_2
[2024-10-12T20:35:36.100+0000] {logging_mixin.py:190} INFO - [2024-10-12T20:35:36.100+0000] {override.py:1900} INFO - Created Permission View: can read on DAG:example_branch_datetime_operator_2
[2024-10-12T20:35:36.113+0000] {logging_mixin.py:190} INFO - [2024-10-12T20:35:36.113+0000] {override.py:1900} INFO - Created Permission View: can delete on DAG Run:example_branch_datetime_operator_2
[2024-10-12T20:35:36.127+0000] {logging_mixin.py:190} INFO - [2024-10-12T20:35:36.127+0000] {override.py:1900} INFO - Created Permission View: can create on DAG Run:example_branch_datetime_operator_2
[2024-10-12T20:35:36.135+0000] {logging_mixin.py:190} INFO - [2024-10-12T20:35:36.135+0000] {override.py:1900} INFO - Created Permission View: menu access on DAG Run:example_branch_datetime_operator_2
[2024-10-12T20:35:36.150+0000] {logging_mixin.py:190} INFO - [2024-10-12T20:35:36.149+0000] {override.py:1900} INFO - Created Permission View: can read on DAG Run:example_branch_datetime_operator_2
[2024-10-12T20:35:36.150+0000] {logging_mixin.py:190} INFO - [2024-10-12T20:35:36.150+0000] {dag.py:3239} INFO - Sync 3 DAGs
[2024-10-12T20:35:36.172+0000] {logging_mixin.py:190} INFO - [2024-10-12T20:35:36.171+0000] {dag.py:3262} INFO - Creating ORM DAG for example_branch_datetime_operator_3
[2024-10-12T20:35:36.180+0000] {logging_mixin.py:190} INFO - [2024-10-12T20:35:36.180+0000] {dag.py:3262} INFO - Creating ORM DAG for example_branch_datetime_operator
[2024-10-12T20:35:36.185+0000] {logging_mixin.py:190} INFO - [2024-10-12T20:35:36.185+0000] {dag.py:3262} INFO - Creating ORM DAG for example_branch_datetime_operator_2
[2024-10-12T20:35:36.227+0000] {logging_mixin.py:190} INFO - [2024-10-12T20:35:36.226+0000] {dag.py:4180} INFO - Setting next_dagrun for example_branch_datetime_operator to 2024-10-11 00:00:00+00:00, run_after=2024-10-12 00:00:00+00:00
[2024-10-12T20:35:36.230+0000] {logging_mixin.py:190} INFO - [2024-10-12T20:35:36.230+0000] {dag.py:4180} INFO - Setting next_dagrun for example_branch_datetime_operator_2 to 2024-10-11 00:00:00+00:00, run_after=2024-10-12 00:00:00+00:00
[2024-10-12T20:35:36.234+0000] {logging_mixin.py:190} INFO - [2024-10-12T20:35:36.234+0000] {dag.py:4180} INFO - Setting next_dagrun for example_branch_datetime_operator_3 to 2024-10-11 00:00:00+00:00, run_after=2024-10-12 00:00:00+00:00
[2024-10-12T20:35:36.273+0000] {processor.py:208} INFO - Processing /home/airflow/.local/lib/python3.12/site-packages/airflow/example_dags/example_branch_datetime_operator.py took 0.540 seconds
[2024-10-12T20:36:06.667+0000] {processor.py:186} INFO - Started process (PID=161) to work on /home/airflow/.local/lib/python3.12/site-packages/airflow/example_dags/example_branch_datetime_operator.py
[2024-10-12T20:36:06.669+0000] {processor.py:914} INFO - Processing file /home/airflow/.local/lib/python3.12/site-packages/airflow/example_dags/example_branch_datetime_operator.py for tasks to queue
[2024-10-12T20:36:06.672+0000] {logging_mixin.py:190} INFO - [2024-10-12T20:36:06.671+0000] {dagbag.py:588} INFO - Filling up the DagBag from /home/airflow/.local/lib/python3.12/site-packages/airflow/example_dags/example_branch_datetime_operator.py
[2024-10-12T20:36:06.697+0000] {processor.py:925} INFO - DAG(s) 'example_branch_datetime_operator_2', 'example_branch_datetime_operator_3', 'example_branch_datetime_operator' retrieved from /home/airflow/.local/lib/python3.12/site-packages/airflow/example_dags/example_branch_datetime_operator.py
[2024-10-12T20:36:06.762+0000] {logging_mixin.py:190} INFO - [2024-10-12T20:36:06.761+0000] {dag.py:3239} INFO - Sync 3 DAGs
[2024-10-12T20:36:06.792+0000] {logging_mixin.py:190} INFO - [2024-10-12T20:36:06.792+0000] {dag.py:4180} INFO - Setting next_dagrun for example_branch_datetime_operator to 2024-10-11 00:00:00+00:00, run_after=2024-10-12 00:00:00+00:00
[2024-10-12T20:36:06.798+0000] {logging_mixin.py:190} INFO - [2024-10-12T20:36:06.798+0000] {dag.py:4180} INFO - Setting next_dagrun for example_branch_datetime_operator_2 to 2024-10-11 00:00:00+00:00, run_after=2024-10-12 00:00:00+00:00
[2024-10-12T20:36:06.801+0000] {logging_mixin.py:190} INFO - [2024-10-12T20:36:06.801+0000] {dag.py:4180} INFO - Setting next_dagrun for example_branch_datetime_operator_3 to 2024-10-11 00:00:00+00:00, run_after=2024-10-12 00:00:00+00:00
[2024-10-12T20:36:06.823+0000] {processor.py:208} INFO - Processing /home/airflow/.local/lib/python3.12/site-packages/airflow/example_dags/example_branch_datetime_operator.py took 0.163 seconds
[2024-10-12T20:36:38.108+0000] {processor.py:186} INFO - Started process (PID=223) to work on /home/airflow/.local/lib/python3.12/site-packages/airflow/example_dags/example_branch_datetime_operator.py
[2024-10-12T20:36:38.109+0000] {processor.py:914} INFO - Processing file /home/airflow/.local/lib/python3.12/site-packages/airflow/example_dags/example_branch_datetime_operator.py for tasks to queue
[2024-10-12T20:36:38.113+0000] {logging_mixin.py:190} INFO - [2024-10-12T20:36:38.113+0000] {dagbag.py:588} INFO - Filling up the DagBag from /home/airflow/.local/lib/python3.12/site-packages/airflow/example_dags/example_branch_datetime_operator.py
[2024-10-12T20:36:38.131+0000] {processor.py:925} INFO - DAG(s) 'example_branch_datetime_operator', 'example_branch_datetime_operator_2', 'example_branch_datetime_operator_3' retrieved from /home/airflow/.local/lib/python3.12/site-packages/airflow/example_dags/example_branch_datetime_operator.py
[2024-10-12T20:36:38.179+0000] {logging_mixin.py:190} INFO - [2024-10-12T20:36:38.179+0000] {dag.py:3239} INFO - Sync 3 DAGs
[2024-10-12T20:36:38.219+0000] {logging_mixin.py:190} INFO - [2024-10-12T20:36:38.218+0000] {dag.py:4180} INFO - Setting next_dagrun for example_branch_datetime_operator to 2024-10-11 00:00:00+00:00, run_after=2024-10-12 00:00:00+00:00
[2024-10-12T20:36:38.225+0000] {logging_mixin.py:190} INFO - [2024-10-12T20:36:38.225+0000] {dag.py:4180} INFO - Setting next_dagrun for example_branch_datetime_operator_2 to 2024-10-11 00:00:00+00:00, run_after=2024-10-12 00:00:00+00:00
[2024-10-12T20:36:38.230+0000] {logging_mixin.py:190} INFO - [2024-10-12T20:36:38.229+0000] {dag.py:4180} INFO - Setting next_dagrun for example_branch_datetime_operator_3 to 2024-10-11 00:00:00+00:00, run_after=2024-10-12 00:00:00+00:00
[2024-10-12T20:36:38.264+0000] {processor.py:208} INFO - Processing /home/airflow/.local/lib/python3.12/site-packages/airflow/example_dags/example_branch_datetime_operator.py took 0.168 seconds
[2024-10-12T20:37:08.575+0000] {processor.py:186} INFO - Started process (PID=285) to work on /home/airflow/.local/lib/python3.12/site-packages/airflow/example_dags/example_branch_datetime_operator.py
[2024-10-12T20:37:08.578+0000] {processor.py:914} INFO - Processing file /home/airflow/.local/lib/python3.12/site-packages/airflow/example_dags/example_branch_datetime_operator.py for tasks to queue
[2024-10-12T20:37:08.583+0000] {logging_mixin.py:190} INFO - [2024-10-12T20:37:08.582+0000] {dagbag.py:588} INFO - Filling up the DagBag from /home/airflow/.local/lib/python3.12/site-packages/airflow/example_dags/example_branch_datetime_operator.py
[2024-10-12T20:37:08.605+0000] {processor.py:925} INFO - DAG(s) 'example_branch_datetime_operator', 'example_branch_datetime_operator_2', 'example_branch_datetime_operator_3' retrieved from /home/airflow/.local/lib/python3.12/site-packages/airflow/example_dags/example_branch_datetime_operator.py
[2024-10-12T20:37:08.658+0000] {logging_mixin.py:190} INFO - [2024-10-12T20:37:08.658+0000] {dag.py:3239} INFO - Sync 3 DAGs
[2024-10-12T20:37:08.694+0000] {logging_mixin.py:190} INFO - [2024-10-12T20:37:08.693+0000] {dag.py:4180} INFO - Setting next_dagrun for example_branch_datetime_operator to 2024-10-11 00:00:00+00:00, run_after=2024-10-12 00:00:00+00:00
[2024-10-12T20:37:08.701+0000] {logging_mixin.py:190} INFO - [2024-10-12T20:37:08.701+0000] {dag.py:4180} INFO - Setting next_dagrun for example_branch_datetime_operator_2 to 2024-10-11 00:00:00+00:00, run_after=2024-10-12 00:00:00+00:00
[2024-10-12T20:37:08.704+0000] {logging_mixin.py:190} INFO - [2024-10-12T20:37:08.704+0000] {dag.py:4180} INFO - Setting next_dagrun for example_branch_datetime_operator_3 to 2024-10-11 00:00:00+00:00, run_after=2024-10-12 00:00:00+00:00
[2024-10-12T20:37:08.730+0000] {processor.py:208} INFO - Processing /home/airflow/.local/lib/python3.12/site-packages/airflow/example_dags/example_branch_datetime_operator.py took 0.176 seconds
[2024-10-12T20:37:39.483+0000] {processor.py:186} INFO - Started process (PID=347) to work on /home/airflow/.local/lib/python3.12/site-packages/airflow/example_dags/example_branch_datetime_operator.py
[2024-10-12T20:37:39.485+0000] {processor.py:914} INFO - Processing file /home/airflow/.local/lib/python3.12/site-packages/airflow/example_dags/example_branch_datetime_operator.py for tasks to queue
[2024-10-12T20:37:39.490+0000] {logging_mixin.py:190} INFO - [2024-10-12T20:37:39.489+0000] {dagbag.py:588} INFO - Filling up the DagBag from /home/airflow/.local/lib/python3.12/site-packages/airflow/example_dags/example_branch_datetime_operator.py
[2024-10-12T20:37:39.524+0000] {processor.py:925} INFO - DAG(s) 'example_branch_datetime_operator', 'example_branch_datetime_operator_2', 'example_branch_datetime_operator_3' retrieved from /home/airflow/.local/lib/python3.12/site-packages/airflow/example_dags/example_branch_datetime_operator.py
[2024-10-12T20:37:39.592+0000] {logging_mixin.py:190} INFO - [2024-10-12T20:37:39.592+0000] {dag.py:3239} INFO - Sync 3 DAGs
[2024-10-12T20:37:39.655+0000] {logging_mixin.py:190} INFO - [2024-10-12T20:37:39.655+0000] {dag.py:4180} INFO - Setting next_dagrun for example_branch_datetime_operator to 2024-10-11 00:00:00+00:00, run_after=2024-10-12 00:00:00+00:00
[2024-10-12T20:37:39.665+0000] {logging_mixin.py:190} INFO - [2024-10-12T20:37:39.665+0000] {dag.py:4180} INFO - Setting next_dagrun for example_branch_datetime_operator_2 to 2024-10-11 00:00:00+00:00, run_after=2024-10-12 00:00:00+00:00
[2024-10-12T20:37:39.673+0000] {logging_mixin.py:190} INFO - [2024-10-12T20:37:39.672+0000] {dag.py:4180} INFO - Setting next_dagrun for example_branch_datetime_operator_3 to 2024-10-11 00:00:00+00:00, run_after=2024-10-12 00:00:00+00:00
[2024-10-12T20:37:39.718+0000] {processor.py:208} INFO - Processing /home/airflow/.local/lib/python3.12/site-packages/airflow/example_dags/example_branch_datetime_operator.py took 0.247 seconds
[2024-10-12T20:38:10.531+0000] {processor.py:186} INFO - Started process (PID=409) to work on /home/airflow/.local/lib/python3.12/site-packages/airflow/example_dags/example_branch_datetime_operator.py
[2024-10-12T20:38:10.586+0000] {processor.py:914} INFO - Processing file /home/airflow/.local/lib/python3.12/site-packages/airflow/example_dags/example_branch_datetime_operator.py for tasks to queue
[2024-10-12T20:38:10.609+0000] {logging_mixin.py:190} INFO - [2024-10-12T20:38:10.608+0000] {dagbag.py:588} INFO - Filling up the DagBag from /home/airflow/.local/lib/python3.12/site-packages/airflow/example_dags/example_branch_datetime_operator.py
[2024-10-12T20:38:10.643+0000] {processor.py:925} INFO - DAG(s) 'example_branch_datetime_operator', 'example_branch_datetime_operator_2', 'example_branch_datetime_operator_3' retrieved from /home/airflow/.local/lib/python3.12/site-packages/airflow/example_dags/example_branch_datetime_operator.py
[2024-10-12T20:38:10.733+0000] {logging_mixin.py:190} INFO - [2024-10-12T20:38:10.733+0000] {dag.py:3239} INFO - Sync 3 DAGs
[2024-10-12T20:38:10.810+0000] {logging_mixin.py:190} INFO - [2024-10-12T20:38:10.810+0000] {dag.py:4180} INFO - Setting next_dagrun for example_branch_datetime_operator to 2024-10-11 00:00:00+00:00, run_after=2024-10-12 00:00:00+00:00
[2024-10-12T20:38:10.823+0000] {logging_mixin.py:190} INFO - [2024-10-12T20:38:10.823+0000] {dag.py:4180} INFO - Setting next_dagrun for example_branch_datetime_operator_2 to 2024-10-11 00:00:00+00:00, run_after=2024-10-12 00:00:00+00:00
[2024-10-12T20:38:10.836+0000] {logging_mixin.py:190} INFO - [2024-10-12T20:38:10.835+0000] {dag.py:4180} INFO - Setting next_dagrun for example_branch_datetime_operator_3 to 2024-10-11 00:00:00+00:00, run_after=2024-10-12 00:00:00+00:00
[2024-10-12T20:38:10.871+0000] {processor.py:208} INFO - Processing /home/airflow/.local/lib/python3.12/site-packages/airflow/example_dags/example_branch_datetime_operator.py took 0.356 seconds
[2024-10-12T20:38:41.197+0000] {processor.py:186} INFO - Started process (PID=471) to work on /home/airflow/.local/lib/python3.12/site-packages/airflow/example_dags/example_branch_datetime_operator.py
[2024-10-12T20:38:41.200+0000] {processor.py:914} INFO - Processing file /home/airflow/.local/lib/python3.12/site-packages/airflow/example_dags/example_branch_datetime_operator.py for tasks to queue
[2024-10-12T20:38:41.205+0000] {logging_mixin.py:190} INFO - [2024-10-12T20:38:41.204+0000] {dagbag.py:588} INFO - Filling up the DagBag from /home/airflow/.local/lib/python3.12/site-packages/airflow/example_dags/example_branch_datetime_operator.py
[2024-10-12T20:38:41.222+0000] {processor.py:925} INFO - DAG(s) 'example_branch_datetime_operator_2', 'example_branch_datetime_operator', 'example_branch_datetime_operator_3' retrieved from /home/airflow/.local/lib/python3.12/site-packages/airflow/example_dags/example_branch_datetime_operator.py
[2024-10-12T20:38:41.271+0000] {logging_mixin.py:190} INFO - [2024-10-12T20:38:41.270+0000] {dag.py:3239} INFO - Sync 3 DAGs
[2024-10-12T20:38:41.313+0000] {logging_mixin.py:190} INFO - [2024-10-12T20:38:41.313+0000] {dag.py:4180} INFO - Setting next_dagrun for example_branch_datetime_operator to 2024-10-11 00:00:00+00:00, run_after=2024-10-12 00:00:00+00:00
[2024-10-12T20:38:41.322+0000] {logging_mixin.py:190} INFO - [2024-10-12T20:38:41.322+0000] {dag.py:4180} INFO - Setting next_dagrun for example_branch_datetime_operator_2 to 2024-10-11 00:00:00+00:00, run_after=2024-10-12 00:00:00+00:00
[2024-10-12T20:38:41.326+0000] {logging_mixin.py:190} INFO - [2024-10-12T20:38:41.325+0000] {dag.py:4180} INFO - Setting next_dagrun for example_branch_datetime_operator_3 to 2024-10-11 00:00:00+00:00, run_after=2024-10-12 00:00:00+00:00
[2024-10-12T20:38:41.356+0000] {processor.py:208} INFO - Processing /home/airflow/.local/lib/python3.12/site-packages/airflow/example_dags/example_branch_datetime_operator.py took 0.177 seconds
[2024-10-12T20:39:11.710+0000] {processor.py:186} INFO - Started process (PID=533) to work on /home/airflow/.local/lib/python3.12/site-packages/airflow/example_dags/example_branch_datetime_operator.py
[2024-10-12T20:39:11.712+0000] {processor.py:914} INFO - Processing file /home/airflow/.local/lib/python3.12/site-packages/airflow/example_dags/example_branch_datetime_operator.py for tasks to queue
[2024-10-12T20:39:11.717+0000] {logging_mixin.py:190} INFO - [2024-10-12T20:39:11.716+0000] {dagbag.py:588} INFO - Filling up the DagBag from /home/airflow/.local/lib/python3.12/site-packages/airflow/example_dags/example_branch_datetime_operator.py
[2024-10-12T20:39:11.741+0000] {processor.py:925} INFO - DAG(s) 'example_branch_datetime_operator_2', 'example_branch_datetime_operator_3', 'example_branch_datetime_operator' retrieved from /home/airflow/.local/lib/python3.12/site-packages/airflow/example_dags/example_branch_datetime_operator.py
[2024-10-12T20:39:11.783+0000] {logging_mixin.py:190} INFO - [2024-10-12T20:39:11.783+0000] {dag.py:3239} INFO - Sync 3 DAGs
[2024-10-12T20:39:11.819+0000] {logging_mixin.py:190} INFO - [2024-10-12T20:39:11.818+0000] {dag.py:4180} INFO - Setting next_dagrun for example_branch_datetime_operator to 2024-10-11 00:00:00+00:00, run_after=2024-10-12 00:00:00+00:00
[2024-10-12T20:39:11.826+0000] {logging_mixin.py:190} INFO - [2024-10-12T20:39:11.826+0000] {dag.py:4180} INFO - Setting next_dagrun for example_branch_datetime_operator_2 to 2024-10-11 00:00:00+00:00, run_after=2024-10-12 00:00:00+00:00
[2024-10-12T20:39:11.829+0000] {logging_mixin.py:190} INFO - [2024-10-12T20:39:11.829+0000] {dag.py:4180} INFO - Setting next_dagrun for example_branch_datetime_operator_3 to 2024-10-11 00:00:00+00:00, run_after=2024-10-12 00:00:00+00:00
[2024-10-12T20:39:11.858+0000] {processor.py:208} INFO - Processing /home/airflow/.local/lib/python3.12/site-packages/airflow/example_dags/example_branch_datetime_operator.py took 0.163 seconds
[2024-10-12T20:39:42.249+0000] {processor.py:186} INFO - Started process (PID=595) to work on /home/airflow/.local/lib/python3.12/site-packages/airflow/example_dags/example_branch_datetime_operator.py
[2024-10-12T20:39:42.252+0000] {processor.py:914} INFO - Processing file /home/airflow/.local/lib/python3.12/site-packages/airflow/example_dags/example_branch_datetime_operator.py for tasks to queue
[2024-10-12T20:39:42.256+0000] {logging_mixin.py:190} INFO - [2024-10-12T20:39:42.256+0000] {dagbag.py:588} INFO - Filling up the DagBag from /home/airflow/.local/lib/python3.12/site-packages/airflow/example_dags/example_branch_datetime_operator.py
[2024-10-12T20:39:42.271+0000] {processor.py:925} INFO - DAG(s) 'example_branch_datetime_operator_3', 'example_branch_datetime_operator', 'example_branch_datetime_operator_2' retrieved from /home/airflow/.local/lib/python3.12/site-packages/airflow/example_dags/example_branch_datetime_operator.py
[2024-10-12T20:39:42.314+0000] {logging_mixin.py:190} INFO - [2024-10-12T20:39:42.313+0000] {dag.py:3239} INFO - Sync 3 DAGs
[2024-10-12T20:39:42.348+0000] {logging_mixin.py:190} INFO - [2024-10-12T20:39:42.348+0000] {dag.py:4180} INFO - Setting next_dagrun for example_branch_datetime_operator to 2024-10-11 00:00:00+00:00, run_after=2024-10-12 00:00:00+00:00
[2024-10-12T20:39:42.354+0000] {logging_mixin.py:190} INFO - [2024-10-12T20:39:42.354+0000] {dag.py:4180} INFO - Setting next_dagrun for example_branch_datetime_operator_2 to 2024-10-11 00:00:00+00:00, run_after=2024-10-12 00:00:00+00:00
[2024-10-12T20:39:42.358+0000] {logging_mixin.py:190} INFO - [2024-10-12T20:39:42.358+0000] {dag.py:4180} INFO - Setting next_dagrun for example_branch_datetime_operator_3 to 2024-10-11 00:00:00+00:00, run_after=2024-10-12 00:00:00+00:00
[2024-10-12T20:39:42.381+0000] {processor.py:208} INFO - Processing /home/airflow/.local/lib/python3.12/site-packages/airflow/example_dags/example_branch_datetime_operator.py took 0.141 seconds
[2024-10-12T20:40:12.581+0000] {processor.py:186} INFO - Started process (PID=656) to work on /home/airflow/.local/lib/python3.12/site-packages/airflow/example_dags/example_branch_datetime_operator.py
[2024-10-12T20:40:12.596+0000] {processor.py:914} INFO - Processing file /home/airflow/.local/lib/python3.12/site-packages/airflow/example_dags/example_branch_datetime_operator.py for tasks to queue
[2024-10-12T20:40:12.602+0000] {logging_mixin.py:190} INFO - [2024-10-12T20:40:12.601+0000] {dagbag.py:588} INFO - Filling up the DagBag from /home/airflow/.local/lib/python3.12/site-packages/airflow/example_dags/example_branch_datetime_operator.py
[2024-10-12T20:40:12.636+0000] {processor.py:925} INFO - DAG(s) 'example_branch_datetime_operator', 'example_branch_datetime_operator_3', 'example_branch_datetime_operator_2' retrieved from /home/airflow/.local/lib/python3.12/site-packages/airflow/example_dags/example_branch_datetime_operator.py
[2024-10-12T20:40:12.685+0000] {logging_mixin.py:190} INFO - [2024-10-12T20:40:12.684+0000] {dag.py:3239} INFO - Sync 3 DAGs
[2024-10-12T20:40:12.774+0000] {logging_mixin.py:190} INFO - [2024-10-12T20:40:12.774+0000] {dag.py:4180} INFO - Setting next_dagrun for example_branch_datetime_operator to 2024-10-11 00:00:00+00:00, run_after=2024-10-12 00:00:00+00:00
[2024-10-12T20:40:12.785+0000] {logging_mixin.py:190} INFO - [2024-10-12T20:40:12.784+0000] {dag.py:4180} INFO - Setting next_dagrun for example_branch_datetime_operator_2 to 2024-10-11 00:00:00+00:00, run_after=2024-10-12 00:00:00+00:00
[2024-10-12T20:40:12.793+0000] {logging_mixin.py:190} INFO - [2024-10-12T20:40:12.793+0000] {dag.py:4180} INFO - Setting next_dagrun for example_branch_datetime_operator_3 to 2024-10-11 00:00:00+00:00, run_after=2024-10-12 00:00:00+00:00
[2024-10-12T20:40:12.847+0000] {processor.py:208} INFO - Processing /home/airflow/.local/lib/python3.12/site-packages/airflow/example_dags/example_branch_datetime_operator.py took 0.288 seconds
[2024-10-12T20:40:43.467+0000] {processor.py:186} INFO - Started process (PID=718) to work on /home/airflow/.local/lib/python3.12/site-packages/airflow/example_dags/example_branch_datetime_operator.py
[2024-10-12T20:40:43.470+0000] {processor.py:914} INFO - Processing file /home/airflow/.local/lib/python3.12/site-packages/airflow/example_dags/example_branch_datetime_operator.py for tasks to queue
[2024-10-12T20:40:43.473+0000] {logging_mixin.py:190} INFO - [2024-10-12T20:40:43.473+0000] {dagbag.py:588} INFO - Filling up the DagBag from /home/airflow/.local/lib/python3.12/site-packages/airflow/example_dags/example_branch_datetime_operator.py
[2024-10-12T20:40:43.496+0000] {processor.py:925} INFO - DAG(s) 'example_branch_datetime_operator', 'example_branch_datetime_operator_2', 'example_branch_datetime_operator_3' retrieved from /home/airflow/.local/lib/python3.12/site-packages/airflow/example_dags/example_branch_datetime_operator.py
[2024-10-12T20:40:43.543+0000] {logging_mixin.py:190} INFO - [2024-10-12T20:40:43.542+0000] {dag.py:3239} INFO - Sync 3 DAGs
[2024-10-12T20:40:43.586+0000] {logging_mixin.py:190} INFO - [2024-10-12T20:40:43.586+0000] {dag.py:4180} INFO - Setting next_dagrun for example_branch_datetime_operator to 2024-10-11 00:00:00+00:00, run_after=2024-10-12 00:00:00+00:00
[2024-10-12T20:40:43.596+0000] {logging_mixin.py:190} INFO - [2024-10-12T20:40:43.596+0000] {dag.py:4180} INFO - Setting next_dagrun for example_branch_datetime_operator_2 to 2024-10-11 00:00:00+00:00, run_after=2024-10-12 00:00:00+00:00
[2024-10-12T20:40:43.601+0000] {logging_mixin.py:190} INFO - [2024-10-12T20:40:43.601+0000] {dag.py:4180} INFO - Setting next_dagrun for example_branch_datetime_operator_3 to 2024-10-11 00:00:00+00:00, run_after=2024-10-12 00:00:00+00:00
[2024-10-12T20:40:43.631+0000] {processor.py:208} INFO - Processing /home/airflow/.local/lib/python3.12/site-packages/airflow/example_dags/example_branch_datetime_operator.py took 0.177 seconds
[2024-10-12T20:41:13.992+0000] {processor.py:186} INFO - Started process (PID=780) to work on /home/airflow/.local/lib/python3.12/site-packages/airflow/example_dags/example_branch_datetime_operator.py
[2024-10-12T20:41:13.994+0000] {processor.py:914} INFO - Processing file /home/airflow/.local/lib/python3.12/site-packages/airflow/example_dags/example_branch_datetime_operator.py for tasks to queue
[2024-10-12T20:41:13.998+0000] {logging_mixin.py:190} INFO - [2024-10-12T20:41:13.998+0000] {dagbag.py:588} INFO - Filling up the DagBag from /home/airflow/.local/lib/python3.12/site-packages/airflow/example_dags/example_branch_datetime_operator.py
[2024-10-12T20:41:14.016+0000] {processor.py:925} INFO - DAG(s) 'example_branch_datetime_operator', 'example_branch_datetime_operator_2', 'example_branch_datetime_operator_3' retrieved from /home/airflow/.local/lib/python3.12/site-packages/airflow/example_dags/example_branch_datetime_operator.py
[2024-10-12T20:41:14.059+0000] {logging_mixin.py:190} INFO - [2024-10-12T20:41:14.058+0000] {dag.py:3239} INFO - Sync 3 DAGs
[2024-10-12T20:41:14.103+0000] {logging_mixin.py:190} INFO - [2024-10-12T20:41:14.103+0000] {dag.py:4180} INFO - Setting next_dagrun for example_branch_datetime_operator to 2024-10-11 00:00:00+00:00, run_after=2024-10-12 00:00:00+00:00
[2024-10-12T20:41:14.110+0000] {logging_mixin.py:190} INFO - [2024-10-12T20:41:14.110+0000] {dag.py:4180} INFO - Setting next_dagrun for example_branch_datetime_operator_2 to 2024-10-11 00:00:00+00:00, run_after=2024-10-12 00:00:00+00:00
[2024-10-12T20:41:14.114+0000] {logging_mixin.py:190} INFO - [2024-10-12T20:41:14.114+0000] {dag.py:4180} INFO - Setting next_dagrun for example_branch_datetime_operator_3 to 2024-10-11 00:00:00+00:00, run_after=2024-10-12 00:00:00+00:00
[2024-10-12T20:41:14.140+0000] {processor.py:208} INFO - Processing /home/airflow/.local/lib/python3.12/site-packages/airflow/example_dags/example_branch_datetime_operator.py took 0.161 seconds
[2024-10-12T20:41:44.755+0000] {processor.py:186} INFO - Started process (PID=842) to work on /home/airflow/.local/lib/python3.12/site-packages/airflow/example_dags/example_branch_datetime_operator.py
[2024-10-12T20:41:44.758+0000] {processor.py:914} INFO - Processing file /home/airflow/.local/lib/python3.12/site-packages/airflow/example_dags/example_branch_datetime_operator.py for tasks to queue
[2024-10-12T20:41:44.762+0000] {logging_mixin.py:190} INFO - [2024-10-12T20:41:44.762+0000] {dagbag.py:588} INFO - Filling up the DagBag from /home/airflow/.local/lib/python3.12/site-packages/airflow/example_dags/example_branch_datetime_operator.py
[2024-10-12T20:41:44.784+0000] {processor.py:925} INFO - DAG(s) 'example_branch_datetime_operator_3', 'example_branch_datetime_operator_2', 'example_branch_datetime_operator' retrieved from /home/airflow/.local/lib/python3.12/site-packages/airflow/example_dags/example_branch_datetime_operator.py
[2024-10-12T20:41:44.833+0000] {logging_mixin.py:190} INFO - [2024-10-12T20:41:44.833+0000] {dag.py:3239} INFO - Sync 3 DAGs
[2024-10-12T20:41:44.876+0000] {logging_mixin.py:190} INFO - [2024-10-12T20:41:44.876+0000] {dag.py:4180} INFO - Setting next_dagrun for example_branch_datetime_operator to 2024-10-11 00:00:00+00:00, run_after=2024-10-12 00:00:00+00:00
[2024-10-12T20:41:44.887+0000] {logging_mixin.py:190} INFO - [2024-10-12T20:41:44.886+0000] {dag.py:4180} INFO - Setting next_dagrun for example_branch_datetime_operator_2 to 2024-10-11 00:00:00+00:00, run_after=2024-10-12 00:00:00+00:00
[2024-10-12T20:41:44.892+0000] {logging_mixin.py:190} INFO - [2024-10-12T20:41:44.892+0000] {dag.py:4180} INFO - Setting next_dagrun for example_branch_datetime_operator_3 to 2024-10-11 00:00:00+00:00, run_after=2024-10-12 00:00:00+00:00
[2024-10-12T20:41:44.927+0000] {processor.py:208} INFO - Processing /home/airflow/.local/lib/python3.12/site-packages/airflow/example_dags/example_branch_datetime_operator.py took 0.181 seconds
[2024-10-12T20:42:15.038+0000] {processor.py:186} INFO - Started process (PID=904) to work on /home/airflow/.local/lib/python3.12/site-packages/airflow/example_dags/example_branch_datetime_operator.py
[2024-10-12T20:42:15.041+0000] {processor.py:914} INFO - Processing file /home/airflow/.local/lib/python3.12/site-packages/airflow/example_dags/example_branch_datetime_operator.py for tasks to queue
[2024-10-12T20:42:15.046+0000] {logging_mixin.py:190} INFO - [2024-10-12T20:42:15.045+0000] {dagbag.py:588} INFO - Filling up the DagBag from /home/airflow/.local/lib/python3.12/site-packages/airflow/example_dags/example_branch_datetime_operator.py
[2024-10-12T20:42:15.070+0000] {processor.py:925} INFO - DAG(s) 'example_branch_datetime_operator', 'example_branch_datetime_operator_2', 'example_branch_datetime_operator_3' retrieved from /home/airflow/.local/lib/python3.12/site-packages/airflow/example_dags/example_branch_datetime_operator.py
[2024-10-12T20:42:15.116+0000] {logging_mixin.py:190} INFO - [2024-10-12T20:42:15.115+0000] {dag.py:3239} INFO - Sync 3 DAGs
[2024-10-12T20:42:15.155+0000] {logging_mixin.py:190} INFO - [2024-10-12T20:42:15.155+0000] {dag.py:4180} INFO - Setting next_dagrun for example_branch_datetime_operator to 2024-10-11 00:00:00+00:00, run_after=2024-10-12 00:00:00+00:00
[2024-10-12T20:42:15.164+0000] {logging_mixin.py:190} INFO - [2024-10-12T20:42:15.163+0000] {dag.py:4180} INFO - Setting next_dagrun for example_branch_datetime_operator_2 to 2024-10-11 00:00:00+00:00, run_after=2024-10-12 00:00:00+00:00
[2024-10-12T20:42:15.168+0000] {logging_mixin.py:190} INFO - [2024-10-12T20:42:15.168+0000] {dag.py:4180} INFO - Setting next_dagrun for example_branch_datetime_operator_3 to 2024-10-11 00:00:00+00:00, run_after=2024-10-12 00:00:00+00:00
[2024-10-12T20:42:15.197+0000] {processor.py:208} INFO - Processing /home/airflow/.local/lib/python3.12/site-packages/airflow/example_dags/example_branch_datetime_operator.py took 0.171 seconds
[2024-10-12T20:42:45.379+0000] {processor.py:186} INFO - Started process (PID=966) to work on /home/airflow/.local/lib/python3.12/site-packages/airflow/example_dags/example_branch_datetime_operator.py
[2024-10-12T20:42:45.381+0000] {processor.py:914} INFO - Processing file /home/airflow/.local/lib/python3.12/site-packages/airflow/example_dags/example_branch_datetime_operator.py for tasks to queue
[2024-10-12T20:42:45.385+0000] {logging_mixin.py:190} INFO - [2024-10-12T20:42:45.385+0000] {dagbag.py:588} INFO - Filling up the DagBag from /home/airflow/.local/lib/python3.12/site-packages/airflow/example_dags/example_branch_datetime_operator.py
[2024-10-12T20:42:45.404+0000] {processor.py:925} INFO - DAG(s) 'example_branch_datetime_operator_3', 'example_branch_datetime_operator', 'example_branch_datetime_operator_2' retrieved from /home/airflow/.local/lib/python3.12/site-packages/airflow/example_dags/example_branch_datetime_operator.py
[2024-10-12T20:42:45.447+0000] {logging_mixin.py:190} INFO - [2024-10-12T20:42:45.447+0000] {dag.py:3239} INFO - Sync 3 DAGs
[2024-10-12T20:42:45.483+0000] {logging_mixin.py:190} INFO - [2024-10-12T20:42:45.482+0000] {dag.py:4180} INFO - Setting next_dagrun for example_branch_datetime_operator to 2024-10-11 00:00:00+00:00, run_after=2024-10-12 00:00:00+00:00
[2024-10-12T20:42:45.492+0000] {logging_mixin.py:190} INFO - [2024-10-12T20:42:45.492+0000] {dag.py:4180} INFO - Setting next_dagrun for example_branch_datetime_operator_2 to 2024-10-11 00:00:00+00:00, run_after=2024-10-12 00:00:00+00:00
[2024-10-12T20:42:45.496+0000] {logging_mixin.py:190} INFO - [2024-10-12T20:42:45.496+0000] {dag.py:4180} INFO - Setting next_dagrun for example_branch_datetime_operator_3 to 2024-10-11 00:00:00+00:00, run_after=2024-10-12 00:00:00+00:00
[2024-10-12T20:42:45.525+0000] {processor.py:208} INFO - Processing /home/airflow/.local/lib/python3.12/site-packages/airflow/example_dags/example_branch_datetime_operator.py took 0.157 seconds
[2024-10-12T20:43:15.676+0000] {processor.py:186} INFO - Started process (PID=1028) to work on /home/airflow/.local/lib/python3.12/site-packages/airflow/example_dags/example_branch_datetime_operator.py
[2024-10-12T20:43:15.678+0000] {processor.py:914} INFO - Processing file /home/airflow/.local/lib/python3.12/site-packages/airflow/example_dags/example_branch_datetime_operator.py for tasks to queue
[2024-10-12T20:43:15.683+0000] {logging_mixin.py:190} INFO - [2024-10-12T20:43:15.682+0000] {dagbag.py:588} INFO - Filling up the DagBag from /home/airflow/.local/lib/python3.12/site-packages/airflow/example_dags/example_branch_datetime_operator.py
[2024-10-12T20:43:15.700+0000] {processor.py:925} INFO - DAG(s) 'example_branch_datetime_operator_3', 'example_branch_datetime_operator_2', 'example_branch_datetime_operator' retrieved from /home/airflow/.local/lib/python3.12/site-packages/airflow/example_dags/example_branch_datetime_operator.py
[2024-10-12T20:43:15.746+0000] {logging_mixin.py:190} INFO - [2024-10-12T20:43:15.746+0000] {dag.py:3239} INFO - Sync 3 DAGs
[2024-10-12T20:43:15.787+0000] {logging_mixin.py:190} INFO - [2024-10-12T20:43:15.787+0000] {dag.py:4180} INFO - Setting next_dagrun for example_branch_datetime_operator to 2024-10-11 00:00:00+00:00, run_after=2024-10-12 00:00:00+00:00
[2024-10-12T20:43:15.795+0000] {logging_mixin.py:190} INFO - [2024-10-12T20:43:15.794+0000] {dag.py:4180} INFO - Setting next_dagrun for example_branch_datetime_operator_2 to 2024-10-11 00:00:00+00:00, run_after=2024-10-12 00:00:00+00:00
[2024-10-12T20:43:15.799+0000] {logging_mixin.py:190} INFO - [2024-10-12T20:43:15.799+0000] {dag.py:4180} INFO - Setting next_dagrun for example_branch_datetime_operator_3 to 2024-10-11 00:00:00+00:00, run_after=2024-10-12 00:00:00+00:00
[2024-10-12T20:43:15.827+0000] {processor.py:208} INFO - Processing /home/airflow/.local/lib/python3.12/site-packages/airflow/example_dags/example_branch_datetime_operator.py took 0.164 seconds
[2024-10-12T20:43:46.236+0000] {processor.py:186} INFO - Started process (PID=1089) to work on /home/airflow/.local/lib/python3.12/site-packages/airflow/example_dags/example_branch_datetime_operator.py
[2024-10-12T20:43:46.239+0000] {processor.py:914} INFO - Processing file /home/airflow/.local/lib/python3.12/site-packages/airflow/example_dags/example_branch_datetime_operator.py for tasks to queue
[2024-10-12T20:43:46.249+0000] {logging_mixin.py:190} INFO - [2024-10-12T20:43:46.248+0000] {dagbag.py:588} INFO - Filling up the DagBag from /home/airflow/.local/lib/python3.12/site-packages/airflow/example_dags/example_branch_datetime_operator.py
[2024-10-12T20:43:46.273+0000] {processor.py:925} INFO - DAG(s) 'example_branch_datetime_operator', 'example_branch_datetime_operator_2', 'example_branch_datetime_operator_3' retrieved from /home/airflow/.local/lib/python3.12/site-packages/airflow/example_dags/example_branch_datetime_operator.py
[2024-10-12T20:43:46.319+0000] {logging_mixin.py:190} INFO - [2024-10-12T20:43:46.318+0000] {dag.py:3239} INFO - Sync 3 DAGs
[2024-10-12T20:43:46.359+0000] {logging_mixin.py:190} INFO - [2024-10-12T20:43:46.358+0000] {dag.py:4180} INFO - Setting next_dagrun for example_branch_datetime_operator to 2024-10-11 00:00:00+00:00, run_after=2024-10-12 00:00:00+00:00
[2024-10-12T20:43:46.368+0000] {logging_mixin.py:190} INFO - [2024-10-12T20:43:46.367+0000] {dag.py:4180} INFO - Setting next_dagrun for example_branch_datetime_operator_2 to 2024-10-11 00:00:00+00:00, run_after=2024-10-12 00:00:00+00:00
[2024-10-12T20:43:46.373+0000] {logging_mixin.py:190} INFO - [2024-10-12T20:43:46.372+0000] {dag.py:4180} INFO - Setting next_dagrun for example_branch_datetime_operator_3 to 2024-10-11 00:00:00+00:00, run_after=2024-10-12 00:00:00+00:00
[2024-10-12T20:43:46.401+0000] {processor.py:208} INFO - Processing /home/airflow/.local/lib/python3.12/site-packages/airflow/example_dags/example_branch_datetime_operator.py took 0.177 seconds
[2024-10-12T20:44:16.848+0000] {processor.py:186} INFO - Started process (PID=1151) to work on /home/airflow/.local/lib/python3.12/site-packages/airflow/example_dags/example_branch_datetime_operator.py
[2024-10-12T20:44:16.851+0000] {processor.py:914} INFO - Processing file /home/airflow/.local/lib/python3.12/site-packages/airflow/example_dags/example_branch_datetime_operator.py for tasks to queue
[2024-10-12T20:44:16.863+0000] {logging_mixin.py:190} INFO - [2024-10-12T20:44:16.862+0000] {dagbag.py:588} INFO - Filling up the DagBag from /home/airflow/.local/lib/python3.12/site-packages/airflow/example_dags/example_branch_datetime_operator.py
[2024-10-12T20:44:16.891+0000] {processor.py:925} INFO - DAG(s) 'example_branch_datetime_operator_2', 'example_branch_datetime_operator_3', 'example_branch_datetime_operator' retrieved from /home/airflow/.local/lib/python3.12/site-packages/airflow/example_dags/example_branch_datetime_operator.py
[2024-10-12T20:44:16.937+0000] {logging_mixin.py:190} INFO - [2024-10-12T20:44:16.937+0000] {dag.py:3239} INFO - Sync 3 DAGs
[2024-10-12T20:44:16.972+0000] {logging_mixin.py:190} INFO - [2024-10-12T20:44:16.972+0000] {dag.py:4180} INFO - Setting next_dagrun for example_branch_datetime_operator to 2024-10-11 00:00:00+00:00, run_after=2024-10-12 00:00:00+00:00
[2024-10-12T20:44:16.982+0000] {logging_mixin.py:190} INFO - [2024-10-12T20:44:16.981+0000] {dag.py:4180} INFO - Setting next_dagrun for example_branch_datetime_operator_2 to 2024-10-11 00:00:00+00:00, run_after=2024-10-12 00:00:00+00:00
[2024-10-12T20:44:16.986+0000] {logging_mixin.py:190} INFO - [2024-10-12T20:44:16.985+0000] {dag.py:4180} INFO - Setting next_dagrun for example_branch_datetime_operator_3 to 2024-10-11 00:00:00+00:00, run_after=2024-10-12 00:00:00+00:00
[2024-10-12T20:44:17.011+0000] {processor.py:208} INFO - Processing /home/airflow/.local/lib/python3.12/site-packages/airflow/example_dags/example_branch_datetime_operator.py took 0.177 seconds
[2024-10-12T20:44:47.699+0000] {processor.py:186} INFO - Started process (PID=1213) to work on /home/airflow/.local/lib/python3.12/site-packages/airflow/example_dags/example_branch_datetime_operator.py
[2024-10-12T20:44:47.701+0000] {processor.py:914} INFO - Processing file /home/airflow/.local/lib/python3.12/site-packages/airflow/example_dags/example_branch_datetime_operator.py for tasks to queue
[2024-10-12T20:44:47.706+0000] {logging_mixin.py:190} INFO - [2024-10-12T20:44:47.705+0000] {dagbag.py:588} INFO - Filling up the DagBag from /home/airflow/.local/lib/python3.12/site-packages/airflow/example_dags/example_branch_datetime_operator.py
[2024-10-12T20:44:47.726+0000] {processor.py:925} INFO - DAG(s) 'example_branch_datetime_operator_2', 'example_branch_datetime_operator_3', 'example_branch_datetime_operator' retrieved from /home/airflow/.local/lib/python3.12/site-packages/airflow/example_dags/example_branch_datetime_operator.py
[2024-10-12T20:44:47.773+0000] {logging_mixin.py:190} INFO - [2024-10-12T20:44:47.773+0000] {dag.py:3239} INFO - Sync 3 DAGs
[2024-10-12T20:44:47.813+0000] {logging_mixin.py:190} INFO - [2024-10-12T20:44:47.812+0000] {dag.py:4180} INFO - Setting next_dagrun for example_branch_datetime_operator to 2024-10-11 00:00:00+00:00, run_after=2024-10-12 00:00:00+00:00
[2024-10-12T20:44:47.819+0000] {logging_mixin.py:190} INFO - [2024-10-12T20:44:47.819+0000] {dag.py:4180} INFO - Setting next_dagrun for example_branch_datetime_operator_2 to 2024-10-11 00:00:00+00:00, run_after=2024-10-12 00:00:00+00:00
[2024-10-12T20:44:47.823+0000] {logging_mixin.py:190} INFO - [2024-10-12T20:44:47.823+0000] {dag.py:4180} INFO - Setting next_dagrun for example_branch_datetime_operator_3 to 2024-10-11 00:00:00+00:00, run_after=2024-10-12 00:00:00+00:00
[2024-10-12T20:44:47.852+0000] {processor.py:208} INFO - Processing /home/airflow/.local/lib/python3.12/site-packages/airflow/example_dags/example_branch_datetime_operator.py took 0.166 seconds
[2024-10-12T20:45:17.967+0000] {processor.py:186} INFO - Started process (PID=1275) to work on /home/airflow/.local/lib/python3.12/site-packages/airflow/example_dags/example_branch_datetime_operator.py
[2024-10-12T20:45:17.969+0000] {processor.py:914} INFO - Processing file /home/airflow/.local/lib/python3.12/site-packages/airflow/example_dags/example_branch_datetime_operator.py for tasks to queue
[2024-10-12T20:45:17.973+0000] {logging_mixin.py:190} INFO - [2024-10-12T20:45:17.973+0000] {dagbag.py:588} INFO - Filling up the DagBag from /home/airflow/.local/lib/python3.12/site-packages/airflow/example_dags/example_branch_datetime_operator.py
[2024-10-12T20:45:17.995+0000] {processor.py:925} INFO - DAG(s) 'example_branch_datetime_operator_2', 'example_branch_datetime_operator', 'example_branch_datetime_operator_3' retrieved from /home/airflow/.local/lib/python3.12/site-packages/airflow/example_dags/example_branch_datetime_operator.py
[2024-10-12T20:45:18.045+0000] {logging_mixin.py:190} INFO - [2024-10-12T20:45:18.045+0000] {dag.py:3239} INFO - Sync 3 DAGs
[2024-10-12T20:45:18.091+0000] {logging_mixin.py:190} INFO - [2024-10-12T20:45:18.090+0000] {dag.py:4180} INFO - Setting next_dagrun for example_branch_datetime_operator to 2024-10-11 00:00:00+00:00, run_after=2024-10-12 00:00:00+00:00
[2024-10-12T20:45:18.102+0000] {logging_mixin.py:190} INFO - [2024-10-12T20:45:18.102+0000] {dag.py:4180} INFO - Setting next_dagrun for example_branch_datetime_operator_2 to 2024-10-11 00:00:00+00:00, run_after=2024-10-12 00:00:00+00:00
[2024-10-12T20:45:18.107+0000] {logging_mixin.py:190} INFO - [2024-10-12T20:45:18.107+0000] {dag.py:4180} INFO - Setting next_dagrun for example_branch_datetime_operator_3 to 2024-10-11 00:00:00+00:00, run_after=2024-10-12 00:00:00+00:00
[2024-10-12T20:45:18.141+0000] {processor.py:208} INFO - Processing /home/airflow/.local/lib/python3.12/site-packages/airflow/example_dags/example_branch_datetime_operator.py took 0.186 seconds
[2024-10-12T20:45:48.794+0000] {processor.py:186} INFO - Started process (PID=1337) to work on /home/airflow/.local/lib/python3.12/site-packages/airflow/example_dags/example_branch_datetime_operator.py
[2024-10-12T20:45:48.796+0000] {processor.py:914} INFO - Processing file /home/airflow/.local/lib/python3.12/site-packages/airflow/example_dags/example_branch_datetime_operator.py for tasks to queue
[2024-10-12T20:45:48.801+0000] {logging_mixin.py:190} INFO - [2024-10-12T20:45:48.801+0000] {dagbag.py:588} INFO - Filling up the DagBag from /home/airflow/.local/lib/python3.12/site-packages/airflow/example_dags/example_branch_datetime_operator.py
[2024-10-12T20:45:48.823+0000] {processor.py:925} INFO - DAG(s) 'example_branch_datetime_operator_3', 'example_branch_datetime_operator_2', 'example_branch_datetime_operator' retrieved from /home/airflow/.local/lib/python3.12/site-packages/airflow/example_dags/example_branch_datetime_operator.py
[2024-10-12T20:45:48.880+0000] {logging_mixin.py:190} INFO - [2024-10-12T20:45:48.878+0000] {dag.py:3239} INFO - Sync 3 DAGs
[2024-10-12T20:45:48.936+0000] {logging_mixin.py:190} INFO - [2024-10-12T20:45:48.934+0000] {dag.py:4180} INFO - Setting next_dagrun for example_branch_datetime_operator to 2024-10-11 00:00:00+00:00, run_after=2024-10-12 00:00:00+00:00
[2024-10-12T20:45:48.950+0000] {logging_mixin.py:190} INFO - [2024-10-12T20:45:48.949+0000] {dag.py:4180} INFO - Setting next_dagrun for example_branch_datetime_operator_2 to 2024-10-11 00:00:00+00:00, run_after=2024-10-12 00:00:00+00:00
[2024-10-12T20:45:48.954+0000] {logging_mixin.py:190} INFO - [2024-10-12T20:45:48.953+0000] {dag.py:4180} INFO - Setting next_dagrun for example_branch_datetime_operator_3 to 2024-10-11 00:00:00+00:00, run_after=2024-10-12 00:00:00+00:00
[2024-10-12T20:45:48.980+0000] {processor.py:208} INFO - Processing /home/airflow/.local/lib/python3.12/site-packages/airflow/example_dags/example_branch_datetime_operator.py took 0.194 seconds
[2024-10-12T20:46:19.254+0000] {processor.py:186} INFO - Started process (PID=1399) to work on /home/airflow/.local/lib/python3.12/site-packages/airflow/example_dags/example_branch_datetime_operator.py
[2024-10-12T20:46:19.256+0000] {processor.py:914} INFO - Processing file /home/airflow/.local/lib/python3.12/site-packages/airflow/example_dags/example_branch_datetime_operator.py for tasks to queue
[2024-10-12T20:46:19.259+0000] {logging_mixin.py:190} INFO - [2024-10-12T20:46:19.259+0000] {dagbag.py:588} INFO - Filling up the DagBag from /home/airflow/.local/lib/python3.12/site-packages/airflow/example_dags/example_branch_datetime_operator.py
[2024-10-12T20:46:19.282+0000] {processor.py:925} INFO - DAG(s) 'example_branch_datetime_operator_2', 'example_branch_datetime_operator_3', 'example_branch_datetime_operator' retrieved from /home/airflow/.local/lib/python3.12/site-packages/airflow/example_dags/example_branch_datetime_operator.py
[2024-10-12T20:46:19.330+0000] {logging_mixin.py:190} INFO - [2024-10-12T20:46:19.329+0000] {dag.py:3239} INFO - Sync 3 DAGs
[2024-10-12T20:46:19.382+0000] {logging_mixin.py:190} INFO - [2024-10-12T20:46:19.382+0000] {dag.py:4180} INFO - Setting next_dagrun for example_branch_datetime_operator to 2024-10-11 00:00:00+00:00, run_after=2024-10-12 00:00:00+00:00
[2024-10-12T20:46:19.392+0000] {logging_mixin.py:190} INFO - [2024-10-12T20:46:19.391+0000] {dag.py:4180} INFO - Setting next_dagrun for example_branch_datetime_operator_2 to 2024-10-11 00:00:00+00:00, run_after=2024-10-12 00:00:00+00:00
[2024-10-12T20:46:19.398+0000] {logging_mixin.py:190} INFO - [2024-10-12T20:46:19.397+0000] {dag.py:4180} INFO - Setting next_dagrun for example_branch_datetime_operator_3 to 2024-10-11 00:00:00+00:00, run_after=2024-10-12 00:00:00+00:00
[2024-10-12T20:46:19.430+0000] {processor.py:208} INFO - Processing /home/airflow/.local/lib/python3.12/site-packages/airflow/example_dags/example_branch_datetime_operator.py took 0.185 seconds
[2024-10-12T20:46:49.563+0000] {processor.py:186} INFO - Started process (PID=1461) to work on /home/airflow/.local/lib/python3.12/site-packages/airflow/example_dags/example_branch_datetime_operator.py
[2024-10-12T20:46:49.565+0000] {processor.py:914} INFO - Processing file /home/airflow/.local/lib/python3.12/site-packages/airflow/example_dags/example_branch_datetime_operator.py for tasks to queue
[2024-10-12T20:46:49.569+0000] {logging_mixin.py:190} INFO - [2024-10-12T20:46:49.569+0000] {dagbag.py:588} INFO - Filling up the DagBag from /home/airflow/.local/lib/python3.12/site-packages/airflow/example_dags/example_branch_datetime_operator.py
[2024-10-12T20:46:49.593+0000] {processor.py:925} INFO - DAG(s) 'example_branch_datetime_operator_2', 'example_branch_datetime_operator', 'example_branch_datetime_operator_3' retrieved from /home/airflow/.local/lib/python3.12/site-packages/airflow/example_dags/example_branch_datetime_operator.py
[2024-10-12T20:46:49.647+0000] {logging_mixin.py:190} INFO - [2024-10-12T20:46:49.647+0000] {dag.py:3239} INFO - Sync 3 DAGs
[2024-10-12T20:46:49.687+0000] {logging_mixin.py:190} INFO - [2024-10-12T20:46:49.686+0000] {dag.py:4180} INFO - Setting next_dagrun for example_branch_datetime_operator to 2024-10-11 00:00:00+00:00, run_after=2024-10-12 00:00:00+00:00
[2024-10-12T20:46:49.696+0000] {logging_mixin.py:190} INFO - [2024-10-12T20:46:49.695+0000] {dag.py:4180} INFO - Setting next_dagrun for example_branch_datetime_operator_2 to 2024-10-11 00:00:00+00:00, run_after=2024-10-12 00:00:00+00:00
[2024-10-12T20:46:49.700+0000] {logging_mixin.py:190} INFO - [2024-10-12T20:46:49.699+0000] {dag.py:4180} INFO - Setting next_dagrun for example_branch_datetime_operator_3 to 2024-10-11 00:00:00+00:00, run_after=2024-10-12 00:00:00+00:00
[2024-10-12T20:46:49.739+0000] {processor.py:208} INFO - Processing /home/airflow/.local/lib/python3.12/site-packages/airflow/example_dags/example_branch_datetime_operator.py took 0.185 seconds
[2024-10-12T20:47:20.049+0000] {processor.py:186} INFO - Started process (PID=1523) to work on /home/airflow/.local/lib/python3.12/site-packages/airflow/example_dags/example_branch_datetime_operator.py
[2024-10-12T20:47:20.051+0000] {processor.py:914} INFO - Processing file /home/airflow/.local/lib/python3.12/site-packages/airflow/example_dags/example_branch_datetime_operator.py for tasks to queue
[2024-10-12T20:47:20.057+0000] {logging_mixin.py:190} INFO - [2024-10-12T20:47:20.056+0000] {dagbag.py:588} INFO - Filling up the DagBag from /home/airflow/.local/lib/python3.12/site-packages/airflow/example_dags/example_branch_datetime_operator.py
[2024-10-12T20:47:20.090+0000] {processor.py:925} INFO - DAG(s) 'example_branch_datetime_operator', 'example_branch_datetime_operator_3', 'example_branch_datetime_operator_2' retrieved from /home/airflow/.local/lib/python3.12/site-packages/airflow/example_dags/example_branch_datetime_operator.py
[2024-10-12T20:47:20.151+0000] {logging_mixin.py:190} INFO - [2024-10-12T20:47:20.151+0000] {dag.py:3239} INFO - Sync 3 DAGs
[2024-10-12T20:47:20.202+0000] {logging_mixin.py:190} INFO - [2024-10-12T20:47:20.202+0000] {dag.py:4180} INFO - Setting next_dagrun for example_branch_datetime_operator to 2024-10-11 00:00:00+00:00, run_after=2024-10-12 00:00:00+00:00
[2024-10-12T20:47:20.213+0000] {logging_mixin.py:190} INFO - [2024-10-12T20:47:20.212+0000] {dag.py:4180} INFO - Setting next_dagrun for example_branch_datetime_operator_2 to 2024-10-11 00:00:00+00:00, run_after=2024-10-12 00:00:00+00:00
[2024-10-12T20:47:20.219+0000] {logging_mixin.py:190} INFO - [2024-10-12T20:47:20.219+0000] {dag.py:4180} INFO - Setting next_dagrun for example_branch_datetime_operator_3 to 2024-10-11 00:00:00+00:00, run_after=2024-10-12 00:00:00+00:00
[2024-10-12T20:47:20.254+0000] {processor.py:208} INFO - Processing /home/airflow/.local/lib/python3.12/site-packages/airflow/example_dags/example_branch_datetime_operator.py took 0.217 seconds
[2024-10-12T20:47:50.837+0000] {processor.py:186} INFO - Started process (PID=1585) to work on /home/airflow/.local/lib/python3.12/site-packages/airflow/example_dags/example_branch_datetime_operator.py
[2024-10-12T20:47:50.839+0000] {processor.py:914} INFO - Processing file /home/airflow/.local/lib/python3.12/site-packages/airflow/example_dags/example_branch_datetime_operator.py for tasks to queue
[2024-10-12T20:47:50.843+0000] {logging_mixin.py:190} INFO - [2024-10-12T20:47:50.843+0000] {dagbag.py:588} INFO - Filling up the DagBag from /home/airflow/.local/lib/python3.12/site-packages/airflow/example_dags/example_branch_datetime_operator.py
[2024-10-12T20:47:50.862+0000] {processor.py:925} INFO - DAG(s) 'example_branch_datetime_operator', 'example_branch_datetime_operator_2', 'example_branch_datetime_operator_3' retrieved from /home/airflow/.local/lib/python3.12/site-packages/airflow/example_dags/example_branch_datetime_operator.py
[2024-10-12T20:47:50.905+0000] {logging_mixin.py:190} INFO - [2024-10-12T20:47:50.905+0000] {dag.py:3239} INFO - Sync 3 DAGs
[2024-10-12T20:47:50.945+0000] {logging_mixin.py:190} INFO - [2024-10-12T20:47:50.945+0000] {dag.py:4180} INFO - Setting next_dagrun for example_branch_datetime_operator to 2024-10-11 00:00:00+00:00, run_after=2024-10-12 00:00:00+00:00
[2024-10-12T20:47:50.953+0000] {logging_mixin.py:190} INFO - [2024-10-12T20:47:50.953+0000] {dag.py:4180} INFO - Setting next_dagrun for example_branch_datetime_operator_2 to 2024-10-11 00:00:00+00:00, run_after=2024-10-12 00:00:00+00:00
[2024-10-12T20:47:50.959+0000] {logging_mixin.py:190} INFO - [2024-10-12T20:47:50.959+0000] {dag.py:4180} INFO - Setting next_dagrun for example_branch_datetime_operator_3 to 2024-10-11 00:00:00+00:00, run_after=2024-10-12 00:00:00+00:00
[2024-10-12T20:47:51.002+0000] {processor.py:208} INFO - Processing /home/airflow/.local/lib/python3.12/site-packages/airflow/example_dags/example_branch_datetime_operator.py took 0.173 seconds
[2024-10-12T20:48:21.930+0000] {processor.py:186} INFO - Started process (PID=1648) to work on /home/airflow/.local/lib/python3.12/site-packages/airflow/example_dags/example_branch_datetime_operator.py
[2024-10-12T20:48:21.932+0000] {processor.py:914} INFO - Processing file /home/airflow/.local/lib/python3.12/site-packages/airflow/example_dags/example_branch_datetime_operator.py for tasks to queue
[2024-10-12T20:48:21.937+0000] {logging_mixin.py:190} INFO - [2024-10-12T20:48:21.937+0000] {dagbag.py:588} INFO - Filling up the DagBag from /home/airflow/.local/lib/python3.12/site-packages/airflow/example_dags/example_branch_datetime_operator.py
[2024-10-12T20:48:21.959+0000] {processor.py:925} INFO - DAG(s) 'example_branch_datetime_operator_2', 'example_branch_datetime_operator', 'example_branch_datetime_operator_3' retrieved from /home/airflow/.local/lib/python3.12/site-packages/airflow/example_dags/example_branch_datetime_operator.py
[2024-10-12T20:48:22.002+0000] {logging_mixin.py:190} INFO - [2024-10-12T20:48:22.001+0000] {dag.py:3239} INFO - Sync 3 DAGs
[2024-10-12T20:48:22.047+0000] {logging_mixin.py:190} INFO - [2024-10-12T20:48:22.047+0000] {dag.py:4180} INFO - Setting next_dagrun for example_branch_datetime_operator to 2024-10-11 00:00:00+00:00, run_after=2024-10-12 00:00:00+00:00
[2024-10-12T20:48:22.057+0000] {logging_mixin.py:190} INFO - [2024-10-12T20:48:22.056+0000] {dag.py:4180} INFO - Setting next_dagrun for example_branch_datetime_operator_2 to 2024-10-11 00:00:00+00:00, run_after=2024-10-12 00:00:00+00:00
[2024-10-12T20:48:22.060+0000] {logging_mixin.py:190} INFO - [2024-10-12T20:48:22.060+0000] {dag.py:4180} INFO - Setting next_dagrun for example_branch_datetime_operator_3 to 2024-10-11 00:00:00+00:00, run_after=2024-10-12 00:00:00+00:00
[2024-10-12T20:48:22.087+0000] {processor.py:208} INFO - Processing /home/airflow/.local/lib/python3.12/site-packages/airflow/example_dags/example_branch_datetime_operator.py took 0.168 seconds
[2024-10-12T20:48:53.116+0000] {processor.py:186} INFO - Started process (PID=1710) to work on /home/airflow/.local/lib/python3.12/site-packages/airflow/example_dags/example_branch_datetime_operator.py
[2024-10-12T20:48:53.117+0000] {processor.py:914} INFO - Processing file /home/airflow/.local/lib/python3.12/site-packages/airflow/example_dags/example_branch_datetime_operator.py for tasks to queue
[2024-10-12T20:48:53.121+0000] {logging_mixin.py:190} INFO - [2024-10-12T20:48:53.121+0000] {dagbag.py:588} INFO - Filling up the DagBag from /home/airflow/.local/lib/python3.12/site-packages/airflow/example_dags/example_branch_datetime_operator.py
[2024-10-12T20:48:53.139+0000] {processor.py:925} INFO - DAG(s) 'example_branch_datetime_operator_2', 'example_branch_datetime_operator_3', 'example_branch_datetime_operator' retrieved from /home/airflow/.local/lib/python3.12/site-packages/airflow/example_dags/example_branch_datetime_operator.py
[2024-10-12T20:48:53.185+0000] {logging_mixin.py:190} INFO - [2024-10-12T20:48:53.185+0000] {dag.py:3239} INFO - Sync 3 DAGs
[2024-10-12T20:48:53.259+0000] {logging_mixin.py:190} INFO - [2024-10-12T20:48:53.259+0000] {dag.py:4180} INFO - Setting next_dagrun for example_branch_datetime_operator to 2024-10-11 00:00:00+00:00, run_after=2024-10-12 00:00:00+00:00
[2024-10-12T20:48:53.287+0000] {logging_mixin.py:190} INFO - [2024-10-12T20:48:53.287+0000] {dag.py:4180} INFO - Setting next_dagrun for example_branch_datetime_operator_2 to 2024-10-11 00:00:00+00:00, run_after=2024-10-12 00:00:00+00:00
[2024-10-12T20:48:53.294+0000] {logging_mixin.py:190} INFO - [2024-10-12T20:48:53.293+0000] {dag.py:4180} INFO - Setting next_dagrun for example_branch_datetime_operator_3 to 2024-10-11 00:00:00+00:00, run_after=2024-10-12 00:00:00+00:00
[2024-10-12T20:48:53.329+0000] {processor.py:208} INFO - Processing /home/airflow/.local/lib/python3.12/site-packages/airflow/example_dags/example_branch_datetime_operator.py took 0.222 seconds
[2024-10-12T20:49:23.604+0000] {processor.py:186} INFO - Started process (PID=1772) to work on /home/airflow/.local/lib/python3.12/site-packages/airflow/example_dags/example_branch_datetime_operator.py
[2024-10-12T20:49:23.607+0000] {processor.py:914} INFO - Processing file /home/airflow/.local/lib/python3.12/site-packages/airflow/example_dags/example_branch_datetime_operator.py for tasks to queue
[2024-10-12T20:49:23.622+0000] {logging_mixin.py:190} INFO - [2024-10-12T20:49:23.621+0000] {dagbag.py:588} INFO - Filling up the DagBag from /home/airflow/.local/lib/python3.12/site-packages/airflow/example_dags/example_branch_datetime_operator.py
[2024-10-12T20:49:23.659+0000] {processor.py:925} INFO - DAG(s) 'example_branch_datetime_operator_2', 'example_branch_datetime_operator_3', 'example_branch_datetime_operator' retrieved from /home/airflow/.local/lib/python3.12/site-packages/airflow/example_dags/example_branch_datetime_operator.py
[2024-10-12T20:49:23.708+0000] {logging_mixin.py:190} INFO - [2024-10-12T20:49:23.707+0000] {dag.py:3239} INFO - Sync 3 DAGs
[2024-10-12T20:49:23.744+0000] {logging_mixin.py:190} INFO - [2024-10-12T20:49:23.743+0000] {dag.py:4180} INFO - Setting next_dagrun for example_branch_datetime_operator to 2024-10-11 00:00:00+00:00, run_after=2024-10-12 00:00:00+00:00
[2024-10-12T20:49:23.751+0000] {logging_mixin.py:190} INFO - [2024-10-12T20:49:23.751+0000] {dag.py:4180} INFO - Setting next_dagrun for example_branch_datetime_operator_2 to 2024-10-11 00:00:00+00:00, run_after=2024-10-12 00:00:00+00:00
[2024-10-12T20:49:23.756+0000] {logging_mixin.py:190} INFO - [2024-10-12T20:49:23.756+0000] {dag.py:4180} INFO - Setting next_dagrun for example_branch_datetime_operator_3 to 2024-10-11 00:00:00+00:00, run_after=2024-10-12 00:00:00+00:00
[2024-10-12T20:49:23.784+0000] {processor.py:208} INFO - Processing /home/airflow/.local/lib/python3.12/site-packages/airflow/example_dags/example_branch_datetime_operator.py took 0.204 seconds
[2024-10-12T20:49:54.034+0000] {processor.py:186} INFO - Started process (PID=1834) to work on /home/airflow/.local/lib/python3.12/site-packages/airflow/example_dags/example_branch_datetime_operator.py
[2024-10-12T20:49:54.036+0000] {processor.py:914} INFO - Processing file /home/airflow/.local/lib/python3.12/site-packages/airflow/example_dags/example_branch_datetime_operator.py for tasks to queue
[2024-10-12T20:49:54.040+0000] {logging_mixin.py:190} INFO - [2024-10-12T20:49:54.040+0000] {dagbag.py:588} INFO - Filling up the DagBag from /home/airflow/.local/lib/python3.12/site-packages/airflow/example_dags/example_branch_datetime_operator.py
[2024-10-12T20:49:54.059+0000] {processor.py:925} INFO - DAG(s) 'example_branch_datetime_operator_3', 'example_branch_datetime_operator_2', 'example_branch_datetime_operator' retrieved from /home/airflow/.local/lib/python3.12/site-packages/airflow/example_dags/example_branch_datetime_operator.py
[2024-10-12T20:49:54.113+0000] {logging_mixin.py:190} INFO - [2024-10-12T20:49:54.112+0000] {dag.py:3239} INFO - Sync 3 DAGs
[2024-10-12T20:49:54.153+0000] {logging_mixin.py:190} INFO - [2024-10-12T20:49:54.153+0000] {dag.py:4180} INFO - Setting next_dagrun for example_branch_datetime_operator to 2024-10-11 00:00:00+00:00, run_after=2024-10-12 00:00:00+00:00
[2024-10-12T20:49:54.160+0000] {logging_mixin.py:190} INFO - [2024-10-12T20:49:54.160+0000] {dag.py:4180} INFO - Setting next_dagrun for example_branch_datetime_operator_2 to 2024-10-11 00:00:00+00:00, run_after=2024-10-12 00:00:00+00:00
[2024-10-12T20:49:54.163+0000] {logging_mixin.py:190} INFO - [2024-10-12T20:49:54.163+0000] {dag.py:4180} INFO - Setting next_dagrun for example_branch_datetime_operator_3 to 2024-10-11 00:00:00+00:00, run_after=2024-10-12 00:00:00+00:00
[2024-10-12T20:49:54.187+0000] {processor.py:208} INFO - Processing /home/airflow/.local/lib/python3.12/site-packages/airflow/example_dags/example_branch_datetime_operator.py took 0.163 seconds
