[2024-10-12T20:35:40.360+0000] {processor.py:186} INFO - Started process (PID=114) to work on /home/airflow/.local/lib/python3.12/site-packages/airflow/example_dags/example_branch_python_dop_operator_3.py
[2024-10-12T20:35:40.362+0000] {processor.py:914} INFO - Processing file /home/airflow/.local/lib/python3.12/site-packages/airflow/example_dags/example_branch_python_dop_operator_3.py for tasks to queue
[2024-10-12T20:35:40.366+0000] {logging_mixin.py:190} INFO - [2024-10-12T20:35:40.365+0000] {dagbag.py:588} INFO - Filling up the DagBag from /home/airflow/.local/lib/python3.12/site-packages/airflow/example_dags/example_branch_python_dop_operator_3.py
[2024-10-12T20:35:40.379+0000] {processor.py:925} INFO - DAG(s) 'example_branch_dop_operator_v3' retrieved from /home/airflow/.local/lib/python3.12/site-packages/airflow/example_dags/example_branch_python_dop_operator_3.py
[2024-10-12T20:35:40.535+0000] {logging_mixin.py:190} INFO - [2024-10-12T20:35:40.534+0000] {override.py:1900} INFO - Created Permission View: can delete on DAG:example_branch_dop_operator_v3
[2024-10-12T20:35:40.550+0000] {logging_mixin.py:190} INFO - [2024-10-12T20:35:40.550+0000] {override.py:1900} INFO - Created Permission View: can edit on DAG:example_branch_dop_operator_v3
[2024-10-12T20:35:40.560+0000] {logging_mixin.py:190} INFO - [2024-10-12T20:35:40.560+0000] {override.py:1900} INFO - Created Permission View: can read on DAG:example_branch_dop_operator_v3
[2024-10-12T20:35:40.571+0000] {logging_mixin.py:190} INFO - [2024-10-12T20:35:40.570+0000] {override.py:1900} INFO - Created Permission View: can delete on DAG Run:example_branch_dop_operator_v3
[2024-10-12T20:35:40.581+0000] {logging_mixin.py:190} INFO - [2024-10-12T20:35:40.580+0000] {override.py:1900} INFO - Created Permission View: can create on DAG Run:example_branch_dop_operator_v3
[2024-10-12T20:35:40.591+0000] {logging_mixin.py:190} INFO - [2024-10-12T20:35:40.590+0000] {override.py:1900} INFO - Created Permission View: menu access on DAG Run:example_branch_dop_operator_v3
[2024-10-12T20:35:40.603+0000] {logging_mixin.py:190} INFO - [2024-10-12T20:35:40.602+0000] {override.py:1900} INFO - Created Permission View: can read on DAG Run:example_branch_dop_operator_v3
[2024-10-12T20:35:40.604+0000] {logging_mixin.py:190} INFO - [2024-10-12T20:35:40.603+0000] {dag.py:3239} INFO - Sync 1 DAGs
[2024-10-12T20:35:40.633+0000] {logging_mixin.py:190} INFO - [2024-10-12T20:35:40.632+0000] {dag.py:3262} INFO - Creating ORM DAG for example_branch_dop_operator_v3
[2024-10-12T20:35:40.652+0000] {logging_mixin.py:190} INFO - [2024-10-12T20:35:40.652+0000] {dag.py:4180} INFO - Setting next_dagrun for example_branch_dop_operator_v3 to 2024-10-12 20:34:00+00:00, run_after=2024-10-12 20:35:00+00:00
[2024-10-12T20:35:40.680+0000] {processor.py:208} INFO - Processing /home/airflow/.local/lib/python3.12/site-packages/airflow/example_dags/example_branch_python_dop_operator_3.py took 0.328 seconds
[2024-10-12T20:36:11.576+0000] {processor.py:186} INFO - Started process (PID=176) to work on /home/airflow/.local/lib/python3.12/site-packages/airflow/example_dags/example_branch_python_dop_operator_3.py
[2024-10-12T20:36:11.578+0000] {processor.py:914} INFO - Processing file /home/airflow/.local/lib/python3.12/site-packages/airflow/example_dags/example_branch_python_dop_operator_3.py for tasks to queue
[2024-10-12T20:36:11.582+0000] {logging_mixin.py:190} INFO - [2024-10-12T20:36:11.581+0000] {dagbag.py:588} INFO - Filling up the DagBag from /home/airflow/.local/lib/python3.12/site-packages/airflow/example_dags/example_branch_python_dop_operator_3.py
[2024-10-12T20:36:11.598+0000] {processor.py:925} INFO - DAG(s) 'example_branch_dop_operator_v3' retrieved from /home/airflow/.local/lib/python3.12/site-packages/airflow/example_dags/example_branch_python_dop_operator_3.py
[2024-10-12T20:36:11.629+0000] {logging_mixin.py:190} INFO - [2024-10-12T20:36:11.629+0000] {dag.py:3239} INFO - Sync 1 DAGs
[2024-10-12T20:36:11.687+0000] {logging_mixin.py:190} INFO - [2024-10-12T20:36:11.686+0000] {dag.py:4180} INFO - Setting next_dagrun for example_branch_dop_operator_v3 to 2024-10-12 20:35:00+00:00, run_after=2024-10-12 20:36:00+00:00
[2024-10-12T20:36:11.720+0000] {processor.py:208} INFO - Processing /home/airflow/.local/lib/python3.12/site-packages/airflow/example_dags/example_branch_python_dop_operator_3.py took 0.156 seconds
[2024-10-12T20:36:41.987+0000] {processor.py:186} INFO - Started process (PID=238) to work on /home/airflow/.local/lib/python3.12/site-packages/airflow/example_dags/example_branch_python_dop_operator_3.py
[2024-10-12T20:36:41.990+0000] {processor.py:914} INFO - Processing file /home/airflow/.local/lib/python3.12/site-packages/airflow/example_dags/example_branch_python_dop_operator_3.py for tasks to queue
[2024-10-12T20:36:41.995+0000] {logging_mixin.py:190} INFO - [2024-10-12T20:36:41.994+0000] {dagbag.py:588} INFO - Filling up the DagBag from /home/airflow/.local/lib/python3.12/site-packages/airflow/example_dags/example_branch_python_dop_operator_3.py
[2024-10-12T20:36:42.010+0000] {processor.py:925} INFO - DAG(s) 'example_branch_dop_operator_v3' retrieved from /home/airflow/.local/lib/python3.12/site-packages/airflow/example_dags/example_branch_python_dop_operator_3.py
[2024-10-12T20:36:42.043+0000] {logging_mixin.py:190} INFO - [2024-10-12T20:36:42.043+0000] {dag.py:3239} INFO - Sync 1 DAGs
[2024-10-12T20:36:42.091+0000] {logging_mixin.py:190} INFO - [2024-10-12T20:36:42.090+0000] {dag.py:4180} INFO - Setting next_dagrun for example_branch_dop_operator_v3 to 2024-10-12 20:35:00+00:00, run_after=2024-10-12 20:36:00+00:00
[2024-10-12T20:36:42.124+0000] {processor.py:208} INFO - Processing /home/airflow/.local/lib/python3.12/site-packages/airflow/example_dags/example_branch_python_dop_operator_3.py took 0.148 seconds
[2024-10-12T20:37:12.337+0000] {processor.py:186} INFO - Started process (PID=300) to work on /home/airflow/.local/lib/python3.12/site-packages/airflow/example_dags/example_branch_python_dop_operator_3.py
[2024-10-12T20:37:12.340+0000] {processor.py:914} INFO - Processing file /home/airflow/.local/lib/python3.12/site-packages/airflow/example_dags/example_branch_python_dop_operator_3.py for tasks to queue
[2024-10-12T20:37:12.345+0000] {logging_mixin.py:190} INFO - [2024-10-12T20:37:12.344+0000] {dagbag.py:588} INFO - Filling up the DagBag from /home/airflow/.local/lib/python3.12/site-packages/airflow/example_dags/example_branch_python_dop_operator_3.py
[2024-10-12T20:37:12.362+0000] {processor.py:925} INFO - DAG(s) 'example_branch_dop_operator_v3' retrieved from /home/airflow/.local/lib/python3.12/site-packages/airflow/example_dags/example_branch_python_dop_operator_3.py
[2024-10-12T20:37:12.394+0000] {logging_mixin.py:190} INFO - [2024-10-12T20:37:12.394+0000] {dag.py:3239} INFO - Sync 1 DAGs
[2024-10-12T20:37:12.443+0000] {logging_mixin.py:190} INFO - [2024-10-12T20:37:12.442+0000] {dag.py:4180} INFO - Setting next_dagrun for example_branch_dop_operator_v3 to 2024-10-12 20:36:00+00:00, run_after=2024-10-12 20:37:00+00:00
[2024-10-12T20:37:12.539+0000] {processor.py:208} INFO - Processing /home/airflow/.local/lib/python3.12/site-packages/airflow/example_dags/example_branch_python_dop_operator_3.py took 0.213 seconds
[2024-10-12T20:37:43.562+0000] {processor.py:186} INFO - Started process (PID=362) to work on /home/airflow/.local/lib/python3.12/site-packages/airflow/example_dags/example_branch_python_dop_operator_3.py
[2024-10-12T20:37:43.565+0000] {processor.py:914} INFO - Processing file /home/airflow/.local/lib/python3.12/site-packages/airflow/example_dags/example_branch_python_dop_operator_3.py for tasks to queue
[2024-10-12T20:37:43.569+0000] {logging_mixin.py:190} INFO - [2024-10-12T20:37:43.569+0000] {dagbag.py:588} INFO - Filling up the DagBag from /home/airflow/.local/lib/python3.12/site-packages/airflow/example_dags/example_branch_python_dop_operator_3.py
[2024-10-12T20:37:43.590+0000] {processor.py:925} INFO - DAG(s) 'example_branch_dop_operator_v3' retrieved from /home/airflow/.local/lib/python3.12/site-packages/airflow/example_dags/example_branch_python_dop_operator_3.py
[2024-10-12T20:37:43.620+0000] {logging_mixin.py:190} INFO - [2024-10-12T20:37:43.620+0000] {dag.py:3239} INFO - Sync 1 DAGs
[2024-10-12T20:37:43.663+0000] {logging_mixin.py:190} INFO - [2024-10-12T20:37:43.663+0000] {dag.py:4180} INFO - Setting next_dagrun for example_branch_dop_operator_v3 to 2024-10-12 20:36:00+00:00, run_after=2024-10-12 20:37:00+00:00
[2024-10-12T20:37:43.695+0000] {processor.py:208} INFO - Processing /home/airflow/.local/lib/python3.12/site-packages/airflow/example_dags/example_branch_python_dop_operator_3.py took 0.147 seconds
[2024-10-12T20:38:15.051+0000] {processor.py:186} INFO - Started process (PID=424) to work on /home/airflow/.local/lib/python3.12/site-packages/airflow/example_dags/example_branch_python_dop_operator_3.py
[2024-10-12T20:38:15.053+0000] {processor.py:914} INFO - Processing file /home/airflow/.local/lib/python3.12/site-packages/airflow/example_dags/example_branch_python_dop_operator_3.py for tasks to queue
[2024-10-12T20:38:15.058+0000] {logging_mixin.py:190} INFO - [2024-10-12T20:38:15.057+0000] {dagbag.py:588} INFO - Filling up the DagBag from /home/airflow/.local/lib/python3.12/site-packages/airflow/example_dags/example_branch_python_dop_operator_3.py
[2024-10-12T20:38:15.081+0000] {processor.py:925} INFO - DAG(s) 'example_branch_dop_operator_v3' retrieved from /home/airflow/.local/lib/python3.12/site-packages/airflow/example_dags/example_branch_python_dop_operator_3.py
[2024-10-12T20:38:15.121+0000] {logging_mixin.py:190} INFO - [2024-10-12T20:38:15.120+0000] {dag.py:3239} INFO - Sync 1 DAGs
[2024-10-12T20:38:15.163+0000] {logging_mixin.py:190} INFO - [2024-10-12T20:38:15.163+0000] {dag.py:4180} INFO - Setting next_dagrun for example_branch_dop_operator_v3 to 2024-10-12 20:37:00+00:00, run_after=2024-10-12 20:38:00+00:00
[2024-10-12T20:38:15.206+0000] {processor.py:208} INFO - Processing /home/airflow/.local/lib/python3.12/site-packages/airflow/example_dags/example_branch_python_dop_operator_3.py took 0.169 seconds
[2024-10-12T20:38:45.299+0000] {processor.py:186} INFO - Started process (PID=486) to work on /home/airflow/.local/lib/python3.12/site-packages/airflow/example_dags/example_branch_python_dop_operator_3.py
[2024-10-12T20:38:45.301+0000] {processor.py:914} INFO - Processing file /home/airflow/.local/lib/python3.12/site-packages/airflow/example_dags/example_branch_python_dop_operator_3.py for tasks to queue
[2024-10-12T20:38:45.306+0000] {logging_mixin.py:190} INFO - [2024-10-12T20:38:45.305+0000] {dagbag.py:588} INFO - Filling up the DagBag from /home/airflow/.local/lib/python3.12/site-packages/airflow/example_dags/example_branch_python_dop_operator_3.py
[2024-10-12T20:38:45.326+0000] {processor.py:925} INFO - DAG(s) 'example_branch_dop_operator_v3' retrieved from /home/airflow/.local/lib/python3.12/site-packages/airflow/example_dags/example_branch_python_dop_operator_3.py
[2024-10-12T20:38:45.360+0000] {logging_mixin.py:190} INFO - [2024-10-12T20:38:45.360+0000] {dag.py:3239} INFO - Sync 1 DAGs
[2024-10-12T20:38:45.409+0000] {logging_mixin.py:190} INFO - [2024-10-12T20:38:45.408+0000] {dag.py:4180} INFO - Setting next_dagrun for example_branch_dop_operator_v3 to 2024-10-12 20:37:00+00:00, run_after=2024-10-12 20:38:00+00:00
[2024-10-12T20:38:45.444+0000] {processor.py:208} INFO - Processing /home/airflow/.local/lib/python3.12/site-packages/airflow/example_dags/example_branch_python_dop_operator_3.py took 0.155 seconds
[2024-10-12T20:39:15.547+0000] {processor.py:186} INFO - Started process (PID=548) to work on /home/airflow/.local/lib/python3.12/site-packages/airflow/example_dags/example_branch_python_dop_operator_3.py
[2024-10-12T20:39:15.549+0000] {processor.py:914} INFO - Processing file /home/airflow/.local/lib/python3.12/site-packages/airflow/example_dags/example_branch_python_dop_operator_3.py for tasks to queue
[2024-10-12T20:39:15.554+0000] {logging_mixin.py:190} INFO - [2024-10-12T20:39:15.553+0000] {dagbag.py:588} INFO - Filling up the DagBag from /home/airflow/.local/lib/python3.12/site-packages/airflow/example_dags/example_branch_python_dop_operator_3.py
[2024-10-12T20:39:15.571+0000] {processor.py:925} INFO - DAG(s) 'example_branch_dop_operator_v3' retrieved from /home/airflow/.local/lib/python3.12/site-packages/airflow/example_dags/example_branch_python_dop_operator_3.py
[2024-10-12T20:39:15.603+0000] {logging_mixin.py:190} INFO - [2024-10-12T20:39:15.603+0000] {dag.py:3239} INFO - Sync 1 DAGs
[2024-10-12T20:39:15.641+0000] {logging_mixin.py:190} INFO - [2024-10-12T20:39:15.641+0000] {dag.py:4180} INFO - Setting next_dagrun for example_branch_dop_operator_v3 to 2024-10-12 20:38:00+00:00, run_after=2024-10-12 20:39:00+00:00
[2024-10-12T20:39:15.676+0000] {processor.py:208} INFO - Processing /home/airflow/.local/lib/python3.12/site-packages/airflow/example_dags/example_branch_python_dop_operator_3.py took 0.140 seconds
[2024-10-12T20:39:46.680+0000] {processor.py:186} INFO - Started process (PID=610) to work on /home/airflow/.local/lib/python3.12/site-packages/airflow/example_dags/example_branch_python_dop_operator_3.py
[2024-10-12T20:39:46.681+0000] {processor.py:914} INFO - Processing file /home/airflow/.local/lib/python3.12/site-packages/airflow/example_dags/example_branch_python_dop_operator_3.py for tasks to queue
[2024-10-12T20:39:46.684+0000] {logging_mixin.py:190} INFO - [2024-10-12T20:39:46.684+0000] {dagbag.py:588} INFO - Filling up the DagBag from /home/airflow/.local/lib/python3.12/site-packages/airflow/example_dags/example_branch_python_dop_operator_3.py
[2024-10-12T20:39:46.699+0000] {processor.py:925} INFO - DAG(s) 'example_branch_dop_operator_v3' retrieved from /home/airflow/.local/lib/python3.12/site-packages/airflow/example_dags/example_branch_python_dop_operator_3.py
[2024-10-12T20:39:46.729+0000] {logging_mixin.py:190} INFO - [2024-10-12T20:39:46.729+0000] {dag.py:3239} INFO - Sync 1 DAGs
[2024-10-12T20:39:46.762+0000] {logging_mixin.py:190} INFO - [2024-10-12T20:39:46.762+0000] {dag.py:4180} INFO - Setting next_dagrun for example_branch_dop_operator_v3 to 2024-10-12 20:38:00+00:00, run_after=2024-10-12 20:39:00+00:00
[2024-10-12T20:39:46.789+0000] {processor.py:208} INFO - Processing /home/airflow/.local/lib/python3.12/site-packages/airflow/example_dags/example_branch_python_dop_operator_3.py took 0.117 seconds
[2024-10-12T20:40:17.608+0000] {processor.py:186} INFO - Started process (PID=671) to work on /home/airflow/.local/lib/python3.12/site-packages/airflow/example_dags/example_branch_python_dop_operator_3.py
[2024-10-12T20:40:17.614+0000] {processor.py:914} INFO - Processing file /home/airflow/.local/lib/python3.12/site-packages/airflow/example_dags/example_branch_python_dop_operator_3.py for tasks to queue
[2024-10-12T20:40:17.620+0000] {logging_mixin.py:190} INFO - [2024-10-12T20:40:17.619+0000] {dagbag.py:588} INFO - Filling up the DagBag from /home/airflow/.local/lib/python3.12/site-packages/airflow/example_dags/example_branch_python_dop_operator_3.py
[2024-10-12T20:40:17.647+0000] {processor.py:925} INFO - DAG(s) 'example_branch_dop_operator_v3' retrieved from /home/airflow/.local/lib/python3.12/site-packages/airflow/example_dags/example_branch_python_dop_operator_3.py
[2024-10-12T20:40:17.697+0000] {logging_mixin.py:190} INFO - [2024-10-12T20:40:17.697+0000] {dag.py:3239} INFO - Sync 1 DAGs
[2024-10-12T20:40:17.755+0000] {logging_mixin.py:190} INFO - [2024-10-12T20:40:17.754+0000] {dag.py:4180} INFO - Setting next_dagrun for example_branch_dop_operator_v3 to 2024-10-12 20:39:00+00:00, run_after=2024-10-12 20:40:00+00:00
[2024-10-12T20:40:17.788+0000] {processor.py:208} INFO - Processing /home/airflow/.local/lib/python3.12/site-packages/airflow/example_dags/example_branch_python_dop_operator_3.py took 0.195 seconds
[2024-10-12T20:40:48.106+0000] {processor.py:186} INFO - Started process (PID=733) to work on /home/airflow/.local/lib/python3.12/site-packages/airflow/example_dags/example_branch_python_dop_operator_3.py
[2024-10-12T20:40:48.108+0000] {processor.py:914} INFO - Processing file /home/airflow/.local/lib/python3.12/site-packages/airflow/example_dags/example_branch_python_dop_operator_3.py for tasks to queue
[2024-10-12T20:40:48.112+0000] {logging_mixin.py:190} INFO - [2024-10-12T20:40:48.111+0000] {dagbag.py:588} INFO - Filling up the DagBag from /home/airflow/.local/lib/python3.12/site-packages/airflow/example_dags/example_branch_python_dop_operator_3.py
[2024-10-12T20:40:48.134+0000] {processor.py:925} INFO - DAG(s) 'example_branch_dop_operator_v3' retrieved from /home/airflow/.local/lib/python3.12/site-packages/airflow/example_dags/example_branch_python_dop_operator_3.py
[2024-10-12T20:40:48.166+0000] {logging_mixin.py:190} INFO - [2024-10-12T20:40:48.166+0000] {dag.py:3239} INFO - Sync 1 DAGs
[2024-10-12T20:40:48.202+0000] {logging_mixin.py:190} INFO - [2024-10-12T20:40:48.202+0000] {dag.py:4180} INFO - Setting next_dagrun for example_branch_dop_operator_v3 to 2024-10-12 20:39:00+00:00, run_after=2024-10-12 20:40:00+00:00
[2024-10-12T20:40:48.232+0000] {processor.py:208} INFO - Processing /home/airflow/.local/lib/python3.12/site-packages/airflow/example_dags/example_branch_python_dop_operator_3.py took 0.134 seconds
[2024-10-12T20:41:19.045+0000] {processor.py:186} INFO - Started process (PID=795) to work on /home/airflow/.local/lib/python3.12/site-packages/airflow/example_dags/example_branch_python_dop_operator_3.py
[2024-10-12T20:41:19.047+0000] {processor.py:914} INFO - Processing file /home/airflow/.local/lib/python3.12/site-packages/airflow/example_dags/example_branch_python_dop_operator_3.py for tasks to queue
[2024-10-12T20:41:19.050+0000] {logging_mixin.py:190} INFO - [2024-10-12T20:41:19.050+0000] {dagbag.py:588} INFO - Filling up the DagBag from /home/airflow/.local/lib/python3.12/site-packages/airflow/example_dags/example_branch_python_dop_operator_3.py
[2024-10-12T20:41:19.065+0000] {processor.py:925} INFO - DAG(s) 'example_branch_dop_operator_v3' retrieved from /home/airflow/.local/lib/python3.12/site-packages/airflow/example_dags/example_branch_python_dop_operator_3.py
[2024-10-12T20:41:19.099+0000] {logging_mixin.py:190} INFO - [2024-10-12T20:41:19.098+0000] {dag.py:3239} INFO - Sync 1 DAGs
[2024-10-12T20:41:19.161+0000] {logging_mixin.py:190} INFO - [2024-10-12T20:41:19.160+0000] {dag.py:4180} INFO - Setting next_dagrun for example_branch_dop_operator_v3 to 2024-10-12 20:40:00+00:00, run_after=2024-10-12 20:41:00+00:00
[2024-10-12T20:41:19.191+0000] {processor.py:208} INFO - Processing /home/airflow/.local/lib/python3.12/site-packages/airflow/example_dags/example_branch_python_dop_operator_3.py took 0.154 seconds
[2024-10-12T20:41:50.025+0000] {processor.py:186} INFO - Started process (PID=857) to work on /home/airflow/.local/lib/python3.12/site-packages/airflow/example_dags/example_branch_python_dop_operator_3.py
[2024-10-12T20:41:50.028+0000] {processor.py:914} INFO - Processing file /home/airflow/.local/lib/python3.12/site-packages/airflow/example_dags/example_branch_python_dop_operator_3.py for tasks to queue
[2024-10-12T20:41:50.033+0000] {logging_mixin.py:190} INFO - [2024-10-12T20:41:50.032+0000] {dagbag.py:588} INFO - Filling up the DagBag from /home/airflow/.local/lib/python3.12/site-packages/airflow/example_dags/example_branch_python_dop_operator_3.py
[2024-10-12T20:41:50.049+0000] {processor.py:925} INFO - DAG(s) 'example_branch_dop_operator_v3' retrieved from /home/airflow/.local/lib/python3.12/site-packages/airflow/example_dags/example_branch_python_dop_operator_3.py
[2024-10-12T20:41:50.083+0000] {logging_mixin.py:190} INFO - [2024-10-12T20:41:50.082+0000] {dag.py:3239} INFO - Sync 1 DAGs
[2024-10-12T20:41:50.126+0000] {logging_mixin.py:190} INFO - [2024-10-12T20:41:50.126+0000] {dag.py:4180} INFO - Setting next_dagrun for example_branch_dop_operator_v3 to 2024-10-12 20:40:00+00:00, run_after=2024-10-12 20:41:00+00:00
[2024-10-12T20:41:50.156+0000] {processor.py:208} INFO - Processing /home/airflow/.local/lib/python3.12/site-packages/airflow/example_dags/example_branch_python_dop_operator_3.py took 0.141 seconds
[2024-10-12T20:42:20.485+0000] {processor.py:186} INFO - Started process (PID=919) to work on /home/airflow/.local/lib/python3.12/site-packages/airflow/example_dags/example_branch_python_dop_operator_3.py
[2024-10-12T20:42:20.487+0000] {processor.py:914} INFO - Processing file /home/airflow/.local/lib/python3.12/site-packages/airflow/example_dags/example_branch_python_dop_operator_3.py for tasks to queue
[2024-10-12T20:42:20.491+0000] {logging_mixin.py:190} INFO - [2024-10-12T20:42:20.490+0000] {dagbag.py:588} INFO - Filling up the DagBag from /home/airflow/.local/lib/python3.12/site-packages/airflow/example_dags/example_branch_python_dop_operator_3.py
[2024-10-12T20:42:20.511+0000] {processor.py:925} INFO - DAG(s) 'example_branch_dop_operator_v3' retrieved from /home/airflow/.local/lib/python3.12/site-packages/airflow/example_dags/example_branch_python_dop_operator_3.py
[2024-10-12T20:42:20.547+0000] {logging_mixin.py:190} INFO - [2024-10-12T20:42:20.546+0000] {dag.py:3239} INFO - Sync 1 DAGs
[2024-10-12T20:42:20.594+0000] {logging_mixin.py:190} INFO - [2024-10-12T20:42:20.593+0000] {dag.py:4180} INFO - Setting next_dagrun for example_branch_dop_operator_v3 to 2024-10-12 20:41:00+00:00, run_after=2024-10-12 20:42:00+00:00
[2024-10-12T20:42:20.627+0000] {processor.py:208} INFO - Processing /home/airflow/.local/lib/python3.12/site-packages/airflow/example_dags/example_branch_python_dop_operator_3.py took 0.154 seconds
[2024-10-12T20:42:51.776+0000] {processor.py:186} INFO - Started process (PID=981) to work on /home/airflow/.local/lib/python3.12/site-packages/airflow/example_dags/example_branch_python_dop_operator_3.py
[2024-10-12T20:42:51.778+0000] {processor.py:914} INFO - Processing file /home/airflow/.local/lib/python3.12/site-packages/airflow/example_dags/example_branch_python_dop_operator_3.py for tasks to queue
[2024-10-12T20:42:51.784+0000] {logging_mixin.py:190} INFO - [2024-10-12T20:42:51.784+0000] {dagbag.py:588} INFO - Filling up the DagBag from /home/airflow/.local/lib/python3.12/site-packages/airflow/example_dags/example_branch_python_dop_operator_3.py
[2024-10-12T20:42:51.802+0000] {processor.py:925} INFO - DAG(s) 'example_branch_dop_operator_v3' retrieved from /home/airflow/.local/lib/python3.12/site-packages/airflow/example_dags/example_branch_python_dop_operator_3.py
[2024-10-12T20:42:51.832+0000] {logging_mixin.py:190} INFO - [2024-10-12T20:42:51.832+0000] {dag.py:3239} INFO - Sync 1 DAGs
[2024-10-12T20:42:51.880+0000] {logging_mixin.py:190} INFO - [2024-10-12T20:42:51.880+0000] {dag.py:4180} INFO - Setting next_dagrun for example_branch_dop_operator_v3 to 2024-10-12 20:41:00+00:00, run_after=2024-10-12 20:42:00+00:00
[2024-10-12T20:42:51.910+0000] {processor.py:208} INFO - Processing /home/airflow/.local/lib/python3.12/site-packages/airflow/example_dags/example_branch_python_dop_operator_3.py took 0.144 seconds
[2024-10-12T20:43:22.344+0000] {processor.py:186} INFO - Started process (PID=1043) to work on /home/airflow/.local/lib/python3.12/site-packages/airflow/example_dags/example_branch_python_dop_operator_3.py
[2024-10-12T20:43:22.346+0000] {processor.py:914} INFO - Processing file /home/airflow/.local/lib/python3.12/site-packages/airflow/example_dags/example_branch_python_dop_operator_3.py for tasks to queue
[2024-10-12T20:43:22.350+0000] {logging_mixin.py:190} INFO - [2024-10-12T20:43:22.350+0000] {dagbag.py:588} INFO - Filling up the DagBag from /home/airflow/.local/lib/python3.12/site-packages/airflow/example_dags/example_branch_python_dop_operator_3.py
[2024-10-12T20:43:22.372+0000] {processor.py:925} INFO - DAG(s) 'example_branch_dop_operator_v3' retrieved from /home/airflow/.local/lib/python3.12/site-packages/airflow/example_dags/example_branch_python_dop_operator_3.py
[2024-10-12T20:43:22.415+0000] {logging_mixin.py:190} INFO - [2024-10-12T20:43:22.415+0000] {dag.py:3239} INFO - Sync 1 DAGs
[2024-10-12T20:43:22.459+0000] {logging_mixin.py:190} INFO - [2024-10-12T20:43:22.459+0000] {dag.py:4180} INFO - Setting next_dagrun for example_branch_dop_operator_v3 to 2024-10-12 20:42:00+00:00, run_after=2024-10-12 20:43:00+00:00
[2024-10-12T20:43:22.492+0000] {processor.py:208} INFO - Processing /home/airflow/.local/lib/python3.12/site-packages/airflow/example_dags/example_branch_python_dop_operator_3.py took 0.158 seconds
[2024-10-12T20:43:53.039+0000] {processor.py:186} INFO - Started process (PID=1104) to work on /home/airflow/.local/lib/python3.12/site-packages/airflow/example_dags/example_branch_python_dop_operator_3.py
[2024-10-12T20:43:53.041+0000] {processor.py:914} INFO - Processing file /home/airflow/.local/lib/python3.12/site-packages/airflow/example_dags/example_branch_python_dop_operator_3.py for tasks to queue
[2024-10-12T20:43:53.044+0000] {logging_mixin.py:190} INFO - [2024-10-12T20:43:53.044+0000] {dagbag.py:588} INFO - Filling up the DagBag from /home/airflow/.local/lib/python3.12/site-packages/airflow/example_dags/example_branch_python_dop_operator_3.py
[2024-10-12T20:43:53.061+0000] {processor.py:925} INFO - DAG(s) 'example_branch_dop_operator_v3' retrieved from /home/airflow/.local/lib/python3.12/site-packages/airflow/example_dags/example_branch_python_dop_operator_3.py
[2024-10-12T20:43:53.093+0000] {logging_mixin.py:190} INFO - [2024-10-12T20:43:53.092+0000] {dag.py:3239} INFO - Sync 1 DAGs
[2024-10-12T20:43:53.138+0000] {logging_mixin.py:190} INFO - [2024-10-12T20:43:53.138+0000] {dag.py:4180} INFO - Setting next_dagrun for example_branch_dop_operator_v3 to 2024-10-12 20:42:00+00:00, run_after=2024-10-12 20:43:00+00:00
[2024-10-12T20:43:53.175+0000] {processor.py:208} INFO - Processing /home/airflow/.local/lib/python3.12/site-packages/airflow/example_dags/example_branch_python_dop_operator_3.py took 0.145 seconds
[2024-10-12T20:44:23.762+0000] {processor.py:186} INFO - Started process (PID=1166) to work on /home/airflow/.local/lib/python3.12/site-packages/airflow/example_dags/example_branch_python_dop_operator_3.py
[2024-10-12T20:44:23.763+0000] {processor.py:914} INFO - Processing file /home/airflow/.local/lib/python3.12/site-packages/airflow/example_dags/example_branch_python_dop_operator_3.py for tasks to queue
[2024-10-12T20:44:23.767+0000] {logging_mixin.py:190} INFO - [2024-10-12T20:44:23.767+0000] {dagbag.py:588} INFO - Filling up the DagBag from /home/airflow/.local/lib/python3.12/site-packages/airflow/example_dags/example_branch_python_dop_operator_3.py
[2024-10-12T20:44:23.787+0000] {processor.py:925} INFO - DAG(s) 'example_branch_dop_operator_v3' retrieved from /home/airflow/.local/lib/python3.12/site-packages/airflow/example_dags/example_branch_python_dop_operator_3.py
[2024-10-12T20:44:23.828+0000] {logging_mixin.py:190} INFO - [2024-10-12T20:44:23.828+0000] {dag.py:3239} INFO - Sync 1 DAGs
[2024-10-12T20:44:23.872+0000] {logging_mixin.py:190} INFO - [2024-10-12T20:44:23.871+0000] {dag.py:4180} INFO - Setting next_dagrun for example_branch_dop_operator_v3 to 2024-10-12 20:43:00+00:00, run_after=2024-10-12 20:44:00+00:00
[2024-10-12T20:44:23.907+0000] {processor.py:208} INFO - Processing /home/airflow/.local/lib/python3.12/site-packages/airflow/example_dags/example_branch_python_dop_operator_3.py took 0.155 seconds
[2024-10-12T20:44:54.613+0000] {processor.py:186} INFO - Started process (PID=1228) to work on /home/airflow/.local/lib/python3.12/site-packages/airflow/example_dags/example_branch_python_dop_operator_3.py
[2024-10-12T20:44:54.615+0000] {processor.py:914} INFO - Processing file /home/airflow/.local/lib/python3.12/site-packages/airflow/example_dags/example_branch_python_dop_operator_3.py for tasks to queue
[2024-10-12T20:44:54.619+0000] {logging_mixin.py:190} INFO - [2024-10-12T20:44:54.618+0000] {dagbag.py:588} INFO - Filling up the DagBag from /home/airflow/.local/lib/python3.12/site-packages/airflow/example_dags/example_branch_python_dop_operator_3.py
[2024-10-12T20:44:54.640+0000] {processor.py:925} INFO - DAG(s) 'example_branch_dop_operator_v3' retrieved from /home/airflow/.local/lib/python3.12/site-packages/airflow/example_dags/example_branch_python_dop_operator_3.py
[2024-10-12T20:44:54.671+0000] {logging_mixin.py:190} INFO - [2024-10-12T20:44:54.671+0000] {dag.py:3239} INFO - Sync 1 DAGs
[2024-10-12T20:44:54.708+0000] {logging_mixin.py:190} INFO - [2024-10-12T20:44:54.708+0000] {dag.py:4180} INFO - Setting next_dagrun for example_branch_dop_operator_v3 to 2024-10-12 20:43:00+00:00, run_after=2024-10-12 20:44:00+00:00
[2024-10-12T20:44:54.746+0000] {processor.py:208} INFO - Processing /home/airflow/.local/lib/python3.12/site-packages/airflow/example_dags/example_branch_python_dop_operator_3.py took 0.143 seconds
[2024-10-12T20:45:25.344+0000] {processor.py:186} INFO - Started process (PID=1290) to work on /home/airflow/.local/lib/python3.12/site-packages/airflow/example_dags/example_branch_python_dop_operator_3.py
[2024-10-12T20:45:25.346+0000] {processor.py:914} INFO - Processing file /home/airflow/.local/lib/python3.12/site-packages/airflow/example_dags/example_branch_python_dop_operator_3.py for tasks to queue
[2024-10-12T20:45:25.349+0000] {logging_mixin.py:190} INFO - [2024-10-12T20:45:25.348+0000] {dagbag.py:588} INFO - Filling up the DagBag from /home/airflow/.local/lib/python3.12/site-packages/airflow/example_dags/example_branch_python_dop_operator_3.py
[2024-10-12T20:45:25.365+0000] {processor.py:925} INFO - DAG(s) 'example_branch_dop_operator_v3' retrieved from /home/airflow/.local/lib/python3.12/site-packages/airflow/example_dags/example_branch_python_dop_operator_3.py
[2024-10-12T20:45:25.390+0000] {logging_mixin.py:190} INFO - [2024-10-12T20:45:25.390+0000] {dag.py:3239} INFO - Sync 1 DAGs
[2024-10-12T20:45:25.426+0000] {logging_mixin.py:190} INFO - [2024-10-12T20:45:25.426+0000] {dag.py:4180} INFO - Setting next_dagrun for example_branch_dop_operator_v3 to 2024-10-12 20:44:00+00:00, run_after=2024-10-12 20:45:00+00:00
[2024-10-12T20:45:25.449+0000] {processor.py:208} INFO - Processing /home/airflow/.local/lib/python3.12/site-packages/airflow/example_dags/example_branch_python_dop_operator_3.py took 0.113 seconds
[2024-10-12T20:45:57.352+0000] {processor.py:186} INFO - Started process (PID=1352) to work on /home/airflow/.local/lib/python3.12/site-packages/airflow/example_dags/example_branch_python_dop_operator_3.py
[2024-10-12T20:45:57.354+0000] {processor.py:914} INFO - Processing file /home/airflow/.local/lib/python3.12/site-packages/airflow/example_dags/example_branch_python_dop_operator_3.py for tasks to queue
[2024-10-12T20:45:57.358+0000] {logging_mixin.py:190} INFO - [2024-10-12T20:45:57.357+0000] {dagbag.py:588} INFO - Filling up the DagBag from /home/airflow/.local/lib/python3.12/site-packages/airflow/example_dags/example_branch_python_dop_operator_3.py
[2024-10-12T20:45:57.375+0000] {processor.py:925} INFO - DAG(s) 'example_branch_dop_operator_v3' retrieved from /home/airflow/.local/lib/python3.12/site-packages/airflow/example_dags/example_branch_python_dop_operator_3.py
[2024-10-12T20:45:57.409+0000] {logging_mixin.py:190} INFO - [2024-10-12T20:45:57.409+0000] {dag.py:3239} INFO - Sync 1 DAGs
[2024-10-12T20:45:57.449+0000] {logging_mixin.py:190} INFO - [2024-10-12T20:45:57.449+0000] {dag.py:4180} INFO - Setting next_dagrun for example_branch_dop_operator_v3 to 2024-10-12 20:44:00+00:00, run_after=2024-10-12 20:45:00+00:00
[2024-10-12T20:45:57.481+0000] {processor.py:208} INFO - Processing /home/airflow/.local/lib/python3.12/site-packages/airflow/example_dags/example_branch_python_dop_operator_3.py took 0.139 seconds
[2024-10-12T20:46:27.994+0000] {processor.py:186} INFO - Started process (PID=1414) to work on /home/airflow/.local/lib/python3.12/site-packages/airflow/example_dags/example_branch_python_dop_operator_3.py
[2024-10-12T20:46:27.996+0000] {processor.py:914} INFO - Processing file /home/airflow/.local/lib/python3.12/site-packages/airflow/example_dags/example_branch_python_dop_operator_3.py for tasks to queue
[2024-10-12T20:46:28.002+0000] {logging_mixin.py:190} INFO - [2024-10-12T20:46:28.000+0000] {dagbag.py:588} INFO - Filling up the DagBag from /home/airflow/.local/lib/python3.12/site-packages/airflow/example_dags/example_branch_python_dop_operator_3.py
[2024-10-12T20:46:28.020+0000] {processor.py:925} INFO - DAG(s) 'example_branch_dop_operator_v3' retrieved from /home/airflow/.local/lib/python3.12/site-packages/airflow/example_dags/example_branch_python_dop_operator_3.py
[2024-10-12T20:46:28.061+0000] {logging_mixin.py:190} INFO - [2024-10-12T20:46:28.061+0000] {dag.py:3239} INFO - Sync 1 DAGs
[2024-10-12T20:46:28.129+0000] {logging_mixin.py:190} INFO - [2024-10-12T20:46:28.128+0000] {dag.py:4180} INFO - Setting next_dagrun for example_branch_dop_operator_v3 to 2024-10-12 20:45:00+00:00, run_after=2024-10-12 20:46:00+00:00
[2024-10-12T20:46:28.167+0000] {processor.py:208} INFO - Processing /home/airflow/.local/lib/python3.12/site-packages/airflow/example_dags/example_branch_python_dop_operator_3.py took 0.184 seconds
[2024-10-12T20:46:58.583+0000] {processor.py:186} INFO - Started process (PID=1476) to work on /home/airflow/.local/lib/python3.12/site-packages/airflow/example_dags/example_branch_python_dop_operator_3.py
[2024-10-12T20:46:58.585+0000] {processor.py:914} INFO - Processing file /home/airflow/.local/lib/python3.12/site-packages/airflow/example_dags/example_branch_python_dop_operator_3.py for tasks to queue
[2024-10-12T20:46:58.589+0000] {logging_mixin.py:190} INFO - [2024-10-12T20:46:58.588+0000] {dagbag.py:588} INFO - Filling up the DagBag from /home/airflow/.local/lib/python3.12/site-packages/airflow/example_dags/example_branch_python_dop_operator_3.py
[2024-10-12T20:46:58.608+0000] {processor.py:925} INFO - DAG(s) 'example_branch_dop_operator_v3' retrieved from /home/airflow/.local/lib/python3.12/site-packages/airflow/example_dags/example_branch_python_dop_operator_3.py
[2024-10-12T20:46:58.644+0000] {logging_mixin.py:190} INFO - [2024-10-12T20:46:58.643+0000] {dag.py:3239} INFO - Sync 1 DAGs
[2024-10-12T20:46:58.693+0000] {logging_mixin.py:190} INFO - [2024-10-12T20:46:58.693+0000] {dag.py:4180} INFO - Setting next_dagrun for example_branch_dop_operator_v3 to 2024-10-12 20:45:00+00:00, run_after=2024-10-12 20:46:00+00:00
[2024-10-12T20:46:58.728+0000] {processor.py:208} INFO - Processing /home/airflow/.local/lib/python3.12/site-packages/airflow/example_dags/example_branch_python_dop_operator_3.py took 0.156 seconds
[2024-10-12T20:47:28.980+0000] {processor.py:186} INFO - Started process (PID=1538) to work on /home/airflow/.local/lib/python3.12/site-packages/airflow/example_dags/example_branch_python_dop_operator_3.py
[2024-10-12T20:47:28.981+0000] {processor.py:914} INFO - Processing file /home/airflow/.local/lib/python3.12/site-packages/airflow/example_dags/example_branch_python_dop_operator_3.py for tasks to queue
[2024-10-12T20:47:28.985+0000] {logging_mixin.py:190} INFO - [2024-10-12T20:47:28.984+0000] {dagbag.py:588} INFO - Filling up the DagBag from /home/airflow/.local/lib/python3.12/site-packages/airflow/example_dags/example_branch_python_dop_operator_3.py
[2024-10-12T20:47:29.006+0000] {processor.py:925} INFO - DAG(s) 'example_branch_dop_operator_v3' retrieved from /home/airflow/.local/lib/python3.12/site-packages/airflow/example_dags/example_branch_python_dop_operator_3.py
[2024-10-12T20:47:29.037+0000] {logging_mixin.py:190} INFO - [2024-10-12T20:47:29.037+0000] {dag.py:3239} INFO - Sync 1 DAGs
[2024-10-12T20:47:29.077+0000] {logging_mixin.py:190} INFO - [2024-10-12T20:47:29.077+0000] {dag.py:4180} INFO - Setting next_dagrun for example_branch_dop_operator_v3 to 2024-10-12 20:46:00+00:00, run_after=2024-10-12 20:47:00+00:00
[2024-10-12T20:47:29.108+0000] {processor.py:208} INFO - Processing /home/airflow/.local/lib/python3.12/site-packages/airflow/example_dags/example_branch_python_dop_operator_3.py took 0.138 seconds
[2024-10-12T20:48:00.320+0000] {processor.py:186} INFO - Started process (PID=1600) to work on /home/airflow/.local/lib/python3.12/site-packages/airflow/example_dags/example_branch_python_dop_operator_3.py
[2024-10-12T20:48:00.322+0000] {processor.py:914} INFO - Processing file /home/airflow/.local/lib/python3.12/site-packages/airflow/example_dags/example_branch_python_dop_operator_3.py for tasks to queue
[2024-10-12T20:48:00.326+0000] {logging_mixin.py:190} INFO - [2024-10-12T20:48:00.325+0000] {dagbag.py:588} INFO - Filling up the DagBag from /home/airflow/.local/lib/python3.12/site-packages/airflow/example_dags/example_branch_python_dop_operator_3.py
[2024-10-12T20:48:00.343+0000] {processor.py:925} INFO - DAG(s) 'example_branch_dop_operator_v3' retrieved from /home/airflow/.local/lib/python3.12/site-packages/airflow/example_dags/example_branch_python_dop_operator_3.py
[2024-10-12T20:48:00.377+0000] {logging_mixin.py:190} INFO - [2024-10-12T20:48:00.376+0000] {dag.py:3239} INFO - Sync 1 DAGs
[2024-10-12T20:48:00.424+0000] {logging_mixin.py:190} INFO - [2024-10-12T20:48:00.424+0000] {dag.py:4180} INFO - Setting next_dagrun for example_branch_dop_operator_v3 to 2024-10-12 20:47:00+00:00, run_after=2024-10-12 20:48:00+00:00
[2024-10-12T20:48:00.459+0000] {processor.py:208} INFO - Processing /home/airflow/.local/lib/python3.12/site-packages/airflow/example_dags/example_branch_python_dop_operator_3.py took 0.151 seconds
[2024-10-12T20:48:31.182+0000] {processor.py:186} INFO - Started process (PID=1664) to work on /home/airflow/.local/lib/python3.12/site-packages/airflow/example_dags/example_branch_python_dop_operator_3.py
[2024-10-12T20:48:31.184+0000] {processor.py:914} INFO - Processing file /home/airflow/.local/lib/python3.12/site-packages/airflow/example_dags/example_branch_python_dop_operator_3.py for tasks to queue
[2024-10-12T20:48:31.188+0000] {logging_mixin.py:190} INFO - [2024-10-12T20:48:31.187+0000] {dagbag.py:588} INFO - Filling up the DagBag from /home/airflow/.local/lib/python3.12/site-packages/airflow/example_dags/example_branch_python_dop_operator_3.py
[2024-10-12T20:48:31.206+0000] {processor.py:925} INFO - DAG(s) 'example_branch_dop_operator_v3' retrieved from /home/airflow/.local/lib/python3.12/site-packages/airflow/example_dags/example_branch_python_dop_operator_3.py
[2024-10-12T20:48:31.237+0000] {logging_mixin.py:190} INFO - [2024-10-12T20:48:31.236+0000] {dag.py:3239} INFO - Sync 1 DAGs
[2024-10-12T20:48:31.283+0000] {logging_mixin.py:190} INFO - [2024-10-12T20:48:31.282+0000] {dag.py:4180} INFO - Setting next_dagrun for example_branch_dop_operator_v3 to 2024-10-12 20:47:00+00:00, run_after=2024-10-12 20:48:00+00:00
[2024-10-12T20:48:31.325+0000] {processor.py:208} INFO - Processing /home/airflow/.local/lib/python3.12/site-packages/airflow/example_dags/example_branch_python_dop_operator_3.py took 0.153 seconds
[2024-10-12T20:49:01.596+0000] {processor.py:186} INFO - Started process (PID=1725) to work on /home/airflow/.local/lib/python3.12/site-packages/airflow/example_dags/example_branch_python_dop_operator_3.py
[2024-10-12T20:49:01.598+0000] {processor.py:914} INFO - Processing file /home/airflow/.local/lib/python3.12/site-packages/airflow/example_dags/example_branch_python_dop_operator_3.py for tasks to queue
[2024-10-12T20:49:01.602+0000] {logging_mixin.py:190} INFO - [2024-10-12T20:49:01.602+0000] {dagbag.py:588} INFO - Filling up the DagBag from /home/airflow/.local/lib/python3.12/site-packages/airflow/example_dags/example_branch_python_dop_operator_3.py
[2024-10-12T20:49:01.617+0000] {processor.py:925} INFO - DAG(s) 'example_branch_dop_operator_v3' retrieved from /home/airflow/.local/lib/python3.12/site-packages/airflow/example_dags/example_branch_python_dop_operator_3.py
[2024-10-12T20:49:01.659+0000] {logging_mixin.py:190} INFO - [2024-10-12T20:49:01.658+0000] {dag.py:3239} INFO - Sync 1 DAGs
[2024-10-12T20:49:01.706+0000] {logging_mixin.py:190} INFO - [2024-10-12T20:49:01.706+0000] {dag.py:4180} INFO - Setting next_dagrun for example_branch_dop_operator_v3 to 2024-10-12 20:48:00+00:00, run_after=2024-10-12 20:49:00+00:00
[2024-10-12T20:49:01.740+0000] {processor.py:208} INFO - Processing /home/airflow/.local/lib/python3.12/site-packages/airflow/example_dags/example_branch_python_dop_operator_3.py took 0.152 seconds
[2024-10-12T20:49:32.274+0000] {processor.py:186} INFO - Started process (PID=1787) to work on /home/airflow/.local/lib/python3.12/site-packages/airflow/example_dags/example_branch_python_dop_operator_3.py
[2024-10-12T20:49:32.275+0000] {processor.py:914} INFO - Processing file /home/airflow/.local/lib/python3.12/site-packages/airflow/example_dags/example_branch_python_dop_operator_3.py for tasks to queue
[2024-10-12T20:49:32.279+0000] {logging_mixin.py:190} INFO - [2024-10-12T20:49:32.279+0000] {dagbag.py:588} INFO - Filling up the DagBag from /home/airflow/.local/lib/python3.12/site-packages/airflow/example_dags/example_branch_python_dop_operator_3.py
[2024-10-12T20:49:32.294+0000] {processor.py:925} INFO - DAG(s) 'example_branch_dop_operator_v3' retrieved from /home/airflow/.local/lib/python3.12/site-packages/airflow/example_dags/example_branch_python_dop_operator_3.py
[2024-10-12T20:49:32.327+0000] {logging_mixin.py:190} INFO - [2024-10-12T20:49:32.326+0000] {dag.py:3239} INFO - Sync 1 DAGs
[2024-10-12T20:49:32.362+0000] {logging_mixin.py:190} INFO - [2024-10-12T20:49:32.362+0000] {dag.py:4180} INFO - Setting next_dagrun for example_branch_dop_operator_v3 to 2024-10-12 20:48:00+00:00, run_after=2024-10-12 20:49:00+00:00
[2024-10-12T20:49:32.390+0000] {processor.py:208} INFO - Processing /home/airflow/.local/lib/python3.12/site-packages/airflow/example_dags/example_branch_python_dop_operator_3.py took 0.126 seconds
[2024-10-12T20:50:03.286+0000] {processor.py:186} INFO - Started process (PID=1849) to work on /home/airflow/.local/lib/python3.12/site-packages/airflow/example_dags/example_branch_python_dop_operator_3.py
[2024-10-12T20:50:03.288+0000] {processor.py:914} INFO - Processing file /home/airflow/.local/lib/python3.12/site-packages/airflow/example_dags/example_branch_python_dop_operator_3.py for tasks to queue
[2024-10-12T20:50:03.293+0000] {logging_mixin.py:190} INFO - [2024-10-12T20:50:03.292+0000] {dagbag.py:588} INFO - Filling up the DagBag from /home/airflow/.local/lib/python3.12/site-packages/airflow/example_dags/example_branch_python_dop_operator_3.py
[2024-10-12T20:50:03.310+0000] {processor.py:925} INFO - DAG(s) 'example_branch_dop_operator_v3' retrieved from /home/airflow/.local/lib/python3.12/site-packages/airflow/example_dags/example_branch_python_dop_operator_3.py
[2024-10-12T20:50:03.345+0000] {logging_mixin.py:190} INFO - [2024-10-12T20:50:03.344+0000] {dag.py:3239} INFO - Sync 1 DAGs
[2024-10-12T20:50:03.394+0000] {logging_mixin.py:190} INFO - [2024-10-12T20:50:03.393+0000] {dag.py:4180} INFO - Setting next_dagrun for example_branch_dop_operator_v3 to 2024-10-12 20:49:00+00:00, run_after=2024-10-12 20:50:00+00:00
[2024-10-12T20:50:03.429+0000] {processor.py:208} INFO - Processing /home/airflow/.local/lib/python3.12/site-packages/airflow/example_dags/example_branch_python_dop_operator_3.py took 0.155 seconds
