[2024-10-12T20:35:28.421+0000] {processor.py:186} INFO - Started process (PID=75) to work on /home/airflow/.local/lib/python3.12/site-packages/airflow/example_dags/example_outlet_event_extra.py
[2024-10-12T20:35:28.431+0000] {processor.py:914} INFO - Processing file /home/airflow/.local/lib/python3.12/site-packages/airflow/example_dags/example_outlet_event_extra.py for tasks to queue
[2024-10-12T20:35:28.437+0000] {logging_mixin.py:190} INFO - [2024-10-12T20:35:28.436+0000] {dagbag.py:588} INFO - Filling up the DagBag from /home/airflow/.local/lib/python3.12/site-packages/airflow/example_dags/example_outlet_event_extra.py
[2024-10-12T20:35:29.376+0000] {processor.py:925} INFO - DAG(s) 'dataset_with_extra_by_context', 'dataset_with_extra_by_yield', 'dataset_with_extra_from_classic_operator' retrieved from /home/airflow/.local/lib/python3.12/site-packages/airflow/example_dags/example_outlet_event_extra.py
[2024-10-12T20:35:29.537+0000] {logging_mixin.py:190} INFO - [2024-10-12T20:35:29.535+0000] {override.py:1900} INFO - Created Permission View: can delete on DAG:dataset_with_extra_by_context
[2024-10-12T20:35:29.559+0000] {logging_mixin.py:190} INFO - [2024-10-12T20:35:29.559+0000] {override.py:1900} INFO - Created Permission View: can edit on DAG:dataset_with_extra_by_context
[2024-10-12T20:35:29.572+0000] {logging_mixin.py:190} INFO - [2024-10-12T20:35:29.571+0000] {override.py:1900} INFO - Created Permission View: can read on DAG:dataset_with_extra_by_context
[2024-10-12T20:35:29.585+0000] {logging_mixin.py:190} INFO - [2024-10-12T20:35:29.584+0000] {override.py:1900} INFO - Created Permission View: can delete on DAG Run:dataset_with_extra_by_context
[2024-10-12T20:35:29.619+0000] {logging_mixin.py:190} INFO - [2024-10-12T20:35:29.619+0000] {override.py:1900} INFO - Created Permission View: can create on DAG Run:dataset_with_extra_by_context
[2024-10-12T20:35:29.639+0000] {logging_mixin.py:190} INFO - [2024-10-12T20:35:29.639+0000] {override.py:1900} INFO - Created Permission View: menu access on DAG Run:dataset_with_extra_by_context
[2024-10-12T20:35:29.651+0000] {logging_mixin.py:190} INFO - [2024-10-12T20:35:29.650+0000] {override.py:1900} INFO - Created Permission View: can read on DAG Run:dataset_with_extra_by_context
[2024-10-12T20:35:29.673+0000] {logging_mixin.py:190} INFO - [2024-10-12T20:35:29.672+0000] {override.py:1900} INFO - Created Permission View: can delete on DAG:dataset_with_extra_by_yield
[2024-10-12T20:35:29.685+0000] {logging_mixin.py:190} INFO - [2024-10-12T20:35:29.684+0000] {override.py:1900} INFO - Created Permission View: can edit on DAG:dataset_with_extra_by_yield
[2024-10-12T20:35:29.695+0000] {logging_mixin.py:190} INFO - [2024-10-12T20:35:29.694+0000] {override.py:1900} INFO - Created Permission View: can read on DAG:dataset_with_extra_by_yield
[2024-10-12T20:35:29.709+0000] {logging_mixin.py:190} INFO - [2024-10-12T20:35:29.708+0000] {override.py:1900} INFO - Created Permission View: can delete on DAG Run:dataset_with_extra_by_yield
[2024-10-12T20:35:29.720+0000] {logging_mixin.py:190} INFO - [2024-10-12T20:35:29.719+0000] {override.py:1900} INFO - Created Permission View: can create on DAG Run:dataset_with_extra_by_yield
[2024-10-12T20:35:29.733+0000] {logging_mixin.py:190} INFO - [2024-10-12T20:35:29.733+0000] {override.py:1900} INFO - Created Permission View: menu access on DAG Run:dataset_with_extra_by_yield
[2024-10-12T20:35:29.745+0000] {logging_mixin.py:190} INFO - [2024-10-12T20:35:29.744+0000] {override.py:1900} INFO - Created Permission View: can read on DAG Run:dataset_with_extra_by_yield
[2024-10-12T20:35:29.768+0000] {logging_mixin.py:190} INFO - [2024-10-12T20:35:29.767+0000] {override.py:1900} INFO - Created Permission View: can delete on DAG:dataset_with_extra_from_classic_operator
[2024-10-12T20:35:29.780+0000] {logging_mixin.py:190} INFO - [2024-10-12T20:35:29.779+0000] {override.py:1900} INFO - Created Permission View: can edit on DAG:dataset_with_extra_from_classic_operator
[2024-10-12T20:35:29.793+0000] {logging_mixin.py:190} INFO - [2024-10-12T20:35:29.792+0000] {override.py:1900} INFO - Created Permission View: can read on DAG:dataset_with_extra_from_classic_operator
[2024-10-12T20:35:29.806+0000] {logging_mixin.py:190} INFO - [2024-10-12T20:35:29.805+0000] {override.py:1900} INFO - Created Permission View: can delete on DAG Run:dataset_with_extra_from_classic_operator
[2024-10-12T20:35:29.816+0000] {logging_mixin.py:190} INFO - [2024-10-12T20:35:29.816+0000] {override.py:1900} INFO - Created Permission View: can create on DAG Run:dataset_with_extra_from_classic_operator
[2024-10-12T20:35:29.830+0000] {logging_mixin.py:190} INFO - [2024-10-12T20:35:29.829+0000] {override.py:1900} INFO - Created Permission View: menu access on DAG Run:dataset_with_extra_from_classic_operator
[2024-10-12T20:35:29.841+0000] {logging_mixin.py:190} INFO - [2024-10-12T20:35:29.840+0000] {override.py:1900} INFO - Created Permission View: can read on DAG Run:dataset_with_extra_from_classic_operator
[2024-10-12T20:35:29.842+0000] {logging_mixin.py:190} INFO - [2024-10-12T20:35:29.842+0000] {dag.py:3239} INFO - Sync 3 DAGs
[2024-10-12T20:35:29.862+0000] {logging_mixin.py:190} INFO - [2024-10-12T20:35:29.861+0000] {dag.py:3262} INFO - Creating ORM DAG for dataset_with_extra_from_classic_operator
[2024-10-12T20:35:29.863+0000] {logging_mixin.py:190} INFO - [2024-10-12T20:35:29.863+0000] {dag.py:3262} INFO - Creating ORM DAG for dataset_with_extra_by_context
[2024-10-12T20:35:29.864+0000] {logging_mixin.py:190} INFO - [2024-10-12T20:35:29.864+0000] {dag.py:3262} INFO - Creating ORM DAG for dataset_with_extra_by_yield
[2024-10-12T20:35:29.880+0000] {logging_mixin.py:190} INFO - [2024-10-12T20:35:29.880+0000] {dag.py:4180} INFO - Setting next_dagrun for dataset_with_extra_by_context to 2024-10-11 00:00:00+00:00, run_after=2024-10-12 00:00:00+00:00
[2024-10-12T20:35:29.883+0000] {logging_mixin.py:190} INFO - [2024-10-12T20:35:29.883+0000] {dag.py:4180} INFO - Setting next_dagrun for dataset_with_extra_by_yield to 2024-10-11 00:00:00+00:00, run_after=2024-10-12 00:00:00+00:00
[2024-10-12T20:35:29.886+0000] {logging_mixin.py:190} INFO - [2024-10-12T20:35:29.886+0000] {dag.py:4180} INFO - Setting next_dagrun for dataset_with_extra_from_classic_operator to 2024-10-11 00:00:00+00:00, run_after=2024-10-12 00:00:00+00:00
[2024-10-12T20:35:29.926+0000] {processor.py:208} INFO - Processing /home/airflow/.local/lib/python3.12/site-packages/airflow/example_dags/example_outlet_event_extra.py took 1.532 seconds
[2024-10-12T20:36:00.103+0000] {processor.py:186} INFO - Started process (PID=138) to work on /home/airflow/.local/lib/python3.12/site-packages/airflow/example_dags/example_outlet_event_extra.py
[2024-10-12T20:36:00.104+0000] {processor.py:914} INFO - Processing file /home/airflow/.local/lib/python3.12/site-packages/airflow/example_dags/example_outlet_event_extra.py for tasks to queue
[2024-10-12T20:36:00.108+0000] {logging_mixin.py:190} INFO - [2024-10-12T20:36:00.108+0000] {dagbag.py:588} INFO - Filling up the DagBag from /home/airflow/.local/lib/python3.12/site-packages/airflow/example_dags/example_outlet_event_extra.py
[2024-10-12T20:36:00.298+0000] {processor.py:925} INFO - DAG(s) 'dataset_with_extra_by_yield', 'dataset_with_extra_from_classic_operator', 'dataset_with_extra_by_context' retrieved from /home/airflow/.local/lib/python3.12/site-packages/airflow/example_dags/example_outlet_event_extra.py
[2024-10-12T20:36:00.344+0000] {logging_mixin.py:190} INFO - [2024-10-12T20:36:00.343+0000] {dag.py:3239} INFO - Sync 3 DAGs
[2024-10-12T20:36:00.375+0000] {logging_mixin.py:190} INFO - [2024-10-12T20:36:00.375+0000] {dag.py:4180} INFO - Setting next_dagrun for dataset_with_extra_by_context to 2024-10-11 00:00:00+00:00, run_after=2024-10-12 00:00:00+00:00
[2024-10-12T20:36:00.381+0000] {logging_mixin.py:190} INFO - [2024-10-12T20:36:00.381+0000] {dag.py:4180} INFO - Setting next_dagrun for dataset_with_extra_by_yield to 2024-10-11 00:00:00+00:00, run_after=2024-10-12 00:00:00+00:00
[2024-10-12T20:36:00.385+0000] {logging_mixin.py:190} INFO - [2024-10-12T20:36:00.384+0000] {dag.py:4180} INFO - Setting next_dagrun for dataset_with_extra_from_classic_operator to 2024-10-11 00:00:00+00:00, run_after=2024-10-12 00:00:00+00:00
[2024-10-12T20:36:00.414+0000] {processor.py:208} INFO - Processing /home/airflow/.local/lib/python3.12/site-packages/airflow/example_dags/example_outlet_event_extra.py took 0.320 seconds
[2024-10-12T20:36:30.483+0000] {processor.py:186} INFO - Started process (PID=200) to work on /home/airflow/.local/lib/python3.12/site-packages/airflow/example_dags/example_outlet_event_extra.py
[2024-10-12T20:36:30.485+0000] {processor.py:914} INFO - Processing file /home/airflow/.local/lib/python3.12/site-packages/airflow/example_dags/example_outlet_event_extra.py for tasks to queue
[2024-10-12T20:36:30.489+0000] {logging_mixin.py:190} INFO - [2024-10-12T20:36:30.488+0000] {dagbag.py:588} INFO - Filling up the DagBag from /home/airflow/.local/lib/python3.12/site-packages/airflow/example_dags/example_outlet_event_extra.py
[2024-10-12T20:36:30.702+0000] {processor.py:925} INFO - DAG(s) 'dataset_with_extra_by_yield', 'dataset_with_extra_by_context', 'dataset_with_extra_from_classic_operator' retrieved from /home/airflow/.local/lib/python3.12/site-packages/airflow/example_dags/example_outlet_event_extra.py
[2024-10-12T20:36:30.741+0000] {logging_mixin.py:190} INFO - [2024-10-12T20:36:30.740+0000] {dag.py:3239} INFO - Sync 3 DAGs
[2024-10-12T20:36:30.802+0000] {logging_mixin.py:190} INFO - [2024-10-12T20:36:30.801+0000] {dag.py:4180} INFO - Setting next_dagrun for dataset_with_extra_by_context to 2024-10-11 00:00:00+00:00, run_after=2024-10-12 00:00:00+00:00
[2024-10-12T20:36:30.810+0000] {logging_mixin.py:190} INFO - [2024-10-12T20:36:30.810+0000] {dag.py:4180} INFO - Setting next_dagrun for dataset_with_extra_by_yield to 2024-10-11 00:00:00+00:00, run_after=2024-10-12 00:00:00+00:00
[2024-10-12T20:36:30.815+0000] {logging_mixin.py:190} INFO - [2024-10-12T20:36:30.815+0000] {dag.py:4180} INFO - Setting next_dagrun for dataset_with_extra_from_classic_operator to 2024-10-11 00:00:00+00:00, run_after=2024-10-12 00:00:00+00:00
[2024-10-12T20:36:30.858+0000] {processor.py:208} INFO - Processing /home/airflow/.local/lib/python3.12/site-packages/airflow/example_dags/example_outlet_event_extra.py took 0.384 seconds
[2024-10-12T20:37:01.718+0000] {processor.py:186} INFO - Started process (PID=262) to work on /home/airflow/.local/lib/python3.12/site-packages/airflow/example_dags/example_outlet_event_extra.py
[2024-10-12T20:37:01.719+0000] {processor.py:914} INFO - Processing file /home/airflow/.local/lib/python3.12/site-packages/airflow/example_dags/example_outlet_event_extra.py for tasks to queue
[2024-10-12T20:37:01.725+0000] {logging_mixin.py:190} INFO - [2024-10-12T20:37:01.725+0000] {dagbag.py:588} INFO - Filling up the DagBag from /home/airflow/.local/lib/python3.12/site-packages/airflow/example_dags/example_outlet_event_extra.py
[2024-10-12T20:37:01.962+0000] {processor.py:925} INFO - DAG(s) 'dataset_with_extra_from_classic_operator', 'dataset_with_extra_by_yield', 'dataset_with_extra_by_context' retrieved from /home/airflow/.local/lib/python3.12/site-packages/airflow/example_dags/example_outlet_event_extra.py
[2024-10-12T20:37:02.001+0000] {logging_mixin.py:190} INFO - [2024-10-12T20:37:02.001+0000] {dag.py:3239} INFO - Sync 3 DAGs
[2024-10-12T20:37:02.048+0000] {logging_mixin.py:190} INFO - [2024-10-12T20:37:02.047+0000] {dag.py:4180} INFO - Setting next_dagrun for dataset_with_extra_by_context to 2024-10-11 00:00:00+00:00, run_after=2024-10-12 00:00:00+00:00
[2024-10-12T20:37:02.057+0000] {logging_mixin.py:190} INFO - [2024-10-12T20:37:02.056+0000] {dag.py:4180} INFO - Setting next_dagrun for dataset_with_extra_by_yield to 2024-10-11 00:00:00+00:00, run_after=2024-10-12 00:00:00+00:00
[2024-10-12T20:37:02.061+0000] {logging_mixin.py:190} INFO - [2024-10-12T20:37:02.061+0000] {dag.py:4180} INFO - Setting next_dagrun for dataset_with_extra_from_classic_operator to 2024-10-11 00:00:00+00:00, run_after=2024-10-12 00:00:00+00:00
[2024-10-12T20:37:02.096+0000] {processor.py:208} INFO - Processing /home/airflow/.local/lib/python3.12/site-packages/airflow/example_dags/example_outlet_event_extra.py took 0.399 seconds
[2024-10-12T20:37:32.703+0000] {processor.py:186} INFO - Started process (PID=325) to work on /home/airflow/.local/lib/python3.12/site-packages/airflow/example_dags/example_outlet_event_extra.py
[2024-10-12T20:37:32.705+0000] {processor.py:914} INFO - Processing file /home/airflow/.local/lib/python3.12/site-packages/airflow/example_dags/example_outlet_event_extra.py for tasks to queue
[2024-10-12T20:37:32.709+0000] {logging_mixin.py:190} INFO - [2024-10-12T20:37:32.708+0000] {dagbag.py:588} INFO - Filling up the DagBag from /home/airflow/.local/lib/python3.12/site-packages/airflow/example_dags/example_outlet_event_extra.py
[2024-10-12T20:37:33.040+0000] {processor.py:925} INFO - DAG(s) 'dataset_with_extra_from_classic_operator', 'dataset_with_extra_by_context', 'dataset_with_extra_by_yield' retrieved from /home/airflow/.local/lib/python3.12/site-packages/airflow/example_dags/example_outlet_event_extra.py
[2024-10-12T20:37:33.093+0000] {logging_mixin.py:190} INFO - [2024-10-12T20:37:33.092+0000] {dag.py:3239} INFO - Sync 3 DAGs
[2024-10-12T20:37:33.133+0000] {logging_mixin.py:190} INFO - [2024-10-12T20:37:33.132+0000] {dag.py:4180} INFO - Setting next_dagrun for dataset_with_extra_by_context to 2024-10-11 00:00:00+00:00, run_after=2024-10-12 00:00:00+00:00
[2024-10-12T20:37:33.144+0000] {logging_mixin.py:190} INFO - [2024-10-12T20:37:33.144+0000] {dag.py:4180} INFO - Setting next_dagrun for dataset_with_extra_by_yield to 2024-10-11 00:00:00+00:00, run_after=2024-10-12 00:00:00+00:00
[2024-10-12T20:37:33.149+0000] {logging_mixin.py:190} INFO - [2024-10-12T20:37:33.149+0000] {dag.py:4180} INFO - Setting next_dagrun for dataset_with_extra_from_classic_operator to 2024-10-11 00:00:00+00:00, run_after=2024-10-12 00:00:00+00:00
[2024-10-12T20:37:33.186+0000] {processor.py:208} INFO - Processing /home/airflow/.local/lib/python3.12/site-packages/airflow/example_dags/example_outlet_event_extra.py took 0.499 seconds
[2024-10-12T20:38:03.489+0000] {processor.py:186} INFO - Started process (PID=386) to work on /home/airflow/.local/lib/python3.12/site-packages/airflow/example_dags/example_outlet_event_extra.py
[2024-10-12T20:38:03.491+0000] {processor.py:914} INFO - Processing file /home/airflow/.local/lib/python3.12/site-packages/airflow/example_dags/example_outlet_event_extra.py for tasks to queue
[2024-10-12T20:38:03.497+0000] {logging_mixin.py:190} INFO - [2024-10-12T20:38:03.496+0000] {dagbag.py:588} INFO - Filling up the DagBag from /home/airflow/.local/lib/python3.12/site-packages/airflow/example_dags/example_outlet_event_extra.py
[2024-10-12T20:38:03.725+0000] {processor.py:925} INFO - DAG(s) 'dataset_with_extra_by_context', 'dataset_with_extra_from_classic_operator', 'dataset_with_extra_by_yield' retrieved from /home/airflow/.local/lib/python3.12/site-packages/airflow/example_dags/example_outlet_event_extra.py
[2024-10-12T20:38:03.765+0000] {logging_mixin.py:190} INFO - [2024-10-12T20:38:03.765+0000] {dag.py:3239} INFO - Sync 3 DAGs
[2024-10-12T20:38:03.807+0000] {logging_mixin.py:190} INFO - [2024-10-12T20:38:03.807+0000] {dag.py:4180} INFO - Setting next_dagrun for dataset_with_extra_by_context to 2024-10-11 00:00:00+00:00, run_after=2024-10-12 00:00:00+00:00
[2024-10-12T20:38:03.815+0000] {logging_mixin.py:190} INFO - [2024-10-12T20:38:03.815+0000] {dag.py:4180} INFO - Setting next_dagrun for dataset_with_extra_by_yield to 2024-10-11 00:00:00+00:00, run_after=2024-10-12 00:00:00+00:00
[2024-10-12T20:38:03.820+0000] {logging_mixin.py:190} INFO - [2024-10-12T20:38:03.820+0000] {dag.py:4180} INFO - Setting next_dagrun for dataset_with_extra_from_classic_operator to 2024-10-11 00:00:00+00:00, run_after=2024-10-12 00:00:00+00:00
[2024-10-12T20:38:03.852+0000] {processor.py:208} INFO - Processing /home/airflow/.local/lib/python3.12/site-packages/airflow/example_dags/example_outlet_event_extra.py took 0.384 seconds
[2024-10-12T20:38:34.023+0000] {processor.py:186} INFO - Started process (PID=448) to work on /home/airflow/.local/lib/python3.12/site-packages/airflow/example_dags/example_outlet_event_extra.py
[2024-10-12T20:38:34.025+0000] {processor.py:914} INFO - Processing file /home/airflow/.local/lib/python3.12/site-packages/airflow/example_dags/example_outlet_event_extra.py for tasks to queue
[2024-10-12T20:38:34.030+0000] {logging_mixin.py:190} INFO - [2024-10-12T20:38:34.029+0000] {dagbag.py:588} INFO - Filling up the DagBag from /home/airflow/.local/lib/python3.12/site-packages/airflow/example_dags/example_outlet_event_extra.py
[2024-10-12T20:38:34.249+0000] {processor.py:925} INFO - DAG(s) 'dataset_with_extra_by_context', 'dataset_with_extra_from_classic_operator', 'dataset_with_extra_by_yield' retrieved from /home/airflow/.local/lib/python3.12/site-packages/airflow/example_dags/example_outlet_event_extra.py
[2024-10-12T20:38:34.292+0000] {logging_mixin.py:190} INFO - [2024-10-12T20:38:34.292+0000] {dag.py:3239} INFO - Sync 3 DAGs
[2024-10-12T20:38:34.333+0000] {logging_mixin.py:190} INFO - [2024-10-12T20:38:34.332+0000] {dag.py:4180} INFO - Setting next_dagrun for dataset_with_extra_by_context to 2024-10-11 00:00:00+00:00, run_after=2024-10-12 00:00:00+00:00
[2024-10-12T20:38:34.340+0000] {logging_mixin.py:190} INFO - [2024-10-12T20:38:34.340+0000] {dag.py:4180} INFO - Setting next_dagrun for dataset_with_extra_by_yield to 2024-10-11 00:00:00+00:00, run_after=2024-10-12 00:00:00+00:00
[2024-10-12T20:38:34.344+0000] {logging_mixin.py:190} INFO - [2024-10-12T20:38:34.344+0000] {dag.py:4180} INFO - Setting next_dagrun for dataset_with_extra_from_classic_operator to 2024-10-11 00:00:00+00:00, run_after=2024-10-12 00:00:00+00:00
[2024-10-12T20:38:34.385+0000] {processor.py:208} INFO - Processing /home/airflow/.local/lib/python3.12/site-packages/airflow/example_dags/example_outlet_event_extra.py took 0.370 seconds
[2024-10-12T20:39:04.885+0000] {processor.py:186} INFO - Started process (PID=510) to work on /home/airflow/.local/lib/python3.12/site-packages/airflow/example_dags/example_outlet_event_extra.py
[2024-10-12T20:39:04.887+0000] {processor.py:914} INFO - Processing file /home/airflow/.local/lib/python3.12/site-packages/airflow/example_dags/example_outlet_event_extra.py for tasks to queue
[2024-10-12T20:39:04.892+0000] {logging_mixin.py:190} INFO - [2024-10-12T20:39:04.891+0000] {dagbag.py:588} INFO - Filling up the DagBag from /home/airflow/.local/lib/python3.12/site-packages/airflow/example_dags/example_outlet_event_extra.py
[2024-10-12T20:39:05.085+0000] {processor.py:925} INFO - DAG(s) 'dataset_with_extra_by_yield', 'dataset_with_extra_by_context', 'dataset_with_extra_from_classic_operator' retrieved from /home/airflow/.local/lib/python3.12/site-packages/airflow/example_dags/example_outlet_event_extra.py
[2024-10-12T20:39:05.134+0000] {logging_mixin.py:190} INFO - [2024-10-12T20:39:05.133+0000] {dag.py:3239} INFO - Sync 3 DAGs
[2024-10-12T20:39:05.168+0000] {logging_mixin.py:190} INFO - [2024-10-12T20:39:05.168+0000] {dag.py:4180} INFO - Setting next_dagrun for dataset_with_extra_by_context to 2024-10-11 00:00:00+00:00, run_after=2024-10-12 00:00:00+00:00
[2024-10-12T20:39:05.174+0000] {logging_mixin.py:190} INFO - [2024-10-12T20:39:05.174+0000] {dag.py:4180} INFO - Setting next_dagrun for dataset_with_extra_by_yield to 2024-10-11 00:00:00+00:00, run_after=2024-10-12 00:00:00+00:00
[2024-10-12T20:39:05.177+0000] {logging_mixin.py:190} INFO - [2024-10-12T20:39:05.177+0000] {dag.py:4180} INFO - Setting next_dagrun for dataset_with_extra_from_classic_operator to 2024-10-11 00:00:00+00:00, run_after=2024-10-12 00:00:00+00:00
[2024-10-12T20:39:05.207+0000] {processor.py:208} INFO - Processing /home/airflow/.local/lib/python3.12/site-packages/airflow/example_dags/example_outlet_event_extra.py took 0.334 seconds
[2024-10-12T20:39:36.142+0000] {processor.py:186} INFO - Started process (PID=572) to work on /home/airflow/.local/lib/python3.12/site-packages/airflow/example_dags/example_outlet_event_extra.py
[2024-10-12T20:39:36.146+0000] {processor.py:914} INFO - Processing file /home/airflow/.local/lib/python3.12/site-packages/airflow/example_dags/example_outlet_event_extra.py for tasks to queue
[2024-10-12T20:39:36.153+0000] {logging_mixin.py:190} INFO - [2024-10-12T20:39:36.152+0000] {dagbag.py:588} INFO - Filling up the DagBag from /home/airflow/.local/lib/python3.12/site-packages/airflow/example_dags/example_outlet_event_extra.py
[2024-10-12T20:39:36.340+0000] {processor.py:925} INFO - DAG(s) 'dataset_with_extra_by_yield', 'dataset_with_extra_by_context', 'dataset_with_extra_from_classic_operator' retrieved from /home/airflow/.local/lib/python3.12/site-packages/airflow/example_dags/example_outlet_event_extra.py
[2024-10-12T20:39:36.373+0000] {logging_mixin.py:190} INFO - [2024-10-12T20:39:36.373+0000] {dag.py:3239} INFO - Sync 3 DAGs
[2024-10-12T20:39:36.409+0000] {logging_mixin.py:190} INFO - [2024-10-12T20:39:36.409+0000] {dag.py:4180} INFO - Setting next_dagrun for dataset_with_extra_by_context to 2024-10-11 00:00:00+00:00, run_after=2024-10-12 00:00:00+00:00
[2024-10-12T20:39:36.416+0000] {logging_mixin.py:190} INFO - [2024-10-12T20:39:36.416+0000] {dag.py:4180} INFO - Setting next_dagrun for dataset_with_extra_by_yield to 2024-10-11 00:00:00+00:00, run_after=2024-10-12 00:00:00+00:00
[2024-10-12T20:39:36.420+0000] {logging_mixin.py:190} INFO - [2024-10-12T20:39:36.420+0000] {dag.py:4180} INFO - Setting next_dagrun for dataset_with_extra_from_classic_operator to 2024-10-11 00:00:00+00:00, run_after=2024-10-12 00:00:00+00:00
[2024-10-12T20:39:36.450+0000] {processor.py:208} INFO - Processing /home/airflow/.local/lib/python3.12/site-packages/airflow/example_dags/example_outlet_event_extra.py took 0.322 seconds
[2024-10-12T20:40:06.902+0000] {processor.py:186} INFO - Started process (PID=633) to work on /home/airflow/.local/lib/python3.12/site-packages/airflow/example_dags/example_outlet_event_extra.py
[2024-10-12T20:40:06.904+0000] {processor.py:914} INFO - Processing file /home/airflow/.local/lib/python3.12/site-packages/airflow/example_dags/example_outlet_event_extra.py for tasks to queue
[2024-10-12T20:40:06.908+0000] {logging_mixin.py:190} INFO - [2024-10-12T20:40:06.907+0000] {dagbag.py:588} INFO - Filling up the DagBag from /home/airflow/.local/lib/python3.12/site-packages/airflow/example_dags/example_outlet_event_extra.py
[2024-10-12T20:40:07.156+0000] {processor.py:925} INFO - DAG(s) 'dataset_with_extra_by_context', 'dataset_with_extra_from_classic_operator', 'dataset_with_extra_by_yield' retrieved from /home/airflow/.local/lib/python3.12/site-packages/airflow/example_dags/example_outlet_event_extra.py
[2024-10-12T20:40:07.193+0000] {logging_mixin.py:190} INFO - [2024-10-12T20:40:07.193+0000] {dag.py:3239} INFO - Sync 3 DAGs
[2024-10-12T20:40:07.235+0000] {logging_mixin.py:190} INFO - [2024-10-12T20:40:07.234+0000] {dag.py:4180} INFO - Setting next_dagrun for dataset_with_extra_by_context to 2024-10-11 00:00:00+00:00, run_after=2024-10-12 00:00:00+00:00
[2024-10-12T20:40:07.242+0000] {logging_mixin.py:190} INFO - [2024-10-12T20:40:07.242+0000] {dag.py:4180} INFO - Setting next_dagrun for dataset_with_extra_by_yield to 2024-10-11 00:00:00+00:00, run_after=2024-10-12 00:00:00+00:00
[2024-10-12T20:40:07.247+0000] {logging_mixin.py:190} INFO - [2024-10-12T20:40:07.246+0000] {dag.py:4180} INFO - Setting next_dagrun for dataset_with_extra_from_classic_operator to 2024-10-11 00:00:00+00:00, run_after=2024-10-12 00:00:00+00:00
[2024-10-12T20:40:07.284+0000] {processor.py:208} INFO - Processing /home/airflow/.local/lib/python3.12/site-packages/airflow/example_dags/example_outlet_event_extra.py took 0.394 seconds
[2024-10-12T20:40:37.569+0000] {processor.py:186} INFO - Started process (PID=695) to work on /home/airflow/.local/lib/python3.12/site-packages/airflow/example_dags/example_outlet_event_extra.py
[2024-10-12T20:40:37.572+0000] {processor.py:914} INFO - Processing file /home/airflow/.local/lib/python3.12/site-packages/airflow/example_dags/example_outlet_event_extra.py for tasks to queue
[2024-10-12T20:40:37.579+0000] {logging_mixin.py:190} INFO - [2024-10-12T20:40:37.578+0000] {dagbag.py:588} INFO - Filling up the DagBag from /home/airflow/.local/lib/python3.12/site-packages/airflow/example_dags/example_outlet_event_extra.py
[2024-10-12T20:40:37.820+0000] {processor.py:925} INFO - DAG(s) 'dataset_with_extra_by_context', 'dataset_with_extra_from_classic_operator', 'dataset_with_extra_by_yield' retrieved from /home/airflow/.local/lib/python3.12/site-packages/airflow/example_dags/example_outlet_event_extra.py
[2024-10-12T20:40:37.859+0000] {logging_mixin.py:190} INFO - [2024-10-12T20:40:37.859+0000] {dag.py:3239} INFO - Sync 3 DAGs
[2024-10-12T20:40:37.892+0000] {logging_mixin.py:190} INFO - [2024-10-12T20:40:37.891+0000] {dag.py:4180} INFO - Setting next_dagrun for dataset_with_extra_by_context to 2024-10-11 00:00:00+00:00, run_after=2024-10-12 00:00:00+00:00
[2024-10-12T20:40:37.899+0000] {logging_mixin.py:190} INFO - [2024-10-12T20:40:37.899+0000] {dag.py:4180} INFO - Setting next_dagrun for dataset_with_extra_by_yield to 2024-10-11 00:00:00+00:00, run_after=2024-10-12 00:00:00+00:00
[2024-10-12T20:40:37.902+0000] {logging_mixin.py:190} INFO - [2024-10-12T20:40:37.902+0000] {dag.py:4180} INFO - Setting next_dagrun for dataset_with_extra_from_classic_operator to 2024-10-11 00:00:00+00:00, run_after=2024-10-12 00:00:00+00:00
[2024-10-12T20:40:37.932+0000] {processor.py:208} INFO - Processing /home/airflow/.local/lib/python3.12/site-packages/airflow/example_dags/example_outlet_event_extra.py took 0.384 seconds
[2024-10-12T20:41:08.777+0000] {processor.py:186} INFO - Started process (PID=757) to work on /home/airflow/.local/lib/python3.12/site-packages/airflow/example_dags/example_outlet_event_extra.py
[2024-10-12T20:41:08.780+0000] {processor.py:914} INFO - Processing file /home/airflow/.local/lib/python3.12/site-packages/airflow/example_dags/example_outlet_event_extra.py for tasks to queue
[2024-10-12T20:41:08.784+0000] {logging_mixin.py:190} INFO - [2024-10-12T20:41:08.783+0000] {dagbag.py:588} INFO - Filling up the DagBag from /home/airflow/.local/lib/python3.12/site-packages/airflow/example_dags/example_outlet_event_extra.py
[2024-10-12T20:41:09.034+0000] {processor.py:925} INFO - DAG(s) 'dataset_with_extra_from_classic_operator', 'dataset_with_extra_by_yield', 'dataset_with_extra_by_context' retrieved from /home/airflow/.local/lib/python3.12/site-packages/airflow/example_dags/example_outlet_event_extra.py
[2024-10-12T20:41:09.078+0000] {logging_mixin.py:190} INFO - [2024-10-12T20:41:09.078+0000] {dag.py:3239} INFO - Sync 3 DAGs
[2024-10-12T20:41:09.129+0000] {logging_mixin.py:190} INFO - [2024-10-12T20:41:09.129+0000] {dag.py:4180} INFO - Setting next_dagrun for dataset_with_extra_by_context to 2024-10-11 00:00:00+00:00, run_after=2024-10-12 00:00:00+00:00
[2024-10-12T20:41:09.139+0000] {logging_mixin.py:190} INFO - [2024-10-12T20:41:09.139+0000] {dag.py:4180} INFO - Setting next_dagrun for dataset_with_extra_by_yield to 2024-10-11 00:00:00+00:00, run_after=2024-10-12 00:00:00+00:00
[2024-10-12T20:41:09.145+0000] {logging_mixin.py:190} INFO - [2024-10-12T20:41:09.144+0000] {dag.py:4180} INFO - Setting next_dagrun for dataset_with_extra_from_classic_operator to 2024-10-11 00:00:00+00:00, run_after=2024-10-12 00:00:00+00:00
[2024-10-12T20:41:09.188+0000] {processor.py:208} INFO - Processing /home/airflow/.local/lib/python3.12/site-packages/airflow/example_dags/example_outlet_event_extra.py took 0.423 seconds
[2024-10-12T20:41:39.636+0000] {processor.py:186} INFO - Started process (PID=819) to work on /home/airflow/.local/lib/python3.12/site-packages/airflow/example_dags/example_outlet_event_extra.py
[2024-10-12T20:41:39.641+0000] {processor.py:914} INFO - Processing file /home/airflow/.local/lib/python3.12/site-packages/airflow/example_dags/example_outlet_event_extra.py for tasks to queue
[2024-10-12T20:41:39.647+0000] {logging_mixin.py:190} INFO - [2024-10-12T20:41:39.646+0000] {dagbag.py:588} INFO - Filling up the DagBag from /home/airflow/.local/lib/python3.12/site-packages/airflow/example_dags/example_outlet_event_extra.py
[2024-10-12T20:41:40.009+0000] {processor.py:925} INFO - DAG(s) 'dataset_with_extra_from_classic_operator', 'dataset_with_extra_by_context', 'dataset_with_extra_by_yield' retrieved from /home/airflow/.local/lib/python3.12/site-packages/airflow/example_dags/example_outlet_event_extra.py
[2024-10-12T20:41:40.057+0000] {logging_mixin.py:190} INFO - [2024-10-12T20:41:40.056+0000] {dag.py:3239} INFO - Sync 3 DAGs
[2024-10-12T20:41:40.115+0000] {logging_mixin.py:190} INFO - [2024-10-12T20:41:40.113+0000] {dag.py:4180} INFO - Setting next_dagrun for dataset_with_extra_by_context to 2024-10-11 00:00:00+00:00, run_after=2024-10-12 00:00:00+00:00
[2024-10-12T20:41:40.126+0000] {logging_mixin.py:190} INFO - [2024-10-12T20:41:40.126+0000] {dag.py:4180} INFO - Setting next_dagrun for dataset_with_extra_by_yield to 2024-10-11 00:00:00+00:00, run_after=2024-10-12 00:00:00+00:00
[2024-10-12T20:41:40.132+0000] {logging_mixin.py:190} INFO - [2024-10-12T20:41:40.132+0000] {dag.py:4180} INFO - Setting next_dagrun for dataset_with_extra_from_classic_operator to 2024-10-11 00:00:00+00:00, run_after=2024-10-12 00:00:00+00:00
[2024-10-12T20:41:40.188+0000] {processor.py:208} INFO - Processing /home/airflow/.local/lib/python3.12/site-packages/airflow/example_dags/example_outlet_event_extra.py took 0.571 seconds
[2024-10-12T20:42:10.497+0000] {processor.py:186} INFO - Started process (PID=881) to work on /home/airflow/.local/lib/python3.12/site-packages/airflow/example_dags/example_outlet_event_extra.py
[2024-10-12T20:42:10.498+0000] {processor.py:914} INFO - Processing file /home/airflow/.local/lib/python3.12/site-packages/airflow/example_dags/example_outlet_event_extra.py for tasks to queue
[2024-10-12T20:42:10.502+0000] {logging_mixin.py:190} INFO - [2024-10-12T20:42:10.501+0000] {dagbag.py:588} INFO - Filling up the DagBag from /home/airflow/.local/lib/python3.12/site-packages/airflow/example_dags/example_outlet_event_extra.py
[2024-10-12T20:42:10.712+0000] {processor.py:925} INFO - DAG(s) 'dataset_with_extra_by_context', 'dataset_with_extra_from_classic_operator', 'dataset_with_extra_by_yield' retrieved from /home/airflow/.local/lib/python3.12/site-packages/airflow/example_dags/example_outlet_event_extra.py
[2024-10-12T20:42:10.753+0000] {logging_mixin.py:190} INFO - [2024-10-12T20:42:10.752+0000] {dag.py:3239} INFO - Sync 3 DAGs
[2024-10-12T20:42:10.799+0000] {logging_mixin.py:190} INFO - [2024-10-12T20:42:10.799+0000] {dag.py:4180} INFO - Setting next_dagrun for dataset_with_extra_by_context to 2024-10-11 00:00:00+00:00, run_after=2024-10-12 00:00:00+00:00
[2024-10-12T20:42:10.807+0000] {logging_mixin.py:190} INFO - [2024-10-12T20:42:10.807+0000] {dag.py:4180} INFO - Setting next_dagrun for dataset_with_extra_by_yield to 2024-10-11 00:00:00+00:00, run_after=2024-10-12 00:00:00+00:00
[2024-10-12T20:42:10.811+0000] {logging_mixin.py:190} INFO - [2024-10-12T20:42:10.810+0000] {dag.py:4180} INFO - Setting next_dagrun for dataset_with_extra_from_classic_operator to 2024-10-11 00:00:00+00:00, run_after=2024-10-12 00:00:00+00:00
[2024-10-12T20:42:10.842+0000] {processor.py:208} INFO - Processing /home/airflow/.local/lib/python3.12/site-packages/airflow/example_dags/example_outlet_event_extra.py took 0.356 seconds
[2024-10-12T20:42:41.431+0000] {processor.py:186} INFO - Started process (PID=943) to work on /home/airflow/.local/lib/python3.12/site-packages/airflow/example_dags/example_outlet_event_extra.py
[2024-10-12T20:42:41.434+0000] {processor.py:914} INFO - Processing file /home/airflow/.local/lib/python3.12/site-packages/airflow/example_dags/example_outlet_event_extra.py for tasks to queue
[2024-10-12T20:42:41.439+0000] {logging_mixin.py:190} INFO - [2024-10-12T20:42:41.438+0000] {dagbag.py:588} INFO - Filling up the DagBag from /home/airflow/.local/lib/python3.12/site-packages/airflow/example_dags/example_outlet_event_extra.py
[2024-10-12T20:42:41.671+0000] {processor.py:925} INFO - DAG(s) 'dataset_with_extra_from_classic_operator', 'dataset_with_extra_by_yield', 'dataset_with_extra_by_context' retrieved from /home/airflow/.local/lib/python3.12/site-packages/airflow/example_dags/example_outlet_event_extra.py
[2024-10-12T20:42:41.717+0000] {logging_mixin.py:190} INFO - [2024-10-12T20:42:41.717+0000] {dag.py:3239} INFO - Sync 3 DAGs
[2024-10-12T20:42:41.755+0000] {logging_mixin.py:190} INFO - [2024-10-12T20:42:41.754+0000] {dag.py:4180} INFO - Setting next_dagrun for dataset_with_extra_by_context to 2024-10-11 00:00:00+00:00, run_after=2024-10-12 00:00:00+00:00
[2024-10-12T20:42:41.761+0000] {logging_mixin.py:190} INFO - [2024-10-12T20:42:41.761+0000] {dag.py:4180} INFO - Setting next_dagrun for dataset_with_extra_by_yield to 2024-10-11 00:00:00+00:00, run_after=2024-10-12 00:00:00+00:00
[2024-10-12T20:42:41.765+0000] {logging_mixin.py:190} INFO - [2024-10-12T20:42:41.765+0000] {dag.py:4180} INFO - Setting next_dagrun for dataset_with_extra_from_classic_operator to 2024-10-11 00:00:00+00:00, run_after=2024-10-12 00:00:00+00:00
[2024-10-12T20:42:41.794+0000] {processor.py:208} INFO - Processing /home/airflow/.local/lib/python3.12/site-packages/airflow/example_dags/example_outlet_event_extra.py took 0.377 seconds
[2024-10-12T20:43:11.870+0000] {processor.py:186} INFO - Started process (PID=1005) to work on /home/airflow/.local/lib/python3.12/site-packages/airflow/example_dags/example_outlet_event_extra.py
[2024-10-12T20:43:11.872+0000] {processor.py:914} INFO - Processing file /home/airflow/.local/lib/python3.12/site-packages/airflow/example_dags/example_outlet_event_extra.py for tasks to queue
[2024-10-12T20:43:11.876+0000] {logging_mixin.py:190} INFO - [2024-10-12T20:43:11.876+0000] {dagbag.py:588} INFO - Filling up the DagBag from /home/airflow/.local/lib/python3.12/site-packages/airflow/example_dags/example_outlet_event_extra.py
[2024-10-12T20:43:12.079+0000] {processor.py:925} INFO - DAG(s) 'dataset_with_extra_by_yield', 'dataset_with_extra_from_classic_operator', 'dataset_with_extra_by_context' retrieved from /home/airflow/.local/lib/python3.12/site-packages/airflow/example_dags/example_outlet_event_extra.py
[2024-10-12T20:43:12.117+0000] {logging_mixin.py:190} INFO - [2024-10-12T20:43:12.117+0000] {dag.py:3239} INFO - Sync 3 DAGs
[2024-10-12T20:43:12.154+0000] {logging_mixin.py:190} INFO - [2024-10-12T20:43:12.153+0000] {dag.py:4180} INFO - Setting next_dagrun for dataset_with_extra_by_context to 2024-10-11 00:00:00+00:00, run_after=2024-10-12 00:00:00+00:00
[2024-10-12T20:43:12.161+0000] {logging_mixin.py:190} INFO - [2024-10-12T20:43:12.161+0000] {dag.py:4180} INFO - Setting next_dagrun for dataset_with_extra_by_yield to 2024-10-11 00:00:00+00:00, run_after=2024-10-12 00:00:00+00:00
[2024-10-12T20:43:12.165+0000] {logging_mixin.py:190} INFO - [2024-10-12T20:43:12.165+0000] {dag.py:4180} INFO - Setting next_dagrun for dataset_with_extra_from_classic_operator to 2024-10-11 00:00:00+00:00, run_after=2024-10-12 00:00:00+00:00
[2024-10-12T20:43:12.227+0000] {processor.py:208} INFO - Processing /home/airflow/.local/lib/python3.12/site-packages/airflow/example_dags/example_outlet_event_extra.py took 0.370 seconds
[2024-10-12T20:43:42.467+0000] {processor.py:186} INFO - Started process (PID=1066) to work on /home/airflow/.local/lib/python3.12/site-packages/airflow/example_dags/example_outlet_event_extra.py
[2024-10-12T20:43:42.468+0000] {processor.py:914} INFO - Processing file /home/airflow/.local/lib/python3.12/site-packages/airflow/example_dags/example_outlet_event_extra.py for tasks to queue
[2024-10-12T20:43:42.473+0000] {logging_mixin.py:190} INFO - [2024-10-12T20:43:42.472+0000] {dagbag.py:588} INFO - Filling up the DagBag from /home/airflow/.local/lib/python3.12/site-packages/airflow/example_dags/example_outlet_event_extra.py
[2024-10-12T20:43:42.680+0000] {processor.py:925} INFO - DAG(s) 'dataset_with_extra_by_context', 'dataset_with_extra_from_classic_operator', 'dataset_with_extra_by_yield' retrieved from /home/airflow/.local/lib/python3.12/site-packages/airflow/example_dags/example_outlet_event_extra.py
[2024-10-12T20:43:42.718+0000] {logging_mixin.py:190} INFO - [2024-10-12T20:43:42.718+0000] {dag.py:3239} INFO - Sync 3 DAGs
[2024-10-12T20:43:42.754+0000] {logging_mixin.py:190} INFO - [2024-10-12T20:43:42.753+0000] {dag.py:4180} INFO - Setting next_dagrun for dataset_with_extra_by_context to 2024-10-11 00:00:00+00:00, run_after=2024-10-12 00:00:00+00:00
[2024-10-12T20:43:42.760+0000] {logging_mixin.py:190} INFO - [2024-10-12T20:43:42.760+0000] {dag.py:4180} INFO - Setting next_dagrun for dataset_with_extra_by_yield to 2024-10-11 00:00:00+00:00, run_after=2024-10-12 00:00:00+00:00
[2024-10-12T20:43:42.764+0000] {logging_mixin.py:190} INFO - [2024-10-12T20:43:42.764+0000] {dag.py:4180} INFO - Setting next_dagrun for dataset_with_extra_from_classic_operator to 2024-10-11 00:00:00+00:00, run_after=2024-10-12 00:00:00+00:00
[2024-10-12T20:43:42.796+0000] {processor.py:208} INFO - Processing /home/airflow/.local/lib/python3.12/site-packages/airflow/example_dags/example_outlet_event_extra.py took 0.341 seconds
[2024-10-12T20:44:13.054+0000] {processor.py:186} INFO - Started process (PID=1128) to work on /home/airflow/.local/lib/python3.12/site-packages/airflow/example_dags/example_outlet_event_extra.py
[2024-10-12T20:44:13.057+0000] {processor.py:914} INFO - Processing file /home/airflow/.local/lib/python3.12/site-packages/airflow/example_dags/example_outlet_event_extra.py for tasks to queue
[2024-10-12T20:44:13.064+0000] {logging_mixin.py:190} INFO - [2024-10-12T20:44:13.063+0000] {dagbag.py:588} INFO - Filling up the DagBag from /home/airflow/.local/lib/python3.12/site-packages/airflow/example_dags/example_outlet_event_extra.py
[2024-10-12T20:44:13.347+0000] {processor.py:925} INFO - DAG(s) 'dataset_with_extra_by_context', 'dataset_with_extra_by_yield', 'dataset_with_extra_from_classic_operator' retrieved from /home/airflow/.local/lib/python3.12/site-packages/airflow/example_dags/example_outlet_event_extra.py
[2024-10-12T20:44:13.393+0000] {logging_mixin.py:190} INFO - [2024-10-12T20:44:13.393+0000] {dag.py:3239} INFO - Sync 3 DAGs
[2024-10-12T20:44:13.425+0000] {logging_mixin.py:190} INFO - [2024-10-12T20:44:13.425+0000] {dag.py:4180} INFO - Setting next_dagrun for dataset_with_extra_by_context to 2024-10-11 00:00:00+00:00, run_after=2024-10-12 00:00:00+00:00
[2024-10-12T20:44:13.433+0000] {logging_mixin.py:190} INFO - [2024-10-12T20:44:13.433+0000] {dag.py:4180} INFO - Setting next_dagrun for dataset_with_extra_by_yield to 2024-10-11 00:00:00+00:00, run_after=2024-10-12 00:00:00+00:00
[2024-10-12T20:44:13.439+0000] {logging_mixin.py:190} INFO - [2024-10-12T20:44:13.439+0000] {dag.py:4180} INFO - Setting next_dagrun for dataset_with_extra_from_classic_operator to 2024-10-11 00:00:00+00:00, run_after=2024-10-12 00:00:00+00:00
[2024-10-12T20:44:13.483+0000] {processor.py:208} INFO - Processing /home/airflow/.local/lib/python3.12/site-packages/airflow/example_dags/example_outlet_event_extra.py took 0.446 seconds
[2024-10-12T20:44:43.721+0000] {processor.py:186} INFO - Started process (PID=1190) to work on /home/airflow/.local/lib/python3.12/site-packages/airflow/example_dags/example_outlet_event_extra.py
[2024-10-12T20:44:43.723+0000] {processor.py:914} INFO - Processing file /home/airflow/.local/lib/python3.12/site-packages/airflow/example_dags/example_outlet_event_extra.py for tasks to queue
[2024-10-12T20:44:43.729+0000] {logging_mixin.py:190} INFO - [2024-10-12T20:44:43.729+0000] {dagbag.py:588} INFO - Filling up the DagBag from /home/airflow/.local/lib/python3.12/site-packages/airflow/example_dags/example_outlet_event_extra.py
[2024-10-12T20:44:43.992+0000] {processor.py:925} INFO - DAG(s) 'dataset_with_extra_from_classic_operator', 'dataset_with_extra_by_context', 'dataset_with_extra_by_yield' retrieved from /home/airflow/.local/lib/python3.12/site-packages/airflow/example_dags/example_outlet_event_extra.py
[2024-10-12T20:44:44.041+0000] {logging_mixin.py:190} INFO - [2024-10-12T20:44:44.040+0000] {dag.py:3239} INFO - Sync 3 DAGs
[2024-10-12T20:44:44.083+0000] {logging_mixin.py:190} INFO - [2024-10-12T20:44:44.083+0000] {dag.py:4180} INFO - Setting next_dagrun for dataset_with_extra_by_context to 2024-10-11 00:00:00+00:00, run_after=2024-10-12 00:00:00+00:00
[2024-10-12T20:44:44.094+0000] {logging_mixin.py:190} INFO - [2024-10-12T20:44:44.094+0000] {dag.py:4180} INFO - Setting next_dagrun for dataset_with_extra_by_yield to 2024-10-11 00:00:00+00:00, run_after=2024-10-12 00:00:00+00:00
[2024-10-12T20:44:44.100+0000] {logging_mixin.py:190} INFO - [2024-10-12T20:44:44.100+0000] {dag.py:4180} INFO - Setting next_dagrun for dataset_with_extra_from_classic_operator to 2024-10-11 00:00:00+00:00, run_after=2024-10-12 00:00:00+00:00
[2024-10-12T20:44:44.157+0000] {processor.py:208} INFO - Processing /home/airflow/.local/lib/python3.12/site-packages/airflow/example_dags/example_outlet_event_extra.py took 0.448 seconds
[2024-10-12T20:45:14.581+0000] {processor.py:186} INFO - Started process (PID=1253) to work on /home/airflow/.local/lib/python3.12/site-packages/airflow/example_dags/example_outlet_event_extra.py
[2024-10-12T20:45:14.583+0000] {processor.py:914} INFO - Processing file /home/airflow/.local/lib/python3.12/site-packages/airflow/example_dags/example_outlet_event_extra.py for tasks to queue
[2024-10-12T20:45:14.588+0000] {logging_mixin.py:190} INFO - [2024-10-12T20:45:14.588+0000] {dagbag.py:588} INFO - Filling up the DagBag from /home/airflow/.local/lib/python3.12/site-packages/airflow/example_dags/example_outlet_event_extra.py
[2024-10-12T20:45:14.833+0000] {processor.py:925} INFO - DAG(s) 'dataset_with_extra_by_yield', 'dataset_with_extra_by_context', 'dataset_with_extra_from_classic_operator' retrieved from /home/airflow/.local/lib/python3.12/site-packages/airflow/example_dags/example_outlet_event_extra.py
[2024-10-12T20:45:14.883+0000] {logging_mixin.py:190} INFO - [2024-10-12T20:45:14.882+0000] {dag.py:3239} INFO - Sync 3 DAGs
[2024-10-12T20:45:14.925+0000] {logging_mixin.py:190} INFO - [2024-10-12T20:45:14.925+0000] {dag.py:4180} INFO - Setting next_dagrun for dataset_with_extra_by_context to 2024-10-11 00:00:00+00:00, run_after=2024-10-12 00:00:00+00:00
[2024-10-12T20:45:14.936+0000] {logging_mixin.py:190} INFO - [2024-10-12T20:45:14.935+0000] {dag.py:4180} INFO - Setting next_dagrun for dataset_with_extra_by_yield to 2024-10-11 00:00:00+00:00, run_after=2024-10-12 00:00:00+00:00
[2024-10-12T20:45:14.942+0000] {logging_mixin.py:190} INFO - [2024-10-12T20:45:14.941+0000] {dag.py:4180} INFO - Setting next_dagrun for dataset_with_extra_from_classic_operator to 2024-10-11 00:00:00+00:00, run_after=2024-10-12 00:00:00+00:00
[2024-10-12T20:45:15.000+0000] {processor.py:208} INFO - Processing /home/airflow/.local/lib/python3.12/site-packages/airflow/example_dags/example_outlet_event_extra.py took 0.438 seconds
[2024-10-12T20:45:45.118+0000] {processor.py:186} INFO - Started process (PID=1316) to work on /home/airflow/.local/lib/python3.12/site-packages/airflow/example_dags/example_outlet_event_extra.py
[2024-10-12T20:45:45.119+0000] {processor.py:914} INFO - Processing file /home/airflow/.local/lib/python3.12/site-packages/airflow/example_dags/example_outlet_event_extra.py for tasks to queue
[2024-10-12T20:45:45.124+0000] {logging_mixin.py:190} INFO - [2024-10-12T20:45:45.123+0000] {dagbag.py:588} INFO - Filling up the DagBag from /home/airflow/.local/lib/python3.12/site-packages/airflow/example_dags/example_outlet_event_extra.py
[2024-10-12T20:45:45.380+0000] {processor.py:925} INFO - DAG(s) 'dataset_with_extra_by_yield', 'dataset_with_extra_by_context', 'dataset_with_extra_from_classic_operator' retrieved from /home/airflow/.local/lib/python3.12/site-packages/airflow/example_dags/example_outlet_event_extra.py
[2024-10-12T20:45:45.445+0000] {logging_mixin.py:190} INFO - [2024-10-12T20:45:45.445+0000] {dag.py:3239} INFO - Sync 3 DAGs
[2024-10-12T20:45:45.495+0000] {logging_mixin.py:190} INFO - [2024-10-12T20:45:45.494+0000] {dag.py:4180} INFO - Setting next_dagrun for dataset_with_extra_by_context to 2024-10-11 00:00:00+00:00, run_after=2024-10-12 00:00:00+00:00
[2024-10-12T20:45:45.506+0000] {logging_mixin.py:190} INFO - [2024-10-12T20:45:45.505+0000] {dag.py:4180} INFO - Setting next_dagrun for dataset_with_extra_by_yield to 2024-10-11 00:00:00+00:00, run_after=2024-10-12 00:00:00+00:00
[2024-10-12T20:45:45.511+0000] {logging_mixin.py:190} INFO - [2024-10-12T20:45:45.511+0000] {dag.py:4180} INFO - Setting next_dagrun for dataset_with_extra_from_classic_operator to 2024-10-11 00:00:00+00:00, run_after=2024-10-12 00:00:00+00:00
[2024-10-12T20:45:45.557+0000] {processor.py:208} INFO - Processing /home/airflow/.local/lib/python3.12/site-packages/airflow/example_dags/example_outlet_event_extra.py took 0.449 seconds
[2024-10-12T20:46:15.867+0000] {processor.py:186} INFO - Started process (PID=1379) to work on /home/airflow/.local/lib/python3.12/site-packages/airflow/example_dags/example_outlet_event_extra.py
[2024-10-12T20:46:15.868+0000] {processor.py:914} INFO - Processing file /home/airflow/.local/lib/python3.12/site-packages/airflow/example_dags/example_outlet_event_extra.py for tasks to queue
[2024-10-12T20:46:15.875+0000] {logging_mixin.py:190} INFO - [2024-10-12T20:46:15.874+0000] {dagbag.py:588} INFO - Filling up the DagBag from /home/airflow/.local/lib/python3.12/site-packages/airflow/example_dags/example_outlet_event_extra.py
[2024-10-12T20:46:16.123+0000] {processor.py:925} INFO - DAG(s) 'dataset_with_extra_by_yield', 'dataset_with_extra_by_context', 'dataset_with_extra_from_classic_operator' retrieved from /home/airflow/.local/lib/python3.12/site-packages/airflow/example_dags/example_outlet_event_extra.py
[2024-10-12T20:46:16.198+0000] {logging_mixin.py:190} INFO - [2024-10-12T20:46:16.197+0000] {dag.py:3239} INFO - Sync 3 DAGs
[2024-10-12T20:46:16.250+0000] {logging_mixin.py:190} INFO - [2024-10-12T20:46:16.249+0000] {dag.py:4180} INFO - Setting next_dagrun for dataset_with_extra_by_context to 2024-10-11 00:00:00+00:00, run_after=2024-10-12 00:00:00+00:00
[2024-10-12T20:46:16.271+0000] {logging_mixin.py:190} INFO - [2024-10-12T20:46:16.271+0000] {dag.py:4180} INFO - Setting next_dagrun for dataset_with_extra_by_yield to 2024-10-11 00:00:00+00:00, run_after=2024-10-12 00:00:00+00:00
[2024-10-12T20:46:16.278+0000] {logging_mixin.py:190} INFO - [2024-10-12T20:46:16.277+0000] {dag.py:4180} INFO - Setting next_dagrun for dataset_with_extra_from_classic_operator to 2024-10-11 00:00:00+00:00, run_after=2024-10-12 00:00:00+00:00
[2024-10-12T20:46:16.373+0000] {processor.py:208} INFO - Processing /home/airflow/.local/lib/python3.12/site-packages/airflow/example_dags/example_outlet_event_extra.py took 0.516 seconds
[2024-10-12T20:46:46.460+0000] {processor.py:186} INFO - Started process (PID=1443) to work on /home/airflow/.local/lib/python3.12/site-packages/airflow/example_dags/example_outlet_event_extra.py
[2024-10-12T20:46:46.461+0000] {processor.py:914} INFO - Processing file /home/airflow/.local/lib/python3.12/site-packages/airflow/example_dags/example_outlet_event_extra.py for tasks to queue
[2024-10-12T20:46:46.466+0000] {logging_mixin.py:190} INFO - [2024-10-12T20:46:46.465+0000] {dagbag.py:588} INFO - Filling up the DagBag from /home/airflow/.local/lib/python3.12/site-packages/airflow/example_dags/example_outlet_event_extra.py
[2024-10-12T20:46:46.693+0000] {processor.py:925} INFO - DAG(s) 'dataset_with_extra_by_yield', 'dataset_with_extra_by_context', 'dataset_with_extra_from_classic_operator' retrieved from /home/airflow/.local/lib/python3.12/site-packages/airflow/example_dags/example_outlet_event_extra.py
[2024-10-12T20:46:46.739+0000] {logging_mixin.py:190} INFO - [2024-10-12T20:46:46.738+0000] {dag.py:3239} INFO - Sync 3 DAGs
[2024-10-12T20:46:46.777+0000] {logging_mixin.py:190} INFO - [2024-10-12T20:46:46.777+0000] {dag.py:4180} INFO - Setting next_dagrun for dataset_with_extra_by_context to 2024-10-11 00:00:00+00:00, run_after=2024-10-12 00:00:00+00:00
[2024-10-12T20:46:46.785+0000] {logging_mixin.py:190} INFO - [2024-10-12T20:46:46.784+0000] {dag.py:4180} INFO - Setting next_dagrun for dataset_with_extra_by_yield to 2024-10-11 00:00:00+00:00, run_after=2024-10-12 00:00:00+00:00
[2024-10-12T20:46:46.789+0000] {logging_mixin.py:190} INFO - [2024-10-12T20:46:46.789+0000] {dag.py:4180} INFO - Setting next_dagrun for dataset_with_extra_from_classic_operator to 2024-10-11 00:00:00+00:00, run_after=2024-10-12 00:00:00+00:00
[2024-10-12T20:46:46.839+0000] {processor.py:208} INFO - Processing /home/airflow/.local/lib/python3.12/site-packages/airflow/example_dags/example_outlet_event_extra.py took 0.389 seconds
[2024-10-12T20:47:17.544+0000] {processor.py:186} INFO - Started process (PID=1505) to work on /home/airflow/.local/lib/python3.12/site-packages/airflow/example_dags/example_outlet_event_extra.py
[2024-10-12T20:47:17.546+0000] {processor.py:914} INFO - Processing file /home/airflow/.local/lib/python3.12/site-packages/airflow/example_dags/example_outlet_event_extra.py for tasks to queue
[2024-10-12T20:47:17.551+0000] {logging_mixin.py:190} INFO - [2024-10-12T20:47:17.550+0000] {dagbag.py:588} INFO - Filling up the DagBag from /home/airflow/.local/lib/python3.12/site-packages/airflow/example_dags/example_outlet_event_extra.py
[2024-10-12T20:47:17.814+0000] {processor.py:925} INFO - DAG(s) 'dataset_with_extra_by_yield', 'dataset_with_extra_by_context', 'dataset_with_extra_from_classic_operator' retrieved from /home/airflow/.local/lib/python3.12/site-packages/airflow/example_dags/example_outlet_event_extra.py
[2024-10-12T20:47:17.871+0000] {logging_mixin.py:190} INFO - [2024-10-12T20:47:17.870+0000] {dag.py:3239} INFO - Sync 3 DAGs
[2024-10-12T20:47:18.231+0000] {logging_mixin.py:190} INFO - [2024-10-12T20:47:18.231+0000] {dag.py:4180} INFO - Setting next_dagrun for dataset_with_extra_by_context to 2024-10-11 00:00:00+00:00, run_after=2024-10-12 00:00:00+00:00
[2024-10-12T20:47:18.238+0000] {logging_mixin.py:190} INFO - [2024-10-12T20:47:18.238+0000] {dag.py:4180} INFO - Setting next_dagrun for dataset_with_extra_by_yield to 2024-10-11 00:00:00+00:00, run_after=2024-10-12 00:00:00+00:00
[2024-10-12T20:47:18.242+0000] {logging_mixin.py:190} INFO - [2024-10-12T20:47:18.242+0000] {dag.py:4180} INFO - Setting next_dagrun for dataset_with_extra_from_classic_operator to 2024-10-11 00:00:00+00:00, run_after=2024-10-12 00:00:00+00:00
[2024-10-12T20:47:18.276+0000] {processor.py:208} INFO - Processing /home/airflow/.local/lib/python3.12/site-packages/airflow/example_dags/example_outlet_event_extra.py took 0.744 seconds
[2024-10-12T20:47:48.349+0000] {processor.py:186} INFO - Started process (PID=1569) to work on /home/airflow/.local/lib/python3.12/site-packages/airflow/example_dags/example_outlet_event_extra.py
[2024-10-12T20:47:48.351+0000] {processor.py:914} INFO - Processing file /home/airflow/.local/lib/python3.12/site-packages/airflow/example_dags/example_outlet_event_extra.py for tasks to queue
[2024-10-12T20:47:48.356+0000] {logging_mixin.py:190} INFO - [2024-10-12T20:47:48.356+0000] {dagbag.py:588} INFO - Filling up the DagBag from /home/airflow/.local/lib/python3.12/site-packages/airflow/example_dags/example_outlet_event_extra.py
[2024-10-12T20:47:48.585+0000] {processor.py:925} INFO - DAG(s) 'dataset_with_extra_by_yield', 'dataset_with_extra_from_classic_operator', 'dataset_with_extra_by_context' retrieved from /home/airflow/.local/lib/python3.12/site-packages/airflow/example_dags/example_outlet_event_extra.py
[2024-10-12T20:47:48.626+0000] {logging_mixin.py:190} INFO - [2024-10-12T20:47:48.626+0000] {dag.py:3239} INFO - Sync 3 DAGs
[2024-10-12T20:47:48.674+0000] {logging_mixin.py:190} INFO - [2024-10-12T20:47:48.673+0000] {dag.py:4180} INFO - Setting next_dagrun for dataset_with_extra_by_context to 2024-10-11 00:00:00+00:00, run_after=2024-10-12 00:00:00+00:00
[2024-10-12T20:47:48.680+0000] {logging_mixin.py:190} INFO - [2024-10-12T20:47:48.680+0000] {dag.py:4180} INFO - Setting next_dagrun for dataset_with_extra_by_yield to 2024-10-11 00:00:00+00:00, run_after=2024-10-12 00:00:00+00:00
[2024-10-12T20:47:48.684+0000] {logging_mixin.py:190} INFO - [2024-10-12T20:47:48.683+0000] {dag.py:4180} INFO - Setting next_dagrun for dataset_with_extra_from_classic_operator to 2024-10-11 00:00:00+00:00, run_after=2024-10-12 00:00:00+00:00
[2024-10-12T20:47:49.031+0000] {processor.py:208} INFO - Processing /home/airflow/.local/lib/python3.12/site-packages/airflow/example_dags/example_outlet_event_extra.py took 0.695 seconds
[2024-10-12T20:48:19.263+0000] {processor.py:186} INFO - Started process (PID=1635) to work on /home/airflow/.local/lib/python3.12/site-packages/airflow/example_dags/example_outlet_event_extra.py
[2024-10-12T20:48:19.265+0000] {processor.py:914} INFO - Processing file /home/airflow/.local/lib/python3.12/site-packages/airflow/example_dags/example_outlet_event_extra.py for tasks to queue
[2024-10-12T20:48:19.269+0000] {logging_mixin.py:190} INFO - [2024-10-12T20:48:19.268+0000] {dagbag.py:588} INFO - Filling up the DagBag from /home/airflow/.local/lib/python3.12/site-packages/airflow/example_dags/example_outlet_event_extra.py
[2024-10-12T20:48:19.511+0000] {processor.py:925} INFO - DAG(s) 'dataset_with_extra_by_context', 'dataset_with_extra_from_classic_operator', 'dataset_with_extra_by_yield' retrieved from /home/airflow/.local/lib/python3.12/site-packages/airflow/example_dags/example_outlet_event_extra.py
[2024-10-12T20:48:19.551+0000] {logging_mixin.py:190} INFO - [2024-10-12T20:48:19.551+0000] {dag.py:3239} INFO - Sync 3 DAGs
[2024-10-12T20:48:19.602+0000] {logging_mixin.py:190} INFO - [2024-10-12T20:48:19.602+0000] {dag.py:4180} INFO - Setting next_dagrun for dataset_with_extra_by_context to 2024-10-11 00:00:00+00:00, run_after=2024-10-12 00:00:00+00:00
[2024-10-12T20:48:19.609+0000] {logging_mixin.py:190} INFO - [2024-10-12T20:48:19.609+0000] {dag.py:4180} INFO - Setting next_dagrun for dataset_with_extra_by_yield to 2024-10-11 00:00:00+00:00, run_after=2024-10-12 00:00:00+00:00
[2024-10-12T20:48:19.615+0000] {logging_mixin.py:190} INFO - [2024-10-12T20:48:19.614+0000] {dag.py:4180} INFO - Setting next_dagrun for dataset_with_extra_from_classic_operator to 2024-10-11 00:00:00+00:00, run_after=2024-10-12 00:00:00+00:00
[2024-10-12T20:48:20.007+0000] {processor.py:208} INFO - Processing /home/airflow/.local/lib/python3.12/site-packages/airflow/example_dags/example_outlet_event_extra.py took 0.753 seconds
[2024-10-12T20:48:50.116+0000] {processor.py:186} INFO - Started process (PID=1699) to work on /home/airflow/.local/lib/python3.12/site-packages/airflow/example_dags/example_outlet_event_extra.py
[2024-10-12T20:48:50.118+0000] {processor.py:914} INFO - Processing file /home/airflow/.local/lib/python3.12/site-packages/airflow/example_dags/example_outlet_event_extra.py for tasks to queue
[2024-10-12T20:48:50.123+0000] {logging_mixin.py:190} INFO - [2024-10-12T20:48:50.122+0000] {dagbag.py:588} INFO - Filling up the DagBag from /home/airflow/.local/lib/python3.12/site-packages/airflow/example_dags/example_outlet_event_extra.py
[2024-10-12T20:48:50.408+0000] {processor.py:925} INFO - DAG(s) 'dataset_with_extra_by_context', 'dataset_with_extra_from_classic_operator', 'dataset_with_extra_by_yield' retrieved from /home/airflow/.local/lib/python3.12/site-packages/airflow/example_dags/example_outlet_event_extra.py
[2024-10-12T20:48:50.463+0000] {logging_mixin.py:190} INFO - [2024-10-12T20:48:50.463+0000] {dag.py:3239} INFO - Sync 3 DAGs
[2024-10-12T20:48:50.516+0000] {logging_mixin.py:190} INFO - [2024-10-12T20:48:50.515+0000] {dag.py:4180} INFO - Setting next_dagrun for dataset_with_extra_by_context to 2024-10-11 00:00:00+00:00, run_after=2024-10-12 00:00:00+00:00
[2024-10-12T20:48:50.525+0000] {logging_mixin.py:190} INFO - [2024-10-12T20:48:50.525+0000] {dag.py:4180} INFO - Setting next_dagrun for dataset_with_extra_by_yield to 2024-10-11 00:00:00+00:00, run_after=2024-10-12 00:00:00+00:00
[2024-10-12T20:48:50.531+0000] {logging_mixin.py:190} INFO - [2024-10-12T20:48:50.531+0000] {dag.py:4180} INFO - Setting next_dagrun for dataset_with_extra_from_classic_operator to 2024-10-11 00:00:00+00:00, run_after=2024-10-12 00:00:00+00:00
[2024-10-12T20:48:50.885+0000] {processor.py:208} INFO - Processing /home/airflow/.local/lib/python3.12/site-packages/airflow/example_dags/example_outlet_event_extra.py took 0.785 seconds
[2024-10-12T20:49:21.326+0000] {processor.py:186} INFO - Started process (PID=1762) to work on /home/airflow/.local/lib/python3.12/site-packages/airflow/example_dags/example_outlet_event_extra.py
[2024-10-12T20:49:21.328+0000] {processor.py:914} INFO - Processing file /home/airflow/.local/lib/python3.12/site-packages/airflow/example_dags/example_outlet_event_extra.py for tasks to queue
[2024-10-12T20:49:21.333+0000] {logging_mixin.py:190} INFO - [2024-10-12T20:49:21.332+0000] {dagbag.py:588} INFO - Filling up the DagBag from /home/airflow/.local/lib/python3.12/site-packages/airflow/example_dags/example_outlet_event_extra.py
[2024-10-12T20:49:21.528+0000] {processor.py:925} INFO - DAG(s) 'dataset_with_extra_by_yield', 'dataset_with_extra_by_context', 'dataset_with_extra_from_classic_operator' retrieved from /home/airflow/.local/lib/python3.12/site-packages/airflow/example_dags/example_outlet_event_extra.py
[2024-10-12T20:49:21.567+0000] {logging_mixin.py:190} INFO - [2024-10-12T20:49:21.566+0000] {dag.py:3239} INFO - Sync 3 DAGs
[2024-10-12T20:49:21.600+0000] {logging_mixin.py:190} INFO - [2024-10-12T20:49:21.598+0000] {dag.py:4180} INFO - Setting next_dagrun for dataset_with_extra_by_context to 2024-10-11 00:00:00+00:00, run_after=2024-10-12 00:00:00+00:00
[2024-10-12T20:49:21.614+0000] {logging_mixin.py:190} INFO - [2024-10-12T20:49:21.613+0000] {dag.py:4180} INFO - Setting next_dagrun for dataset_with_extra_by_yield to 2024-10-11 00:00:00+00:00, run_after=2024-10-12 00:00:00+00:00
[2024-10-12T20:49:21.626+0000] {logging_mixin.py:190} INFO - [2024-10-12T20:49:21.626+0000] {dag.py:4180} INFO - Setting next_dagrun for dataset_with_extra_from_classic_operator to 2024-10-11 00:00:00+00:00, run_after=2024-10-12 00:00:00+00:00
[2024-10-12T20:49:21.664+0000] {processor.py:208} INFO - Processing /home/airflow/.local/lib/python3.12/site-packages/airflow/example_dags/example_outlet_event_extra.py took 0.348 seconds
[2024-10-12T20:49:52.237+0000] {processor.py:186} INFO - Started process (PID=1824) to work on /home/airflow/.local/lib/python3.12/site-packages/airflow/example_dags/example_outlet_event_extra.py
[2024-10-12T20:49:52.239+0000] {processor.py:914} INFO - Processing file /home/airflow/.local/lib/python3.12/site-packages/airflow/example_dags/example_outlet_event_extra.py for tasks to queue
[2024-10-12T20:49:52.243+0000] {logging_mixin.py:190} INFO - [2024-10-12T20:49:52.243+0000] {dagbag.py:588} INFO - Filling up the DagBag from /home/airflow/.local/lib/python3.12/site-packages/airflow/example_dags/example_outlet_event_extra.py
[2024-10-12T20:49:52.460+0000] {processor.py:925} INFO - DAG(s) 'dataset_with_extra_by_yield', 'dataset_with_extra_by_context', 'dataset_with_extra_from_classic_operator' retrieved from /home/airflow/.local/lib/python3.12/site-packages/airflow/example_dags/example_outlet_event_extra.py
[2024-10-12T20:49:52.503+0000] {logging_mixin.py:190} INFO - [2024-10-12T20:49:52.502+0000] {dag.py:3239} INFO - Sync 3 DAGs
[2024-10-12T20:49:52.536+0000] {logging_mixin.py:190} INFO - [2024-10-12T20:49:52.535+0000] {dag.py:4180} INFO - Setting next_dagrun for dataset_with_extra_by_context to 2024-10-11 00:00:00+00:00, run_after=2024-10-12 00:00:00+00:00
[2024-10-12T20:49:52.543+0000] {logging_mixin.py:190} INFO - [2024-10-12T20:49:52.543+0000] {dag.py:4180} INFO - Setting next_dagrun for dataset_with_extra_by_yield to 2024-10-11 00:00:00+00:00, run_after=2024-10-12 00:00:00+00:00
[2024-10-12T20:49:52.548+0000] {logging_mixin.py:190} INFO - [2024-10-12T20:49:52.548+0000] {dag.py:4180} INFO - Setting next_dagrun for dataset_with_extra_from_classic_operator to 2024-10-11 00:00:00+00:00, run_after=2024-10-12 00:00:00+00:00
[2024-10-12T20:49:52.595+0000] {processor.py:208} INFO - Processing /home/airflow/.local/lib/python3.12/site-packages/airflow/example_dags/example_outlet_event_extra.py took 0.367 seconds
[2024-10-12T20:50:22.808+0000] {processor.py:186} INFO - Started process (PID=1887) to work on /home/airflow/.local/lib/python3.12/site-packages/airflow/example_dags/example_outlet_event_extra.py
[2024-10-12T20:50:22.810+0000] {processor.py:914} INFO - Processing file /home/airflow/.local/lib/python3.12/site-packages/airflow/example_dags/example_outlet_event_extra.py for tasks to queue
[2024-10-12T20:50:22.814+0000] {logging_mixin.py:190} INFO - [2024-10-12T20:50:22.813+0000] {dagbag.py:588} INFO - Filling up the DagBag from /home/airflow/.local/lib/python3.12/site-packages/airflow/example_dags/example_outlet_event_extra.py
[2024-10-12T20:50:23.392+0000] {processor.py:925} INFO - DAG(s) 'dataset_with_extra_by_yield', 'dataset_with_extra_from_classic_operator', 'dataset_with_extra_by_context' retrieved from /home/airflow/.local/lib/python3.12/site-packages/airflow/example_dags/example_outlet_event_extra.py
[2024-10-12T20:50:23.439+0000] {logging_mixin.py:190} INFO - [2024-10-12T20:50:23.438+0000] {dag.py:3239} INFO - Sync 3 DAGs
[2024-10-12T20:50:23.485+0000] {logging_mixin.py:190} INFO - [2024-10-12T20:50:23.484+0000] {dag.py:4180} INFO - Setting next_dagrun for dataset_with_extra_by_context to 2024-10-11 00:00:00+00:00, run_after=2024-10-12 00:00:00+00:00
[2024-10-12T20:50:23.495+0000] {logging_mixin.py:190} INFO - [2024-10-12T20:50:23.495+0000] {dag.py:4180} INFO - Setting next_dagrun for dataset_with_extra_by_yield to 2024-10-11 00:00:00+00:00, run_after=2024-10-12 00:00:00+00:00
[2024-10-12T20:50:23.500+0000] {logging_mixin.py:190} INFO - [2024-10-12T20:50:23.499+0000] {dag.py:4180} INFO - Setting next_dagrun for dataset_with_extra_from_classic_operator to 2024-10-11 00:00:00+00:00, run_after=2024-10-12 00:00:00+00:00
[2024-10-12T20:50:23.542+0000] {processor.py:208} INFO - Processing /home/airflow/.local/lib/python3.12/site-packages/airflow/example_dags/example_outlet_event_extra.py took 0.744 seconds
