[2024-10-12T20:35:34.837+0000] {processor.py:186} INFO - Started process (PID=97) to work on /home/airflow/.local/lib/python3.12/site-packages/airflow/example_dags/example_external_task_marker_dag.py
[2024-10-12T20:35:34.838+0000] {processor.py:914} INFO - Processing file /home/airflow/.local/lib/python3.12/site-packages/airflow/example_dags/example_external_task_marker_dag.py for tasks to queue
[2024-10-12T20:35:34.841+0000] {logging_mixin.py:190} INFO - [2024-10-12T20:35:34.841+0000] {dagbag.py:588} INFO - Filling up the DagBag from /home/airflow/.local/lib/python3.12/site-packages/airflow/example_dags/example_external_task_marker_dag.py
[2024-10-12T20:35:34.858+0000] {processor.py:925} INFO - DAG(s) 'example_external_task_marker_child', 'example_external_task_marker_parent' retrieved from /home/airflow/.local/lib/python3.12/site-packages/airflow/example_dags/example_external_task_marker_dag.py
[2024-10-12T20:35:35.055+0000] {logging_mixin.py:190} INFO - [2024-10-12T20:35:35.054+0000] {override.py:1900} INFO - Created Permission View: can delete on DAG:example_external_task_marker_child
[2024-10-12T20:35:35.072+0000] {logging_mixin.py:190} INFO - [2024-10-12T20:35:35.072+0000] {override.py:1900} INFO - Created Permission View: can edit on DAG:example_external_task_marker_child
[2024-10-12T20:35:35.083+0000] {logging_mixin.py:190} INFO - [2024-10-12T20:35:35.082+0000] {override.py:1900} INFO - Created Permission View: can read on DAG:example_external_task_marker_child
[2024-10-12T20:35:35.093+0000] {logging_mixin.py:190} INFO - [2024-10-12T20:35:35.093+0000] {override.py:1900} INFO - Created Permission View: can delete on DAG Run:example_external_task_marker_child
[2024-10-12T20:35:35.106+0000] {logging_mixin.py:190} INFO - [2024-10-12T20:35:35.106+0000] {override.py:1900} INFO - Created Permission View: can create on DAG Run:example_external_task_marker_child
[2024-10-12T20:35:35.117+0000] {logging_mixin.py:190} INFO - [2024-10-12T20:35:35.117+0000] {override.py:1900} INFO - Created Permission View: menu access on DAG Run:example_external_task_marker_child
[2024-10-12T20:35:35.128+0000] {logging_mixin.py:190} INFO - [2024-10-12T20:35:35.128+0000] {override.py:1900} INFO - Created Permission View: can read on DAG Run:example_external_task_marker_child
[2024-10-12T20:35:35.149+0000] {logging_mixin.py:190} INFO - [2024-10-12T20:35:35.149+0000] {override.py:1900} INFO - Created Permission View: can delete on DAG:example_external_task_marker_parent
[2024-10-12T20:35:35.159+0000] {logging_mixin.py:190} INFO - [2024-10-12T20:35:35.159+0000] {override.py:1900} INFO - Created Permission View: can edit on DAG:example_external_task_marker_parent
[2024-10-12T20:35:35.203+0000] {logging_mixin.py:190} INFO - [2024-10-12T20:35:35.202+0000] {override.py:1900} INFO - Created Permission View: can read on DAG:example_external_task_marker_parent
[2024-10-12T20:35:35.235+0000] {logging_mixin.py:190} INFO - [2024-10-12T20:35:35.234+0000] {override.py:1900} INFO - Created Permission View: can delete on DAG Run:example_external_task_marker_parent
[2024-10-12T20:35:35.269+0000] {logging_mixin.py:190} INFO - [2024-10-12T20:35:35.269+0000] {override.py:1900} INFO - Created Permission View: can create on DAG Run:example_external_task_marker_parent
[2024-10-12T20:35:35.300+0000] {logging_mixin.py:190} INFO - [2024-10-12T20:35:35.299+0000] {override.py:1900} INFO - Created Permission View: menu access on DAG Run:example_external_task_marker_parent
[2024-10-12T20:35:35.332+0000] {logging_mixin.py:190} INFO - [2024-10-12T20:35:35.332+0000] {override.py:1900} INFO - Created Permission View: can read on DAG Run:example_external_task_marker_parent
[2024-10-12T20:35:35.356+0000] {logging_mixin.py:190} INFO - [2024-10-12T20:35:35.355+0000] {dag.py:3239} INFO - Sync 2 DAGs
[2024-10-12T20:35:35.423+0000] {logging_mixin.py:190} INFO - [2024-10-12T20:35:35.422+0000] {dag.py:3262} INFO - Creating ORM DAG for example_external_task_marker_child
[2024-10-12T20:35:35.453+0000] {logging_mixin.py:190} INFO - [2024-10-12T20:35:35.453+0000] {dag.py:3262} INFO - Creating ORM DAG for example_external_task_marker_parent
[2024-10-12T20:35:35.557+0000] {logging_mixin.py:190} INFO - [2024-10-12T20:35:35.557+0000] {dag.py:4180} INFO - Setting next_dagrun for example_external_task_marker_child to None, run_after=None
[2024-10-12T20:35:35.613+0000] {logging_mixin.py:190} INFO - [2024-10-12T20:35:35.613+0000] {dag.py:4180} INFO - Setting next_dagrun for example_external_task_marker_parent to None, run_after=None
[2024-10-12T20:35:35.681+0000] {processor.py:208} INFO - Processing /home/airflow/.local/lib/python3.12/site-packages/airflow/example_dags/example_external_task_marker_dag.py took 0.853 seconds
[2024-10-12T20:36:06.526+0000] {processor.py:186} INFO - Started process (PID=159) to work on /home/airflow/.local/lib/python3.12/site-packages/airflow/example_dags/example_external_task_marker_dag.py
[2024-10-12T20:36:06.528+0000] {processor.py:914} INFO - Processing file /home/airflow/.local/lib/python3.12/site-packages/airflow/example_dags/example_external_task_marker_dag.py for tasks to queue
[2024-10-12T20:36:06.532+0000] {logging_mixin.py:190} INFO - [2024-10-12T20:36:06.532+0000] {dagbag.py:588} INFO - Filling up the DagBag from /home/airflow/.local/lib/python3.12/site-packages/airflow/example_dags/example_external_task_marker_dag.py
[2024-10-12T20:36:06.545+0000] {processor.py:925} INFO - DAG(s) 'example_external_task_marker_parent', 'example_external_task_marker_child' retrieved from /home/airflow/.local/lib/python3.12/site-packages/airflow/example_dags/example_external_task_marker_dag.py
[2024-10-12T20:36:06.574+0000] {logging_mixin.py:190} INFO - [2024-10-12T20:36:06.574+0000] {dag.py:3239} INFO - Sync 2 DAGs
[2024-10-12T20:36:06.591+0000] {logging_mixin.py:190} INFO - [2024-10-12T20:36:06.591+0000] {dag.py:4180} INFO - Setting next_dagrun for example_external_task_marker_child to None, run_after=None
[2024-10-12T20:36:06.597+0000] {logging_mixin.py:190} INFO - [2024-10-12T20:36:06.597+0000] {dag.py:4180} INFO - Setting next_dagrun for example_external_task_marker_parent to None, run_after=None
[2024-10-12T20:36:06.623+0000] {processor.py:208} INFO - Processing /home/airflow/.local/lib/python3.12/site-packages/airflow/example_dags/example_external_task_marker_dag.py took 0.106 seconds
[2024-10-12T20:36:37.071+0000] {processor.py:186} INFO - Started process (PID=221) to work on /home/airflow/.local/lib/python3.12/site-packages/airflow/example_dags/example_external_task_marker_dag.py
[2024-10-12T20:36:37.073+0000] {processor.py:914} INFO - Processing file /home/airflow/.local/lib/python3.12/site-packages/airflow/example_dags/example_external_task_marker_dag.py for tasks to queue
[2024-10-12T20:36:37.079+0000] {logging_mixin.py:190} INFO - [2024-10-12T20:36:37.078+0000] {dagbag.py:588} INFO - Filling up the DagBag from /home/airflow/.local/lib/python3.12/site-packages/airflow/example_dags/example_external_task_marker_dag.py
[2024-10-12T20:36:37.096+0000] {processor.py:925} INFO - DAG(s) 'example_external_task_marker_child', 'example_external_task_marker_parent' retrieved from /home/airflow/.local/lib/python3.12/site-packages/airflow/example_dags/example_external_task_marker_dag.py
[2024-10-12T20:36:37.139+0000] {logging_mixin.py:190} INFO - [2024-10-12T20:36:37.139+0000] {dag.py:3239} INFO - Sync 2 DAGs
[2024-10-12T20:36:37.165+0000] {logging_mixin.py:190} INFO - [2024-10-12T20:36:37.165+0000] {dag.py:4180} INFO - Setting next_dagrun for example_external_task_marker_child to None, run_after=None
[2024-10-12T20:36:37.172+0000] {logging_mixin.py:190} INFO - [2024-10-12T20:36:37.171+0000] {dag.py:4180} INFO - Setting next_dagrun for example_external_task_marker_parent to None, run_after=None
[2024-10-12T20:36:37.200+0000] {processor.py:208} INFO - Processing /home/airflow/.local/lib/python3.12/site-packages/airflow/example_dags/example_external_task_marker_dag.py took 0.146 seconds
[2024-10-12T20:37:07.379+0000] {processor.py:186} INFO - Started process (PID=283) to work on /home/airflow/.local/lib/python3.12/site-packages/airflow/example_dags/example_external_task_marker_dag.py
[2024-10-12T20:37:07.381+0000] {processor.py:914} INFO - Processing file /home/airflow/.local/lib/python3.12/site-packages/airflow/example_dags/example_external_task_marker_dag.py for tasks to queue
[2024-10-12T20:37:07.386+0000] {logging_mixin.py:190} INFO - [2024-10-12T20:37:07.385+0000] {dagbag.py:588} INFO - Filling up the DagBag from /home/airflow/.local/lib/python3.12/site-packages/airflow/example_dags/example_external_task_marker_dag.py
[2024-10-12T20:37:07.398+0000] {processor.py:925} INFO - DAG(s) 'example_external_task_marker_parent', 'example_external_task_marker_child' retrieved from /home/airflow/.local/lib/python3.12/site-packages/airflow/example_dags/example_external_task_marker_dag.py
[2024-10-12T20:37:07.434+0000] {logging_mixin.py:190} INFO - [2024-10-12T20:37:07.433+0000] {dag.py:3239} INFO - Sync 2 DAGs
[2024-10-12T20:37:07.457+0000] {logging_mixin.py:190} INFO - [2024-10-12T20:37:07.457+0000] {dag.py:4180} INFO - Setting next_dagrun for example_external_task_marker_child to None, run_after=None
[2024-10-12T20:37:07.463+0000] {logging_mixin.py:190} INFO - [2024-10-12T20:37:07.463+0000] {dag.py:4180} INFO - Setting next_dagrun for example_external_task_marker_parent to None, run_after=None
[2024-10-12T20:37:07.495+0000] {processor.py:208} INFO - Processing /home/airflow/.local/lib/python3.12/site-packages/airflow/example_dags/example_external_task_marker_dag.py took 0.128 seconds
[2024-10-12T20:37:38.289+0000] {processor.py:186} INFO - Started process (PID=345) to work on /home/airflow/.local/lib/python3.12/site-packages/airflow/example_dags/example_external_task_marker_dag.py
[2024-10-12T20:37:38.292+0000] {processor.py:914} INFO - Processing file /home/airflow/.local/lib/python3.12/site-packages/airflow/example_dags/example_external_task_marker_dag.py for tasks to queue
[2024-10-12T20:37:38.297+0000] {logging_mixin.py:190} INFO - [2024-10-12T20:37:38.296+0000] {dagbag.py:588} INFO - Filling up the DagBag from /home/airflow/.local/lib/python3.12/site-packages/airflow/example_dags/example_external_task_marker_dag.py
[2024-10-12T20:37:38.311+0000] {processor.py:925} INFO - DAG(s) 'example_external_task_marker_child', 'example_external_task_marker_parent' retrieved from /home/airflow/.local/lib/python3.12/site-packages/airflow/example_dags/example_external_task_marker_dag.py
[2024-10-12T20:37:38.360+0000] {logging_mixin.py:190} INFO - [2024-10-12T20:37:38.359+0000] {dag.py:3239} INFO - Sync 2 DAGs
[2024-10-12T20:37:38.393+0000] {logging_mixin.py:190} INFO - [2024-10-12T20:37:38.393+0000] {dag.py:4180} INFO - Setting next_dagrun for example_external_task_marker_child to None, run_after=None
[2024-10-12T20:37:38.402+0000] {logging_mixin.py:190} INFO - [2024-10-12T20:37:38.401+0000] {dag.py:4180} INFO - Setting next_dagrun for example_external_task_marker_parent to None, run_after=None
[2024-10-12T20:37:38.436+0000] {processor.py:208} INFO - Processing /home/airflow/.local/lib/python3.12/site-packages/airflow/example_dags/example_external_task_marker_dag.py took 0.157 seconds
[2024-10-12T20:38:08.824+0000] {processor.py:186} INFO - Started process (PID=407) to work on /home/airflow/.local/lib/python3.12/site-packages/airflow/example_dags/example_external_task_marker_dag.py
[2024-10-12T20:38:08.827+0000] {processor.py:914} INFO - Processing file /home/airflow/.local/lib/python3.12/site-packages/airflow/example_dags/example_external_task_marker_dag.py for tasks to queue
[2024-10-12T20:38:08.834+0000] {logging_mixin.py:190} INFO - [2024-10-12T20:38:08.833+0000] {dagbag.py:588} INFO - Filling up the DagBag from /home/airflow/.local/lib/python3.12/site-packages/airflow/example_dags/example_external_task_marker_dag.py
[2024-10-12T20:38:08.857+0000] {processor.py:925} INFO - DAG(s) 'example_external_task_marker_child', 'example_external_task_marker_parent' retrieved from /home/airflow/.local/lib/python3.12/site-packages/airflow/example_dags/example_external_task_marker_dag.py
[2024-10-12T20:38:08.905+0000] {logging_mixin.py:190} INFO - [2024-10-12T20:38:08.904+0000] {dag.py:3239} INFO - Sync 2 DAGs
[2024-10-12T20:38:08.936+0000] {logging_mixin.py:190} INFO - [2024-10-12T20:38:08.936+0000] {dag.py:4180} INFO - Setting next_dagrun for example_external_task_marker_child to None, run_after=None
[2024-10-12T20:38:08.948+0000] {logging_mixin.py:190} INFO - [2024-10-12T20:38:08.947+0000] {dag.py:4180} INFO - Setting next_dagrun for example_external_task_marker_parent to None, run_after=None
[2024-10-12T20:38:08.991+0000] {processor.py:208} INFO - Processing /home/airflow/.local/lib/python3.12/site-packages/airflow/example_dags/example_external_task_marker_dag.py took 0.180 seconds
[2024-10-12T20:38:39.950+0000] {processor.py:186} INFO - Started process (PID=469) to work on /home/airflow/.local/lib/python3.12/site-packages/airflow/example_dags/example_external_task_marker_dag.py
[2024-10-12T20:38:39.952+0000] {processor.py:914} INFO - Processing file /home/airflow/.local/lib/python3.12/site-packages/airflow/example_dags/example_external_task_marker_dag.py for tasks to queue
[2024-10-12T20:38:39.958+0000] {logging_mixin.py:190} INFO - [2024-10-12T20:38:39.957+0000] {dagbag.py:588} INFO - Filling up the DagBag from /home/airflow/.local/lib/python3.12/site-packages/airflow/example_dags/example_external_task_marker_dag.py
[2024-10-12T20:38:39.975+0000] {processor.py:925} INFO - DAG(s) 'example_external_task_marker_parent', 'example_external_task_marker_child' retrieved from /home/airflow/.local/lib/python3.12/site-packages/airflow/example_dags/example_external_task_marker_dag.py
[2024-10-12T20:38:40.034+0000] {logging_mixin.py:190} INFO - [2024-10-12T20:38:40.033+0000] {dag.py:3239} INFO - Sync 2 DAGs
[2024-10-12T20:38:40.057+0000] {logging_mixin.py:190} INFO - [2024-10-12T20:38:40.057+0000] {dag.py:4180} INFO - Setting next_dagrun for example_external_task_marker_child to None, run_after=None
[2024-10-12T20:38:40.064+0000] {logging_mixin.py:190} INFO - [2024-10-12T20:38:40.064+0000] {dag.py:4180} INFO - Setting next_dagrun for example_external_task_marker_parent to None, run_after=None
[2024-10-12T20:38:40.096+0000] {processor.py:208} INFO - Processing /home/airflow/.local/lib/python3.12/site-packages/airflow/example_dags/example_external_task_marker_dag.py took 0.162 seconds
[2024-10-12T20:39:10.503+0000] {processor.py:186} INFO - Started process (PID=531) to work on /home/airflow/.local/lib/python3.12/site-packages/airflow/example_dags/example_external_task_marker_dag.py
[2024-10-12T20:39:10.505+0000] {processor.py:914} INFO - Processing file /home/airflow/.local/lib/python3.12/site-packages/airflow/example_dags/example_external_task_marker_dag.py for tasks to queue
[2024-10-12T20:39:10.508+0000] {logging_mixin.py:190} INFO - [2024-10-12T20:39:10.508+0000] {dagbag.py:588} INFO - Filling up the DagBag from /home/airflow/.local/lib/python3.12/site-packages/airflow/example_dags/example_external_task_marker_dag.py
[2024-10-12T20:39:10.521+0000] {processor.py:925} INFO - DAG(s) 'example_external_task_marker_parent', 'example_external_task_marker_child' retrieved from /home/airflow/.local/lib/python3.12/site-packages/airflow/example_dags/example_external_task_marker_dag.py
[2024-10-12T20:39:10.560+0000] {logging_mixin.py:190} INFO - [2024-10-12T20:39:10.560+0000] {dag.py:3239} INFO - Sync 2 DAGs
[2024-10-12T20:39:10.587+0000] {logging_mixin.py:190} INFO - [2024-10-12T20:39:10.586+0000] {dag.py:4180} INFO - Setting next_dagrun for example_external_task_marker_child to None, run_after=None
[2024-10-12T20:39:10.594+0000] {logging_mixin.py:190} INFO - [2024-10-12T20:39:10.593+0000] {dag.py:4180} INFO - Setting next_dagrun for example_external_task_marker_parent to None, run_after=None
[2024-10-12T20:39:10.625+0000] {processor.py:208} INFO - Processing /home/airflow/.local/lib/python3.12/site-packages/airflow/example_dags/example_external_task_marker_dag.py took 0.132 seconds
[2024-10-12T20:39:40.939+0000] {processor.py:186} INFO - Started process (PID=593) to work on /home/airflow/.local/lib/python3.12/site-packages/airflow/example_dags/example_external_task_marker_dag.py
[2024-10-12T20:39:40.941+0000] {processor.py:914} INFO - Processing file /home/airflow/.local/lib/python3.12/site-packages/airflow/example_dags/example_external_task_marker_dag.py for tasks to queue
[2024-10-12T20:39:40.951+0000] {logging_mixin.py:190} INFO - [2024-10-12T20:39:40.950+0000] {dagbag.py:588} INFO - Filling up the DagBag from /home/airflow/.local/lib/python3.12/site-packages/airflow/example_dags/example_external_task_marker_dag.py
[2024-10-12T20:39:40.973+0000] {processor.py:925} INFO - DAG(s) 'example_external_task_marker_child', 'example_external_task_marker_parent' retrieved from /home/airflow/.local/lib/python3.12/site-packages/airflow/example_dags/example_external_task_marker_dag.py
[2024-10-12T20:39:41.091+0000] {logging_mixin.py:190} INFO - [2024-10-12T20:39:41.091+0000] {dag.py:3239} INFO - Sync 2 DAGs
[2024-10-12T20:39:41.118+0000] {logging_mixin.py:190} INFO - [2024-10-12T20:39:41.118+0000] {dag.py:4180} INFO - Setting next_dagrun for example_external_task_marker_child to None, run_after=None
[2024-10-12T20:39:41.123+0000] {logging_mixin.py:190} INFO - [2024-10-12T20:39:41.123+0000] {dag.py:4180} INFO - Setting next_dagrun for example_external_task_marker_parent to None, run_after=None
[2024-10-12T20:39:41.156+0000] {processor.py:208} INFO - Processing /home/airflow/.local/lib/python3.12/site-packages/airflow/example_dags/example_external_task_marker_dag.py took 0.228 seconds
[2024-10-12T20:40:11.357+0000] {processor.py:186} INFO - Started process (PID=654) to work on /home/airflow/.local/lib/python3.12/site-packages/airflow/example_dags/example_external_task_marker_dag.py
[2024-10-12T20:40:11.358+0000] {processor.py:914} INFO - Processing file /home/airflow/.local/lib/python3.12/site-packages/airflow/example_dags/example_external_task_marker_dag.py for tasks to queue
[2024-10-12T20:40:11.361+0000] {logging_mixin.py:190} INFO - [2024-10-12T20:40:11.361+0000] {dagbag.py:588} INFO - Filling up the DagBag from /home/airflow/.local/lib/python3.12/site-packages/airflow/example_dags/example_external_task_marker_dag.py
[2024-10-12T20:40:11.372+0000] {processor.py:925} INFO - DAG(s) 'example_external_task_marker_child', 'example_external_task_marker_parent' retrieved from /home/airflow/.local/lib/python3.12/site-packages/airflow/example_dags/example_external_task_marker_dag.py
[2024-10-12T20:40:11.404+0000] {logging_mixin.py:190} INFO - [2024-10-12T20:40:11.404+0000] {dag.py:3239} INFO - Sync 2 DAGs
[2024-10-12T20:40:11.428+0000] {logging_mixin.py:190} INFO - [2024-10-12T20:40:11.428+0000] {dag.py:4180} INFO - Setting next_dagrun for example_external_task_marker_child to None, run_after=None
[2024-10-12T20:40:11.434+0000] {logging_mixin.py:190} INFO - [2024-10-12T20:40:11.434+0000] {dag.py:4180} INFO - Setting next_dagrun for example_external_task_marker_parent to None, run_after=None
[2024-10-12T20:40:11.465+0000] {processor.py:208} INFO - Processing /home/airflow/.local/lib/python3.12/site-packages/airflow/example_dags/example_external_task_marker_dag.py took 0.116 seconds
[2024-10-12T20:40:42.248+0000] {processor.py:186} INFO - Started process (PID=716) to work on /home/airflow/.local/lib/python3.12/site-packages/airflow/example_dags/example_external_task_marker_dag.py
[2024-10-12T20:40:42.249+0000] {processor.py:914} INFO - Processing file /home/airflow/.local/lib/python3.12/site-packages/airflow/example_dags/example_external_task_marker_dag.py for tasks to queue
[2024-10-12T20:40:42.254+0000] {logging_mixin.py:190} INFO - [2024-10-12T20:40:42.253+0000] {dagbag.py:588} INFO - Filling up the DagBag from /home/airflow/.local/lib/python3.12/site-packages/airflow/example_dags/example_external_task_marker_dag.py
[2024-10-12T20:40:42.271+0000] {processor.py:925} INFO - DAG(s) 'example_external_task_marker_parent', 'example_external_task_marker_child' retrieved from /home/airflow/.local/lib/python3.12/site-packages/airflow/example_dags/example_external_task_marker_dag.py
[2024-10-12T20:40:42.317+0000] {logging_mixin.py:190} INFO - [2024-10-12T20:40:42.316+0000] {dag.py:3239} INFO - Sync 2 DAGs
[2024-10-12T20:40:42.345+0000] {logging_mixin.py:190} INFO - [2024-10-12T20:40:42.344+0000] {dag.py:4180} INFO - Setting next_dagrun for example_external_task_marker_child to None, run_after=None
[2024-10-12T20:40:42.352+0000] {logging_mixin.py:190} INFO - [2024-10-12T20:40:42.352+0000] {dag.py:4180} INFO - Setting next_dagrun for example_external_task_marker_parent to None, run_after=None
[2024-10-12T20:40:42.387+0000] {processor.py:208} INFO - Processing /home/airflow/.local/lib/python3.12/site-packages/airflow/example_dags/example_external_task_marker_dag.py took 0.148 seconds
[2024-10-12T20:41:12.753+0000] {processor.py:186} INFO - Started process (PID=778) to work on /home/airflow/.local/lib/python3.12/site-packages/airflow/example_dags/example_external_task_marker_dag.py
[2024-10-12T20:41:12.757+0000] {processor.py:914} INFO - Processing file /home/airflow/.local/lib/python3.12/site-packages/airflow/example_dags/example_external_task_marker_dag.py for tasks to queue
[2024-10-12T20:41:12.764+0000] {logging_mixin.py:190} INFO - [2024-10-12T20:41:12.763+0000] {dagbag.py:588} INFO - Filling up the DagBag from /home/airflow/.local/lib/python3.12/site-packages/airflow/example_dags/example_external_task_marker_dag.py
[2024-10-12T20:41:12.791+0000] {processor.py:925} INFO - DAG(s) 'example_external_task_marker_child', 'example_external_task_marker_parent' retrieved from /home/airflow/.local/lib/python3.12/site-packages/airflow/example_dags/example_external_task_marker_dag.py
[2024-10-12T20:41:12.845+0000] {logging_mixin.py:190} INFO - [2024-10-12T20:41:12.844+0000] {dag.py:3239} INFO - Sync 2 DAGs
[2024-10-12T20:41:12.874+0000] {logging_mixin.py:190} INFO - [2024-10-12T20:41:12.873+0000] {dag.py:4180} INFO - Setting next_dagrun for example_external_task_marker_child to None, run_after=None
[2024-10-12T20:41:12.883+0000] {logging_mixin.py:190} INFO - [2024-10-12T20:41:12.883+0000] {dag.py:4180} INFO - Setting next_dagrun for example_external_task_marker_parent to None, run_after=None
[2024-10-12T20:41:12.922+0000] {processor.py:208} INFO - Processing /home/airflow/.local/lib/python3.12/site-packages/airflow/example_dags/example_external_task_marker_dag.py took 0.181 seconds
[2024-10-12T20:41:43.710+0000] {processor.py:186} INFO - Started process (PID=840) to work on /home/airflow/.local/lib/python3.12/site-packages/airflow/example_dags/example_external_task_marker_dag.py
[2024-10-12T20:41:43.712+0000] {processor.py:914} INFO - Processing file /home/airflow/.local/lib/python3.12/site-packages/airflow/example_dags/example_external_task_marker_dag.py for tasks to queue
[2024-10-12T20:41:43.716+0000] {logging_mixin.py:190} INFO - [2024-10-12T20:41:43.716+0000] {dagbag.py:588} INFO - Filling up the DagBag from /home/airflow/.local/lib/python3.12/site-packages/airflow/example_dags/example_external_task_marker_dag.py
[2024-10-12T20:41:43.730+0000] {processor.py:925} INFO - DAG(s) 'example_external_task_marker_child', 'example_external_task_marker_parent' retrieved from /home/airflow/.local/lib/python3.12/site-packages/airflow/example_dags/example_external_task_marker_dag.py
[2024-10-12T20:41:43.769+0000] {logging_mixin.py:190} INFO - [2024-10-12T20:41:43.769+0000] {dag.py:3239} INFO - Sync 2 DAGs
[2024-10-12T20:41:43.796+0000] {logging_mixin.py:190} INFO - [2024-10-12T20:41:43.796+0000] {dag.py:4180} INFO - Setting next_dagrun for example_external_task_marker_child to None, run_after=None
[2024-10-12T20:41:43.804+0000] {logging_mixin.py:190} INFO - [2024-10-12T20:41:43.803+0000] {dag.py:4180} INFO - Setting next_dagrun for example_external_task_marker_parent to None, run_after=None
[2024-10-12T20:41:43.831+0000] {processor.py:208} INFO - Processing /home/airflow/.local/lib/python3.12/site-packages/airflow/example_dags/example_external_task_marker_dag.py took 0.130 seconds
[2024-10-12T20:42:13.977+0000] {processor.py:186} INFO - Started process (PID=902) to work on /home/airflow/.local/lib/python3.12/site-packages/airflow/example_dags/example_external_task_marker_dag.py
[2024-10-12T20:42:13.980+0000] {processor.py:914} INFO - Processing file /home/airflow/.local/lib/python3.12/site-packages/airflow/example_dags/example_external_task_marker_dag.py for tasks to queue
[2024-10-12T20:42:13.985+0000] {logging_mixin.py:190} INFO - [2024-10-12T20:42:13.984+0000] {dagbag.py:588} INFO - Filling up the DagBag from /home/airflow/.local/lib/python3.12/site-packages/airflow/example_dags/example_external_task_marker_dag.py
[2024-10-12T20:42:14.002+0000] {processor.py:925} INFO - DAG(s) 'example_external_task_marker_child', 'example_external_task_marker_parent' retrieved from /home/airflow/.local/lib/python3.12/site-packages/airflow/example_dags/example_external_task_marker_dag.py
[2024-10-12T20:42:14.041+0000] {logging_mixin.py:190} INFO - [2024-10-12T20:42:14.041+0000] {dag.py:3239} INFO - Sync 2 DAGs
[2024-10-12T20:42:14.069+0000] {logging_mixin.py:190} INFO - [2024-10-12T20:42:14.069+0000] {dag.py:4180} INFO - Setting next_dagrun for example_external_task_marker_child to None, run_after=None
[2024-10-12T20:42:14.076+0000] {logging_mixin.py:190} INFO - [2024-10-12T20:42:14.076+0000] {dag.py:4180} INFO - Setting next_dagrun for example_external_task_marker_parent to None, run_after=None
[2024-10-12T20:42:14.101+0000] {processor.py:208} INFO - Processing /home/airflow/.local/lib/python3.12/site-packages/airflow/example_dags/example_external_task_marker_dag.py took 0.135 seconds
[2024-10-12T20:42:44.179+0000] {processor.py:186} INFO - Started process (PID=964) to work on /home/airflow/.local/lib/python3.12/site-packages/airflow/example_dags/example_external_task_marker_dag.py
[2024-10-12T20:42:44.181+0000] {processor.py:914} INFO - Processing file /home/airflow/.local/lib/python3.12/site-packages/airflow/example_dags/example_external_task_marker_dag.py for tasks to queue
[2024-10-12T20:42:44.185+0000] {logging_mixin.py:190} INFO - [2024-10-12T20:42:44.185+0000] {dagbag.py:588} INFO - Filling up the DagBag from /home/airflow/.local/lib/python3.12/site-packages/airflow/example_dags/example_external_task_marker_dag.py
[2024-10-12T20:42:44.199+0000] {processor.py:925} INFO - DAG(s) 'example_external_task_marker_child', 'example_external_task_marker_parent' retrieved from /home/airflow/.local/lib/python3.12/site-packages/airflow/example_dags/example_external_task_marker_dag.py
[2024-10-12T20:42:44.240+0000] {logging_mixin.py:190} INFO - [2024-10-12T20:42:44.239+0000] {dag.py:3239} INFO - Sync 2 DAGs
[2024-10-12T20:42:44.263+0000] {logging_mixin.py:190} INFO - [2024-10-12T20:42:44.262+0000] {dag.py:4180} INFO - Setting next_dagrun for example_external_task_marker_child to None, run_after=None
[2024-10-12T20:42:44.270+0000] {logging_mixin.py:190} INFO - [2024-10-12T20:42:44.269+0000] {dag.py:4180} INFO - Setting next_dagrun for example_external_task_marker_parent to None, run_after=None
[2024-10-12T20:42:44.295+0000] {processor.py:208} INFO - Processing /home/airflow/.local/lib/python3.12/site-packages/airflow/example_dags/example_external_task_marker_dag.py took 0.127 seconds
[2024-10-12T20:43:14.474+0000] {processor.py:186} INFO - Started process (PID=1026) to work on /home/airflow/.local/lib/python3.12/site-packages/airflow/example_dags/example_external_task_marker_dag.py
[2024-10-12T20:43:14.476+0000] {processor.py:914} INFO - Processing file /home/airflow/.local/lib/python3.12/site-packages/airflow/example_dags/example_external_task_marker_dag.py for tasks to queue
[2024-10-12T20:43:14.480+0000] {logging_mixin.py:190} INFO - [2024-10-12T20:43:14.480+0000] {dagbag.py:588} INFO - Filling up the DagBag from /home/airflow/.local/lib/python3.12/site-packages/airflow/example_dags/example_external_task_marker_dag.py
[2024-10-12T20:43:14.494+0000] {processor.py:925} INFO - DAG(s) 'example_external_task_marker_child', 'example_external_task_marker_parent' retrieved from /home/airflow/.local/lib/python3.12/site-packages/airflow/example_dags/example_external_task_marker_dag.py
[2024-10-12T20:43:14.531+0000] {logging_mixin.py:190} INFO - [2024-10-12T20:43:14.530+0000] {dag.py:3239} INFO - Sync 2 DAGs
[2024-10-12T20:43:14.557+0000] {logging_mixin.py:190} INFO - [2024-10-12T20:43:14.556+0000] {dag.py:4180} INFO - Setting next_dagrun for example_external_task_marker_child to None, run_after=None
[2024-10-12T20:43:14.565+0000] {logging_mixin.py:190} INFO - [2024-10-12T20:43:14.564+0000] {dag.py:4180} INFO - Setting next_dagrun for example_external_task_marker_parent to None, run_after=None
[2024-10-12T20:43:14.594+0000] {processor.py:208} INFO - Processing /home/airflow/.local/lib/python3.12/site-packages/airflow/example_dags/example_external_task_marker_dag.py took 0.128 seconds
[2024-10-12T20:43:44.991+0000] {processor.py:186} INFO - Started process (PID=1087) to work on /home/airflow/.local/lib/python3.12/site-packages/airflow/example_dags/example_external_task_marker_dag.py
[2024-10-12T20:43:44.993+0000] {processor.py:914} INFO - Processing file /home/airflow/.local/lib/python3.12/site-packages/airflow/example_dags/example_external_task_marker_dag.py for tasks to queue
[2024-10-12T20:43:44.997+0000] {logging_mixin.py:190} INFO - [2024-10-12T20:43:44.997+0000] {dagbag.py:588} INFO - Filling up the DagBag from /home/airflow/.local/lib/python3.12/site-packages/airflow/example_dags/example_external_task_marker_dag.py
[2024-10-12T20:43:45.010+0000] {processor.py:925} INFO - DAG(s) 'example_external_task_marker_parent', 'example_external_task_marker_child' retrieved from /home/airflow/.local/lib/python3.12/site-packages/airflow/example_dags/example_external_task_marker_dag.py
[2024-10-12T20:43:45.044+0000] {logging_mixin.py:190} INFO - [2024-10-12T20:43:45.043+0000] {dag.py:3239} INFO - Sync 2 DAGs
[2024-10-12T20:43:45.067+0000] {logging_mixin.py:190} INFO - [2024-10-12T20:43:45.066+0000] {dag.py:4180} INFO - Setting next_dagrun for example_external_task_marker_child to None, run_after=None
[2024-10-12T20:43:45.073+0000] {logging_mixin.py:190} INFO - [2024-10-12T20:43:45.073+0000] {dag.py:4180} INFO - Setting next_dagrun for example_external_task_marker_parent to None, run_after=None
[2024-10-12T20:43:45.103+0000] {processor.py:208} INFO - Processing /home/airflow/.local/lib/python3.12/site-packages/airflow/example_dags/example_external_task_marker_dag.py took 0.123 seconds
[2024-10-12T20:44:15.625+0000] {processor.py:186} INFO - Started process (PID=1149) to work on /home/airflow/.local/lib/python3.12/site-packages/airflow/example_dags/example_external_task_marker_dag.py
[2024-10-12T20:44:15.627+0000] {processor.py:914} INFO - Processing file /home/airflow/.local/lib/python3.12/site-packages/airflow/example_dags/example_external_task_marker_dag.py for tasks to queue
[2024-10-12T20:44:15.631+0000] {logging_mixin.py:190} INFO - [2024-10-12T20:44:15.630+0000] {dagbag.py:588} INFO - Filling up the DagBag from /home/airflow/.local/lib/python3.12/site-packages/airflow/example_dags/example_external_task_marker_dag.py
[2024-10-12T20:44:15.645+0000] {processor.py:925} INFO - DAG(s) 'example_external_task_marker_child', 'example_external_task_marker_parent' retrieved from /home/airflow/.local/lib/python3.12/site-packages/airflow/example_dags/example_external_task_marker_dag.py
[2024-10-12T20:44:15.682+0000] {logging_mixin.py:190} INFO - [2024-10-12T20:44:15.681+0000] {dag.py:3239} INFO - Sync 2 DAGs
[2024-10-12T20:44:15.708+0000] {logging_mixin.py:190} INFO - [2024-10-12T20:44:15.708+0000] {dag.py:4180} INFO - Setting next_dagrun for example_external_task_marker_child to None, run_after=None
[2024-10-12T20:44:15.717+0000] {logging_mixin.py:190} INFO - [2024-10-12T20:44:15.716+0000] {dag.py:4180} INFO - Setting next_dagrun for example_external_task_marker_parent to None, run_after=None
[2024-10-12T20:44:15.749+0000] {processor.py:208} INFO - Processing /home/airflow/.local/lib/python3.12/site-packages/airflow/example_dags/example_external_task_marker_dag.py took 0.135 seconds
[2024-10-12T20:44:46.472+0000] {processor.py:186} INFO - Started process (PID=1211) to work on /home/airflow/.local/lib/python3.12/site-packages/airflow/example_dags/example_external_task_marker_dag.py
[2024-10-12T20:44:46.474+0000] {processor.py:914} INFO - Processing file /home/airflow/.local/lib/python3.12/site-packages/airflow/example_dags/example_external_task_marker_dag.py for tasks to queue
[2024-10-12T20:44:46.478+0000] {logging_mixin.py:190} INFO - [2024-10-12T20:44:46.478+0000] {dagbag.py:588} INFO - Filling up the DagBag from /home/airflow/.local/lib/python3.12/site-packages/airflow/example_dags/example_external_task_marker_dag.py
[2024-10-12T20:44:46.490+0000] {processor.py:925} INFO - DAG(s) 'example_external_task_marker_child', 'example_external_task_marker_parent' retrieved from /home/airflow/.local/lib/python3.12/site-packages/airflow/example_dags/example_external_task_marker_dag.py
[2024-10-12T20:44:46.530+0000] {logging_mixin.py:190} INFO - [2024-10-12T20:44:46.530+0000] {dag.py:3239} INFO - Sync 2 DAGs
[2024-10-12T20:44:46.555+0000] {logging_mixin.py:190} INFO - [2024-10-12T20:44:46.555+0000] {dag.py:4180} INFO - Setting next_dagrun for example_external_task_marker_child to None, run_after=None
[2024-10-12T20:44:46.565+0000] {logging_mixin.py:190} INFO - [2024-10-12T20:44:46.565+0000] {dag.py:4180} INFO - Setting next_dagrun for example_external_task_marker_parent to None, run_after=None
[2024-10-12T20:44:46.601+0000] {processor.py:208} INFO - Processing /home/airflow/.local/lib/python3.12/site-packages/airflow/example_dags/example_external_task_marker_dag.py took 0.138 seconds
[2024-10-12T20:45:17.748+0000] {processor.py:186} INFO - Started process (PID=1273) to work on /home/airflow/.local/lib/python3.12/site-packages/airflow/example_dags/example_external_task_marker_dag.py
[2024-10-12T20:45:17.751+0000] {processor.py:914} INFO - Processing file /home/airflow/.local/lib/python3.12/site-packages/airflow/example_dags/example_external_task_marker_dag.py for tasks to queue
[2024-10-12T20:45:17.758+0000] {logging_mixin.py:190} INFO - [2024-10-12T20:45:17.757+0000] {dagbag.py:588} INFO - Filling up the DagBag from /home/airflow/.local/lib/python3.12/site-packages/airflow/example_dags/example_external_task_marker_dag.py
[2024-10-12T20:45:17.777+0000] {processor.py:925} INFO - DAG(s) 'example_external_task_marker_parent', 'example_external_task_marker_child' retrieved from /home/airflow/.local/lib/python3.12/site-packages/airflow/example_dags/example_external_task_marker_dag.py
[2024-10-12T20:45:17.831+0000] {logging_mixin.py:190} INFO - [2024-10-12T20:45:17.830+0000] {dag.py:3239} INFO - Sync 2 DAGs
[2024-10-12T20:45:17.858+0000] {logging_mixin.py:190} INFO - [2024-10-12T20:45:17.857+0000] {dag.py:4180} INFO - Setting next_dagrun for example_external_task_marker_child to None, run_after=None
[2024-10-12T20:45:17.867+0000] {logging_mixin.py:190} INFO - [2024-10-12T20:45:17.867+0000] {dag.py:4180} INFO - Setting next_dagrun for example_external_task_marker_parent to None, run_after=None
[2024-10-12T20:45:17.903+0000] {processor.py:208} INFO - Processing /home/airflow/.local/lib/python3.12/site-packages/airflow/example_dags/example_external_task_marker_dag.py took 0.167 seconds
[2024-10-12T20:45:48.621+0000] {processor.py:186} INFO - Started process (PID=1335) to work on /home/airflow/.local/lib/python3.12/site-packages/airflow/example_dags/example_external_task_marker_dag.py
[2024-10-12T20:45:48.623+0000] {processor.py:914} INFO - Processing file /home/airflow/.local/lib/python3.12/site-packages/airflow/example_dags/example_external_task_marker_dag.py for tasks to queue
[2024-10-12T20:45:48.628+0000] {logging_mixin.py:190} INFO - [2024-10-12T20:45:48.627+0000] {dagbag.py:588} INFO - Filling up the DagBag from /home/airflow/.local/lib/python3.12/site-packages/airflow/example_dags/example_external_task_marker_dag.py
[2024-10-12T20:45:48.641+0000] {processor.py:925} INFO - DAG(s) 'example_external_task_marker_parent', 'example_external_task_marker_child' retrieved from /home/airflow/.local/lib/python3.12/site-packages/airflow/example_dags/example_external_task_marker_dag.py
[2024-10-12T20:45:48.683+0000] {logging_mixin.py:190} INFO - [2024-10-12T20:45:48.682+0000] {dag.py:3239} INFO - Sync 2 DAGs
[2024-10-12T20:45:48.711+0000] {logging_mixin.py:190} INFO - [2024-10-12T20:45:48.711+0000] {dag.py:4180} INFO - Setting next_dagrun for example_external_task_marker_child to None, run_after=None
[2024-10-12T20:45:48.717+0000] {logging_mixin.py:190} INFO - [2024-10-12T20:45:48.717+0000] {dag.py:4180} INFO - Setting next_dagrun for example_external_task_marker_parent to None, run_after=None
[2024-10-12T20:45:48.744+0000] {processor.py:208} INFO - Processing /home/airflow/.local/lib/python3.12/site-packages/airflow/example_dags/example_external_task_marker_dag.py took 0.133 seconds
[2024-10-12T20:46:19.083+0000] {processor.py:186} INFO - Started process (PID=1397) to work on /home/airflow/.local/lib/python3.12/site-packages/airflow/example_dags/example_external_task_marker_dag.py
[2024-10-12T20:46:19.084+0000] {processor.py:914} INFO - Processing file /home/airflow/.local/lib/python3.12/site-packages/airflow/example_dags/example_external_task_marker_dag.py for tasks to queue
[2024-10-12T20:46:19.088+0000] {logging_mixin.py:190} INFO - [2024-10-12T20:46:19.087+0000] {dagbag.py:588} INFO - Filling up the DagBag from /home/airflow/.local/lib/python3.12/site-packages/airflow/example_dags/example_external_task_marker_dag.py
[2024-10-12T20:46:19.100+0000] {processor.py:925} INFO - DAG(s) 'example_external_task_marker_parent', 'example_external_task_marker_child' retrieved from /home/airflow/.local/lib/python3.12/site-packages/airflow/example_dags/example_external_task_marker_dag.py
[2024-10-12T20:46:19.135+0000] {logging_mixin.py:190} INFO - [2024-10-12T20:46:19.134+0000] {dag.py:3239} INFO - Sync 2 DAGs
[2024-10-12T20:46:19.160+0000] {logging_mixin.py:190} INFO - [2024-10-12T20:46:19.160+0000] {dag.py:4180} INFO - Setting next_dagrun for example_external_task_marker_child to None, run_after=None
[2024-10-12T20:46:19.166+0000] {logging_mixin.py:190} INFO - [2024-10-12T20:46:19.166+0000] {dag.py:4180} INFO - Setting next_dagrun for example_external_task_marker_parent to None, run_after=None
[2024-10-12T20:46:19.196+0000] {processor.py:208} INFO - Processing /home/airflow/.local/lib/python3.12/site-packages/airflow/example_dags/example_external_task_marker_dag.py took 0.124 seconds
[2024-10-12T20:46:49.405+0000] {processor.py:186} INFO - Started process (PID=1459) to work on /home/airflow/.local/lib/python3.12/site-packages/airflow/example_dags/example_external_task_marker_dag.py
[2024-10-12T20:46:49.406+0000] {processor.py:914} INFO - Processing file /home/airflow/.local/lib/python3.12/site-packages/airflow/example_dags/example_external_task_marker_dag.py for tasks to queue
[2024-10-12T20:46:49.410+0000] {logging_mixin.py:190} INFO - [2024-10-12T20:46:49.410+0000] {dagbag.py:588} INFO - Filling up the DagBag from /home/airflow/.local/lib/python3.12/site-packages/airflow/example_dags/example_external_task_marker_dag.py
[2024-10-12T20:46:49.424+0000] {processor.py:925} INFO - DAG(s) 'example_external_task_marker_parent', 'example_external_task_marker_child' retrieved from /home/airflow/.local/lib/python3.12/site-packages/airflow/example_dags/example_external_task_marker_dag.py
[2024-10-12T20:46:49.463+0000] {logging_mixin.py:190} INFO - [2024-10-12T20:46:49.463+0000] {dag.py:3239} INFO - Sync 2 DAGs
[2024-10-12T20:46:49.485+0000] {logging_mixin.py:190} INFO - [2024-10-12T20:46:49.484+0000] {dag.py:4180} INFO - Setting next_dagrun for example_external_task_marker_child to None, run_after=None
[2024-10-12T20:46:49.492+0000] {logging_mixin.py:190} INFO - [2024-10-12T20:46:49.491+0000] {dag.py:4180} INFO - Setting next_dagrun for example_external_task_marker_parent to None, run_after=None
[2024-10-12T20:46:49.516+0000] {processor.py:208} INFO - Processing /home/airflow/.local/lib/python3.12/site-packages/airflow/example_dags/example_external_task_marker_dag.py took 0.120 seconds
[2024-10-12T20:47:19.743+0000] {processor.py:186} INFO - Started process (PID=1521) to work on /home/airflow/.local/lib/python3.12/site-packages/airflow/example_dags/example_external_task_marker_dag.py
[2024-10-12T20:47:19.744+0000] {processor.py:914} INFO - Processing file /home/airflow/.local/lib/python3.12/site-packages/airflow/example_dags/example_external_task_marker_dag.py for tasks to queue
[2024-10-12T20:47:19.748+0000] {logging_mixin.py:190} INFO - [2024-10-12T20:47:19.747+0000] {dagbag.py:588} INFO - Filling up the DagBag from /home/airflow/.local/lib/python3.12/site-packages/airflow/example_dags/example_external_task_marker_dag.py
[2024-10-12T20:47:19.760+0000] {processor.py:925} INFO - DAG(s) 'example_external_task_marker_child', 'example_external_task_marker_parent' retrieved from /home/airflow/.local/lib/python3.12/site-packages/airflow/example_dags/example_external_task_marker_dag.py
[2024-10-12T20:47:19.791+0000] {logging_mixin.py:190} INFO - [2024-10-12T20:47:19.790+0000] {dag.py:3239} INFO - Sync 2 DAGs
[2024-10-12T20:47:19.847+0000] {logging_mixin.py:190} INFO - [2024-10-12T20:47:19.847+0000] {dag.py:4180} INFO - Setting next_dagrun for example_external_task_marker_child to None, run_after=None
[2024-10-12T20:47:19.867+0000] {logging_mixin.py:190} INFO - [2024-10-12T20:47:19.866+0000] {dag.py:4180} INFO - Setting next_dagrun for example_external_task_marker_parent to None, run_after=None
[2024-10-12T20:47:19.920+0000] {processor.py:208} INFO - Processing /home/airflow/.local/lib/python3.12/site-packages/airflow/example_dags/example_external_task_marker_dag.py took 0.188 seconds
[2024-10-12T20:47:50.643+0000] {processor.py:186} INFO - Started process (PID=1583) to work on /home/airflow/.local/lib/python3.12/site-packages/airflow/example_dags/example_external_task_marker_dag.py
[2024-10-12T20:47:50.645+0000] {processor.py:914} INFO - Processing file /home/airflow/.local/lib/python3.12/site-packages/airflow/example_dags/example_external_task_marker_dag.py for tasks to queue
[2024-10-12T20:47:50.649+0000] {logging_mixin.py:190} INFO - [2024-10-12T20:47:50.648+0000] {dagbag.py:588} INFO - Filling up the DagBag from /home/airflow/.local/lib/python3.12/site-packages/airflow/example_dags/example_external_task_marker_dag.py
[2024-10-12T20:47:50.662+0000] {processor.py:925} INFO - DAG(s) 'example_external_task_marker_child', 'example_external_task_marker_parent' retrieved from /home/airflow/.local/lib/python3.12/site-packages/airflow/example_dags/example_external_task_marker_dag.py
[2024-10-12T20:47:50.701+0000] {logging_mixin.py:190} INFO - [2024-10-12T20:47:50.701+0000] {dag.py:3239} INFO - Sync 2 DAGs
[2024-10-12T20:47:50.723+0000] {logging_mixin.py:190} INFO - [2024-10-12T20:47:50.723+0000] {dag.py:4180} INFO - Setting next_dagrun for example_external_task_marker_child to None, run_after=None
[2024-10-12T20:47:50.729+0000] {logging_mixin.py:190} INFO - [2024-10-12T20:47:50.729+0000] {dag.py:4180} INFO - Setting next_dagrun for example_external_task_marker_parent to None, run_after=None
[2024-10-12T20:47:50.756+0000] {processor.py:208} INFO - Processing /home/airflow/.local/lib/python3.12/site-packages/airflow/example_dags/example_external_task_marker_dag.py took 0.124 seconds
[2024-10-12T20:48:21.741+0000] {processor.py:186} INFO - Started process (PID=1646) to work on /home/airflow/.local/lib/python3.12/site-packages/airflow/example_dags/example_external_task_marker_dag.py
[2024-10-12T20:48:21.743+0000] {processor.py:914} INFO - Processing file /home/airflow/.local/lib/python3.12/site-packages/airflow/example_dags/example_external_task_marker_dag.py for tasks to queue
[2024-10-12T20:48:21.747+0000] {logging_mixin.py:190} INFO - [2024-10-12T20:48:21.747+0000] {dagbag.py:588} INFO - Filling up the DagBag from /home/airflow/.local/lib/python3.12/site-packages/airflow/example_dags/example_external_task_marker_dag.py
[2024-10-12T20:48:21.761+0000] {processor.py:925} INFO - DAG(s) 'example_external_task_marker_parent', 'example_external_task_marker_child' retrieved from /home/airflow/.local/lib/python3.12/site-packages/airflow/example_dags/example_external_task_marker_dag.py
[2024-10-12T20:48:21.807+0000] {logging_mixin.py:190} INFO - [2024-10-12T20:48:21.807+0000] {dag.py:3239} INFO - Sync 2 DAGs
[2024-10-12T20:48:21.835+0000] {logging_mixin.py:190} INFO - [2024-10-12T20:48:21.834+0000] {dag.py:4180} INFO - Setting next_dagrun for example_external_task_marker_child to None, run_after=None
[2024-10-12T20:48:21.842+0000] {logging_mixin.py:190} INFO - [2024-10-12T20:48:21.841+0000] {dag.py:4180} INFO - Setting next_dagrun for example_external_task_marker_parent to None, run_after=None
[2024-10-12T20:48:21.874+0000] {processor.py:208} INFO - Processing /home/airflow/.local/lib/python3.12/site-packages/airflow/example_dags/example_external_task_marker_dag.py took 0.148 seconds
[2024-10-12T20:48:52.909+0000] {processor.py:186} INFO - Started process (PID=1708) to work on /home/airflow/.local/lib/python3.12/site-packages/airflow/example_dags/example_external_task_marker_dag.py
[2024-10-12T20:48:52.912+0000] {processor.py:914} INFO - Processing file /home/airflow/.local/lib/python3.12/site-packages/airflow/example_dags/example_external_task_marker_dag.py for tasks to queue
[2024-10-12T20:48:52.917+0000] {logging_mixin.py:190} INFO - [2024-10-12T20:48:52.916+0000] {dagbag.py:588} INFO - Filling up the DagBag from /home/airflow/.local/lib/python3.12/site-packages/airflow/example_dags/example_external_task_marker_dag.py
[2024-10-12T20:48:52.933+0000] {processor.py:925} INFO - DAG(s) 'example_external_task_marker_parent', 'example_external_task_marker_child' retrieved from /home/airflow/.local/lib/python3.12/site-packages/airflow/example_dags/example_external_task_marker_dag.py
[2024-10-12T20:48:52.977+0000] {logging_mixin.py:190} INFO - [2024-10-12T20:48:52.976+0000] {dag.py:3239} INFO - Sync 2 DAGs
[2024-10-12T20:48:53.004+0000] {logging_mixin.py:190} INFO - [2024-10-12T20:48:53.003+0000] {dag.py:4180} INFO - Setting next_dagrun for example_external_task_marker_child to None, run_after=None
[2024-10-12T20:48:53.010+0000] {logging_mixin.py:190} INFO - [2024-10-12T20:48:53.010+0000] {dag.py:4180} INFO - Setting next_dagrun for example_external_task_marker_parent to None, run_after=None
[2024-10-12T20:48:53.040+0000] {processor.py:208} INFO - Processing /home/airflow/.local/lib/python3.12/site-packages/airflow/example_dags/example_external_task_marker_dag.py took 0.142 seconds
[2024-10-12T20:49:23.350+0000] {processor.py:186} INFO - Started process (PID=1770) to work on /home/airflow/.local/lib/python3.12/site-packages/airflow/example_dags/example_external_task_marker_dag.py
[2024-10-12T20:49:23.352+0000] {processor.py:914} INFO - Processing file /home/airflow/.local/lib/python3.12/site-packages/airflow/example_dags/example_external_task_marker_dag.py for tasks to queue
[2024-10-12T20:49:23.357+0000] {logging_mixin.py:190} INFO - [2024-10-12T20:49:23.356+0000] {dagbag.py:588} INFO - Filling up the DagBag from /home/airflow/.local/lib/python3.12/site-packages/airflow/example_dags/example_external_task_marker_dag.py
[2024-10-12T20:49:23.377+0000] {processor.py:925} INFO - DAG(s) 'example_external_task_marker_child', 'example_external_task_marker_parent' retrieved from /home/airflow/.local/lib/python3.12/site-packages/airflow/example_dags/example_external_task_marker_dag.py
[2024-10-12T20:49:23.455+0000] {logging_mixin.py:190} INFO - [2024-10-12T20:49:23.455+0000] {dag.py:3239} INFO - Sync 2 DAGs
[2024-10-12T20:49:23.480+0000] {logging_mixin.py:190} INFO - [2024-10-12T20:49:23.480+0000] {dag.py:4180} INFO - Setting next_dagrun for example_external_task_marker_child to None, run_after=None
[2024-10-12T20:49:23.487+0000] {logging_mixin.py:190} INFO - [2024-10-12T20:49:23.486+0000] {dag.py:4180} INFO - Setting next_dagrun for example_external_task_marker_parent to None, run_after=None
[2024-10-12T20:49:23.521+0000] {processor.py:208} INFO - Processing /home/airflow/.local/lib/python3.12/site-packages/airflow/example_dags/example_external_task_marker_dag.py took 0.181 seconds
[2024-10-12T20:49:53.857+0000] {processor.py:186} INFO - Started process (PID=1832) to work on /home/airflow/.local/lib/python3.12/site-packages/airflow/example_dags/example_external_task_marker_dag.py
[2024-10-12T20:49:53.859+0000] {processor.py:914} INFO - Processing file /home/airflow/.local/lib/python3.12/site-packages/airflow/example_dags/example_external_task_marker_dag.py for tasks to queue
[2024-10-12T20:49:53.862+0000] {logging_mixin.py:190} INFO - [2024-10-12T20:49:53.862+0000] {dagbag.py:588} INFO - Filling up the DagBag from /home/airflow/.local/lib/python3.12/site-packages/airflow/example_dags/example_external_task_marker_dag.py
[2024-10-12T20:49:53.875+0000] {processor.py:925} INFO - DAG(s) 'example_external_task_marker_parent', 'example_external_task_marker_child' retrieved from /home/airflow/.local/lib/python3.12/site-packages/airflow/example_dags/example_external_task_marker_dag.py
[2024-10-12T20:49:53.915+0000] {logging_mixin.py:190} INFO - [2024-10-12T20:49:53.915+0000] {dag.py:3239} INFO - Sync 2 DAGs
[2024-10-12T20:49:53.942+0000] {logging_mixin.py:190} INFO - [2024-10-12T20:49:53.941+0000] {dag.py:4180} INFO - Setting next_dagrun for example_external_task_marker_child to None, run_after=None
[2024-10-12T20:49:53.947+0000] {logging_mixin.py:190} INFO - [2024-10-12T20:49:53.947+0000] {dag.py:4180} INFO - Setting next_dagrun for example_external_task_marker_parent to None, run_after=None
[2024-10-12T20:49:53.974+0000] {processor.py:208} INFO - Processing /home/airflow/.local/lib/python3.12/site-packages/airflow/example_dags/example_external_task_marker_dag.py took 0.127 seconds
