[2024-10-12T20:35:39.590+0000] {processor.py:186} INFO - Started process (PID=110) to work on /home/airflow/.local/lib/python3.12/site-packages/airflow/example_dags/example_subdag_operator.py
[2024-10-12T20:35:39.597+0000] {processor.py:914} INFO - Processing file /home/airflow/.local/lib/python3.12/site-packages/airflow/example_dags/example_subdag_operator.py for tasks to queue
[2024-10-12T20:35:39.602+0000] {logging_mixin.py:190} INFO - [2024-10-12T20:35:39.602+0000] {dagbag.py:588} INFO - Filling up the DagBag from /home/airflow/.local/lib/python3.12/site-packages/airflow/example_dags/example_subdag_operator.py
[2024-10-12T20:35:39.668+0000] {processor.py:925} INFO - DAG(s) 'example_subdag_operator.section-1', 'example_subdag_operator.section-2', 'example_subdag_operator' retrieved from /home/airflow/.local/lib/python3.12/site-packages/airflow/example_dags/example_subdag_operator.py
[2024-10-12T20:35:39.859+0000] {logging_mixin.py:190} INFO - [2024-10-12T20:35:39.858+0000] {override.py:1900} INFO - Created Permission View: can delete on DAG:example_subdag_operator
[2024-10-12T20:35:39.874+0000] {logging_mixin.py:190} INFO - [2024-10-12T20:35:39.873+0000] {override.py:1900} INFO - Created Permission View: can edit on DAG:example_subdag_operator
[2024-10-12T20:35:39.883+0000] {logging_mixin.py:190} INFO - [2024-10-12T20:35:39.883+0000] {override.py:1900} INFO - Created Permission View: can read on DAG:example_subdag_operator
[2024-10-12T20:35:39.898+0000] {logging_mixin.py:190} INFO - [2024-10-12T20:35:39.897+0000] {override.py:1900} INFO - Created Permission View: can delete on DAG Run:example_subdag_operator
[2024-10-12T20:35:39.909+0000] {logging_mixin.py:190} INFO - [2024-10-12T20:35:39.909+0000] {override.py:1900} INFO - Created Permission View: can create on DAG Run:example_subdag_operator
[2024-10-12T20:35:39.919+0000] {logging_mixin.py:190} INFO - [2024-10-12T20:35:39.919+0000] {override.py:1900} INFO - Created Permission View: menu access on DAG Run:example_subdag_operator
[2024-10-12T20:35:39.929+0000] {logging_mixin.py:190} INFO - [2024-10-12T20:35:39.929+0000] {override.py:1900} INFO - Created Permission View: can read on DAG Run:example_subdag_operator
[2024-10-12T20:35:39.931+0000] {logging_mixin.py:190} INFO - [2024-10-12T20:35:39.930+0000] {dag.py:3239} INFO - Sync 3 DAGs
[2024-10-12T20:35:39.955+0000] {logging_mixin.py:190} INFO - [2024-10-12T20:35:39.955+0000] {dag.py:3262} INFO - Creating ORM DAG for example_subdag_operator.section-2
[2024-10-12T20:35:39.957+0000] {logging_mixin.py:190} INFO - [2024-10-12T20:35:39.957+0000] {dag.py:3262} INFO - Creating ORM DAG for example_subdag_operator.section-1
[2024-10-12T20:35:39.959+0000] {logging_mixin.py:190} INFO - [2024-10-12T20:35:39.958+0000] {dag.py:3262} INFO - Creating ORM DAG for example_subdag_operator
[2024-10-12T20:35:39.980+0000] {logging_mixin.py:190} INFO - [2024-10-12T20:35:39.979+0000] {dag.py:4180} INFO - Setting next_dagrun for example_subdag_operator to 2022-01-01 00:00:00+00:00, run_after=2022-01-01 00:00:00+00:00
[2024-10-12T20:35:39.981+0000] {logging_mixin.py:190} INFO - [2024-10-12T20:35:39.981+0000] {dag.py:4180} INFO - Setting next_dagrun for example_subdag_operator.section-1 to None, run_after=None
[2024-10-12T20:35:39.982+0000] {logging_mixin.py:190} INFO - [2024-10-12T20:35:39.982+0000] {dag.py:4180} INFO - Setting next_dagrun for example_subdag_operator.section-2 to None, run_after=None
[2024-10-12T20:35:39.995+0000] {logging_mixin.py:190} INFO - [2024-10-12T20:35:39.995+0000] {dag.py:3239} INFO - Sync 2 DAGs
[2024-10-12T20:35:40.003+0000] {logging_mixin.py:190} INFO - [2024-10-12T20:35:40.003+0000] {dag.py:4180} INFO - Setting next_dagrun for example_subdag_operator.section-1 to None, run_after=None
[2024-10-12T20:35:40.009+0000] {logging_mixin.py:190} INFO - [2024-10-12T20:35:40.009+0000] {dag.py:4180} INFO - Setting next_dagrun for example_subdag_operator.section-2 to None, run_after=None
[2024-10-12T20:35:40.030+0000] {processor.py:208} INFO - Processing /home/airflow/.local/lib/python3.12/site-packages/airflow/example_dags/example_subdag_operator.py took 0.449 seconds
[2024-10-12T20:36:10.107+0000] {processor.py:186} INFO - Started process (PID=172) to work on /home/airflow/.local/lib/python3.12/site-packages/airflow/example_dags/example_subdag_operator.py
[2024-10-12T20:36:10.109+0000] {processor.py:914} INFO - Processing file /home/airflow/.local/lib/python3.12/site-packages/airflow/example_dags/example_subdag_operator.py for tasks to queue
[2024-10-12T20:36:10.112+0000] {logging_mixin.py:190} INFO - [2024-10-12T20:36:10.112+0000] {dagbag.py:588} INFO - Filling up the DagBag from /home/airflow/.local/lib/python3.12/site-packages/airflow/example_dags/example_subdag_operator.py
[2024-10-12T20:36:10.173+0000] {processor.py:925} INFO - DAG(s) 'example_subdag_operator.section-1', 'example_subdag_operator.section-2', 'example_subdag_operator' retrieved from /home/airflow/.local/lib/python3.12/site-packages/airflow/example_dags/example_subdag_operator.py
[2024-10-12T20:36:10.199+0000] {logging_mixin.py:190} INFO - [2024-10-12T20:36:10.199+0000] {dag.py:3239} INFO - Sync 3 DAGs
[2024-10-12T20:36:10.237+0000] {logging_mixin.py:190} INFO - [2024-10-12T20:36:10.236+0000] {dag.py:4180} INFO - Setting next_dagrun for example_subdag_operator to 2022-01-01 00:00:00+00:00, run_after=2022-01-01 00:00:00+00:00
[2024-10-12T20:36:10.246+0000] {logging_mixin.py:190} INFO - [2024-10-12T20:36:10.241+0000] {dag.py:4180} INFO - Setting next_dagrun for example_subdag_operator.section-1 to None, run_after=None
[2024-10-12T20:36:10.252+0000] {logging_mixin.py:190} INFO - [2024-10-12T20:36:10.252+0000] {dag.py:4180} INFO - Setting next_dagrun for example_subdag_operator.section-2 to None, run_after=None
[2024-10-12T20:36:10.272+0000] {logging_mixin.py:190} INFO - [2024-10-12T20:36:10.271+0000] {dag.py:3239} INFO - Sync 2 DAGs
[2024-10-12T20:36:10.290+0000] {logging_mixin.py:190} INFO - [2024-10-12T20:36:10.290+0000] {dag.py:4180} INFO - Setting next_dagrun for example_subdag_operator.section-1 to None, run_after=None
[2024-10-12T20:36:10.295+0000] {logging_mixin.py:190} INFO - [2024-10-12T20:36:10.294+0000] {dag.py:4180} INFO - Setting next_dagrun for example_subdag_operator.section-2 to None, run_after=None
[2024-10-12T20:36:10.320+0000] {processor.py:208} INFO - Processing /home/airflow/.local/lib/python3.12/site-packages/airflow/example_dags/example_subdag_operator.py took 0.226 seconds
[2024-10-12T20:36:40.707+0000] {processor.py:186} INFO - Started process (PID=235) to work on /home/airflow/.local/lib/python3.12/site-packages/airflow/example_dags/example_subdag_operator.py
[2024-10-12T20:36:40.709+0000] {processor.py:914} INFO - Processing file /home/airflow/.local/lib/python3.12/site-packages/airflow/example_dags/example_subdag_operator.py for tasks to queue
[2024-10-12T20:36:40.714+0000] {logging_mixin.py:190} INFO - [2024-10-12T20:36:40.713+0000] {dagbag.py:588} INFO - Filling up the DagBag from /home/airflow/.local/lib/python3.12/site-packages/airflow/example_dags/example_subdag_operator.py
[2024-10-12T20:36:40.754+0000] {processor.py:925} INFO - DAG(s) 'example_subdag_operator.section-1', 'example_subdag_operator.section-2', 'example_subdag_operator' retrieved from /home/airflow/.local/lib/python3.12/site-packages/airflow/example_dags/example_subdag_operator.py
[2024-10-12T20:36:40.779+0000] {logging_mixin.py:190} INFO - [2024-10-12T20:36:40.778+0000] {dag.py:3239} INFO - Sync 3 DAGs
[2024-10-12T20:36:40.834+0000] {logging_mixin.py:190} INFO - [2024-10-12T20:36:40.833+0000] {dag.py:4180} INFO - Setting next_dagrun for example_subdag_operator to 2022-01-01 00:00:00+00:00, run_after=2022-01-01 00:00:00+00:00
[2024-10-12T20:36:40.841+0000] {logging_mixin.py:190} INFO - [2024-10-12T20:36:40.841+0000] {dag.py:4180} INFO - Setting next_dagrun for example_subdag_operator.section-1 to None, run_after=None
[2024-10-12T20:36:40.845+0000] {logging_mixin.py:190} INFO - [2024-10-12T20:36:40.845+0000] {dag.py:4180} INFO - Setting next_dagrun for example_subdag_operator.section-2 to None, run_after=None
[2024-10-12T20:36:40.856+0000] {logging_mixin.py:190} INFO - [2024-10-12T20:36:40.856+0000] {dag.py:3239} INFO - Sync 2 DAGs
[2024-10-12T20:36:40.866+0000] {logging_mixin.py:190} INFO - [2024-10-12T20:36:40.866+0000] {dag.py:4180} INFO - Setting next_dagrun for example_subdag_operator.section-1 to None, run_after=None
[2024-10-12T20:36:40.868+0000] {logging_mixin.py:190} INFO - [2024-10-12T20:36:40.868+0000] {dag.py:4180} INFO - Setting next_dagrun for example_subdag_operator.section-2 to None, run_after=None
[2024-10-12T20:36:40.888+0000] {processor.py:208} INFO - Processing /home/airflow/.local/lib/python3.12/site-packages/airflow/example_dags/example_subdag_operator.py took 0.193 seconds
[2024-10-12T20:37:11.924+0000] {processor.py:186} INFO - Started process (PID=297) to work on /home/airflow/.local/lib/python3.12/site-packages/airflow/example_dags/example_subdag_operator.py
[2024-10-12T20:37:11.926+0000] {processor.py:914} INFO - Processing file /home/airflow/.local/lib/python3.12/site-packages/airflow/example_dags/example_subdag_operator.py for tasks to queue
[2024-10-12T20:37:11.930+0000] {logging_mixin.py:190} INFO - [2024-10-12T20:37:11.930+0000] {dagbag.py:588} INFO - Filling up the DagBag from /home/airflow/.local/lib/python3.12/site-packages/airflow/example_dags/example_subdag_operator.py
[2024-10-12T20:37:11.974+0000] {processor.py:925} INFO - DAG(s) 'example_subdag_operator.section-1', 'example_subdag_operator.section-2', 'example_subdag_operator' retrieved from /home/airflow/.local/lib/python3.12/site-packages/airflow/example_dags/example_subdag_operator.py
[2024-10-12T20:37:12.000+0000] {logging_mixin.py:190} INFO - [2024-10-12T20:37:11.999+0000] {dag.py:3239} INFO - Sync 3 DAGs
[2024-10-12T20:37:12.034+0000] {logging_mixin.py:190} INFO - [2024-10-12T20:37:12.033+0000] {dag.py:4180} INFO - Setting next_dagrun for example_subdag_operator to 2022-01-01 00:00:00+00:00, run_after=2022-01-01 00:00:00+00:00
[2024-10-12T20:37:12.039+0000] {logging_mixin.py:190} INFO - [2024-10-12T20:37:12.039+0000] {dag.py:4180} INFO - Setting next_dagrun for example_subdag_operator.section-1 to None, run_after=None
[2024-10-12T20:37:12.041+0000] {logging_mixin.py:190} INFO - [2024-10-12T20:37:12.041+0000] {dag.py:4180} INFO - Setting next_dagrun for example_subdag_operator.section-2 to None, run_after=None
[2024-10-12T20:37:12.051+0000] {logging_mixin.py:190} INFO - [2024-10-12T20:37:12.051+0000] {dag.py:3239} INFO - Sync 2 DAGs
[2024-10-12T20:37:12.059+0000] {logging_mixin.py:190} INFO - [2024-10-12T20:37:12.059+0000] {dag.py:4180} INFO - Setting next_dagrun for example_subdag_operator.section-1 to None, run_after=None
[2024-10-12T20:37:12.061+0000] {logging_mixin.py:190} INFO - [2024-10-12T20:37:12.060+0000] {dag.py:4180} INFO - Setting next_dagrun for example_subdag_operator.section-2 to None, run_after=None
[2024-10-12T20:37:12.082+0000] {processor.py:208} INFO - Processing /home/airflow/.local/lib/python3.12/site-packages/airflow/example_dags/example_subdag_operator.py took 0.170 seconds
[2024-10-12T20:37:43.131+0000] {processor.py:186} INFO - Started process (PID=358) to work on /home/airflow/.local/lib/python3.12/site-packages/airflow/example_dags/example_subdag_operator.py
[2024-10-12T20:37:43.133+0000] {processor.py:914} INFO - Processing file /home/airflow/.local/lib/python3.12/site-packages/airflow/example_dags/example_subdag_operator.py for tasks to queue
[2024-10-12T20:37:43.137+0000] {logging_mixin.py:190} INFO - [2024-10-12T20:37:43.137+0000] {dagbag.py:588} INFO - Filling up the DagBag from /home/airflow/.local/lib/python3.12/site-packages/airflow/example_dags/example_subdag_operator.py
[2024-10-12T20:37:43.183+0000] {processor.py:925} INFO - DAG(s) 'example_subdag_operator.section-1', 'example_subdag_operator.section-2', 'example_subdag_operator' retrieved from /home/airflow/.local/lib/python3.12/site-packages/airflow/example_dags/example_subdag_operator.py
[2024-10-12T20:37:43.210+0000] {logging_mixin.py:190} INFO - [2024-10-12T20:37:43.209+0000] {dag.py:3239} INFO - Sync 3 DAGs
[2024-10-12T20:37:43.247+0000] {logging_mixin.py:190} INFO - [2024-10-12T20:37:43.246+0000] {dag.py:4180} INFO - Setting next_dagrun for example_subdag_operator to 2022-01-01 00:00:00+00:00, run_after=2022-01-01 00:00:00+00:00
[2024-10-12T20:37:43.255+0000] {logging_mixin.py:190} INFO - [2024-10-12T20:37:43.254+0000] {dag.py:4180} INFO - Setting next_dagrun for example_subdag_operator.section-1 to None, run_after=None
[2024-10-12T20:37:43.259+0000] {logging_mixin.py:190} INFO - [2024-10-12T20:37:43.259+0000] {dag.py:4180} INFO - Setting next_dagrun for example_subdag_operator.section-2 to None, run_after=None
[2024-10-12T20:37:43.273+0000] {logging_mixin.py:190} INFO - [2024-10-12T20:37:43.272+0000] {dag.py:3239} INFO - Sync 2 DAGs
[2024-10-12T20:37:43.318+0000] {logging_mixin.py:190} INFO - [2024-10-12T20:37:43.317+0000] {dag.py:4180} INFO - Setting next_dagrun for example_subdag_operator.section-1 to None, run_after=None
[2024-10-12T20:37:43.319+0000] {logging_mixin.py:190} INFO - [2024-10-12T20:37:43.318+0000] {dag.py:4180} INFO - Setting next_dagrun for example_subdag_operator.section-2 to None, run_after=None
[2024-10-12T20:37:43.357+0000] {processor.py:208} INFO - Processing /home/airflow/.local/lib/python3.12/site-packages/airflow/example_dags/example_subdag_operator.py took 0.241 seconds
[2024-10-12T20:38:14.575+0000] {processor.py:186} INFO - Started process (PID=420) to work on /home/airflow/.local/lib/python3.12/site-packages/airflow/example_dags/example_subdag_operator.py
[2024-10-12T20:38:14.576+0000] {processor.py:914} INFO - Processing file /home/airflow/.local/lib/python3.12/site-packages/airflow/example_dags/example_subdag_operator.py for tasks to queue
[2024-10-12T20:38:14.581+0000] {logging_mixin.py:190} INFO - [2024-10-12T20:38:14.580+0000] {dagbag.py:588} INFO - Filling up the DagBag from /home/airflow/.local/lib/python3.12/site-packages/airflow/example_dags/example_subdag_operator.py
[2024-10-12T20:38:14.657+0000] {processor.py:925} INFO - DAG(s) 'example_subdag_operator.section-1', 'example_subdag_operator.section-2', 'example_subdag_operator' retrieved from /home/airflow/.local/lib/python3.12/site-packages/airflow/example_dags/example_subdag_operator.py
[2024-10-12T20:38:14.696+0000] {logging_mixin.py:190} INFO - [2024-10-12T20:38:14.695+0000] {dag.py:3239} INFO - Sync 3 DAGs
[2024-10-12T20:38:14.747+0000] {logging_mixin.py:190} INFO - [2024-10-12T20:38:14.747+0000] {dag.py:4180} INFO - Setting next_dagrun for example_subdag_operator to 2022-01-01 00:00:00+00:00, run_after=2022-01-01 00:00:00+00:00
[2024-10-12T20:38:14.762+0000] {logging_mixin.py:190} INFO - [2024-10-12T20:38:14.762+0000] {dag.py:4180} INFO - Setting next_dagrun for example_subdag_operator.section-1 to None, run_after=None
[2024-10-12T20:38:14.767+0000] {logging_mixin.py:190} INFO - [2024-10-12T20:38:14.766+0000] {dag.py:4180} INFO - Setting next_dagrun for example_subdag_operator.section-2 to None, run_after=None
[2024-10-12T20:38:14.785+0000] {logging_mixin.py:190} INFO - [2024-10-12T20:38:14.784+0000] {dag.py:3239} INFO - Sync 2 DAGs
[2024-10-12T20:38:14.802+0000] {logging_mixin.py:190} INFO - [2024-10-12T20:38:14.801+0000] {dag.py:4180} INFO - Setting next_dagrun for example_subdag_operator.section-1 to None, run_after=None
[2024-10-12T20:38:14.806+0000] {logging_mixin.py:190} INFO - [2024-10-12T20:38:14.804+0000] {dag.py:4180} INFO - Setting next_dagrun for example_subdag_operator.section-2 to None, run_after=None
[2024-10-12T20:38:14.832+0000] {processor.py:208} INFO - Processing /home/airflow/.local/lib/python3.12/site-packages/airflow/example_dags/example_subdag_operator.py took 0.269 seconds
[2024-10-12T20:38:44.938+0000] {processor.py:186} INFO - Started process (PID=482) to work on /home/airflow/.local/lib/python3.12/site-packages/airflow/example_dags/example_subdag_operator.py
[2024-10-12T20:38:44.940+0000] {processor.py:914} INFO - Processing file /home/airflow/.local/lib/python3.12/site-packages/airflow/example_dags/example_subdag_operator.py for tasks to queue
[2024-10-12T20:38:44.944+0000] {logging_mixin.py:190} INFO - [2024-10-12T20:38:44.944+0000] {dagbag.py:588} INFO - Filling up the DagBag from /home/airflow/.local/lib/python3.12/site-packages/airflow/example_dags/example_subdag_operator.py
[2024-10-12T20:38:44.992+0000] {processor.py:925} INFO - DAG(s) 'example_subdag_operator.section-1', 'example_subdag_operator.section-2', 'example_subdag_operator' retrieved from /home/airflow/.local/lib/python3.12/site-packages/airflow/example_dags/example_subdag_operator.py
[2024-10-12T20:38:45.019+0000] {logging_mixin.py:190} INFO - [2024-10-12T20:38:45.018+0000] {dag.py:3239} INFO - Sync 3 DAGs
[2024-10-12T20:38:45.061+0000] {logging_mixin.py:190} INFO - [2024-10-12T20:38:45.061+0000] {dag.py:4180} INFO - Setting next_dagrun for example_subdag_operator to 2022-01-01 00:00:00+00:00, run_after=2022-01-01 00:00:00+00:00
[2024-10-12T20:38:45.069+0000] {logging_mixin.py:190} INFO - [2024-10-12T20:38:45.069+0000] {dag.py:4180} INFO - Setting next_dagrun for example_subdag_operator.section-1 to None, run_after=None
[2024-10-12T20:38:45.073+0000] {logging_mixin.py:190} INFO - [2024-10-12T20:38:45.073+0000] {dag.py:4180} INFO - Setting next_dagrun for example_subdag_operator.section-2 to None, run_after=None
[2024-10-12T20:38:45.091+0000] {logging_mixin.py:190} INFO - [2024-10-12T20:38:45.090+0000] {dag.py:3239} INFO - Sync 2 DAGs
[2024-10-12T20:38:45.101+0000] {logging_mixin.py:190} INFO - [2024-10-12T20:38:45.101+0000] {dag.py:4180} INFO - Setting next_dagrun for example_subdag_operator.section-1 to None, run_after=None
[2024-10-12T20:38:45.102+0000] {logging_mixin.py:190} INFO - [2024-10-12T20:38:45.102+0000] {dag.py:4180} INFO - Setting next_dagrun for example_subdag_operator.section-2 to None, run_after=None
[2024-10-12T20:38:45.120+0000] {processor.py:208} INFO - Processing /home/airflow/.local/lib/python3.12/site-packages/airflow/example_dags/example_subdag_operator.py took 0.192 seconds
[2024-10-12T20:39:15.210+0000] {processor.py:186} INFO - Started process (PID=544) to work on /home/airflow/.local/lib/python3.12/site-packages/airflow/example_dags/example_subdag_operator.py
[2024-10-12T20:39:15.213+0000] {processor.py:914} INFO - Processing file /home/airflow/.local/lib/python3.12/site-packages/airflow/example_dags/example_subdag_operator.py for tasks to queue
[2024-10-12T20:39:15.217+0000] {logging_mixin.py:190} INFO - [2024-10-12T20:39:15.216+0000] {dagbag.py:588} INFO - Filling up the DagBag from /home/airflow/.local/lib/python3.12/site-packages/airflow/example_dags/example_subdag_operator.py
[2024-10-12T20:39:15.263+0000] {processor.py:925} INFO - DAG(s) 'example_subdag_operator.section-1', 'example_subdag_operator.section-2', 'example_subdag_operator' retrieved from /home/airflow/.local/lib/python3.12/site-packages/airflow/example_dags/example_subdag_operator.py
[2024-10-12T20:39:15.290+0000] {logging_mixin.py:190} INFO - [2024-10-12T20:39:15.290+0000] {dag.py:3239} INFO - Sync 3 DAGs
[2024-10-12T20:39:15.323+0000] {logging_mixin.py:190} INFO - [2024-10-12T20:39:15.322+0000] {dag.py:4180} INFO - Setting next_dagrun for example_subdag_operator to 2022-01-01 00:00:00+00:00, run_after=2022-01-01 00:00:00+00:00
[2024-10-12T20:39:15.328+0000] {logging_mixin.py:190} INFO - [2024-10-12T20:39:15.328+0000] {dag.py:4180} INFO - Setting next_dagrun for example_subdag_operator.section-1 to None, run_after=None
[2024-10-12T20:39:15.333+0000] {logging_mixin.py:190} INFO - [2024-10-12T20:39:15.332+0000] {dag.py:4180} INFO - Setting next_dagrun for example_subdag_operator.section-2 to None, run_after=None
[2024-10-12T20:39:15.343+0000] {logging_mixin.py:190} INFO - [2024-10-12T20:39:15.342+0000] {dag.py:3239} INFO - Sync 2 DAGs
[2024-10-12T20:39:15.352+0000] {logging_mixin.py:190} INFO - [2024-10-12T20:39:15.352+0000] {dag.py:4180} INFO - Setting next_dagrun for example_subdag_operator.section-1 to None, run_after=None
[2024-10-12T20:39:15.353+0000] {logging_mixin.py:190} INFO - [2024-10-12T20:39:15.353+0000] {dag.py:4180} INFO - Setting next_dagrun for example_subdag_operator.section-2 to None, run_after=None
[2024-10-12T20:39:15.371+0000] {processor.py:208} INFO - Processing /home/airflow/.local/lib/python3.12/site-packages/airflow/example_dags/example_subdag_operator.py took 0.173 seconds
[2024-10-12T20:39:46.400+0000] {processor.py:186} INFO - Started process (PID=606) to work on /home/airflow/.local/lib/python3.12/site-packages/airflow/example_dags/example_subdag_operator.py
[2024-10-12T20:39:46.404+0000] {processor.py:914} INFO - Processing file /home/airflow/.local/lib/python3.12/site-packages/airflow/example_dags/example_subdag_operator.py for tasks to queue
[2024-10-12T20:39:46.408+0000] {logging_mixin.py:190} INFO - [2024-10-12T20:39:46.407+0000] {dagbag.py:588} INFO - Filling up the DagBag from /home/airflow/.local/lib/python3.12/site-packages/airflow/example_dags/example_subdag_operator.py
[2024-10-12T20:39:46.447+0000] {processor.py:925} INFO - DAG(s) 'example_subdag_operator.section-1', 'example_subdag_operator.section-2', 'example_subdag_operator' retrieved from /home/airflow/.local/lib/python3.12/site-packages/airflow/example_dags/example_subdag_operator.py
[2024-10-12T20:39:46.471+0000] {logging_mixin.py:190} INFO - [2024-10-12T20:39:46.471+0000] {dag.py:3239} INFO - Sync 3 DAGs
[2024-10-12T20:39:46.508+0000] {logging_mixin.py:190} INFO - [2024-10-12T20:39:46.507+0000] {dag.py:4180} INFO - Setting next_dagrun for example_subdag_operator to 2022-01-01 00:00:00+00:00, run_after=2022-01-01 00:00:00+00:00
[2024-10-12T20:39:46.520+0000] {logging_mixin.py:190} INFO - [2024-10-12T20:39:46.519+0000] {dag.py:4180} INFO - Setting next_dagrun for example_subdag_operator.section-1 to None, run_after=None
[2024-10-12T20:39:46.523+0000] {logging_mixin.py:190} INFO - [2024-10-12T20:39:46.522+0000] {dag.py:4180} INFO - Setting next_dagrun for example_subdag_operator.section-2 to None, run_after=None
[2024-10-12T20:39:46.534+0000] {logging_mixin.py:190} INFO - [2024-10-12T20:39:46.534+0000] {dag.py:3239} INFO - Sync 2 DAGs
[2024-10-12T20:39:46.543+0000] {logging_mixin.py:190} INFO - [2024-10-12T20:39:46.543+0000] {dag.py:4180} INFO - Setting next_dagrun for example_subdag_operator.section-1 to None, run_after=None
[2024-10-12T20:39:46.544+0000] {logging_mixin.py:190} INFO - [2024-10-12T20:39:46.544+0000] {dag.py:4180} INFO - Setting next_dagrun for example_subdag_operator.section-2 to None, run_after=None
[2024-10-12T20:39:46.561+0000] {processor.py:208} INFO - Processing /home/airflow/.local/lib/python3.12/site-packages/airflow/example_dags/example_subdag_operator.py took 0.186 seconds
[2024-10-12T20:40:17.150+0000] {processor.py:186} INFO - Started process (PID=667) to work on /home/airflow/.local/lib/python3.12/site-packages/airflow/example_dags/example_subdag_operator.py
[2024-10-12T20:40:17.156+0000] {processor.py:914} INFO - Processing file /home/airflow/.local/lib/python3.12/site-packages/airflow/example_dags/example_subdag_operator.py for tasks to queue
[2024-10-12T20:40:17.162+0000] {logging_mixin.py:190} INFO - [2024-10-12T20:40:17.162+0000] {dagbag.py:588} INFO - Filling up the DagBag from /home/airflow/.local/lib/python3.12/site-packages/airflow/example_dags/example_subdag_operator.py
[2024-10-12T20:40:17.208+0000] {processor.py:925} INFO - DAG(s) 'example_subdag_operator.section-1', 'example_subdag_operator.section-2', 'example_subdag_operator' retrieved from /home/airflow/.local/lib/python3.12/site-packages/airflow/example_dags/example_subdag_operator.py
[2024-10-12T20:40:17.230+0000] {logging_mixin.py:190} INFO - [2024-10-12T20:40:17.229+0000] {dag.py:3239} INFO - Sync 3 DAGs
[2024-10-12T20:40:17.263+0000] {logging_mixin.py:190} INFO - [2024-10-12T20:40:17.262+0000] {dag.py:4180} INFO - Setting next_dagrun for example_subdag_operator to 2022-01-01 00:00:00+00:00, run_after=2022-01-01 00:00:00+00:00
[2024-10-12T20:40:17.269+0000] {logging_mixin.py:190} INFO - [2024-10-12T20:40:17.268+0000] {dag.py:4180} INFO - Setting next_dagrun for example_subdag_operator.section-1 to None, run_after=None
[2024-10-12T20:40:17.272+0000] {logging_mixin.py:190} INFO - [2024-10-12T20:40:17.272+0000] {dag.py:4180} INFO - Setting next_dagrun for example_subdag_operator.section-2 to None, run_after=None
[2024-10-12T20:40:17.288+0000] {logging_mixin.py:190} INFO - [2024-10-12T20:40:17.288+0000] {dag.py:3239} INFO - Sync 2 DAGs
[2024-10-12T20:40:17.305+0000] {logging_mixin.py:190} INFO - [2024-10-12T20:40:17.304+0000] {dag.py:4180} INFO - Setting next_dagrun for example_subdag_operator.section-1 to None, run_after=None
[2024-10-12T20:40:17.306+0000] {logging_mixin.py:190} INFO - [2024-10-12T20:40:17.306+0000] {dag.py:4180} INFO - Setting next_dagrun for example_subdag_operator.section-2 to None, run_after=None
[2024-10-12T20:40:17.325+0000] {processor.py:208} INFO - Processing /home/airflow/.local/lib/python3.12/site-packages/airflow/example_dags/example_subdag_operator.py took 0.210 seconds
[2024-10-12T20:40:47.752+0000] {processor.py:186} INFO - Started process (PID=729) to work on /home/airflow/.local/lib/python3.12/site-packages/airflow/example_dags/example_subdag_operator.py
[2024-10-12T20:40:47.754+0000] {processor.py:914} INFO - Processing file /home/airflow/.local/lib/python3.12/site-packages/airflow/example_dags/example_subdag_operator.py for tasks to queue
[2024-10-12T20:40:47.759+0000] {logging_mixin.py:190} INFO - [2024-10-12T20:40:47.759+0000] {dagbag.py:588} INFO - Filling up the DagBag from /home/airflow/.local/lib/python3.12/site-packages/airflow/example_dags/example_subdag_operator.py
[2024-10-12T20:40:47.805+0000] {processor.py:925} INFO - DAG(s) 'example_subdag_operator.section-1', 'example_subdag_operator.section-2', 'example_subdag_operator' retrieved from /home/airflow/.local/lib/python3.12/site-packages/airflow/example_dags/example_subdag_operator.py
[2024-10-12T20:40:47.839+0000] {logging_mixin.py:190} INFO - [2024-10-12T20:40:47.838+0000] {dag.py:3239} INFO - Sync 3 DAGs
[2024-10-12T20:40:47.875+0000] {logging_mixin.py:190} INFO - [2024-10-12T20:40:47.875+0000] {dag.py:4180} INFO - Setting next_dagrun for example_subdag_operator to 2022-01-01 00:00:00+00:00, run_after=2022-01-01 00:00:00+00:00
[2024-10-12T20:40:47.881+0000] {logging_mixin.py:190} INFO - [2024-10-12T20:40:47.881+0000] {dag.py:4180} INFO - Setting next_dagrun for example_subdag_operator.section-1 to None, run_after=None
[2024-10-12T20:40:47.884+0000] {logging_mixin.py:190} INFO - [2024-10-12T20:40:47.884+0000] {dag.py:4180} INFO - Setting next_dagrun for example_subdag_operator.section-2 to None, run_after=None
[2024-10-12T20:40:47.899+0000] {logging_mixin.py:190} INFO - [2024-10-12T20:40:47.899+0000] {dag.py:3239} INFO - Sync 2 DAGs
[2024-10-12T20:40:47.912+0000] {logging_mixin.py:190} INFO - [2024-10-12T20:40:47.911+0000] {dag.py:4180} INFO - Setting next_dagrun for example_subdag_operator.section-1 to None, run_after=None
[2024-10-12T20:40:47.913+0000] {logging_mixin.py:190} INFO - [2024-10-12T20:40:47.913+0000] {dag.py:4180} INFO - Setting next_dagrun for example_subdag_operator.section-2 to None, run_after=None
[2024-10-12T20:40:47.930+0000] {processor.py:208} INFO - Processing /home/airflow/.local/lib/python3.12/site-packages/airflow/example_dags/example_subdag_operator.py took 0.190 seconds
[2024-10-12T20:41:18.636+0000] {processor.py:186} INFO - Started process (PID=791) to work on /home/airflow/.local/lib/python3.12/site-packages/airflow/example_dags/example_subdag_operator.py
[2024-10-12T20:41:18.638+0000] {processor.py:914} INFO - Processing file /home/airflow/.local/lib/python3.12/site-packages/airflow/example_dags/example_subdag_operator.py for tasks to queue
[2024-10-12T20:41:18.643+0000] {logging_mixin.py:190} INFO - [2024-10-12T20:41:18.642+0000] {dagbag.py:588} INFO - Filling up the DagBag from /home/airflow/.local/lib/python3.12/site-packages/airflow/example_dags/example_subdag_operator.py
[2024-10-12T20:41:18.683+0000] {processor.py:925} INFO - DAG(s) 'example_subdag_operator.section-1', 'example_subdag_operator.section-2', 'example_subdag_operator' retrieved from /home/airflow/.local/lib/python3.12/site-packages/airflow/example_dags/example_subdag_operator.py
[2024-10-12T20:41:18.711+0000] {logging_mixin.py:190} INFO - [2024-10-12T20:41:18.711+0000] {dag.py:3239} INFO - Sync 3 DAGs
[2024-10-12T20:41:18.752+0000] {logging_mixin.py:190} INFO - [2024-10-12T20:41:18.752+0000] {dag.py:4180} INFO - Setting next_dagrun for example_subdag_operator to 2022-01-01 00:00:00+00:00, run_after=2022-01-01 00:00:00+00:00
[2024-10-12T20:41:18.758+0000] {logging_mixin.py:190} INFO - [2024-10-12T20:41:18.758+0000] {dag.py:4180} INFO - Setting next_dagrun for example_subdag_operator.section-1 to None, run_after=None
[2024-10-12T20:41:18.761+0000] {logging_mixin.py:190} INFO - [2024-10-12T20:41:18.761+0000] {dag.py:4180} INFO - Setting next_dagrun for example_subdag_operator.section-2 to None, run_after=None
[2024-10-12T20:41:18.774+0000] {logging_mixin.py:190} INFO - [2024-10-12T20:41:18.774+0000] {dag.py:3239} INFO - Sync 2 DAGs
[2024-10-12T20:41:18.784+0000] {logging_mixin.py:190} INFO - [2024-10-12T20:41:18.784+0000] {dag.py:4180} INFO - Setting next_dagrun for example_subdag_operator.section-1 to None, run_after=None
[2024-10-12T20:41:18.785+0000] {logging_mixin.py:190} INFO - [2024-10-12T20:41:18.785+0000] {dag.py:4180} INFO - Setting next_dagrun for example_subdag_operator.section-2 to None, run_after=None
[2024-10-12T20:41:18.803+0000] {processor.py:208} INFO - Processing /home/airflow/.local/lib/python3.12/site-packages/airflow/example_dags/example_subdag_operator.py took 0.179 seconds
[2024-10-12T20:41:49.212+0000] {processor.py:186} INFO - Started process (PID=853) to work on /home/airflow/.local/lib/python3.12/site-packages/airflow/example_dags/example_subdag_operator.py
[2024-10-12T20:41:49.214+0000] {processor.py:914} INFO - Processing file /home/airflow/.local/lib/python3.12/site-packages/airflow/example_dags/example_subdag_operator.py for tasks to queue
[2024-10-12T20:41:49.218+0000] {logging_mixin.py:190} INFO - [2024-10-12T20:41:49.218+0000] {dagbag.py:588} INFO - Filling up the DagBag from /home/airflow/.local/lib/python3.12/site-packages/airflow/example_dags/example_subdag_operator.py
[2024-10-12T20:41:49.270+0000] {processor.py:925} INFO - DAG(s) 'example_subdag_operator.section-1', 'example_subdag_operator.section-2', 'example_subdag_operator' retrieved from /home/airflow/.local/lib/python3.12/site-packages/airflow/example_dags/example_subdag_operator.py
[2024-10-12T20:41:49.294+0000] {logging_mixin.py:190} INFO - [2024-10-12T20:41:49.293+0000] {dag.py:3239} INFO - Sync 3 DAGs
[2024-10-12T20:41:49.333+0000] {logging_mixin.py:190} INFO - [2024-10-12T20:41:49.333+0000] {dag.py:4180} INFO - Setting next_dagrun for example_subdag_operator to 2022-01-01 00:00:00+00:00, run_after=2022-01-01 00:00:00+00:00
[2024-10-12T20:41:49.346+0000] {logging_mixin.py:190} INFO - [2024-10-12T20:41:49.346+0000] {dag.py:4180} INFO - Setting next_dagrun for example_subdag_operator.section-1 to None, run_after=None
[2024-10-12T20:41:49.357+0000] {logging_mixin.py:190} INFO - [2024-10-12T20:41:49.356+0000] {dag.py:4180} INFO - Setting next_dagrun for example_subdag_operator.section-2 to None, run_after=None
[2024-10-12T20:41:49.395+0000] {logging_mixin.py:190} INFO - [2024-10-12T20:41:49.394+0000] {dag.py:3239} INFO - Sync 2 DAGs
[2024-10-12T20:41:49.447+0000] {logging_mixin.py:190} INFO - [2024-10-12T20:41:49.447+0000] {dag.py:4180} INFO - Setting next_dagrun for example_subdag_operator.section-1 to None, run_after=None
[2024-10-12T20:41:49.465+0000] {logging_mixin.py:190} INFO - [2024-10-12T20:41:49.465+0000] {dag.py:4180} INFO - Setting next_dagrun for example_subdag_operator.section-2 to None, run_after=None
[2024-10-12T20:41:49.500+0000] {processor.py:208} INFO - Processing /home/airflow/.local/lib/python3.12/site-packages/airflow/example_dags/example_subdag_operator.py took 0.301 seconds
[2024-10-12T20:42:19.696+0000] {processor.py:186} INFO - Started process (PID=915) to work on /home/airflow/.local/lib/python3.12/site-packages/airflow/example_dags/example_subdag_operator.py
[2024-10-12T20:42:19.698+0000] {processor.py:914} INFO - Processing file /home/airflow/.local/lib/python3.12/site-packages/airflow/example_dags/example_subdag_operator.py for tasks to queue
[2024-10-12T20:42:19.705+0000] {logging_mixin.py:190} INFO - [2024-10-12T20:42:19.704+0000] {dagbag.py:588} INFO - Filling up the DagBag from /home/airflow/.local/lib/python3.12/site-packages/airflow/example_dags/example_subdag_operator.py
[2024-10-12T20:42:19.767+0000] {processor.py:925} INFO - DAG(s) 'example_subdag_operator.section-1', 'example_subdag_operator.section-2', 'example_subdag_operator' retrieved from /home/airflow/.local/lib/python3.12/site-packages/airflow/example_dags/example_subdag_operator.py
[2024-10-12T20:42:19.805+0000] {logging_mixin.py:190} INFO - [2024-10-12T20:42:19.805+0000] {dag.py:3239} INFO - Sync 3 DAGs
[2024-10-12T20:42:19.865+0000] {logging_mixin.py:190} INFO - [2024-10-12T20:42:19.864+0000] {dag.py:4180} INFO - Setting next_dagrun for example_subdag_operator to 2022-01-01 00:00:00+00:00, run_after=2022-01-01 00:00:00+00:00
[2024-10-12T20:42:19.875+0000] {logging_mixin.py:190} INFO - [2024-10-12T20:42:19.874+0000] {dag.py:4180} INFO - Setting next_dagrun for example_subdag_operator.section-1 to None, run_after=None
[2024-10-12T20:42:19.880+0000] {logging_mixin.py:190} INFO - [2024-10-12T20:42:19.879+0000] {dag.py:4180} INFO - Setting next_dagrun for example_subdag_operator.section-2 to None, run_after=None
[2024-10-12T20:42:19.896+0000] {logging_mixin.py:190} INFO - [2024-10-12T20:42:19.895+0000] {dag.py:3239} INFO - Sync 2 DAGs
[2024-10-12T20:42:19.909+0000] {logging_mixin.py:190} INFO - [2024-10-12T20:42:19.909+0000] {dag.py:4180} INFO - Setting next_dagrun for example_subdag_operator.section-1 to None, run_after=None
[2024-10-12T20:42:19.911+0000] {logging_mixin.py:190} INFO - [2024-10-12T20:42:19.910+0000] {dag.py:4180} INFO - Setting next_dagrun for example_subdag_operator.section-2 to None, run_after=None
[2024-10-12T20:42:19.939+0000] {processor.py:208} INFO - Processing /home/airflow/.local/lib/python3.12/site-packages/airflow/example_dags/example_subdag_operator.py took 0.255 seconds
[2024-10-12T20:42:51.354+0000] {processor.py:186} INFO - Started process (PID=977) to work on /home/airflow/.local/lib/python3.12/site-packages/airflow/example_dags/example_subdag_operator.py
[2024-10-12T20:42:51.356+0000] {processor.py:914} INFO - Processing file /home/airflow/.local/lib/python3.12/site-packages/airflow/example_dags/example_subdag_operator.py for tasks to queue
[2024-10-12T20:42:51.360+0000] {logging_mixin.py:190} INFO - [2024-10-12T20:42:51.359+0000] {dagbag.py:588} INFO - Filling up the DagBag from /home/airflow/.local/lib/python3.12/site-packages/airflow/example_dags/example_subdag_operator.py
[2024-10-12T20:42:51.399+0000] {processor.py:925} INFO - DAG(s) 'example_subdag_operator.section-1', 'example_subdag_operator.section-2', 'example_subdag_operator' retrieved from /home/airflow/.local/lib/python3.12/site-packages/airflow/example_dags/example_subdag_operator.py
[2024-10-12T20:42:51.423+0000] {logging_mixin.py:190} INFO - [2024-10-12T20:42:51.422+0000] {dag.py:3239} INFO - Sync 3 DAGs
[2024-10-12T20:42:51.464+0000] {logging_mixin.py:190} INFO - [2024-10-12T20:42:51.463+0000] {dag.py:4180} INFO - Setting next_dagrun for example_subdag_operator to 2022-01-01 00:00:00+00:00, run_after=2022-01-01 00:00:00+00:00
[2024-10-12T20:42:51.469+0000] {logging_mixin.py:190} INFO - [2024-10-12T20:42:51.469+0000] {dag.py:4180} INFO - Setting next_dagrun for example_subdag_operator.section-1 to None, run_after=None
[2024-10-12T20:42:51.474+0000] {logging_mixin.py:190} INFO - [2024-10-12T20:42:51.473+0000] {dag.py:4180} INFO - Setting next_dagrun for example_subdag_operator.section-2 to None, run_after=None
[2024-10-12T20:42:51.485+0000] {logging_mixin.py:190} INFO - [2024-10-12T20:42:51.485+0000] {dag.py:3239} INFO - Sync 2 DAGs
[2024-10-12T20:42:51.494+0000] {logging_mixin.py:190} INFO - [2024-10-12T20:42:51.494+0000] {dag.py:4180} INFO - Setting next_dagrun for example_subdag_operator.section-1 to None, run_after=None
[2024-10-12T20:42:51.495+0000] {logging_mixin.py:190} INFO - [2024-10-12T20:42:51.495+0000] {dag.py:4180} INFO - Setting next_dagrun for example_subdag_operator.section-2 to None, run_after=None
[2024-10-12T20:42:51.510+0000] {processor.py:208} INFO - Processing /home/airflow/.local/lib/python3.12/site-packages/airflow/example_dags/example_subdag_operator.py took 0.165 seconds
[2024-10-12T20:43:21.937+0000] {processor.py:186} INFO - Started process (PID=1039) to work on /home/airflow/.local/lib/python3.12/site-packages/airflow/example_dags/example_subdag_operator.py
[2024-10-12T20:43:21.939+0000] {processor.py:914} INFO - Processing file /home/airflow/.local/lib/python3.12/site-packages/airflow/example_dags/example_subdag_operator.py for tasks to queue
[2024-10-12T20:43:21.944+0000] {logging_mixin.py:190} INFO - [2024-10-12T20:43:21.943+0000] {dagbag.py:588} INFO - Filling up the DagBag from /home/airflow/.local/lib/python3.12/site-packages/airflow/example_dags/example_subdag_operator.py
[2024-10-12T20:43:21.981+0000] {processor.py:925} INFO - DAG(s) 'example_subdag_operator.section-1', 'example_subdag_operator.section-2', 'example_subdag_operator' retrieved from /home/airflow/.local/lib/python3.12/site-packages/airflow/example_dags/example_subdag_operator.py
[2024-10-12T20:43:22.003+0000] {logging_mixin.py:190} INFO - [2024-10-12T20:43:22.002+0000] {dag.py:3239} INFO - Sync 3 DAGs
[2024-10-12T20:43:22.065+0000] {logging_mixin.py:190} INFO - [2024-10-12T20:43:22.064+0000] {dag.py:4180} INFO - Setting next_dagrun for example_subdag_operator to 2022-01-01 00:00:00+00:00, run_after=2022-01-01 00:00:00+00:00
[2024-10-12T20:43:22.073+0000] {logging_mixin.py:190} INFO - [2024-10-12T20:43:22.072+0000] {dag.py:4180} INFO - Setting next_dagrun for example_subdag_operator.section-1 to None, run_after=None
[2024-10-12T20:43:22.076+0000] {logging_mixin.py:190} INFO - [2024-10-12T20:43:22.076+0000] {dag.py:4180} INFO - Setting next_dagrun for example_subdag_operator.section-2 to None, run_after=None
[2024-10-12T20:43:22.089+0000] {logging_mixin.py:190} INFO - [2024-10-12T20:43:22.088+0000] {dag.py:3239} INFO - Sync 2 DAGs
[2024-10-12T20:43:22.098+0000] {logging_mixin.py:190} INFO - [2024-10-12T20:43:22.098+0000] {dag.py:4180} INFO - Setting next_dagrun for example_subdag_operator.section-1 to None, run_after=None
[2024-10-12T20:43:22.100+0000] {logging_mixin.py:190} INFO - [2024-10-12T20:43:22.099+0000] {dag.py:4180} INFO - Setting next_dagrun for example_subdag_operator.section-2 to None, run_after=None
[2024-10-12T20:43:22.118+0000] {processor.py:208} INFO - Processing /home/airflow/.local/lib/python3.12/site-packages/airflow/example_dags/example_subdag_operator.py took 0.192 seconds
[2024-10-12T20:43:52.559+0000] {processor.py:186} INFO - Started process (PID=1100) to work on /home/airflow/.local/lib/python3.12/site-packages/airflow/example_dags/example_subdag_operator.py
[2024-10-12T20:43:52.560+0000] {processor.py:914} INFO - Processing file /home/airflow/.local/lib/python3.12/site-packages/airflow/example_dags/example_subdag_operator.py for tasks to queue
[2024-10-12T20:43:52.564+0000] {logging_mixin.py:190} INFO - [2024-10-12T20:43:52.563+0000] {dagbag.py:588} INFO - Filling up the DagBag from /home/airflow/.local/lib/python3.12/site-packages/airflow/example_dags/example_subdag_operator.py
[2024-10-12T20:43:52.604+0000] {processor.py:925} INFO - DAG(s) 'example_subdag_operator.section-1', 'example_subdag_operator.section-2', 'example_subdag_operator' retrieved from /home/airflow/.local/lib/python3.12/site-packages/airflow/example_dags/example_subdag_operator.py
[2024-10-12T20:43:52.631+0000] {logging_mixin.py:190} INFO - [2024-10-12T20:43:52.630+0000] {dag.py:3239} INFO - Sync 3 DAGs
[2024-10-12T20:43:52.689+0000] {logging_mixin.py:190} INFO - [2024-10-12T20:43:52.688+0000] {dag.py:4180} INFO - Setting next_dagrun for example_subdag_operator to 2022-01-01 00:00:00+00:00, run_after=2022-01-01 00:00:00+00:00
[2024-10-12T20:43:52.696+0000] {logging_mixin.py:190} INFO - [2024-10-12T20:43:52.695+0000] {dag.py:4180} INFO - Setting next_dagrun for example_subdag_operator.section-1 to None, run_after=None
[2024-10-12T20:43:52.700+0000] {logging_mixin.py:190} INFO - [2024-10-12T20:43:52.699+0000] {dag.py:4180} INFO - Setting next_dagrun for example_subdag_operator.section-2 to None, run_after=None
[2024-10-12T20:43:52.712+0000] {logging_mixin.py:190} INFO - [2024-10-12T20:43:52.712+0000] {dag.py:3239} INFO - Sync 2 DAGs
[2024-10-12T20:43:52.726+0000] {logging_mixin.py:190} INFO - [2024-10-12T20:43:52.726+0000] {dag.py:4180} INFO - Setting next_dagrun for example_subdag_operator.section-1 to None, run_after=None
[2024-10-12T20:43:52.727+0000] {logging_mixin.py:190} INFO - [2024-10-12T20:43:52.727+0000] {dag.py:4180} INFO - Setting next_dagrun for example_subdag_operator.section-2 to None, run_after=None
[2024-10-12T20:43:52.748+0000] {processor.py:208} INFO - Processing /home/airflow/.local/lib/python3.12/site-packages/airflow/example_dags/example_subdag_operator.py took 0.198 seconds
[2024-10-12T20:44:23.365+0000] {processor.py:186} INFO - Started process (PID=1162) to work on /home/airflow/.local/lib/python3.12/site-packages/airflow/example_dags/example_subdag_operator.py
[2024-10-12T20:44:23.366+0000] {processor.py:914} INFO - Processing file /home/airflow/.local/lib/python3.12/site-packages/airflow/example_dags/example_subdag_operator.py for tasks to queue
[2024-10-12T20:44:23.370+0000] {logging_mixin.py:190} INFO - [2024-10-12T20:44:23.370+0000] {dagbag.py:588} INFO - Filling up the DagBag from /home/airflow/.local/lib/python3.12/site-packages/airflow/example_dags/example_subdag_operator.py
[2024-10-12T20:44:23.409+0000] {processor.py:925} INFO - DAG(s) 'example_subdag_operator.section-1', 'example_subdag_operator.section-2', 'example_subdag_operator' retrieved from /home/airflow/.local/lib/python3.12/site-packages/airflow/example_dags/example_subdag_operator.py
[2024-10-12T20:44:23.438+0000] {logging_mixin.py:190} INFO - [2024-10-12T20:44:23.437+0000] {dag.py:3239} INFO - Sync 3 DAGs
[2024-10-12T20:44:23.472+0000] {logging_mixin.py:190} INFO - [2024-10-12T20:44:23.472+0000] {dag.py:4180} INFO - Setting next_dagrun for example_subdag_operator to 2022-01-01 00:00:00+00:00, run_after=2022-01-01 00:00:00+00:00
[2024-10-12T20:44:23.480+0000] {logging_mixin.py:190} INFO - [2024-10-12T20:44:23.479+0000] {dag.py:4180} INFO - Setting next_dagrun for example_subdag_operator.section-1 to None, run_after=None
[2024-10-12T20:44:23.482+0000] {logging_mixin.py:190} INFO - [2024-10-12T20:44:23.482+0000] {dag.py:4180} INFO - Setting next_dagrun for example_subdag_operator.section-2 to None, run_after=None
[2024-10-12T20:44:23.496+0000] {logging_mixin.py:190} INFO - [2024-10-12T20:44:23.496+0000] {dag.py:3239} INFO - Sync 2 DAGs
[2024-10-12T20:44:23.506+0000] {logging_mixin.py:190} INFO - [2024-10-12T20:44:23.505+0000] {dag.py:4180} INFO - Setting next_dagrun for example_subdag_operator.section-1 to None, run_after=None
[2024-10-12T20:44:23.507+0000] {logging_mixin.py:190} INFO - [2024-10-12T20:44:23.507+0000] {dag.py:4180} INFO - Setting next_dagrun for example_subdag_operator.section-2 to None, run_after=None
[2024-10-12T20:44:23.535+0000] {processor.py:208} INFO - Processing /home/airflow/.local/lib/python3.12/site-packages/airflow/example_dags/example_subdag_operator.py took 0.178 seconds
[2024-10-12T20:44:54.283+0000] {processor.py:186} INFO - Started process (PID=1224) to work on /home/airflow/.local/lib/python3.12/site-packages/airflow/example_dags/example_subdag_operator.py
[2024-10-12T20:44:54.285+0000] {processor.py:914} INFO - Processing file /home/airflow/.local/lib/python3.12/site-packages/airflow/example_dags/example_subdag_operator.py for tasks to queue
[2024-10-12T20:44:54.290+0000] {logging_mixin.py:190} INFO - [2024-10-12T20:44:54.290+0000] {dagbag.py:588} INFO - Filling up the DagBag from /home/airflow/.local/lib/python3.12/site-packages/airflow/example_dags/example_subdag_operator.py
[2024-10-12T20:44:54.332+0000] {processor.py:925} INFO - DAG(s) 'example_subdag_operator.section-1', 'example_subdag_operator.section-2', 'example_subdag_operator' retrieved from /home/airflow/.local/lib/python3.12/site-packages/airflow/example_dags/example_subdag_operator.py
[2024-10-12T20:44:54.355+0000] {logging_mixin.py:190} INFO - [2024-10-12T20:44:54.354+0000] {dag.py:3239} INFO - Sync 3 DAGs
[2024-10-12T20:44:54.389+0000] {logging_mixin.py:190} INFO - [2024-10-12T20:44:54.389+0000] {dag.py:4180} INFO - Setting next_dagrun for example_subdag_operator to 2022-01-01 00:00:00+00:00, run_after=2022-01-01 00:00:00+00:00
[2024-10-12T20:44:54.396+0000] {logging_mixin.py:190} INFO - [2024-10-12T20:44:54.395+0000] {dag.py:4180} INFO - Setting next_dagrun for example_subdag_operator.section-1 to None, run_after=None
[2024-10-12T20:44:54.398+0000] {logging_mixin.py:190} INFO - [2024-10-12T20:44:54.398+0000] {dag.py:4180} INFO - Setting next_dagrun for example_subdag_operator.section-2 to None, run_after=None
[2024-10-12T20:44:54.413+0000] {logging_mixin.py:190} INFO - [2024-10-12T20:44:54.412+0000] {dag.py:3239} INFO - Sync 2 DAGs
[2024-10-12T20:44:54.425+0000] {logging_mixin.py:190} INFO - [2024-10-12T20:44:54.425+0000] {dag.py:4180} INFO - Setting next_dagrun for example_subdag_operator.section-1 to None, run_after=None
[2024-10-12T20:44:54.426+0000] {logging_mixin.py:190} INFO - [2024-10-12T20:44:54.426+0000] {dag.py:4180} INFO - Setting next_dagrun for example_subdag_operator.section-2 to None, run_after=None
[2024-10-12T20:44:54.442+0000] {processor.py:208} INFO - Processing /home/airflow/.local/lib/python3.12/site-packages/airflow/example_dags/example_subdag_operator.py took 0.168 seconds
[2024-10-12T20:45:25.046+0000] {processor.py:186} INFO - Started process (PID=1286) to work on /home/airflow/.local/lib/python3.12/site-packages/airflow/example_dags/example_subdag_operator.py
[2024-10-12T20:45:25.047+0000] {processor.py:914} INFO - Processing file /home/airflow/.local/lib/python3.12/site-packages/airflow/example_dags/example_subdag_operator.py for tasks to queue
[2024-10-12T20:45:25.050+0000] {logging_mixin.py:190} INFO - [2024-10-12T20:45:25.050+0000] {dagbag.py:588} INFO - Filling up the DagBag from /home/airflow/.local/lib/python3.12/site-packages/airflow/example_dags/example_subdag_operator.py
[2024-10-12T20:45:25.081+0000] {processor.py:925} INFO - DAG(s) 'example_subdag_operator.section-1', 'example_subdag_operator.section-2', 'example_subdag_operator' retrieved from /home/airflow/.local/lib/python3.12/site-packages/airflow/example_dags/example_subdag_operator.py
[2024-10-12T20:45:25.101+0000] {logging_mixin.py:190} INFO - [2024-10-12T20:45:25.101+0000] {dag.py:3239} INFO - Sync 3 DAGs
[2024-10-12T20:45:25.133+0000] {logging_mixin.py:190} INFO - [2024-10-12T20:45:25.133+0000] {dag.py:4180} INFO - Setting next_dagrun for example_subdag_operator to 2022-01-01 00:00:00+00:00, run_after=2022-01-01 00:00:00+00:00
[2024-10-12T20:45:25.137+0000] {logging_mixin.py:190} INFO - [2024-10-12T20:45:25.137+0000] {dag.py:4180} INFO - Setting next_dagrun for example_subdag_operator.section-1 to None, run_after=None
[2024-10-12T20:45:25.139+0000] {logging_mixin.py:190} INFO - [2024-10-12T20:45:25.139+0000] {dag.py:4180} INFO - Setting next_dagrun for example_subdag_operator.section-2 to None, run_after=None
[2024-10-12T20:45:25.149+0000] {logging_mixin.py:190} INFO - [2024-10-12T20:45:25.148+0000] {dag.py:3239} INFO - Sync 2 DAGs
[2024-10-12T20:45:25.156+0000] {logging_mixin.py:190} INFO - [2024-10-12T20:45:25.156+0000] {dag.py:4180} INFO - Setting next_dagrun for example_subdag_operator.section-1 to None, run_after=None
[2024-10-12T20:45:25.157+0000] {logging_mixin.py:190} INFO - [2024-10-12T20:45:25.157+0000] {dag.py:4180} INFO - Setting next_dagrun for example_subdag_operator.section-2 to None, run_after=None
[2024-10-12T20:45:25.172+0000] {processor.py:208} INFO - Processing /home/airflow/.local/lib/python3.12/site-packages/airflow/example_dags/example_subdag_operator.py took 0.133 seconds
[2024-10-12T20:45:56.678+0000] {processor.py:186} INFO - Started process (PID=1348) to work on /home/airflow/.local/lib/python3.12/site-packages/airflow/example_dags/example_subdag_operator.py
[2024-10-12T20:45:56.680+0000] {processor.py:914} INFO - Processing file /home/airflow/.local/lib/python3.12/site-packages/airflow/example_dags/example_subdag_operator.py for tasks to queue
[2024-10-12T20:45:56.685+0000] {logging_mixin.py:190} INFO - [2024-10-12T20:45:56.684+0000] {dagbag.py:588} INFO - Filling up the DagBag from /home/airflow/.local/lib/python3.12/site-packages/airflow/example_dags/example_subdag_operator.py
[2024-10-12T20:45:56.735+0000] {processor.py:925} INFO - DAG(s) 'example_subdag_operator.section-1', 'example_subdag_operator.section-2', 'example_subdag_operator' retrieved from /home/airflow/.local/lib/python3.12/site-packages/airflow/example_dags/example_subdag_operator.py
[2024-10-12T20:45:56.769+0000] {logging_mixin.py:190} INFO - [2024-10-12T20:45:56.769+0000] {dag.py:3239} INFO - Sync 3 DAGs
[2024-10-12T20:45:56.858+0000] {logging_mixin.py:190} INFO - [2024-10-12T20:45:56.857+0000] {dag.py:4180} INFO - Setting next_dagrun for example_subdag_operator to 2022-01-01 00:00:00+00:00, run_after=2022-01-01 00:00:00+00:00
[2024-10-12T20:45:56.867+0000] {logging_mixin.py:190} INFO - [2024-10-12T20:45:56.867+0000] {dag.py:4180} INFO - Setting next_dagrun for example_subdag_operator.section-1 to None, run_after=None
[2024-10-12T20:45:56.870+0000] {logging_mixin.py:190} INFO - [2024-10-12T20:45:56.870+0000] {dag.py:4180} INFO - Setting next_dagrun for example_subdag_operator.section-2 to None, run_after=None
[2024-10-12T20:45:56.884+0000] {logging_mixin.py:190} INFO - [2024-10-12T20:45:56.883+0000] {dag.py:3239} INFO - Sync 2 DAGs
[2024-10-12T20:45:56.895+0000] {logging_mixin.py:190} INFO - [2024-10-12T20:45:56.895+0000] {dag.py:4180} INFO - Setting next_dagrun for example_subdag_operator.section-1 to None, run_after=None
[2024-10-12T20:45:56.904+0000] {logging_mixin.py:190} INFO - [2024-10-12T20:45:56.904+0000] {dag.py:4180} INFO - Setting next_dagrun for example_subdag_operator.section-2 to None, run_after=None
[2024-10-12T20:45:56.938+0000] {processor.py:208} INFO - Processing /home/airflow/.local/lib/python3.12/site-packages/airflow/example_dags/example_subdag_operator.py took 0.275 seconds
[2024-10-12T20:46:27.560+0000] {processor.py:186} INFO - Started process (PID=1410) to work on /home/airflow/.local/lib/python3.12/site-packages/airflow/example_dags/example_subdag_operator.py
[2024-10-12T20:46:27.565+0000] {processor.py:914} INFO - Processing file /home/airflow/.local/lib/python3.12/site-packages/airflow/example_dags/example_subdag_operator.py for tasks to queue
[2024-10-12T20:46:27.570+0000] {logging_mixin.py:190} INFO - [2024-10-12T20:46:27.570+0000] {dagbag.py:588} INFO - Filling up the DagBag from /home/airflow/.local/lib/python3.12/site-packages/airflow/example_dags/example_subdag_operator.py
[2024-10-12T20:46:27.616+0000] {processor.py:925} INFO - DAG(s) 'example_subdag_operator.section-1', 'example_subdag_operator.section-2', 'example_subdag_operator' retrieved from /home/airflow/.local/lib/python3.12/site-packages/airflow/example_dags/example_subdag_operator.py
[2024-10-12T20:46:27.647+0000] {logging_mixin.py:190} INFO - [2024-10-12T20:46:27.647+0000] {dag.py:3239} INFO - Sync 3 DAGs
[2024-10-12T20:46:27.693+0000] {logging_mixin.py:190} INFO - [2024-10-12T20:46:27.692+0000] {dag.py:4180} INFO - Setting next_dagrun for example_subdag_operator to 2022-01-01 00:00:00+00:00, run_after=2022-01-01 00:00:00+00:00
[2024-10-12T20:46:27.703+0000] {logging_mixin.py:190} INFO - [2024-10-12T20:46:27.702+0000] {dag.py:4180} INFO - Setting next_dagrun for example_subdag_operator.section-1 to None, run_after=None
[2024-10-12T20:46:27.707+0000] {logging_mixin.py:190} INFO - [2024-10-12T20:46:27.706+0000] {dag.py:4180} INFO - Setting next_dagrun for example_subdag_operator.section-2 to None, run_after=None
[2024-10-12T20:46:27.718+0000] {logging_mixin.py:190} INFO - [2024-10-12T20:46:27.717+0000] {dag.py:3239} INFO - Sync 2 DAGs
[2024-10-12T20:46:27.739+0000] {logging_mixin.py:190} INFO - [2024-10-12T20:46:27.739+0000] {dag.py:4180} INFO - Setting next_dagrun for example_subdag_operator.section-1 to None, run_after=None
[2024-10-12T20:46:27.741+0000] {logging_mixin.py:190} INFO - [2024-10-12T20:46:27.740+0000] {dag.py:4180} INFO - Setting next_dagrun for example_subdag_operator.section-2 to None, run_after=None
[2024-10-12T20:46:27.760+0000] {processor.py:208} INFO - Processing /home/airflow/.local/lib/python3.12/site-packages/airflow/example_dags/example_subdag_operator.py took 0.212 seconds
[2024-10-12T20:46:58.171+0000] {processor.py:186} INFO - Started process (PID=1472) to work on /home/airflow/.local/lib/python3.12/site-packages/airflow/example_dags/example_subdag_operator.py
[2024-10-12T20:46:58.172+0000] {processor.py:914} INFO - Processing file /home/airflow/.local/lib/python3.12/site-packages/airflow/example_dags/example_subdag_operator.py for tasks to queue
[2024-10-12T20:46:58.177+0000] {logging_mixin.py:190} INFO - [2024-10-12T20:46:58.176+0000] {dagbag.py:588} INFO - Filling up the DagBag from /home/airflow/.local/lib/python3.12/site-packages/airflow/example_dags/example_subdag_operator.py
[2024-10-12T20:46:58.219+0000] {processor.py:925} INFO - DAG(s) 'example_subdag_operator.section-1', 'example_subdag_operator.section-2', 'example_subdag_operator' retrieved from /home/airflow/.local/lib/python3.12/site-packages/airflow/example_dags/example_subdag_operator.py
[2024-10-12T20:46:58.247+0000] {logging_mixin.py:190} INFO - [2024-10-12T20:46:58.247+0000] {dag.py:3239} INFO - Sync 3 DAGs
[2024-10-12T20:46:58.290+0000] {logging_mixin.py:190} INFO - [2024-10-12T20:46:58.289+0000] {dag.py:4180} INFO - Setting next_dagrun for example_subdag_operator to 2022-01-01 00:00:00+00:00, run_after=2022-01-01 00:00:00+00:00
[2024-10-12T20:46:58.295+0000] {logging_mixin.py:190} INFO - [2024-10-12T20:46:58.295+0000] {dag.py:4180} INFO - Setting next_dagrun for example_subdag_operator.section-1 to None, run_after=None
[2024-10-12T20:46:58.298+0000] {logging_mixin.py:190} INFO - [2024-10-12T20:46:58.298+0000] {dag.py:4180} INFO - Setting next_dagrun for example_subdag_operator.section-2 to None, run_after=None
[2024-10-12T20:46:58.310+0000] {logging_mixin.py:190} INFO - [2024-10-12T20:46:58.309+0000] {dag.py:3239} INFO - Sync 2 DAGs
[2024-10-12T20:46:58.318+0000] {logging_mixin.py:190} INFO - [2024-10-12T20:46:58.318+0000] {dag.py:4180} INFO - Setting next_dagrun for example_subdag_operator.section-1 to None, run_after=None
[2024-10-12T20:46:58.319+0000] {logging_mixin.py:190} INFO - [2024-10-12T20:46:58.319+0000] {dag.py:4180} INFO - Setting next_dagrun for example_subdag_operator.section-2 to None, run_after=None
[2024-10-12T20:46:58.343+0000] {processor.py:208} INFO - Processing /home/airflow/.local/lib/python3.12/site-packages/airflow/example_dags/example_subdag_operator.py took 0.181 seconds
[2024-10-12T20:47:28.507+0000] {processor.py:186} INFO - Started process (PID=1534) to work on /home/airflow/.local/lib/python3.12/site-packages/airflow/example_dags/example_subdag_operator.py
[2024-10-12T20:47:28.509+0000] {processor.py:914} INFO - Processing file /home/airflow/.local/lib/python3.12/site-packages/airflow/example_dags/example_subdag_operator.py for tasks to queue
[2024-10-12T20:47:28.512+0000] {logging_mixin.py:190} INFO - [2024-10-12T20:47:28.512+0000] {dagbag.py:588} INFO - Filling up the DagBag from /home/airflow/.local/lib/python3.12/site-packages/airflow/example_dags/example_subdag_operator.py
[2024-10-12T20:47:28.549+0000] {processor.py:925} INFO - DAG(s) 'example_subdag_operator.section-1', 'example_subdag_operator.section-2', 'example_subdag_operator' retrieved from /home/airflow/.local/lib/python3.12/site-packages/airflow/example_dags/example_subdag_operator.py
[2024-10-12T20:47:28.570+0000] {logging_mixin.py:190} INFO - [2024-10-12T20:47:28.570+0000] {dag.py:3239} INFO - Sync 3 DAGs
[2024-10-12T20:47:28.607+0000] {logging_mixin.py:190} INFO - [2024-10-12T20:47:28.607+0000] {dag.py:4180} INFO - Setting next_dagrun for example_subdag_operator to 2022-01-01 00:00:00+00:00, run_after=2022-01-01 00:00:00+00:00
[2024-10-12T20:47:28.613+0000] {logging_mixin.py:190} INFO - [2024-10-12T20:47:28.613+0000] {dag.py:4180} INFO - Setting next_dagrun for example_subdag_operator.section-1 to None, run_after=None
[2024-10-12T20:47:28.615+0000] {logging_mixin.py:190} INFO - [2024-10-12T20:47:28.615+0000] {dag.py:4180} INFO - Setting next_dagrun for example_subdag_operator.section-2 to None, run_after=None
[2024-10-12T20:47:28.627+0000] {logging_mixin.py:190} INFO - [2024-10-12T20:47:28.627+0000] {dag.py:3239} INFO - Sync 2 DAGs
[2024-10-12T20:47:28.639+0000] {logging_mixin.py:190} INFO - [2024-10-12T20:47:28.639+0000] {dag.py:4180} INFO - Setting next_dagrun for example_subdag_operator.section-1 to None, run_after=None
[2024-10-12T20:47:28.640+0000] {logging_mixin.py:190} INFO - [2024-10-12T20:47:28.640+0000] {dag.py:4180} INFO - Setting next_dagrun for example_subdag_operator.section-2 to None, run_after=None
[2024-10-12T20:47:28.663+0000] {processor.py:208} INFO - Processing /home/airflow/.local/lib/python3.12/site-packages/airflow/example_dags/example_subdag_operator.py took 0.165 seconds
[2024-10-12T20:47:59.178+0000] {processor.py:186} INFO - Started process (PID=1596) to work on /home/airflow/.local/lib/python3.12/site-packages/airflow/example_dags/example_subdag_operator.py
[2024-10-12T20:47:59.180+0000] {processor.py:914} INFO - Processing file /home/airflow/.local/lib/python3.12/site-packages/airflow/example_dags/example_subdag_operator.py for tasks to queue
[2024-10-12T20:47:59.184+0000] {logging_mixin.py:190} INFO - [2024-10-12T20:47:59.184+0000] {dagbag.py:588} INFO - Filling up the DagBag from /home/airflow/.local/lib/python3.12/site-packages/airflow/example_dags/example_subdag_operator.py
[2024-10-12T20:47:59.220+0000] {processor.py:925} INFO - DAG(s) 'example_subdag_operator.section-1', 'example_subdag_operator.section-2', 'example_subdag_operator' retrieved from /home/airflow/.local/lib/python3.12/site-packages/airflow/example_dags/example_subdag_operator.py
[2024-10-12T20:47:59.243+0000] {logging_mixin.py:190} INFO - [2024-10-12T20:47:59.243+0000] {dag.py:3239} INFO - Sync 3 DAGs
[2024-10-12T20:47:59.285+0000] {logging_mixin.py:190} INFO - [2024-10-12T20:47:59.285+0000] {dag.py:4180} INFO - Setting next_dagrun for example_subdag_operator to 2022-01-01 00:00:00+00:00, run_after=2022-01-01 00:00:00+00:00
[2024-10-12T20:47:59.291+0000] {logging_mixin.py:190} INFO - [2024-10-12T20:47:59.291+0000] {dag.py:4180} INFO - Setting next_dagrun for example_subdag_operator.section-1 to None, run_after=None
[2024-10-12T20:47:59.294+0000] {logging_mixin.py:190} INFO - [2024-10-12T20:47:59.294+0000] {dag.py:4180} INFO - Setting next_dagrun for example_subdag_operator.section-2 to None, run_after=None
[2024-10-12T20:47:59.306+0000] {logging_mixin.py:190} INFO - [2024-10-12T20:47:59.305+0000] {dag.py:3239} INFO - Sync 2 DAGs
[2024-10-12T20:47:59.315+0000] {logging_mixin.py:190} INFO - [2024-10-12T20:47:59.315+0000] {dag.py:4180} INFO - Setting next_dagrun for example_subdag_operator.section-1 to None, run_after=None
[2024-10-12T20:47:59.317+0000] {logging_mixin.py:190} INFO - [2024-10-12T20:47:59.316+0000] {dag.py:4180} INFO - Setting next_dagrun for example_subdag_operator.section-2 to None, run_after=None
[2024-10-12T20:47:59.333+0000] {processor.py:208} INFO - Processing /home/airflow/.local/lib/python3.12/site-packages/airflow/example_dags/example_subdag_operator.py took 0.166 seconds
[2024-10-12T20:48:30.524+0000] {processor.py:186} INFO - Started process (PID=1659) to work on /home/airflow/.local/lib/python3.12/site-packages/airflow/example_dags/example_subdag_operator.py
[2024-10-12T20:48:30.527+0000] {processor.py:914} INFO - Processing file /home/airflow/.local/lib/python3.12/site-packages/airflow/example_dags/example_subdag_operator.py for tasks to queue
[2024-10-12T20:48:30.532+0000] {logging_mixin.py:190} INFO - [2024-10-12T20:48:30.531+0000] {dagbag.py:588} INFO - Filling up the DagBag from /home/airflow/.local/lib/python3.12/site-packages/airflow/example_dags/example_subdag_operator.py
[2024-10-12T20:48:30.577+0000] {processor.py:925} INFO - DAG(s) 'example_subdag_operator.section-1', 'example_subdag_operator.section-2', 'example_subdag_operator' retrieved from /home/airflow/.local/lib/python3.12/site-packages/airflow/example_dags/example_subdag_operator.py
[2024-10-12T20:48:30.607+0000] {logging_mixin.py:190} INFO - [2024-10-12T20:48:30.606+0000] {dag.py:3239} INFO - Sync 3 DAGs
[2024-10-12T20:48:30.644+0000] {logging_mixin.py:190} INFO - [2024-10-12T20:48:30.644+0000] {dag.py:4180} INFO - Setting next_dagrun for example_subdag_operator to 2022-01-01 00:00:00+00:00, run_after=2022-01-01 00:00:00+00:00
[2024-10-12T20:48:30.650+0000] {logging_mixin.py:190} INFO - [2024-10-12T20:48:30.650+0000] {dag.py:4180} INFO - Setting next_dagrun for example_subdag_operator.section-1 to None, run_after=None
[2024-10-12T20:48:30.652+0000] {logging_mixin.py:190} INFO - [2024-10-12T20:48:30.652+0000] {dag.py:4180} INFO - Setting next_dagrun for example_subdag_operator.section-2 to None, run_after=None
[2024-10-12T20:48:30.664+0000] {logging_mixin.py:190} INFO - [2024-10-12T20:48:30.664+0000] {dag.py:3239} INFO - Sync 2 DAGs
[2024-10-12T20:48:30.675+0000] {logging_mixin.py:190} INFO - [2024-10-12T20:48:30.675+0000] {dag.py:4180} INFO - Setting next_dagrun for example_subdag_operator.section-1 to None, run_after=None
[2024-10-12T20:48:30.676+0000] {logging_mixin.py:190} INFO - [2024-10-12T20:48:30.676+0000] {dag.py:4180} INFO - Setting next_dagrun for example_subdag_operator.section-2 to None, run_after=None
[2024-10-12T20:48:30.696+0000] {processor.py:208} INFO - Processing /home/airflow/.local/lib/python3.12/site-packages/airflow/example_dags/example_subdag_operator.py took 0.182 seconds
[2024-10-12T20:49:00.943+0000] {processor.py:186} INFO - Started process (PID=1720) to work on /home/airflow/.local/lib/python3.12/site-packages/airflow/example_dags/example_subdag_operator.py
[2024-10-12T20:49:00.945+0000] {processor.py:914} INFO - Processing file /home/airflow/.local/lib/python3.12/site-packages/airflow/example_dags/example_subdag_operator.py for tasks to queue
[2024-10-12T20:49:00.949+0000] {logging_mixin.py:190} INFO - [2024-10-12T20:49:00.949+0000] {dagbag.py:588} INFO - Filling up the DagBag from /home/airflow/.local/lib/python3.12/site-packages/airflow/example_dags/example_subdag_operator.py
[2024-10-12T20:49:00.993+0000] {processor.py:925} INFO - DAG(s) 'example_subdag_operator.section-1', 'example_subdag_operator.section-2', 'example_subdag_operator' retrieved from /home/airflow/.local/lib/python3.12/site-packages/airflow/example_dags/example_subdag_operator.py
[2024-10-12T20:49:01.019+0000] {logging_mixin.py:190} INFO - [2024-10-12T20:49:01.019+0000] {dag.py:3239} INFO - Sync 3 DAGs
[2024-10-12T20:49:01.059+0000] {logging_mixin.py:190} INFO - [2024-10-12T20:49:01.058+0000] {dag.py:4180} INFO - Setting next_dagrun for example_subdag_operator to 2022-01-01 00:00:00+00:00, run_after=2022-01-01 00:00:00+00:00
[2024-10-12T20:49:01.064+0000] {logging_mixin.py:190} INFO - [2024-10-12T20:49:01.063+0000] {dag.py:4180} INFO - Setting next_dagrun for example_subdag_operator.section-1 to None, run_after=None
[2024-10-12T20:49:01.066+0000] {logging_mixin.py:190} INFO - [2024-10-12T20:49:01.066+0000] {dag.py:4180} INFO - Setting next_dagrun for example_subdag_operator.section-2 to None, run_after=None
[2024-10-12T20:49:01.076+0000] {logging_mixin.py:190} INFO - [2024-10-12T20:49:01.076+0000] {dag.py:3239} INFO - Sync 2 DAGs
[2024-10-12T20:49:01.086+0000] {logging_mixin.py:190} INFO - [2024-10-12T20:49:01.086+0000] {dag.py:4180} INFO - Setting next_dagrun for example_subdag_operator.section-1 to None, run_after=None
[2024-10-12T20:49:01.087+0000] {logging_mixin.py:190} INFO - [2024-10-12T20:49:01.087+0000] {dag.py:4180} INFO - Setting next_dagrun for example_subdag_operator.section-2 to None, run_after=None
[2024-10-12T20:49:01.112+0000] {processor.py:208} INFO - Processing /home/airflow/.local/lib/python3.12/site-packages/airflow/example_dags/example_subdag_operator.py took 0.179 seconds
[2024-10-12T20:49:31.487+0000] {processor.py:186} INFO - Started process (PID=1782) to work on /home/airflow/.local/lib/python3.12/site-packages/airflow/example_dags/example_subdag_operator.py
[2024-10-12T20:49:31.489+0000] {processor.py:914} INFO - Processing file /home/airflow/.local/lib/python3.12/site-packages/airflow/example_dags/example_subdag_operator.py for tasks to queue
[2024-10-12T20:49:31.492+0000] {logging_mixin.py:190} INFO - [2024-10-12T20:49:31.491+0000] {dagbag.py:588} INFO - Filling up the DagBag from /home/airflow/.local/lib/python3.12/site-packages/airflow/example_dags/example_subdag_operator.py
[2024-10-12T20:49:31.528+0000] {processor.py:925} INFO - DAG(s) 'example_subdag_operator.section-1', 'example_subdag_operator.section-2', 'example_subdag_operator' retrieved from /home/airflow/.local/lib/python3.12/site-packages/airflow/example_dags/example_subdag_operator.py
[2024-10-12T20:49:31.549+0000] {logging_mixin.py:190} INFO - [2024-10-12T20:49:31.549+0000] {dag.py:3239} INFO - Sync 3 DAGs
[2024-10-12T20:49:31.587+0000] {logging_mixin.py:190} INFO - [2024-10-12T20:49:31.587+0000] {dag.py:4180} INFO - Setting next_dagrun for example_subdag_operator to 2022-01-01 00:00:00+00:00, run_after=2022-01-01 00:00:00+00:00
[2024-10-12T20:49:31.594+0000] {logging_mixin.py:190} INFO - [2024-10-12T20:49:31.594+0000] {dag.py:4180} INFO - Setting next_dagrun for example_subdag_operator.section-1 to None, run_after=None
[2024-10-12T20:49:31.597+0000] {logging_mixin.py:190} INFO - [2024-10-12T20:49:31.597+0000] {dag.py:4180} INFO - Setting next_dagrun for example_subdag_operator.section-2 to None, run_after=None
[2024-10-12T20:49:31.609+0000] {logging_mixin.py:190} INFO - [2024-10-12T20:49:31.608+0000] {dag.py:3239} INFO - Sync 2 DAGs
[2024-10-12T20:49:31.619+0000] {logging_mixin.py:190} INFO - [2024-10-12T20:49:31.619+0000] {dag.py:4180} INFO - Setting next_dagrun for example_subdag_operator.section-1 to None, run_after=None
[2024-10-12T20:49:31.621+0000] {logging_mixin.py:190} INFO - [2024-10-12T20:49:31.620+0000] {dag.py:4180} INFO - Setting next_dagrun for example_subdag_operator.section-2 to None, run_after=None
[2024-10-12T20:49:31.650+0000] {processor.py:208} INFO - Processing /home/airflow/.local/lib/python3.12/site-packages/airflow/example_dags/example_subdag_operator.py took 0.171 seconds
[2024-10-12T20:50:02.423+0000] {processor.py:186} INFO - Started process (PID=1844) to work on /home/airflow/.local/lib/python3.12/site-packages/airflow/example_dags/example_subdag_operator.py
[2024-10-12T20:50:02.425+0000] {processor.py:914} INFO - Processing file /home/airflow/.local/lib/python3.12/site-packages/airflow/example_dags/example_subdag_operator.py for tasks to queue
[2024-10-12T20:50:02.429+0000] {logging_mixin.py:190} INFO - [2024-10-12T20:50:02.429+0000] {dagbag.py:588} INFO - Filling up the DagBag from /home/airflow/.local/lib/python3.12/site-packages/airflow/example_dags/example_subdag_operator.py
[2024-10-12T20:50:02.486+0000] {processor.py:925} INFO - DAG(s) 'example_subdag_operator.section-1', 'example_subdag_operator.section-2', 'example_subdag_operator' retrieved from /home/airflow/.local/lib/python3.12/site-packages/airflow/example_dags/example_subdag_operator.py
[2024-10-12T20:50:02.515+0000] {logging_mixin.py:190} INFO - [2024-10-12T20:50:02.514+0000] {dag.py:3239} INFO - Sync 3 DAGs
[2024-10-12T20:50:02.566+0000] {logging_mixin.py:190} INFO - [2024-10-12T20:50:02.565+0000] {dag.py:4180} INFO - Setting next_dagrun for example_subdag_operator to 2022-01-01 00:00:00+00:00, run_after=2022-01-01 00:00:00+00:00
[2024-10-12T20:50:02.575+0000] {logging_mixin.py:190} INFO - [2024-10-12T20:50:02.574+0000] {dag.py:4180} INFO - Setting next_dagrun for example_subdag_operator.section-1 to None, run_after=None
[2024-10-12T20:50:02.578+0000] {logging_mixin.py:190} INFO - [2024-10-12T20:50:02.578+0000] {dag.py:4180} INFO - Setting next_dagrun for example_subdag_operator.section-2 to None, run_after=None
[2024-10-12T20:50:02.591+0000] {logging_mixin.py:190} INFO - [2024-10-12T20:50:02.591+0000] {dag.py:3239} INFO - Sync 2 DAGs
[2024-10-12T20:50:02.612+0000] {logging_mixin.py:190} INFO - [2024-10-12T20:50:02.611+0000] {dag.py:4180} INFO - Setting next_dagrun for example_subdag_operator.section-1 to None, run_after=None
[2024-10-12T20:50:02.613+0000] {logging_mixin.py:190} INFO - [2024-10-12T20:50:02.613+0000] {dag.py:4180} INFO - Setting next_dagrun for example_subdag_operator.section-2 to None, run_after=None
[2024-10-12T20:50:02.644+0000] {processor.py:208} INFO - Processing /home/airflow/.local/lib/python3.12/site-packages/airflow/example_dags/example_subdag_operator.py took 0.228 seconds
