[2024-10-12T20:35:41.243+0000] {processor.py:186} INFO - Started process (PID=119) to work on /home/airflow/.local/lib/python3.12/site-packages/airflow/example_dags/example_skip_dag.py
[2024-10-12T20:35:41.245+0000] {processor.py:914} INFO - Processing file /home/airflow/.local/lib/python3.12/site-packages/airflow/example_dags/example_skip_dag.py for tasks to queue
[2024-10-12T20:35:41.249+0000] {logging_mixin.py:190} INFO - [2024-10-12T20:35:41.249+0000] {dagbag.py:588} INFO - Filling up the DagBag from /home/airflow/.local/lib/python3.12/site-packages/airflow/example_dags/example_skip_dag.py
[2024-10-12T20:35:41.262+0000] {processor.py:925} INFO - DAG(s) 'example_skip_dag' retrieved from /home/airflow/.local/lib/python3.12/site-packages/airflow/example_dags/example_skip_dag.py
[2024-10-12T20:35:41.413+0000] {logging_mixin.py:190} INFO - [2024-10-12T20:35:41.411+0000] {override.py:1900} INFO - Created Permission View: can delete on DAG:example_skip_dag
[2024-10-12T20:35:41.429+0000] {logging_mixin.py:190} INFO - [2024-10-12T20:35:41.428+0000] {override.py:1900} INFO - Created Permission View: can edit on DAG:example_skip_dag
[2024-10-12T20:35:41.438+0000] {logging_mixin.py:190} INFO - [2024-10-12T20:35:41.438+0000] {override.py:1900} INFO - Created Permission View: can read on DAG:example_skip_dag
[2024-10-12T20:35:41.449+0000] {logging_mixin.py:190} INFO - [2024-10-12T20:35:41.448+0000] {override.py:1900} INFO - Created Permission View: can delete on DAG Run:example_skip_dag
[2024-10-12T20:35:41.460+0000] {logging_mixin.py:190} INFO - [2024-10-12T20:35:41.459+0000] {override.py:1900} INFO - Created Permission View: can create on DAG Run:example_skip_dag
[2024-10-12T20:35:41.469+0000] {logging_mixin.py:190} INFO - [2024-10-12T20:35:41.468+0000] {override.py:1900} INFO - Created Permission View: menu access on DAG Run:example_skip_dag
[2024-10-12T20:35:41.480+0000] {logging_mixin.py:190} INFO - [2024-10-12T20:35:41.480+0000] {override.py:1900} INFO - Created Permission View: can read on DAG Run:example_skip_dag
[2024-10-12T20:35:41.481+0000] {logging_mixin.py:190} INFO - [2024-10-12T20:35:41.481+0000] {dag.py:3239} INFO - Sync 1 DAGs
[2024-10-12T20:35:41.500+0000] {logging_mixin.py:190} INFO - [2024-10-12T20:35:41.500+0000] {dag.py:3262} INFO - Creating ORM DAG for example_skip_dag
[2024-10-12T20:35:41.515+0000] {logging_mixin.py:190} INFO - [2024-10-12T20:35:41.515+0000] {dag.py:4180} INFO - Setting next_dagrun for example_skip_dag to 2024-10-11 00:00:00+00:00, run_after=2024-10-12 00:00:00+00:00
[2024-10-12T20:35:41.543+0000] {processor.py:208} INFO - Processing /home/airflow/.local/lib/python3.12/site-packages/airflow/example_dags/example_skip_dag.py took 0.307 seconds
[2024-10-12T20:36:12.342+0000] {processor.py:186} INFO - Started process (PID=181) to work on /home/airflow/.local/lib/python3.12/site-packages/airflow/example_dags/example_skip_dag.py
[2024-10-12T20:36:12.343+0000] {processor.py:914} INFO - Processing file /home/airflow/.local/lib/python3.12/site-packages/airflow/example_dags/example_skip_dag.py for tasks to queue
[2024-10-12T20:36:12.347+0000] {logging_mixin.py:190} INFO - [2024-10-12T20:36:12.347+0000] {dagbag.py:588} INFO - Filling up the DagBag from /home/airflow/.local/lib/python3.12/site-packages/airflow/example_dags/example_skip_dag.py
[2024-10-12T20:36:12.361+0000] {processor.py:925} INFO - DAG(s) 'example_skip_dag' retrieved from /home/airflow/.local/lib/python3.12/site-packages/airflow/example_dags/example_skip_dag.py
[2024-10-12T20:36:12.392+0000] {logging_mixin.py:190} INFO - [2024-10-12T20:36:12.391+0000] {dag.py:3239} INFO - Sync 1 DAGs
[2024-10-12T20:36:12.429+0000] {logging_mixin.py:190} INFO - [2024-10-12T20:36:12.429+0000] {dag.py:4180} INFO - Setting next_dagrun for example_skip_dag to 2024-10-11 00:00:00+00:00, run_after=2024-10-12 00:00:00+00:00
[2024-10-12T20:36:12.463+0000] {processor.py:208} INFO - Processing /home/airflow/.local/lib/python3.12/site-packages/airflow/example_dags/example_skip_dag.py took 0.133 seconds
[2024-10-12T20:36:42.712+0000] {processor.py:186} INFO - Started process (PID=243) to work on /home/airflow/.local/lib/python3.12/site-packages/airflow/example_dags/example_skip_dag.py
[2024-10-12T20:36:42.714+0000] {processor.py:914} INFO - Processing file /home/airflow/.local/lib/python3.12/site-packages/airflow/example_dags/example_skip_dag.py for tasks to queue
[2024-10-12T20:36:42.718+0000] {logging_mixin.py:190} INFO - [2024-10-12T20:36:42.718+0000] {dagbag.py:588} INFO - Filling up the DagBag from /home/airflow/.local/lib/python3.12/site-packages/airflow/example_dags/example_skip_dag.py
[2024-10-12T20:36:42.732+0000] {processor.py:925} INFO - DAG(s) 'example_skip_dag' retrieved from /home/airflow/.local/lib/python3.12/site-packages/airflow/example_dags/example_skip_dag.py
[2024-10-12T20:36:42.770+0000] {logging_mixin.py:190} INFO - [2024-10-12T20:36:42.770+0000] {dag.py:3239} INFO - Sync 1 DAGs
[2024-10-12T20:36:42.815+0000] {logging_mixin.py:190} INFO - [2024-10-12T20:36:42.815+0000] {dag.py:4180} INFO - Setting next_dagrun for example_skip_dag to 2024-10-11 00:00:00+00:00, run_after=2024-10-12 00:00:00+00:00
[2024-10-12T20:36:42.849+0000] {processor.py:208} INFO - Processing /home/airflow/.local/lib/python3.12/site-packages/airflow/example_dags/example_skip_dag.py took 0.155 seconds
[2024-10-12T20:37:13.036+0000] {processor.py:186} INFO - Started process (PID=305) to work on /home/airflow/.local/lib/python3.12/site-packages/airflow/example_dags/example_skip_dag.py
[2024-10-12T20:37:13.038+0000] {processor.py:914} INFO - Processing file /home/airflow/.local/lib/python3.12/site-packages/airflow/example_dags/example_skip_dag.py for tasks to queue
[2024-10-12T20:37:13.043+0000] {logging_mixin.py:190} INFO - [2024-10-12T20:37:13.043+0000] {dagbag.py:588} INFO - Filling up the DagBag from /home/airflow/.local/lib/python3.12/site-packages/airflow/example_dags/example_skip_dag.py
[2024-10-12T20:37:13.063+0000] {processor.py:925} INFO - DAG(s) 'example_skip_dag' retrieved from /home/airflow/.local/lib/python3.12/site-packages/airflow/example_dags/example_skip_dag.py
[2024-10-12T20:37:13.110+0000] {logging_mixin.py:190} INFO - [2024-10-12T20:37:13.109+0000] {dag.py:3239} INFO - Sync 1 DAGs
[2024-10-12T20:37:13.154+0000] {logging_mixin.py:190} INFO - [2024-10-12T20:37:13.153+0000] {dag.py:4180} INFO - Setting next_dagrun for example_skip_dag to 2024-10-11 00:00:00+00:00, run_after=2024-10-12 00:00:00+00:00
[2024-10-12T20:37:13.195+0000] {processor.py:208} INFO - Processing /home/airflow/.local/lib/python3.12/site-packages/airflow/example_dags/example_skip_dag.py took 0.171 seconds
[2024-10-12T20:37:44.079+0000] {processor.py:186} INFO - Started process (PID=367) to work on /home/airflow/.local/lib/python3.12/site-packages/airflow/example_dags/example_skip_dag.py
[2024-10-12T20:37:44.081+0000] {processor.py:914} INFO - Processing file /home/airflow/.local/lib/python3.12/site-packages/airflow/example_dags/example_skip_dag.py for tasks to queue
[2024-10-12T20:37:44.086+0000] {logging_mixin.py:190} INFO - [2024-10-12T20:37:44.085+0000] {dagbag.py:588} INFO - Filling up the DagBag from /home/airflow/.local/lib/python3.12/site-packages/airflow/example_dags/example_skip_dag.py
[2024-10-12T20:37:44.100+0000] {processor.py:925} INFO - DAG(s) 'example_skip_dag' retrieved from /home/airflow/.local/lib/python3.12/site-packages/airflow/example_dags/example_skip_dag.py
[2024-10-12T20:37:44.144+0000] {logging_mixin.py:190} INFO - [2024-10-12T20:37:44.143+0000] {dag.py:3239} INFO - Sync 1 DAGs
[2024-10-12T20:37:44.190+0000] {logging_mixin.py:190} INFO - [2024-10-12T20:37:44.190+0000] {dag.py:4180} INFO - Setting next_dagrun for example_skip_dag to 2024-10-11 00:00:00+00:00, run_after=2024-10-12 00:00:00+00:00
[2024-10-12T20:37:44.233+0000] {processor.py:208} INFO - Processing /home/airflow/.local/lib/python3.12/site-packages/airflow/example_dags/example_skip_dag.py took 0.168 seconds
[2024-10-12T20:38:15.715+0000] {processor.py:186} INFO - Started process (PID=429) to work on /home/airflow/.local/lib/python3.12/site-packages/airflow/example_dags/example_skip_dag.py
[2024-10-12T20:38:15.719+0000] {processor.py:914} INFO - Processing file /home/airflow/.local/lib/python3.12/site-packages/airflow/example_dags/example_skip_dag.py for tasks to queue
[2024-10-12T20:38:15.726+0000] {logging_mixin.py:190} INFO - [2024-10-12T20:38:15.725+0000] {dagbag.py:588} INFO - Filling up the DagBag from /home/airflow/.local/lib/python3.12/site-packages/airflow/example_dags/example_skip_dag.py
[2024-10-12T20:38:15.748+0000] {processor.py:925} INFO - DAG(s) 'example_skip_dag' retrieved from /home/airflow/.local/lib/python3.12/site-packages/airflow/example_dags/example_skip_dag.py
[2024-10-12T20:38:15.788+0000] {logging_mixin.py:190} INFO - [2024-10-12T20:38:15.788+0000] {dag.py:3239} INFO - Sync 1 DAGs
[2024-10-12T20:38:15.834+0000] {logging_mixin.py:190} INFO - [2024-10-12T20:38:15.833+0000] {dag.py:4180} INFO - Setting next_dagrun for example_skip_dag to 2024-10-11 00:00:00+00:00, run_after=2024-10-12 00:00:00+00:00
[2024-10-12T20:38:15.871+0000] {processor.py:208} INFO - Processing /home/airflow/.local/lib/python3.12/site-packages/airflow/example_dags/example_skip_dag.py took 0.171 seconds
[2024-10-12T20:38:46.755+0000] {processor.py:186} INFO - Started process (PID=491) to work on /home/airflow/.local/lib/python3.12/site-packages/airflow/example_dags/example_skip_dag.py
[2024-10-12T20:38:46.757+0000] {processor.py:914} INFO - Processing file /home/airflow/.local/lib/python3.12/site-packages/airflow/example_dags/example_skip_dag.py for tasks to queue
[2024-10-12T20:38:46.761+0000] {logging_mixin.py:190} INFO - [2024-10-12T20:38:46.761+0000] {dagbag.py:588} INFO - Filling up the DagBag from /home/airflow/.local/lib/python3.12/site-packages/airflow/example_dags/example_skip_dag.py
[2024-10-12T20:38:46.774+0000] {processor.py:925} INFO - DAG(s) 'example_skip_dag' retrieved from /home/airflow/.local/lib/python3.12/site-packages/airflow/example_dags/example_skip_dag.py
[2024-10-12T20:38:46.809+0000] {logging_mixin.py:190} INFO - [2024-10-12T20:38:46.809+0000] {dag.py:3239} INFO - Sync 1 DAGs
[2024-10-12T20:38:46.861+0000] {logging_mixin.py:190} INFO - [2024-10-12T20:38:46.860+0000] {dag.py:4180} INFO - Setting next_dagrun for example_skip_dag to 2024-10-11 00:00:00+00:00, run_after=2024-10-12 00:00:00+00:00
[2024-10-12T20:38:46.893+0000] {processor.py:208} INFO - Processing /home/airflow/.local/lib/python3.12/site-packages/airflow/example_dags/example_skip_dag.py took 0.148 seconds
[2024-10-12T20:39:17.015+0000] {processor.py:186} INFO - Started process (PID=553) to work on /home/airflow/.local/lib/python3.12/site-packages/airflow/example_dags/example_skip_dag.py
[2024-10-12T20:39:17.016+0000] {processor.py:914} INFO - Processing file /home/airflow/.local/lib/python3.12/site-packages/airflow/example_dags/example_skip_dag.py for tasks to queue
[2024-10-12T20:39:17.020+0000] {logging_mixin.py:190} INFO - [2024-10-12T20:39:17.020+0000] {dagbag.py:588} INFO - Filling up the DagBag from /home/airflow/.local/lib/python3.12/site-packages/airflow/example_dags/example_skip_dag.py
[2024-10-12T20:39:17.033+0000] {processor.py:925} INFO - DAG(s) 'example_skip_dag' retrieved from /home/airflow/.local/lib/python3.12/site-packages/airflow/example_dags/example_skip_dag.py
[2024-10-12T20:39:17.074+0000] {logging_mixin.py:190} INFO - [2024-10-12T20:39:17.073+0000] {dag.py:3239} INFO - Sync 1 DAGs
[2024-10-12T20:39:17.122+0000] {logging_mixin.py:190} INFO - [2024-10-12T20:39:17.121+0000] {dag.py:4180} INFO - Setting next_dagrun for example_skip_dag to 2024-10-11 00:00:00+00:00, run_after=2024-10-12 00:00:00+00:00
[2024-10-12T20:39:17.150+0000] {processor.py:208} INFO - Processing /home/airflow/.local/lib/python3.12/site-packages/airflow/example_dags/example_skip_dag.py took 0.145 seconds
[2024-10-12T20:39:48.130+0000] {processor.py:186} INFO - Started process (PID=615) to work on /home/airflow/.local/lib/python3.12/site-packages/airflow/example_dags/example_skip_dag.py
[2024-10-12T20:39:48.132+0000] {processor.py:914} INFO - Processing file /home/airflow/.local/lib/python3.12/site-packages/airflow/example_dags/example_skip_dag.py for tasks to queue
[2024-10-12T20:39:48.136+0000] {logging_mixin.py:190} INFO - [2024-10-12T20:39:48.135+0000] {dagbag.py:588} INFO - Filling up the DagBag from /home/airflow/.local/lib/python3.12/site-packages/airflow/example_dags/example_skip_dag.py
[2024-10-12T20:39:48.150+0000] {processor.py:925} INFO - DAG(s) 'example_skip_dag' retrieved from /home/airflow/.local/lib/python3.12/site-packages/airflow/example_dags/example_skip_dag.py
[2024-10-12T20:39:48.182+0000] {logging_mixin.py:190} INFO - [2024-10-12T20:39:48.181+0000] {dag.py:3239} INFO - Sync 1 DAGs
[2024-10-12T20:39:48.218+0000] {logging_mixin.py:190} INFO - [2024-10-12T20:39:48.217+0000] {dag.py:4180} INFO - Setting next_dagrun for example_skip_dag to 2024-10-11 00:00:00+00:00, run_after=2024-10-12 00:00:00+00:00
[2024-10-12T20:39:48.252+0000] {processor.py:208} INFO - Processing /home/airflow/.local/lib/python3.12/site-packages/airflow/example_dags/example_skip_dag.py took 0.134 seconds
[2024-10-12T20:40:19.138+0000] {processor.py:186} INFO - Started process (PID=676) to work on /home/airflow/.local/lib/python3.12/site-packages/airflow/example_dags/example_skip_dag.py
[2024-10-12T20:40:19.139+0000] {processor.py:914} INFO - Processing file /home/airflow/.local/lib/python3.12/site-packages/airflow/example_dags/example_skip_dag.py for tasks to queue
[2024-10-12T20:40:19.144+0000] {logging_mixin.py:190} INFO - [2024-10-12T20:40:19.143+0000] {dagbag.py:588} INFO - Filling up the DagBag from /home/airflow/.local/lib/python3.12/site-packages/airflow/example_dags/example_skip_dag.py
[2024-10-12T20:40:19.156+0000] {processor.py:925} INFO - DAG(s) 'example_skip_dag' retrieved from /home/airflow/.local/lib/python3.12/site-packages/airflow/example_dags/example_skip_dag.py
[2024-10-12T20:40:19.200+0000] {logging_mixin.py:190} INFO - [2024-10-12T20:40:19.195+0000] {dag.py:3239} INFO - Sync 1 DAGs
[2024-10-12T20:40:19.241+0000] {logging_mixin.py:190} INFO - [2024-10-12T20:40:19.241+0000] {dag.py:4180} INFO - Setting next_dagrun for example_skip_dag to 2024-10-11 00:00:00+00:00, run_after=2024-10-12 00:00:00+00:00
[2024-10-12T20:40:19.326+0000] {processor.py:208} INFO - Processing /home/airflow/.local/lib/python3.12/site-packages/airflow/example_dags/example_skip_dag.py took 0.200 seconds
[2024-10-12T20:40:49.685+0000] {processor.py:186} INFO - Started process (PID=738) to work on /home/airflow/.local/lib/python3.12/site-packages/airflow/example_dags/example_skip_dag.py
[2024-10-12T20:40:49.687+0000] {processor.py:914} INFO - Processing file /home/airflow/.local/lib/python3.12/site-packages/airflow/example_dags/example_skip_dag.py for tasks to queue
[2024-10-12T20:40:49.693+0000] {logging_mixin.py:190} INFO - [2024-10-12T20:40:49.692+0000] {dagbag.py:588} INFO - Filling up the DagBag from /home/airflow/.local/lib/python3.12/site-packages/airflow/example_dags/example_skip_dag.py
[2024-10-12T20:40:49.709+0000] {processor.py:925} INFO - DAG(s) 'example_skip_dag' retrieved from /home/airflow/.local/lib/python3.12/site-packages/airflow/example_dags/example_skip_dag.py
[2024-10-12T20:40:49.753+0000] {logging_mixin.py:190} INFO - [2024-10-12T20:40:49.753+0000] {dag.py:3239} INFO - Sync 1 DAGs
[2024-10-12T20:40:49.794+0000] {logging_mixin.py:190} INFO - [2024-10-12T20:40:49.794+0000] {dag.py:4180} INFO - Setting next_dagrun for example_skip_dag to 2024-10-11 00:00:00+00:00, run_after=2024-10-12 00:00:00+00:00
[2024-10-12T20:40:49.836+0000] {processor.py:208} INFO - Processing /home/airflow/.local/lib/python3.12/site-packages/airflow/example_dags/example_skip_dag.py took 0.161 seconds
[2024-10-12T20:41:20.529+0000] {processor.py:186} INFO - Started process (PID=800) to work on /home/airflow/.local/lib/python3.12/site-packages/airflow/example_dags/example_skip_dag.py
[2024-10-12T20:41:20.530+0000] {processor.py:914} INFO - Processing file /home/airflow/.local/lib/python3.12/site-packages/airflow/example_dags/example_skip_dag.py for tasks to queue
[2024-10-12T20:41:20.534+0000] {logging_mixin.py:190} INFO - [2024-10-12T20:41:20.534+0000] {dagbag.py:588} INFO - Filling up the DagBag from /home/airflow/.local/lib/python3.12/site-packages/airflow/example_dags/example_skip_dag.py
[2024-10-12T20:41:20.547+0000] {processor.py:925} INFO - DAG(s) 'example_skip_dag' retrieved from /home/airflow/.local/lib/python3.12/site-packages/airflow/example_dags/example_skip_dag.py
[2024-10-12T20:41:20.581+0000] {logging_mixin.py:190} INFO - [2024-10-12T20:41:20.580+0000] {dag.py:3239} INFO - Sync 1 DAGs
[2024-10-12T20:41:20.618+0000] {logging_mixin.py:190} INFO - [2024-10-12T20:41:20.617+0000] {dag.py:4180} INFO - Setting next_dagrun for example_skip_dag to 2024-10-11 00:00:00+00:00, run_after=2024-10-12 00:00:00+00:00
[2024-10-12T20:41:20.658+0000] {processor.py:208} INFO - Processing /home/airflow/.local/lib/python3.12/site-packages/airflow/example_dags/example_skip_dag.py took 0.139 seconds
[2024-10-12T20:41:51.543+0000] {processor.py:186} INFO - Started process (PID=862) to work on /home/airflow/.local/lib/python3.12/site-packages/airflow/example_dags/example_skip_dag.py
[2024-10-12T20:41:51.544+0000] {processor.py:914} INFO - Processing file /home/airflow/.local/lib/python3.12/site-packages/airflow/example_dags/example_skip_dag.py for tasks to queue
[2024-10-12T20:41:51.548+0000] {logging_mixin.py:190} INFO - [2024-10-12T20:41:51.548+0000] {dagbag.py:588} INFO - Filling up the DagBag from /home/airflow/.local/lib/python3.12/site-packages/airflow/example_dags/example_skip_dag.py
[2024-10-12T20:41:51.559+0000] {processor.py:925} INFO - DAG(s) 'example_skip_dag' retrieved from /home/airflow/.local/lib/python3.12/site-packages/airflow/example_dags/example_skip_dag.py
[2024-10-12T20:41:51.589+0000] {logging_mixin.py:190} INFO - [2024-10-12T20:41:51.588+0000] {dag.py:3239} INFO - Sync 1 DAGs
[2024-10-12T20:41:51.621+0000] {logging_mixin.py:190} INFO - [2024-10-12T20:41:51.620+0000] {dag.py:4180} INFO - Setting next_dagrun for example_skip_dag to 2024-10-11 00:00:00+00:00, run_after=2024-10-12 00:00:00+00:00
[2024-10-12T20:41:51.649+0000] {processor.py:208} INFO - Processing /home/airflow/.local/lib/python3.12/site-packages/airflow/example_dags/example_skip_dag.py took 0.117 seconds
[2024-10-12T20:42:21.996+0000] {processor.py:186} INFO - Started process (PID=924) to work on /home/airflow/.local/lib/python3.12/site-packages/airflow/example_dags/example_skip_dag.py
[2024-10-12T20:42:21.998+0000] {processor.py:914} INFO - Processing file /home/airflow/.local/lib/python3.12/site-packages/airflow/example_dags/example_skip_dag.py for tasks to queue
[2024-10-12T20:42:22.004+0000] {logging_mixin.py:190} INFO - [2024-10-12T20:42:22.003+0000] {dagbag.py:588} INFO - Filling up the DagBag from /home/airflow/.local/lib/python3.12/site-packages/airflow/example_dags/example_skip_dag.py
[2024-10-12T20:42:22.022+0000] {processor.py:925} INFO - DAG(s) 'example_skip_dag' retrieved from /home/airflow/.local/lib/python3.12/site-packages/airflow/example_dags/example_skip_dag.py
[2024-10-12T20:42:22.062+0000] {logging_mixin.py:190} INFO - [2024-10-12T20:42:22.062+0000] {dag.py:3239} INFO - Sync 1 DAGs
[2024-10-12T20:42:22.119+0000] {logging_mixin.py:190} INFO - [2024-10-12T20:42:22.119+0000] {dag.py:4180} INFO - Setting next_dagrun for example_skip_dag to 2024-10-11 00:00:00+00:00, run_after=2024-10-12 00:00:00+00:00
[2024-10-12T20:42:22.175+0000] {processor.py:208} INFO - Processing /home/airflow/.local/lib/python3.12/site-packages/airflow/example_dags/example_skip_dag.py took 0.191 seconds
[2024-10-12T20:42:52.355+0000] {processor.py:186} INFO - Started process (PID=986) to work on /home/airflow/.local/lib/python3.12/site-packages/airflow/example_dags/example_skip_dag.py
[2024-10-12T20:42:52.357+0000] {processor.py:914} INFO - Processing file /home/airflow/.local/lib/python3.12/site-packages/airflow/example_dags/example_skip_dag.py for tasks to queue
[2024-10-12T20:42:52.360+0000] {logging_mixin.py:190} INFO - [2024-10-12T20:42:52.360+0000] {dagbag.py:588} INFO - Filling up the DagBag from /home/airflow/.local/lib/python3.12/site-packages/airflow/example_dags/example_skip_dag.py
[2024-10-12T20:42:52.372+0000] {processor.py:925} INFO - DAG(s) 'example_skip_dag' retrieved from /home/airflow/.local/lib/python3.12/site-packages/airflow/example_dags/example_skip_dag.py
[2024-10-12T20:42:52.406+0000] {logging_mixin.py:190} INFO - [2024-10-12T20:42:52.405+0000] {dag.py:3239} INFO - Sync 1 DAGs
[2024-10-12T20:42:52.453+0000] {logging_mixin.py:190} INFO - [2024-10-12T20:42:52.449+0000] {dag.py:4180} INFO - Setting next_dagrun for example_skip_dag to 2024-10-11 00:00:00+00:00, run_after=2024-10-12 00:00:00+00:00
[2024-10-12T20:42:52.494+0000] {processor.py:208} INFO - Processing /home/airflow/.local/lib/python3.12/site-packages/airflow/example_dags/example_skip_dag.py took 0.149 seconds
[2024-10-12T20:43:22.905+0000] {processor.py:186} INFO - Started process (PID=1048) to work on /home/airflow/.local/lib/python3.12/site-packages/airflow/example_dags/example_skip_dag.py
[2024-10-12T20:43:22.907+0000] {processor.py:914} INFO - Processing file /home/airflow/.local/lib/python3.12/site-packages/airflow/example_dags/example_skip_dag.py for tasks to queue
[2024-10-12T20:43:22.914+0000] {logging_mixin.py:190} INFO - [2024-10-12T20:43:22.913+0000] {dagbag.py:588} INFO - Filling up the DagBag from /home/airflow/.local/lib/python3.12/site-packages/airflow/example_dags/example_skip_dag.py
[2024-10-12T20:43:22.929+0000] {processor.py:925} INFO - DAG(s) 'example_skip_dag' retrieved from /home/airflow/.local/lib/python3.12/site-packages/airflow/example_dags/example_skip_dag.py
[2024-10-12T20:43:22.966+0000] {logging_mixin.py:190} INFO - [2024-10-12T20:43:22.966+0000] {dag.py:3239} INFO - Sync 1 DAGs
[2024-10-12T20:43:23.009+0000] {logging_mixin.py:190} INFO - [2024-10-12T20:43:23.009+0000] {dag.py:4180} INFO - Setting next_dagrun for example_skip_dag to 2024-10-11 00:00:00+00:00, run_after=2024-10-12 00:00:00+00:00
[2024-10-12T20:43:23.076+0000] {processor.py:208} INFO - Processing /home/airflow/.local/lib/python3.12/site-packages/airflow/example_dags/example_skip_dag.py took 0.181 seconds
[2024-10-12T20:43:53.594+0000] {processor.py:186} INFO - Started process (PID=1109) to work on /home/airflow/.local/lib/python3.12/site-packages/airflow/example_dags/example_skip_dag.py
[2024-10-12T20:43:53.595+0000] {processor.py:914} INFO - Processing file /home/airflow/.local/lib/python3.12/site-packages/airflow/example_dags/example_skip_dag.py for tasks to queue
[2024-10-12T20:43:53.599+0000] {logging_mixin.py:190} INFO - [2024-10-12T20:43:53.598+0000] {dagbag.py:588} INFO - Filling up the DagBag from /home/airflow/.local/lib/python3.12/site-packages/airflow/example_dags/example_skip_dag.py
[2024-10-12T20:43:53.612+0000] {processor.py:925} INFO - DAG(s) 'example_skip_dag' retrieved from /home/airflow/.local/lib/python3.12/site-packages/airflow/example_dags/example_skip_dag.py
[2024-10-12T20:43:53.649+0000] {logging_mixin.py:190} INFO - [2024-10-12T20:43:53.649+0000] {dag.py:3239} INFO - Sync 1 DAGs
[2024-10-12T20:43:53.684+0000] {logging_mixin.py:190} INFO - [2024-10-12T20:43:53.684+0000] {dag.py:4180} INFO - Setting next_dagrun for example_skip_dag to 2024-10-11 00:00:00+00:00, run_after=2024-10-12 00:00:00+00:00
[2024-10-12T20:43:53.722+0000] {processor.py:208} INFO - Processing /home/airflow/.local/lib/python3.12/site-packages/airflow/example_dags/example_skip_dag.py took 0.138 seconds
[2024-10-12T20:44:24.464+0000] {processor.py:186} INFO - Started process (PID=1171) to work on /home/airflow/.local/lib/python3.12/site-packages/airflow/example_dags/example_skip_dag.py
[2024-10-12T20:44:24.466+0000] {processor.py:914} INFO - Processing file /home/airflow/.local/lib/python3.12/site-packages/airflow/example_dags/example_skip_dag.py for tasks to queue
[2024-10-12T20:44:24.470+0000] {logging_mixin.py:190} INFO - [2024-10-12T20:44:24.469+0000] {dagbag.py:588} INFO - Filling up the DagBag from /home/airflow/.local/lib/python3.12/site-packages/airflow/example_dags/example_skip_dag.py
[2024-10-12T20:44:24.484+0000] {processor.py:925} INFO - DAG(s) 'example_skip_dag' retrieved from /home/airflow/.local/lib/python3.12/site-packages/airflow/example_dags/example_skip_dag.py
[2024-10-12T20:44:24.521+0000] {logging_mixin.py:190} INFO - [2024-10-12T20:44:24.521+0000] {dag.py:3239} INFO - Sync 1 DAGs
[2024-10-12T20:44:24.561+0000] {logging_mixin.py:190} INFO - [2024-10-12T20:44:24.561+0000] {dag.py:4180} INFO - Setting next_dagrun for example_skip_dag to 2024-10-11 00:00:00+00:00, run_after=2024-10-12 00:00:00+00:00
[2024-10-12T20:44:24.594+0000] {processor.py:208} INFO - Processing /home/airflow/.local/lib/python3.12/site-packages/airflow/example_dags/example_skip_dag.py took 0.142 seconds
[2024-10-12T20:44:55.215+0000] {processor.py:186} INFO - Started process (PID=1233) to work on /home/airflow/.local/lib/python3.12/site-packages/airflow/example_dags/example_skip_dag.py
[2024-10-12T20:44:55.216+0000] {processor.py:914} INFO - Processing file /home/airflow/.local/lib/python3.12/site-packages/airflow/example_dags/example_skip_dag.py for tasks to queue
[2024-10-12T20:44:55.220+0000] {logging_mixin.py:190} INFO - [2024-10-12T20:44:55.220+0000] {dagbag.py:588} INFO - Filling up the DagBag from /home/airflow/.local/lib/python3.12/site-packages/airflow/example_dags/example_skip_dag.py
[2024-10-12T20:44:55.236+0000] {processor.py:925} INFO - DAG(s) 'example_skip_dag' retrieved from /home/airflow/.local/lib/python3.12/site-packages/airflow/example_dags/example_skip_dag.py
[2024-10-12T20:44:55.274+0000] {logging_mixin.py:190} INFO - [2024-10-12T20:44:55.274+0000] {dag.py:3239} INFO - Sync 1 DAGs
[2024-10-12T20:44:55.317+0000] {logging_mixin.py:190} INFO - [2024-10-12T20:44:55.317+0000] {dag.py:4180} INFO - Setting next_dagrun for example_skip_dag to 2024-10-11 00:00:00+00:00, run_after=2024-10-12 00:00:00+00:00
[2024-10-12T20:44:55.358+0000] {processor.py:208} INFO - Processing /home/airflow/.local/lib/python3.12/site-packages/airflow/example_dags/example_skip_dag.py took 0.152 seconds
[2024-10-12T20:45:25.792+0000] {processor.py:186} INFO - Started process (PID=1295) to work on /home/airflow/.local/lib/python3.12/site-packages/airflow/example_dags/example_skip_dag.py
[2024-10-12T20:45:25.793+0000] {processor.py:914} INFO - Processing file /home/airflow/.local/lib/python3.12/site-packages/airflow/example_dags/example_skip_dag.py for tasks to queue
[2024-10-12T20:45:25.796+0000] {logging_mixin.py:190} INFO - [2024-10-12T20:45:25.795+0000] {dagbag.py:588} INFO - Filling up the DagBag from /home/airflow/.local/lib/python3.12/site-packages/airflow/example_dags/example_skip_dag.py
[2024-10-12T20:45:25.806+0000] {processor.py:925} INFO - DAG(s) 'example_skip_dag' retrieved from /home/airflow/.local/lib/python3.12/site-packages/airflow/example_dags/example_skip_dag.py
[2024-10-12T20:45:25.833+0000] {logging_mixin.py:190} INFO - [2024-10-12T20:45:25.833+0000] {dag.py:3239} INFO - Sync 1 DAGs
[2024-10-12T20:45:25.863+0000] {logging_mixin.py:190} INFO - [2024-10-12T20:45:25.863+0000] {dag.py:4180} INFO - Setting next_dagrun for example_skip_dag to 2024-10-11 00:00:00+00:00, run_after=2024-10-12 00:00:00+00:00
[2024-10-12T20:45:25.897+0000] {processor.py:208} INFO - Processing /home/airflow/.local/lib/python3.12/site-packages/airflow/example_dags/example_skip_dag.py took 0.113 seconds
[2024-10-12T20:45:57.933+0000] {processor.py:186} INFO - Started process (PID=1357) to work on /home/airflow/.local/lib/python3.12/site-packages/airflow/example_dags/example_skip_dag.py
[2024-10-12T20:45:57.935+0000] {processor.py:914} INFO - Processing file /home/airflow/.local/lib/python3.12/site-packages/airflow/example_dags/example_skip_dag.py for tasks to queue
[2024-10-12T20:45:57.965+0000] {logging_mixin.py:190} INFO - [2024-10-12T20:45:57.965+0000] {dagbag.py:588} INFO - Filling up the DagBag from /home/airflow/.local/lib/python3.12/site-packages/airflow/example_dags/example_skip_dag.py
[2024-10-12T20:45:57.982+0000] {processor.py:925} INFO - DAG(s) 'example_skip_dag' retrieved from /home/airflow/.local/lib/python3.12/site-packages/airflow/example_dags/example_skip_dag.py
[2024-10-12T20:45:58.025+0000] {logging_mixin.py:190} INFO - [2024-10-12T20:45:58.025+0000] {dag.py:3239} INFO - Sync 1 DAGs
[2024-10-12T20:45:58.065+0000] {logging_mixin.py:190} INFO - [2024-10-12T20:45:58.064+0000] {dag.py:4180} INFO - Setting next_dagrun for example_skip_dag to 2024-10-11 00:00:00+00:00, run_after=2024-10-12 00:00:00+00:00
[2024-10-12T20:45:58.095+0000] {processor.py:208} INFO - Processing /home/airflow/.local/lib/python3.12/site-packages/airflow/example_dags/example_skip_dag.py took 0.173 seconds
[2024-10-12T20:46:28.575+0000] {processor.py:186} INFO - Started process (PID=1419) to work on /home/airflow/.local/lib/python3.12/site-packages/airflow/example_dags/example_skip_dag.py
[2024-10-12T20:46:28.577+0000] {processor.py:914} INFO - Processing file /home/airflow/.local/lib/python3.12/site-packages/airflow/example_dags/example_skip_dag.py for tasks to queue
[2024-10-12T20:46:28.582+0000] {logging_mixin.py:190} INFO - [2024-10-12T20:46:28.582+0000] {dagbag.py:588} INFO - Filling up the DagBag from /home/airflow/.local/lib/python3.12/site-packages/airflow/example_dags/example_skip_dag.py
[2024-10-12T20:46:28.600+0000] {processor.py:925} INFO - DAG(s) 'example_skip_dag' retrieved from /home/airflow/.local/lib/python3.12/site-packages/airflow/example_dags/example_skip_dag.py
[2024-10-12T20:46:28.641+0000] {logging_mixin.py:190} INFO - [2024-10-12T20:46:28.641+0000] {dag.py:3239} INFO - Sync 1 DAGs
[2024-10-12T20:46:28.693+0000] {logging_mixin.py:190} INFO - [2024-10-12T20:46:28.692+0000] {dag.py:4180} INFO - Setting next_dagrun for example_skip_dag to 2024-10-11 00:00:00+00:00, run_after=2024-10-12 00:00:00+00:00
[2024-10-12T20:46:28.723+0000] {processor.py:208} INFO - Processing /home/airflow/.local/lib/python3.12/site-packages/airflow/example_dags/example_skip_dag.py took 0.158 seconds
[2024-10-12T20:46:59.313+0000] {processor.py:186} INFO - Started process (PID=1481) to work on /home/airflow/.local/lib/python3.12/site-packages/airflow/example_dags/example_skip_dag.py
[2024-10-12T20:46:59.315+0000] {processor.py:914} INFO - Processing file /home/airflow/.local/lib/python3.12/site-packages/airflow/example_dags/example_skip_dag.py for tasks to queue
[2024-10-12T20:46:59.318+0000] {logging_mixin.py:190} INFO - [2024-10-12T20:46:59.318+0000] {dagbag.py:588} INFO - Filling up the DagBag from /home/airflow/.local/lib/python3.12/site-packages/airflow/example_dags/example_skip_dag.py
[2024-10-12T20:46:59.331+0000] {processor.py:925} INFO - DAG(s) 'example_skip_dag' retrieved from /home/airflow/.local/lib/python3.12/site-packages/airflow/example_dags/example_skip_dag.py
[2024-10-12T20:46:59.367+0000] {logging_mixin.py:190} INFO - [2024-10-12T20:46:59.366+0000] {dag.py:3239} INFO - Sync 1 DAGs
[2024-10-12T20:46:59.402+0000] {logging_mixin.py:190} INFO - [2024-10-12T20:46:59.402+0000] {dag.py:4180} INFO - Setting next_dagrun for example_skip_dag to 2024-10-11 00:00:00+00:00, run_after=2024-10-12 00:00:00+00:00
[2024-10-12T20:46:59.434+0000] {processor.py:208} INFO - Processing /home/airflow/.local/lib/python3.12/site-packages/airflow/example_dags/example_skip_dag.py took 0.130 seconds
[2024-10-12T20:47:29.585+0000] {processor.py:186} INFO - Started process (PID=1543) to work on /home/airflow/.local/lib/python3.12/site-packages/airflow/example_dags/example_skip_dag.py
[2024-10-12T20:47:29.592+0000] {processor.py:914} INFO - Processing file /home/airflow/.local/lib/python3.12/site-packages/airflow/example_dags/example_skip_dag.py for tasks to queue
[2024-10-12T20:47:29.603+0000] {logging_mixin.py:190} INFO - [2024-10-12T20:47:29.602+0000] {dagbag.py:588} INFO - Filling up the DagBag from /home/airflow/.local/lib/python3.12/site-packages/airflow/example_dags/example_skip_dag.py
[2024-10-12T20:47:29.651+0000] {processor.py:925} INFO - DAG(s) 'example_skip_dag' retrieved from /home/airflow/.local/lib/python3.12/site-packages/airflow/example_dags/example_skip_dag.py
[2024-10-12T20:47:29.725+0000] {logging_mixin.py:190} INFO - [2024-10-12T20:47:29.724+0000] {dag.py:3239} INFO - Sync 1 DAGs
[2024-10-12T20:47:29.811+0000] {logging_mixin.py:190} INFO - [2024-10-12T20:47:29.810+0000] {dag.py:4180} INFO - Setting next_dagrun for example_skip_dag to 2024-10-11 00:00:00+00:00, run_after=2024-10-12 00:00:00+00:00
[2024-10-12T20:47:29.854+0000] {processor.py:208} INFO - Processing /home/airflow/.local/lib/python3.12/site-packages/airflow/example_dags/example_skip_dag.py took 0.285 seconds
[2024-10-12T20:48:00.766+0000] {processor.py:186} INFO - Started process (PID=1605) to work on /home/airflow/.local/lib/python3.12/site-packages/airflow/example_dags/example_skip_dag.py
[2024-10-12T20:48:00.768+0000] {processor.py:914} INFO - Processing file /home/airflow/.local/lib/python3.12/site-packages/airflow/example_dags/example_skip_dag.py for tasks to queue
[2024-10-12T20:48:00.772+0000] {logging_mixin.py:190} INFO - [2024-10-12T20:48:00.772+0000] {dagbag.py:588} INFO - Filling up the DagBag from /home/airflow/.local/lib/python3.12/site-packages/airflow/example_dags/example_skip_dag.py
[2024-10-12T20:48:00.789+0000] {processor.py:925} INFO - DAG(s) 'example_skip_dag' retrieved from /home/airflow/.local/lib/python3.12/site-packages/airflow/example_dags/example_skip_dag.py
[2024-10-12T20:48:00.829+0000] {logging_mixin.py:190} INFO - [2024-10-12T20:48:00.829+0000] {dag.py:3239} INFO - Sync 1 DAGs
[2024-10-12T20:48:00.868+0000] {logging_mixin.py:190} INFO - [2024-10-12T20:48:00.868+0000] {dag.py:4180} INFO - Setting next_dagrun for example_skip_dag to 2024-10-11 00:00:00+00:00, run_after=2024-10-12 00:00:00+00:00
[2024-10-12T20:48:00.902+0000] {processor.py:208} INFO - Processing /home/airflow/.local/lib/python3.12/site-packages/airflow/example_dags/example_skip_dag.py took 0.147 seconds
[2024-10-12T20:48:31.567+0000] {processor.py:186} INFO - Started process (PID=1668) to work on /home/airflow/.local/lib/python3.12/site-packages/airflow/example_dags/example_skip_dag.py
[2024-10-12T20:48:31.569+0000] {processor.py:914} INFO - Processing file /home/airflow/.local/lib/python3.12/site-packages/airflow/example_dags/example_skip_dag.py for tasks to queue
[2024-10-12T20:48:31.573+0000] {logging_mixin.py:190} INFO - [2024-10-12T20:48:31.572+0000] {dagbag.py:588} INFO - Filling up the DagBag from /home/airflow/.local/lib/python3.12/site-packages/airflow/example_dags/example_skip_dag.py
[2024-10-12T20:48:31.584+0000] {processor.py:925} INFO - DAG(s) 'example_skip_dag' retrieved from /home/airflow/.local/lib/python3.12/site-packages/airflow/example_dags/example_skip_dag.py
[2024-10-12T20:48:31.620+0000] {logging_mixin.py:190} INFO - [2024-10-12T20:48:31.619+0000] {dag.py:3239} INFO - Sync 1 DAGs
[2024-10-12T20:48:31.675+0000] {logging_mixin.py:190} INFO - [2024-10-12T20:48:31.675+0000] {dag.py:4180} INFO - Setting next_dagrun for example_skip_dag to 2024-10-11 00:00:00+00:00, run_after=2024-10-12 00:00:00+00:00
[2024-10-12T20:48:31.716+0000] {processor.py:208} INFO - Processing /home/airflow/.local/lib/python3.12/site-packages/airflow/example_dags/example_skip_dag.py took 0.158 seconds
[2024-10-12T20:49:02.464+0000] {processor.py:186} INFO - Started process (PID=1730) to work on /home/airflow/.local/lib/python3.12/site-packages/airflow/example_dags/example_skip_dag.py
[2024-10-12T20:49:02.465+0000] {processor.py:914} INFO - Processing file /home/airflow/.local/lib/python3.12/site-packages/airflow/example_dags/example_skip_dag.py for tasks to queue
[2024-10-12T20:49:02.469+0000] {logging_mixin.py:190} INFO - [2024-10-12T20:49:02.469+0000] {dagbag.py:588} INFO - Filling up the DagBag from /home/airflow/.local/lib/python3.12/site-packages/airflow/example_dags/example_skip_dag.py
[2024-10-12T20:49:02.483+0000] {processor.py:925} INFO - DAG(s) 'example_skip_dag' retrieved from /home/airflow/.local/lib/python3.12/site-packages/airflow/example_dags/example_skip_dag.py
[2024-10-12T20:49:02.515+0000] {logging_mixin.py:190} INFO - [2024-10-12T20:49:02.514+0000] {dag.py:3239} INFO - Sync 1 DAGs
[2024-10-12T20:49:02.548+0000] {logging_mixin.py:190} INFO - [2024-10-12T20:49:02.548+0000] {dag.py:4180} INFO - Setting next_dagrun for example_skip_dag to 2024-10-11 00:00:00+00:00, run_after=2024-10-12 00:00:00+00:00
[2024-10-12T20:49:02.582+0000] {processor.py:208} INFO - Processing /home/airflow/.local/lib/python3.12/site-packages/airflow/example_dags/example_skip_dag.py took 0.128 seconds
[2024-10-12T20:49:33.075+0000] {processor.py:186} INFO - Started process (PID=1792) to work on /home/airflow/.local/lib/python3.12/site-packages/airflow/example_dags/example_skip_dag.py
[2024-10-12T20:49:33.077+0000] {processor.py:914} INFO - Processing file /home/airflow/.local/lib/python3.12/site-packages/airflow/example_dags/example_skip_dag.py for tasks to queue
[2024-10-12T20:49:33.081+0000] {logging_mixin.py:190} INFO - [2024-10-12T20:49:33.081+0000] {dagbag.py:588} INFO - Filling up the DagBag from /home/airflow/.local/lib/python3.12/site-packages/airflow/example_dags/example_skip_dag.py
[2024-10-12T20:49:33.095+0000] {processor.py:925} INFO - DAG(s) 'example_skip_dag' retrieved from /home/airflow/.local/lib/python3.12/site-packages/airflow/example_dags/example_skip_dag.py
[2024-10-12T20:49:33.132+0000] {logging_mixin.py:190} INFO - [2024-10-12T20:49:33.131+0000] {dag.py:3239} INFO - Sync 1 DAGs
[2024-10-12T20:49:33.171+0000] {logging_mixin.py:190} INFO - [2024-10-12T20:49:33.170+0000] {dag.py:4180} INFO - Setting next_dagrun for example_skip_dag to 2024-10-11 00:00:00+00:00, run_after=2024-10-12 00:00:00+00:00
[2024-10-12T20:49:33.240+0000] {processor.py:208} INFO - Processing /home/airflow/.local/lib/python3.12/site-packages/airflow/example_dags/example_skip_dag.py took 0.174 seconds
[2024-10-12T20:50:04.137+0000] {processor.py:186} INFO - Started process (PID=1854) to work on /home/airflow/.local/lib/python3.12/site-packages/airflow/example_dags/example_skip_dag.py
[2024-10-12T20:50:04.138+0000] {processor.py:914} INFO - Processing file /home/airflow/.local/lib/python3.12/site-packages/airflow/example_dags/example_skip_dag.py for tasks to queue
[2024-10-12T20:50:04.141+0000] {logging_mixin.py:190} INFO - [2024-10-12T20:50:04.141+0000] {dagbag.py:588} INFO - Filling up the DagBag from /home/airflow/.local/lib/python3.12/site-packages/airflow/example_dags/example_skip_dag.py
[2024-10-12T20:50:04.152+0000] {processor.py:925} INFO - DAG(s) 'example_skip_dag' retrieved from /home/airflow/.local/lib/python3.12/site-packages/airflow/example_dags/example_skip_dag.py
[2024-10-12T20:50:04.182+0000] {logging_mixin.py:190} INFO - [2024-10-12T20:50:04.182+0000] {dag.py:3239} INFO - Sync 1 DAGs
[2024-10-12T20:50:04.214+0000] {logging_mixin.py:190} INFO - [2024-10-12T20:50:04.214+0000] {dag.py:4180} INFO - Setting next_dagrun for example_skip_dag to 2024-10-11 00:00:00+00:00, run_after=2024-10-12 00:00:00+00:00
[2024-10-12T20:50:04.245+0000] {processor.py:208} INFO - Processing /home/airflow/.local/lib/python3.12/site-packages/airflow/example_dags/example_skip_dag.py took 0.118 seconds
