[2024-10-12T20:35:37.874+0000] {processor.py:186} INFO - Started process (PID=104) to work on /home/airflow/.local/lib/python3.12/site-packages/airflow/example_dags/example_sensors.py
[2024-10-12T20:35:37.877+0000] {processor.py:914} INFO - Processing file /home/airflow/.local/lib/python3.12/site-packages/airflow/example_dags/example_sensors.py for tasks to queue
[2024-10-12T20:35:37.882+0000] {logging_mixin.py:190} INFO - [2024-10-12T20:35:37.881+0000] {dagbag.py:588} INFO - Filling up the DagBag from /home/airflow/.local/lib/python3.12/site-packages/airflow/example_dags/example_sensors.py
[2024-10-12T20:35:37.903+0000] {processor.py:925} INFO - DAG(s) 'example_sensors' retrieved from /home/airflow/.local/lib/python3.12/site-packages/airflow/example_dags/example_sensors.py
[2024-10-12T20:35:38.057+0000] {logging_mixin.py:190} INFO - [2024-10-12T20:35:38.056+0000] {override.py:1900} INFO - Created Permission View: can delete on DAG:example_sensors
[2024-10-12T20:35:38.069+0000] {logging_mixin.py:190} INFO - [2024-10-12T20:35:38.068+0000] {override.py:1900} INFO - Created Permission View: can edit on DAG:example_sensors
[2024-10-12T20:35:38.078+0000] {logging_mixin.py:190} INFO - [2024-10-12T20:35:38.077+0000] {override.py:1900} INFO - Created Permission View: can read on DAG:example_sensors
[2024-10-12T20:35:38.089+0000] {logging_mixin.py:190} INFO - [2024-10-12T20:35:38.088+0000] {override.py:1900} INFO - Created Permission View: can delete on DAG Run:example_sensors
[2024-10-12T20:35:38.097+0000] {logging_mixin.py:190} INFO - [2024-10-12T20:35:38.096+0000] {override.py:1900} INFO - Created Permission View: can create on DAG Run:example_sensors
[2024-10-12T20:35:38.105+0000] {logging_mixin.py:190} INFO - [2024-10-12T20:35:38.105+0000] {override.py:1900} INFO - Created Permission View: menu access on DAG Run:example_sensors
[2024-10-12T20:35:38.112+0000] {logging_mixin.py:190} INFO - [2024-10-12T20:35:38.112+0000] {override.py:1900} INFO - Created Permission View: can read on DAG Run:example_sensors
[2024-10-12T20:35:38.113+0000] {logging_mixin.py:190} INFO - [2024-10-12T20:35:38.113+0000] {dag.py:3239} INFO - Sync 1 DAGs
[2024-10-12T20:35:38.130+0000] {logging_mixin.py:190} INFO - [2024-10-12T20:35:38.129+0000] {dag.py:3262} INFO - Creating ORM DAG for example_sensors
[2024-10-12T20:35:38.131+0000] {logging_mixin.py:190} INFO - [2024-10-12T20:35:38.131+0000] {dag.py:4180} INFO - Setting next_dagrun for example_sensors to None, run_after=None
[2024-10-12T20:35:38.151+0000] {processor.py:208} INFO - Processing /home/airflow/.local/lib/python3.12/site-packages/airflow/example_dags/example_sensors.py took 0.286 seconds
[2024-10-12T20:36:08.461+0000] {processor.py:186} INFO - Started process (PID=166) to work on /home/airflow/.local/lib/python3.12/site-packages/airflow/example_dags/example_sensors.py
[2024-10-12T20:36:08.463+0000] {processor.py:914} INFO - Processing file /home/airflow/.local/lib/python3.12/site-packages/airflow/example_dags/example_sensors.py for tasks to queue
[2024-10-12T20:36:08.466+0000] {logging_mixin.py:190} INFO - [2024-10-12T20:36:08.466+0000] {dagbag.py:588} INFO - Filling up the DagBag from /home/airflow/.local/lib/python3.12/site-packages/airflow/example_dags/example_sensors.py
[2024-10-12T20:36:08.479+0000] {processor.py:925} INFO - DAG(s) 'example_sensors' retrieved from /home/airflow/.local/lib/python3.12/site-packages/airflow/example_dags/example_sensors.py
[2024-10-12T20:36:08.515+0000] {logging_mixin.py:190} INFO - [2024-10-12T20:36:08.514+0000] {dag.py:3239} INFO - Sync 1 DAGs
[2024-10-12T20:36:08.536+0000] {logging_mixin.py:190} INFO - [2024-10-12T20:36:08.536+0000] {dag.py:4180} INFO - Setting next_dagrun for example_sensors to None, run_after=None
[2024-10-12T20:36:08.564+0000] {processor.py:208} INFO - Processing /home/airflow/.local/lib/python3.12/site-packages/airflow/example_dags/example_sensors.py took 0.111 seconds
[2024-10-12T20:36:40.018+0000] {processor.py:186} INFO - Started process (PID=228) to work on /home/airflow/.local/lib/python3.12/site-packages/airflow/example_dags/example_sensors.py
[2024-10-12T20:36:40.020+0000] {processor.py:914} INFO - Processing file /home/airflow/.local/lib/python3.12/site-packages/airflow/example_dags/example_sensors.py for tasks to queue
[2024-10-12T20:36:40.029+0000] {logging_mixin.py:190} INFO - [2024-10-12T20:36:40.029+0000] {dagbag.py:588} INFO - Filling up the DagBag from /home/airflow/.local/lib/python3.12/site-packages/airflow/example_dags/example_sensors.py
[2024-10-12T20:36:40.045+0000] {processor.py:925} INFO - DAG(s) 'example_sensors' retrieved from /home/airflow/.local/lib/python3.12/site-packages/airflow/example_dags/example_sensors.py
[2024-10-12T20:36:40.086+0000] {logging_mixin.py:190} INFO - [2024-10-12T20:36:40.085+0000] {dag.py:3239} INFO - Sync 1 DAGs
[2024-10-12T20:36:40.111+0000] {logging_mixin.py:190} INFO - [2024-10-12T20:36:40.111+0000] {dag.py:4180} INFO - Setting next_dagrun for example_sensors to None, run_after=None
[2024-10-12T20:36:40.147+0000] {processor.py:208} INFO - Processing /home/airflow/.local/lib/python3.12/site-packages/airflow/example_dags/example_sensors.py took 0.138 seconds
[2024-10-12T20:37:11.263+0000] {processor.py:186} INFO - Started process (PID=290) to work on /home/airflow/.local/lib/python3.12/site-packages/airflow/example_dags/example_sensors.py
[2024-10-12T20:37:11.264+0000] {processor.py:914} INFO - Processing file /home/airflow/.local/lib/python3.12/site-packages/airflow/example_dags/example_sensors.py for tasks to queue
[2024-10-12T20:37:11.268+0000] {logging_mixin.py:190} INFO - [2024-10-12T20:37:11.268+0000] {dagbag.py:588} INFO - Filling up the DagBag from /home/airflow/.local/lib/python3.12/site-packages/airflow/example_dags/example_sensors.py
[2024-10-12T20:37:11.285+0000] {processor.py:925} INFO - DAG(s) 'example_sensors' retrieved from /home/airflow/.local/lib/python3.12/site-packages/airflow/example_dags/example_sensors.py
[2024-10-12T20:37:11.323+0000] {logging_mixin.py:190} INFO - [2024-10-12T20:37:11.322+0000] {dag.py:3239} INFO - Sync 1 DAGs
[2024-10-12T20:37:11.345+0000] {logging_mixin.py:190} INFO - [2024-10-12T20:37:11.344+0000] {dag.py:4180} INFO - Setting next_dagrun for example_sensors to None, run_after=None
[2024-10-12T20:37:11.381+0000] {processor.py:208} INFO - Processing /home/airflow/.local/lib/python3.12/site-packages/airflow/example_dags/example_sensors.py took 0.127 seconds
[2024-10-12T20:37:42.382+0000] {processor.py:186} INFO - Started process (PID=352) to work on /home/airflow/.local/lib/python3.12/site-packages/airflow/example_dags/example_sensors.py
[2024-10-12T20:37:42.384+0000] {processor.py:914} INFO - Processing file /home/airflow/.local/lib/python3.12/site-packages/airflow/example_dags/example_sensors.py for tasks to queue
[2024-10-12T20:37:42.388+0000] {logging_mixin.py:190} INFO - [2024-10-12T20:37:42.387+0000] {dagbag.py:588} INFO - Filling up the DagBag from /home/airflow/.local/lib/python3.12/site-packages/airflow/example_dags/example_sensors.py
[2024-10-12T20:37:42.408+0000] {processor.py:925} INFO - DAG(s) 'example_sensors' retrieved from /home/airflow/.local/lib/python3.12/site-packages/airflow/example_dags/example_sensors.py
[2024-10-12T20:37:42.456+0000] {logging_mixin.py:190} INFO - [2024-10-12T20:37:42.455+0000] {dag.py:3239} INFO - Sync 1 DAGs
[2024-10-12T20:37:42.477+0000] {logging_mixin.py:190} INFO - [2024-10-12T20:37:42.476+0000] {dag.py:4180} INFO - Setting next_dagrun for example_sensors to None, run_after=None
[2024-10-12T20:37:42.520+0000] {processor.py:208} INFO - Processing /home/airflow/.local/lib/python3.12/site-packages/airflow/example_dags/example_sensors.py took 0.148 seconds
[2024-10-12T20:38:13.121+0000] {processor.py:186} INFO - Started process (PID=414) to work on /home/airflow/.local/lib/python3.12/site-packages/airflow/example_dags/example_sensors.py
[2024-10-12T20:38:13.124+0000] {processor.py:914} INFO - Processing file /home/airflow/.local/lib/python3.12/site-packages/airflow/example_dags/example_sensors.py for tasks to queue
[2024-10-12T20:38:13.129+0000] {logging_mixin.py:190} INFO - [2024-10-12T20:38:13.129+0000] {dagbag.py:588} INFO - Filling up the DagBag from /home/airflow/.local/lib/python3.12/site-packages/airflow/example_dags/example_sensors.py
[2024-10-12T20:38:13.150+0000] {processor.py:925} INFO - DAG(s) 'example_sensors' retrieved from /home/airflow/.local/lib/python3.12/site-packages/airflow/example_dags/example_sensors.py
[2024-10-12T20:38:13.197+0000] {logging_mixin.py:190} INFO - [2024-10-12T20:38:13.196+0000] {dag.py:3239} INFO - Sync 1 DAGs
[2024-10-12T20:38:13.219+0000] {logging_mixin.py:190} INFO - [2024-10-12T20:38:13.218+0000] {dag.py:4180} INFO - Setting next_dagrun for example_sensors to None, run_after=None
[2024-10-12T20:38:13.256+0000] {processor.py:208} INFO - Processing /home/airflow/.local/lib/python3.12/site-packages/airflow/example_dags/example_sensors.py took 0.147 seconds
[2024-10-12T20:38:43.896+0000] {processor.py:186} INFO - Started process (PID=476) to work on /home/airflow/.local/lib/python3.12/site-packages/airflow/example_dags/example_sensors.py
[2024-10-12T20:38:43.898+0000] {processor.py:914} INFO - Processing file /home/airflow/.local/lib/python3.12/site-packages/airflow/example_dags/example_sensors.py for tasks to queue
[2024-10-12T20:38:43.907+0000] {logging_mixin.py:190} INFO - [2024-10-12T20:38:43.906+0000] {dagbag.py:588} INFO - Filling up the DagBag from /home/airflow/.local/lib/python3.12/site-packages/airflow/example_dags/example_sensors.py
[2024-10-12T20:38:43.926+0000] {processor.py:925} INFO - DAG(s) 'example_sensors' retrieved from /home/airflow/.local/lib/python3.12/site-packages/airflow/example_dags/example_sensors.py
[2024-10-12T20:38:43.969+0000] {logging_mixin.py:190} INFO - [2024-10-12T20:38:43.968+0000] {dag.py:3239} INFO - Sync 1 DAGs
[2024-10-12T20:38:44.003+0000] {logging_mixin.py:190} INFO - [2024-10-12T20:38:44.002+0000] {dag.py:4180} INFO - Setting next_dagrun for example_sensors to None, run_after=None
[2024-10-12T20:38:44.043+0000] {processor.py:208} INFO - Processing /home/airflow/.local/lib/python3.12/site-packages/airflow/example_dags/example_sensors.py took 0.157 seconds
[2024-10-12T20:39:14.445+0000] {processor.py:186} INFO - Started process (PID=538) to work on /home/airflow/.local/lib/python3.12/site-packages/airflow/example_dags/example_sensors.py
[2024-10-12T20:39:14.447+0000] {processor.py:914} INFO - Processing file /home/airflow/.local/lib/python3.12/site-packages/airflow/example_dags/example_sensors.py for tasks to queue
[2024-10-12T20:39:14.450+0000] {logging_mixin.py:190} INFO - [2024-10-12T20:39:14.450+0000] {dagbag.py:588} INFO - Filling up the DagBag from /home/airflow/.local/lib/python3.12/site-packages/airflow/example_dags/example_sensors.py
[2024-10-12T20:39:14.467+0000] {processor.py:925} INFO - DAG(s) 'example_sensors' retrieved from /home/airflow/.local/lib/python3.12/site-packages/airflow/example_dags/example_sensors.py
[2024-10-12T20:39:14.509+0000] {logging_mixin.py:190} INFO - [2024-10-12T20:39:14.509+0000] {dag.py:3239} INFO - Sync 1 DAGs
[2024-10-12T20:39:14.530+0000] {logging_mixin.py:190} INFO - [2024-10-12T20:39:14.530+0000] {dag.py:4180} INFO - Setting next_dagrun for example_sensors to None, run_after=None
[2024-10-12T20:39:14.567+0000] {processor.py:208} INFO - Processing /home/airflow/.local/lib/python3.12/site-packages/airflow/example_dags/example_sensors.py took 0.135 seconds
[2024-10-12T20:39:44.853+0000] {processor.py:186} INFO - Started process (PID=600) to work on /home/airflow/.local/lib/python3.12/site-packages/airflow/example_dags/example_sensors.py
[2024-10-12T20:39:44.855+0000] {processor.py:914} INFO - Processing file /home/airflow/.local/lib/python3.12/site-packages/airflow/example_dags/example_sensors.py for tasks to queue
[2024-10-12T20:39:44.858+0000] {logging_mixin.py:190} INFO - [2024-10-12T20:39:44.857+0000] {dagbag.py:588} INFO - Filling up the DagBag from /home/airflow/.local/lib/python3.12/site-packages/airflow/example_dags/example_sensors.py
[2024-10-12T20:39:44.872+0000] {processor.py:925} INFO - DAG(s) 'example_sensors' retrieved from /home/airflow/.local/lib/python3.12/site-packages/airflow/example_dags/example_sensors.py
[2024-10-12T20:39:44.905+0000] {logging_mixin.py:190} INFO - [2024-10-12T20:39:44.905+0000] {dag.py:3239} INFO - Sync 1 DAGs
[2024-10-12T20:39:44.926+0000] {logging_mixin.py:190} INFO - [2024-10-12T20:39:44.926+0000] {dag.py:4180} INFO - Setting next_dagrun for example_sensors to None, run_after=None
[2024-10-12T20:39:44.956+0000] {processor.py:208} INFO - Processing /home/airflow/.local/lib/python3.12/site-packages/airflow/example_dags/example_sensors.py took 0.113 seconds
[2024-10-12T20:40:15.433+0000] {processor.py:186} INFO - Started process (PID=661) to work on /home/airflow/.local/lib/python3.12/site-packages/airflow/example_dags/example_sensors.py
[2024-10-12T20:40:15.434+0000] {processor.py:914} INFO - Processing file /home/airflow/.local/lib/python3.12/site-packages/airflow/example_dags/example_sensors.py for tasks to queue
[2024-10-12T20:40:15.438+0000] {logging_mixin.py:190} INFO - [2024-10-12T20:40:15.438+0000] {dagbag.py:588} INFO - Filling up the DagBag from /home/airflow/.local/lib/python3.12/site-packages/airflow/example_dags/example_sensors.py
[2024-10-12T20:40:15.455+0000] {processor.py:925} INFO - DAG(s) 'example_sensors' retrieved from /home/airflow/.local/lib/python3.12/site-packages/airflow/example_dags/example_sensors.py
[2024-10-12T20:40:15.497+0000] {logging_mixin.py:190} INFO - [2024-10-12T20:40:15.496+0000] {dag.py:3239} INFO - Sync 1 DAGs
[2024-10-12T20:40:15.528+0000] {logging_mixin.py:190} INFO - [2024-10-12T20:40:15.527+0000] {dag.py:4180} INFO - Setting next_dagrun for example_sensors to None, run_after=None
[2024-10-12T20:40:15.561+0000] {processor.py:208} INFO - Processing /home/airflow/.local/lib/python3.12/site-packages/airflow/example_dags/example_sensors.py took 0.137 seconds
[2024-10-12T20:40:46.177+0000] {processor.py:186} INFO - Started process (PID=723) to work on /home/airflow/.local/lib/python3.12/site-packages/airflow/example_dags/example_sensors.py
[2024-10-12T20:40:46.179+0000] {processor.py:914} INFO - Processing file /home/airflow/.local/lib/python3.12/site-packages/airflow/example_dags/example_sensors.py for tasks to queue
[2024-10-12T20:40:46.184+0000] {logging_mixin.py:190} INFO - [2024-10-12T20:40:46.183+0000] {dagbag.py:588} INFO - Filling up the DagBag from /home/airflow/.local/lib/python3.12/site-packages/airflow/example_dags/example_sensors.py
[2024-10-12T20:40:46.200+0000] {processor.py:925} INFO - DAG(s) 'example_sensors' retrieved from /home/airflow/.local/lib/python3.12/site-packages/airflow/example_dags/example_sensors.py
[2024-10-12T20:40:46.241+0000] {logging_mixin.py:190} INFO - [2024-10-12T20:40:46.240+0000] {dag.py:3239} INFO - Sync 1 DAGs
[2024-10-12T20:40:46.262+0000] {logging_mixin.py:190} INFO - [2024-10-12T20:40:46.262+0000] {dag.py:4180} INFO - Setting next_dagrun for example_sensors to None, run_after=None
[2024-10-12T20:40:46.300+0000] {processor.py:208} INFO - Processing /home/airflow/.local/lib/python3.12/site-packages/airflow/example_dags/example_sensors.py took 0.131 seconds
[2024-10-12T20:41:16.770+0000] {processor.py:186} INFO - Started process (PID=785) to work on /home/airflow/.local/lib/python3.12/site-packages/airflow/example_dags/example_sensors.py
[2024-10-12T20:41:16.772+0000] {processor.py:914} INFO - Processing file /home/airflow/.local/lib/python3.12/site-packages/airflow/example_dags/example_sensors.py for tasks to queue
[2024-10-12T20:41:16.775+0000] {logging_mixin.py:190} INFO - [2024-10-12T20:41:16.774+0000] {dagbag.py:588} INFO - Filling up the DagBag from /home/airflow/.local/lib/python3.12/site-packages/airflow/example_dags/example_sensors.py
[2024-10-12T20:41:16.790+0000] {processor.py:925} INFO - DAG(s) 'example_sensors' retrieved from /home/airflow/.local/lib/python3.12/site-packages/airflow/example_dags/example_sensors.py
[2024-10-12T20:41:16.831+0000] {logging_mixin.py:190} INFO - [2024-10-12T20:41:16.831+0000] {dag.py:3239} INFO - Sync 1 DAGs
[2024-10-12T20:41:16.854+0000] {logging_mixin.py:190} INFO - [2024-10-12T20:41:16.854+0000] {dag.py:4180} INFO - Setting next_dagrun for example_sensors to None, run_after=None
[2024-10-12T20:41:16.921+0000] {processor.py:208} INFO - Processing /home/airflow/.local/lib/python3.12/site-packages/airflow/example_dags/example_sensors.py took 0.162 seconds
[2024-10-12T20:41:47.520+0000] {processor.py:186} INFO - Started process (PID=847) to work on /home/airflow/.local/lib/python3.12/site-packages/airflow/example_dags/example_sensors.py
[2024-10-12T20:41:47.522+0000] {processor.py:914} INFO - Processing file /home/airflow/.local/lib/python3.12/site-packages/airflow/example_dags/example_sensors.py for tasks to queue
[2024-10-12T20:41:47.526+0000] {logging_mixin.py:190} INFO - [2024-10-12T20:41:47.525+0000] {dagbag.py:588} INFO - Filling up the DagBag from /home/airflow/.local/lib/python3.12/site-packages/airflow/example_dags/example_sensors.py
[2024-10-12T20:41:47.549+0000] {processor.py:925} INFO - DAG(s) 'example_sensors' retrieved from /home/airflow/.local/lib/python3.12/site-packages/airflow/example_dags/example_sensors.py
[2024-10-12T20:41:47.599+0000] {logging_mixin.py:190} INFO - [2024-10-12T20:41:47.599+0000] {dag.py:3239} INFO - Sync 1 DAGs
[2024-10-12T20:41:47.633+0000] {logging_mixin.py:190} INFO - [2024-10-12T20:41:47.632+0000] {dag.py:4180} INFO - Setting next_dagrun for example_sensors to None, run_after=None
[2024-10-12T20:41:47.671+0000] {processor.py:208} INFO - Processing /home/airflow/.local/lib/python3.12/site-packages/airflow/example_dags/example_sensors.py took 0.161 seconds
[2024-10-12T20:42:18.915+0000] {processor.py:186} INFO - Started process (PID=909) to work on /home/airflow/.local/lib/python3.12/site-packages/airflow/example_dags/example_sensors.py
[2024-10-12T20:42:18.917+0000] {processor.py:914} INFO - Processing file /home/airflow/.local/lib/python3.12/site-packages/airflow/example_dags/example_sensors.py for tasks to queue
[2024-10-12T20:42:18.920+0000] {logging_mixin.py:190} INFO - [2024-10-12T20:42:18.919+0000] {dagbag.py:588} INFO - Filling up the DagBag from /home/airflow/.local/lib/python3.12/site-packages/airflow/example_dags/example_sensors.py
[2024-10-12T20:42:18.939+0000] {processor.py:925} INFO - DAG(s) 'example_sensors' retrieved from /home/airflow/.local/lib/python3.12/site-packages/airflow/example_dags/example_sensors.py
[2024-10-12T20:42:18.986+0000] {logging_mixin.py:190} INFO - [2024-10-12T20:42:18.985+0000] {dag.py:3239} INFO - Sync 1 DAGs
[2024-10-12T20:42:19.014+0000] {logging_mixin.py:190} INFO - [2024-10-12T20:42:19.013+0000] {dag.py:4180} INFO - Setting next_dagrun for example_sensors to None, run_after=None
[2024-10-12T20:42:19.055+0000] {processor.py:208} INFO - Processing /home/airflow/.local/lib/python3.12/site-packages/airflow/example_dags/example_sensors.py took 0.151 seconds
[2024-10-12T20:42:50.538+0000] {processor.py:186} INFO - Started process (PID=971) to work on /home/airflow/.local/lib/python3.12/site-packages/airflow/example_dags/example_sensors.py
[2024-10-12T20:42:50.540+0000] {processor.py:914} INFO - Processing file /home/airflow/.local/lib/python3.12/site-packages/airflow/example_dags/example_sensors.py for tasks to queue
[2024-10-12T20:42:50.545+0000] {logging_mixin.py:190} INFO - [2024-10-12T20:42:50.544+0000] {dagbag.py:588} INFO - Filling up the DagBag from /home/airflow/.local/lib/python3.12/site-packages/airflow/example_dags/example_sensors.py
[2024-10-12T20:42:50.560+0000] {processor.py:925} INFO - DAG(s) 'example_sensors' retrieved from /home/airflow/.local/lib/python3.12/site-packages/airflow/example_dags/example_sensors.py
[2024-10-12T20:42:50.599+0000] {logging_mixin.py:190} INFO - [2024-10-12T20:42:50.599+0000] {dag.py:3239} INFO - Sync 1 DAGs
[2024-10-12T20:42:50.620+0000] {logging_mixin.py:190} INFO - [2024-10-12T20:42:50.619+0000] {dag.py:4180} INFO - Setting next_dagrun for example_sensors to None, run_after=None
[2024-10-12T20:42:50.653+0000] {processor.py:208} INFO - Processing /home/airflow/.local/lib/python3.12/site-packages/airflow/example_dags/example_sensors.py took 0.126 seconds
[2024-10-12T20:43:21.387+0000] {processor.py:186} INFO - Started process (PID=1033) to work on /home/airflow/.local/lib/python3.12/site-packages/airflow/example_dags/example_sensors.py
[2024-10-12T20:43:21.389+0000] {processor.py:914} INFO - Processing file /home/airflow/.local/lib/python3.12/site-packages/airflow/example_dags/example_sensors.py for tasks to queue
[2024-10-12T20:43:21.393+0000] {logging_mixin.py:190} INFO - [2024-10-12T20:43:21.393+0000] {dagbag.py:588} INFO - Filling up the DagBag from /home/airflow/.local/lib/python3.12/site-packages/airflow/example_dags/example_sensors.py
[2024-10-12T20:43:21.408+0000] {processor.py:925} INFO - DAG(s) 'example_sensors' retrieved from /home/airflow/.local/lib/python3.12/site-packages/airflow/example_dags/example_sensors.py
[2024-10-12T20:43:21.446+0000] {logging_mixin.py:190} INFO - [2024-10-12T20:43:21.446+0000] {dag.py:3239} INFO - Sync 1 DAGs
[2024-10-12T20:43:21.469+0000] {logging_mixin.py:190} INFO - [2024-10-12T20:43:21.469+0000] {dag.py:4180} INFO - Setting next_dagrun for example_sensors to None, run_after=None
[2024-10-12T20:43:21.503+0000] {processor.py:208} INFO - Processing /home/airflow/.local/lib/python3.12/site-packages/airflow/example_dags/example_sensors.py took 0.127 seconds
[2024-10-12T20:43:51.984+0000] {processor.py:186} INFO - Started process (PID=1094) to work on /home/airflow/.local/lib/python3.12/site-packages/airflow/example_dags/example_sensors.py
[2024-10-12T20:43:51.985+0000] {processor.py:914} INFO - Processing file /home/airflow/.local/lib/python3.12/site-packages/airflow/example_dags/example_sensors.py for tasks to queue
[2024-10-12T20:43:51.990+0000] {logging_mixin.py:190} INFO - [2024-10-12T20:43:51.989+0000] {dagbag.py:588} INFO - Filling up the DagBag from /home/airflow/.local/lib/python3.12/site-packages/airflow/example_dags/example_sensors.py
[2024-10-12T20:43:52.008+0000] {processor.py:925} INFO - DAG(s) 'example_sensors' retrieved from /home/airflow/.local/lib/python3.12/site-packages/airflow/example_dags/example_sensors.py
[2024-10-12T20:43:52.047+0000] {logging_mixin.py:190} INFO - [2024-10-12T20:43:52.047+0000] {dag.py:3239} INFO - Sync 1 DAGs
[2024-10-12T20:43:52.070+0000] {logging_mixin.py:190} INFO - [2024-10-12T20:43:52.070+0000] {dag.py:4180} INFO - Setting next_dagrun for example_sensors to None, run_after=None
[2024-10-12T20:43:52.102+0000] {processor.py:208} INFO - Processing /home/airflow/.local/lib/python3.12/site-packages/airflow/example_dags/example_sensors.py took 0.126 seconds
[2024-10-12T20:44:22.662+0000] {processor.py:186} INFO - Started process (PID=1156) to work on /home/airflow/.local/lib/python3.12/site-packages/airflow/example_dags/example_sensors.py
[2024-10-12T20:44:22.664+0000] {processor.py:914} INFO - Processing file /home/airflow/.local/lib/python3.12/site-packages/airflow/example_dags/example_sensors.py for tasks to queue
[2024-10-12T20:44:22.667+0000] {logging_mixin.py:190} INFO - [2024-10-12T20:44:22.667+0000] {dagbag.py:588} INFO - Filling up the DagBag from /home/airflow/.local/lib/python3.12/site-packages/airflow/example_dags/example_sensors.py
[2024-10-12T20:44:22.696+0000] {processor.py:925} INFO - DAG(s) 'example_sensors' retrieved from /home/airflow/.local/lib/python3.12/site-packages/airflow/example_dags/example_sensors.py
[2024-10-12T20:44:22.758+0000] {logging_mixin.py:190} INFO - [2024-10-12T20:44:22.758+0000] {dag.py:3239} INFO - Sync 1 DAGs
[2024-10-12T20:44:22.784+0000] {logging_mixin.py:190} INFO - [2024-10-12T20:44:22.783+0000] {dag.py:4180} INFO - Setting next_dagrun for example_sensors to None, run_after=None
[2024-10-12T20:44:22.824+0000] {processor.py:208} INFO - Processing /home/airflow/.local/lib/python3.12/site-packages/airflow/example_dags/example_sensors.py took 0.170 seconds
[2024-10-12T20:44:53.534+0000] {processor.py:186} INFO - Started process (PID=1218) to work on /home/airflow/.local/lib/python3.12/site-packages/airflow/example_dags/example_sensors.py
[2024-10-12T20:44:53.536+0000] {processor.py:914} INFO - Processing file /home/airflow/.local/lib/python3.12/site-packages/airflow/example_dags/example_sensors.py for tasks to queue
[2024-10-12T20:44:53.539+0000] {logging_mixin.py:190} INFO - [2024-10-12T20:44:53.539+0000] {dagbag.py:588} INFO - Filling up the DagBag from /home/airflow/.local/lib/python3.12/site-packages/airflow/example_dags/example_sensors.py
[2024-10-12T20:44:53.559+0000] {processor.py:925} INFO - DAG(s) 'example_sensors' retrieved from /home/airflow/.local/lib/python3.12/site-packages/airflow/example_dags/example_sensors.py
[2024-10-12T20:44:53.601+0000] {logging_mixin.py:190} INFO - [2024-10-12T20:44:53.601+0000] {dag.py:3239} INFO - Sync 1 DAGs
[2024-10-12T20:44:53.625+0000] {logging_mixin.py:190} INFO - [2024-10-12T20:44:53.625+0000] {dag.py:4180} INFO - Setting next_dagrun for example_sensors to None, run_after=None
[2024-10-12T20:44:53.660+0000] {processor.py:208} INFO - Processing /home/airflow/.local/lib/python3.12/site-packages/airflow/example_dags/example_sensors.py took 0.136 seconds
[2024-10-12T20:45:24.605+0000] {processor.py:186} INFO - Started process (PID=1280) to work on /home/airflow/.local/lib/python3.12/site-packages/airflow/example_dags/example_sensors.py
[2024-10-12T20:45:24.607+0000] {processor.py:914} INFO - Processing file /home/airflow/.local/lib/python3.12/site-packages/airflow/example_dags/example_sensors.py for tasks to queue
[2024-10-12T20:45:24.610+0000] {logging_mixin.py:190} INFO - [2024-10-12T20:45:24.610+0000] {dagbag.py:588} INFO - Filling up the DagBag from /home/airflow/.local/lib/python3.12/site-packages/airflow/example_dags/example_sensors.py
[2024-10-12T20:45:24.624+0000] {processor.py:925} INFO - DAG(s) 'example_sensors' retrieved from /home/airflow/.local/lib/python3.12/site-packages/airflow/example_dags/example_sensors.py
[2024-10-12T20:45:24.666+0000] {logging_mixin.py:190} INFO - [2024-10-12T20:45:24.666+0000] {dag.py:3239} INFO - Sync 1 DAGs
[2024-10-12T20:45:24.688+0000] {logging_mixin.py:190} INFO - [2024-10-12T20:45:24.688+0000] {dag.py:4180} INFO - Setting next_dagrun for example_sensors to None, run_after=None
[2024-10-12T20:45:24.713+0000] {processor.py:208} INFO - Processing /home/airflow/.local/lib/python3.12/site-packages/airflow/example_dags/example_sensors.py took 0.117 seconds
[2024-10-12T20:45:55.950+0000] {processor.py:186} INFO - Started process (PID=1342) to work on /home/airflow/.local/lib/python3.12/site-packages/airflow/example_dags/example_sensors.py
[2024-10-12T20:45:55.953+0000] {processor.py:914} INFO - Processing file /home/airflow/.local/lib/python3.12/site-packages/airflow/example_dags/example_sensors.py for tasks to queue
[2024-10-12T20:45:55.959+0000] {logging_mixin.py:190} INFO - [2024-10-12T20:45:55.959+0000] {dagbag.py:588} INFO - Filling up the DagBag from /home/airflow/.local/lib/python3.12/site-packages/airflow/example_dags/example_sensors.py
[2024-10-12T20:45:55.979+0000] {processor.py:925} INFO - DAG(s) 'example_sensors' retrieved from /home/airflow/.local/lib/python3.12/site-packages/airflow/example_dags/example_sensors.py
[2024-10-12T20:45:56.041+0000] {logging_mixin.py:190} INFO - [2024-10-12T20:45:56.040+0000] {dag.py:3239} INFO - Sync 1 DAGs
[2024-10-12T20:45:56.078+0000] {logging_mixin.py:190} INFO - [2024-10-12T20:45:56.077+0000] {dag.py:4180} INFO - Setting next_dagrun for example_sensors to None, run_after=None
[2024-10-12T20:45:56.127+0000] {processor.py:208} INFO - Processing /home/airflow/.local/lib/python3.12/site-packages/airflow/example_dags/example_sensors.py took 0.191 seconds
[2024-10-12T20:46:26.283+0000] {processor.py:186} INFO - Started process (PID=1404) to work on /home/airflow/.local/lib/python3.12/site-packages/airflow/example_dags/example_sensors.py
[2024-10-12T20:46:26.285+0000] {processor.py:914} INFO - Processing file /home/airflow/.local/lib/python3.12/site-packages/airflow/example_dags/example_sensors.py for tasks to queue
[2024-10-12T20:46:26.290+0000] {logging_mixin.py:190} INFO - [2024-10-12T20:46:26.289+0000] {dagbag.py:588} INFO - Filling up the DagBag from /home/airflow/.local/lib/python3.12/site-packages/airflow/example_dags/example_sensors.py
[2024-10-12T20:46:26.308+0000] {processor.py:925} INFO - DAG(s) 'example_sensors' retrieved from /home/airflow/.local/lib/python3.12/site-packages/airflow/example_dags/example_sensors.py
[2024-10-12T20:46:26.368+0000] {logging_mixin.py:190} INFO - [2024-10-12T20:46:26.367+0000] {dag.py:3239} INFO - Sync 1 DAGs
[2024-10-12T20:46:26.411+0000] {logging_mixin.py:190} INFO - [2024-10-12T20:46:26.411+0000] {dag.py:4180} INFO - Setting next_dagrun for example_sensors to None, run_after=None
[2024-10-12T20:46:26.446+0000] {processor.py:208} INFO - Processing /home/airflow/.local/lib/python3.12/site-packages/airflow/example_dags/example_sensors.py took 0.172 seconds
[2024-10-12T20:46:57.171+0000] {processor.py:186} INFO - Started process (PID=1465) to work on /home/airflow/.local/lib/python3.12/site-packages/airflow/example_dags/example_sensors.py
[2024-10-12T20:46:57.173+0000] {processor.py:914} INFO - Processing file /home/airflow/.local/lib/python3.12/site-packages/airflow/example_dags/example_sensors.py for tasks to queue
[2024-10-12T20:46:57.177+0000] {logging_mixin.py:190} INFO - [2024-10-12T20:46:57.177+0000] {dagbag.py:588} INFO - Filling up the DagBag from /home/airflow/.local/lib/python3.12/site-packages/airflow/example_dags/example_sensors.py
[2024-10-12T20:46:57.196+0000] {processor.py:925} INFO - DAG(s) 'example_sensors' retrieved from /home/airflow/.local/lib/python3.12/site-packages/airflow/example_dags/example_sensors.py
[2024-10-12T20:46:57.237+0000] {logging_mixin.py:190} INFO - [2024-10-12T20:46:57.237+0000] {dag.py:3239} INFO - Sync 1 DAGs
[2024-10-12T20:46:57.257+0000] {logging_mixin.py:190} INFO - [2024-10-12T20:46:57.257+0000] {dag.py:4180} INFO - Setting next_dagrun for example_sensors to None, run_after=None
[2024-10-12T20:46:57.292+0000] {processor.py:208} INFO - Processing /home/airflow/.local/lib/python3.12/site-packages/airflow/example_dags/example_sensors.py took 0.133 seconds
[2024-10-12T20:47:27.617+0000] {processor.py:186} INFO - Started process (PID=1527) to work on /home/airflow/.local/lib/python3.12/site-packages/airflow/example_dags/example_sensors.py
[2024-10-12T20:47:27.618+0000] {processor.py:914} INFO - Processing file /home/airflow/.local/lib/python3.12/site-packages/airflow/example_dags/example_sensors.py for tasks to queue
[2024-10-12T20:47:27.622+0000] {logging_mixin.py:190} INFO - [2024-10-12T20:47:27.621+0000] {dagbag.py:588} INFO - Filling up the DagBag from /home/airflow/.local/lib/python3.12/site-packages/airflow/example_dags/example_sensors.py
[2024-10-12T20:47:27.642+0000] {processor.py:925} INFO - DAG(s) 'example_sensors' retrieved from /home/airflow/.local/lib/python3.12/site-packages/airflow/example_dags/example_sensors.py
[2024-10-12T20:47:27.679+0000] {logging_mixin.py:190} INFO - [2024-10-12T20:47:27.679+0000] {dag.py:3239} INFO - Sync 1 DAGs
[2024-10-12T20:47:27.700+0000] {logging_mixin.py:190} INFO - [2024-10-12T20:47:27.700+0000] {dag.py:4180} INFO - Setting next_dagrun for example_sensors to None, run_after=None
[2024-10-12T20:47:27.734+0000] {processor.py:208} INFO - Processing /home/airflow/.local/lib/python3.12/site-packages/airflow/example_dags/example_sensors.py took 0.126 seconds
[2024-10-12T20:47:58.366+0000] {processor.py:186} INFO - Started process (PID=1589) to work on /home/airflow/.local/lib/python3.12/site-packages/airflow/example_dags/example_sensors.py
[2024-10-12T20:47:58.368+0000] {processor.py:914} INFO - Processing file /home/airflow/.local/lib/python3.12/site-packages/airflow/example_dags/example_sensors.py for tasks to queue
[2024-10-12T20:47:58.372+0000] {logging_mixin.py:190} INFO - [2024-10-12T20:47:58.372+0000] {dagbag.py:588} INFO - Filling up the DagBag from /home/airflow/.local/lib/python3.12/site-packages/airflow/example_dags/example_sensors.py
[2024-10-12T20:47:58.390+0000] {processor.py:925} INFO - DAG(s) 'example_sensors' retrieved from /home/airflow/.local/lib/python3.12/site-packages/airflow/example_dags/example_sensors.py
[2024-10-12T20:47:58.431+0000] {logging_mixin.py:190} INFO - [2024-10-12T20:47:58.430+0000] {dag.py:3239} INFO - Sync 1 DAGs
[2024-10-12T20:47:58.451+0000] {logging_mixin.py:190} INFO - [2024-10-12T20:47:58.451+0000] {dag.py:4180} INFO - Setting next_dagrun for example_sensors to None, run_after=None
[2024-10-12T20:47:58.483+0000] {processor.py:208} INFO - Processing /home/airflow/.local/lib/python3.12/site-packages/airflow/example_dags/example_sensors.py took 0.125 seconds
[2024-10-12T20:48:29.454+0000] {processor.py:186} INFO - Started process (PID=1652) to work on /home/airflow/.local/lib/python3.12/site-packages/airflow/example_dags/example_sensors.py
[2024-10-12T20:48:29.455+0000] {processor.py:914} INFO - Processing file /home/airflow/.local/lib/python3.12/site-packages/airflow/example_dags/example_sensors.py for tasks to queue
[2024-10-12T20:48:29.459+0000] {logging_mixin.py:190} INFO - [2024-10-12T20:48:29.458+0000] {dagbag.py:588} INFO - Filling up the DagBag from /home/airflow/.local/lib/python3.12/site-packages/airflow/example_dags/example_sensors.py
[2024-10-12T20:48:29.476+0000] {processor.py:925} INFO - DAG(s) 'example_sensors' retrieved from /home/airflow/.local/lib/python3.12/site-packages/airflow/example_dags/example_sensors.py
[2024-10-12T20:48:29.517+0000] {logging_mixin.py:190} INFO - [2024-10-12T20:48:29.517+0000] {dag.py:3239} INFO - Sync 1 DAGs
[2024-10-12T20:48:29.537+0000] {logging_mixin.py:190} INFO - [2024-10-12T20:48:29.537+0000] {dag.py:4180} INFO - Setting next_dagrun for example_sensors to None, run_after=None
[2024-10-12T20:48:29.571+0000] {processor.py:208} INFO - Processing /home/airflow/.local/lib/python3.12/site-packages/airflow/example_dags/example_sensors.py took 0.127 seconds
[2024-10-12T20:48:59.650+0000] {processor.py:186} INFO - Started process (PID=1713) to work on /home/airflow/.local/lib/python3.12/site-packages/airflow/example_dags/example_sensors.py
[2024-10-12T20:48:59.652+0000] {processor.py:914} INFO - Processing file /home/airflow/.local/lib/python3.12/site-packages/airflow/example_dags/example_sensors.py for tasks to queue
[2024-10-12T20:48:59.655+0000] {logging_mixin.py:190} INFO - [2024-10-12T20:48:59.655+0000] {dagbag.py:588} INFO - Filling up the DagBag from /home/airflow/.local/lib/python3.12/site-packages/airflow/example_dags/example_sensors.py
[2024-10-12T20:48:59.670+0000] {processor.py:925} INFO - DAG(s) 'example_sensors' retrieved from /home/airflow/.local/lib/python3.12/site-packages/airflow/example_dags/example_sensors.py
[2024-10-12T20:48:59.770+0000] {logging_mixin.py:190} INFO - [2024-10-12T20:48:59.769+0000] {dag.py:3239} INFO - Sync 1 DAGs
[2024-10-12T20:48:59.811+0000] {logging_mixin.py:190} INFO - [2024-10-12T20:48:59.810+0000] {dag.py:4180} INFO - Setting next_dagrun for example_sensors to None, run_after=None
[2024-10-12T20:48:59.861+0000] {processor.py:208} INFO - Processing /home/airflow/.local/lib/python3.12/site-packages/airflow/example_dags/example_sensors.py took 0.219 seconds
[2024-10-12T20:49:30.053+0000] {processor.py:186} INFO - Started process (PID=1775) to work on /home/airflow/.local/lib/python3.12/site-packages/airflow/example_dags/example_sensors.py
[2024-10-12T20:49:30.055+0000] {processor.py:914} INFO - Processing file /home/airflow/.local/lib/python3.12/site-packages/airflow/example_dags/example_sensors.py for tasks to queue
[2024-10-12T20:49:30.069+0000] {logging_mixin.py:190} INFO - [2024-10-12T20:49:30.067+0000] {dagbag.py:588} INFO - Filling up the DagBag from /home/airflow/.local/lib/python3.12/site-packages/airflow/example_dags/example_sensors.py
[2024-10-12T20:49:30.094+0000] {processor.py:925} INFO - DAG(s) 'example_sensors' retrieved from /home/airflow/.local/lib/python3.12/site-packages/airflow/example_dags/example_sensors.py
[2024-10-12T20:49:30.150+0000] {logging_mixin.py:190} INFO - [2024-10-12T20:49:30.150+0000] {dag.py:3239} INFO - Sync 1 DAGs
[2024-10-12T20:49:30.182+0000] {logging_mixin.py:190} INFO - [2024-10-12T20:49:30.182+0000] {dag.py:4180} INFO - Setting next_dagrun for example_sensors to None, run_after=None
[2024-10-12T20:49:30.226+0000] {processor.py:208} INFO - Processing /home/airflow/.local/lib/python3.12/site-packages/airflow/example_dags/example_sensors.py took 0.189 seconds
[2024-10-12T20:50:00.339+0000] {processor.py:186} INFO - Started process (PID=1837) to work on /home/airflow/.local/lib/python3.12/site-packages/airflow/example_dags/example_sensors.py
[2024-10-12T20:50:00.341+0000] {processor.py:914} INFO - Processing file /home/airflow/.local/lib/python3.12/site-packages/airflow/example_dags/example_sensors.py for tasks to queue
[2024-10-12T20:50:00.346+0000] {logging_mixin.py:190} INFO - [2024-10-12T20:50:00.346+0000] {dagbag.py:588} INFO - Filling up the DagBag from /home/airflow/.local/lib/python3.12/site-packages/airflow/example_dags/example_sensors.py
[2024-10-12T20:50:00.372+0000] {processor.py:925} INFO - DAG(s) 'example_sensors' retrieved from /home/airflow/.local/lib/python3.12/site-packages/airflow/example_dags/example_sensors.py
[2024-10-12T20:50:00.433+0000] {logging_mixin.py:190} INFO - [2024-10-12T20:50:00.433+0000] {dag.py:3239} INFO - Sync 1 DAGs
[2024-10-12T20:50:00.466+0000] {logging_mixin.py:190} INFO - [2024-10-12T20:50:00.466+0000] {dag.py:4180} INFO - Setting next_dagrun for example_sensors to None, run_after=None
[2024-10-12T20:50:00.504+0000] {processor.py:208} INFO - Processing /home/airflow/.local/lib/python3.12/site-packages/airflow/example_dags/example_sensors.py took 0.178 seconds
