[2024-10-12T20:35:31.862+0000] {processor.py:186} INFO - Started process (PID=85) to work on /home/airflow/.local/lib/python3.12/site-packages/airflow/example_dags/example_task_group.py
[2024-10-12T20:35:31.864+0000] {processor.py:914} INFO - Processing file /home/airflow/.local/lib/python3.12/site-packages/airflow/example_dags/example_task_group.py for tasks to queue
[2024-10-12T20:35:31.869+0000] {logging_mixin.py:190} INFO - [2024-10-12T20:35:31.868+0000] {dagbag.py:588} INFO - Filling up the DagBag from /home/airflow/.local/lib/python3.12/site-packages/airflow/example_dags/example_task_group.py
[2024-10-12T20:35:31.890+0000] {processor.py:925} INFO - DAG(s) 'example_task_group' retrieved from /home/airflow/.local/lib/python3.12/site-packages/airflow/example_dags/example_task_group.py
[2024-10-12T20:35:32.087+0000] {logging_mixin.py:190} INFO - [2024-10-12T20:35:32.086+0000] {override.py:1900} INFO - Created Permission View: can delete on DAG:example_task_group
[2024-10-12T20:35:32.105+0000] {logging_mixin.py:190} INFO - [2024-10-12T20:35:32.105+0000] {override.py:1900} INFO - Created Permission View: can edit on DAG:example_task_group
[2024-10-12T20:35:32.117+0000] {logging_mixin.py:190} INFO - [2024-10-12T20:35:32.116+0000] {override.py:1900} INFO - Created Permission View: can read on DAG:example_task_group
[2024-10-12T20:35:32.128+0000] {logging_mixin.py:190} INFO - [2024-10-12T20:35:32.128+0000] {override.py:1900} INFO - Created Permission View: can delete on DAG Run:example_task_group
[2024-10-12T20:35:32.138+0000] {logging_mixin.py:190} INFO - [2024-10-12T20:35:32.137+0000] {override.py:1900} INFO - Created Permission View: can create on DAG Run:example_task_group
[2024-10-12T20:35:32.146+0000] {logging_mixin.py:190} INFO - [2024-10-12T20:35:32.146+0000] {override.py:1900} INFO - Created Permission View: menu access on DAG Run:example_task_group
[2024-10-12T20:35:32.156+0000] {logging_mixin.py:190} INFO - [2024-10-12T20:35:32.156+0000] {override.py:1900} INFO - Created Permission View: can read on DAG Run:example_task_group
[2024-10-12T20:35:32.157+0000] {logging_mixin.py:190} INFO - [2024-10-12T20:35:32.157+0000] {dag.py:3239} INFO - Sync 1 DAGs
[2024-10-12T20:35:32.176+0000] {logging_mixin.py:190} INFO - [2024-10-12T20:35:32.176+0000] {dag.py:3262} INFO - Creating ORM DAG for example_task_group
[2024-10-12T20:35:32.178+0000] {logging_mixin.py:190} INFO - [2024-10-12T20:35:32.177+0000] {dag.py:4180} INFO - Setting next_dagrun for example_task_group to None, run_after=None
[2024-10-12T20:35:32.204+0000] {processor.py:208} INFO - Processing /home/airflow/.local/lib/python3.12/site-packages/airflow/example_dags/example_task_group.py took 0.366 seconds
[2024-10-12T20:36:02.525+0000] {processor.py:186} INFO - Started process (PID=147) to work on /home/airflow/.local/lib/python3.12/site-packages/airflow/example_dags/example_task_group.py
[2024-10-12T20:36:02.527+0000] {processor.py:914} INFO - Processing file /home/airflow/.local/lib/python3.12/site-packages/airflow/example_dags/example_task_group.py for tasks to queue
[2024-10-12T20:36:02.533+0000] {logging_mixin.py:190} INFO - [2024-10-12T20:36:02.532+0000] {dagbag.py:588} INFO - Filling up the DagBag from /home/airflow/.local/lib/python3.12/site-packages/airflow/example_dags/example_task_group.py
[2024-10-12T20:36:02.543+0000] {processor.py:925} INFO - DAG(s) 'example_task_group' retrieved from /home/airflow/.local/lib/python3.12/site-packages/airflow/example_dags/example_task_group.py
[2024-10-12T20:36:02.572+0000] {logging_mixin.py:190} INFO - [2024-10-12T20:36:02.571+0000] {dag.py:3239} INFO - Sync 1 DAGs
[2024-10-12T20:36:02.596+0000] {logging_mixin.py:190} INFO - [2024-10-12T20:36:02.595+0000] {dag.py:4180} INFO - Setting next_dagrun for example_task_group to None, run_after=None
[2024-10-12T20:36:02.619+0000] {processor.py:208} INFO - Processing /home/airflow/.local/lib/python3.12/site-packages/airflow/example_dags/example_task_group.py took 0.105 seconds
[2024-10-12T20:36:33.432+0000] {processor.py:186} INFO - Started process (PID=209) to work on /home/airflow/.local/lib/python3.12/site-packages/airflow/example_dags/example_task_group.py
[2024-10-12T20:36:33.440+0000] {processor.py:914} INFO - Processing file /home/airflow/.local/lib/python3.12/site-packages/airflow/example_dags/example_task_group.py for tasks to queue
[2024-10-12T20:36:33.459+0000] {logging_mixin.py:190} INFO - [2024-10-12T20:36:33.458+0000] {dagbag.py:588} INFO - Filling up the DagBag from /home/airflow/.local/lib/python3.12/site-packages/airflow/example_dags/example_task_group.py
[2024-10-12T20:36:33.478+0000] {processor.py:925} INFO - DAG(s) 'example_task_group' retrieved from /home/airflow/.local/lib/python3.12/site-packages/airflow/example_dags/example_task_group.py
[2024-10-12T20:36:33.519+0000] {logging_mixin.py:190} INFO - [2024-10-12T20:36:33.519+0000] {dag.py:3239} INFO - Sync 1 DAGs
[2024-10-12T20:36:33.539+0000] {logging_mixin.py:190} INFO - [2024-10-12T20:36:33.539+0000] {dag.py:4180} INFO - Setting next_dagrun for example_task_group to None, run_after=None
[2024-10-12T20:36:33.574+0000] {processor.py:208} INFO - Processing /home/airflow/.local/lib/python3.12/site-packages/airflow/example_dags/example_task_group.py took 0.153 seconds
[2024-10-12T20:37:04.028+0000] {processor.py:186} INFO - Started process (PID=271) to work on /home/airflow/.local/lib/python3.12/site-packages/airflow/example_dags/example_task_group.py
[2024-10-12T20:37:04.030+0000] {processor.py:914} INFO - Processing file /home/airflow/.local/lib/python3.12/site-packages/airflow/example_dags/example_task_group.py for tasks to queue
[2024-10-12T20:37:04.036+0000] {logging_mixin.py:190} INFO - [2024-10-12T20:37:04.036+0000] {dagbag.py:588} INFO - Filling up the DagBag from /home/airflow/.local/lib/python3.12/site-packages/airflow/example_dags/example_task_group.py
[2024-10-12T20:37:04.053+0000] {processor.py:925} INFO - DAG(s) 'example_task_group' retrieved from /home/airflow/.local/lib/python3.12/site-packages/airflow/example_dags/example_task_group.py
[2024-10-12T20:37:04.093+0000] {logging_mixin.py:190} INFO - [2024-10-12T20:37:04.093+0000] {dag.py:3239} INFO - Sync 1 DAGs
[2024-10-12T20:37:04.120+0000] {logging_mixin.py:190} INFO - [2024-10-12T20:37:04.119+0000] {dag.py:4180} INFO - Setting next_dagrun for example_task_group to None, run_after=None
[2024-10-12T20:37:04.176+0000] {processor.py:208} INFO - Processing /home/airflow/.local/lib/python3.12/site-packages/airflow/example_dags/example_task_group.py took 0.160 seconds
[2024-10-12T20:37:34.763+0000] {processor.py:186} INFO - Started process (PID=333) to work on /home/airflow/.local/lib/python3.12/site-packages/airflow/example_dags/example_task_group.py
[2024-10-12T20:37:34.765+0000] {processor.py:914} INFO - Processing file /home/airflow/.local/lib/python3.12/site-packages/airflow/example_dags/example_task_group.py for tasks to queue
[2024-10-12T20:37:34.770+0000] {logging_mixin.py:190} INFO - [2024-10-12T20:37:34.769+0000] {dagbag.py:588} INFO - Filling up the DagBag from /home/airflow/.local/lib/python3.12/site-packages/airflow/example_dags/example_task_group.py
[2024-10-12T20:37:34.782+0000] {processor.py:925} INFO - DAG(s) 'example_task_group' retrieved from /home/airflow/.local/lib/python3.12/site-packages/airflow/example_dags/example_task_group.py
[2024-10-12T20:37:34.818+0000] {logging_mixin.py:190} INFO - [2024-10-12T20:37:34.817+0000] {dag.py:3239} INFO - Sync 1 DAGs
[2024-10-12T20:37:34.860+0000] {logging_mixin.py:190} INFO - [2024-10-12T20:37:34.860+0000] {dag.py:4180} INFO - Setting next_dagrun for example_task_group to None, run_after=None
[2024-10-12T20:37:34.893+0000] {processor.py:208} INFO - Processing /home/airflow/.local/lib/python3.12/site-packages/airflow/example_dags/example_task_group.py took 0.138 seconds
[2024-10-12T20:38:05.488+0000] {processor.py:186} INFO - Started process (PID=395) to work on /home/airflow/.local/lib/python3.12/site-packages/airflow/example_dags/example_task_group.py
[2024-10-12T20:38:05.490+0000] {processor.py:914} INFO - Processing file /home/airflow/.local/lib/python3.12/site-packages/airflow/example_dags/example_task_group.py for tasks to queue
[2024-10-12T20:38:05.494+0000] {logging_mixin.py:190} INFO - [2024-10-12T20:38:05.493+0000] {dagbag.py:588} INFO - Filling up the DagBag from /home/airflow/.local/lib/python3.12/site-packages/airflow/example_dags/example_task_group.py
[2024-10-12T20:38:05.509+0000] {processor.py:925} INFO - DAG(s) 'example_task_group' retrieved from /home/airflow/.local/lib/python3.12/site-packages/airflow/example_dags/example_task_group.py
[2024-10-12T20:38:05.542+0000] {logging_mixin.py:190} INFO - [2024-10-12T20:38:05.542+0000] {dag.py:3239} INFO - Sync 1 DAGs
[2024-10-12T20:38:05.562+0000] {logging_mixin.py:190} INFO - [2024-10-12T20:38:05.562+0000] {dag.py:4180} INFO - Setting next_dagrun for example_task_group to None, run_after=None
[2024-10-12T20:38:05.598+0000] {processor.py:208} INFO - Processing /home/airflow/.local/lib/python3.12/site-packages/airflow/example_dags/example_task_group.py took 0.119 seconds
[2024-10-12T20:38:36.163+0000] {processor.py:186} INFO - Started process (PID=457) to work on /home/airflow/.local/lib/python3.12/site-packages/airflow/example_dags/example_task_group.py
[2024-10-12T20:38:36.165+0000] {processor.py:914} INFO - Processing file /home/airflow/.local/lib/python3.12/site-packages/airflow/example_dags/example_task_group.py for tasks to queue
[2024-10-12T20:38:36.170+0000] {logging_mixin.py:190} INFO - [2024-10-12T20:38:36.170+0000] {dagbag.py:588} INFO - Filling up the DagBag from /home/airflow/.local/lib/python3.12/site-packages/airflow/example_dags/example_task_group.py
[2024-10-12T20:38:36.183+0000] {processor.py:925} INFO - DAG(s) 'example_task_group' retrieved from /home/airflow/.local/lib/python3.12/site-packages/airflow/example_dags/example_task_group.py
[2024-10-12T20:38:36.216+0000] {logging_mixin.py:190} INFO - [2024-10-12T20:38:36.216+0000] {dag.py:3239} INFO - Sync 1 DAGs
[2024-10-12T20:38:36.238+0000] {logging_mixin.py:190} INFO - [2024-10-12T20:38:36.238+0000] {dag.py:4180} INFO - Setting next_dagrun for example_task_group to None, run_after=None
[2024-10-12T20:38:36.267+0000] {processor.py:208} INFO - Processing /home/airflow/.local/lib/python3.12/site-packages/airflow/example_dags/example_task_group.py took 0.113 seconds
[2024-10-12T20:39:06.981+0000] {processor.py:186} INFO - Started process (PID=519) to work on /home/airflow/.local/lib/python3.12/site-packages/airflow/example_dags/example_task_group.py
[2024-10-12T20:39:06.983+0000] {processor.py:914} INFO - Processing file /home/airflow/.local/lib/python3.12/site-packages/airflow/example_dags/example_task_group.py for tasks to queue
[2024-10-12T20:39:06.988+0000] {logging_mixin.py:190} INFO - [2024-10-12T20:39:06.987+0000] {dagbag.py:588} INFO - Filling up the DagBag from /home/airflow/.local/lib/python3.12/site-packages/airflow/example_dags/example_task_group.py
[2024-10-12T20:39:07.003+0000] {processor.py:925} INFO - DAG(s) 'example_task_group' retrieved from /home/airflow/.local/lib/python3.12/site-packages/airflow/example_dags/example_task_group.py
[2024-10-12T20:39:07.035+0000] {logging_mixin.py:190} INFO - [2024-10-12T20:39:07.035+0000] {dag.py:3239} INFO - Sync 1 DAGs
[2024-10-12T20:39:07.057+0000] {logging_mixin.py:190} INFO - [2024-10-12T20:39:07.057+0000] {dag.py:4180} INFO - Setting next_dagrun for example_task_group to None, run_after=None
[2024-10-12T20:39:07.093+0000] {processor.py:208} INFO - Processing /home/airflow/.local/lib/python3.12/site-packages/airflow/example_dags/example_task_group.py took 0.123 seconds
[2024-10-12T20:39:37.501+0000] {processor.py:186} INFO - Started process (PID=581) to work on /home/airflow/.local/lib/python3.12/site-packages/airflow/example_dags/example_task_group.py
[2024-10-12T20:39:37.502+0000] {processor.py:914} INFO - Processing file /home/airflow/.local/lib/python3.12/site-packages/airflow/example_dags/example_task_group.py for tasks to queue
[2024-10-12T20:39:37.507+0000] {logging_mixin.py:190} INFO - [2024-10-12T20:39:37.506+0000] {dagbag.py:588} INFO - Filling up the DagBag from /home/airflow/.local/lib/python3.12/site-packages/airflow/example_dags/example_task_group.py
[2024-10-12T20:39:37.521+0000] {processor.py:925} INFO - DAG(s) 'example_task_group' retrieved from /home/airflow/.local/lib/python3.12/site-packages/airflow/example_dags/example_task_group.py
[2024-10-12T20:39:37.558+0000] {logging_mixin.py:190} INFO - [2024-10-12T20:39:37.558+0000] {dag.py:3239} INFO - Sync 1 DAGs
[2024-10-12T20:39:37.580+0000] {logging_mixin.py:190} INFO - [2024-10-12T20:39:37.580+0000] {dag.py:4180} INFO - Setting next_dagrun for example_task_group to None, run_after=None
[2024-10-12T20:39:37.619+0000] {processor.py:208} INFO - Processing /home/airflow/.local/lib/python3.12/site-packages/airflow/example_dags/example_task_group.py took 0.128 seconds
[2024-10-12T20:40:08.088+0000] {processor.py:186} INFO - Started process (PID=642) to work on /home/airflow/.local/lib/python3.12/site-packages/airflow/example_dags/example_task_group.py
[2024-10-12T20:40:08.090+0000] {processor.py:914} INFO - Processing file /home/airflow/.local/lib/python3.12/site-packages/airflow/example_dags/example_task_group.py for tasks to queue
[2024-10-12T20:40:08.095+0000] {logging_mixin.py:190} INFO - [2024-10-12T20:40:08.095+0000] {dagbag.py:588} INFO - Filling up the DagBag from /home/airflow/.local/lib/python3.12/site-packages/airflow/example_dags/example_task_group.py
[2024-10-12T20:40:08.108+0000] {processor.py:925} INFO - DAG(s) 'example_task_group' retrieved from /home/airflow/.local/lib/python3.12/site-packages/airflow/example_dags/example_task_group.py
[2024-10-12T20:40:08.141+0000] {logging_mixin.py:190} INFO - [2024-10-12T20:40:08.140+0000] {dag.py:3239} INFO - Sync 1 DAGs
[2024-10-12T20:40:08.161+0000] {logging_mixin.py:190} INFO - [2024-10-12T20:40:08.161+0000] {dag.py:4180} INFO - Setting next_dagrun for example_task_group to None, run_after=None
[2024-10-12T20:40:08.192+0000] {processor.py:208} INFO - Processing /home/airflow/.local/lib/python3.12/site-packages/airflow/example_dags/example_task_group.py took 0.113 seconds
[2024-10-12T20:40:38.786+0000] {processor.py:186} INFO - Started process (PID=704) to work on /home/airflow/.local/lib/python3.12/site-packages/airflow/example_dags/example_task_group.py
[2024-10-12T20:40:38.788+0000] {processor.py:914} INFO - Processing file /home/airflow/.local/lib/python3.12/site-packages/airflow/example_dags/example_task_group.py for tasks to queue
[2024-10-12T20:40:38.792+0000] {logging_mixin.py:190} INFO - [2024-10-12T20:40:38.791+0000] {dagbag.py:588} INFO - Filling up the DagBag from /home/airflow/.local/lib/python3.12/site-packages/airflow/example_dags/example_task_group.py
[2024-10-12T20:40:38.804+0000] {processor.py:925} INFO - DAG(s) 'example_task_group' retrieved from /home/airflow/.local/lib/python3.12/site-packages/airflow/example_dags/example_task_group.py
[2024-10-12T20:40:38.837+0000] {logging_mixin.py:190} INFO - [2024-10-12T20:40:38.836+0000] {dag.py:3239} INFO - Sync 1 DAGs
[2024-10-12T20:40:38.856+0000] {logging_mixin.py:190} INFO - [2024-10-12T20:40:38.855+0000] {dag.py:4180} INFO - Setting next_dagrun for example_task_group to None, run_after=None
[2024-10-12T20:40:38.887+0000] {processor.py:208} INFO - Processing /home/airflow/.local/lib/python3.12/site-packages/airflow/example_dags/example_task_group.py took 0.110 seconds
[2024-10-12T20:41:10.351+0000] {processor.py:186} INFO - Started process (PID=766) to work on /home/airflow/.local/lib/python3.12/site-packages/airflow/example_dags/example_task_group.py
[2024-10-12T20:41:10.353+0000] {processor.py:914} INFO - Processing file /home/airflow/.local/lib/python3.12/site-packages/airflow/example_dags/example_task_group.py for tasks to queue
[2024-10-12T20:41:10.360+0000] {logging_mixin.py:190} INFO - [2024-10-12T20:41:10.359+0000] {dagbag.py:588} INFO - Filling up the DagBag from /home/airflow/.local/lib/python3.12/site-packages/airflow/example_dags/example_task_group.py
[2024-10-12T20:41:10.379+0000] {processor.py:925} INFO - DAG(s) 'example_task_group' retrieved from /home/airflow/.local/lib/python3.12/site-packages/airflow/example_dags/example_task_group.py
[2024-10-12T20:41:10.427+0000] {logging_mixin.py:190} INFO - [2024-10-12T20:41:10.427+0000] {dag.py:3239} INFO - Sync 1 DAGs
[2024-10-12T20:41:10.453+0000] {logging_mixin.py:190} INFO - [2024-10-12T20:41:10.453+0000] {dag.py:4180} INFO - Setting next_dagrun for example_task_group to None, run_after=None
[2024-10-12T20:41:10.492+0000] {processor.py:208} INFO - Processing /home/airflow/.local/lib/python3.12/site-packages/airflow/example_dags/example_task_group.py took 0.150 seconds
[2024-10-12T20:41:41.161+0000] {processor.py:186} INFO - Started process (PID=828) to work on /home/airflow/.local/lib/python3.12/site-packages/airflow/example_dags/example_task_group.py
[2024-10-12T20:41:41.163+0000] {processor.py:914} INFO - Processing file /home/airflow/.local/lib/python3.12/site-packages/airflow/example_dags/example_task_group.py for tasks to queue
[2024-10-12T20:41:41.169+0000] {logging_mixin.py:190} INFO - [2024-10-12T20:41:41.169+0000] {dagbag.py:588} INFO - Filling up the DagBag from /home/airflow/.local/lib/python3.12/site-packages/airflow/example_dags/example_task_group.py
[2024-10-12T20:41:41.197+0000] {processor.py:925} INFO - DAG(s) 'example_task_group' retrieved from /home/airflow/.local/lib/python3.12/site-packages/airflow/example_dags/example_task_group.py
[2024-10-12T20:41:41.232+0000] {logging_mixin.py:190} INFO - [2024-10-12T20:41:41.231+0000] {dag.py:3239} INFO - Sync 1 DAGs
[2024-10-12T20:41:41.251+0000] {logging_mixin.py:190} INFO - [2024-10-12T20:41:41.251+0000] {dag.py:4180} INFO - Setting next_dagrun for example_task_group to None, run_after=None
[2024-10-12T20:41:41.278+0000] {processor.py:208} INFO - Processing /home/airflow/.local/lib/python3.12/site-packages/airflow/example_dags/example_task_group.py took 0.130 seconds
[2024-10-12T20:42:11.552+0000] {processor.py:186} INFO - Started process (PID=890) to work on /home/airflow/.local/lib/python3.12/site-packages/airflow/example_dags/example_task_group.py
[2024-10-12T20:42:11.554+0000] {processor.py:914} INFO - Processing file /home/airflow/.local/lib/python3.12/site-packages/airflow/example_dags/example_task_group.py for tasks to queue
[2024-10-12T20:42:11.558+0000] {logging_mixin.py:190} INFO - [2024-10-12T20:42:11.558+0000] {dagbag.py:588} INFO - Filling up the DagBag from /home/airflow/.local/lib/python3.12/site-packages/airflow/example_dags/example_task_group.py
[2024-10-12T20:42:11.571+0000] {processor.py:925} INFO - DAG(s) 'example_task_group' retrieved from /home/airflow/.local/lib/python3.12/site-packages/airflow/example_dags/example_task_group.py
[2024-10-12T20:42:11.606+0000] {logging_mixin.py:190} INFO - [2024-10-12T20:42:11.605+0000] {dag.py:3239} INFO - Sync 1 DAGs
[2024-10-12T20:42:11.625+0000] {logging_mixin.py:190} INFO - [2024-10-12T20:42:11.625+0000] {dag.py:4180} INFO - Setting next_dagrun for example_task_group to None, run_after=None
[2024-10-12T20:42:11.656+0000] {processor.py:208} INFO - Processing /home/airflow/.local/lib/python3.12/site-packages/airflow/example_dags/example_task_group.py took 0.112 seconds
[2024-10-12T20:42:42.928+0000] {processor.py:186} INFO - Started process (PID=952) to work on /home/airflow/.local/lib/python3.12/site-packages/airflow/example_dags/example_task_group.py
[2024-10-12T20:42:42.930+0000] {processor.py:914} INFO - Processing file /home/airflow/.local/lib/python3.12/site-packages/airflow/example_dags/example_task_group.py for tasks to queue
[2024-10-12T20:42:42.945+0000] {logging_mixin.py:190} INFO - [2024-10-12T20:42:42.944+0000] {dagbag.py:588} INFO - Filling up the DagBag from /home/airflow/.local/lib/python3.12/site-packages/airflow/example_dags/example_task_group.py
[2024-10-12T20:42:42.960+0000] {processor.py:925} INFO - DAG(s) 'example_task_group' retrieved from /home/airflow/.local/lib/python3.12/site-packages/airflow/example_dags/example_task_group.py
[2024-10-12T20:42:42.996+0000] {logging_mixin.py:190} INFO - [2024-10-12T20:42:42.996+0000] {dag.py:3239} INFO - Sync 1 DAGs
[2024-10-12T20:42:43.032+0000] {logging_mixin.py:190} INFO - [2024-10-12T20:42:43.031+0000] {dag.py:4180} INFO - Setting next_dagrun for example_task_group to None, run_after=None
[2024-10-12T20:42:43.069+0000] {processor.py:208} INFO - Processing /home/airflow/.local/lib/python3.12/site-packages/airflow/example_dags/example_task_group.py took 0.155 seconds
[2024-10-12T20:43:13.298+0000] {processor.py:186} INFO - Started process (PID=1014) to work on /home/airflow/.local/lib/python3.12/site-packages/airflow/example_dags/example_task_group.py
[2024-10-12T20:43:13.300+0000] {processor.py:914} INFO - Processing file /home/airflow/.local/lib/python3.12/site-packages/airflow/example_dags/example_task_group.py for tasks to queue
[2024-10-12T20:43:13.304+0000] {logging_mixin.py:190} INFO - [2024-10-12T20:43:13.303+0000] {dagbag.py:588} INFO - Filling up the DagBag from /home/airflow/.local/lib/python3.12/site-packages/airflow/example_dags/example_task_group.py
[2024-10-12T20:43:13.315+0000] {processor.py:925} INFO - DAG(s) 'example_task_group' retrieved from /home/airflow/.local/lib/python3.12/site-packages/airflow/example_dags/example_task_group.py
[2024-10-12T20:43:13.345+0000] {logging_mixin.py:190} INFO - [2024-10-12T20:43:13.344+0000] {dag.py:3239} INFO - Sync 1 DAGs
[2024-10-12T20:43:13.364+0000] {logging_mixin.py:190} INFO - [2024-10-12T20:43:13.363+0000] {dag.py:4180} INFO - Setting next_dagrun for example_task_group to None, run_after=None
[2024-10-12T20:43:13.390+0000] {processor.py:208} INFO - Processing /home/airflow/.local/lib/python3.12/site-packages/airflow/example_dags/example_task_group.py took 0.101 seconds
[2024-10-12T20:43:43.930+0000] {processor.py:186} INFO - Started process (PID=1075) to work on /home/airflow/.local/lib/python3.12/site-packages/airflow/example_dags/example_task_group.py
[2024-10-12T20:43:43.932+0000] {processor.py:914} INFO - Processing file /home/airflow/.local/lib/python3.12/site-packages/airflow/example_dags/example_task_group.py for tasks to queue
[2024-10-12T20:43:43.938+0000] {logging_mixin.py:190} INFO - [2024-10-12T20:43:43.937+0000] {dagbag.py:588} INFO - Filling up the DagBag from /home/airflow/.local/lib/python3.12/site-packages/airflow/example_dags/example_task_group.py
[2024-10-12T20:43:43.958+0000] {processor.py:925} INFO - DAG(s) 'example_task_group' retrieved from /home/airflow/.local/lib/python3.12/site-packages/airflow/example_dags/example_task_group.py
[2024-10-12T20:43:44.001+0000] {logging_mixin.py:190} INFO - [2024-10-12T20:43:44.001+0000] {dag.py:3239} INFO - Sync 1 DAGs
[2024-10-12T20:43:44.028+0000] {logging_mixin.py:190} INFO - [2024-10-12T20:43:44.028+0000] {dag.py:4180} INFO - Setting next_dagrun for example_task_group to None, run_after=None
[2024-10-12T20:43:44.056+0000] {processor.py:208} INFO - Processing /home/airflow/.local/lib/python3.12/site-packages/airflow/example_dags/example_task_group.py took 0.138 seconds
[2024-10-12T20:44:14.515+0000] {processor.py:186} INFO - Started process (PID=1137) to work on /home/airflow/.local/lib/python3.12/site-packages/airflow/example_dags/example_task_group.py
[2024-10-12T20:44:14.517+0000] {processor.py:914} INFO - Processing file /home/airflow/.local/lib/python3.12/site-packages/airflow/example_dags/example_task_group.py for tasks to queue
[2024-10-12T20:44:14.522+0000] {logging_mixin.py:190} INFO - [2024-10-12T20:44:14.521+0000] {dagbag.py:588} INFO - Filling up the DagBag from /home/airflow/.local/lib/python3.12/site-packages/airflow/example_dags/example_task_group.py
[2024-10-12T20:44:14.535+0000] {processor.py:925} INFO - DAG(s) 'example_task_group' retrieved from /home/airflow/.local/lib/python3.12/site-packages/airflow/example_dags/example_task_group.py
[2024-10-12T20:44:14.571+0000] {logging_mixin.py:190} INFO - [2024-10-12T20:44:14.570+0000] {dag.py:3239} INFO - Sync 1 DAGs
[2024-10-12T20:44:14.595+0000] {logging_mixin.py:190} INFO - [2024-10-12T20:44:14.595+0000] {dag.py:4180} INFO - Setting next_dagrun for example_task_group to None, run_after=None
[2024-10-12T20:44:14.624+0000] {processor.py:208} INFO - Processing /home/airflow/.local/lib/python3.12/site-packages/airflow/example_dags/example_task_group.py took 0.117 seconds
[2024-10-12T20:44:45.354+0000] {processor.py:186} INFO - Started process (PID=1199) to work on /home/airflow/.local/lib/python3.12/site-packages/airflow/example_dags/example_task_group.py
[2024-10-12T20:44:45.357+0000] {processor.py:914} INFO - Processing file /home/airflow/.local/lib/python3.12/site-packages/airflow/example_dags/example_task_group.py for tasks to queue
[2024-10-12T20:44:45.364+0000] {logging_mixin.py:190} INFO - [2024-10-12T20:44:45.363+0000] {dagbag.py:588} INFO - Filling up the DagBag from /home/airflow/.local/lib/python3.12/site-packages/airflow/example_dags/example_task_group.py
[2024-10-12T20:44:45.380+0000] {processor.py:925} INFO - DAG(s) 'example_task_group' retrieved from /home/airflow/.local/lib/python3.12/site-packages/airflow/example_dags/example_task_group.py
[2024-10-12T20:44:45.419+0000] {logging_mixin.py:190} INFO - [2024-10-12T20:44:45.418+0000] {dag.py:3239} INFO - Sync 1 DAGs
[2024-10-12T20:44:45.440+0000] {logging_mixin.py:190} INFO - [2024-10-12T20:44:45.440+0000] {dag.py:4180} INFO - Setting next_dagrun for example_task_group to None, run_after=None
[2024-10-12T20:44:45.470+0000] {processor.py:208} INFO - Processing /home/airflow/.local/lib/python3.12/site-packages/airflow/example_dags/example_task_group.py took 0.131 seconds
[2024-10-12T20:45:15.718+0000] {processor.py:186} INFO - Started process (PID=1261) to work on /home/airflow/.local/lib/python3.12/site-packages/airflow/example_dags/example_task_group.py
[2024-10-12T20:45:15.721+0000] {processor.py:914} INFO - Processing file /home/airflow/.local/lib/python3.12/site-packages/airflow/example_dags/example_task_group.py for tasks to queue
[2024-10-12T20:45:15.726+0000] {logging_mixin.py:190} INFO - [2024-10-12T20:45:15.725+0000] {dagbag.py:588} INFO - Filling up the DagBag from /home/airflow/.local/lib/python3.12/site-packages/airflow/example_dags/example_task_group.py
[2024-10-12T20:45:15.742+0000] {processor.py:925} INFO - DAG(s) 'example_task_group' retrieved from /home/airflow/.local/lib/python3.12/site-packages/airflow/example_dags/example_task_group.py
[2024-10-12T20:45:15.778+0000] {logging_mixin.py:190} INFO - [2024-10-12T20:45:15.777+0000] {dag.py:3239} INFO - Sync 1 DAGs
[2024-10-12T20:45:15.808+0000] {logging_mixin.py:190} INFO - [2024-10-12T20:45:15.807+0000] {dag.py:4180} INFO - Setting next_dagrun for example_task_group to None, run_after=None
[2024-10-12T20:45:15.851+0000] {processor.py:208} INFO - Processing /home/airflow/.local/lib/python3.12/site-packages/airflow/example_dags/example_task_group.py took 0.143 seconds
[2024-10-12T20:45:46.083+0000] {processor.py:186} INFO - Started process (PID=1322) to work on /home/airflow/.local/lib/python3.12/site-packages/airflow/example_dags/example_task_group.py
[2024-10-12T20:45:46.086+0000] {processor.py:914} INFO - Processing file /home/airflow/.local/lib/python3.12/site-packages/airflow/example_dags/example_task_group.py for tasks to queue
[2024-10-12T20:45:46.091+0000] {logging_mixin.py:190} INFO - [2024-10-12T20:45:46.091+0000] {dagbag.py:588} INFO - Filling up the DagBag from /home/airflow/.local/lib/python3.12/site-packages/airflow/example_dags/example_task_group.py
[2024-10-12T20:45:46.108+0000] {processor.py:925} INFO - DAG(s) 'example_task_group' retrieved from /home/airflow/.local/lib/python3.12/site-packages/airflow/example_dags/example_task_group.py
[2024-10-12T20:45:46.149+0000] {logging_mixin.py:190} INFO - [2024-10-12T20:45:46.146+0000] {dag.py:3239} INFO - Sync 1 DAGs
[2024-10-12T20:45:46.167+0000] {logging_mixin.py:190} INFO - [2024-10-12T20:45:46.166+0000] {dag.py:4180} INFO - Setting next_dagrun for example_task_group to None, run_after=None
[2024-10-12T20:45:46.203+0000] {processor.py:208} INFO - Processing /home/airflow/.local/lib/python3.12/site-packages/airflow/example_dags/example_task_group.py took 0.131 seconds
[2024-10-12T20:46:16.550+0000] {processor.py:186} INFO - Started process (PID=1384) to work on /home/airflow/.local/lib/python3.12/site-packages/airflow/example_dags/example_task_group.py
[2024-10-12T20:46:16.551+0000] {processor.py:914} INFO - Processing file /home/airflow/.local/lib/python3.12/site-packages/airflow/example_dags/example_task_group.py for tasks to queue
[2024-10-12T20:46:16.556+0000] {logging_mixin.py:190} INFO - [2024-10-12T20:46:16.556+0000] {dagbag.py:588} INFO - Filling up the DagBag from /home/airflow/.local/lib/python3.12/site-packages/airflow/example_dags/example_task_group.py
[2024-10-12T20:46:16.569+0000] {processor.py:925} INFO - DAG(s) 'example_task_group' retrieved from /home/airflow/.local/lib/python3.12/site-packages/airflow/example_dags/example_task_group.py
[2024-10-12T20:46:16.602+0000] {logging_mixin.py:190} INFO - [2024-10-12T20:46:16.601+0000] {dag.py:3239} INFO - Sync 1 DAGs
[2024-10-12T20:46:16.669+0000] {logging_mixin.py:190} INFO - [2024-10-12T20:46:16.668+0000] {dag.py:4180} INFO - Setting next_dagrun for example_task_group to None, run_after=None
[2024-10-12T20:46:16.738+0000] {processor.py:208} INFO - Processing /home/airflow/.local/lib/python3.12/site-packages/airflow/example_dags/example_task_group.py took 0.197 seconds
[2024-10-12T20:46:47.072+0000] {processor.py:186} INFO - Started process (PID=1446) to work on /home/airflow/.local/lib/python3.12/site-packages/airflow/example_dags/example_task_group.py
[2024-10-12T20:46:47.074+0000] {processor.py:914} INFO - Processing file /home/airflow/.local/lib/python3.12/site-packages/airflow/example_dags/example_task_group.py for tasks to queue
[2024-10-12T20:46:47.081+0000] {logging_mixin.py:190} INFO - [2024-10-12T20:46:47.080+0000] {dagbag.py:588} INFO - Filling up the DagBag from /home/airflow/.local/lib/python3.12/site-packages/airflow/example_dags/example_task_group.py
[2024-10-12T20:46:47.093+0000] {processor.py:925} INFO - DAG(s) 'example_task_group' retrieved from /home/airflow/.local/lib/python3.12/site-packages/airflow/example_dags/example_task_group.py
[2024-10-12T20:46:47.130+0000] {logging_mixin.py:190} INFO - [2024-10-12T20:46:47.130+0000] {dag.py:3239} INFO - Sync 1 DAGs
[2024-10-12T20:46:47.154+0000] {logging_mixin.py:190} INFO - [2024-10-12T20:46:47.153+0000] {dag.py:4180} INFO - Setting next_dagrun for example_task_group to None, run_after=None
[2024-10-12T20:46:47.183+0000] {processor.py:208} INFO - Processing /home/airflow/.local/lib/python3.12/site-packages/airflow/example_dags/example_task_group.py took 0.122 seconds
[2024-10-12T20:47:17.994+0000] {processor.py:186} INFO - Started process (PID=1508) to work on /home/airflow/.local/lib/python3.12/site-packages/airflow/example_dags/example_task_group.py
[2024-10-12T20:47:17.996+0000] {processor.py:914} INFO - Processing file /home/airflow/.local/lib/python3.12/site-packages/airflow/example_dags/example_task_group.py for tasks to queue
[2024-10-12T20:47:18.001+0000] {logging_mixin.py:190} INFO - [2024-10-12T20:47:18.001+0000] {dagbag.py:588} INFO - Filling up the DagBag from /home/airflow/.local/lib/python3.12/site-packages/airflow/example_dags/example_task_group.py
[2024-10-12T20:47:18.017+0000] {processor.py:925} INFO - DAG(s) 'example_task_group' retrieved from /home/airflow/.local/lib/python3.12/site-packages/airflow/example_dags/example_task_group.py
[2024-10-12T20:47:18.055+0000] {logging_mixin.py:190} INFO - [2024-10-12T20:47:18.054+0000] {dag.py:3239} INFO - Sync 1 DAGs
[2024-10-12T20:47:18.085+0000] {logging_mixin.py:190} INFO - [2024-10-12T20:47:18.085+0000] {dag.py:4180} INFO - Setting next_dagrun for example_task_group to None, run_after=None
[2024-10-12T20:47:18.132+0000] {processor.py:208} INFO - Processing /home/airflow/.local/lib/python3.12/site-packages/airflow/example_dags/example_task_group.py took 0.149 seconds
[2024-10-12T20:47:48.503+0000] {processor.py:186} INFO - Started process (PID=1570) to work on /home/airflow/.local/lib/python3.12/site-packages/airflow/example_dags/example_task_group.py
[2024-10-12T20:47:48.504+0000] {processor.py:914} INFO - Processing file /home/airflow/.local/lib/python3.12/site-packages/airflow/example_dags/example_task_group.py for tasks to queue
[2024-10-12T20:47:48.509+0000] {logging_mixin.py:190} INFO - [2024-10-12T20:47:48.508+0000] {dagbag.py:588} INFO - Filling up the DagBag from /home/airflow/.local/lib/python3.12/site-packages/airflow/example_dags/example_task_group.py
[2024-10-12T20:47:48.520+0000] {processor.py:925} INFO - DAG(s) 'example_task_group' retrieved from /home/airflow/.local/lib/python3.12/site-packages/airflow/example_dags/example_task_group.py
[2024-10-12T20:47:48.552+0000] {logging_mixin.py:190} INFO - [2024-10-12T20:47:48.552+0000] {dag.py:3239} INFO - Sync 1 DAGs
[2024-10-12T20:47:48.574+0000] {logging_mixin.py:190} INFO - [2024-10-12T20:47:48.573+0000] {dag.py:4180} INFO - Setting next_dagrun for example_task_group to None, run_after=None
[2024-10-12T20:47:48.609+0000] {processor.py:208} INFO - Processing /home/airflow/.local/lib/python3.12/site-packages/airflow/example_dags/example_task_group.py took 0.117 seconds
[2024-10-12T20:48:19.053+0000] {processor.py:186} INFO - Started process (PID=1632) to work on /home/airflow/.local/lib/python3.12/site-packages/airflow/example_dags/example_task_group.py
[2024-10-12T20:48:19.055+0000] {processor.py:914} INFO - Processing file /home/airflow/.local/lib/python3.12/site-packages/airflow/example_dags/example_task_group.py for tasks to queue
[2024-10-12T20:48:19.062+0000] {logging_mixin.py:190} INFO - [2024-10-12T20:48:19.061+0000] {dagbag.py:588} INFO - Filling up the DagBag from /home/airflow/.local/lib/python3.12/site-packages/airflow/example_dags/example_task_group.py
[2024-10-12T20:48:19.076+0000] {processor.py:925} INFO - DAG(s) 'example_task_group' retrieved from /home/airflow/.local/lib/python3.12/site-packages/airflow/example_dags/example_task_group.py
[2024-10-12T20:48:19.115+0000] {logging_mixin.py:190} INFO - [2024-10-12T20:48:19.114+0000] {dag.py:3239} INFO - Sync 1 DAGs
[2024-10-12T20:48:19.137+0000] {logging_mixin.py:190} INFO - [2024-10-12T20:48:19.136+0000] {dag.py:4180} INFO - Setting next_dagrun for example_task_group to None, run_after=None
[2024-10-12T20:48:19.175+0000] {processor.py:208} INFO - Processing /home/airflow/.local/lib/python3.12/site-packages/airflow/example_dags/example_task_group.py took 0.130 seconds
[2024-10-12T20:48:49.582+0000] {processor.py:186} INFO - Started process (PID=1694) to work on /home/airflow/.local/lib/python3.12/site-packages/airflow/example_dags/example_task_group.py
[2024-10-12T20:48:49.583+0000] {processor.py:914} INFO - Processing file /home/airflow/.local/lib/python3.12/site-packages/airflow/example_dags/example_task_group.py for tasks to queue
[2024-10-12T20:48:49.587+0000] {logging_mixin.py:190} INFO - [2024-10-12T20:48:49.587+0000] {dagbag.py:588} INFO - Filling up the DagBag from /home/airflow/.local/lib/python3.12/site-packages/airflow/example_dags/example_task_group.py
[2024-10-12T20:48:49.601+0000] {processor.py:925} INFO - DAG(s) 'example_task_group' retrieved from /home/airflow/.local/lib/python3.12/site-packages/airflow/example_dags/example_task_group.py
[2024-10-12T20:48:49.636+0000] {logging_mixin.py:190} INFO - [2024-10-12T20:48:49.635+0000] {dag.py:3239} INFO - Sync 1 DAGs
[2024-10-12T20:48:49.662+0000] {logging_mixin.py:190} INFO - [2024-10-12T20:48:49.662+0000] {dag.py:4180} INFO - Setting next_dagrun for example_task_group to None, run_after=None
[2024-10-12T20:48:49.700+0000] {processor.py:208} INFO - Processing /home/airflow/.local/lib/python3.12/site-packages/airflow/example_dags/example_task_group.py took 0.127 seconds
[2024-10-12T20:49:20.427+0000] {processor.py:186} INFO - Started process (PID=1756) to work on /home/airflow/.local/lib/python3.12/site-packages/airflow/example_dags/example_task_group.py
[2024-10-12T20:49:20.429+0000] {processor.py:914} INFO - Processing file /home/airflow/.local/lib/python3.12/site-packages/airflow/example_dags/example_task_group.py for tasks to queue
[2024-10-12T20:49:20.438+0000] {logging_mixin.py:190} INFO - [2024-10-12T20:49:20.436+0000] {dagbag.py:588} INFO - Filling up the DagBag from /home/airflow/.local/lib/python3.12/site-packages/airflow/example_dags/example_task_group.py
[2024-10-12T20:49:20.457+0000] {processor.py:925} INFO - DAG(s) 'example_task_group' retrieved from /home/airflow/.local/lib/python3.12/site-packages/airflow/example_dags/example_task_group.py
[2024-10-12T20:49:20.503+0000] {logging_mixin.py:190} INFO - [2024-10-12T20:49:20.502+0000] {dag.py:3239} INFO - Sync 1 DAGs
[2024-10-12T20:49:20.537+0000] {logging_mixin.py:190} INFO - [2024-10-12T20:49:20.537+0000] {dag.py:4180} INFO - Setting next_dagrun for example_task_group to None, run_after=None
[2024-10-12T20:49:20.591+0000] {processor.py:208} INFO - Processing /home/airflow/.local/lib/python3.12/site-packages/airflow/example_dags/example_task_group.py took 0.178 seconds
[2024-10-12T20:49:51.270+0000] {processor.py:186} INFO - Started process (PID=1818) to work on /home/airflow/.local/lib/python3.12/site-packages/airflow/example_dags/example_task_group.py
[2024-10-12T20:49:51.272+0000] {processor.py:914} INFO - Processing file /home/airflow/.local/lib/python3.12/site-packages/airflow/example_dags/example_task_group.py for tasks to queue
[2024-10-12T20:49:51.276+0000] {logging_mixin.py:190} INFO - [2024-10-12T20:49:51.276+0000] {dagbag.py:588} INFO - Filling up the DagBag from /home/airflow/.local/lib/python3.12/site-packages/airflow/example_dags/example_task_group.py
[2024-10-12T20:49:51.292+0000] {processor.py:925} INFO - DAG(s) 'example_task_group' retrieved from /home/airflow/.local/lib/python3.12/site-packages/airflow/example_dags/example_task_group.py
[2024-10-12T20:49:51.327+0000] {logging_mixin.py:190} INFO - [2024-10-12T20:49:51.327+0000] {dag.py:3239} INFO - Sync 1 DAGs
[2024-10-12T20:49:51.348+0000] {logging_mixin.py:190} INFO - [2024-10-12T20:49:51.348+0000] {dag.py:4180} INFO - Setting next_dagrun for example_task_group to None, run_after=None
[2024-10-12T20:49:51.379+0000] {processor.py:208} INFO - Processing /home/airflow/.local/lib/python3.12/site-packages/airflow/example_dags/example_task_group.py took 0.120 seconds
[2024-10-12T20:50:22.000+0000] {processor.py:186} INFO - Started process (PID=1881) to work on /home/airflow/.local/lib/python3.12/site-packages/airflow/example_dags/example_task_group.py
[2024-10-12T20:50:22.001+0000] {processor.py:914} INFO - Processing file /home/airflow/.local/lib/python3.12/site-packages/airflow/example_dags/example_task_group.py for tasks to queue
[2024-10-12T20:50:22.005+0000] {logging_mixin.py:190} INFO - [2024-10-12T20:50:22.005+0000] {dagbag.py:588} INFO - Filling up the DagBag from /home/airflow/.local/lib/python3.12/site-packages/airflow/example_dags/example_task_group.py
[2024-10-12T20:50:22.017+0000] {processor.py:925} INFO - DAG(s) 'example_task_group' retrieved from /home/airflow/.local/lib/python3.12/site-packages/airflow/example_dags/example_task_group.py
[2024-10-12T20:50:22.048+0000] {logging_mixin.py:190} INFO - [2024-10-12T20:50:22.048+0000] {dag.py:3239} INFO - Sync 1 DAGs
[2024-10-12T20:50:22.070+0000] {logging_mixin.py:190} INFO - [2024-10-12T20:50:22.070+0000] {dag.py:4180} INFO - Setting next_dagrun for example_task_group to None, run_after=None
[2024-10-12T20:50:22.103+0000] {processor.py:208} INFO - Processing /home/airflow/.local/lib/python3.12/site-packages/airflow/example_dags/example_task_group.py took 0.113 seconds
