[2024-10-12T20:35:33.612+0000] {processor.py:186} INFO - Started process (PID=92) to work on /home/airflow/.local/lib/python3.12/site-packages/airflow/example_dags/example_dag_decorator.py
[2024-10-12T20:35:33.614+0000] {processor.py:914} INFO - Processing file /home/airflow/.local/lib/python3.12/site-packages/airflow/example_dags/example_dag_decorator.py for tasks to queue
[2024-10-12T20:35:33.618+0000] {logging_mixin.py:190} INFO - [2024-10-12T20:35:33.618+0000] {dagbag.py:588} INFO - Filling up the DagBag from /home/airflow/.local/lib/python3.12/site-packages/airflow/example_dags/example_dag_decorator.py
[2024-10-12T20:35:33.644+0000] {processor.py:925} INFO - DAG(s) 'example_dag_decorator' retrieved from /home/airflow/.local/lib/python3.12/site-packages/airflow/example_dags/example_dag_decorator.py
[2024-10-12T20:35:33.881+0000] {logging_mixin.py:190} INFO - [2024-10-12T20:35:33.880+0000] {override.py:1900} INFO - Created Permission View: can delete on DAG:example_dag_decorator
[2024-10-12T20:35:33.911+0000] {logging_mixin.py:190} INFO - [2024-10-12T20:35:33.907+0000] {override.py:1900} INFO - Created Permission View: can edit on DAG:example_dag_decorator
[2024-10-12T20:35:33.928+0000] {logging_mixin.py:190} INFO - [2024-10-12T20:35:33.927+0000] {override.py:1900} INFO - Created Permission View: can read on DAG:example_dag_decorator
[2024-10-12T20:35:33.945+0000] {logging_mixin.py:190} INFO - [2024-10-12T20:35:33.945+0000] {override.py:1900} INFO - Created Permission View: can delete on DAG Run:example_dag_decorator
[2024-10-12T20:35:33.963+0000] {logging_mixin.py:190} INFO - [2024-10-12T20:35:33.963+0000] {override.py:1900} INFO - Created Permission View: can create on DAG Run:example_dag_decorator
[2024-10-12T20:35:33.985+0000] {logging_mixin.py:190} INFO - [2024-10-12T20:35:33.985+0000] {override.py:1900} INFO - Created Permission View: menu access on DAG Run:example_dag_decorator
[2024-10-12T20:35:34.016+0000] {logging_mixin.py:190} INFO - [2024-10-12T20:35:34.015+0000] {override.py:1900} INFO - Created Permission View: can read on DAG Run:example_dag_decorator
[2024-10-12T20:35:34.017+0000] {logging_mixin.py:190} INFO - [2024-10-12T20:35:34.017+0000] {dag.py:3239} INFO - Sync 1 DAGs
[2024-10-12T20:35:34.037+0000] {logging_mixin.py:190} INFO - [2024-10-12T20:35:34.036+0000] {dag.py:3262} INFO - Creating ORM DAG for example_dag_decorator
[2024-10-12T20:35:34.038+0000] {logging_mixin.py:190} INFO - [2024-10-12T20:35:34.038+0000] {dag.py:4180} INFO - Setting next_dagrun for example_dag_decorator to None, run_after=None
[2024-10-12T20:35:34.073+0000] {processor.py:208} INFO - Processing /home/airflow/.local/lib/python3.12/site-packages/airflow/example_dags/example_dag_decorator.py took 0.473 seconds
[2024-10-12T20:36:04.174+0000] {processor.py:186} INFO - Started process (PID=154) to work on /home/airflow/.local/lib/python3.12/site-packages/airflow/example_dags/example_dag_decorator.py
[2024-10-12T20:36:04.176+0000] {processor.py:914} INFO - Processing file /home/airflow/.local/lib/python3.12/site-packages/airflow/example_dags/example_dag_decorator.py for tasks to queue
[2024-10-12T20:36:04.179+0000] {logging_mixin.py:190} INFO - [2024-10-12T20:36:04.178+0000] {dagbag.py:588} INFO - Filling up the DagBag from /home/airflow/.local/lib/python3.12/site-packages/airflow/example_dags/example_dag_decorator.py
[2024-10-12T20:36:04.192+0000] {processor.py:925} INFO - DAG(s) 'example_dag_decorator' retrieved from /home/airflow/.local/lib/python3.12/site-packages/airflow/example_dags/example_dag_decorator.py
[2024-10-12T20:36:04.330+0000] {logging_mixin.py:190} INFO - [2024-10-12T20:36:04.329+0000] {dag.py:3239} INFO - Sync 1 DAGs
[2024-10-12T20:36:04.344+0000] {logging_mixin.py:190} INFO - [2024-10-12T20:36:04.343+0000] {dag.py:4180} INFO - Setting next_dagrun for example_dag_decorator to None, run_after=None
[2024-10-12T20:36:04.365+0000] {processor.py:208} INFO - Processing /home/airflow/.local/lib/python3.12/site-packages/airflow/example_dags/example_dag_decorator.py took 0.198 seconds
[2024-10-12T20:36:35.249+0000] {processor.py:186} INFO - Started process (PID=216) to work on /home/airflow/.local/lib/python3.12/site-packages/airflow/example_dags/example_dag_decorator.py
[2024-10-12T20:36:35.251+0000] {processor.py:914} INFO - Processing file /home/airflow/.local/lib/python3.12/site-packages/airflow/example_dags/example_dag_decorator.py for tasks to queue
[2024-10-12T20:36:35.255+0000] {logging_mixin.py:190} INFO - [2024-10-12T20:36:35.255+0000] {dagbag.py:588} INFO - Filling up the DagBag from /home/airflow/.local/lib/python3.12/site-packages/airflow/example_dags/example_dag_decorator.py
[2024-10-12T20:36:35.276+0000] {processor.py:925} INFO - DAG(s) 'example_dag_decorator' retrieved from /home/airflow/.local/lib/python3.12/site-packages/airflow/example_dags/example_dag_decorator.py
[2024-10-12T20:36:35.463+0000] {logging_mixin.py:190} INFO - [2024-10-12T20:36:35.463+0000] {dag.py:3239} INFO - Sync 1 DAGs
[2024-10-12T20:36:35.481+0000] {logging_mixin.py:190} INFO - [2024-10-12T20:36:35.480+0000] {dag.py:4180} INFO - Setting next_dagrun for example_dag_decorator to None, run_after=None
[2024-10-12T20:36:35.512+0000] {processor.py:208} INFO - Processing /home/airflow/.local/lib/python3.12/site-packages/airflow/example_dags/example_dag_decorator.py took 0.274 seconds
[2024-10-12T20:37:05.634+0000] {processor.py:186} INFO - Started process (PID=278) to work on /home/airflow/.local/lib/python3.12/site-packages/airflow/example_dags/example_dag_decorator.py
[2024-10-12T20:37:05.636+0000] {processor.py:914} INFO - Processing file /home/airflow/.local/lib/python3.12/site-packages/airflow/example_dags/example_dag_decorator.py for tasks to queue
[2024-10-12T20:37:05.641+0000] {logging_mixin.py:190} INFO - [2024-10-12T20:37:05.640+0000] {dagbag.py:588} INFO - Filling up the DagBag from /home/airflow/.local/lib/python3.12/site-packages/airflow/example_dags/example_dag_decorator.py
[2024-10-12T20:37:05.659+0000] {processor.py:925} INFO - DAG(s) 'example_dag_decorator' retrieved from /home/airflow/.local/lib/python3.12/site-packages/airflow/example_dags/example_dag_decorator.py
[2024-10-12T20:37:05.864+0000] {logging_mixin.py:190} INFO - [2024-10-12T20:37:05.863+0000] {dag.py:3239} INFO - Sync 1 DAGs
[2024-10-12T20:37:05.882+0000] {logging_mixin.py:190} INFO - [2024-10-12T20:37:05.882+0000] {dag.py:4180} INFO - Setting next_dagrun for example_dag_decorator to None, run_after=None
[2024-10-12T20:37:05.920+0000] {processor.py:208} INFO - Processing /home/airflow/.local/lib/python3.12/site-packages/airflow/example_dags/example_dag_decorator.py took 0.296 seconds
[2024-10-12T20:37:36.572+0000] {processor.py:186} INFO - Started process (PID=340) to work on /home/airflow/.local/lib/python3.12/site-packages/airflow/example_dags/example_dag_decorator.py
[2024-10-12T20:37:36.605+0000] {processor.py:914} INFO - Processing file /home/airflow/.local/lib/python3.12/site-packages/airflow/example_dags/example_dag_decorator.py for tasks to queue
[2024-10-12T20:37:36.610+0000] {logging_mixin.py:190} INFO - [2024-10-12T20:37:36.609+0000] {dagbag.py:588} INFO - Filling up the DagBag from /home/airflow/.local/lib/python3.12/site-packages/airflow/example_dags/example_dag_decorator.py
[2024-10-12T20:37:36.642+0000] {processor.py:925} INFO - DAG(s) 'example_dag_decorator' retrieved from /home/airflow/.local/lib/python3.12/site-packages/airflow/example_dags/example_dag_decorator.py
[2024-10-12T20:37:36.910+0000] {logging_mixin.py:190} INFO - [2024-10-12T20:37:36.910+0000] {dag.py:3239} INFO - Sync 1 DAGs
[2024-10-12T20:37:36.938+0000] {logging_mixin.py:190} INFO - [2024-10-12T20:37:36.937+0000] {dag.py:4180} INFO - Setting next_dagrun for example_dag_decorator to None, run_after=None
[2024-10-12T20:37:36.981+0000] {processor.py:208} INFO - Processing /home/airflow/.local/lib/python3.12/site-packages/airflow/example_dags/example_dag_decorator.py took 0.419 seconds
[2024-10-12T20:38:08.176+0000] {processor.py:186} INFO - Started process (PID=402) to work on /home/airflow/.local/lib/python3.12/site-packages/airflow/example_dags/example_dag_decorator.py
[2024-10-12T20:38:08.178+0000] {processor.py:914} INFO - Processing file /home/airflow/.local/lib/python3.12/site-packages/airflow/example_dags/example_dag_decorator.py for tasks to queue
[2024-10-12T20:38:08.184+0000] {logging_mixin.py:190} INFO - [2024-10-12T20:38:08.183+0000] {dagbag.py:588} INFO - Filling up the DagBag from /home/airflow/.local/lib/python3.12/site-packages/airflow/example_dags/example_dag_decorator.py
[2024-10-12T20:38:08.208+0000] {processor.py:925} INFO - DAG(s) 'example_dag_decorator' retrieved from /home/airflow/.local/lib/python3.12/site-packages/airflow/example_dags/example_dag_decorator.py
[2024-10-12T20:38:08.422+0000] {logging_mixin.py:190} INFO - [2024-10-12T20:38:08.421+0000] {dag.py:3239} INFO - Sync 1 DAGs
[2024-10-12T20:38:08.443+0000] {logging_mixin.py:190} INFO - [2024-10-12T20:38:08.442+0000] {dag.py:4180} INFO - Setting next_dagrun for example_dag_decorator to None, run_after=None
[2024-10-12T20:38:08.484+0000] {processor.py:208} INFO - Processing /home/airflow/.local/lib/python3.12/site-packages/airflow/example_dags/example_dag_decorator.py took 0.317 seconds
[2024-10-12T20:38:38.999+0000] {processor.py:186} INFO - Started process (PID=464) to work on /home/airflow/.local/lib/python3.12/site-packages/airflow/example_dags/example_dag_decorator.py
[2024-10-12T20:38:39.002+0000] {processor.py:914} INFO - Processing file /home/airflow/.local/lib/python3.12/site-packages/airflow/example_dags/example_dag_decorator.py for tasks to queue
[2024-10-12T20:38:39.008+0000] {logging_mixin.py:190} INFO - [2024-10-12T20:38:39.007+0000] {dagbag.py:588} INFO - Filling up the DagBag from /home/airflow/.local/lib/python3.12/site-packages/airflow/example_dags/example_dag_decorator.py
[2024-10-12T20:38:39.028+0000] {processor.py:925} INFO - DAG(s) 'example_dag_decorator' retrieved from /home/airflow/.local/lib/python3.12/site-packages/airflow/example_dags/example_dag_decorator.py
[2024-10-12T20:38:39.198+0000] {logging_mixin.py:190} INFO - [2024-10-12T20:38:39.198+0000] {dag.py:3239} INFO - Sync 1 DAGs
[2024-10-12T20:38:39.215+0000] {logging_mixin.py:190} INFO - [2024-10-12T20:38:39.215+0000] {dag.py:4180} INFO - Setting next_dagrun for example_dag_decorator to None, run_after=None
[2024-10-12T20:38:39.245+0000] {processor.py:208} INFO - Processing /home/airflow/.local/lib/python3.12/site-packages/airflow/example_dags/example_dag_decorator.py took 0.258 seconds
[2024-10-12T20:39:10.044+0000] {processor.py:186} INFO - Started process (PID=526) to work on /home/airflow/.local/lib/python3.12/site-packages/airflow/example_dags/example_dag_decorator.py
[2024-10-12T20:39:10.046+0000] {processor.py:914} INFO - Processing file /home/airflow/.local/lib/python3.12/site-packages/airflow/example_dags/example_dag_decorator.py for tasks to queue
[2024-10-12T20:39:10.050+0000] {logging_mixin.py:190} INFO - [2024-10-12T20:39:10.049+0000] {dagbag.py:588} INFO - Filling up the DagBag from /home/airflow/.local/lib/python3.12/site-packages/airflow/example_dags/example_dag_decorator.py
[2024-10-12T20:39:10.066+0000] {processor.py:925} INFO - DAG(s) 'example_dag_decorator' retrieved from /home/airflow/.local/lib/python3.12/site-packages/airflow/example_dags/example_dag_decorator.py
[2024-10-12T20:39:10.231+0000] {logging_mixin.py:190} INFO - [2024-10-12T20:39:10.230+0000] {dag.py:3239} INFO - Sync 1 DAGs
[2024-10-12T20:39:10.252+0000] {logging_mixin.py:190} INFO - [2024-10-12T20:39:10.252+0000] {dag.py:4180} INFO - Setting next_dagrun for example_dag_decorator to None, run_after=None
[2024-10-12T20:39:10.279+0000] {processor.py:208} INFO - Processing /home/airflow/.local/lib/python3.12/site-packages/airflow/example_dags/example_dag_decorator.py took 0.243 seconds
[2024-10-12T20:39:40.506+0000] {processor.py:186} INFO - Started process (PID=589) to work on /home/airflow/.local/lib/python3.12/site-packages/airflow/example_dags/example_dag_decorator.py
[2024-10-12T20:39:40.508+0000] {processor.py:914} INFO - Processing file /home/airflow/.local/lib/python3.12/site-packages/airflow/example_dags/example_dag_decorator.py for tasks to queue
[2024-10-12T20:39:40.513+0000] {logging_mixin.py:190} INFO - [2024-10-12T20:39:40.512+0000] {dagbag.py:588} INFO - Filling up the DagBag from /home/airflow/.local/lib/python3.12/site-packages/airflow/example_dags/example_dag_decorator.py
[2024-10-12T20:39:40.541+0000] {processor.py:925} INFO - DAG(s) 'example_dag_decorator' retrieved from /home/airflow/.local/lib/python3.12/site-packages/airflow/example_dags/example_dag_decorator.py
[2024-10-12T20:39:40.576+0000] {logging_mixin.py:190} INFO - [2024-10-12T20:39:40.576+0000] {dag.py:3239} INFO - Sync 1 DAGs
[2024-10-12T20:39:40.597+0000] {logging_mixin.py:190} INFO - [2024-10-12T20:39:40.597+0000] {dag.py:4180} INFO - Setting next_dagrun for example_dag_decorator to None, run_after=None
[2024-10-12T20:39:40.630+0000] {processor.py:208} INFO - Processing /home/airflow/.local/lib/python3.12/site-packages/airflow/example_dags/example_dag_decorator.py took 0.132 seconds
[2024-10-12T20:40:10.794+0000] {processor.py:186} INFO - Started process (PID=649) to work on /home/airflow/.local/lib/python3.12/site-packages/airflow/example_dags/example_dag_decorator.py
[2024-10-12T20:40:10.796+0000] {processor.py:914} INFO - Processing file /home/airflow/.local/lib/python3.12/site-packages/airflow/example_dags/example_dag_decorator.py for tasks to queue
[2024-10-12T20:40:10.802+0000] {logging_mixin.py:190} INFO - [2024-10-12T20:40:10.801+0000] {dagbag.py:588} INFO - Filling up the DagBag from /home/airflow/.local/lib/python3.12/site-packages/airflow/example_dags/example_dag_decorator.py
[2024-10-12T20:40:10.822+0000] {processor.py:925} INFO - DAG(s) 'example_dag_decorator' retrieved from /home/airflow/.local/lib/python3.12/site-packages/airflow/example_dags/example_dag_decorator.py
[2024-10-12T20:40:10.857+0000] {logging_mixin.py:190} INFO - [2024-10-12T20:40:10.856+0000] {dag.py:3239} INFO - Sync 1 DAGs
[2024-10-12T20:40:10.877+0000] {logging_mixin.py:190} INFO - [2024-10-12T20:40:10.877+0000] {dag.py:4180} INFO - Setting next_dagrun for example_dag_decorator to None, run_after=None
[2024-10-12T20:40:10.943+0000] {processor.py:208} INFO - Processing /home/airflow/.local/lib/python3.12/site-packages/airflow/example_dags/example_dag_decorator.py took 0.157 seconds
[2024-10-12T20:40:41.695+0000] {processor.py:186} INFO - Started process (PID=711) to work on /home/airflow/.local/lib/python3.12/site-packages/airflow/example_dags/example_dag_decorator.py
[2024-10-12T20:40:41.697+0000] {processor.py:914} INFO - Processing file /home/airflow/.local/lib/python3.12/site-packages/airflow/example_dags/example_dag_decorator.py for tasks to queue
[2024-10-12T20:40:41.703+0000] {logging_mixin.py:190} INFO - [2024-10-12T20:40:41.702+0000] {dagbag.py:588} INFO - Filling up the DagBag from /home/airflow/.local/lib/python3.12/site-packages/airflow/example_dags/example_dag_decorator.py
[2024-10-12T20:40:41.728+0000] {processor.py:925} INFO - DAG(s) 'example_dag_decorator' retrieved from /home/airflow/.local/lib/python3.12/site-packages/airflow/example_dags/example_dag_decorator.py
[2024-10-12T20:40:41.954+0000] {logging_mixin.py:190} INFO - [2024-10-12T20:40:41.954+0000] {dag.py:3239} INFO - Sync 1 DAGs
[2024-10-12T20:40:41.973+0000] {logging_mixin.py:190} INFO - [2024-10-12T20:40:41.972+0000] {dag.py:4180} INFO - Setting next_dagrun for example_dag_decorator to None, run_after=None
[2024-10-12T20:40:42.005+0000] {processor.py:208} INFO - Processing /home/airflow/.local/lib/python3.12/site-packages/airflow/example_dags/example_dag_decorator.py took 0.321 seconds
[2024-10-12T20:41:12.145+0000] {processor.py:186} INFO - Started process (PID=773) to work on /home/airflow/.local/lib/python3.12/site-packages/airflow/example_dags/example_dag_decorator.py
[2024-10-12T20:41:12.146+0000] {processor.py:914} INFO - Processing file /home/airflow/.local/lib/python3.12/site-packages/airflow/example_dags/example_dag_decorator.py for tasks to queue
[2024-10-12T20:41:12.150+0000] {logging_mixin.py:190} INFO - [2024-10-12T20:41:12.150+0000] {dagbag.py:588} INFO - Filling up the DagBag from /home/airflow/.local/lib/python3.12/site-packages/airflow/example_dags/example_dag_decorator.py
[2024-10-12T20:41:12.172+0000] {processor.py:925} INFO - DAG(s) 'example_dag_decorator' retrieved from /home/airflow/.local/lib/python3.12/site-packages/airflow/example_dags/example_dag_decorator.py
[2024-10-12T20:41:12.384+0000] {logging_mixin.py:190} INFO - [2024-10-12T20:41:12.383+0000] {dag.py:3239} INFO - Sync 1 DAGs
[2024-10-12T20:41:12.402+0000] {logging_mixin.py:190} INFO - [2024-10-12T20:41:12.401+0000] {dag.py:4180} INFO - Setting next_dagrun for example_dag_decorator to None, run_after=None
[2024-10-12T20:41:12.436+0000] {processor.py:208} INFO - Processing /home/airflow/.local/lib/python3.12/site-packages/airflow/example_dags/example_dag_decorator.py took 0.301 seconds
[2024-10-12T20:41:42.845+0000] {processor.py:186} INFO - Started process (PID=835) to work on /home/airflow/.local/lib/python3.12/site-packages/airflow/example_dags/example_dag_decorator.py
[2024-10-12T20:41:42.847+0000] {processor.py:914} INFO - Processing file /home/airflow/.local/lib/python3.12/site-packages/airflow/example_dags/example_dag_decorator.py for tasks to queue
[2024-10-12T20:41:42.853+0000] {logging_mixin.py:190} INFO - [2024-10-12T20:41:42.852+0000] {dagbag.py:588} INFO - Filling up the DagBag from /home/airflow/.local/lib/python3.12/site-packages/airflow/example_dags/example_dag_decorator.py
[2024-10-12T20:41:42.878+0000] {processor.py:925} INFO - DAG(s) 'example_dag_decorator' retrieved from /home/airflow/.local/lib/python3.12/site-packages/airflow/example_dags/example_dag_decorator.py
[2024-10-12T20:41:43.153+0000] {logging_mixin.py:190} INFO - [2024-10-12T20:41:43.152+0000] {dag.py:3239} INFO - Sync 1 DAGs
[2024-10-12T20:41:43.198+0000] {logging_mixin.py:190} INFO - [2024-10-12T20:41:43.197+0000] {dag.py:4180} INFO - Setting next_dagrun for example_dag_decorator to None, run_after=None
[2024-10-12T20:41:43.242+0000] {processor.py:208} INFO - Processing /home/airflow/.local/lib/python3.12/site-packages/airflow/example_dags/example_dag_decorator.py took 0.407 seconds
[2024-10-12T20:42:13.400+0000] {processor.py:186} INFO - Started process (PID=897) to work on /home/airflow/.local/lib/python3.12/site-packages/airflow/example_dags/example_dag_decorator.py
[2024-10-12T20:42:13.402+0000] {processor.py:914} INFO - Processing file /home/airflow/.local/lib/python3.12/site-packages/airflow/example_dags/example_dag_decorator.py for tasks to queue
[2024-10-12T20:42:13.406+0000] {logging_mixin.py:190} INFO - [2024-10-12T20:42:13.405+0000] {dagbag.py:588} INFO - Filling up the DagBag from /home/airflow/.local/lib/python3.12/site-packages/airflow/example_dags/example_dag_decorator.py
[2024-10-12T20:42:13.425+0000] {processor.py:925} INFO - DAG(s) 'example_dag_decorator' retrieved from /home/airflow/.local/lib/python3.12/site-packages/airflow/example_dags/example_dag_decorator.py
[2024-10-12T20:42:13.600+0000] {logging_mixin.py:190} INFO - [2024-10-12T20:42:13.600+0000] {dag.py:3239} INFO - Sync 1 DAGs
[2024-10-12T20:42:13.617+0000] {logging_mixin.py:190} INFO - [2024-10-12T20:42:13.617+0000] {dag.py:4180} INFO - Setting next_dagrun for example_dag_decorator to None, run_after=None
[2024-10-12T20:42:13.648+0000] {processor.py:208} INFO - Processing /home/airflow/.local/lib/python3.12/site-packages/airflow/example_dags/example_dag_decorator.py took 0.261 seconds
[2024-10-12T20:42:43.721+0000] {processor.py:186} INFO - Started process (PID=960) to work on /home/airflow/.local/lib/python3.12/site-packages/airflow/example_dags/example_dag_decorator.py
[2024-10-12T20:42:43.722+0000] {processor.py:914} INFO - Processing file /home/airflow/.local/lib/python3.12/site-packages/airflow/example_dags/example_dag_decorator.py for tasks to queue
[2024-10-12T20:42:43.727+0000] {logging_mixin.py:190} INFO - [2024-10-12T20:42:43.726+0000] {dagbag.py:588} INFO - Filling up the DagBag from /home/airflow/.local/lib/python3.12/site-packages/airflow/example_dags/example_dag_decorator.py
[2024-10-12T20:42:43.748+0000] {processor.py:925} INFO - DAG(s) 'example_dag_decorator' retrieved from /home/airflow/.local/lib/python3.12/site-packages/airflow/example_dags/example_dag_decorator.py
[2024-10-12T20:42:43.922+0000] {logging_mixin.py:190} INFO - [2024-10-12T20:42:43.922+0000] {dag.py:3239} INFO - Sync 1 DAGs
[2024-10-12T20:42:43.938+0000] {logging_mixin.py:190} INFO - [2024-10-12T20:42:43.938+0000] {dag.py:4180} INFO - Setting next_dagrun for example_dag_decorator to None, run_after=None
[2024-10-12T20:42:43.967+0000] {processor.py:208} INFO - Processing /home/airflow/.local/lib/python3.12/site-packages/airflow/example_dags/example_dag_decorator.py took 0.255 seconds
[2024-10-12T20:43:14.062+0000] {processor.py:186} INFO - Started process (PID=1021) to work on /home/airflow/.local/lib/python3.12/site-packages/airflow/example_dags/example_dag_decorator.py
[2024-10-12T20:43:14.064+0000] {processor.py:914} INFO - Processing file /home/airflow/.local/lib/python3.12/site-packages/airflow/example_dags/example_dag_decorator.py for tasks to queue
[2024-10-12T20:43:14.068+0000] {logging_mixin.py:190} INFO - [2024-10-12T20:43:14.067+0000] {dagbag.py:588} INFO - Filling up the DagBag from /home/airflow/.local/lib/python3.12/site-packages/airflow/example_dags/example_dag_decorator.py
[2024-10-12T20:43:14.090+0000] {processor.py:925} INFO - DAG(s) 'example_dag_decorator' retrieved from /home/airflow/.local/lib/python3.12/site-packages/airflow/example_dags/example_dag_decorator.py
[2024-10-12T20:43:14.133+0000] {logging_mixin.py:190} INFO - [2024-10-12T20:43:14.132+0000] {dag.py:3239} INFO - Sync 1 DAGs
[2024-10-12T20:43:14.157+0000] {logging_mixin.py:190} INFO - [2024-10-12T20:43:14.157+0000] {dag.py:4180} INFO - Setting next_dagrun for example_dag_decorator to None, run_after=None
[2024-10-12T20:43:14.189+0000] {processor.py:208} INFO - Processing /home/airflow/.local/lib/python3.12/site-packages/airflow/example_dags/example_dag_decorator.py took 0.136 seconds
[2024-10-12T20:43:44.578+0000] {processor.py:186} INFO - Started process (PID=1082) to work on /home/airflow/.local/lib/python3.12/site-packages/airflow/example_dags/example_dag_decorator.py
[2024-10-12T20:43:44.580+0000] {processor.py:914} INFO - Processing file /home/airflow/.local/lib/python3.12/site-packages/airflow/example_dags/example_dag_decorator.py for tasks to queue
[2024-10-12T20:43:44.585+0000] {logging_mixin.py:190} INFO - [2024-10-12T20:43:44.584+0000] {dagbag.py:588} INFO - Filling up the DagBag from /home/airflow/.local/lib/python3.12/site-packages/airflow/example_dags/example_dag_decorator.py
[2024-10-12T20:43:44.608+0000] {processor.py:925} INFO - DAG(s) 'example_dag_decorator' retrieved from /home/airflow/.local/lib/python3.12/site-packages/airflow/example_dags/example_dag_decorator.py
[2024-10-12T20:43:44.646+0000] {logging_mixin.py:190} INFO - [2024-10-12T20:43:44.646+0000] {dag.py:3239} INFO - Sync 1 DAGs
[2024-10-12T20:43:44.670+0000] {logging_mixin.py:190} INFO - [2024-10-12T20:43:44.670+0000] {dag.py:4180} INFO - Setting next_dagrun for example_dag_decorator to None, run_after=None
[2024-10-12T20:43:44.706+0000] {processor.py:208} INFO - Processing /home/airflow/.local/lib/python3.12/site-packages/airflow/example_dags/example_dag_decorator.py took 0.137 seconds
[2024-10-12T20:44:15.161+0000] {processor.py:186} INFO - Started process (PID=1144) to work on /home/airflow/.local/lib/python3.12/site-packages/airflow/example_dags/example_dag_decorator.py
[2024-10-12T20:44:15.163+0000] {processor.py:914} INFO - Processing file /home/airflow/.local/lib/python3.12/site-packages/airflow/example_dags/example_dag_decorator.py for tasks to queue
[2024-10-12T20:44:15.168+0000] {logging_mixin.py:190} INFO - [2024-10-12T20:44:15.167+0000] {dagbag.py:588} INFO - Filling up the DagBag from /home/airflow/.local/lib/python3.12/site-packages/airflow/example_dags/example_dag_decorator.py
[2024-10-12T20:44:15.192+0000] {processor.py:925} INFO - DAG(s) 'example_dag_decorator' retrieved from /home/airflow/.local/lib/python3.12/site-packages/airflow/example_dags/example_dag_decorator.py
[2024-10-12T20:44:15.356+0000] {logging_mixin.py:190} INFO - [2024-10-12T20:44:15.355+0000] {dag.py:3239} INFO - Sync 1 DAGs
[2024-10-12T20:44:15.379+0000] {logging_mixin.py:190} INFO - [2024-10-12T20:44:15.378+0000] {dag.py:4180} INFO - Setting next_dagrun for example_dag_decorator to None, run_after=None
[2024-10-12T20:44:15.407+0000] {processor.py:208} INFO - Processing /home/airflow/.local/lib/python3.12/site-packages/airflow/example_dags/example_dag_decorator.py took 0.259 seconds
[2024-10-12T20:44:45.971+0000] {processor.py:186} INFO - Started process (PID=1206) to work on /home/airflow/.local/lib/python3.12/site-packages/airflow/example_dags/example_dag_decorator.py
[2024-10-12T20:44:45.973+0000] {processor.py:914} INFO - Processing file /home/airflow/.local/lib/python3.12/site-packages/airflow/example_dags/example_dag_decorator.py for tasks to queue
[2024-10-12T20:44:45.977+0000] {logging_mixin.py:190} INFO - [2024-10-12T20:44:45.976+0000] {dagbag.py:588} INFO - Filling up the DagBag from /home/airflow/.local/lib/python3.12/site-packages/airflow/example_dags/example_dag_decorator.py
[2024-10-12T20:44:45.999+0000] {processor.py:925} INFO - DAG(s) 'example_dag_decorator' retrieved from /home/airflow/.local/lib/python3.12/site-packages/airflow/example_dags/example_dag_decorator.py
[2024-10-12T20:44:46.188+0000] {logging_mixin.py:190} INFO - [2024-10-12T20:44:46.188+0000] {dag.py:3239} INFO - Sync 1 DAGs
[2024-10-12T20:44:46.213+0000] {logging_mixin.py:190} INFO - [2024-10-12T20:44:46.212+0000] {dag.py:4180} INFO - Setting next_dagrun for example_dag_decorator to None, run_after=None
[2024-10-12T20:44:46.244+0000] {processor.py:208} INFO - Processing /home/airflow/.local/lib/python3.12/site-packages/airflow/example_dags/example_dag_decorator.py took 0.283 seconds
[2024-10-12T20:45:17.085+0000] {processor.py:186} INFO - Started process (PID=1268) to work on /home/airflow/.local/lib/python3.12/site-packages/airflow/example_dags/example_dag_decorator.py
[2024-10-12T20:45:17.087+0000] {processor.py:914} INFO - Processing file /home/airflow/.local/lib/python3.12/site-packages/airflow/example_dags/example_dag_decorator.py for tasks to queue
[2024-10-12T20:45:17.091+0000] {logging_mixin.py:190} INFO - [2024-10-12T20:45:17.090+0000] {dagbag.py:588} INFO - Filling up the DagBag from /home/airflow/.local/lib/python3.12/site-packages/airflow/example_dags/example_dag_decorator.py
[2024-10-12T20:45:17.113+0000] {processor.py:925} INFO - DAG(s) 'example_dag_decorator' retrieved from /home/airflow/.local/lib/python3.12/site-packages/airflow/example_dags/example_dag_decorator.py
[2024-10-12T20:45:17.327+0000] {logging_mixin.py:190} INFO - [2024-10-12T20:45:17.326+0000] {dag.py:3239} INFO - Sync 1 DAGs
[2024-10-12T20:45:17.352+0000] {logging_mixin.py:190} INFO - [2024-10-12T20:45:17.351+0000] {dag.py:4180} INFO - Setting next_dagrun for example_dag_decorator to None, run_after=None
[2024-10-12T20:45:17.398+0000] {processor.py:208} INFO - Processing /home/airflow/.local/lib/python3.12/site-packages/airflow/example_dags/example_dag_decorator.py took 0.326 seconds
[2024-10-12T20:45:48.149+0000] {processor.py:186} INFO - Started process (PID=1330) to work on /home/airflow/.local/lib/python3.12/site-packages/airflow/example_dags/example_dag_decorator.py
[2024-10-12T20:45:48.151+0000] {processor.py:914} INFO - Processing file /home/airflow/.local/lib/python3.12/site-packages/airflow/example_dags/example_dag_decorator.py for tasks to queue
[2024-10-12T20:45:48.156+0000] {logging_mixin.py:190} INFO - [2024-10-12T20:45:48.155+0000] {dagbag.py:588} INFO - Filling up the DagBag from /home/airflow/.local/lib/python3.12/site-packages/airflow/example_dags/example_dag_decorator.py
[2024-10-12T20:45:48.181+0000] {processor.py:925} INFO - DAG(s) 'example_dag_decorator' retrieved from /home/airflow/.local/lib/python3.12/site-packages/airflow/example_dags/example_dag_decorator.py
[2024-10-12T20:45:48.352+0000] {logging_mixin.py:190} INFO - [2024-10-12T20:45:48.351+0000] {dag.py:3239} INFO - Sync 1 DAGs
[2024-10-12T20:45:48.370+0000] {logging_mixin.py:190} INFO - [2024-10-12T20:45:48.370+0000] {dag.py:4180} INFO - Setting next_dagrun for example_dag_decorator to None, run_after=None
[2024-10-12T20:45:48.401+0000] {processor.py:208} INFO - Processing /home/airflow/.local/lib/python3.12/site-packages/airflow/example_dags/example_dag_decorator.py took 0.265 seconds
[2024-10-12T20:46:18.607+0000] {processor.py:186} INFO - Started process (PID=1392) to work on /home/airflow/.local/lib/python3.12/site-packages/airflow/example_dags/example_dag_decorator.py
[2024-10-12T20:46:18.609+0000] {processor.py:914} INFO - Processing file /home/airflow/.local/lib/python3.12/site-packages/airflow/example_dags/example_dag_decorator.py for tasks to queue
[2024-10-12T20:46:18.615+0000] {logging_mixin.py:190} INFO - [2024-10-12T20:46:18.614+0000] {dagbag.py:588} INFO - Filling up the DagBag from /home/airflow/.local/lib/python3.12/site-packages/airflow/example_dags/example_dag_decorator.py
[2024-10-12T20:46:18.637+0000] {processor.py:925} INFO - DAG(s) 'example_dag_decorator' retrieved from /home/airflow/.local/lib/python3.12/site-packages/airflow/example_dags/example_dag_decorator.py
[2024-10-12T20:46:18.814+0000] {logging_mixin.py:190} INFO - [2024-10-12T20:46:18.814+0000] {dag.py:3239} INFO - Sync 1 DAGs
[2024-10-12T20:46:18.831+0000] {logging_mixin.py:190} INFO - [2024-10-12T20:46:18.831+0000] {dag.py:4180} INFO - Setting next_dagrun for example_dag_decorator to None, run_after=None
[2024-10-12T20:46:18.863+0000] {processor.py:208} INFO - Processing /home/airflow/.local/lib/python3.12/site-packages/airflow/example_dags/example_dag_decorator.py took 0.269 seconds
[2024-10-12T20:46:48.993+0000] {processor.py:186} INFO - Started process (PID=1455) to work on /home/airflow/.local/lib/python3.12/site-packages/airflow/example_dags/example_dag_decorator.py
[2024-10-12T20:46:48.996+0000] {processor.py:914} INFO - Processing file /home/airflow/.local/lib/python3.12/site-packages/airflow/example_dags/example_dag_decorator.py for tasks to queue
[2024-10-12T20:46:48.999+0000] {logging_mixin.py:190} INFO - [2024-10-12T20:46:48.999+0000] {dagbag.py:588} INFO - Filling up the DagBag from /home/airflow/.local/lib/python3.12/site-packages/airflow/example_dags/example_dag_decorator.py
[2024-10-12T20:46:49.019+0000] {processor.py:925} INFO - DAG(s) 'example_dag_decorator' retrieved from /home/airflow/.local/lib/python3.12/site-packages/airflow/example_dags/example_dag_decorator.py
[2024-10-12T20:46:49.191+0000] {logging_mixin.py:190} INFO - [2024-10-12T20:46:49.190+0000] {dag.py:3239} INFO - Sync 1 DAGs
[2024-10-12T20:46:49.216+0000] {logging_mixin.py:190} INFO - [2024-10-12T20:46:49.215+0000] {dag.py:4180} INFO - Setting next_dagrun for example_dag_decorator to None, run_after=None
[2024-10-12T20:46:49.245+0000] {processor.py:208} INFO - Processing /home/airflow/.local/lib/python3.12/site-packages/airflow/example_dags/example_dag_decorator.py took 0.265 seconds
[2024-10-12T20:47:19.387+0000] {processor.py:186} INFO - Started process (PID=1517) to work on /home/airflow/.local/lib/python3.12/site-packages/airflow/example_dags/example_dag_decorator.py
[2024-10-12T20:47:19.389+0000] {processor.py:914} INFO - Processing file /home/airflow/.local/lib/python3.12/site-packages/airflow/example_dags/example_dag_decorator.py for tasks to queue
[2024-10-12T20:47:19.394+0000] {logging_mixin.py:190} INFO - [2024-10-12T20:47:19.393+0000] {dagbag.py:588} INFO - Filling up the DagBag from /home/airflow/.local/lib/python3.12/site-packages/airflow/example_dags/example_dag_decorator.py
[2024-10-12T20:47:19.412+0000] {processor.py:925} INFO - DAG(s) 'example_dag_decorator' retrieved from /home/airflow/.local/lib/python3.12/site-packages/airflow/example_dags/example_dag_decorator.py
[2024-10-12T20:47:19.583+0000] {logging_mixin.py:190} INFO - [2024-10-12T20:47:19.583+0000] {dag.py:3239} INFO - Sync 1 DAGs
[2024-10-12T20:47:19.602+0000] {logging_mixin.py:190} INFO - [2024-10-12T20:47:19.601+0000] {dag.py:4180} INFO - Setting next_dagrun for example_dag_decorator to None, run_after=None
[2024-10-12T20:47:19.636+0000] {processor.py:208} INFO - Processing /home/airflow/.local/lib/python3.12/site-packages/airflow/example_dags/example_dag_decorator.py took 0.263 seconds
[2024-10-12T20:47:50.102+0000] {processor.py:186} INFO - Started process (PID=1580) to work on /home/airflow/.local/lib/python3.12/site-packages/airflow/example_dags/example_dag_decorator.py
[2024-10-12T20:47:50.117+0000] {processor.py:914} INFO - Processing file /home/airflow/.local/lib/python3.12/site-packages/airflow/example_dags/example_dag_decorator.py for tasks to queue
[2024-10-12T20:47:50.126+0000] {logging_mixin.py:190} INFO - [2024-10-12T20:47:50.124+0000] {dagbag.py:588} INFO - Filling up the DagBag from /home/airflow/.local/lib/python3.12/site-packages/airflow/example_dags/example_dag_decorator.py
[2024-10-12T20:47:50.153+0000] {processor.py:925} INFO - DAG(s) 'example_dag_decorator' retrieved from /home/airflow/.local/lib/python3.12/site-packages/airflow/example_dags/example_dag_decorator.py
[2024-10-12T20:47:50.425+0000] {logging_mixin.py:190} INFO - [2024-10-12T20:47:50.424+0000] {dag.py:3239} INFO - Sync 1 DAGs
[2024-10-12T20:47:50.455+0000] {logging_mixin.py:190} INFO - [2024-10-12T20:47:50.454+0000] {dag.py:4180} INFO - Setting next_dagrun for example_dag_decorator to None, run_after=None
[2024-10-12T20:47:50.499+0000] {processor.py:208} INFO - Processing /home/airflow/.local/lib/python3.12/site-packages/airflow/example_dags/example_dag_decorator.py took 0.411 seconds
[2024-10-12T20:48:21.329+0000] {processor.py:186} INFO - Started process (PID=1642) to work on /home/airflow/.local/lib/python3.12/site-packages/airflow/example_dags/example_dag_decorator.py
[2024-10-12T20:48:21.332+0000] {processor.py:914} INFO - Processing file /home/airflow/.local/lib/python3.12/site-packages/airflow/example_dags/example_dag_decorator.py for tasks to queue
[2024-10-12T20:48:21.336+0000] {logging_mixin.py:190} INFO - [2024-10-12T20:48:21.336+0000] {dagbag.py:588} INFO - Filling up the DagBag from /home/airflow/.local/lib/python3.12/site-packages/airflow/example_dags/example_dag_decorator.py
[2024-10-12T20:48:21.356+0000] {processor.py:925} INFO - DAG(s) 'example_dag_decorator' retrieved from /home/airflow/.local/lib/python3.12/site-packages/airflow/example_dags/example_dag_decorator.py
[2024-10-12T20:48:21.553+0000] {logging_mixin.py:190} INFO - [2024-10-12T20:48:21.552+0000] {dag.py:3239} INFO - Sync 1 DAGs
[2024-10-12T20:48:21.579+0000] {logging_mixin.py:190} INFO - [2024-10-12T20:48:21.578+0000] {dag.py:4180} INFO - Setting next_dagrun for example_dag_decorator to None, run_after=None
[2024-10-12T20:48:21.607+0000] {processor.py:208} INFO - Processing /home/airflow/.local/lib/python3.12/site-packages/airflow/example_dags/example_dag_decorator.py took 0.289 seconds
[2024-10-12T20:48:52.094+0000] {processor.py:186} INFO - Started process (PID=1704) to work on /home/airflow/.local/lib/python3.12/site-packages/airflow/example_dags/example_dag_decorator.py
[2024-10-12T20:48:52.098+0000] {processor.py:914} INFO - Processing file /home/airflow/.local/lib/python3.12/site-packages/airflow/example_dags/example_dag_decorator.py for tasks to queue
[2024-10-12T20:48:52.104+0000] {logging_mixin.py:190} INFO - [2024-10-12T20:48:52.103+0000] {dagbag.py:588} INFO - Filling up the DagBag from /home/airflow/.local/lib/python3.12/site-packages/airflow/example_dags/example_dag_decorator.py
[2024-10-12T20:48:52.124+0000] {processor.py:925} INFO - DAG(s) 'example_dag_decorator' retrieved from /home/airflow/.local/lib/python3.12/site-packages/airflow/example_dags/example_dag_decorator.py
[2024-10-12T20:48:52.353+0000] {logging_mixin.py:190} INFO - [2024-10-12T20:48:52.353+0000] {dag.py:3239} INFO - Sync 1 DAGs
[2024-10-12T20:48:52.372+0000] {logging_mixin.py:190} INFO - [2024-10-12T20:48:52.371+0000] {dag.py:4180} INFO - Setting next_dagrun for example_dag_decorator to None, run_after=None
[2024-10-12T20:48:52.401+0000] {processor.py:208} INFO - Processing /home/airflow/.local/lib/python3.12/site-packages/airflow/example_dags/example_dag_decorator.py took 0.321 seconds
[2024-10-12T20:49:22.555+0000] {processor.py:186} INFO - Started process (PID=1766) to work on /home/airflow/.local/lib/python3.12/site-packages/airflow/example_dags/example_dag_decorator.py
[2024-10-12T20:49:22.557+0000] {processor.py:914} INFO - Processing file /home/airflow/.local/lib/python3.12/site-packages/airflow/example_dags/example_dag_decorator.py for tasks to queue
[2024-10-12T20:49:22.560+0000] {logging_mixin.py:190} INFO - [2024-10-12T20:49:22.560+0000] {dagbag.py:588} INFO - Filling up the DagBag from /home/airflow/.local/lib/python3.12/site-packages/airflow/example_dags/example_dag_decorator.py
[2024-10-12T20:49:22.577+0000] {processor.py:925} INFO - DAG(s) 'example_dag_decorator' retrieved from /home/airflow/.local/lib/python3.12/site-packages/airflow/example_dags/example_dag_decorator.py
[2024-10-12T20:49:22.755+0000] {logging_mixin.py:190} INFO - [2024-10-12T20:49:22.754+0000] {dag.py:3239} INFO - Sync 1 DAGs
[2024-10-12T20:49:22.774+0000] {logging_mixin.py:190} INFO - [2024-10-12T20:49:22.774+0000] {dag.py:4180} INFO - Setting next_dagrun for example_dag_decorator to None, run_after=None
[2024-10-12T20:49:22.809+0000] {processor.py:208} INFO - Processing /home/airflow/.local/lib/python3.12/site-packages/airflow/example_dags/example_dag_decorator.py took 0.263 seconds
[2024-10-12T20:49:52.856+0000] {processor.py:186} INFO - Started process (PID=1827) to work on /home/airflow/.local/lib/python3.12/site-packages/airflow/example_dags/example_dag_decorator.py
[2024-10-12T20:49:52.858+0000] {processor.py:914} INFO - Processing file /home/airflow/.local/lib/python3.12/site-packages/airflow/example_dags/example_dag_decorator.py for tasks to queue
[2024-10-12T20:49:52.863+0000] {logging_mixin.py:190} INFO - [2024-10-12T20:49:52.863+0000] {dagbag.py:588} INFO - Filling up the DagBag from /home/airflow/.local/lib/python3.12/site-packages/airflow/example_dags/example_dag_decorator.py
[2024-10-12T20:49:52.886+0000] {processor.py:925} INFO - DAG(s) 'example_dag_decorator' retrieved from /home/airflow/.local/lib/python3.12/site-packages/airflow/example_dags/example_dag_decorator.py
[2024-10-12T20:49:53.053+0000] {logging_mixin.py:190} INFO - [2024-10-12T20:49:53.052+0000] {dag.py:3239} INFO - Sync 1 DAGs
[2024-10-12T20:49:53.072+0000] {logging_mixin.py:190} INFO - [2024-10-12T20:49:53.071+0000] {dag.py:4180} INFO - Setting next_dagrun for example_dag_decorator to None, run_after=None
[2024-10-12T20:49:53.106+0000] {processor.py:208} INFO - Processing /home/airflow/.local/lib/python3.12/site-packages/airflow/example_dags/example_dag_decorator.py took 0.259 seconds
[2024-10-12T20:50:23.625+0000] {processor.py:186} INFO - Started process (PID=1889) to work on /home/airflow/.local/lib/python3.12/site-packages/airflow/example_dags/example_dag_decorator.py
[2024-10-12T20:50:23.627+0000] {processor.py:914} INFO - Processing file /home/airflow/.local/lib/python3.12/site-packages/airflow/example_dags/example_dag_decorator.py for tasks to queue
[2024-10-12T20:50:23.632+0000] {logging_mixin.py:190} INFO - [2024-10-12T20:50:23.631+0000] {dagbag.py:588} INFO - Filling up the DagBag from /home/airflow/.local/lib/python3.12/site-packages/airflow/example_dags/example_dag_decorator.py
[2024-10-12T20:50:23.658+0000] {processor.py:925} INFO - DAG(s) 'example_dag_decorator' retrieved from /home/airflow/.local/lib/python3.12/site-packages/airflow/example_dags/example_dag_decorator.py
[2024-10-12T20:50:23.918+0000] {logging_mixin.py:190} INFO - [2024-10-12T20:50:23.918+0000] {dag.py:3239} INFO - Sync 1 DAGs
[2024-10-12T20:50:23.950+0000] {logging_mixin.py:190} INFO - [2024-10-12T20:50:23.949+0000] {dag.py:4180} INFO - Setting next_dagrun for example_dag_decorator to None, run_after=None
[2024-10-12T20:50:23.999+0000] {processor.py:208} INFO - Processing /home/airflow/.local/lib/python3.12/site-packages/airflow/example_dags/example_dag_decorator.py took 0.387 seconds
