[2024-10-12T20:35:28.419+0000] {processor.py:186} INFO - Started process (PID=74) to work on /home/airflow/.local/lib/python3.12/site-packages/airflow/example_dags/example_xcom.py
[2024-10-12T20:35:28.430+0000] {processor.py:914} INFO - Processing file /home/airflow/.local/lib/python3.12/site-packages/airflow/example_dags/example_xcom.py for tasks to queue
[2024-10-12T20:35:28.436+0000] {logging_mixin.py:190} INFO - [2024-10-12T20:35:28.436+0000] {dagbag.py:588} INFO - Filling up the DagBag from /home/airflow/.local/lib/python3.12/site-packages/airflow/example_dags/example_xcom.py
[2024-10-12T20:35:28.477+0000] {processor.py:925} INFO - DAG(s) 'example_xcom' retrieved from /home/airflow/.local/lib/python3.12/site-packages/airflow/example_dags/example_xcom.py
[2024-10-12T20:35:28.908+0000] {logging_mixin.py:190} INFO - [2024-10-12T20:35:28.907+0000] {override.py:1900} INFO - Created Permission View: can delete on DAG:example_xcom
[2024-10-12T20:35:28.925+0000] {logging_mixin.py:190} INFO - [2024-10-12T20:35:28.925+0000] {override.py:1900} INFO - Created Permission View: can edit on DAG:example_xcom
[2024-10-12T20:35:28.936+0000] {logging_mixin.py:190} INFO - [2024-10-12T20:35:28.935+0000] {override.py:1900} INFO - Created Permission View: can read on DAG:example_xcom
[2024-10-12T20:35:28.947+0000] {logging_mixin.py:190} INFO - [2024-10-12T20:35:28.946+0000] {override.py:1900} INFO - Created Permission View: can delete on DAG Run:example_xcom
[2024-10-12T20:35:28.956+0000] {logging_mixin.py:190} INFO - [2024-10-12T20:35:28.956+0000] {override.py:1900} INFO - Created Permission View: can create on DAG Run:example_xcom
[2024-10-12T20:35:28.966+0000] {logging_mixin.py:190} INFO - [2024-10-12T20:35:28.965+0000] {override.py:1900} INFO - Created Permission View: menu access on DAG Run:example_xcom
[2024-10-12T20:35:28.976+0000] {logging_mixin.py:190} INFO - [2024-10-12T20:35:28.976+0000] {override.py:1900} INFO - Created Permission View: can read on DAG Run:example_xcom
[2024-10-12T20:35:28.978+0000] {logging_mixin.py:190} INFO - [2024-10-12T20:35:28.977+0000] {dag.py:3239} INFO - Sync 1 DAGs
[2024-10-12T20:35:28.998+0000] {logging_mixin.py:190} INFO - [2024-10-12T20:35:28.997+0000] {dag.py:3262} INFO - Creating ORM DAG for example_xcom
[2024-10-12T20:35:29.011+0000] {logging_mixin.py:190} INFO - [2024-10-12T20:35:29.011+0000] {dag.py:4180} INFO - Setting next_dagrun for example_xcom to 2021-01-01 00:00:00+00:00, run_after=2021-01-01 00:00:00+00:00
[2024-10-12T20:35:29.037+0000] {processor.py:208} INFO - Processing /home/airflow/.local/lib/python3.12/site-packages/airflow/example_dags/example_xcom.py took 0.653 seconds
[2024-10-12T20:35:59.900+0000] {processor.py:186} INFO - Started process (PID=136) to work on /home/airflow/.local/lib/python3.12/site-packages/airflow/example_dags/example_xcom.py
[2024-10-12T20:35:59.903+0000] {processor.py:914} INFO - Processing file /home/airflow/.local/lib/python3.12/site-packages/airflow/example_dags/example_xcom.py for tasks to queue
[2024-10-12T20:35:59.907+0000] {logging_mixin.py:190} INFO - [2024-10-12T20:35:59.906+0000] {dagbag.py:588} INFO - Filling up the DagBag from /home/airflow/.local/lib/python3.12/site-packages/airflow/example_dags/example_xcom.py
[2024-10-12T20:35:59.921+0000] {processor.py:925} INFO - DAG(s) 'example_xcom' retrieved from /home/airflow/.local/lib/python3.12/site-packages/airflow/example_dags/example_xcom.py
[2024-10-12T20:35:59.952+0000] {logging_mixin.py:190} INFO - [2024-10-12T20:35:59.952+0000] {dag.py:3239} INFO - Sync 1 DAGs
[2024-10-12T20:35:59.985+0000] {logging_mixin.py:190} INFO - [2024-10-12T20:35:59.985+0000] {dag.py:4180} INFO - Setting next_dagrun for example_xcom to 2021-01-01 00:00:00+00:00, run_after=2021-01-01 00:00:00+00:00
[2024-10-12T20:36:00.012+0000] {processor.py:208} INFO - Processing /home/airflow/.local/lib/python3.12/site-packages/airflow/example_dags/example_xcom.py took 0.120 seconds
[2024-10-12T20:36:30.121+0000] {processor.py:186} INFO - Started process (PID=198) to work on /home/airflow/.local/lib/python3.12/site-packages/airflow/example_dags/example_xcom.py
[2024-10-12T20:36:30.122+0000] {processor.py:914} INFO - Processing file /home/airflow/.local/lib/python3.12/site-packages/airflow/example_dags/example_xcom.py for tasks to queue
[2024-10-12T20:36:30.126+0000] {logging_mixin.py:190} INFO - [2024-10-12T20:36:30.126+0000] {dagbag.py:588} INFO - Filling up the DagBag from /home/airflow/.local/lib/python3.12/site-packages/airflow/example_dags/example_xcom.py
[2024-10-12T20:36:30.138+0000] {processor.py:925} INFO - DAG(s) 'example_xcom' retrieved from /home/airflow/.local/lib/python3.12/site-packages/airflow/example_dags/example_xcom.py
[2024-10-12T20:36:30.165+0000] {logging_mixin.py:190} INFO - [2024-10-12T20:36:30.164+0000] {dag.py:3239} INFO - Sync 1 DAGs
[2024-10-12T20:36:30.195+0000] {logging_mixin.py:190} INFO - [2024-10-12T20:36:30.195+0000] {dag.py:4180} INFO - Setting next_dagrun for example_xcom to 2021-01-01 00:00:00+00:00, run_after=2021-01-01 00:00:00+00:00
[2024-10-12T20:36:30.228+0000] {processor.py:208} INFO - Processing /home/airflow/.local/lib/python3.12/site-packages/airflow/example_dags/example_xcom.py took 0.117 seconds
[2024-10-12T20:37:00.465+0000] {processor.py:186} INFO - Started process (PID=260) to work on /home/airflow/.local/lib/python3.12/site-packages/airflow/example_dags/example_xcom.py
[2024-10-12T20:37:00.468+0000] {processor.py:914} INFO - Processing file /home/airflow/.local/lib/python3.12/site-packages/airflow/example_dags/example_xcom.py for tasks to queue
[2024-10-12T20:37:00.473+0000] {logging_mixin.py:190} INFO - [2024-10-12T20:37:00.472+0000] {dagbag.py:588} INFO - Filling up the DagBag from /home/airflow/.local/lib/python3.12/site-packages/airflow/example_dags/example_xcom.py
[2024-10-12T20:37:00.492+0000] {processor.py:925} INFO - DAG(s) 'example_xcom' retrieved from /home/airflow/.local/lib/python3.12/site-packages/airflow/example_dags/example_xcom.py
[2024-10-12T20:37:00.531+0000] {logging_mixin.py:190} INFO - [2024-10-12T20:37:00.530+0000] {dag.py:3239} INFO - Sync 1 DAGs
[2024-10-12T20:37:00.578+0000] {logging_mixin.py:190} INFO - [2024-10-12T20:37:00.578+0000] {dag.py:4180} INFO - Setting next_dagrun for example_xcom to 2021-01-01 00:00:00+00:00, run_after=2021-01-01 00:00:00+00:00
[2024-10-12T20:37:00.614+0000] {processor.py:208} INFO - Processing /home/airflow/.local/lib/python3.12/site-packages/airflow/example_dags/example_xcom.py took 0.157 seconds
[2024-10-12T20:37:30.929+0000] {processor.py:186} INFO - Started process (PID=322) to work on /home/airflow/.local/lib/python3.12/site-packages/airflow/example_dags/example_xcom.py
[2024-10-12T20:37:30.932+0000] {processor.py:914} INFO - Processing file /home/airflow/.local/lib/python3.12/site-packages/airflow/example_dags/example_xcom.py for tasks to queue
[2024-10-12T20:37:30.936+0000] {logging_mixin.py:190} INFO - [2024-10-12T20:37:30.936+0000] {dagbag.py:588} INFO - Filling up the DagBag from /home/airflow/.local/lib/python3.12/site-packages/airflow/example_dags/example_xcom.py
[2024-10-12T20:37:30.960+0000] {processor.py:925} INFO - DAG(s) 'example_xcom' retrieved from /home/airflow/.local/lib/python3.12/site-packages/airflow/example_dags/example_xcom.py
[2024-10-12T20:37:31.000+0000] {logging_mixin.py:190} INFO - [2024-10-12T20:37:30.999+0000] {dag.py:3239} INFO - Sync 1 DAGs
[2024-10-12T20:37:31.037+0000] {logging_mixin.py:190} INFO - [2024-10-12T20:37:31.035+0000] {dag.py:4180} INFO - Setting next_dagrun for example_xcom to 2021-01-01 00:00:00+00:00, run_after=2021-01-01 00:00:00+00:00
[2024-10-12T20:37:31.075+0000] {processor.py:208} INFO - Processing /home/airflow/.local/lib/python3.12/site-packages/airflow/example_dags/example_xcom.py took 0.162 seconds
[2024-10-12T20:38:01.810+0000] {processor.py:186} INFO - Started process (PID=384) to work on /home/airflow/.local/lib/python3.12/site-packages/airflow/example_dags/example_xcom.py
[2024-10-12T20:38:01.897+0000] {processor.py:914} INFO - Processing file /home/airflow/.local/lib/python3.12/site-packages/airflow/example_dags/example_xcom.py for tasks to queue
[2024-10-12T20:38:01.903+0000] {logging_mixin.py:190} INFO - [2024-10-12T20:38:01.902+0000] {dagbag.py:588} INFO - Filling up the DagBag from /home/airflow/.local/lib/python3.12/site-packages/airflow/example_dags/example_xcom.py
[2024-10-12T20:38:01.948+0000] {processor.py:925} INFO - DAG(s) 'example_xcom' retrieved from /home/airflow/.local/lib/python3.12/site-packages/airflow/example_dags/example_xcom.py
[2024-10-12T20:38:02.115+0000] {logging_mixin.py:190} INFO - [2024-10-12T20:38:02.115+0000] {dag.py:3239} INFO - Sync 1 DAGs
[2024-10-12T20:38:02.158+0000] {logging_mixin.py:190} INFO - [2024-10-12T20:38:02.158+0000] {dag.py:4180} INFO - Setting next_dagrun for example_xcom to 2021-01-01 00:00:00+00:00, run_after=2021-01-01 00:00:00+00:00
[2024-10-12T20:38:02.278+0000] {processor.py:208} INFO - Processing /home/airflow/.local/lib/python3.12/site-packages/airflow/example_dags/example_xcom.py took 0.482 seconds
[2024-10-12T20:38:32.733+0000] {processor.py:186} INFO - Started process (PID=446) to work on /home/airflow/.local/lib/python3.12/site-packages/airflow/example_dags/example_xcom.py
[2024-10-12T20:38:32.738+0000] {processor.py:914} INFO - Processing file /home/airflow/.local/lib/python3.12/site-packages/airflow/example_dags/example_xcom.py for tasks to queue
[2024-10-12T20:38:32.747+0000] {logging_mixin.py:190} INFO - [2024-10-12T20:38:32.746+0000] {dagbag.py:588} INFO - Filling up the DagBag from /home/airflow/.local/lib/python3.12/site-packages/airflow/example_dags/example_xcom.py
[2024-10-12T20:38:32.772+0000] {processor.py:925} INFO - DAG(s) 'example_xcom' retrieved from /home/airflow/.local/lib/python3.12/site-packages/airflow/example_dags/example_xcom.py
[2024-10-12T20:38:32.841+0000] {logging_mixin.py:190} INFO - [2024-10-12T20:38:32.841+0000] {dag.py:3239} INFO - Sync 1 DAGs
[2024-10-12T20:38:32.896+0000] {logging_mixin.py:190} INFO - [2024-10-12T20:38:32.896+0000] {dag.py:4180} INFO - Setting next_dagrun for example_xcom to 2021-01-01 00:00:00+00:00, run_after=2021-01-01 00:00:00+00:00
[2024-10-12T20:38:32.940+0000] {processor.py:208} INFO - Processing /home/airflow/.local/lib/python3.12/site-packages/airflow/example_dags/example_xcom.py took 0.219 seconds
[2024-10-12T20:39:03.714+0000] {processor.py:186} INFO - Started process (PID=508) to work on /home/airflow/.local/lib/python3.12/site-packages/airflow/example_dags/example_xcom.py
[2024-10-12T20:39:03.716+0000] {processor.py:914} INFO - Processing file /home/airflow/.local/lib/python3.12/site-packages/airflow/example_dags/example_xcom.py for tasks to queue
[2024-10-12T20:39:03.720+0000] {logging_mixin.py:190} INFO - [2024-10-12T20:39:03.720+0000] {dagbag.py:588} INFO - Filling up the DagBag from /home/airflow/.local/lib/python3.12/site-packages/airflow/example_dags/example_xcom.py
[2024-10-12T20:39:03.737+0000] {processor.py:925} INFO - DAG(s) 'example_xcom' retrieved from /home/airflow/.local/lib/python3.12/site-packages/airflow/example_dags/example_xcom.py
[2024-10-12T20:39:03.773+0000] {logging_mixin.py:190} INFO - [2024-10-12T20:39:03.773+0000] {dag.py:3239} INFO - Sync 1 DAGs
[2024-10-12T20:39:03.811+0000] {logging_mixin.py:190} INFO - [2024-10-12T20:39:03.811+0000] {dag.py:4180} INFO - Setting next_dagrun for example_xcom to 2021-01-01 00:00:00+00:00, run_after=2021-01-01 00:00:00+00:00
[2024-10-12T20:39:03.842+0000] {processor.py:208} INFO - Processing /home/airflow/.local/lib/python3.12/site-packages/airflow/example_dags/example_xcom.py took 0.143 seconds
[2024-10-12T20:39:33.994+0000] {processor.py:186} INFO - Started process (PID=570) to work on /home/airflow/.local/lib/python3.12/site-packages/airflow/example_dags/example_xcom.py
[2024-10-12T20:39:33.996+0000] {processor.py:914} INFO - Processing file /home/airflow/.local/lib/python3.12/site-packages/airflow/example_dags/example_xcom.py for tasks to queue
[2024-10-12T20:39:34.000+0000] {logging_mixin.py:190} INFO - [2024-10-12T20:39:33.999+0000] {dagbag.py:588} INFO - Filling up the DagBag from /home/airflow/.local/lib/python3.12/site-packages/airflow/example_dags/example_xcom.py
[2024-10-12T20:39:34.016+0000] {processor.py:925} INFO - DAG(s) 'example_xcom' retrieved from /home/airflow/.local/lib/python3.12/site-packages/airflow/example_dags/example_xcom.py
[2024-10-12T20:39:34.051+0000] {logging_mixin.py:190} INFO - [2024-10-12T20:39:34.050+0000] {dag.py:3239} INFO - Sync 1 DAGs
[2024-10-12T20:39:34.085+0000] {logging_mixin.py:190} INFO - [2024-10-12T20:39:34.084+0000] {dag.py:4180} INFO - Setting next_dagrun for example_xcom to 2021-01-01 00:00:00+00:00, run_after=2021-01-01 00:00:00+00:00
[2024-10-12T20:39:34.113+0000] {processor.py:208} INFO - Processing /home/airflow/.local/lib/python3.12/site-packages/airflow/example_dags/example_xcom.py took 0.131 seconds
[2024-10-12T20:40:04.853+0000] {processor.py:186} INFO - Started process (PID=631) to work on /home/airflow/.local/lib/python3.12/site-packages/airflow/example_dags/example_xcom.py
[2024-10-12T20:40:04.855+0000] {processor.py:914} INFO - Processing file /home/airflow/.local/lib/python3.12/site-packages/airflow/example_dags/example_xcom.py for tasks to queue
[2024-10-12T20:40:04.859+0000] {logging_mixin.py:190} INFO - [2024-10-12T20:40:04.858+0000] {dagbag.py:588} INFO - Filling up the DagBag from /home/airflow/.local/lib/python3.12/site-packages/airflow/example_dags/example_xcom.py
[2024-10-12T20:40:04.877+0000] {processor.py:925} INFO - DAG(s) 'example_xcom' retrieved from /home/airflow/.local/lib/python3.12/site-packages/airflow/example_dags/example_xcom.py
[2024-10-12T20:40:04.905+0000] {logging_mixin.py:190} INFO - [2024-10-12T20:40:04.905+0000] {dag.py:3239} INFO - Sync 1 DAGs
[2024-10-12T20:40:04.938+0000] {logging_mixin.py:190} INFO - [2024-10-12T20:40:04.938+0000] {dag.py:4180} INFO - Setting next_dagrun for example_xcom to 2021-01-01 00:00:00+00:00, run_after=2021-01-01 00:00:00+00:00
[2024-10-12T20:40:04.967+0000] {processor.py:208} INFO - Processing /home/airflow/.local/lib/python3.12/site-packages/airflow/example_dags/example_xcom.py took 0.125 seconds
[2024-10-12T20:40:35.484+0000] {processor.py:186} INFO - Started process (PID=693) to work on /home/airflow/.local/lib/python3.12/site-packages/airflow/example_dags/example_xcom.py
[2024-10-12T20:40:35.487+0000] {processor.py:914} INFO - Processing file /home/airflow/.local/lib/python3.12/site-packages/airflow/example_dags/example_xcom.py for tasks to queue
[2024-10-12T20:40:35.493+0000] {logging_mixin.py:190} INFO - [2024-10-12T20:40:35.492+0000] {dagbag.py:588} INFO - Filling up the DagBag from /home/airflow/.local/lib/python3.12/site-packages/airflow/example_dags/example_xcom.py
[2024-10-12T20:40:35.510+0000] {processor.py:925} INFO - DAG(s) 'example_xcom' retrieved from /home/airflow/.local/lib/python3.12/site-packages/airflow/example_dags/example_xcom.py
[2024-10-12T20:40:35.553+0000] {logging_mixin.py:190} INFO - [2024-10-12T20:40:35.552+0000] {dag.py:3239} INFO - Sync 1 DAGs
[2024-10-12T20:40:35.601+0000] {logging_mixin.py:190} INFO - [2024-10-12T20:40:35.601+0000] {dag.py:4180} INFO - Setting next_dagrun for example_xcom to 2021-01-01 00:00:00+00:00, run_after=2021-01-01 00:00:00+00:00
[2024-10-12T20:40:35.632+0000] {processor.py:208} INFO - Processing /home/airflow/.local/lib/python3.12/site-packages/airflow/example_dags/example_xcom.py took 0.161 seconds
[2024-10-12T20:41:05.725+0000] {processor.py:186} INFO - Started process (PID=755) to work on /home/airflow/.local/lib/python3.12/site-packages/airflow/example_dags/example_xcom.py
[2024-10-12T20:41:05.728+0000] {processor.py:914} INFO - Processing file /home/airflow/.local/lib/python3.12/site-packages/airflow/example_dags/example_xcom.py for tasks to queue
[2024-10-12T20:41:05.734+0000] {logging_mixin.py:190} INFO - [2024-10-12T20:41:05.733+0000] {dagbag.py:588} INFO - Filling up the DagBag from /home/airflow/.local/lib/python3.12/site-packages/airflow/example_dags/example_xcom.py
[2024-10-12T20:41:05.749+0000] {processor.py:925} INFO - DAG(s) 'example_xcom' retrieved from /home/airflow/.local/lib/python3.12/site-packages/airflow/example_dags/example_xcom.py
[2024-10-12T20:41:05.786+0000] {logging_mixin.py:190} INFO - [2024-10-12T20:41:05.785+0000] {dag.py:3239} INFO - Sync 1 DAGs
[2024-10-12T20:41:05.833+0000] {logging_mixin.py:190} INFO - [2024-10-12T20:41:05.832+0000] {dag.py:4180} INFO - Setting next_dagrun for example_xcom to 2021-01-01 00:00:00+00:00, run_after=2021-01-01 00:00:00+00:00
[2024-10-12T20:41:05.860+0000] {processor.py:208} INFO - Processing /home/airflow/.local/lib/python3.12/site-packages/airflow/example_dags/example_xcom.py took 0.147 seconds
[2024-10-12T20:41:36.455+0000] {processor.py:186} INFO - Started process (PID=817) to work on /home/airflow/.local/lib/python3.12/site-packages/airflow/example_dags/example_xcom.py
[2024-10-12T20:41:36.459+0000] {processor.py:914} INFO - Processing file /home/airflow/.local/lib/python3.12/site-packages/airflow/example_dags/example_xcom.py for tasks to queue
[2024-10-12T20:41:36.465+0000] {logging_mixin.py:190} INFO - [2024-10-12T20:41:36.464+0000] {dagbag.py:588} INFO - Filling up the DagBag from /home/airflow/.local/lib/python3.12/site-packages/airflow/example_dags/example_xcom.py
[2024-10-12T20:41:36.481+0000] {processor.py:925} INFO - DAG(s) 'example_xcom' retrieved from /home/airflow/.local/lib/python3.12/site-packages/airflow/example_dags/example_xcom.py
[2024-10-12T20:41:36.512+0000] {logging_mixin.py:190} INFO - [2024-10-12T20:41:36.512+0000] {dag.py:3239} INFO - Sync 1 DAGs
[2024-10-12T20:41:36.550+0000] {logging_mixin.py:190} INFO - [2024-10-12T20:41:36.549+0000] {dag.py:4180} INFO - Setting next_dagrun for example_xcom to 2021-01-01 00:00:00+00:00, run_after=2021-01-01 00:00:00+00:00
[2024-10-12T20:41:36.588+0000] {processor.py:208} INFO - Processing /home/airflow/.local/lib/python3.12/site-packages/airflow/example_dags/example_xcom.py took 0.148 seconds
[2024-10-12T20:42:07.387+0000] {processor.py:186} INFO - Started process (PID=879) to work on /home/airflow/.local/lib/python3.12/site-packages/airflow/example_dags/example_xcom.py
[2024-10-12T20:42:07.389+0000] {processor.py:914} INFO - Processing file /home/airflow/.local/lib/python3.12/site-packages/airflow/example_dags/example_xcom.py for tasks to queue
[2024-10-12T20:42:07.394+0000] {logging_mixin.py:190} INFO - [2024-10-12T20:42:07.393+0000] {dagbag.py:588} INFO - Filling up the DagBag from /home/airflow/.local/lib/python3.12/site-packages/airflow/example_dags/example_xcom.py
[2024-10-12T20:42:07.411+0000] {processor.py:925} INFO - DAG(s) 'example_xcom' retrieved from /home/airflow/.local/lib/python3.12/site-packages/airflow/example_dags/example_xcom.py
[2024-10-12T20:42:07.453+0000] {logging_mixin.py:190} INFO - [2024-10-12T20:42:07.453+0000] {dag.py:3239} INFO - Sync 1 DAGs
[2024-10-12T20:42:07.487+0000] {logging_mixin.py:190} INFO - [2024-10-12T20:42:07.486+0000] {dag.py:4180} INFO - Setting next_dagrun for example_xcom to 2021-01-01 00:00:00+00:00, run_after=2021-01-01 00:00:00+00:00
[2024-10-12T20:42:07.521+0000] {processor.py:208} INFO - Processing /home/airflow/.local/lib/python3.12/site-packages/airflow/example_dags/example_xcom.py took 0.147 seconds
[2024-10-12T20:42:38.303+0000] {processor.py:186} INFO - Started process (PID=941) to work on /home/airflow/.local/lib/python3.12/site-packages/airflow/example_dags/example_xcom.py
[2024-10-12T20:42:38.305+0000] {processor.py:914} INFO - Processing file /home/airflow/.local/lib/python3.12/site-packages/airflow/example_dags/example_xcom.py for tasks to queue
[2024-10-12T20:42:38.308+0000] {logging_mixin.py:190} INFO - [2024-10-12T20:42:38.308+0000] {dagbag.py:588} INFO - Filling up the DagBag from /home/airflow/.local/lib/python3.12/site-packages/airflow/example_dags/example_xcom.py
[2024-10-12T20:42:38.325+0000] {processor.py:925} INFO - DAG(s) 'example_xcom' retrieved from /home/airflow/.local/lib/python3.12/site-packages/airflow/example_dags/example_xcom.py
[2024-10-12T20:42:38.358+0000] {logging_mixin.py:190} INFO - [2024-10-12T20:42:38.357+0000] {dag.py:3239} INFO - Sync 1 DAGs
[2024-10-12T20:42:38.389+0000] {logging_mixin.py:190} INFO - [2024-10-12T20:42:38.389+0000] {dag.py:4180} INFO - Setting next_dagrun for example_xcom to 2021-01-01 00:00:00+00:00, run_after=2021-01-01 00:00:00+00:00
[2024-10-12T20:42:38.423+0000] {processor.py:208} INFO - Processing /home/airflow/.local/lib/python3.12/site-packages/airflow/example_dags/example_xcom.py took 0.133 seconds
[2024-10-12T20:43:08.596+0000] {processor.py:186} INFO - Started process (PID=1003) to work on /home/airflow/.local/lib/python3.12/site-packages/airflow/example_dags/example_xcom.py
[2024-10-12T20:43:08.598+0000] {processor.py:914} INFO - Processing file /home/airflow/.local/lib/python3.12/site-packages/airflow/example_dags/example_xcom.py for tasks to queue
[2024-10-12T20:43:08.603+0000] {logging_mixin.py:190} INFO - [2024-10-12T20:43:08.602+0000] {dagbag.py:588} INFO - Filling up the DagBag from /home/airflow/.local/lib/python3.12/site-packages/airflow/example_dags/example_xcom.py
[2024-10-12T20:43:08.617+0000] {processor.py:925} INFO - DAG(s) 'example_xcom' retrieved from /home/airflow/.local/lib/python3.12/site-packages/airflow/example_dags/example_xcom.py
[2024-10-12T20:43:08.653+0000] {logging_mixin.py:190} INFO - [2024-10-12T20:43:08.652+0000] {dag.py:3239} INFO - Sync 1 DAGs
[2024-10-12T20:43:08.688+0000] {logging_mixin.py:190} INFO - [2024-10-12T20:43:08.687+0000] {dag.py:4180} INFO - Setting next_dagrun for example_xcom to 2021-01-01 00:00:00+00:00, run_after=2021-01-01 00:00:00+00:00
[2024-10-12T20:43:08.749+0000] {processor.py:208} INFO - Processing /home/airflow/.local/lib/python3.12/site-packages/airflow/example_dags/example_xcom.py took 0.169 seconds
[2024-10-12T20:43:39.946+0000] {processor.py:186} INFO - Started process (PID=1064) to work on /home/airflow/.local/lib/python3.12/site-packages/airflow/example_dags/example_xcom.py
[2024-10-12T20:43:39.962+0000] {processor.py:914} INFO - Processing file /home/airflow/.local/lib/python3.12/site-packages/airflow/example_dags/example_xcom.py for tasks to queue
[2024-10-12T20:43:39.969+0000] {logging_mixin.py:190} INFO - [2024-10-12T20:43:39.968+0000] {dagbag.py:588} INFO - Filling up the DagBag from /home/airflow/.local/lib/python3.12/site-packages/airflow/example_dags/example_xcom.py
[2024-10-12T20:43:40.001+0000] {processor.py:925} INFO - DAG(s) 'example_xcom' retrieved from /home/airflow/.local/lib/python3.12/site-packages/airflow/example_dags/example_xcom.py
[2024-10-12T20:43:40.050+0000] {logging_mixin.py:190} INFO - [2024-10-12T20:43:40.049+0000] {dag.py:3239} INFO - Sync 1 DAGs
[2024-10-12T20:43:40.102+0000] {logging_mixin.py:190} INFO - [2024-10-12T20:43:40.101+0000] {dag.py:4180} INFO - Setting next_dagrun for example_xcom to 2021-01-01 00:00:00+00:00, run_after=2021-01-01 00:00:00+00:00
[2024-10-12T20:43:40.150+0000] {processor.py:208} INFO - Processing /home/airflow/.local/lib/python3.12/site-packages/airflow/example_dags/example_xcom.py took 0.214 seconds
[2024-10-12T20:44:10.702+0000] {processor.py:186} INFO - Started process (PID=1126) to work on /home/airflow/.local/lib/python3.12/site-packages/airflow/example_dags/example_xcom.py
[2024-10-12T20:44:10.704+0000] {processor.py:914} INFO - Processing file /home/airflow/.local/lib/python3.12/site-packages/airflow/example_dags/example_xcom.py for tasks to queue
[2024-10-12T20:44:10.710+0000] {logging_mixin.py:190} INFO - [2024-10-12T20:44:10.709+0000] {dagbag.py:588} INFO - Filling up the DagBag from /home/airflow/.local/lib/python3.12/site-packages/airflow/example_dags/example_xcom.py
[2024-10-12T20:44:10.728+0000] {processor.py:925} INFO - DAG(s) 'example_xcom' retrieved from /home/airflow/.local/lib/python3.12/site-packages/airflow/example_dags/example_xcom.py
[2024-10-12T20:44:10.818+0000] {logging_mixin.py:190} INFO - [2024-10-12T20:44:10.817+0000] {dag.py:3239} INFO - Sync 1 DAGs
[2024-10-12T20:44:10.860+0000] {logging_mixin.py:190} INFO - [2024-10-12T20:44:10.860+0000] {dag.py:4180} INFO - Setting next_dagrun for example_xcom to 2021-01-01 00:00:00+00:00, run_after=2021-01-01 00:00:00+00:00
[2024-10-12T20:44:10.905+0000] {processor.py:208} INFO - Processing /home/airflow/.local/lib/python3.12/site-packages/airflow/example_dags/example_xcom.py took 0.216 seconds
[2024-10-12T20:44:41.430+0000] {processor.py:186} INFO - Started process (PID=1188) to work on /home/airflow/.local/lib/python3.12/site-packages/airflow/example_dags/example_xcom.py
[2024-10-12T20:44:41.432+0000] {processor.py:914} INFO - Processing file /home/airflow/.local/lib/python3.12/site-packages/airflow/example_dags/example_xcom.py for tasks to queue
[2024-10-12T20:44:41.436+0000] {logging_mixin.py:190} INFO - [2024-10-12T20:44:41.436+0000] {dagbag.py:588} INFO - Filling up the DagBag from /home/airflow/.local/lib/python3.12/site-packages/airflow/example_dags/example_xcom.py
[2024-10-12T20:44:41.458+0000] {processor.py:925} INFO - DAG(s) 'example_xcom' retrieved from /home/airflow/.local/lib/python3.12/site-packages/airflow/example_dags/example_xcom.py
[2024-10-12T20:44:41.515+0000] {logging_mixin.py:190} INFO - [2024-10-12T20:44:41.514+0000] {dag.py:3239} INFO - Sync 1 DAGs
[2024-10-12T20:44:41.563+0000] {logging_mixin.py:190} INFO - [2024-10-12T20:44:41.562+0000] {dag.py:4180} INFO - Setting next_dagrun for example_xcom to 2021-01-01 00:00:00+00:00, run_after=2021-01-01 00:00:00+00:00
[2024-10-12T20:44:41.597+0000] {processor.py:208} INFO - Processing /home/airflow/.local/lib/python3.12/site-packages/airflow/example_dags/example_xcom.py took 0.184 seconds
[2024-10-12T20:45:12.003+0000] {processor.py:186} INFO - Started process (PID=1250) to work on /home/airflow/.local/lib/python3.12/site-packages/airflow/example_dags/example_xcom.py
[2024-10-12T20:45:12.005+0000] {processor.py:914} INFO - Processing file /home/airflow/.local/lib/python3.12/site-packages/airflow/example_dags/example_xcom.py for tasks to queue
[2024-10-12T20:45:12.010+0000] {logging_mixin.py:190} INFO - [2024-10-12T20:45:12.010+0000] {dagbag.py:588} INFO - Filling up the DagBag from /home/airflow/.local/lib/python3.12/site-packages/airflow/example_dags/example_xcom.py
[2024-10-12T20:45:12.024+0000] {processor.py:925} INFO - DAG(s) 'example_xcom' retrieved from /home/airflow/.local/lib/python3.12/site-packages/airflow/example_dags/example_xcom.py
[2024-10-12T20:45:12.059+0000] {logging_mixin.py:190} INFO - [2024-10-12T20:45:12.059+0000] {dag.py:3239} INFO - Sync 1 DAGs
[2024-10-12T20:45:12.092+0000] {logging_mixin.py:190} INFO - [2024-10-12T20:45:12.092+0000] {dag.py:4180} INFO - Setting next_dagrun for example_xcom to 2021-01-01 00:00:00+00:00, run_after=2021-01-01 00:00:00+00:00
[2024-10-12T20:45:12.120+0000] {processor.py:208} INFO - Processing /home/airflow/.local/lib/python3.12/site-packages/airflow/example_dags/example_xcom.py took 0.131 seconds
[2024-10-12T20:45:42.688+0000] {processor.py:186} INFO - Started process (PID=1312) to work on /home/airflow/.local/lib/python3.12/site-packages/airflow/example_dags/example_xcom.py
[2024-10-12T20:45:42.690+0000] {processor.py:914} INFO - Processing file /home/airflow/.local/lib/python3.12/site-packages/airflow/example_dags/example_xcom.py for tasks to queue
[2024-10-12T20:45:42.694+0000] {logging_mixin.py:190} INFO - [2024-10-12T20:45:42.693+0000] {dagbag.py:588} INFO - Filling up the DagBag from /home/airflow/.local/lib/python3.12/site-packages/airflow/example_dags/example_xcom.py
[2024-10-12T20:45:42.707+0000] {processor.py:925} INFO - DAG(s) 'example_xcom' retrieved from /home/airflow/.local/lib/python3.12/site-packages/airflow/example_dags/example_xcom.py
[2024-10-12T20:45:42.745+0000] {logging_mixin.py:190} INFO - [2024-10-12T20:45:42.745+0000] {dag.py:3239} INFO - Sync 1 DAGs
[2024-10-12T20:45:42.783+0000] {logging_mixin.py:190} INFO - [2024-10-12T20:45:42.783+0000] {dag.py:4180} INFO - Setting next_dagrun for example_xcom to 2021-01-01 00:00:00+00:00, run_after=2021-01-01 00:00:00+00:00
[2024-10-12T20:45:42.815+0000] {processor.py:208} INFO - Processing /home/airflow/.local/lib/python3.12/site-packages/airflow/example_dags/example_xcom.py took 0.135 seconds
[2024-10-12T20:46:13.274+0000] {processor.py:186} INFO - Started process (PID=1374) to work on /home/airflow/.local/lib/python3.12/site-packages/airflow/example_dags/example_xcom.py
[2024-10-12T20:46:13.276+0000] {processor.py:914} INFO - Processing file /home/airflow/.local/lib/python3.12/site-packages/airflow/example_dags/example_xcom.py for tasks to queue
[2024-10-12T20:46:13.281+0000] {logging_mixin.py:190} INFO - [2024-10-12T20:46:13.280+0000] {dagbag.py:588} INFO - Filling up the DagBag from /home/airflow/.local/lib/python3.12/site-packages/airflow/example_dags/example_xcom.py
[2024-10-12T20:46:13.296+0000] {processor.py:925} INFO - DAG(s) 'example_xcom' retrieved from /home/airflow/.local/lib/python3.12/site-packages/airflow/example_dags/example_xcom.py
[2024-10-12T20:46:13.340+0000] {logging_mixin.py:190} INFO - [2024-10-12T20:46:13.339+0000] {dag.py:3239} INFO - Sync 1 DAGs
[2024-10-12T20:46:13.378+0000] {logging_mixin.py:190} INFO - [2024-10-12T20:46:13.377+0000] {dag.py:4180} INFO - Setting next_dagrun for example_xcom to 2021-01-01 00:00:00+00:00, run_after=2021-01-01 00:00:00+00:00
[2024-10-12T20:46:13.417+0000] {processor.py:208} INFO - Processing /home/airflow/.local/lib/python3.12/site-packages/airflow/example_dags/example_xcom.py took 0.157 seconds
[2024-10-12T20:46:43.593+0000] {processor.py:186} INFO - Started process (PID=1436) to work on /home/airflow/.local/lib/python3.12/site-packages/airflow/example_dags/example_xcom.py
[2024-10-12T20:46:43.595+0000] {processor.py:914} INFO - Processing file /home/airflow/.local/lib/python3.12/site-packages/airflow/example_dags/example_xcom.py for tasks to queue
[2024-10-12T20:46:43.600+0000] {logging_mixin.py:190} INFO - [2024-10-12T20:46:43.599+0000] {dagbag.py:588} INFO - Filling up the DagBag from /home/airflow/.local/lib/python3.12/site-packages/airflow/example_dags/example_xcom.py
[2024-10-12T20:46:43.616+0000] {processor.py:925} INFO - DAG(s) 'example_xcom' retrieved from /home/airflow/.local/lib/python3.12/site-packages/airflow/example_dags/example_xcom.py
[2024-10-12T20:46:43.654+0000] {logging_mixin.py:190} INFO - [2024-10-12T20:46:43.653+0000] {dag.py:3239} INFO - Sync 1 DAGs
[2024-10-12T20:46:43.685+0000] {logging_mixin.py:190} INFO - [2024-10-12T20:46:43.684+0000] {dag.py:4180} INFO - Setting next_dagrun for example_xcom to 2021-01-01 00:00:00+00:00, run_after=2021-01-01 00:00:00+00:00
[2024-10-12T20:46:43.708+0000] {processor.py:208} INFO - Processing /home/airflow/.local/lib/python3.12/site-packages/airflow/example_dags/example_xcom.py took 0.128 seconds
[2024-10-12T20:47:14.584+0000] {processor.py:186} INFO - Started process (PID=1498) to work on /home/airflow/.local/lib/python3.12/site-packages/airflow/example_dags/example_xcom.py
[2024-10-12T20:47:14.586+0000] {processor.py:914} INFO - Processing file /home/airflow/.local/lib/python3.12/site-packages/airflow/example_dags/example_xcom.py for tasks to queue
[2024-10-12T20:47:14.591+0000] {logging_mixin.py:190} INFO - [2024-10-12T20:47:14.590+0000] {dagbag.py:588} INFO - Filling up the DagBag from /home/airflow/.local/lib/python3.12/site-packages/airflow/example_dags/example_xcom.py
[2024-10-12T20:47:14.605+0000] {processor.py:925} INFO - DAG(s) 'example_xcom' retrieved from /home/airflow/.local/lib/python3.12/site-packages/airflow/example_dags/example_xcom.py
[2024-10-12T20:47:14.652+0000] {logging_mixin.py:190} INFO - [2024-10-12T20:47:14.652+0000] {dag.py:3239} INFO - Sync 1 DAGs
[2024-10-12T20:47:14.687+0000] {logging_mixin.py:190} INFO - [2024-10-12T20:47:14.685+0000] {dag.py:4180} INFO - Setting next_dagrun for example_xcom to 2021-01-01 00:00:00+00:00, run_after=2021-01-01 00:00:00+00:00
[2024-10-12T20:47:14.711+0000] {processor.py:208} INFO - Processing /home/airflow/.local/lib/python3.12/site-packages/airflow/example_dags/example_xcom.py took 0.148 seconds
[2024-10-12T20:47:44.830+0000] {processor.py:186} INFO - Started process (PID=1561) to work on /home/airflow/.local/lib/python3.12/site-packages/airflow/example_dags/example_xcom.py
[2024-10-12T20:47:44.836+0000] {processor.py:914} INFO - Processing file /home/airflow/.local/lib/python3.12/site-packages/airflow/example_dags/example_xcom.py for tasks to queue
[2024-10-12T20:47:44.844+0000] {logging_mixin.py:190} INFO - [2024-10-12T20:47:44.843+0000] {dagbag.py:588} INFO - Filling up the DagBag from /home/airflow/.local/lib/python3.12/site-packages/airflow/example_dags/example_xcom.py
[2024-10-12T20:47:44.861+0000] {processor.py:925} INFO - DAG(s) 'example_xcom' retrieved from /home/airflow/.local/lib/python3.12/site-packages/airflow/example_dags/example_xcom.py
[2024-10-12T20:47:44.897+0000] {logging_mixin.py:190} INFO - [2024-10-12T20:47:44.896+0000] {dag.py:3239} INFO - Sync 1 DAGs
[2024-10-12T20:47:44.933+0000] {logging_mixin.py:190} INFO - [2024-10-12T20:47:44.933+0000] {dag.py:4180} INFO - Setting next_dagrun for example_xcom to 2021-01-01 00:00:00+00:00, run_after=2021-01-01 00:00:00+00:00
[2024-10-12T20:47:44.958+0000] {processor.py:208} INFO - Processing /home/airflow/.local/lib/python3.12/site-packages/airflow/example_dags/example_xcom.py took 0.140 seconds
[2024-10-12T20:48:15.754+0000] {processor.py:186} INFO - Started process (PID=1623) to work on /home/airflow/.local/lib/python3.12/site-packages/airflow/example_dags/example_xcom.py
[2024-10-12T20:48:15.758+0000] {processor.py:914} INFO - Processing file /home/airflow/.local/lib/python3.12/site-packages/airflow/example_dags/example_xcom.py for tasks to queue
[2024-10-12T20:48:15.763+0000] {logging_mixin.py:190} INFO - [2024-10-12T20:48:15.762+0000] {dagbag.py:588} INFO - Filling up the DagBag from /home/airflow/.local/lib/python3.12/site-packages/airflow/example_dags/example_xcom.py
[2024-10-12T20:48:15.782+0000] {processor.py:925} INFO - DAG(s) 'example_xcom' retrieved from /home/airflow/.local/lib/python3.12/site-packages/airflow/example_dags/example_xcom.py
[2024-10-12T20:48:15.824+0000] {logging_mixin.py:190} INFO - [2024-10-12T20:48:15.824+0000] {dag.py:3239} INFO - Sync 1 DAGs
[2024-10-12T20:48:15.881+0000] {logging_mixin.py:190} INFO - [2024-10-12T20:48:15.880+0000] {dag.py:4180} INFO - Setting next_dagrun for example_xcom to 2021-01-01 00:00:00+00:00, run_after=2021-01-01 00:00:00+00:00
[2024-10-12T20:48:15.917+0000] {processor.py:208} INFO - Processing /home/airflow/.local/lib/python3.12/site-packages/airflow/example_dags/example_xcom.py took 0.175 seconds
[2024-10-12T20:48:46.311+0000] {processor.py:186} INFO - Started process (PID=1685) to work on /home/airflow/.local/lib/python3.12/site-packages/airflow/example_dags/example_xcom.py
[2024-10-12T20:48:46.313+0000] {processor.py:914} INFO - Processing file /home/airflow/.local/lib/python3.12/site-packages/airflow/example_dags/example_xcom.py for tasks to queue
[2024-10-12T20:48:46.319+0000] {logging_mixin.py:190} INFO - [2024-10-12T20:48:46.318+0000] {dagbag.py:588} INFO - Filling up the DagBag from /home/airflow/.local/lib/python3.12/site-packages/airflow/example_dags/example_xcom.py
[2024-10-12T20:48:46.333+0000] {processor.py:925} INFO - DAG(s) 'example_xcom' retrieved from /home/airflow/.local/lib/python3.12/site-packages/airflow/example_dags/example_xcom.py
[2024-10-12T20:48:46.366+0000] {logging_mixin.py:190} INFO - [2024-10-12T20:48:46.366+0000] {dag.py:3239} INFO - Sync 1 DAGs
[2024-10-12T20:48:46.398+0000] {logging_mixin.py:190} INFO - [2024-10-12T20:48:46.398+0000] {dag.py:4180} INFO - Setting next_dagrun for example_xcom to 2021-01-01 00:00:00+00:00, run_after=2021-01-01 00:00:00+00:00
[2024-10-12T20:48:46.435+0000] {processor.py:208} INFO - Processing /home/airflow/.local/lib/python3.12/site-packages/airflow/example_dags/example_xcom.py took 0.134 seconds
[2024-10-12T20:49:17.229+0000] {processor.py:186} INFO - Started process (PID=1747) to work on /home/airflow/.local/lib/python3.12/site-packages/airflow/example_dags/example_xcom.py
[2024-10-12T20:49:17.232+0000] {processor.py:914} INFO - Processing file /home/airflow/.local/lib/python3.12/site-packages/airflow/example_dags/example_xcom.py for tasks to queue
[2024-10-12T20:49:17.236+0000] {logging_mixin.py:190} INFO - [2024-10-12T20:49:17.236+0000] {dagbag.py:588} INFO - Filling up the DagBag from /home/airflow/.local/lib/python3.12/site-packages/airflow/example_dags/example_xcom.py
[2024-10-12T20:49:17.251+0000] {processor.py:925} INFO - DAG(s) 'example_xcom' retrieved from /home/airflow/.local/lib/python3.12/site-packages/airflow/example_dags/example_xcom.py
[2024-10-12T20:49:17.286+0000] {logging_mixin.py:190} INFO - [2024-10-12T20:49:17.285+0000] {dag.py:3239} INFO - Sync 1 DAGs
[2024-10-12T20:49:17.328+0000] {logging_mixin.py:190} INFO - [2024-10-12T20:49:17.328+0000] {dag.py:4180} INFO - Setting next_dagrun for example_xcom to 2021-01-01 00:00:00+00:00, run_after=2021-01-01 00:00:00+00:00
[2024-10-12T20:49:17.361+0000] {processor.py:208} INFO - Processing /home/airflow/.local/lib/python3.12/site-packages/airflow/example_dags/example_xcom.py took 0.143 seconds
[2024-10-12T20:49:48.142+0000] {processor.py:186} INFO - Started process (PID=1809) to work on /home/airflow/.local/lib/python3.12/site-packages/airflow/example_dags/example_xcom.py
[2024-10-12T20:49:48.224+0000] {processor.py:914} INFO - Processing file /home/airflow/.local/lib/python3.12/site-packages/airflow/example_dags/example_xcom.py for tasks to queue
[2024-10-12T20:49:48.230+0000] {logging_mixin.py:190} INFO - [2024-10-12T20:49:48.229+0000] {dagbag.py:588} INFO - Filling up the DagBag from /home/airflow/.local/lib/python3.12/site-packages/airflow/example_dags/example_xcom.py
[2024-10-12T20:49:48.251+0000] {processor.py:925} INFO - DAG(s) 'example_xcom' retrieved from /home/airflow/.local/lib/python3.12/site-packages/airflow/example_dags/example_xcom.py
[2024-10-12T20:49:48.304+0000] {logging_mixin.py:190} INFO - [2024-10-12T20:49:48.303+0000] {dag.py:3239} INFO - Sync 1 DAGs
[2024-10-12T20:49:48.362+0000] {logging_mixin.py:190} INFO - [2024-10-12T20:49:48.361+0000] {dag.py:4180} INFO - Setting next_dagrun for example_xcom to 2021-01-01 00:00:00+00:00, run_after=2021-01-01 00:00:00+00:00
[2024-10-12T20:49:48.391+0000] {processor.py:208} INFO - Processing /home/airflow/.local/lib/python3.12/site-packages/airflow/example_dags/example_xcom.py took 0.262 seconds
[2024-10-12T20:50:18.821+0000] {processor.py:186} INFO - Started process (PID=1872) to work on /home/airflow/.local/lib/python3.12/site-packages/airflow/example_dags/example_xcom.py
[2024-10-12T20:50:18.823+0000] {processor.py:914} INFO - Processing file /home/airflow/.local/lib/python3.12/site-packages/airflow/example_dags/example_xcom.py for tasks to queue
[2024-10-12T20:50:18.828+0000] {logging_mixin.py:190} INFO - [2024-10-12T20:50:18.827+0000] {dagbag.py:588} INFO - Filling up the DagBag from /home/airflow/.local/lib/python3.12/site-packages/airflow/example_dags/example_xcom.py
[2024-10-12T20:50:18.843+0000] {processor.py:925} INFO - DAG(s) 'example_xcom' retrieved from /home/airflow/.local/lib/python3.12/site-packages/airflow/example_dags/example_xcom.py
[2024-10-12T20:50:18.874+0000] {logging_mixin.py:190} INFO - [2024-10-12T20:50:18.873+0000] {dag.py:3239} INFO - Sync 1 DAGs
[2024-10-12T20:50:18.904+0000] {logging_mixin.py:190} INFO - [2024-10-12T20:50:18.904+0000] {dag.py:4180} INFO - Setting next_dagrun for example_xcom to 2021-01-01 00:00:00+00:00, run_after=2021-01-01 00:00:00+00:00
[2024-10-12T20:50:18.935+0000] {processor.py:208} INFO - Processing /home/airflow/.local/lib/python3.12/site-packages/airflow/example_dags/example_xcom.py took 0.127 seconds
