[2024-10-12T20:35:36.326+0000] {processor.py:186} INFO - Started process (PID=101) to work on /home/airflow/.local/lib/python3.12/site-packages/airflow/example_dags/example_python_operator.py
[2024-10-12T20:35:36.328+0000] {processor.py:914} INFO - Processing file /home/airflow/.local/lib/python3.12/site-packages/airflow/example_dags/example_python_operator.py for tasks to queue
[2024-10-12T20:35:36.331+0000] {logging_mixin.py:190} INFO - [2024-10-12T20:35:36.331+0000] {dagbag.py:588} INFO - Filling up the DagBag from /home/airflow/.local/lib/python3.12/site-packages/airflow/example_dags/example_python_operator.py
[2024-10-12T20:35:36.351+0000] {processor.py:925} INFO - DAG(s) 'example_python_operator' retrieved from /home/airflow/.local/lib/python3.12/site-packages/airflow/example_dags/example_python_operator.py
[2024-10-12T20:35:36.506+0000] {logging_mixin.py:190} INFO - [2024-10-12T20:35:36.505+0000] {override.py:1900} INFO - Created Permission View: can delete on DAG:example_python_operator
[2024-10-12T20:35:36.520+0000] {logging_mixin.py:190} INFO - [2024-10-12T20:35:36.519+0000] {override.py:1900} INFO - Created Permission View: can edit on DAG:example_python_operator
[2024-10-12T20:35:36.531+0000] {logging_mixin.py:190} INFO - [2024-10-12T20:35:36.531+0000] {override.py:1900} INFO - Created Permission View: can read on DAG:example_python_operator
[2024-10-12T20:35:36.541+0000] {logging_mixin.py:190} INFO - [2024-10-12T20:35:36.541+0000] {override.py:1900} INFO - Created Permission View: can delete on DAG Run:example_python_operator
[2024-10-12T20:35:36.552+0000] {logging_mixin.py:190} INFO - [2024-10-12T20:35:36.552+0000] {override.py:1900} INFO - Created Permission View: can create on DAG Run:example_python_operator
[2024-10-12T20:35:36.563+0000] {logging_mixin.py:190} INFO - [2024-10-12T20:35:36.562+0000] {override.py:1900} INFO - Created Permission View: menu access on DAG Run:example_python_operator
[2024-10-12T20:35:36.573+0000] {logging_mixin.py:190} INFO - [2024-10-12T20:35:36.573+0000] {override.py:1900} INFO - Created Permission View: can read on DAG Run:example_python_operator
[2024-10-12T20:35:36.575+0000] {logging_mixin.py:190} INFO - [2024-10-12T20:35:36.574+0000] {dag.py:3239} INFO - Sync 1 DAGs
[2024-10-12T20:35:36.598+0000] {logging_mixin.py:190} INFO - [2024-10-12T20:35:36.597+0000] {dag.py:3262} INFO - Creating ORM DAG for example_python_operator
[2024-10-12T20:35:36.599+0000] {logging_mixin.py:190} INFO - [2024-10-12T20:35:36.599+0000] {dag.py:4180} INFO - Setting next_dagrun for example_python_operator to None, run_after=None
[2024-10-12T20:35:36.626+0000] {processor.py:208} INFO - Processing /home/airflow/.local/lib/python3.12/site-packages/airflow/example_dags/example_python_operator.py took 0.308 seconds
[2024-10-12T20:36:06.869+0000] {processor.py:186} INFO - Started process (PID=162) to work on /home/airflow/.local/lib/python3.12/site-packages/airflow/example_dags/example_python_operator.py
[2024-10-12T20:36:06.871+0000] {processor.py:914} INFO - Processing file /home/airflow/.local/lib/python3.12/site-packages/airflow/example_dags/example_python_operator.py for tasks to queue
[2024-10-12T20:36:06.874+0000] {logging_mixin.py:190} INFO - [2024-10-12T20:36:06.873+0000] {dagbag.py:588} INFO - Filling up the DagBag from /home/airflow/.local/lib/python3.12/site-packages/airflow/example_dags/example_python_operator.py
[2024-10-12T20:36:06.889+0000] {processor.py:925} INFO - DAG(s) 'example_python_operator' retrieved from /home/airflow/.local/lib/python3.12/site-packages/airflow/example_dags/example_python_operator.py
[2024-10-12T20:36:06.917+0000] {logging_mixin.py:190} INFO - [2024-10-12T20:36:06.917+0000] {dag.py:3239} INFO - Sync 1 DAGs
[2024-10-12T20:36:06.935+0000] {logging_mixin.py:190} INFO - [2024-10-12T20:36:06.935+0000] {dag.py:4180} INFO - Setting next_dagrun for example_python_operator to None, run_after=None
[2024-10-12T20:36:06.959+0000] {processor.py:208} INFO - Processing /home/airflow/.local/lib/python3.12/site-packages/airflow/example_dags/example_python_operator.py took 0.097 seconds
[2024-10-12T20:36:38.107+0000] {processor.py:186} INFO - Started process (PID=224) to work on /home/airflow/.local/lib/python3.12/site-packages/airflow/example_dags/example_python_operator.py
[2024-10-12T20:36:38.109+0000] {processor.py:914} INFO - Processing file /home/airflow/.local/lib/python3.12/site-packages/airflow/example_dags/example_python_operator.py for tasks to queue
[2024-10-12T20:36:38.114+0000] {logging_mixin.py:190} INFO - [2024-10-12T20:36:38.113+0000] {dagbag.py:588} INFO - Filling up the DagBag from /home/airflow/.local/lib/python3.12/site-packages/airflow/example_dags/example_python_operator.py
[2024-10-12T20:36:38.133+0000] {processor.py:925} INFO - DAG(s) 'example_python_operator' retrieved from /home/airflow/.local/lib/python3.12/site-packages/airflow/example_dags/example_python_operator.py
[2024-10-12T20:36:38.168+0000] {logging_mixin.py:190} INFO - [2024-10-12T20:36:38.168+0000] {dag.py:3239} INFO - Sync 1 DAGs
[2024-10-12T20:36:38.193+0000] {logging_mixin.py:190} INFO - [2024-10-12T20:36:38.192+0000] {dag.py:4180} INFO - Setting next_dagrun for example_python_operator to None, run_after=None
[2024-10-12T20:36:38.231+0000] {processor.py:208} INFO - Processing /home/airflow/.local/lib/python3.12/site-packages/airflow/example_dags/example_python_operator.py took 0.135 seconds
[2024-10-12T20:37:08.582+0000] {processor.py:186} INFO - Started process (PID=286) to work on /home/airflow/.local/lib/python3.12/site-packages/airflow/example_dags/example_python_operator.py
[2024-10-12T20:37:08.584+0000] {processor.py:914} INFO - Processing file /home/airflow/.local/lib/python3.12/site-packages/airflow/example_dags/example_python_operator.py for tasks to queue
[2024-10-12T20:37:08.587+0000] {logging_mixin.py:190} INFO - [2024-10-12T20:37:08.587+0000] {dagbag.py:588} INFO - Filling up the DagBag from /home/airflow/.local/lib/python3.12/site-packages/airflow/example_dags/example_python_operator.py
[2024-10-12T20:37:08.607+0000] {processor.py:925} INFO - DAG(s) 'example_python_operator' retrieved from /home/airflow/.local/lib/python3.12/site-packages/airflow/example_dags/example_python_operator.py
[2024-10-12T20:37:08.656+0000] {logging_mixin.py:190} INFO - [2024-10-12T20:37:08.655+0000] {dag.py:3239} INFO - Sync 1 DAGs
[2024-10-12T20:37:08.676+0000] {logging_mixin.py:190} INFO - [2024-10-12T20:37:08.676+0000] {dag.py:4180} INFO - Setting next_dagrun for example_python_operator to None, run_after=None
[2024-10-12T20:37:08.707+0000] {processor.py:208} INFO - Processing /home/airflow/.local/lib/python3.12/site-packages/airflow/example_dags/example_python_operator.py took 0.134 seconds
[2024-10-12T20:37:39.486+0000] {processor.py:186} INFO - Started process (PID=348) to work on /home/airflow/.local/lib/python3.12/site-packages/airflow/example_dags/example_python_operator.py
[2024-10-12T20:37:39.488+0000] {processor.py:914} INFO - Processing file /home/airflow/.local/lib/python3.12/site-packages/airflow/example_dags/example_python_operator.py for tasks to queue
[2024-10-12T20:37:39.494+0000] {logging_mixin.py:190} INFO - [2024-10-12T20:37:39.493+0000] {dagbag.py:588} INFO - Filling up the DagBag from /home/airflow/.local/lib/python3.12/site-packages/airflow/example_dags/example_python_operator.py
[2024-10-12T20:37:39.523+0000] {processor.py:925} INFO - DAG(s) 'example_python_operator' retrieved from /home/airflow/.local/lib/python3.12/site-packages/airflow/example_dags/example_python_operator.py
[2024-10-12T20:37:39.579+0000] {logging_mixin.py:190} INFO - [2024-10-12T20:37:39.578+0000] {dag.py:3239} INFO - Sync 1 DAGs
[2024-10-12T20:37:39.615+0000] {logging_mixin.py:190} INFO - [2024-10-12T20:37:39.614+0000] {dag.py:4180} INFO - Setting next_dagrun for example_python_operator to None, run_after=None
[2024-10-12T20:37:39.661+0000] {processor.py:208} INFO - Processing /home/airflow/.local/lib/python3.12/site-packages/airflow/example_dags/example_python_operator.py took 0.187 seconds
[2024-10-12T20:38:10.532+0000] {processor.py:186} INFO - Started process (PID=410) to work on /home/airflow/.local/lib/python3.12/site-packages/airflow/example_dags/example_python_operator.py
[2024-10-12T20:38:10.555+0000] {processor.py:914} INFO - Processing file /home/airflow/.local/lib/python3.12/site-packages/airflow/example_dags/example_python_operator.py for tasks to queue
[2024-10-12T20:38:10.594+0000] {logging_mixin.py:190} INFO - [2024-10-12T20:38:10.593+0000] {dagbag.py:588} INFO - Filling up the DagBag from /home/airflow/.local/lib/python3.12/site-packages/airflow/example_dags/example_python_operator.py
[2024-10-12T20:38:10.630+0000] {processor.py:925} INFO - DAG(s) 'example_python_operator' retrieved from /home/airflow/.local/lib/python3.12/site-packages/airflow/example_dags/example_python_operator.py
[2024-10-12T20:38:10.726+0000] {logging_mixin.py:190} INFO - [2024-10-12T20:38:10.726+0000] {dag.py:3239} INFO - Sync 1 DAGs
[2024-10-12T20:38:10.822+0000] {logging_mixin.py:190} INFO - [2024-10-12T20:38:10.821+0000] {dag.py:4180} INFO - Setting next_dagrun for example_python_operator to None, run_after=None
[2024-10-12T20:38:10.869+0000] {processor.py:208} INFO - Processing /home/airflow/.local/lib/python3.12/site-packages/airflow/example_dags/example_python_operator.py took 0.356 seconds
[2024-10-12T20:38:41.199+0000] {processor.py:186} INFO - Started process (PID=472) to work on /home/airflow/.local/lib/python3.12/site-packages/airflow/example_dags/example_python_operator.py
[2024-10-12T20:38:41.201+0000] {processor.py:914} INFO - Processing file /home/airflow/.local/lib/python3.12/site-packages/airflow/example_dags/example_python_operator.py for tasks to queue
[2024-10-12T20:38:41.205+0000] {logging_mixin.py:190} INFO - [2024-10-12T20:38:41.205+0000] {dagbag.py:588} INFO - Filling up the DagBag from /home/airflow/.local/lib/python3.12/site-packages/airflow/example_dags/example_python_operator.py
[2024-10-12T20:38:41.223+0000] {processor.py:925} INFO - DAG(s) 'example_python_operator' retrieved from /home/airflow/.local/lib/python3.12/site-packages/airflow/example_dags/example_python_operator.py
[2024-10-12T20:38:41.258+0000] {logging_mixin.py:190} INFO - [2024-10-12T20:38:41.258+0000] {dag.py:3239} INFO - Sync 1 DAGs
[2024-10-12T20:38:41.282+0000] {logging_mixin.py:190} INFO - [2024-10-12T20:38:41.282+0000] {dag.py:4180} INFO - Setting next_dagrun for example_python_operator to None, run_after=None
[2024-10-12T20:38:41.317+0000] {processor.py:208} INFO - Processing /home/airflow/.local/lib/python3.12/site-packages/airflow/example_dags/example_python_operator.py took 0.132 seconds
[2024-10-12T20:39:11.721+0000] {processor.py:186} INFO - Started process (PID=534) to work on /home/airflow/.local/lib/python3.12/site-packages/airflow/example_dags/example_python_operator.py
[2024-10-12T20:39:11.723+0000] {processor.py:914} INFO - Processing file /home/airflow/.local/lib/python3.12/site-packages/airflow/example_dags/example_python_operator.py for tasks to queue
[2024-10-12T20:39:11.728+0000] {logging_mixin.py:190} INFO - [2024-10-12T20:39:11.728+0000] {dagbag.py:588} INFO - Filling up the DagBag from /home/airflow/.local/lib/python3.12/site-packages/airflow/example_dags/example_python_operator.py
[2024-10-12T20:39:11.749+0000] {processor.py:925} INFO - DAG(s) 'example_python_operator' retrieved from /home/airflow/.local/lib/python3.12/site-packages/airflow/example_dags/example_python_operator.py
[2024-10-12T20:39:11.781+0000] {logging_mixin.py:190} INFO - [2024-10-12T20:39:11.781+0000] {dag.py:3239} INFO - Sync 1 DAGs
[2024-10-12T20:39:11.802+0000] {logging_mixin.py:190} INFO - [2024-10-12T20:39:11.801+0000] {dag.py:4180} INFO - Setting next_dagrun for example_python_operator to None, run_after=None
[2024-10-12T20:39:11.835+0000] {processor.py:208} INFO - Processing /home/airflow/.local/lib/python3.12/site-packages/airflow/example_dags/example_python_operator.py took 0.125 seconds
[2024-10-12T20:39:42.253+0000] {processor.py:186} INFO - Started process (PID=596) to work on /home/airflow/.local/lib/python3.12/site-packages/airflow/example_dags/example_python_operator.py
[2024-10-12T20:39:42.254+0000] {processor.py:914} INFO - Processing file /home/airflow/.local/lib/python3.12/site-packages/airflow/example_dags/example_python_operator.py for tasks to queue
[2024-10-12T20:39:42.258+0000] {logging_mixin.py:190} INFO - [2024-10-12T20:39:42.257+0000] {dagbag.py:588} INFO - Filling up the DagBag from /home/airflow/.local/lib/python3.12/site-packages/airflow/example_dags/example_python_operator.py
[2024-10-12T20:39:42.272+0000] {processor.py:925} INFO - DAG(s) 'example_python_operator' retrieved from /home/airflow/.local/lib/python3.12/site-packages/airflow/example_dags/example_python_operator.py
[2024-10-12T20:39:42.306+0000] {logging_mixin.py:190} INFO - [2024-10-12T20:39:42.305+0000] {dag.py:3239} INFO - Sync 1 DAGs
[2024-10-12T20:39:42.324+0000] {logging_mixin.py:190} INFO - [2024-10-12T20:39:42.324+0000] {dag.py:4180} INFO - Setting next_dagrun for example_python_operator to None, run_after=None
[2024-10-12T20:39:42.350+0000] {processor.py:208} INFO - Processing /home/airflow/.local/lib/python3.12/site-packages/airflow/example_dags/example_python_operator.py took 0.109 seconds
[2024-10-12T20:40:12.587+0000] {processor.py:186} INFO - Started process (PID=657) to work on /home/airflow/.local/lib/python3.12/site-packages/airflow/example_dags/example_python_operator.py
[2024-10-12T20:40:12.600+0000] {processor.py:914} INFO - Processing file /home/airflow/.local/lib/python3.12/site-packages/airflow/example_dags/example_python_operator.py for tasks to queue
[2024-10-12T20:40:12.616+0000] {logging_mixin.py:190} INFO - [2024-10-12T20:40:12.605+0000] {dagbag.py:588} INFO - Filling up the DagBag from /home/airflow/.local/lib/python3.12/site-packages/airflow/example_dags/example_python_operator.py
[2024-10-12T20:40:12.645+0000] {processor.py:925} INFO - DAG(s) 'example_python_operator' retrieved from /home/airflow/.local/lib/python3.12/site-packages/airflow/example_dags/example_python_operator.py
[2024-10-12T20:40:12.681+0000] {logging_mixin.py:190} INFO - [2024-10-12T20:40:12.680+0000] {dag.py:3239} INFO - Sync 1 DAGs
[2024-10-12T20:40:12.748+0000] {logging_mixin.py:190} INFO - [2024-10-12T20:40:12.748+0000] {dag.py:4180} INFO - Setting next_dagrun for example_python_operator to None, run_after=None
[2024-10-12T20:40:12.794+0000] {processor.py:208} INFO - Processing /home/airflow/.local/lib/python3.12/site-packages/airflow/example_dags/example_python_operator.py took 0.229 seconds
[2024-10-12T20:40:43.481+0000] {processor.py:186} INFO - Started process (PID=719) to work on /home/airflow/.local/lib/python3.12/site-packages/airflow/example_dags/example_python_operator.py
[2024-10-12T20:40:43.483+0000] {processor.py:914} INFO - Processing file /home/airflow/.local/lib/python3.12/site-packages/airflow/example_dags/example_python_operator.py for tasks to queue
[2024-10-12T20:40:43.487+0000] {logging_mixin.py:190} INFO - [2024-10-12T20:40:43.487+0000] {dagbag.py:588} INFO - Filling up the DagBag from /home/airflow/.local/lib/python3.12/site-packages/airflow/example_dags/example_python_operator.py
[2024-10-12T20:40:43.511+0000] {processor.py:925} INFO - DAG(s) 'example_python_operator' retrieved from /home/airflow/.local/lib/python3.12/site-packages/airflow/example_dags/example_python_operator.py
[2024-10-12T20:40:43.551+0000] {logging_mixin.py:190} INFO - [2024-10-12T20:40:43.550+0000] {dag.py:3239} INFO - Sync 1 DAGs
[2024-10-12T20:40:43.575+0000] {logging_mixin.py:190} INFO - [2024-10-12T20:40:43.574+0000] {dag.py:4180} INFO - Setting next_dagrun for example_python_operator to None, run_after=None
[2024-10-12T20:40:43.615+0000] {processor.py:208} INFO - Processing /home/airflow/.local/lib/python3.12/site-packages/airflow/example_dags/example_python_operator.py took 0.146 seconds
[2024-10-12T20:41:14.002+0000] {processor.py:186} INFO - Started process (PID=781) to work on /home/airflow/.local/lib/python3.12/site-packages/airflow/example_dags/example_python_operator.py
[2024-10-12T20:41:14.004+0000] {processor.py:914} INFO - Processing file /home/airflow/.local/lib/python3.12/site-packages/airflow/example_dags/example_python_operator.py for tasks to queue
[2024-10-12T20:41:14.007+0000] {logging_mixin.py:190} INFO - [2024-10-12T20:41:14.007+0000] {dagbag.py:588} INFO - Filling up the DagBag from /home/airflow/.local/lib/python3.12/site-packages/airflow/example_dags/example_python_operator.py
[2024-10-12T20:41:14.024+0000] {processor.py:925} INFO - DAG(s) 'example_python_operator' retrieved from /home/airflow/.local/lib/python3.12/site-packages/airflow/example_dags/example_python_operator.py
[2024-10-12T20:41:14.060+0000] {logging_mixin.py:190} INFO - [2024-10-12T20:41:14.058+0000] {dag.py:3239} INFO - Sync 1 DAGs
[2024-10-12T20:41:14.082+0000] {logging_mixin.py:190} INFO - [2024-10-12T20:41:14.082+0000] {dag.py:4180} INFO - Setting next_dagrun for example_python_operator to None, run_after=None
[2024-10-12T20:41:14.121+0000] {processor.py:208} INFO - Processing /home/airflow/.local/lib/python3.12/site-packages/airflow/example_dags/example_python_operator.py took 0.129 seconds
[2024-10-12T20:41:44.755+0000] {processor.py:186} INFO - Started process (PID=843) to work on /home/airflow/.local/lib/python3.12/site-packages/airflow/example_dags/example_python_operator.py
[2024-10-12T20:41:44.757+0000] {processor.py:914} INFO - Processing file /home/airflow/.local/lib/python3.12/site-packages/airflow/example_dags/example_python_operator.py for tasks to queue
[2024-10-12T20:41:44.763+0000] {logging_mixin.py:190} INFO - [2024-10-12T20:41:44.762+0000] {dagbag.py:588} INFO - Filling up the DagBag from /home/airflow/.local/lib/python3.12/site-packages/airflow/example_dags/example_python_operator.py
[2024-10-12T20:41:44.783+0000] {processor.py:925} INFO - DAG(s) 'example_python_operator' retrieved from /home/airflow/.local/lib/python3.12/site-packages/airflow/example_dags/example_python_operator.py
[2024-10-12T20:41:44.823+0000] {logging_mixin.py:190} INFO - [2024-10-12T20:41:44.822+0000] {dag.py:3239} INFO - Sync 1 DAGs
[2024-10-12T20:41:44.851+0000] {logging_mixin.py:190} INFO - [2024-10-12T20:41:44.851+0000] {dag.py:4180} INFO - Setting next_dagrun for example_python_operator to None, run_after=None
[2024-10-12T20:41:44.895+0000] {processor.py:208} INFO - Processing /home/airflow/.local/lib/python3.12/site-packages/airflow/example_dags/example_python_operator.py took 0.150 seconds
[2024-10-12T20:42:15.050+0000] {processor.py:186} INFO - Started process (PID=905) to work on /home/airflow/.local/lib/python3.12/site-packages/airflow/example_dags/example_python_operator.py
[2024-10-12T20:42:15.052+0000] {processor.py:914} INFO - Processing file /home/airflow/.local/lib/python3.12/site-packages/airflow/example_dags/example_python_operator.py for tasks to queue
[2024-10-12T20:42:15.057+0000] {logging_mixin.py:190} INFO - [2024-10-12T20:42:15.056+0000] {dagbag.py:588} INFO - Filling up the DagBag from /home/airflow/.local/lib/python3.12/site-packages/airflow/example_dags/example_python_operator.py
[2024-10-12T20:42:15.078+0000] {processor.py:925} INFO - DAG(s) 'example_python_operator' retrieved from /home/airflow/.local/lib/python3.12/site-packages/airflow/example_dags/example_python_operator.py
[2024-10-12T20:42:15.119+0000] {logging_mixin.py:190} INFO - [2024-10-12T20:42:15.118+0000] {dag.py:3239} INFO - Sync 1 DAGs
[2024-10-12T20:42:15.142+0000] {logging_mixin.py:190} INFO - [2024-10-12T20:42:15.142+0000] {dag.py:4180} INFO - Setting next_dagrun for example_python_operator to None, run_after=None
[2024-10-12T20:42:15.172+0000] {processor.py:208} INFO - Processing /home/airflow/.local/lib/python3.12/site-packages/airflow/example_dags/example_python_operator.py took 0.136 seconds
[2024-10-12T20:42:45.385+0000] {processor.py:186} INFO - Started process (PID=967) to work on /home/airflow/.local/lib/python3.12/site-packages/airflow/example_dags/example_python_operator.py
[2024-10-12T20:42:45.387+0000] {processor.py:914} INFO - Processing file /home/airflow/.local/lib/python3.12/site-packages/airflow/example_dags/example_python_operator.py for tasks to queue
[2024-10-12T20:42:45.393+0000] {logging_mixin.py:190} INFO - [2024-10-12T20:42:45.392+0000] {dagbag.py:588} INFO - Filling up the DagBag from /home/airflow/.local/lib/python3.12/site-packages/airflow/example_dags/example_python_operator.py
[2024-10-12T20:42:45.414+0000] {processor.py:925} INFO - DAG(s) 'example_python_operator' retrieved from /home/airflow/.local/lib/python3.12/site-packages/airflow/example_dags/example_python_operator.py
[2024-10-12T20:42:45.447+0000] {logging_mixin.py:190} INFO - [2024-10-12T20:42:45.447+0000] {dag.py:3239} INFO - Sync 1 DAGs
[2024-10-12T20:42:45.468+0000] {logging_mixin.py:190} INFO - [2024-10-12T20:42:45.467+0000] {dag.py:4180} INFO - Setting next_dagrun for example_python_operator to None, run_after=None
[2024-10-12T20:42:45.497+0000] {processor.py:208} INFO - Processing /home/airflow/.local/lib/python3.12/site-packages/airflow/example_dags/example_python_operator.py took 0.123 seconds
[2024-10-12T20:43:15.682+0000] {processor.py:186} INFO - Started process (PID=1029) to work on /home/airflow/.local/lib/python3.12/site-packages/airflow/example_dags/example_python_operator.py
[2024-10-12T20:43:15.684+0000] {processor.py:914} INFO - Processing file /home/airflow/.local/lib/python3.12/site-packages/airflow/example_dags/example_python_operator.py for tasks to queue
[2024-10-12T20:43:15.688+0000] {logging_mixin.py:190} INFO - [2024-10-12T20:43:15.687+0000] {dagbag.py:588} INFO - Filling up the DagBag from /home/airflow/.local/lib/python3.12/site-packages/airflow/example_dags/example_python_operator.py
[2024-10-12T20:43:15.703+0000] {processor.py:925} INFO - DAG(s) 'example_python_operator' retrieved from /home/airflow/.local/lib/python3.12/site-packages/airflow/example_dags/example_python_operator.py
[2024-10-12T20:43:15.739+0000] {logging_mixin.py:190} INFO - [2024-10-12T20:43:15.738+0000] {dag.py:3239} INFO - Sync 1 DAGs
[2024-10-12T20:43:15.765+0000] {logging_mixin.py:190} INFO - [2024-10-12T20:43:15.764+0000] {dag.py:4180} INFO - Setting next_dagrun for example_python_operator to None, run_after=None
[2024-10-12T20:43:15.802+0000] {processor.py:208} INFO - Processing /home/airflow/.local/lib/python3.12/site-packages/airflow/example_dags/example_python_operator.py took 0.133 seconds
[2024-10-12T20:43:46.237+0000] {processor.py:186} INFO - Started process (PID=1090) to work on /home/airflow/.local/lib/python3.12/site-packages/airflow/example_dags/example_python_operator.py
[2024-10-12T20:43:46.239+0000] {processor.py:914} INFO - Processing file /home/airflow/.local/lib/python3.12/site-packages/airflow/example_dags/example_python_operator.py for tasks to queue
[2024-10-12T20:43:46.245+0000] {logging_mixin.py:190} INFO - [2024-10-12T20:43:46.245+0000] {dagbag.py:588} INFO - Filling up the DagBag from /home/airflow/.local/lib/python3.12/site-packages/airflow/example_dags/example_python_operator.py
[2024-10-12T20:43:46.267+0000] {processor.py:925} INFO - DAG(s) 'example_python_operator' retrieved from /home/airflow/.local/lib/python3.12/site-packages/airflow/example_dags/example_python_operator.py
[2024-10-12T20:43:46.307+0000] {logging_mixin.py:190} INFO - [2024-10-12T20:43:46.307+0000] {dag.py:3239} INFO - Sync 1 DAGs
[2024-10-12T20:43:46.333+0000] {logging_mixin.py:190} INFO - [2024-10-12T20:43:46.332+0000] {dag.py:4180} INFO - Setting next_dagrun for example_python_operator to None, run_after=None
[2024-10-12T20:43:46.369+0000] {processor.py:208} INFO - Processing /home/airflow/.local/lib/python3.12/site-packages/airflow/example_dags/example_python_operator.py took 0.144 seconds
[2024-10-12T20:44:16.867+0000] {processor.py:186} INFO - Started process (PID=1152) to work on /home/airflow/.local/lib/python3.12/site-packages/airflow/example_dags/example_python_operator.py
[2024-10-12T20:44:16.869+0000] {processor.py:914} INFO - Processing file /home/airflow/.local/lib/python3.12/site-packages/airflow/example_dags/example_python_operator.py for tasks to queue
[2024-10-12T20:44:16.874+0000] {logging_mixin.py:190} INFO - [2024-10-12T20:44:16.873+0000] {dagbag.py:588} INFO - Filling up the DagBag from /home/airflow/.local/lib/python3.12/site-packages/airflow/example_dags/example_python_operator.py
[2024-10-12T20:44:16.902+0000] {processor.py:925} INFO - DAG(s) 'example_python_operator' retrieved from /home/airflow/.local/lib/python3.12/site-packages/airflow/example_dags/example_python_operator.py
[2024-10-12T20:44:16.936+0000] {logging_mixin.py:190} INFO - [2024-10-12T20:44:16.935+0000] {dag.py:3239} INFO - Sync 1 DAGs
[2024-10-12T20:44:16.956+0000] {logging_mixin.py:190} INFO - [2024-10-12T20:44:16.955+0000] {dag.py:4180} INFO - Setting next_dagrun for example_python_operator to None, run_after=None
[2024-10-12T20:44:16.989+0000] {processor.py:208} INFO - Processing /home/airflow/.local/lib/python3.12/site-packages/airflow/example_dags/example_python_operator.py took 0.138 seconds
[2024-10-12T20:44:47.701+0000] {processor.py:186} INFO - Started process (PID=1214) to work on /home/airflow/.local/lib/python3.12/site-packages/airflow/example_dags/example_python_operator.py
[2024-10-12T20:44:47.704+0000] {processor.py:914} INFO - Processing file /home/airflow/.local/lib/python3.12/site-packages/airflow/example_dags/example_python_operator.py for tasks to queue
[2024-10-12T20:44:47.708+0000] {logging_mixin.py:190} INFO - [2024-10-12T20:44:47.708+0000] {dagbag.py:588} INFO - Filling up the DagBag from /home/airflow/.local/lib/python3.12/site-packages/airflow/example_dags/example_python_operator.py
[2024-10-12T20:44:47.732+0000] {processor.py:925} INFO - DAG(s) 'example_python_operator' retrieved from /home/airflow/.local/lib/python3.12/site-packages/airflow/example_dags/example_python_operator.py
[2024-10-12T20:44:47.771+0000] {logging_mixin.py:190} INFO - [2024-10-12T20:44:47.770+0000] {dag.py:3239} INFO - Sync 1 DAGs
[2024-10-12T20:44:47.802+0000] {logging_mixin.py:190} INFO - [2024-10-12T20:44:47.801+0000] {dag.py:4180} INFO - Setting next_dagrun for example_python_operator to None, run_after=None
[2024-10-12T20:44:47.831+0000] {processor.py:208} INFO - Processing /home/airflow/.local/lib/python3.12/site-packages/airflow/example_dags/example_python_operator.py took 0.144 seconds
[2024-10-12T20:45:18.013+0000] {processor.py:186} INFO - Started process (PID=1276) to work on /home/airflow/.local/lib/python3.12/site-packages/airflow/example_dags/example_python_operator.py
[2024-10-12T20:45:18.015+0000] {processor.py:914} INFO - Processing file /home/airflow/.local/lib/python3.12/site-packages/airflow/example_dags/example_python_operator.py for tasks to queue
[2024-10-12T20:45:18.020+0000] {logging_mixin.py:190} INFO - [2024-10-12T20:45:18.019+0000] {dagbag.py:588} INFO - Filling up the DagBag from /home/airflow/.local/lib/python3.12/site-packages/airflow/example_dags/example_python_operator.py
[2024-10-12T20:45:18.038+0000] {processor.py:925} INFO - DAG(s) 'example_python_operator' retrieved from /home/airflow/.local/lib/python3.12/site-packages/airflow/example_dags/example_python_operator.py
[2024-10-12T20:45:18.083+0000] {logging_mixin.py:190} INFO - [2024-10-12T20:45:18.083+0000] {dag.py:3239} INFO - Sync 1 DAGs
[2024-10-12T20:45:18.108+0000] {logging_mixin.py:190} INFO - [2024-10-12T20:45:18.108+0000] {dag.py:4180} INFO - Setting next_dagrun for example_python_operator to None, run_after=None
[2024-10-12T20:45:18.142+0000] {processor.py:208} INFO - Processing /home/airflow/.local/lib/python3.12/site-packages/airflow/example_dags/example_python_operator.py took 0.138 seconds
[2024-10-12T20:45:48.896+0000] {processor.py:186} INFO - Started process (PID=1338) to work on /home/airflow/.local/lib/python3.12/site-packages/airflow/example_dags/example_python_operator.py
[2024-10-12T20:45:48.898+0000] {processor.py:914} INFO - Processing file /home/airflow/.local/lib/python3.12/site-packages/airflow/example_dags/example_python_operator.py for tasks to queue
[2024-10-12T20:45:48.903+0000] {logging_mixin.py:190} INFO - [2024-10-12T20:45:48.902+0000] {dagbag.py:588} INFO - Filling up the DagBag from /home/airflow/.local/lib/python3.12/site-packages/airflow/example_dags/example_python_operator.py
[2024-10-12T20:45:48.929+0000] {processor.py:925} INFO - DAG(s) 'example_python_operator' retrieved from /home/airflow/.local/lib/python3.12/site-packages/airflow/example_dags/example_python_operator.py
[2024-10-12T20:45:48.965+0000] {logging_mixin.py:190} INFO - [2024-10-12T20:45:48.965+0000] {dag.py:3239} INFO - Sync 1 DAGs
[2024-10-12T20:45:48.994+0000] {logging_mixin.py:190} INFO - [2024-10-12T20:45:48.994+0000] {dag.py:4180} INFO - Setting next_dagrun for example_python_operator to None, run_after=None
[2024-10-12T20:45:49.028+0000] {processor.py:208} INFO - Processing /home/airflow/.local/lib/python3.12/site-packages/airflow/example_dags/example_python_operator.py took 0.147 seconds
[2024-10-12T20:46:19.370+0000] {processor.py:186} INFO - Started process (PID=1400) to work on /home/airflow/.local/lib/python3.12/site-packages/airflow/example_dags/example_python_operator.py
[2024-10-12T20:46:19.372+0000] {processor.py:914} INFO - Processing file /home/airflow/.local/lib/python3.12/site-packages/airflow/example_dags/example_python_operator.py for tasks to queue
[2024-10-12T20:46:19.377+0000] {logging_mixin.py:190} INFO - [2024-10-12T20:46:19.376+0000] {dagbag.py:588} INFO - Filling up the DagBag from /home/airflow/.local/lib/python3.12/site-packages/airflow/example_dags/example_python_operator.py
[2024-10-12T20:46:19.400+0000] {processor.py:925} INFO - DAG(s) 'example_python_operator' retrieved from /home/airflow/.local/lib/python3.12/site-packages/airflow/example_dags/example_python_operator.py
[2024-10-12T20:46:19.437+0000] {logging_mixin.py:190} INFO - [2024-10-12T20:46:19.437+0000] {dag.py:3239} INFO - Sync 1 DAGs
[2024-10-12T20:46:19.468+0000] {logging_mixin.py:190} INFO - [2024-10-12T20:46:19.467+0000] {dag.py:4180} INFO - Setting next_dagrun for example_python_operator to None, run_after=None
[2024-10-12T20:46:19.506+0000] {processor.py:208} INFO - Processing /home/airflow/.local/lib/python3.12/site-packages/airflow/example_dags/example_python_operator.py took 0.146 seconds
[2024-10-12T20:46:49.644+0000] {processor.py:186} INFO - Started process (PID=1462) to work on /home/airflow/.local/lib/python3.12/site-packages/airflow/example_dags/example_python_operator.py
[2024-10-12T20:46:49.646+0000] {processor.py:914} INFO - Processing file /home/airflow/.local/lib/python3.12/site-packages/airflow/example_dags/example_python_operator.py for tasks to queue
[2024-10-12T20:46:49.651+0000] {logging_mixin.py:190} INFO - [2024-10-12T20:46:49.650+0000] {dagbag.py:588} INFO - Filling up the DagBag from /home/airflow/.local/lib/python3.12/site-packages/airflow/example_dags/example_python_operator.py
[2024-10-12T20:46:49.670+0000] {processor.py:925} INFO - DAG(s) 'example_python_operator' retrieved from /home/airflow/.local/lib/python3.12/site-packages/airflow/example_dags/example_python_operator.py
[2024-10-12T20:46:49.704+0000] {logging_mixin.py:190} INFO - [2024-10-12T20:46:49.704+0000] {dag.py:3239} INFO - Sync 1 DAGs
[2024-10-12T20:46:49.724+0000] {logging_mixin.py:190} INFO - [2024-10-12T20:46:49.724+0000] {dag.py:4180} INFO - Setting next_dagrun for example_python_operator to None, run_after=None
[2024-10-12T20:46:49.809+0000] {processor.py:208} INFO - Processing /home/airflow/.local/lib/python3.12/site-packages/airflow/example_dags/example_python_operator.py took 0.175 seconds
[2024-10-12T20:47:20.273+0000] {processor.py:186} INFO - Started process (PID=1524) to work on /home/airflow/.local/lib/python3.12/site-packages/airflow/example_dags/example_python_operator.py
[2024-10-12T20:47:20.281+0000] {processor.py:914} INFO - Processing file /home/airflow/.local/lib/python3.12/site-packages/airflow/example_dags/example_python_operator.py for tasks to queue
[2024-10-12T20:47:20.295+0000] {logging_mixin.py:190} INFO - [2024-10-12T20:47:20.294+0000] {dagbag.py:588} INFO - Filling up the DagBag from /home/airflow/.local/lib/python3.12/site-packages/airflow/example_dags/example_python_operator.py
[2024-10-12T20:47:20.323+0000] {processor.py:925} INFO - DAG(s) 'example_python_operator' retrieved from /home/airflow/.local/lib/python3.12/site-packages/airflow/example_dags/example_python_operator.py
[2024-10-12T20:47:20.371+0000] {logging_mixin.py:190} INFO - [2024-10-12T20:47:20.370+0000] {dag.py:3239} INFO - Sync 1 DAGs
[2024-10-12T20:47:20.402+0000] {logging_mixin.py:190} INFO - [2024-10-12T20:47:20.402+0000] {dag.py:4180} INFO - Setting next_dagrun for example_python_operator to None, run_after=None
[2024-10-12T20:47:20.449+0000] {processor.py:208} INFO - Processing /home/airflow/.local/lib/python3.12/site-packages/airflow/example_dags/example_python_operator.py took 0.188 seconds
[2024-10-12T20:47:51.025+0000] {processor.py:186} INFO - Started process (PID=1586) to work on /home/airflow/.local/lib/python3.12/site-packages/airflow/example_dags/example_python_operator.py
[2024-10-12T20:47:51.027+0000] {processor.py:914} INFO - Processing file /home/airflow/.local/lib/python3.12/site-packages/airflow/example_dags/example_python_operator.py for tasks to queue
[2024-10-12T20:47:51.033+0000] {logging_mixin.py:190} INFO - [2024-10-12T20:47:51.032+0000] {dagbag.py:588} INFO - Filling up the DagBag from /home/airflow/.local/lib/python3.12/site-packages/airflow/example_dags/example_python_operator.py
[2024-10-12T20:47:51.055+0000] {processor.py:925} INFO - DAG(s) 'example_python_operator' retrieved from /home/airflow/.local/lib/python3.12/site-packages/airflow/example_dags/example_python_operator.py
[2024-10-12T20:47:51.093+0000] {logging_mixin.py:190} INFO - [2024-10-12T20:47:51.092+0000] {dag.py:3239} INFO - Sync 1 DAGs
[2024-10-12T20:47:51.113+0000] {logging_mixin.py:190} INFO - [2024-10-12T20:47:51.113+0000] {dag.py:4180} INFO - Setting next_dagrun for example_python_operator to None, run_after=None
[2024-10-12T20:47:51.140+0000] {processor.py:208} INFO - Processing /home/airflow/.local/lib/python3.12/site-packages/airflow/example_dags/example_python_operator.py took 0.129 seconds
[2024-10-12T20:48:22.057+0000] {processor.py:186} INFO - Started process (PID=1649) to work on /home/airflow/.local/lib/python3.12/site-packages/airflow/example_dags/example_python_operator.py
[2024-10-12T20:48:22.058+0000] {processor.py:914} INFO - Processing file /home/airflow/.local/lib/python3.12/site-packages/airflow/example_dags/example_python_operator.py for tasks to queue
[2024-10-12T20:48:22.062+0000] {logging_mixin.py:190} INFO - [2024-10-12T20:48:22.061+0000] {dagbag.py:588} INFO - Filling up the DagBag from /home/airflow/.local/lib/python3.12/site-packages/airflow/example_dags/example_python_operator.py
[2024-10-12T20:48:22.085+0000] {processor.py:925} INFO - DAG(s) 'example_python_operator' retrieved from /home/airflow/.local/lib/python3.12/site-packages/airflow/example_dags/example_python_operator.py
[2024-10-12T20:48:22.124+0000] {logging_mixin.py:190} INFO - [2024-10-12T20:48:22.123+0000] {dag.py:3239} INFO - Sync 1 DAGs
[2024-10-12T20:48:22.149+0000] {logging_mixin.py:190} INFO - [2024-10-12T20:48:22.149+0000] {dag.py:4180} INFO - Setting next_dagrun for example_python_operator to None, run_after=None
[2024-10-12T20:48:22.179+0000] {processor.py:208} INFO - Processing /home/airflow/.local/lib/python3.12/site-packages/airflow/example_dags/example_python_operator.py took 0.133 seconds
[2024-10-12T20:48:53.121+0000] {processor.py:186} INFO - Started process (PID=1711) to work on /home/airflow/.local/lib/python3.12/site-packages/airflow/example_dags/example_python_operator.py
[2024-10-12T20:48:53.123+0000] {processor.py:914} INFO - Processing file /home/airflow/.local/lib/python3.12/site-packages/airflow/example_dags/example_python_operator.py for tasks to queue
[2024-10-12T20:48:53.129+0000] {logging_mixin.py:190} INFO - [2024-10-12T20:48:53.128+0000] {dagbag.py:588} INFO - Filling up the DagBag from /home/airflow/.local/lib/python3.12/site-packages/airflow/example_dags/example_python_operator.py
[2024-10-12T20:48:53.150+0000] {processor.py:925} INFO - DAG(s) 'example_python_operator' retrieved from /home/airflow/.local/lib/python3.12/site-packages/airflow/example_dags/example_python_operator.py
[2024-10-12T20:48:53.184+0000] {logging_mixin.py:190} INFO - [2024-10-12T20:48:53.184+0000] {dag.py:3239} INFO - Sync 1 DAGs
[2024-10-12T20:48:53.241+0000] {logging_mixin.py:190} INFO - [2024-10-12T20:48:53.240+0000] {dag.py:4180} INFO - Setting next_dagrun for example_python_operator to None, run_after=None
[2024-10-12T20:48:53.312+0000] {processor.py:208} INFO - Processing /home/airflow/.local/lib/python3.12/site-packages/airflow/example_dags/example_python_operator.py took 0.201 seconds
[2024-10-12T20:49:23.805+0000] {processor.py:186} INFO - Started process (PID=1773) to work on /home/airflow/.local/lib/python3.12/site-packages/airflow/example_dags/example_python_operator.py
[2024-10-12T20:49:23.806+0000] {processor.py:914} INFO - Processing file /home/airflow/.local/lib/python3.12/site-packages/airflow/example_dags/example_python_operator.py for tasks to queue
[2024-10-12T20:49:23.810+0000] {logging_mixin.py:190} INFO - [2024-10-12T20:49:23.810+0000] {dagbag.py:588} INFO - Filling up the DagBag from /home/airflow/.local/lib/python3.12/site-packages/airflow/example_dags/example_python_operator.py
[2024-10-12T20:49:23.828+0000] {processor.py:925} INFO - DAG(s) 'example_python_operator' retrieved from /home/airflow/.local/lib/python3.12/site-packages/airflow/example_dags/example_python_operator.py
[2024-10-12T20:49:23.864+0000] {logging_mixin.py:190} INFO - [2024-10-12T20:49:23.864+0000] {dag.py:3239} INFO - Sync 1 DAGs
[2024-10-12T20:49:23.886+0000] {logging_mixin.py:190} INFO - [2024-10-12T20:49:23.886+0000] {dag.py:4180} INFO - Setting next_dagrun for example_python_operator to None, run_after=None
[2024-10-12T20:49:23.926+0000] {processor.py:208} INFO - Processing /home/airflow/.local/lib/python3.12/site-packages/airflow/example_dags/example_python_operator.py took 0.133 seconds
[2024-10-12T20:49:54.107+0000] {processor.py:186} INFO - Started process (PID=1835) to work on /home/airflow/.local/lib/python3.12/site-packages/airflow/example_dags/example_python_operator.py
[2024-10-12T20:49:54.109+0000] {processor.py:914} INFO - Processing file /home/airflow/.local/lib/python3.12/site-packages/airflow/example_dags/example_python_operator.py for tasks to queue
[2024-10-12T20:49:54.113+0000] {logging_mixin.py:190} INFO - [2024-10-12T20:49:54.113+0000] {dagbag.py:588} INFO - Filling up the DagBag from /home/airflow/.local/lib/python3.12/site-packages/airflow/example_dags/example_python_operator.py
[2024-10-12T20:49:54.134+0000] {processor.py:925} INFO - DAG(s) 'example_python_operator' retrieved from /home/airflow/.local/lib/python3.12/site-packages/airflow/example_dags/example_python_operator.py
[2024-10-12T20:49:54.167+0000] {logging_mixin.py:190} INFO - [2024-10-12T20:49:54.166+0000] {dag.py:3239} INFO - Sync 1 DAGs
[2024-10-12T20:49:54.190+0000] {logging_mixin.py:190} INFO - [2024-10-12T20:49:54.188+0000] {dag.py:4180} INFO - Setting next_dagrun for example_python_operator to None, run_after=None
[2024-10-12T20:49:54.226+0000] {processor.py:208} INFO - Processing /home/airflow/.local/lib/python3.12/site-packages/airflow/example_dags/example_python_operator.py took 0.129 seconds
