[2024-10-12T20:35:35.056+0000] {processor.py:186} INFO - Started process (PID=98) to work on /home/airflow/.local/lib/python3.12/site-packages/airflow/example_dags/example_python_decorator.py
[2024-10-12T20:35:35.058+0000] {processor.py:914} INFO - Processing file /home/airflow/.local/lib/python3.12/site-packages/airflow/example_dags/example_python_decorator.py for tasks to queue
[2024-10-12T20:35:35.068+0000] {logging_mixin.py:190} INFO - [2024-10-12T20:35:35.067+0000] {dagbag.py:588} INFO - Filling up the DagBag from /home/airflow/.local/lib/python3.12/site-packages/airflow/example_dags/example_python_decorator.py
[2024-10-12T20:35:35.090+0000] {processor.py:925} INFO - DAG(s) 'example_python_decorator' retrieved from /home/airflow/.local/lib/python3.12/site-packages/airflow/example_dags/example_python_decorator.py
[2024-10-12T20:35:35.238+0000] {logging_mixin.py:190} INFO - [2024-10-12T20:35:35.238+0000] {override.py:1900} INFO - Created Permission View: can delete on DAG:example_python_decorator
[2024-10-12T20:35:35.275+0000] {logging_mixin.py:190} INFO - [2024-10-12T20:35:35.275+0000] {override.py:1900} INFO - Created Permission View: can edit on DAG:example_python_decorator
[2024-10-12T20:35:35.300+0000] {logging_mixin.py:190} INFO - [2024-10-12T20:35:35.300+0000] {override.py:1900} INFO - Created Permission View: can read on DAG:example_python_decorator
[2024-10-12T20:35:35.334+0000] {logging_mixin.py:190} INFO - [2024-10-12T20:35:35.334+0000] {override.py:1900} INFO - Created Permission View: can delete on DAG Run:example_python_decorator
[2024-10-12T20:35:35.418+0000] {logging_mixin.py:190} INFO - [2024-10-12T20:35:35.417+0000] {override.py:1900} INFO - Created Permission View: can create on DAG Run:example_python_decorator
[2024-10-12T20:35:35.464+0000] {logging_mixin.py:190} INFO - [2024-10-12T20:35:35.464+0000] {override.py:1900} INFO - Created Permission View: menu access on DAG Run:example_python_decorator
[2024-10-12T20:35:35.579+0000] {logging_mixin.py:190} INFO - [2024-10-12T20:35:35.579+0000] {override.py:1900} INFO - Created Permission View: can read on DAG Run:example_python_decorator
[2024-10-12T20:35:35.613+0000] {logging_mixin.py:190} INFO - [2024-10-12T20:35:35.612+0000] {dag.py:3239} INFO - Sync 1 DAGs
[2024-10-12T20:35:35.658+0000] {logging_mixin.py:190} INFO - [2024-10-12T20:35:35.658+0000] {dag.py:3262} INFO - Creating ORM DAG for example_python_decorator
[2024-10-12T20:35:35.667+0000] {logging_mixin.py:190} INFO - [2024-10-12T20:35:35.666+0000] {dag.py:4180} INFO - Setting next_dagrun for example_python_decorator to None, run_after=None
[2024-10-12T20:35:35.711+0000] {processor.py:208} INFO - Processing /home/airflow/.local/lib/python3.12/site-packages/airflow/example_dags/example_python_decorator.py took 0.665 seconds
[2024-10-12T20:36:06.526+0000] {processor.py:186} INFO - Started process (PID=160) to work on /home/airflow/.local/lib/python3.12/site-packages/airflow/example_dags/example_python_decorator.py
[2024-10-12T20:36:06.528+0000] {processor.py:914} INFO - Processing file /home/airflow/.local/lib/python3.12/site-packages/airflow/example_dags/example_python_decorator.py for tasks to queue
[2024-10-12T20:36:06.532+0000] {logging_mixin.py:190} INFO - [2024-10-12T20:36:06.532+0000] {dagbag.py:588} INFO - Filling up the DagBag from /home/airflow/.local/lib/python3.12/site-packages/airflow/example_dags/example_python_decorator.py
[2024-10-12T20:36:06.554+0000] {processor.py:925} INFO - DAG(s) 'example_python_decorator' retrieved from /home/airflow/.local/lib/python3.12/site-packages/airflow/example_dags/example_python_decorator.py
[2024-10-12T20:36:06.582+0000] {logging_mixin.py:190} INFO - [2024-10-12T20:36:06.581+0000] {dag.py:3239} INFO - Sync 1 DAGs
[2024-10-12T20:36:06.600+0000] {logging_mixin.py:190} INFO - [2024-10-12T20:36:06.599+0000] {dag.py:4180} INFO - Setting next_dagrun for example_python_decorator to None, run_after=None
[2024-10-12T20:36:06.624+0000] {processor.py:208} INFO - Processing /home/airflow/.local/lib/python3.12/site-packages/airflow/example_dags/example_python_decorator.py took 0.107 seconds
[2024-10-12T20:36:37.072+0000] {processor.py:186} INFO - Started process (PID=222) to work on /home/airflow/.local/lib/python3.12/site-packages/airflow/example_dags/example_python_decorator.py
[2024-10-12T20:36:37.074+0000] {processor.py:914} INFO - Processing file /home/airflow/.local/lib/python3.12/site-packages/airflow/example_dags/example_python_decorator.py for tasks to queue
[2024-10-12T20:36:37.079+0000] {logging_mixin.py:190} INFO - [2024-10-12T20:36:37.078+0000] {dagbag.py:588} INFO - Filling up the DagBag from /home/airflow/.local/lib/python3.12/site-packages/airflow/example_dags/example_python_decorator.py
[2024-10-12T20:36:37.108+0000] {processor.py:925} INFO - DAG(s) 'example_python_decorator' retrieved from /home/airflow/.local/lib/python3.12/site-packages/airflow/example_dags/example_python_decorator.py
[2024-10-12T20:36:37.142+0000] {logging_mixin.py:190} INFO - [2024-10-12T20:36:37.142+0000] {dag.py:3239} INFO - Sync 1 DAGs
[2024-10-12T20:36:37.168+0000] {logging_mixin.py:190} INFO - [2024-10-12T20:36:37.167+0000] {dag.py:4180} INFO - Setting next_dagrun for example_python_decorator to None, run_after=None
[2024-10-12T20:36:37.200+0000] {processor.py:208} INFO - Processing /home/airflow/.local/lib/python3.12/site-packages/airflow/example_dags/example_python_decorator.py took 0.146 seconds
[2024-10-12T20:37:07.379+0000] {processor.py:186} INFO - Started process (PID=284) to work on /home/airflow/.local/lib/python3.12/site-packages/airflow/example_dags/example_python_decorator.py
[2024-10-12T20:37:07.381+0000] {processor.py:914} INFO - Processing file /home/airflow/.local/lib/python3.12/site-packages/airflow/example_dags/example_python_decorator.py for tasks to queue
[2024-10-12T20:37:07.386+0000] {logging_mixin.py:190} INFO - [2024-10-12T20:37:07.385+0000] {dagbag.py:588} INFO - Filling up the DagBag from /home/airflow/.local/lib/python3.12/site-packages/airflow/example_dags/example_python_decorator.py
[2024-10-12T20:37:07.405+0000] {processor.py:925} INFO - DAG(s) 'example_python_decorator' retrieved from /home/airflow/.local/lib/python3.12/site-packages/airflow/example_dags/example_python_decorator.py
[2024-10-12T20:37:07.438+0000] {logging_mixin.py:190} INFO - [2024-10-12T20:37:07.438+0000] {dag.py:3239} INFO - Sync 1 DAGs
[2024-10-12T20:37:07.460+0000] {logging_mixin.py:190} INFO - [2024-10-12T20:37:07.459+0000] {dag.py:4180} INFO - Setting next_dagrun for example_python_decorator to None, run_after=None
[2024-10-12T20:37:07.493+0000] {processor.py:208} INFO - Processing /home/airflow/.local/lib/python3.12/site-packages/airflow/example_dags/example_python_decorator.py took 0.125 seconds
[2024-10-12T20:37:38.290+0000] {processor.py:186} INFO - Started process (PID=346) to work on /home/airflow/.local/lib/python3.12/site-packages/airflow/example_dags/example_python_decorator.py
[2024-10-12T20:37:38.292+0000] {processor.py:914} INFO - Processing file /home/airflow/.local/lib/python3.12/site-packages/airflow/example_dags/example_python_decorator.py for tasks to queue
[2024-10-12T20:37:38.296+0000] {logging_mixin.py:190} INFO - [2024-10-12T20:37:38.296+0000] {dagbag.py:588} INFO - Filling up the DagBag from /home/airflow/.local/lib/python3.12/site-packages/airflow/example_dags/example_python_decorator.py
[2024-10-12T20:37:38.322+0000] {processor.py:925} INFO - DAG(s) 'example_python_decorator' retrieved from /home/airflow/.local/lib/python3.12/site-packages/airflow/example_dags/example_python_decorator.py
[2024-10-12T20:37:38.375+0000] {logging_mixin.py:190} INFO - [2024-10-12T20:37:38.374+0000] {dag.py:3239} INFO - Sync 1 DAGs
[2024-10-12T20:37:38.401+0000] {logging_mixin.py:190} INFO - [2024-10-12T20:37:38.400+0000] {dag.py:4180} INFO - Setting next_dagrun for example_python_decorator to None, run_after=None
[2024-10-12T20:37:38.435+0000] {processor.py:208} INFO - Processing /home/airflow/.local/lib/python3.12/site-packages/airflow/example_dags/example_python_decorator.py took 0.156 seconds
[2024-10-12T20:38:08.943+0000] {processor.py:186} INFO - Started process (PID=408) to work on /home/airflow/.local/lib/python3.12/site-packages/airflow/example_dags/example_python_decorator.py
[2024-10-12T20:38:08.956+0000] {processor.py:914} INFO - Processing file /home/airflow/.local/lib/python3.12/site-packages/airflow/example_dags/example_python_decorator.py for tasks to queue
[2024-10-12T20:38:08.960+0000] {logging_mixin.py:190} INFO - [2024-10-12T20:38:08.960+0000] {dagbag.py:588} INFO - Filling up the DagBag from /home/airflow/.local/lib/python3.12/site-packages/airflow/example_dags/example_python_decorator.py
[2024-10-12T20:38:08.984+0000] {processor.py:925} INFO - DAG(s) 'example_python_decorator' retrieved from /home/airflow/.local/lib/python3.12/site-packages/airflow/example_dags/example_python_decorator.py
[2024-10-12T20:38:09.024+0000] {logging_mixin.py:190} INFO - [2024-10-12T20:38:09.024+0000] {dag.py:3239} INFO - Sync 1 DAGs
[2024-10-12T20:38:09.056+0000] {logging_mixin.py:190} INFO - [2024-10-12T20:38:09.055+0000] {dag.py:4180} INFO - Setting next_dagrun for example_python_decorator to None, run_after=None
[2024-10-12T20:38:09.084+0000] {processor.py:208} INFO - Processing /home/airflow/.local/lib/python3.12/site-packages/airflow/example_dags/example_python_decorator.py took 0.152 seconds
[2024-10-12T20:38:40.115+0000] {processor.py:186} INFO - Started process (PID=470) to work on /home/airflow/.local/lib/python3.12/site-packages/airflow/example_dags/example_python_decorator.py
[2024-10-12T20:38:40.117+0000] {processor.py:914} INFO - Processing file /home/airflow/.local/lib/python3.12/site-packages/airflow/example_dags/example_python_decorator.py for tasks to queue
[2024-10-12T20:38:40.121+0000] {logging_mixin.py:190} INFO - [2024-10-12T20:38:40.120+0000] {dagbag.py:588} INFO - Filling up the DagBag from /home/airflow/.local/lib/python3.12/site-packages/airflow/example_dags/example_python_decorator.py
[2024-10-12T20:38:40.146+0000] {processor.py:925} INFO - DAG(s) 'example_python_decorator' retrieved from /home/airflow/.local/lib/python3.12/site-packages/airflow/example_dags/example_python_decorator.py
[2024-10-12T20:38:40.185+0000] {logging_mixin.py:190} INFO - [2024-10-12T20:38:40.184+0000] {dag.py:3239} INFO - Sync 1 DAGs
[2024-10-12T20:38:40.209+0000] {logging_mixin.py:190} INFO - [2024-10-12T20:38:40.209+0000] {dag.py:4180} INFO - Setting next_dagrun for example_python_decorator to None, run_after=None
[2024-10-12T20:38:40.233+0000] {processor.py:208} INFO - Processing /home/airflow/.local/lib/python3.12/site-packages/airflow/example_dags/example_python_decorator.py took 0.129 seconds
[2024-10-12T20:39:10.601+0000] {processor.py:186} INFO - Started process (PID=532) to work on /home/airflow/.local/lib/python3.12/site-packages/airflow/example_dags/example_python_decorator.py
[2024-10-12T20:39:10.603+0000] {processor.py:914} INFO - Processing file /home/airflow/.local/lib/python3.12/site-packages/airflow/example_dags/example_python_decorator.py for tasks to queue
[2024-10-12T20:39:10.608+0000] {logging_mixin.py:190} INFO - [2024-10-12T20:39:10.607+0000] {dagbag.py:588} INFO - Filling up the DagBag from /home/airflow/.local/lib/python3.12/site-packages/airflow/example_dags/example_python_decorator.py
[2024-10-12T20:39:10.637+0000] {processor.py:925} INFO - DAG(s) 'example_python_decorator' retrieved from /home/airflow/.local/lib/python3.12/site-packages/airflow/example_dags/example_python_decorator.py
[2024-10-12T20:39:10.675+0000] {logging_mixin.py:190} INFO - [2024-10-12T20:39:10.675+0000] {dag.py:3239} INFO - Sync 1 DAGs
[2024-10-12T20:39:10.699+0000] {logging_mixin.py:190} INFO - [2024-10-12T20:39:10.698+0000] {dag.py:4180} INFO - Setting next_dagrun for example_python_decorator to None, run_after=None
[2024-10-12T20:39:10.756+0000] {processor.py:208} INFO - Processing /home/airflow/.local/lib/python3.12/site-packages/airflow/example_dags/example_python_decorator.py took 0.166 seconds
[2024-10-12T20:39:41.208+0000] {processor.py:186} INFO - Started process (PID=594) to work on /home/airflow/.local/lib/python3.12/site-packages/airflow/example_dags/example_python_decorator.py
[2024-10-12T20:39:41.209+0000] {processor.py:914} INFO - Processing file /home/airflow/.local/lib/python3.12/site-packages/airflow/example_dags/example_python_decorator.py for tasks to queue
[2024-10-12T20:39:41.213+0000] {logging_mixin.py:190} INFO - [2024-10-12T20:39:41.213+0000] {dagbag.py:588} INFO - Filling up the DagBag from /home/airflow/.local/lib/python3.12/site-packages/airflow/example_dags/example_python_decorator.py
[2024-10-12T20:39:41.232+0000] {processor.py:925} INFO - DAG(s) 'example_python_decorator' retrieved from /home/airflow/.local/lib/python3.12/site-packages/airflow/example_dags/example_python_decorator.py
[2024-10-12T20:39:41.267+0000] {logging_mixin.py:190} INFO - [2024-10-12T20:39:41.267+0000] {dag.py:3239} INFO - Sync 1 DAGs
[2024-10-12T20:39:41.293+0000] {logging_mixin.py:190} INFO - [2024-10-12T20:39:41.293+0000] {dag.py:4180} INFO - Setting next_dagrun for example_python_decorator to None, run_after=None
[2024-10-12T20:39:41.340+0000] {processor.py:208} INFO - Processing /home/airflow/.local/lib/python3.12/site-packages/airflow/example_dags/example_python_decorator.py took 0.141 seconds
[2024-10-12T20:40:11.526+0000] {processor.py:186} INFO - Started process (PID=655) to work on /home/airflow/.local/lib/python3.12/site-packages/airflow/example_dags/example_python_decorator.py
[2024-10-12T20:40:11.527+0000] {processor.py:914} INFO - Processing file /home/airflow/.local/lib/python3.12/site-packages/airflow/example_dags/example_python_decorator.py for tasks to queue
[2024-10-12T20:40:11.531+0000] {logging_mixin.py:190} INFO - [2024-10-12T20:40:11.530+0000] {dagbag.py:588} INFO - Filling up the DagBag from /home/airflow/.local/lib/python3.12/site-packages/airflow/example_dags/example_python_decorator.py
[2024-10-12T20:40:11.557+0000] {processor.py:925} INFO - DAG(s) 'example_python_decorator' retrieved from /home/airflow/.local/lib/python3.12/site-packages/airflow/example_dags/example_python_decorator.py
[2024-10-12T20:40:11.595+0000] {logging_mixin.py:190} INFO - [2024-10-12T20:40:11.594+0000] {dag.py:3239} INFO - Sync 1 DAGs
[2024-10-12T20:40:11.624+0000] {logging_mixin.py:190} INFO - [2024-10-12T20:40:11.623+0000] {dag.py:4180} INFO - Setting next_dagrun for example_python_decorator to None, run_after=None
[2024-10-12T20:40:11.666+0000] {processor.py:208} INFO - Processing /home/airflow/.local/lib/python3.12/site-packages/airflow/example_dags/example_python_decorator.py took 0.148 seconds
[2024-10-12T20:40:42.356+0000] {processor.py:186} INFO - Started process (PID=717) to work on /home/airflow/.local/lib/python3.12/site-packages/airflow/example_dags/example_python_decorator.py
[2024-10-12T20:40:42.358+0000] {processor.py:914} INFO - Processing file /home/airflow/.local/lib/python3.12/site-packages/airflow/example_dags/example_python_decorator.py for tasks to queue
[2024-10-12T20:40:42.363+0000] {logging_mixin.py:190} INFO - [2024-10-12T20:40:42.362+0000] {dagbag.py:588} INFO - Filling up the DagBag from /home/airflow/.local/lib/python3.12/site-packages/airflow/example_dags/example_python_decorator.py
[2024-10-12T20:40:42.395+0000] {processor.py:925} INFO - DAG(s) 'example_python_decorator' retrieved from /home/airflow/.local/lib/python3.12/site-packages/airflow/example_dags/example_python_decorator.py
[2024-10-12T20:40:42.432+0000] {logging_mixin.py:190} INFO - [2024-10-12T20:40:42.432+0000] {dag.py:3239} INFO - Sync 1 DAGs
[2024-10-12T20:40:42.457+0000] {logging_mixin.py:190} INFO - [2024-10-12T20:40:42.456+0000] {dag.py:4180} INFO - Setting next_dagrun for example_python_decorator to None, run_after=None
[2024-10-12T20:40:42.486+0000] {processor.py:208} INFO - Processing /home/airflow/.local/lib/python3.12/site-packages/airflow/example_dags/example_python_decorator.py took 0.139 seconds
[2024-10-12T20:41:12.873+0000] {processor.py:186} INFO - Started process (PID=779) to work on /home/airflow/.local/lib/python3.12/site-packages/airflow/example_dags/example_python_decorator.py
[2024-10-12T20:41:12.880+0000] {processor.py:914} INFO - Processing file /home/airflow/.local/lib/python3.12/site-packages/airflow/example_dags/example_python_decorator.py for tasks to queue
[2024-10-12T20:41:12.886+0000] {logging_mixin.py:190} INFO - [2024-10-12T20:41:12.885+0000] {dagbag.py:588} INFO - Filling up the DagBag from /home/airflow/.local/lib/python3.12/site-packages/airflow/example_dags/example_python_decorator.py
[2024-10-12T20:41:12.922+0000] {processor.py:925} INFO - DAG(s) 'example_python_decorator' retrieved from /home/airflow/.local/lib/python3.12/site-packages/airflow/example_dags/example_python_decorator.py
[2024-10-12T20:41:12.977+0000] {logging_mixin.py:190} INFO - [2024-10-12T20:41:12.976+0000] {dag.py:3239} INFO - Sync 1 DAGs
[2024-10-12T20:41:13.014+0000] {logging_mixin.py:190} INFO - [2024-10-12T20:41:13.014+0000] {dag.py:4180} INFO - Setting next_dagrun for example_python_decorator to None, run_after=None
[2024-10-12T20:41:13.058+0000] {processor.py:208} INFO - Processing /home/airflow/.local/lib/python3.12/site-packages/airflow/example_dags/example_python_decorator.py took 0.200 seconds
[2024-10-12T20:41:43.717+0000] {processor.py:186} INFO - Started process (PID=841) to work on /home/airflow/.local/lib/python3.12/site-packages/airflow/example_dags/example_python_decorator.py
[2024-10-12T20:41:43.718+0000] {processor.py:914} INFO - Processing file /home/airflow/.local/lib/python3.12/site-packages/airflow/example_dags/example_python_decorator.py for tasks to queue
[2024-10-12T20:41:43.722+0000] {logging_mixin.py:190} INFO - [2024-10-12T20:41:43.722+0000] {dagbag.py:588} INFO - Filling up the DagBag from /home/airflow/.local/lib/python3.12/site-packages/airflow/example_dags/example_python_decorator.py
[2024-10-12T20:41:43.746+0000] {processor.py:925} INFO - DAG(s) 'example_python_decorator' retrieved from /home/airflow/.local/lib/python3.12/site-packages/airflow/example_dags/example_python_decorator.py
[2024-10-12T20:41:43.785+0000] {logging_mixin.py:190} INFO - [2024-10-12T20:41:43.785+0000] {dag.py:3239} INFO - Sync 1 DAGs
[2024-10-12T20:41:43.807+0000] {logging_mixin.py:190} INFO - [2024-10-12T20:41:43.806+0000] {dag.py:4180} INFO - Setting next_dagrun for example_python_decorator to None, run_after=None
[2024-10-12T20:41:43.835+0000] {processor.py:208} INFO - Processing /home/airflow/.local/lib/python3.12/site-packages/airflow/example_dags/example_python_decorator.py took 0.128 seconds
[2024-10-12T20:42:13.980+0000] {processor.py:186} INFO - Started process (PID=903) to work on /home/airflow/.local/lib/python3.12/site-packages/airflow/example_dags/example_python_decorator.py
[2024-10-12T20:42:13.982+0000] {processor.py:914} INFO - Processing file /home/airflow/.local/lib/python3.12/site-packages/airflow/example_dags/example_python_decorator.py for tasks to queue
[2024-10-12T20:42:13.987+0000] {logging_mixin.py:190} INFO - [2024-10-12T20:42:13.987+0000] {dagbag.py:588} INFO - Filling up the DagBag from /home/airflow/.local/lib/python3.12/site-packages/airflow/example_dags/example_python_decorator.py
[2024-10-12T20:42:14.016+0000] {processor.py:925} INFO - DAG(s) 'example_python_decorator' retrieved from /home/airflow/.local/lib/python3.12/site-packages/airflow/example_dags/example_python_decorator.py
[2024-10-12T20:42:14.054+0000] {logging_mixin.py:190} INFO - [2024-10-12T20:42:14.054+0000] {dag.py:3239} INFO - Sync 1 DAGs
[2024-10-12T20:42:14.078+0000] {logging_mixin.py:190} INFO - [2024-10-12T20:42:14.077+0000] {dag.py:4180} INFO - Setting next_dagrun for example_python_decorator to None, run_after=None
[2024-10-12T20:42:14.104+0000] {processor.py:208} INFO - Processing /home/airflow/.local/lib/python3.12/site-packages/airflow/example_dags/example_python_decorator.py took 0.135 seconds
[2024-10-12T20:42:44.247+0000] {processor.py:186} INFO - Started process (PID=965) to work on /home/airflow/.local/lib/python3.12/site-packages/airflow/example_dags/example_python_decorator.py
[2024-10-12T20:42:44.249+0000] {processor.py:914} INFO - Processing file /home/airflow/.local/lib/python3.12/site-packages/airflow/example_dags/example_python_decorator.py for tasks to queue
[2024-10-12T20:42:44.252+0000] {logging_mixin.py:190} INFO - [2024-10-12T20:42:44.252+0000] {dagbag.py:588} INFO - Filling up the DagBag from /home/airflow/.local/lib/python3.12/site-packages/airflow/example_dags/example_python_decorator.py
[2024-10-12T20:42:44.276+0000] {processor.py:925} INFO - DAG(s) 'example_python_decorator' retrieved from /home/airflow/.local/lib/python3.12/site-packages/airflow/example_dags/example_python_decorator.py
[2024-10-12T20:42:44.311+0000] {logging_mixin.py:190} INFO - [2024-10-12T20:42:44.310+0000] {dag.py:3239} INFO - Sync 1 DAGs
[2024-10-12T20:42:44.334+0000] {logging_mixin.py:190} INFO - [2024-10-12T20:42:44.333+0000] {dag.py:4180} INFO - Setting next_dagrun for example_python_decorator to None, run_after=None
[2024-10-12T20:42:44.361+0000] {processor.py:208} INFO - Processing /home/airflow/.local/lib/python3.12/site-packages/airflow/example_dags/example_python_decorator.py took 0.125 seconds
[2024-10-12T20:43:14.589+0000] {processor.py:186} INFO - Started process (PID=1027) to work on /home/airflow/.local/lib/python3.12/site-packages/airflow/example_dags/example_python_decorator.py
[2024-10-12T20:43:14.591+0000] {processor.py:914} INFO - Processing file /home/airflow/.local/lib/python3.12/site-packages/airflow/example_dags/example_python_decorator.py for tasks to queue
[2024-10-12T20:43:14.596+0000] {logging_mixin.py:190} INFO - [2024-10-12T20:43:14.595+0000] {dagbag.py:588} INFO - Filling up the DagBag from /home/airflow/.local/lib/python3.12/site-packages/airflow/example_dags/example_python_decorator.py
[2024-10-12T20:43:14.629+0000] {processor.py:925} INFO - DAG(s) 'example_python_decorator' retrieved from /home/airflow/.local/lib/python3.12/site-packages/airflow/example_dags/example_python_decorator.py
[2024-10-12T20:43:14.662+0000] {logging_mixin.py:190} INFO - [2024-10-12T20:43:14.662+0000] {dag.py:3239} INFO - Sync 1 DAGs
[2024-10-12T20:43:14.682+0000] {logging_mixin.py:190} INFO - [2024-10-12T20:43:14.681+0000] {dag.py:4180} INFO - Setting next_dagrun for example_python_decorator to None, run_after=None
[2024-10-12T20:43:14.708+0000] {processor.py:208} INFO - Processing /home/airflow/.local/lib/python3.12/site-packages/airflow/example_dags/example_python_decorator.py took 0.129 seconds
[2024-10-12T20:43:45.127+0000] {processor.py:186} INFO - Started process (PID=1088) to work on /home/airflow/.local/lib/python3.12/site-packages/airflow/example_dags/example_python_decorator.py
[2024-10-12T20:43:45.128+0000] {processor.py:914} INFO - Processing file /home/airflow/.local/lib/python3.12/site-packages/airflow/example_dags/example_python_decorator.py for tasks to queue
[2024-10-12T20:43:45.133+0000] {logging_mixin.py:190} INFO - [2024-10-12T20:43:45.132+0000] {dagbag.py:588} INFO - Filling up the DagBag from /home/airflow/.local/lib/python3.12/site-packages/airflow/example_dags/example_python_decorator.py
[2024-10-12T20:43:45.157+0000] {processor.py:925} INFO - DAG(s) 'example_python_decorator' retrieved from /home/airflow/.local/lib/python3.12/site-packages/airflow/example_dags/example_python_decorator.py
[2024-10-12T20:43:45.190+0000] {logging_mixin.py:190} INFO - [2024-10-12T20:43:45.190+0000] {dag.py:3239} INFO - Sync 1 DAGs
[2024-10-12T20:43:45.209+0000] {logging_mixin.py:190} INFO - [2024-10-12T20:43:45.209+0000] {dag.py:4180} INFO - Setting next_dagrun for example_python_decorator to None, run_after=None
[2024-10-12T20:43:45.234+0000] {processor.py:208} INFO - Processing /home/airflow/.local/lib/python3.12/site-packages/airflow/example_dags/example_python_decorator.py took 0.117 seconds
[2024-10-12T20:44:15.761+0000] {processor.py:186} INFO - Started process (PID=1150) to work on /home/airflow/.local/lib/python3.12/site-packages/airflow/example_dags/example_python_decorator.py
[2024-10-12T20:44:15.763+0000] {processor.py:914} INFO - Processing file /home/airflow/.local/lib/python3.12/site-packages/airflow/example_dags/example_python_decorator.py for tasks to queue
[2024-10-12T20:44:15.768+0000] {logging_mixin.py:190} INFO - [2024-10-12T20:44:15.767+0000] {dagbag.py:588} INFO - Filling up the DagBag from /home/airflow/.local/lib/python3.12/site-packages/airflow/example_dags/example_python_decorator.py
[2024-10-12T20:44:15.790+0000] {processor.py:925} INFO - DAG(s) 'example_python_decorator' retrieved from /home/airflow/.local/lib/python3.12/site-packages/airflow/example_dags/example_python_decorator.py
[2024-10-12T20:44:15.823+0000] {logging_mixin.py:190} INFO - [2024-10-12T20:44:15.822+0000] {dag.py:3239} INFO - Sync 1 DAGs
[2024-10-12T20:44:15.846+0000] {logging_mixin.py:190} INFO - [2024-10-12T20:44:15.845+0000] {dag.py:4180} INFO - Setting next_dagrun for example_python_decorator to None, run_after=None
[2024-10-12T20:44:15.883+0000] {processor.py:208} INFO - Processing /home/airflow/.local/lib/python3.12/site-packages/airflow/example_dags/example_python_decorator.py took 0.132 seconds
[2024-10-12T20:44:46.642+0000] {processor.py:186} INFO - Started process (PID=1212) to work on /home/airflow/.local/lib/python3.12/site-packages/airflow/example_dags/example_python_decorator.py
[2024-10-12T20:44:46.644+0000] {processor.py:914} INFO - Processing file /home/airflow/.local/lib/python3.12/site-packages/airflow/example_dags/example_python_decorator.py for tasks to queue
[2024-10-12T20:44:46.647+0000] {logging_mixin.py:190} INFO - [2024-10-12T20:44:46.647+0000] {dagbag.py:588} INFO - Filling up the DagBag from /home/airflow/.local/lib/python3.12/site-packages/airflow/example_dags/example_python_decorator.py
[2024-10-12T20:44:46.667+0000] {processor.py:925} INFO - DAG(s) 'example_python_decorator' retrieved from /home/airflow/.local/lib/python3.12/site-packages/airflow/example_dags/example_python_decorator.py
[2024-10-12T20:44:46.700+0000] {logging_mixin.py:190} INFO - [2024-10-12T20:44:46.699+0000] {dag.py:3239} INFO - Sync 1 DAGs
[2024-10-12T20:44:46.727+0000] {logging_mixin.py:190} INFO - [2024-10-12T20:44:46.727+0000] {dag.py:4180} INFO - Setting next_dagrun for example_python_decorator to None, run_after=None
[2024-10-12T20:44:46.758+0000] {processor.py:208} INFO - Processing /home/airflow/.local/lib/python3.12/site-packages/airflow/example_dags/example_python_decorator.py took 0.125 seconds
[2024-10-12T20:45:17.802+0000] {processor.py:186} INFO - Started process (PID=1274) to work on /home/airflow/.local/lib/python3.12/site-packages/airflow/example_dags/example_python_decorator.py
[2024-10-12T20:45:17.804+0000] {processor.py:914} INFO - Processing file /home/airflow/.local/lib/python3.12/site-packages/airflow/example_dags/example_python_decorator.py for tasks to queue
[2024-10-12T20:45:17.810+0000] {logging_mixin.py:190} INFO - [2024-10-12T20:45:17.810+0000] {dagbag.py:588} INFO - Filling up the DagBag from /home/airflow/.local/lib/python3.12/site-packages/airflow/example_dags/example_python_decorator.py
[2024-10-12T20:45:17.840+0000] {processor.py:925} INFO - DAG(s) 'example_python_decorator' retrieved from /home/airflow/.local/lib/python3.12/site-packages/airflow/example_dags/example_python_decorator.py
[2024-10-12T20:45:17.881+0000] {logging_mixin.py:190} INFO - [2024-10-12T20:45:17.880+0000] {dag.py:3239} INFO - Sync 1 DAGs
[2024-10-12T20:45:17.912+0000] {logging_mixin.py:190} INFO - [2024-10-12T20:45:17.911+0000] {dag.py:4180} INFO - Setting next_dagrun for example_python_decorator to None, run_after=None
[2024-10-12T20:45:17.954+0000] {processor.py:208} INFO - Processing /home/airflow/.local/lib/python3.12/site-packages/airflow/example_dags/example_python_decorator.py took 0.165 seconds
[2024-10-12T20:45:48.711+0000] {processor.py:186} INFO - Started process (PID=1336) to work on /home/airflow/.local/lib/python3.12/site-packages/airflow/example_dags/example_python_decorator.py
[2024-10-12T20:45:48.713+0000] {processor.py:914} INFO - Processing file /home/airflow/.local/lib/python3.12/site-packages/airflow/example_dags/example_python_decorator.py for tasks to queue
[2024-10-12T20:45:48.716+0000] {logging_mixin.py:190} INFO - [2024-10-12T20:45:48.716+0000] {dagbag.py:588} INFO - Filling up the DagBag from /home/airflow/.local/lib/python3.12/site-packages/airflow/example_dags/example_python_decorator.py
[2024-10-12T20:45:48.740+0000] {processor.py:925} INFO - DAG(s) 'example_python_decorator' retrieved from /home/airflow/.local/lib/python3.12/site-packages/airflow/example_dags/example_python_decorator.py
[2024-10-12T20:45:48.779+0000] {logging_mixin.py:190} INFO - [2024-10-12T20:45:48.778+0000] {dag.py:3239} INFO - Sync 1 DAGs
[2024-10-12T20:45:48.803+0000] {logging_mixin.py:190} INFO - [2024-10-12T20:45:48.802+0000] {dag.py:4180} INFO - Setting next_dagrun for example_python_decorator to None, run_after=None
[2024-10-12T20:45:48.835+0000] {processor.py:208} INFO - Processing /home/airflow/.local/lib/python3.12/site-packages/airflow/example_dags/example_python_decorator.py took 0.134 seconds
[2024-10-12T20:46:19.170+0000] {processor.py:186} INFO - Started process (PID=1398) to work on /home/airflow/.local/lib/python3.12/site-packages/airflow/example_dags/example_python_decorator.py
[2024-10-12T20:46:19.171+0000] {processor.py:914} INFO - Processing file /home/airflow/.local/lib/python3.12/site-packages/airflow/example_dags/example_python_decorator.py for tasks to queue
[2024-10-12T20:46:19.175+0000] {logging_mixin.py:190} INFO - [2024-10-12T20:46:19.174+0000] {dagbag.py:588} INFO - Filling up the DagBag from /home/airflow/.local/lib/python3.12/site-packages/airflow/example_dags/example_python_decorator.py
[2024-10-12T20:46:19.208+0000] {processor.py:925} INFO - DAG(s) 'example_python_decorator' retrieved from /home/airflow/.local/lib/python3.12/site-packages/airflow/example_dags/example_python_decorator.py
[2024-10-12T20:46:19.253+0000] {logging_mixin.py:190} INFO - [2024-10-12T20:46:19.253+0000] {dag.py:3239} INFO - Sync 1 DAGs
[2024-10-12T20:46:19.280+0000] {logging_mixin.py:190} INFO - [2024-10-12T20:46:19.279+0000] {dag.py:4180} INFO - Setting next_dagrun for example_python_decorator to None, run_after=None
[2024-10-12T20:46:19.311+0000] {processor.py:208} INFO - Processing /home/airflow/.local/lib/python3.12/site-packages/airflow/example_dags/example_python_decorator.py took 0.150 seconds
[2024-10-12T20:46:49.469+0000] {processor.py:186} INFO - Started process (PID=1460) to work on /home/airflow/.local/lib/python3.12/site-packages/airflow/example_dags/example_python_decorator.py
[2024-10-12T20:46:49.470+0000] {processor.py:914} INFO - Processing file /home/airflow/.local/lib/python3.12/site-packages/airflow/example_dags/example_python_decorator.py for tasks to queue
[2024-10-12T20:46:49.474+0000] {logging_mixin.py:190} INFO - [2024-10-12T20:46:49.473+0000] {dagbag.py:588} INFO - Filling up the DagBag from /home/airflow/.local/lib/python3.12/site-packages/airflow/example_dags/example_python_decorator.py
[2024-10-12T20:46:49.497+0000] {processor.py:925} INFO - DAG(s) 'example_python_decorator' retrieved from /home/airflow/.local/lib/python3.12/site-packages/airflow/example_dags/example_python_decorator.py
[2024-10-12T20:46:49.528+0000] {logging_mixin.py:190} INFO - [2024-10-12T20:46:49.528+0000] {dag.py:3239} INFO - Sync 1 DAGs
[2024-10-12T20:46:49.557+0000] {logging_mixin.py:190} INFO - [2024-10-12T20:46:49.557+0000] {dag.py:4180} INFO - Setting next_dagrun for example_python_decorator to None, run_after=None
[2024-10-12T20:46:49.590+0000] {processor.py:208} INFO - Processing /home/airflow/.local/lib/python3.12/site-packages/airflow/example_dags/example_python_decorator.py took 0.130 seconds
[2024-10-12T20:47:20.036+0000] {processor.py:186} INFO - Started process (PID=1522) to work on /home/airflow/.local/lib/python3.12/site-packages/airflow/example_dags/example_python_decorator.py
[2024-10-12T20:47:20.039+0000] {processor.py:914} INFO - Processing file /home/airflow/.local/lib/python3.12/site-packages/airflow/example_dags/example_python_decorator.py for tasks to queue
[2024-10-12T20:47:20.044+0000] {logging_mixin.py:190} INFO - [2024-10-12T20:47:20.044+0000] {dagbag.py:588} INFO - Filling up the DagBag from /home/airflow/.local/lib/python3.12/site-packages/airflow/example_dags/example_python_decorator.py
[2024-10-12T20:47:20.074+0000] {processor.py:925} INFO - DAG(s) 'example_python_decorator' retrieved from /home/airflow/.local/lib/python3.12/site-packages/airflow/example_dags/example_python_decorator.py
[2024-10-12T20:47:20.121+0000] {logging_mixin.py:190} INFO - [2024-10-12T20:47:20.120+0000] {dag.py:3239} INFO - Sync 1 DAGs
[2024-10-12T20:47:20.148+0000] {logging_mixin.py:190} INFO - [2024-10-12T20:47:20.147+0000] {dag.py:4180} INFO - Setting next_dagrun for example_python_decorator to None, run_after=None
[2024-10-12T20:47:20.187+0000] {processor.py:208} INFO - Processing /home/airflow/.local/lib/python3.12/site-packages/airflow/example_dags/example_python_decorator.py took 0.162 seconds
[2024-10-12T20:47:50.835+0000] {processor.py:186} INFO - Started process (PID=1584) to work on /home/airflow/.local/lib/python3.12/site-packages/airflow/example_dags/example_python_decorator.py
[2024-10-12T20:47:50.837+0000] {processor.py:914} INFO - Processing file /home/airflow/.local/lib/python3.12/site-packages/airflow/example_dags/example_python_decorator.py for tasks to queue
[2024-10-12T20:47:50.840+0000] {logging_mixin.py:190} INFO - [2024-10-12T20:47:50.840+0000] {dagbag.py:588} INFO - Filling up the DagBag from /home/airflow/.local/lib/python3.12/site-packages/airflow/example_dags/example_python_decorator.py
[2024-10-12T20:47:50.865+0000] {processor.py:925} INFO - DAG(s) 'example_python_decorator' retrieved from /home/airflow/.local/lib/python3.12/site-packages/airflow/example_dags/example_python_decorator.py
[2024-10-12T20:47:50.896+0000] {logging_mixin.py:190} INFO - [2024-10-12T20:47:50.896+0000] {dag.py:3239} INFO - Sync 1 DAGs
[2024-10-12T20:47:50.920+0000] {logging_mixin.py:190} INFO - [2024-10-12T20:47:50.920+0000] {dag.py:4180} INFO - Setting next_dagrun for example_python_decorator to None, run_after=None
[2024-10-12T20:47:50.953+0000] {processor.py:208} INFO - Processing /home/airflow/.local/lib/python3.12/site-packages/airflow/example_dags/example_python_decorator.py took 0.126 seconds
[2024-10-12T20:48:21.881+0000] {processor.py:186} INFO - Started process (PID=1647) to work on /home/airflow/.local/lib/python3.12/site-packages/airflow/example_dags/example_python_decorator.py
[2024-10-12T20:48:21.882+0000] {processor.py:914} INFO - Processing file /home/airflow/.local/lib/python3.12/site-packages/airflow/example_dags/example_python_decorator.py for tasks to queue
[2024-10-12T20:48:21.886+0000] {logging_mixin.py:190} INFO - [2024-10-12T20:48:21.886+0000] {dagbag.py:588} INFO - Filling up the DagBag from /home/airflow/.local/lib/python3.12/site-packages/airflow/example_dags/example_python_decorator.py
[2024-10-12T20:48:21.911+0000] {processor.py:925} INFO - DAG(s) 'example_python_decorator' retrieved from /home/airflow/.local/lib/python3.12/site-packages/airflow/example_dags/example_python_decorator.py
[2024-10-12T20:48:21.951+0000] {logging_mixin.py:190} INFO - [2024-10-12T20:48:21.950+0000] {dag.py:3239} INFO - Sync 1 DAGs
[2024-10-12T20:48:21.974+0000] {logging_mixin.py:190} INFO - [2024-10-12T20:48:21.973+0000] {dag.py:4180} INFO - Setting next_dagrun for example_python_decorator to None, run_after=None
[2024-10-12T20:48:22.001+0000] {processor.py:208} INFO - Processing /home/airflow/.local/lib/python3.12/site-packages/airflow/example_dags/example_python_decorator.py took 0.133 seconds
[2024-10-12T20:48:52.914+0000] {processor.py:186} INFO - Started process (PID=1709) to work on /home/airflow/.local/lib/python3.12/site-packages/airflow/example_dags/example_python_decorator.py
[2024-10-12T20:48:52.916+0000] {processor.py:914} INFO - Processing file /home/airflow/.local/lib/python3.12/site-packages/airflow/example_dags/example_python_decorator.py for tasks to queue
[2024-10-12T20:48:52.920+0000] {logging_mixin.py:190} INFO - [2024-10-12T20:48:52.919+0000] {dagbag.py:588} INFO - Filling up the DagBag from /home/airflow/.local/lib/python3.12/site-packages/airflow/example_dags/example_python_decorator.py
[2024-10-12T20:48:52.945+0000] {processor.py:925} INFO - DAG(s) 'example_python_decorator' retrieved from /home/airflow/.local/lib/python3.12/site-packages/airflow/example_dags/example_python_decorator.py
[2024-10-12T20:48:52.977+0000] {logging_mixin.py:190} INFO - [2024-10-12T20:48:52.977+0000] {dag.py:3239} INFO - Sync 1 DAGs
[2024-10-12T20:48:53.001+0000] {logging_mixin.py:190} INFO - [2024-10-12T20:48:53.001+0000] {dag.py:4180} INFO - Setting next_dagrun for example_python_decorator to None, run_after=None
[2024-10-12T20:48:53.039+0000] {processor.py:208} INFO - Processing /home/airflow/.local/lib/python3.12/site-packages/airflow/example_dags/example_python_decorator.py took 0.137 seconds
[2024-10-12T20:49:23.560+0000] {processor.py:186} INFO - Started process (PID=1771) to work on /home/airflow/.local/lib/python3.12/site-packages/airflow/example_dags/example_python_decorator.py
[2024-10-12T20:49:23.562+0000] {processor.py:914} INFO - Processing file /home/airflow/.local/lib/python3.12/site-packages/airflow/example_dags/example_python_decorator.py for tasks to queue
[2024-10-12T20:49:23.567+0000] {logging_mixin.py:190} INFO - [2024-10-12T20:49:23.566+0000] {dagbag.py:588} INFO - Filling up the DagBag from /home/airflow/.local/lib/python3.12/site-packages/airflow/example_dags/example_python_decorator.py
[2024-10-12T20:49:23.605+0000] {processor.py:925} INFO - DAG(s) 'example_python_decorator' retrieved from /home/airflow/.local/lib/python3.12/site-packages/airflow/example_dags/example_python_decorator.py
[2024-10-12T20:49:23.679+0000] {logging_mixin.py:190} INFO - [2024-10-12T20:49:23.678+0000] {dag.py:3239} INFO - Sync 1 DAGs
[2024-10-12T20:49:23.706+0000] {logging_mixin.py:190} INFO - [2024-10-12T20:49:23.705+0000] {dag.py:4180} INFO - Setting next_dagrun for example_python_decorator to None, run_after=None
[2024-10-12T20:49:23.741+0000] {processor.py:208} INFO - Processing /home/airflow/.local/lib/python3.12/site-packages/airflow/example_dags/example_python_decorator.py took 0.192 seconds
[2024-10-12T20:49:53.918+0000] {processor.py:186} INFO - Started process (PID=1833) to work on /home/airflow/.local/lib/python3.12/site-packages/airflow/example_dags/example_python_decorator.py
[2024-10-12T20:49:53.920+0000] {processor.py:914} INFO - Processing file /home/airflow/.local/lib/python3.12/site-packages/airflow/example_dags/example_python_decorator.py for tasks to queue
[2024-10-12T20:49:53.924+0000] {logging_mixin.py:190} INFO - [2024-10-12T20:49:53.923+0000] {dagbag.py:588} INFO - Filling up the DagBag from /home/airflow/.local/lib/python3.12/site-packages/airflow/example_dags/example_python_decorator.py
[2024-10-12T20:49:53.947+0000] {processor.py:925} INFO - DAG(s) 'example_python_decorator' retrieved from /home/airflow/.local/lib/python3.12/site-packages/airflow/example_dags/example_python_decorator.py
[2024-10-12T20:49:53.989+0000] {logging_mixin.py:190} INFO - [2024-10-12T20:49:53.989+0000] {dag.py:3239} INFO - Sync 1 DAGs
[2024-10-12T20:49:54.019+0000] {logging_mixin.py:190} INFO - [2024-10-12T20:49:54.018+0000] {dag.py:4180} INFO - Setting next_dagrun for example_python_decorator to None, run_after=None
[2024-10-12T20:49:54.052+0000] {processor.py:208} INFO - Processing /home/airflow/.local/lib/python3.12/site-packages/airflow/example_dags/example_python_decorator.py took 0.143 seconds
