[2024-10-12T20:35:32.299+0000] {processor.py:186} INFO - Started process (PID=86) to work on /home/airflow/.local/lib/python3.12/site-packages/airflow/example_dags/example_branch_operator.py
[2024-10-12T20:35:32.301+0000] {processor.py:914} INFO - Processing file /home/airflow/.local/lib/python3.12/site-packages/airflow/example_dags/example_branch_operator.py for tasks to queue
[2024-10-12T20:35:32.306+0000] {logging_mixin.py:190} INFO - [2024-10-12T20:35:32.305+0000] {dagbag.py:588} INFO - Filling up the DagBag from /home/airflow/.local/lib/python3.12/site-packages/airflow/example_dags/example_branch_operator.py
[2024-10-12T20:35:32.337+0000] {processor.py:925} INFO - DAG(s) 'example_branch_operator' retrieved from /home/airflow/.local/lib/python3.12/site-packages/airflow/example_dags/example_branch_operator.py
[2024-10-12T20:35:32.517+0000] {logging_mixin.py:190} INFO - [2024-10-12T20:35:32.516+0000] {override.py:1900} INFO - Created Permission View: can delete on DAG:example_branch_operator
[2024-10-12T20:35:32.532+0000] {logging_mixin.py:190} INFO - [2024-10-12T20:35:32.532+0000] {override.py:1900} INFO - Created Permission View: can edit on DAG:example_branch_operator
[2024-10-12T20:35:32.543+0000] {logging_mixin.py:190} INFO - [2024-10-12T20:35:32.542+0000] {override.py:1900} INFO - Created Permission View: can read on DAG:example_branch_operator
[2024-10-12T20:35:32.555+0000] {logging_mixin.py:190} INFO - [2024-10-12T20:35:32.555+0000] {override.py:1900} INFO - Created Permission View: can delete on DAG Run:example_branch_operator
[2024-10-12T20:35:32.566+0000] {logging_mixin.py:190} INFO - [2024-10-12T20:35:32.565+0000] {override.py:1900} INFO - Created Permission View: can create on DAG Run:example_branch_operator
[2024-10-12T20:35:32.576+0000] {logging_mixin.py:190} INFO - [2024-10-12T20:35:32.575+0000] {override.py:1900} INFO - Created Permission View: menu access on DAG Run:example_branch_operator
[2024-10-12T20:35:32.585+0000] {logging_mixin.py:190} INFO - [2024-10-12T20:35:32.585+0000] {override.py:1900} INFO - Created Permission View: can read on DAG Run:example_branch_operator
[2024-10-12T20:35:32.586+0000] {logging_mixin.py:190} INFO - [2024-10-12T20:35:32.586+0000] {dag.py:3239} INFO - Sync 1 DAGs
[2024-10-12T20:35:32.605+0000] {logging_mixin.py:190} INFO - [2024-10-12T20:35:32.605+0000] {dag.py:3262} INFO - Creating ORM DAG for example_branch_operator
[2024-10-12T20:35:32.623+0000] {logging_mixin.py:190} INFO - [2024-10-12T20:35:32.623+0000] {dag.py:4180} INFO - Setting next_dagrun for example_branch_operator to 2024-10-11 00:00:00+00:00, run_after=2024-10-12 00:00:00+00:00
[2024-10-12T20:35:32.651+0000] {processor.py:208} INFO - Processing /home/airflow/.local/lib/python3.12/site-packages/airflow/example_dags/example_branch_operator.py took 0.359 seconds
[2024-10-12T20:36:03.686+0000] {processor.py:186} INFO - Started process (PID=148) to work on /home/airflow/.local/lib/python3.12/site-packages/airflow/example_dags/example_branch_operator.py
[2024-10-12T20:36:03.687+0000] {processor.py:914} INFO - Processing file /home/airflow/.local/lib/python3.12/site-packages/airflow/example_dags/example_branch_operator.py for tasks to queue
[2024-10-12T20:36:03.698+0000] {logging_mixin.py:190} INFO - [2024-10-12T20:36:03.696+0000] {dagbag.py:588} INFO - Filling up the DagBag from /home/airflow/.local/lib/python3.12/site-packages/airflow/example_dags/example_branch_operator.py
[2024-10-12T20:36:03.740+0000] {processor.py:925} INFO - DAG(s) 'example_branch_operator' retrieved from /home/airflow/.local/lib/python3.12/site-packages/airflow/example_dags/example_branch_operator.py
[2024-10-12T20:36:03.775+0000] {logging_mixin.py:190} INFO - [2024-10-12T20:36:03.775+0000] {dag.py:3239} INFO - Sync 1 DAGs
[2024-10-12T20:36:03.803+0000] {logging_mixin.py:190} INFO - [2024-10-12T20:36:03.803+0000] {dag.py:4180} INFO - Setting next_dagrun for example_branch_operator to 2024-10-11 00:00:00+00:00, run_after=2024-10-12 00:00:00+00:00
[2024-10-12T20:36:03.826+0000] {processor.py:208} INFO - Processing /home/airflow/.local/lib/python3.12/site-packages/airflow/example_dags/example_branch_operator.py took 0.150 seconds
[2024-10-12T20:36:34.676+0000] {processor.py:186} INFO - Started process (PID=210) to work on /home/airflow/.local/lib/python3.12/site-packages/airflow/example_dags/example_branch_operator.py
[2024-10-12T20:36:34.678+0000] {processor.py:914} INFO - Processing file /home/airflow/.local/lib/python3.12/site-packages/airflow/example_dags/example_branch_operator.py for tasks to queue
[2024-10-12T20:36:34.683+0000] {logging_mixin.py:190} INFO - [2024-10-12T20:36:34.681+0000] {dagbag.py:588} INFO - Filling up the DagBag from /home/airflow/.local/lib/python3.12/site-packages/airflow/example_dags/example_branch_operator.py
[2024-10-12T20:36:34.712+0000] {processor.py:925} INFO - DAG(s) 'example_branch_operator' retrieved from /home/airflow/.local/lib/python3.12/site-packages/airflow/example_dags/example_branch_operator.py
[2024-10-12T20:36:34.751+0000] {logging_mixin.py:190} INFO - [2024-10-12T20:36:34.751+0000] {dag.py:3239} INFO - Sync 1 DAGs
[2024-10-12T20:36:34.787+0000] {logging_mixin.py:190} INFO - [2024-10-12T20:36:34.786+0000] {dag.py:4180} INFO - Setting next_dagrun for example_branch_operator to 2024-10-11 00:00:00+00:00, run_after=2024-10-12 00:00:00+00:00
[2024-10-12T20:36:34.822+0000] {processor.py:208} INFO - Processing /home/airflow/.local/lib/python3.12/site-packages/airflow/example_dags/example_branch_operator.py took 0.158 seconds
[2024-10-12T20:37:05.157+0000] {processor.py:186} INFO - Started process (PID=272) to work on /home/airflow/.local/lib/python3.12/site-packages/airflow/example_dags/example_branch_operator.py
[2024-10-12T20:37:05.159+0000] {processor.py:914} INFO - Processing file /home/airflow/.local/lib/python3.12/site-packages/airflow/example_dags/example_branch_operator.py for tasks to queue
[2024-10-12T20:37:05.163+0000] {logging_mixin.py:190} INFO - [2024-10-12T20:37:05.163+0000] {dagbag.py:588} INFO - Filling up the DagBag from /home/airflow/.local/lib/python3.12/site-packages/airflow/example_dags/example_branch_operator.py
[2024-10-12T20:37:05.192+0000] {processor.py:925} INFO - DAG(s) 'example_branch_operator' retrieved from /home/airflow/.local/lib/python3.12/site-packages/airflow/example_dags/example_branch_operator.py
[2024-10-12T20:37:05.233+0000] {logging_mixin.py:190} INFO - [2024-10-12T20:37:05.233+0000] {dag.py:3239} INFO - Sync 1 DAGs
[2024-10-12T20:37:05.266+0000] {logging_mixin.py:190} INFO - [2024-10-12T20:37:05.265+0000] {dag.py:4180} INFO - Setting next_dagrun for example_branch_operator to 2024-10-11 00:00:00+00:00, run_after=2024-10-12 00:00:00+00:00
[2024-10-12T20:37:05.295+0000] {processor.py:208} INFO - Processing /home/airflow/.local/lib/python3.12/site-packages/airflow/example_dags/example_branch_operator.py took 0.152 seconds
[2024-10-12T20:37:35.936+0000] {processor.py:186} INFO - Started process (PID=334) to work on /home/airflow/.local/lib/python3.12/site-packages/airflow/example_dags/example_branch_operator.py
[2024-10-12T20:37:35.939+0000] {processor.py:914} INFO - Processing file /home/airflow/.local/lib/python3.12/site-packages/airflow/example_dags/example_branch_operator.py for tasks to queue
[2024-10-12T20:37:35.945+0000] {logging_mixin.py:190} INFO - [2024-10-12T20:37:35.944+0000] {dagbag.py:588} INFO - Filling up the DagBag from /home/airflow/.local/lib/python3.12/site-packages/airflow/example_dags/example_branch_operator.py
[2024-10-12T20:37:35.979+0000] {processor.py:925} INFO - DAG(s) 'example_branch_operator' retrieved from /home/airflow/.local/lib/python3.12/site-packages/airflow/example_dags/example_branch_operator.py
[2024-10-12T20:37:36.039+0000] {logging_mixin.py:190} INFO - [2024-10-12T20:37:36.038+0000] {dag.py:3239} INFO - Sync 1 DAGs
[2024-10-12T20:37:36.086+0000] {logging_mixin.py:190} INFO - [2024-10-12T20:37:36.086+0000] {dag.py:4180} INFO - Setting next_dagrun for example_branch_operator to 2024-10-11 00:00:00+00:00, run_after=2024-10-12 00:00:00+00:00
[2024-10-12T20:37:36.136+0000] {processor.py:208} INFO - Processing /home/airflow/.local/lib/python3.12/site-packages/airflow/example_dags/example_branch_operator.py took 0.210 seconds
[2024-10-12T20:38:06.770+0000] {processor.py:186} INFO - Started process (PID=396) to work on /home/airflow/.local/lib/python3.12/site-packages/airflow/example_dags/example_branch_operator.py
[2024-10-12T20:38:06.819+0000] {processor.py:914} INFO - Processing file /home/airflow/.local/lib/python3.12/site-packages/airflow/example_dags/example_branch_operator.py for tasks to queue
[2024-10-12T20:38:06.824+0000] {logging_mixin.py:190} INFO - [2024-10-12T20:38:06.823+0000] {dagbag.py:588} INFO - Filling up the DagBag from /home/airflow/.local/lib/python3.12/site-packages/airflow/example_dags/example_branch_operator.py
[2024-10-12T20:38:06.860+0000] {processor.py:925} INFO - DAG(s) 'example_branch_operator' retrieved from /home/airflow/.local/lib/python3.12/site-packages/airflow/example_dags/example_branch_operator.py
[2024-10-12T20:38:06.934+0000] {logging_mixin.py:190} INFO - [2024-10-12T20:38:06.933+0000] {dag.py:3239} INFO - Sync 1 DAGs
[2024-10-12T20:38:07.063+0000] {logging_mixin.py:190} INFO - [2024-10-12T20:38:07.063+0000] {dag.py:4180} INFO - Setting next_dagrun for example_branch_operator to 2024-10-11 00:00:00+00:00, run_after=2024-10-12 00:00:00+00:00
[2024-10-12T20:38:07.111+0000] {processor.py:208} INFO - Processing /home/airflow/.local/lib/python3.12/site-packages/airflow/example_dags/example_branch_operator.py took 0.360 seconds
[2024-10-12T20:38:37.354+0000] {processor.py:186} INFO - Started process (PID=458) to work on /home/airflow/.local/lib/python3.12/site-packages/airflow/example_dags/example_branch_operator.py
[2024-10-12T20:38:37.356+0000] {processor.py:914} INFO - Processing file /home/airflow/.local/lib/python3.12/site-packages/airflow/example_dags/example_branch_operator.py for tasks to queue
[2024-10-12T20:38:37.361+0000] {logging_mixin.py:190} INFO - [2024-10-12T20:38:37.360+0000] {dagbag.py:588} INFO - Filling up the DagBag from /home/airflow/.local/lib/python3.12/site-packages/airflow/example_dags/example_branch_operator.py
[2024-10-12T20:38:37.392+0000] {processor.py:925} INFO - DAG(s) 'example_branch_operator' retrieved from /home/airflow/.local/lib/python3.12/site-packages/airflow/example_dags/example_branch_operator.py
[2024-10-12T20:38:37.439+0000] {logging_mixin.py:190} INFO - [2024-10-12T20:38:37.439+0000] {dag.py:3239} INFO - Sync 1 DAGs
[2024-10-12T20:38:37.483+0000] {logging_mixin.py:190} INFO - [2024-10-12T20:38:37.482+0000] {dag.py:4180} INFO - Setting next_dagrun for example_branch_operator to 2024-10-11 00:00:00+00:00, run_after=2024-10-12 00:00:00+00:00
[2024-10-12T20:38:37.518+0000] {processor.py:208} INFO - Processing /home/airflow/.local/lib/python3.12/site-packages/airflow/example_dags/example_branch_operator.py took 0.178 seconds
[2024-10-12T20:39:08.146+0000] {processor.py:186} INFO - Started process (PID=520) to work on /home/airflow/.local/lib/python3.12/site-packages/airflow/example_dags/example_branch_operator.py
[2024-10-12T20:39:08.148+0000] {processor.py:914} INFO - Processing file /home/airflow/.local/lib/python3.12/site-packages/airflow/example_dags/example_branch_operator.py for tasks to queue
[2024-10-12T20:39:08.152+0000] {logging_mixin.py:190} INFO - [2024-10-12T20:39:08.152+0000] {dagbag.py:588} INFO - Filling up the DagBag from /home/airflow/.local/lib/python3.12/site-packages/airflow/example_dags/example_branch_operator.py
[2024-10-12T20:39:08.182+0000] {processor.py:925} INFO - DAG(s) 'example_branch_operator' retrieved from /home/airflow/.local/lib/python3.12/site-packages/airflow/example_dags/example_branch_operator.py
[2024-10-12T20:39:08.231+0000] {logging_mixin.py:190} INFO - [2024-10-12T20:39:08.230+0000] {dag.py:3239} INFO - Sync 1 DAGs
[2024-10-12T20:39:08.271+0000] {logging_mixin.py:190} INFO - [2024-10-12T20:39:08.271+0000] {dag.py:4180} INFO - Setting next_dagrun for example_branch_operator to 2024-10-11 00:00:00+00:00, run_after=2024-10-12 00:00:00+00:00
[2024-10-12T20:39:08.312+0000] {processor.py:208} INFO - Processing /home/airflow/.local/lib/python3.12/site-packages/airflow/example_dags/example_branch_operator.py took 0.189 seconds
[2024-10-12T20:39:38.578+0000] {processor.py:186} INFO - Started process (PID=582) to work on /home/airflow/.local/lib/python3.12/site-packages/airflow/example_dags/example_branch_operator.py
[2024-10-12T20:39:38.582+0000] {processor.py:914} INFO - Processing file /home/airflow/.local/lib/python3.12/site-packages/airflow/example_dags/example_branch_operator.py for tasks to queue
[2024-10-12T20:39:38.588+0000] {logging_mixin.py:190} INFO - [2024-10-12T20:39:38.587+0000] {dagbag.py:588} INFO - Filling up the DagBag from /home/airflow/.local/lib/python3.12/site-packages/airflow/example_dags/example_branch_operator.py
[2024-10-12T20:39:38.623+0000] {processor.py:925} INFO - DAG(s) 'example_branch_operator' retrieved from /home/airflow/.local/lib/python3.12/site-packages/airflow/example_dags/example_branch_operator.py
[2024-10-12T20:39:38.682+0000] {logging_mixin.py:190} INFO - [2024-10-12T20:39:38.682+0000] {dag.py:3239} INFO - Sync 1 DAGs
[2024-10-12T20:39:38.734+0000] {logging_mixin.py:190} INFO - [2024-10-12T20:39:38.733+0000] {dag.py:4180} INFO - Setting next_dagrun for example_branch_operator to 2024-10-11 00:00:00+00:00, run_after=2024-10-12 00:00:00+00:00
[2024-10-12T20:39:38.776+0000] {processor.py:208} INFO - Processing /home/airflow/.local/lib/python3.12/site-packages/airflow/example_dags/example_branch_operator.py took 0.214 seconds
[2024-10-12T20:40:09.205+0000] {processor.py:186} INFO - Started process (PID=643) to work on /home/airflow/.local/lib/python3.12/site-packages/airflow/example_dags/example_branch_operator.py
[2024-10-12T20:40:09.207+0000] {processor.py:914} INFO - Processing file /home/airflow/.local/lib/python3.12/site-packages/airflow/example_dags/example_branch_operator.py for tasks to queue
[2024-10-12T20:40:09.211+0000] {logging_mixin.py:190} INFO - [2024-10-12T20:40:09.210+0000] {dagbag.py:588} INFO - Filling up the DagBag from /home/airflow/.local/lib/python3.12/site-packages/airflow/example_dags/example_branch_operator.py
[2024-10-12T20:40:09.248+0000] {processor.py:925} INFO - DAG(s) 'example_branch_operator' retrieved from /home/airflow/.local/lib/python3.12/site-packages/airflow/example_dags/example_branch_operator.py
[2024-10-12T20:40:09.286+0000] {logging_mixin.py:190} INFO - [2024-10-12T20:40:09.286+0000] {dag.py:3239} INFO - Sync 1 DAGs
[2024-10-12T20:40:09.317+0000] {logging_mixin.py:190} INFO - [2024-10-12T20:40:09.317+0000] {dag.py:4180} INFO - Setting next_dagrun for example_branch_operator to 2024-10-11 00:00:00+00:00, run_after=2024-10-12 00:00:00+00:00
[2024-10-12T20:40:09.342+0000] {processor.py:208} INFO - Processing /home/airflow/.local/lib/python3.12/site-packages/airflow/example_dags/example_branch_operator.py took 0.149 seconds
[2024-10-12T20:40:40.013+0000] {processor.py:186} INFO - Started process (PID=705) to work on /home/airflow/.local/lib/python3.12/site-packages/airflow/example_dags/example_branch_operator.py
[2024-10-12T20:40:40.015+0000] {processor.py:914} INFO - Processing file /home/airflow/.local/lib/python3.12/site-packages/airflow/example_dags/example_branch_operator.py for tasks to queue
[2024-10-12T20:40:40.019+0000] {logging_mixin.py:190} INFO - [2024-10-12T20:40:40.018+0000] {dagbag.py:588} INFO - Filling up the DagBag from /home/airflow/.local/lib/python3.12/site-packages/airflow/example_dags/example_branch_operator.py
[2024-10-12T20:40:40.054+0000] {processor.py:925} INFO - DAG(s) 'example_branch_operator' retrieved from /home/airflow/.local/lib/python3.12/site-packages/airflow/example_dags/example_branch_operator.py
[2024-10-12T20:40:40.102+0000] {logging_mixin.py:190} INFO - [2024-10-12T20:40:40.102+0000] {dag.py:3239} INFO - Sync 1 DAGs
[2024-10-12T20:40:40.148+0000] {logging_mixin.py:190} INFO - [2024-10-12T20:40:40.148+0000] {dag.py:4180} INFO - Setting next_dagrun for example_branch_operator to 2024-10-11 00:00:00+00:00, run_after=2024-10-12 00:00:00+00:00
[2024-10-12T20:40:40.181+0000] {processor.py:208} INFO - Processing /home/airflow/.local/lib/python3.12/site-packages/airflow/example_dags/example_branch_operator.py took 0.179 seconds
[2024-10-12T20:41:10.472+0000] {processor.py:186} INFO - Started process (PID=767) to work on /home/airflow/.local/lib/python3.12/site-packages/airflow/example_dags/example_branch_operator.py
[2024-10-12T20:41:10.474+0000] {processor.py:914} INFO - Processing file /home/airflow/.local/lib/python3.12/site-packages/airflow/example_dags/example_branch_operator.py for tasks to queue
[2024-10-12T20:41:10.479+0000] {logging_mixin.py:190} INFO - [2024-10-12T20:41:10.478+0000] {dagbag.py:588} INFO - Filling up the DagBag from /home/airflow/.local/lib/python3.12/site-packages/airflow/example_dags/example_branch_operator.py
[2024-10-12T20:41:10.505+0000] {processor.py:925} INFO - DAG(s) 'example_branch_operator' retrieved from /home/airflow/.local/lib/python3.12/site-packages/airflow/example_dags/example_branch_operator.py
[2024-10-12T20:41:10.563+0000] {logging_mixin.py:190} INFO - [2024-10-12T20:41:10.563+0000] {dag.py:3239} INFO - Sync 1 DAGs
[2024-10-12T20:41:10.609+0000] {logging_mixin.py:190} INFO - [2024-10-12T20:41:10.609+0000] {dag.py:4180} INFO - Setting next_dagrun for example_branch_operator to 2024-10-11 00:00:00+00:00, run_after=2024-10-12 00:00:00+00:00
[2024-10-12T20:41:10.646+0000] {processor.py:208} INFO - Processing /home/airflow/.local/lib/python3.12/site-packages/airflow/example_dags/example_branch_operator.py took 0.184 seconds
[2024-10-12T20:41:41.345+0000] {processor.py:186} INFO - Started process (PID=829) to work on /home/airflow/.local/lib/python3.12/site-packages/airflow/example_dags/example_branch_operator.py
[2024-10-12T20:41:41.347+0000] {processor.py:914} INFO - Processing file /home/airflow/.local/lib/python3.12/site-packages/airflow/example_dags/example_branch_operator.py for tasks to queue
[2024-10-12T20:41:41.351+0000] {logging_mixin.py:190} INFO - [2024-10-12T20:41:41.350+0000] {dagbag.py:588} INFO - Filling up the DagBag from /home/airflow/.local/lib/python3.12/site-packages/airflow/example_dags/example_branch_operator.py
[2024-10-12T20:41:41.377+0000] {processor.py:925} INFO - DAG(s) 'example_branch_operator' retrieved from /home/airflow/.local/lib/python3.12/site-packages/airflow/example_dags/example_branch_operator.py
[2024-10-12T20:41:41.416+0000] {logging_mixin.py:190} INFO - [2024-10-12T20:41:41.415+0000] {dag.py:3239} INFO - Sync 1 DAGs
[2024-10-12T20:41:41.457+0000] {logging_mixin.py:190} INFO - [2024-10-12T20:41:41.456+0000] {dag.py:4180} INFO - Setting next_dagrun for example_branch_operator to 2024-10-11 00:00:00+00:00, run_after=2024-10-12 00:00:00+00:00
[2024-10-12T20:41:41.496+0000] {processor.py:208} INFO - Processing /home/airflow/.local/lib/python3.12/site-packages/airflow/example_dags/example_branch_operator.py took 0.163 seconds
[2024-10-12T20:42:11.672+0000] {processor.py:186} INFO - Started process (PID=891) to work on /home/airflow/.local/lib/python3.12/site-packages/airflow/example_dags/example_branch_operator.py
[2024-10-12T20:42:11.673+0000] {processor.py:914} INFO - Processing file /home/airflow/.local/lib/python3.12/site-packages/airflow/example_dags/example_branch_operator.py for tasks to queue
[2024-10-12T20:42:11.678+0000] {logging_mixin.py:190} INFO - [2024-10-12T20:42:11.677+0000] {dagbag.py:588} INFO - Filling up the DagBag from /home/airflow/.local/lib/python3.12/site-packages/airflow/example_dags/example_branch_operator.py
[2024-10-12T20:42:11.705+0000] {processor.py:925} INFO - DAG(s) 'example_branch_operator' retrieved from /home/airflow/.local/lib/python3.12/site-packages/airflow/example_dags/example_branch_operator.py
[2024-10-12T20:42:11.752+0000] {logging_mixin.py:190} INFO - [2024-10-12T20:42:11.752+0000] {dag.py:3239} INFO - Sync 1 DAGs
[2024-10-12T20:42:11.793+0000] {logging_mixin.py:190} INFO - [2024-10-12T20:42:11.792+0000] {dag.py:4180} INFO - Setting next_dagrun for example_branch_operator to 2024-10-11 00:00:00+00:00, run_after=2024-10-12 00:00:00+00:00
[2024-10-12T20:42:11.826+0000] {processor.py:208} INFO - Processing /home/airflow/.local/lib/python3.12/site-packages/airflow/example_dags/example_branch_operator.py took 0.165 seconds
[2024-10-12T20:42:43.045+0000] {processor.py:186} INFO - Started process (PID=953) to work on /home/airflow/.local/lib/python3.12/site-packages/airflow/example_dags/example_branch_operator.py
[2024-10-12T20:42:43.047+0000] {processor.py:914} INFO - Processing file /home/airflow/.local/lib/python3.12/site-packages/airflow/example_dags/example_branch_operator.py for tasks to queue
[2024-10-12T20:42:43.052+0000] {logging_mixin.py:190} INFO - [2024-10-12T20:42:43.052+0000] {dagbag.py:588} INFO - Filling up the DagBag from /home/airflow/.local/lib/python3.12/site-packages/airflow/example_dags/example_branch_operator.py
[2024-10-12T20:42:43.098+0000] {processor.py:925} INFO - DAG(s) 'example_branch_operator' retrieved from /home/airflow/.local/lib/python3.12/site-packages/airflow/example_dags/example_branch_operator.py
[2024-10-12T20:42:43.179+0000] {logging_mixin.py:190} INFO - [2024-10-12T20:42:43.179+0000] {dag.py:3239} INFO - Sync 1 DAGs
[2024-10-12T20:42:43.218+0000] {logging_mixin.py:190} INFO - [2024-10-12T20:42:43.218+0000] {dag.py:4180} INFO - Setting next_dagrun for example_branch_operator to 2024-10-11 00:00:00+00:00, run_after=2024-10-12 00:00:00+00:00
[2024-10-12T20:42:43.253+0000] {processor.py:208} INFO - Processing /home/airflow/.local/lib/python3.12/site-packages/airflow/example_dags/example_branch_operator.py took 0.218 seconds
[2024-10-12T20:43:13.445+0000] {processor.py:186} INFO - Started process (PID=1015) to work on /home/airflow/.local/lib/python3.12/site-packages/airflow/example_dags/example_branch_operator.py
[2024-10-12T20:43:13.447+0000] {processor.py:914} INFO - Processing file /home/airflow/.local/lib/python3.12/site-packages/airflow/example_dags/example_branch_operator.py for tasks to queue
[2024-10-12T20:43:13.451+0000] {logging_mixin.py:190} INFO - [2024-10-12T20:43:13.450+0000] {dagbag.py:588} INFO - Filling up the DagBag from /home/airflow/.local/lib/python3.12/site-packages/airflow/example_dags/example_branch_operator.py
[2024-10-12T20:43:13.482+0000] {processor.py:925} INFO - DAG(s) 'example_branch_operator' retrieved from /home/airflow/.local/lib/python3.12/site-packages/airflow/example_dags/example_branch_operator.py
[2024-10-12T20:43:13.530+0000] {logging_mixin.py:190} INFO - [2024-10-12T20:43:13.530+0000] {dag.py:3239} INFO - Sync 1 DAGs
[2024-10-12T20:43:13.570+0000] {logging_mixin.py:190} INFO - [2024-10-12T20:43:13.569+0000] {dag.py:4180} INFO - Setting next_dagrun for example_branch_operator to 2024-10-11 00:00:00+00:00, run_after=2024-10-12 00:00:00+00:00
[2024-10-12T20:43:13.610+0000] {processor.py:208} INFO - Processing /home/airflow/.local/lib/python3.12/site-packages/airflow/example_dags/example_branch_operator.py took 0.176 seconds
[2024-10-12T20:43:44.023+0000] {processor.py:186} INFO - Started process (PID=1076) to work on /home/airflow/.local/lib/python3.12/site-packages/airflow/example_dags/example_branch_operator.py
[2024-10-12T20:43:44.024+0000] {processor.py:914} INFO - Processing file /home/airflow/.local/lib/python3.12/site-packages/airflow/example_dags/example_branch_operator.py for tasks to queue
[2024-10-12T20:43:44.029+0000] {logging_mixin.py:190} INFO - [2024-10-12T20:43:44.028+0000] {dagbag.py:588} INFO - Filling up the DagBag from /home/airflow/.local/lib/python3.12/site-packages/airflow/example_dags/example_branch_operator.py
[2024-10-12T20:43:44.058+0000] {processor.py:925} INFO - DAG(s) 'example_branch_operator' retrieved from /home/airflow/.local/lib/python3.12/site-packages/airflow/example_dags/example_branch_operator.py
[2024-10-12T20:43:44.110+0000] {logging_mixin.py:190} INFO - [2024-10-12T20:43:44.110+0000] {dag.py:3239} INFO - Sync 1 DAGs
[2024-10-12T20:43:44.151+0000] {logging_mixin.py:190} INFO - [2024-10-12T20:43:44.150+0000] {dag.py:4180} INFO - Setting next_dagrun for example_branch_operator to 2024-10-11 00:00:00+00:00, run_after=2024-10-12 00:00:00+00:00
[2024-10-12T20:43:44.188+0000] {processor.py:208} INFO - Processing /home/airflow/.local/lib/python3.12/site-packages/airflow/example_dags/example_branch_operator.py took 0.175 seconds
[2024-10-12T20:44:14.597+0000] {processor.py:186} INFO - Started process (PID=1138) to work on /home/airflow/.local/lib/python3.12/site-packages/airflow/example_dags/example_branch_operator.py
[2024-10-12T20:44:14.599+0000] {processor.py:914} INFO - Processing file /home/airflow/.local/lib/python3.12/site-packages/airflow/example_dags/example_branch_operator.py for tasks to queue
[2024-10-12T20:44:14.603+0000] {logging_mixin.py:190} INFO - [2024-10-12T20:44:14.602+0000] {dagbag.py:588} INFO - Filling up the DagBag from /home/airflow/.local/lib/python3.12/site-packages/airflow/example_dags/example_branch_operator.py
[2024-10-12T20:44:14.632+0000] {processor.py:925} INFO - DAG(s) 'example_branch_operator' retrieved from /home/airflow/.local/lib/python3.12/site-packages/airflow/example_dags/example_branch_operator.py
[2024-10-12T20:44:14.682+0000] {logging_mixin.py:190} INFO - [2024-10-12T20:44:14.682+0000] {dag.py:3239} INFO - Sync 1 DAGs
[2024-10-12T20:44:14.720+0000] {logging_mixin.py:190} INFO - [2024-10-12T20:44:14.720+0000] {dag.py:4180} INFO - Setting next_dagrun for example_branch_operator to 2024-10-11 00:00:00+00:00, run_after=2024-10-12 00:00:00+00:00
[2024-10-12T20:44:14.754+0000] {processor.py:208} INFO - Processing /home/airflow/.local/lib/python3.12/site-packages/airflow/example_dags/example_branch_operator.py took 0.167 seconds
[2024-10-12T20:44:45.425+0000] {processor.py:186} INFO - Started process (PID=1200) to work on /home/airflow/.local/lib/python3.12/site-packages/airflow/example_dags/example_branch_operator.py
[2024-10-12T20:44:45.427+0000] {processor.py:914} INFO - Processing file /home/airflow/.local/lib/python3.12/site-packages/airflow/example_dags/example_branch_operator.py for tasks to queue
[2024-10-12T20:44:45.431+0000] {logging_mixin.py:190} INFO - [2024-10-12T20:44:45.430+0000] {dagbag.py:588} INFO - Filling up the DagBag from /home/airflow/.local/lib/python3.12/site-packages/airflow/example_dags/example_branch_operator.py
[2024-10-12T20:44:45.457+0000] {processor.py:925} INFO - DAG(s) 'example_branch_operator' retrieved from /home/airflow/.local/lib/python3.12/site-packages/airflow/example_dags/example_branch_operator.py
[2024-10-12T20:44:45.506+0000] {logging_mixin.py:190} INFO - [2024-10-12T20:44:45.506+0000] {dag.py:3239} INFO - Sync 1 DAGs
[2024-10-12T20:44:45.548+0000] {logging_mixin.py:190} INFO - [2024-10-12T20:44:45.548+0000] {dag.py:4180} INFO - Setting next_dagrun for example_branch_operator to 2024-10-11 00:00:00+00:00, run_after=2024-10-12 00:00:00+00:00
[2024-10-12T20:44:45.584+0000] {processor.py:208} INFO - Processing /home/airflow/.local/lib/python3.12/site-packages/airflow/example_dags/example_branch_operator.py took 0.170 seconds
[2024-10-12T20:45:15.960+0000] {processor.py:186} INFO - Started process (PID=1262) to work on /home/airflow/.local/lib/python3.12/site-packages/airflow/example_dags/example_branch_operator.py
[2024-10-12T20:45:15.963+0000] {processor.py:914} INFO - Processing file /home/airflow/.local/lib/python3.12/site-packages/airflow/example_dags/example_branch_operator.py for tasks to queue
[2024-10-12T20:45:15.968+0000] {logging_mixin.py:190} INFO - [2024-10-12T20:45:15.968+0000] {dagbag.py:588} INFO - Filling up the DagBag from /home/airflow/.local/lib/python3.12/site-packages/airflow/example_dags/example_branch_operator.py
[2024-10-12T20:45:16.004+0000] {processor.py:925} INFO - DAG(s) 'example_branch_operator' retrieved from /home/airflow/.local/lib/python3.12/site-packages/airflow/example_dags/example_branch_operator.py
[2024-10-12T20:45:16.055+0000] {logging_mixin.py:190} INFO - [2024-10-12T20:45:16.054+0000] {dag.py:3239} INFO - Sync 1 DAGs
[2024-10-12T20:45:16.112+0000] {logging_mixin.py:190} INFO - [2024-10-12T20:45:16.111+0000] {dag.py:4180} INFO - Setting next_dagrun for example_branch_operator to 2024-10-11 00:00:00+00:00, run_after=2024-10-12 00:00:00+00:00
[2024-10-12T20:45:16.152+0000] {processor.py:208} INFO - Processing /home/airflow/.local/lib/python3.12/site-packages/airflow/example_dags/example_branch_operator.py took 0.203 seconds
[2024-10-12T20:45:46.303+0000] {processor.py:186} INFO - Started process (PID=1324) to work on /home/airflow/.local/lib/python3.12/site-packages/airflow/example_dags/example_branch_operator.py
[2024-10-12T20:45:46.305+0000] {processor.py:914} INFO - Processing file /home/airflow/.local/lib/python3.12/site-packages/airflow/example_dags/example_branch_operator.py for tasks to queue
[2024-10-12T20:45:46.309+0000] {logging_mixin.py:190} INFO - [2024-10-12T20:45:46.308+0000] {dagbag.py:588} INFO - Filling up the DagBag from /home/airflow/.local/lib/python3.12/site-packages/airflow/example_dags/example_branch_operator.py
[2024-10-12T20:45:46.341+0000] {processor.py:925} INFO - DAG(s) 'example_branch_operator' retrieved from /home/airflow/.local/lib/python3.12/site-packages/airflow/example_dags/example_branch_operator.py
[2024-10-12T20:45:46.383+0000] {logging_mixin.py:190} INFO - [2024-10-12T20:45:46.383+0000] {dag.py:3239} INFO - Sync 1 DAGs
[2024-10-12T20:45:46.426+0000] {logging_mixin.py:190} INFO - [2024-10-12T20:45:46.425+0000] {dag.py:4180} INFO - Setting next_dagrun for example_branch_operator to 2024-10-11 00:00:00+00:00, run_after=2024-10-12 00:00:00+00:00
[2024-10-12T20:45:46.453+0000] {processor.py:208} INFO - Processing /home/airflow/.local/lib/python3.12/site-packages/airflow/example_dags/example_branch_operator.py took 0.159 seconds
[2024-10-12T20:46:16.823+0000] {processor.py:186} INFO - Started process (PID=1386) to work on /home/airflow/.local/lib/python3.12/site-packages/airflow/example_dags/example_branch_operator.py
[2024-10-12T20:46:16.825+0000] {processor.py:914} INFO - Processing file /home/airflow/.local/lib/python3.12/site-packages/airflow/example_dags/example_branch_operator.py for tasks to queue
[2024-10-12T20:46:16.829+0000] {logging_mixin.py:190} INFO - [2024-10-12T20:46:16.828+0000] {dagbag.py:588} INFO - Filling up the DagBag from /home/airflow/.local/lib/python3.12/site-packages/airflow/example_dags/example_branch_operator.py
[2024-10-12T20:46:16.853+0000] {processor.py:925} INFO - DAG(s) 'example_branch_operator' retrieved from /home/airflow/.local/lib/python3.12/site-packages/airflow/example_dags/example_branch_operator.py
[2024-10-12T20:46:16.904+0000] {logging_mixin.py:190} INFO - [2024-10-12T20:46:16.903+0000] {dag.py:3239} INFO - Sync 1 DAGs
[2024-10-12T20:46:16.940+0000] {logging_mixin.py:190} INFO - [2024-10-12T20:46:16.939+0000] {dag.py:4180} INFO - Setting next_dagrun for example_branch_operator to 2024-10-11 00:00:00+00:00, run_after=2024-10-12 00:00:00+00:00
[2024-10-12T20:46:16.976+0000] {processor.py:208} INFO - Processing /home/airflow/.local/lib/python3.12/site-packages/airflow/example_dags/example_branch_operator.py took 0.161 seconds
[2024-10-12T20:46:47.117+0000] {processor.py:186} INFO - Started process (PID=1447) to work on /home/airflow/.local/lib/python3.12/site-packages/airflow/example_dags/example_branch_operator.py
[2024-10-12T20:46:47.118+0000] {processor.py:914} INFO - Processing file /home/airflow/.local/lib/python3.12/site-packages/airflow/example_dags/example_branch_operator.py for tasks to queue
[2024-10-12T20:46:47.122+0000] {logging_mixin.py:190} INFO - [2024-10-12T20:46:47.121+0000] {dagbag.py:588} INFO - Filling up the DagBag from /home/airflow/.local/lib/python3.12/site-packages/airflow/example_dags/example_branch_operator.py
[2024-10-12T20:46:47.151+0000] {processor.py:925} INFO - DAG(s) 'example_branch_operator' retrieved from /home/airflow/.local/lib/python3.12/site-packages/airflow/example_dags/example_branch_operator.py
[2024-10-12T20:46:47.195+0000] {logging_mixin.py:190} INFO - [2024-10-12T20:46:47.194+0000] {dag.py:3239} INFO - Sync 1 DAGs
[2024-10-12T20:46:47.237+0000] {logging_mixin.py:190} INFO - [2024-10-12T20:46:47.237+0000] {dag.py:4180} INFO - Setting next_dagrun for example_branch_operator to 2024-10-11 00:00:00+00:00, run_after=2024-10-12 00:00:00+00:00
[2024-10-12T20:46:47.266+0000] {processor.py:208} INFO - Processing /home/airflow/.local/lib/python3.12/site-packages/airflow/example_dags/example_branch_operator.py took 0.158 seconds
[2024-10-12T20:47:18.203+0000] {processor.py:186} INFO - Started process (PID=1509) to work on /home/airflow/.local/lib/python3.12/site-packages/airflow/example_dags/example_branch_operator.py
[2024-10-12T20:47:18.204+0000] {processor.py:914} INFO - Processing file /home/airflow/.local/lib/python3.12/site-packages/airflow/example_dags/example_branch_operator.py for tasks to queue
[2024-10-12T20:47:18.208+0000] {logging_mixin.py:190} INFO - [2024-10-12T20:47:18.208+0000] {dagbag.py:588} INFO - Filling up the DagBag from /home/airflow/.local/lib/python3.12/site-packages/airflow/example_dags/example_branch_operator.py
[2024-10-12T20:47:18.238+0000] {processor.py:925} INFO - DAG(s) 'example_branch_operator' retrieved from /home/airflow/.local/lib/python3.12/site-packages/airflow/example_dags/example_branch_operator.py
[2024-10-12T20:47:18.284+0000] {logging_mixin.py:190} INFO - [2024-10-12T20:47:18.284+0000] {dag.py:3239} INFO - Sync 1 DAGs
[2024-10-12T20:47:18.326+0000] {logging_mixin.py:190} INFO - [2024-10-12T20:47:18.326+0000] {dag.py:4180} INFO - Setting next_dagrun for example_branch_operator to 2024-10-11 00:00:00+00:00, run_after=2024-10-12 00:00:00+00:00
[2024-10-12T20:47:18.355+0000] {processor.py:208} INFO - Processing /home/airflow/.local/lib/python3.12/site-packages/airflow/example_dags/example_branch_operator.py took 0.161 seconds
[2024-10-12T20:47:48.660+0000] {processor.py:186} INFO - Started process (PID=1571) to work on /home/airflow/.local/lib/python3.12/site-packages/airflow/example_dags/example_branch_operator.py
[2024-10-12T20:47:48.662+0000] {processor.py:914} INFO - Processing file /home/airflow/.local/lib/python3.12/site-packages/airflow/example_dags/example_branch_operator.py for tasks to queue
[2024-10-12T20:47:48.666+0000] {logging_mixin.py:190} INFO - [2024-10-12T20:47:48.665+0000] {dagbag.py:588} INFO - Filling up the DagBag from /home/airflow/.local/lib/python3.12/site-packages/airflow/example_dags/example_branch_operator.py
[2024-10-12T20:47:48.694+0000] {processor.py:925} INFO - DAG(s) 'example_branch_operator' retrieved from /home/airflow/.local/lib/python3.12/site-packages/airflow/example_dags/example_branch_operator.py
[2024-10-12T20:47:48.733+0000] {logging_mixin.py:190} INFO - [2024-10-12T20:47:48.732+0000] {dag.py:3239} INFO - Sync 1 DAGs
[2024-10-12T20:47:48.772+0000] {logging_mixin.py:190} INFO - [2024-10-12T20:47:48.771+0000] {dag.py:4180} INFO - Setting next_dagrun for example_branch_operator to 2024-10-11 00:00:00+00:00, run_after=2024-10-12 00:00:00+00:00
[2024-10-12T20:47:48.799+0000] {processor.py:208} INFO - Processing /home/airflow/.local/lib/python3.12/site-packages/airflow/example_dags/example_branch_operator.py took 0.148 seconds
[2024-10-12T20:48:19.060+0000] {processor.py:186} INFO - Started process (PID=1633) to work on /home/airflow/.local/lib/python3.12/site-packages/airflow/example_dags/example_branch_operator.py
[2024-10-12T20:48:19.062+0000] {processor.py:914} INFO - Processing file /home/airflow/.local/lib/python3.12/site-packages/airflow/example_dags/example_branch_operator.py for tasks to queue
[2024-10-12T20:48:19.065+0000] {logging_mixin.py:190} INFO - [2024-10-12T20:48:19.065+0000] {dagbag.py:588} INFO - Filling up the DagBag from /home/airflow/.local/lib/python3.12/site-packages/airflow/example_dags/example_branch_operator.py
[2024-10-12T20:48:19.090+0000] {processor.py:925} INFO - DAG(s) 'example_branch_operator' retrieved from /home/airflow/.local/lib/python3.12/site-packages/airflow/example_dags/example_branch_operator.py
[2024-10-12T20:48:19.133+0000] {logging_mixin.py:190} INFO - [2024-10-12T20:48:19.133+0000] {dag.py:3239} INFO - Sync 1 DAGs
[2024-10-12T20:48:19.172+0000] {logging_mixin.py:190} INFO - [2024-10-12T20:48:19.172+0000] {dag.py:4180} INFO - Setting next_dagrun for example_branch_operator to 2024-10-11 00:00:00+00:00, run_after=2024-10-12 00:00:00+00:00
[2024-10-12T20:48:19.204+0000] {processor.py:208} INFO - Processing /home/airflow/.local/lib/python3.12/site-packages/airflow/example_dags/example_branch_operator.py took 0.153 seconds
[2024-10-12T20:48:49.594+0000] {processor.py:186} INFO - Started process (PID=1695) to work on /home/airflow/.local/lib/python3.12/site-packages/airflow/example_dags/example_branch_operator.py
[2024-10-12T20:48:49.596+0000] {processor.py:914} INFO - Processing file /home/airflow/.local/lib/python3.12/site-packages/airflow/example_dags/example_branch_operator.py for tasks to queue
[2024-10-12T20:48:49.601+0000] {logging_mixin.py:190} INFO - [2024-10-12T20:48:49.600+0000] {dagbag.py:588} INFO - Filling up the DagBag from /home/airflow/.local/lib/python3.12/site-packages/airflow/example_dags/example_branch_operator.py
[2024-10-12T20:48:49.632+0000] {processor.py:925} INFO - DAG(s) 'example_branch_operator' retrieved from /home/airflow/.local/lib/python3.12/site-packages/airflow/example_dags/example_branch_operator.py
[2024-10-12T20:48:49.683+0000] {logging_mixin.py:190} INFO - [2024-10-12T20:48:49.683+0000] {dag.py:3239} INFO - Sync 1 DAGs
[2024-10-12T20:48:49.726+0000] {logging_mixin.py:190} INFO - [2024-10-12T20:48:49.726+0000] {dag.py:4180} INFO - Setting next_dagrun for example_branch_operator to 2024-10-11 00:00:00+00:00, run_after=2024-10-12 00:00:00+00:00
[2024-10-12T20:48:49.766+0000] {processor.py:208} INFO - Processing /home/airflow/.local/lib/python3.12/site-packages/airflow/example_dags/example_branch_operator.py took 0.185 seconds
[2024-10-12T20:49:20.661+0000] {processor.py:186} INFO - Started process (PID=1757) to work on /home/airflow/.local/lib/python3.12/site-packages/airflow/example_dags/example_branch_operator.py
[2024-10-12T20:49:20.667+0000] {processor.py:914} INFO - Processing file /home/airflow/.local/lib/python3.12/site-packages/airflow/example_dags/example_branch_operator.py for tasks to queue
[2024-10-12T20:49:20.672+0000] {logging_mixin.py:190} INFO - [2024-10-12T20:49:20.671+0000] {dagbag.py:588} INFO - Filling up the DagBag from /home/airflow/.local/lib/python3.12/site-packages/airflow/example_dags/example_branch_operator.py
[2024-10-12T20:49:20.707+0000] {processor.py:925} INFO - DAG(s) 'example_branch_operator' retrieved from /home/airflow/.local/lib/python3.12/site-packages/airflow/example_dags/example_branch_operator.py
[2024-10-12T20:49:20.760+0000] {logging_mixin.py:190} INFO - [2024-10-12T20:49:20.759+0000] {dag.py:3239} INFO - Sync 1 DAGs
[2024-10-12T20:49:20.802+0000] {logging_mixin.py:190} INFO - [2024-10-12T20:49:20.801+0000] {dag.py:4180} INFO - Setting next_dagrun for example_branch_operator to 2024-10-11 00:00:00+00:00, run_after=2024-10-12 00:00:00+00:00
[2024-10-12T20:49:20.842+0000] {processor.py:208} INFO - Processing /home/airflow/.local/lib/python3.12/site-packages/airflow/example_dags/example_branch_operator.py took 0.194 seconds
[2024-10-12T20:49:51.450+0000] {processor.py:186} INFO - Started process (PID=1819) to work on /home/airflow/.local/lib/python3.12/site-packages/airflow/example_dags/example_branch_operator.py
[2024-10-12T20:49:51.451+0000] {processor.py:914} INFO - Processing file /home/airflow/.local/lib/python3.12/site-packages/airflow/example_dags/example_branch_operator.py for tasks to queue
[2024-10-12T20:49:51.455+0000] {logging_mixin.py:190} INFO - [2024-10-12T20:49:51.455+0000] {dagbag.py:588} INFO - Filling up the DagBag from /home/airflow/.local/lib/python3.12/site-packages/airflow/example_dags/example_branch_operator.py
[2024-10-12T20:49:51.484+0000] {processor.py:925} INFO - DAG(s) 'example_branch_operator' retrieved from /home/airflow/.local/lib/python3.12/site-packages/airflow/example_dags/example_branch_operator.py
[2024-10-12T20:49:51.526+0000] {logging_mixin.py:190} INFO - [2024-10-12T20:49:51.525+0000] {dag.py:3239} INFO - Sync 1 DAGs
[2024-10-12T20:49:51.560+0000] {logging_mixin.py:190} INFO - [2024-10-12T20:49:51.560+0000] {dag.py:4180} INFO - Setting next_dagrun for example_branch_operator to 2024-10-11 00:00:00+00:00, run_after=2024-10-12 00:00:00+00:00
[2024-10-12T20:49:51.589+0000] {processor.py:208} INFO - Processing /home/airflow/.local/lib/python3.12/site-packages/airflow/example_dags/example_branch_operator.py took 0.149 seconds
[2024-10-12T20:50:22.157+0000] {processor.py:186} INFO - Started process (PID=1882) to work on /home/airflow/.local/lib/python3.12/site-packages/airflow/example_dags/example_branch_operator.py
[2024-10-12T20:50:22.160+0000] {processor.py:914} INFO - Processing file /home/airflow/.local/lib/python3.12/site-packages/airflow/example_dags/example_branch_operator.py for tasks to queue
[2024-10-12T20:50:22.164+0000] {logging_mixin.py:190} INFO - [2024-10-12T20:50:22.164+0000] {dagbag.py:588} INFO - Filling up the DagBag from /home/airflow/.local/lib/python3.12/site-packages/airflow/example_dags/example_branch_operator.py
[2024-10-12T20:50:22.191+0000] {processor.py:925} INFO - DAG(s) 'example_branch_operator' retrieved from /home/airflow/.local/lib/python3.12/site-packages/airflow/example_dags/example_branch_operator.py
[2024-10-12T20:50:22.232+0000] {logging_mixin.py:190} INFO - [2024-10-12T20:50:22.232+0000] {dag.py:3239} INFO - Sync 1 DAGs
[2024-10-12T20:50:22.277+0000] {logging_mixin.py:190} INFO - [2024-10-12T20:50:22.277+0000] {dag.py:4180} INFO - Setting next_dagrun for example_branch_operator to 2024-10-11 00:00:00+00:00, run_after=2024-10-12 00:00:00+00:00
[2024-10-12T20:50:22.311+0000] {processor.py:208} INFO - Processing /home/airflow/.local/lib/python3.12/site-packages/airflow/example_dags/example_branch_operator.py took 0.165 seconds
