[2024-10-12T20:35:41.229+0000] {processor.py:186} INFO - Started process (PID=118) to work on /home/airflow/.local/lib/python3.12/site-packages/airflow/example_dags/example_dynamic_task_mapping.py
[2024-10-12T20:35:41.230+0000] {processor.py:914} INFO - Processing file /home/airflow/.local/lib/python3.12/site-packages/airflow/example_dags/example_dynamic_task_mapping.py for tasks to queue
[2024-10-12T20:35:41.235+0000] {logging_mixin.py:190} INFO - [2024-10-12T20:35:41.234+0000] {dagbag.py:588} INFO - Filling up the DagBag from /home/airflow/.local/lib/python3.12/site-packages/airflow/example_dags/example_dynamic_task_mapping.py
[2024-10-12T20:35:41.250+0000] {processor.py:925} INFO - DAG(s) 'example_dynamic_task_mapping' retrieved from /home/airflow/.local/lib/python3.12/site-packages/airflow/example_dags/example_dynamic_task_mapping.py
[2024-10-12T20:35:41.404+0000] {logging_mixin.py:190} INFO - [2024-10-12T20:35:41.403+0000] {override.py:1900} INFO - Created Permission View: can delete on DAG:example_dynamic_task_mapping
[2024-10-12T20:35:41.422+0000] {logging_mixin.py:190} INFO - [2024-10-12T20:35:41.420+0000] {override.py:1900} INFO - Created Permission View: can edit on DAG:example_dynamic_task_mapping
[2024-10-12T20:35:41.433+0000] {logging_mixin.py:190} INFO - [2024-10-12T20:35:41.432+0000] {override.py:1900} INFO - Created Permission View: can read on DAG:example_dynamic_task_mapping
[2024-10-12T20:35:41.444+0000] {logging_mixin.py:190} INFO - [2024-10-12T20:35:41.444+0000] {override.py:1900} INFO - Created Permission View: can delete on DAG Run:example_dynamic_task_mapping
[2024-10-12T20:35:41.455+0000] {logging_mixin.py:190} INFO - [2024-10-12T20:35:41.454+0000] {override.py:1900} INFO - Created Permission View: can create on DAG Run:example_dynamic_task_mapping
[2024-10-12T20:35:41.464+0000] {logging_mixin.py:190} INFO - [2024-10-12T20:35:41.463+0000] {override.py:1900} INFO - Created Permission View: menu access on DAG Run:example_dynamic_task_mapping
[2024-10-12T20:35:41.474+0000] {logging_mixin.py:190} INFO - [2024-10-12T20:35:41.473+0000] {override.py:1900} INFO - Created Permission View: can read on DAG Run:example_dynamic_task_mapping
[2024-10-12T20:35:41.475+0000] {logging_mixin.py:190} INFO - [2024-10-12T20:35:41.474+0000] {dag.py:3239} INFO - Sync 1 DAGs
[2024-10-12T20:35:41.493+0000] {logging_mixin.py:190} INFO - [2024-10-12T20:35:41.492+0000] {dag.py:3262} INFO - Creating ORM DAG for example_dynamic_task_mapping
[2024-10-12T20:35:41.494+0000] {logging_mixin.py:190} INFO - [2024-10-12T20:35:41.494+0000] {dag.py:4180} INFO - Setting next_dagrun for example_dynamic_task_mapping to None, run_after=None
[2024-10-12T20:35:41.516+0000] {processor.py:208} INFO - Processing /home/airflow/.local/lib/python3.12/site-packages/airflow/example_dags/example_dynamic_task_mapping.py took 0.297 seconds
[2024-10-12T20:36:12.137+0000] {processor.py:186} INFO - Started process (PID=180) to work on /home/airflow/.local/lib/python3.12/site-packages/airflow/example_dags/example_dynamic_task_mapping.py
[2024-10-12T20:36:12.138+0000] {processor.py:914} INFO - Processing file /home/airflow/.local/lib/python3.12/site-packages/airflow/example_dags/example_dynamic_task_mapping.py for tasks to queue
[2024-10-12T20:36:12.142+0000] {logging_mixin.py:190} INFO - [2024-10-12T20:36:12.142+0000] {dagbag.py:588} INFO - Filling up the DagBag from /home/airflow/.local/lib/python3.12/site-packages/airflow/example_dags/example_dynamic_task_mapping.py
[2024-10-12T20:36:12.153+0000] {processor.py:925} INFO - DAG(s) 'example_dynamic_task_mapping' retrieved from /home/airflow/.local/lib/python3.12/site-packages/airflow/example_dags/example_dynamic_task_mapping.py
[2024-10-12T20:36:12.185+0000] {logging_mixin.py:190} INFO - [2024-10-12T20:36:12.184+0000] {dag.py:3239} INFO - Sync 1 DAGs
[2024-10-12T20:36:12.215+0000] {logging_mixin.py:190} INFO - [2024-10-12T20:36:12.215+0000] {dag.py:4180} INFO - Setting next_dagrun for example_dynamic_task_mapping to None, run_after=None
[2024-10-12T20:36:12.259+0000] {processor.py:208} INFO - Processing /home/airflow/.local/lib/python3.12/site-packages/airflow/example_dags/example_dynamic_task_mapping.py took 0.132 seconds
[2024-10-12T20:36:42.459+0000] {processor.py:186} INFO - Started process (PID=242) to work on /home/airflow/.local/lib/python3.12/site-packages/airflow/example_dags/example_dynamic_task_mapping.py
[2024-10-12T20:36:42.462+0000] {processor.py:914} INFO - Processing file /home/airflow/.local/lib/python3.12/site-packages/airflow/example_dags/example_dynamic_task_mapping.py for tasks to queue
[2024-10-12T20:36:42.467+0000] {logging_mixin.py:190} INFO - [2024-10-12T20:36:42.466+0000] {dagbag.py:588} INFO - Filling up the DagBag from /home/airflow/.local/lib/python3.12/site-packages/airflow/example_dags/example_dynamic_task_mapping.py
[2024-10-12T20:36:42.485+0000] {processor.py:925} INFO - DAG(s) 'example_dynamic_task_mapping' retrieved from /home/airflow/.local/lib/python3.12/site-packages/airflow/example_dags/example_dynamic_task_mapping.py
[2024-10-12T20:36:42.530+0000] {logging_mixin.py:190} INFO - [2024-10-12T20:36:42.530+0000] {dag.py:3239} INFO - Sync 1 DAGs
[2024-10-12T20:36:42.561+0000] {logging_mixin.py:190} INFO - [2024-10-12T20:36:42.560+0000] {dag.py:4180} INFO - Setting next_dagrun for example_dynamic_task_mapping to None, run_after=None
[2024-10-12T20:36:42.595+0000] {processor.py:208} INFO - Processing /home/airflow/.local/lib/python3.12/site-packages/airflow/example_dags/example_dynamic_task_mapping.py took 0.154 seconds
[2024-10-12T20:37:12.846+0000] {processor.py:186} INFO - Started process (PID=304) to work on /home/airflow/.local/lib/python3.12/site-packages/airflow/example_dags/example_dynamic_task_mapping.py
[2024-10-12T20:37:12.848+0000] {processor.py:914} INFO - Processing file /home/airflow/.local/lib/python3.12/site-packages/airflow/example_dags/example_dynamic_task_mapping.py for tasks to queue
[2024-10-12T20:37:12.852+0000] {logging_mixin.py:190} INFO - [2024-10-12T20:37:12.852+0000] {dagbag.py:588} INFO - Filling up the DagBag from /home/airflow/.local/lib/python3.12/site-packages/airflow/example_dags/example_dynamic_task_mapping.py
[2024-10-12T20:37:12.866+0000] {processor.py:925} INFO - DAG(s) 'example_dynamic_task_mapping' retrieved from /home/airflow/.local/lib/python3.12/site-packages/airflow/example_dags/example_dynamic_task_mapping.py
[2024-10-12T20:37:12.904+0000] {logging_mixin.py:190} INFO - [2024-10-12T20:37:12.904+0000] {dag.py:3239} INFO - Sync 1 DAGs
[2024-10-12T20:37:12.929+0000] {logging_mixin.py:190} INFO - [2024-10-12T20:37:12.928+0000] {dag.py:4180} INFO - Setting next_dagrun for example_dynamic_task_mapping to None, run_after=None
[2024-10-12T20:37:12.957+0000] {processor.py:208} INFO - Processing /home/airflow/.local/lib/python3.12/site-packages/airflow/example_dags/example_dynamic_task_mapping.py took 0.124 seconds
[2024-10-12T20:37:44.048+0000] {processor.py:186} INFO - Started process (PID=366) to work on /home/airflow/.local/lib/python3.12/site-packages/airflow/example_dags/example_dynamic_task_mapping.py
[2024-10-12T20:37:44.051+0000] {processor.py:914} INFO - Processing file /home/airflow/.local/lib/python3.12/site-packages/airflow/example_dags/example_dynamic_task_mapping.py for tasks to queue
[2024-10-12T20:37:44.055+0000] {logging_mixin.py:190} INFO - [2024-10-12T20:37:44.055+0000] {dagbag.py:588} INFO - Filling up the DagBag from /home/airflow/.local/lib/python3.12/site-packages/airflow/example_dags/example_dynamic_task_mapping.py
[2024-10-12T20:37:44.070+0000] {processor.py:925} INFO - DAG(s) 'example_dynamic_task_mapping' retrieved from /home/airflow/.local/lib/python3.12/site-packages/airflow/example_dags/example_dynamic_task_mapping.py
[2024-10-12T20:37:44.105+0000] {logging_mixin.py:190} INFO - [2024-10-12T20:37:44.105+0000] {dag.py:3239} INFO - Sync 1 DAGs
[2024-10-12T20:37:44.135+0000] {logging_mixin.py:190} INFO - [2024-10-12T20:37:44.135+0000] {dag.py:4180} INFO - Setting next_dagrun for example_dynamic_task_mapping to None, run_after=None
[2024-10-12T20:37:44.168+0000] {processor.py:208} INFO - Processing /home/airflow/.local/lib/python3.12/site-packages/airflow/example_dags/example_dynamic_task_mapping.py took 0.133 seconds
[2024-10-12T20:38:15.612+0000] {processor.py:186} INFO - Started process (PID=428) to work on /home/airflow/.local/lib/python3.12/site-packages/airflow/example_dags/example_dynamic_task_mapping.py
[2024-10-12T20:38:15.621+0000] {processor.py:914} INFO - Processing file /home/airflow/.local/lib/python3.12/site-packages/airflow/example_dags/example_dynamic_task_mapping.py for tasks to queue
[2024-10-12T20:38:15.628+0000] {logging_mixin.py:190} INFO - [2024-10-12T20:38:15.627+0000] {dagbag.py:588} INFO - Filling up the DagBag from /home/airflow/.local/lib/python3.12/site-packages/airflow/example_dags/example_dynamic_task_mapping.py
[2024-10-12T20:38:15.651+0000] {processor.py:925} INFO - DAG(s) 'example_dynamic_task_mapping' retrieved from /home/airflow/.local/lib/python3.12/site-packages/airflow/example_dags/example_dynamic_task_mapping.py
[2024-10-12T20:38:15.718+0000] {logging_mixin.py:190} INFO - [2024-10-12T20:38:15.717+0000] {dag.py:3239} INFO - Sync 1 DAGs
[2024-10-12T20:38:15.761+0000] {logging_mixin.py:190} INFO - [2024-10-12T20:38:15.760+0000] {dag.py:4180} INFO - Setting next_dagrun for example_dynamic_task_mapping to None, run_after=None
[2024-10-12T20:38:15.797+0000] {processor.py:208} INFO - Processing /home/airflow/.local/lib/python3.12/site-packages/airflow/example_dags/example_dynamic_task_mapping.py took 0.203 seconds
[2024-10-12T20:38:46.720+0000] {processor.py:186} INFO - Started process (PID=490) to work on /home/airflow/.local/lib/python3.12/site-packages/airflow/example_dags/example_dynamic_task_mapping.py
[2024-10-12T20:38:46.722+0000] {processor.py:914} INFO - Processing file /home/airflow/.local/lib/python3.12/site-packages/airflow/example_dags/example_dynamic_task_mapping.py for tasks to queue
[2024-10-12T20:38:46.726+0000] {logging_mixin.py:190} INFO - [2024-10-12T20:38:46.725+0000] {dagbag.py:588} INFO - Filling up the DagBag from /home/airflow/.local/lib/python3.12/site-packages/airflow/example_dags/example_dynamic_task_mapping.py
[2024-10-12T20:38:46.740+0000] {processor.py:925} INFO - DAG(s) 'example_dynamic_task_mapping' retrieved from /home/airflow/.local/lib/python3.12/site-packages/airflow/example_dags/example_dynamic_task_mapping.py
[2024-10-12T20:38:46.769+0000] {logging_mixin.py:190} INFO - [2024-10-12T20:38:46.769+0000] {dag.py:3239} INFO - Sync 1 DAGs
[2024-10-12T20:38:46.795+0000] {logging_mixin.py:190} INFO - [2024-10-12T20:38:46.794+0000] {dag.py:4180} INFO - Setting next_dagrun for example_dynamic_task_mapping to None, run_after=None
[2024-10-12T20:38:46.837+0000] {processor.py:208} INFO - Processing /home/airflow/.local/lib/python3.12/site-packages/airflow/example_dags/example_dynamic_task_mapping.py took 0.130 seconds
[2024-10-12T20:39:16.953+0000] {processor.py:186} INFO - Started process (PID=552) to work on /home/airflow/.local/lib/python3.12/site-packages/airflow/example_dags/example_dynamic_task_mapping.py
[2024-10-12T20:39:16.955+0000] {processor.py:914} INFO - Processing file /home/airflow/.local/lib/python3.12/site-packages/airflow/example_dags/example_dynamic_task_mapping.py for tasks to queue
[2024-10-12T20:39:16.958+0000] {logging_mixin.py:190} INFO - [2024-10-12T20:39:16.958+0000] {dagbag.py:588} INFO - Filling up the DagBag from /home/airflow/.local/lib/python3.12/site-packages/airflow/example_dags/example_dynamic_task_mapping.py
[2024-10-12T20:39:16.972+0000] {processor.py:925} INFO - DAG(s) 'example_dynamic_task_mapping' retrieved from /home/airflow/.local/lib/python3.12/site-packages/airflow/example_dags/example_dynamic_task_mapping.py
[2024-10-12T20:39:17.006+0000] {logging_mixin.py:190} INFO - [2024-10-12T20:39:17.006+0000] {dag.py:3239} INFO - Sync 1 DAGs
[2024-10-12T20:39:17.028+0000] {logging_mixin.py:190} INFO - [2024-10-12T20:39:17.027+0000] {dag.py:4180} INFO - Setting next_dagrun for example_dynamic_task_mapping to None, run_after=None
[2024-10-12T20:39:17.060+0000] {processor.py:208} INFO - Processing /home/airflow/.local/lib/python3.12/site-packages/airflow/example_dags/example_dynamic_task_mapping.py took 0.116 seconds
[2024-10-12T20:39:48.082+0000] {processor.py:186} INFO - Started process (PID=614) to work on /home/airflow/.local/lib/python3.12/site-packages/airflow/example_dags/example_dynamic_task_mapping.py
[2024-10-12T20:39:48.084+0000] {processor.py:914} INFO - Processing file /home/airflow/.local/lib/python3.12/site-packages/airflow/example_dags/example_dynamic_task_mapping.py for tasks to queue
[2024-10-12T20:39:48.089+0000] {logging_mixin.py:190} INFO - [2024-10-12T20:39:48.088+0000] {dagbag.py:588} INFO - Filling up the DagBag from /home/airflow/.local/lib/python3.12/site-packages/airflow/example_dags/example_dynamic_task_mapping.py
[2024-10-12T20:39:48.105+0000] {processor.py:925} INFO - DAG(s) 'example_dynamic_task_mapping' retrieved from /home/airflow/.local/lib/python3.12/site-packages/airflow/example_dags/example_dynamic_task_mapping.py
[2024-10-12T20:39:48.136+0000] {logging_mixin.py:190} INFO - [2024-10-12T20:39:48.135+0000] {dag.py:3239} INFO - Sync 1 DAGs
[2024-10-12T20:39:48.161+0000] {logging_mixin.py:190} INFO - [2024-10-12T20:39:48.160+0000] {dag.py:4180} INFO - Setting next_dagrun for example_dynamic_task_mapping to None, run_after=None
[2024-10-12T20:39:48.194+0000] {processor.py:208} INFO - Processing /home/airflow/.local/lib/python3.12/site-packages/airflow/example_dags/example_dynamic_task_mapping.py took 0.121 seconds
[2024-10-12T20:40:19.073+0000] {processor.py:186} INFO - Started process (PID=675) to work on /home/airflow/.local/lib/python3.12/site-packages/airflow/example_dags/example_dynamic_task_mapping.py
[2024-10-12T20:40:19.074+0000] {processor.py:914} INFO - Processing file /home/airflow/.local/lib/python3.12/site-packages/airflow/example_dags/example_dynamic_task_mapping.py for tasks to queue
[2024-10-12T20:40:19.078+0000] {logging_mixin.py:190} INFO - [2024-10-12T20:40:19.078+0000] {dagbag.py:588} INFO - Filling up the DagBag from /home/airflow/.local/lib/python3.12/site-packages/airflow/example_dags/example_dynamic_task_mapping.py
[2024-10-12T20:40:19.094+0000] {processor.py:925} INFO - DAG(s) 'example_dynamic_task_mapping' retrieved from /home/airflow/.local/lib/python3.12/site-packages/airflow/example_dags/example_dynamic_task_mapping.py
[2024-10-12T20:40:19.130+0000] {logging_mixin.py:190} INFO - [2024-10-12T20:40:19.130+0000] {dag.py:3239} INFO - Sync 1 DAGs
[2024-10-12T20:40:19.154+0000] {logging_mixin.py:190} INFO - [2024-10-12T20:40:19.154+0000] {dag.py:4180} INFO - Setting next_dagrun for example_dynamic_task_mapping to None, run_after=None
[2024-10-12T20:40:19.184+0000] {processor.py:208} INFO - Processing /home/airflow/.local/lib/python3.12/site-packages/airflow/example_dags/example_dynamic_task_mapping.py took 0.120 seconds
[2024-10-12T20:40:49.659+0000] {processor.py:186} INFO - Started process (PID=737) to work on /home/airflow/.local/lib/python3.12/site-packages/airflow/example_dags/example_dynamic_task_mapping.py
[2024-10-12T20:40:49.661+0000] {processor.py:914} INFO - Processing file /home/airflow/.local/lib/python3.12/site-packages/airflow/example_dags/example_dynamic_task_mapping.py for tasks to queue
[2024-10-12T20:40:49.666+0000] {logging_mixin.py:190} INFO - [2024-10-12T20:40:49.666+0000] {dagbag.py:588} INFO - Filling up the DagBag from /home/airflow/.local/lib/python3.12/site-packages/airflow/example_dags/example_dynamic_task_mapping.py
[2024-10-12T20:40:49.684+0000] {processor.py:925} INFO - DAG(s) 'example_dynamic_task_mapping' retrieved from /home/airflow/.local/lib/python3.12/site-packages/airflow/example_dags/example_dynamic_task_mapping.py
[2024-10-12T20:40:49.723+0000] {logging_mixin.py:190} INFO - [2024-10-12T20:40:49.722+0000] {dag.py:3239} INFO - Sync 1 DAGs
[2024-10-12T20:40:49.749+0000] {logging_mixin.py:190} INFO - [2024-10-12T20:40:49.748+0000] {dag.py:4180} INFO - Setting next_dagrun for example_dynamic_task_mapping to None, run_after=None
[2024-10-12T20:40:49.788+0000] {processor.py:208} INFO - Processing /home/airflow/.local/lib/python3.12/site-packages/airflow/example_dags/example_dynamic_task_mapping.py took 0.142 seconds
[2024-10-12T20:41:20.492+0000] {processor.py:186} INFO - Started process (PID=799) to work on /home/airflow/.local/lib/python3.12/site-packages/airflow/example_dags/example_dynamic_task_mapping.py
[2024-10-12T20:41:20.494+0000] {processor.py:914} INFO - Processing file /home/airflow/.local/lib/python3.12/site-packages/airflow/example_dags/example_dynamic_task_mapping.py for tasks to queue
[2024-10-12T20:41:20.499+0000] {logging_mixin.py:190} INFO - [2024-10-12T20:41:20.498+0000] {dagbag.py:588} INFO - Filling up the DagBag from /home/airflow/.local/lib/python3.12/site-packages/airflow/example_dags/example_dynamic_task_mapping.py
[2024-10-12T20:41:20.515+0000] {processor.py:925} INFO - DAG(s) 'example_dynamic_task_mapping' retrieved from /home/airflow/.local/lib/python3.12/site-packages/airflow/example_dags/example_dynamic_task_mapping.py
[2024-10-12T20:41:20.545+0000] {logging_mixin.py:190} INFO - [2024-10-12T20:41:20.545+0000] {dag.py:3239} INFO - Sync 1 DAGs
[2024-10-12T20:41:20.570+0000] {logging_mixin.py:190} INFO - [2024-10-12T20:41:20.570+0000] {dag.py:4180} INFO - Setting next_dagrun for example_dynamic_task_mapping to None, run_after=None
[2024-10-12T20:41:20.605+0000] {processor.py:208} INFO - Processing /home/airflow/.local/lib/python3.12/site-packages/airflow/example_dags/example_dynamic_task_mapping.py took 0.124 seconds
[2024-10-12T20:41:51.537+0000] {processor.py:186} INFO - Started process (PID=861) to work on /home/airflow/.local/lib/python3.12/site-packages/airflow/example_dags/example_dynamic_task_mapping.py
[2024-10-12T20:41:51.539+0000] {processor.py:914} INFO - Processing file /home/airflow/.local/lib/python3.12/site-packages/airflow/example_dags/example_dynamic_task_mapping.py for tasks to queue
[2024-10-12T20:41:51.543+0000] {logging_mixin.py:190} INFO - [2024-10-12T20:41:51.542+0000] {dagbag.py:588} INFO - Filling up the DagBag from /home/airflow/.local/lib/python3.12/site-packages/airflow/example_dags/example_dynamic_task_mapping.py
[2024-10-12T20:41:51.555+0000] {processor.py:925} INFO - DAG(s) 'example_dynamic_task_mapping' retrieved from /home/airflow/.local/lib/python3.12/site-packages/airflow/example_dags/example_dynamic_task_mapping.py
[2024-10-12T20:41:51.585+0000] {logging_mixin.py:190} INFO - [2024-10-12T20:41:51.585+0000] {dag.py:3239} INFO - Sync 1 DAGs
[2024-10-12T20:41:51.607+0000] {logging_mixin.py:190} INFO - [2024-10-12T20:41:51.606+0000] {dag.py:4180} INFO - Setting next_dagrun for example_dynamic_task_mapping to None, run_after=None
[2024-10-12T20:41:51.634+0000] {processor.py:208} INFO - Processing /home/airflow/.local/lib/python3.12/site-packages/airflow/example_dags/example_dynamic_task_mapping.py took 0.108 seconds
[2024-10-12T20:42:21.954+0000] {processor.py:186} INFO - Started process (PID=923) to work on /home/airflow/.local/lib/python3.12/site-packages/airflow/example_dags/example_dynamic_task_mapping.py
[2024-10-12T20:42:21.957+0000] {processor.py:914} INFO - Processing file /home/airflow/.local/lib/python3.12/site-packages/airflow/example_dags/example_dynamic_task_mapping.py for tasks to queue
[2024-10-12T20:42:21.962+0000] {logging_mixin.py:190} INFO - [2024-10-12T20:42:21.962+0000] {dagbag.py:588} INFO - Filling up the DagBag from /home/airflow/.local/lib/python3.12/site-packages/airflow/example_dags/example_dynamic_task_mapping.py
[2024-10-12T20:42:21.979+0000] {processor.py:925} INFO - DAG(s) 'example_dynamic_task_mapping' retrieved from /home/airflow/.local/lib/python3.12/site-packages/airflow/example_dags/example_dynamic_task_mapping.py
[2024-10-12T20:42:22.018+0000] {logging_mixin.py:190} INFO - [2024-10-12T20:42:22.018+0000] {dag.py:3239} INFO - Sync 1 DAGs
[2024-10-12T20:42:22.046+0000] {logging_mixin.py:190} INFO - [2024-10-12T20:42:22.046+0000] {dag.py:4180} INFO - Setting next_dagrun for example_dynamic_task_mapping to None, run_after=None
[2024-10-12T20:42:22.101+0000] {processor.py:208} INFO - Processing /home/airflow/.local/lib/python3.12/site-packages/airflow/example_dags/example_dynamic_task_mapping.py took 0.166 seconds
[2024-10-12T20:42:52.185+0000] {processor.py:186} INFO - Started process (PID=985) to work on /home/airflow/.local/lib/python3.12/site-packages/airflow/example_dags/example_dynamic_task_mapping.py
[2024-10-12T20:42:52.187+0000] {processor.py:914} INFO - Processing file /home/airflow/.local/lib/python3.12/site-packages/airflow/example_dags/example_dynamic_task_mapping.py for tasks to queue
[2024-10-12T20:42:52.190+0000] {logging_mixin.py:190} INFO - [2024-10-12T20:42:52.189+0000] {dagbag.py:588} INFO - Filling up the DagBag from /home/airflow/.local/lib/python3.12/site-packages/airflow/example_dags/example_dynamic_task_mapping.py
[2024-10-12T20:42:52.202+0000] {processor.py:925} INFO - DAG(s) 'example_dynamic_task_mapping' retrieved from /home/airflow/.local/lib/python3.12/site-packages/airflow/example_dags/example_dynamic_task_mapping.py
[2024-10-12T20:42:52.233+0000] {logging_mixin.py:190} INFO - [2024-10-12T20:42:52.233+0000] {dag.py:3239} INFO - Sync 1 DAGs
[2024-10-12T20:42:52.256+0000] {logging_mixin.py:190} INFO - [2024-10-12T20:42:52.256+0000] {dag.py:4180} INFO - Setting next_dagrun for example_dynamic_task_mapping to None, run_after=None
[2024-10-12T20:42:52.293+0000] {processor.py:208} INFO - Processing /home/airflow/.local/lib/python3.12/site-packages/airflow/example_dags/example_dynamic_task_mapping.py took 0.117 seconds
[2024-10-12T20:43:22.882+0000] {processor.py:186} INFO - Started process (PID=1047) to work on /home/airflow/.local/lib/python3.12/site-packages/airflow/example_dags/example_dynamic_task_mapping.py
[2024-10-12T20:43:22.884+0000] {processor.py:914} INFO - Processing file /home/airflow/.local/lib/python3.12/site-packages/airflow/example_dags/example_dynamic_task_mapping.py for tasks to queue
[2024-10-12T20:43:22.888+0000] {logging_mixin.py:190} INFO - [2024-10-12T20:43:22.888+0000] {dagbag.py:588} INFO - Filling up the DagBag from /home/airflow/.local/lib/python3.12/site-packages/airflow/example_dags/example_dynamic_task_mapping.py
[2024-10-12T20:43:22.904+0000] {processor.py:925} INFO - DAG(s) 'example_dynamic_task_mapping' retrieved from /home/airflow/.local/lib/python3.12/site-packages/airflow/example_dags/example_dynamic_task_mapping.py
[2024-10-12T20:43:22.941+0000] {logging_mixin.py:190} INFO - [2024-10-12T20:43:22.940+0000] {dag.py:3239} INFO - Sync 1 DAGs
[2024-10-12T20:43:22.965+0000] {logging_mixin.py:190} INFO - [2024-10-12T20:43:22.964+0000] {dag.py:4180} INFO - Setting next_dagrun for example_dynamic_task_mapping to None, run_after=None
[2024-10-12T20:43:23.003+0000] {processor.py:208} INFO - Processing /home/airflow/.local/lib/python3.12/site-packages/airflow/example_dags/example_dynamic_task_mapping.py took 0.130 seconds
[2024-10-12T20:43:53.585+0000] {processor.py:186} INFO - Started process (PID=1108) to work on /home/airflow/.local/lib/python3.12/site-packages/airflow/example_dags/example_dynamic_task_mapping.py
[2024-10-12T20:43:53.588+0000] {processor.py:914} INFO - Processing file /home/airflow/.local/lib/python3.12/site-packages/airflow/example_dags/example_dynamic_task_mapping.py for tasks to queue
[2024-10-12T20:43:53.592+0000] {logging_mixin.py:190} INFO - [2024-10-12T20:43:53.591+0000] {dagbag.py:588} INFO - Filling up the DagBag from /home/airflow/.local/lib/python3.12/site-packages/airflow/example_dags/example_dynamic_task_mapping.py
[2024-10-12T20:43:53.606+0000] {processor.py:925} INFO - DAG(s) 'example_dynamic_task_mapping' retrieved from /home/airflow/.local/lib/python3.12/site-packages/airflow/example_dags/example_dynamic_task_mapping.py
[2024-10-12T20:43:53.639+0000] {logging_mixin.py:190} INFO - [2024-10-12T20:43:53.638+0000] {dag.py:3239} INFO - Sync 1 DAGs
[2024-10-12T20:43:53.663+0000] {logging_mixin.py:190} INFO - [2024-10-12T20:43:53.662+0000] {dag.py:4180} INFO - Setting next_dagrun for example_dynamic_task_mapping to None, run_after=None
[2024-10-12T20:43:53.692+0000] {processor.py:208} INFO - Processing /home/airflow/.local/lib/python3.12/site-packages/airflow/example_dags/example_dynamic_task_mapping.py took 0.116 seconds
[2024-10-12T20:44:24.248+0000] {processor.py:186} INFO - Started process (PID=1170) to work on /home/airflow/.local/lib/python3.12/site-packages/airflow/example_dags/example_dynamic_task_mapping.py
[2024-10-12T20:44:24.251+0000] {processor.py:914} INFO - Processing file /home/airflow/.local/lib/python3.12/site-packages/airflow/example_dags/example_dynamic_task_mapping.py for tasks to queue
[2024-10-12T20:44:24.255+0000] {logging_mixin.py:190} INFO - [2024-10-12T20:44:24.254+0000] {dagbag.py:588} INFO - Filling up the DagBag from /home/airflow/.local/lib/python3.12/site-packages/airflow/example_dags/example_dynamic_task_mapping.py
[2024-10-12T20:44:24.269+0000] {processor.py:925} INFO - DAG(s) 'example_dynamic_task_mapping' retrieved from /home/airflow/.local/lib/python3.12/site-packages/airflow/example_dags/example_dynamic_task_mapping.py
[2024-10-12T20:44:24.301+0000] {logging_mixin.py:190} INFO - [2024-10-12T20:44:24.301+0000] {dag.py:3239} INFO - Sync 1 DAGs
[2024-10-12T20:44:24.356+0000] {logging_mixin.py:190} INFO - [2024-10-12T20:44:24.355+0000] {dag.py:4180} INFO - Setting next_dagrun for example_dynamic_task_mapping to None, run_after=None
[2024-10-12T20:44:24.389+0000] {processor.py:208} INFO - Processing /home/airflow/.local/lib/python3.12/site-packages/airflow/example_dags/example_dynamic_task_mapping.py took 0.152 seconds
[2024-10-12T20:44:55.051+0000] {processor.py:186} INFO - Started process (PID=1232) to work on /home/airflow/.local/lib/python3.12/site-packages/airflow/example_dags/example_dynamic_task_mapping.py
[2024-10-12T20:44:55.053+0000] {processor.py:914} INFO - Processing file /home/airflow/.local/lib/python3.12/site-packages/airflow/example_dags/example_dynamic_task_mapping.py for tasks to queue
[2024-10-12T20:44:55.056+0000] {logging_mixin.py:190} INFO - [2024-10-12T20:44:55.056+0000] {dagbag.py:588} INFO - Filling up the DagBag from /home/airflow/.local/lib/python3.12/site-packages/airflow/example_dags/example_dynamic_task_mapping.py
[2024-10-12T20:44:55.071+0000] {processor.py:925} INFO - DAG(s) 'example_dynamic_task_mapping' retrieved from /home/airflow/.local/lib/python3.12/site-packages/airflow/example_dags/example_dynamic_task_mapping.py
[2024-10-12T20:44:55.101+0000] {logging_mixin.py:190} INFO - [2024-10-12T20:44:55.100+0000] {dag.py:3239} INFO - Sync 1 DAGs
[2024-10-12T20:44:55.123+0000] {logging_mixin.py:190} INFO - [2024-10-12T20:44:55.123+0000] {dag.py:4180} INFO - Setting next_dagrun for example_dynamic_task_mapping to None, run_after=None
[2024-10-12T20:44:55.158+0000] {processor.py:208} INFO - Processing /home/airflow/.local/lib/python3.12/site-packages/airflow/example_dags/example_dynamic_task_mapping.py took 0.119 seconds
[2024-10-12T20:45:25.670+0000] {processor.py:186} INFO - Started process (PID=1294) to work on /home/airflow/.local/lib/python3.12/site-packages/airflow/example_dags/example_dynamic_task_mapping.py
[2024-10-12T20:45:25.671+0000] {processor.py:914} INFO - Processing file /home/airflow/.local/lib/python3.12/site-packages/airflow/example_dags/example_dynamic_task_mapping.py for tasks to queue
[2024-10-12T20:45:25.674+0000] {logging_mixin.py:190} INFO - [2024-10-12T20:45:25.674+0000] {dagbag.py:588} INFO - Filling up the DagBag from /home/airflow/.local/lib/python3.12/site-packages/airflow/example_dags/example_dynamic_task_mapping.py
[2024-10-12T20:45:25.684+0000] {processor.py:925} INFO - DAG(s) 'example_dynamic_task_mapping' retrieved from /home/airflow/.local/lib/python3.12/site-packages/airflow/example_dags/example_dynamic_task_mapping.py
[2024-10-12T20:45:25.708+0000] {logging_mixin.py:190} INFO - [2024-10-12T20:45:25.707+0000] {dag.py:3239} INFO - Sync 1 DAGs
[2024-10-12T20:45:25.725+0000] {logging_mixin.py:190} INFO - [2024-10-12T20:45:25.724+0000] {dag.py:4180} INFO - Setting next_dagrun for example_dynamic_task_mapping to None, run_after=None
[2024-10-12T20:45:25.745+0000] {processor.py:208} INFO - Processing /home/airflow/.local/lib/python3.12/site-packages/airflow/example_dags/example_dynamic_task_mapping.py took 0.082 seconds
[2024-10-12T20:45:57.798+0000] {processor.py:186} INFO - Started process (PID=1356) to work on /home/airflow/.local/lib/python3.12/site-packages/airflow/example_dags/example_dynamic_task_mapping.py
[2024-10-12T20:45:57.800+0000] {processor.py:914} INFO - Processing file /home/airflow/.local/lib/python3.12/site-packages/airflow/example_dags/example_dynamic_task_mapping.py for tasks to queue
[2024-10-12T20:45:57.803+0000] {logging_mixin.py:190} INFO - [2024-10-12T20:45:57.803+0000] {dagbag.py:588} INFO - Filling up the DagBag from /home/airflow/.local/lib/python3.12/site-packages/airflow/example_dags/example_dynamic_task_mapping.py
[2024-10-12T20:45:57.819+0000] {processor.py:925} INFO - DAG(s) 'example_dynamic_task_mapping' retrieved from /home/airflow/.local/lib/python3.12/site-packages/airflow/example_dags/example_dynamic_task_mapping.py
[2024-10-12T20:45:57.851+0000] {logging_mixin.py:190} INFO - [2024-10-12T20:45:57.851+0000] {dag.py:3239} INFO - Sync 1 DAGs
[2024-10-12T20:45:57.874+0000] {logging_mixin.py:190} INFO - [2024-10-12T20:45:57.874+0000] {dag.py:4180} INFO - Setting next_dagrun for example_dynamic_task_mapping to None, run_after=None
[2024-10-12T20:45:57.925+0000] {processor.py:208} INFO - Processing /home/airflow/.local/lib/python3.12/site-packages/airflow/example_dags/example_dynamic_task_mapping.py took 0.136 seconds
[2024-10-12T20:46:28.498+0000] {processor.py:186} INFO - Started process (PID=1418) to work on /home/airflow/.local/lib/python3.12/site-packages/airflow/example_dags/example_dynamic_task_mapping.py
[2024-10-12T20:46:28.501+0000] {processor.py:914} INFO - Processing file /home/airflow/.local/lib/python3.12/site-packages/airflow/example_dags/example_dynamic_task_mapping.py for tasks to queue
[2024-10-12T20:46:28.506+0000] {logging_mixin.py:190} INFO - [2024-10-12T20:46:28.505+0000] {dagbag.py:588} INFO - Filling up the DagBag from /home/airflow/.local/lib/python3.12/site-packages/airflow/example_dags/example_dynamic_task_mapping.py
[2024-10-12T20:46:28.525+0000] {processor.py:925} INFO - DAG(s) 'example_dynamic_task_mapping' retrieved from /home/airflow/.local/lib/python3.12/site-packages/airflow/example_dags/example_dynamic_task_mapping.py
[2024-10-12T20:46:28.575+0000] {logging_mixin.py:190} INFO - [2024-10-12T20:46:28.575+0000] {dag.py:3239} INFO - Sync 1 DAGs
[2024-10-12T20:46:28.604+0000] {logging_mixin.py:190} INFO - [2024-10-12T20:46:28.604+0000] {dag.py:4180} INFO - Setting next_dagrun for example_dynamic_task_mapping to None, run_after=None
[2024-10-12T20:46:28.637+0000] {processor.py:208} INFO - Processing /home/airflow/.local/lib/python3.12/site-packages/airflow/example_dags/example_dynamic_task_mapping.py took 0.148 seconds
[2024-10-12T20:46:59.313+0000] {processor.py:186} INFO - Started process (PID=1480) to work on /home/airflow/.local/lib/python3.12/site-packages/airflow/example_dags/example_dynamic_task_mapping.py
[2024-10-12T20:46:59.315+0000] {processor.py:914} INFO - Processing file /home/airflow/.local/lib/python3.12/site-packages/airflow/example_dags/example_dynamic_task_mapping.py for tasks to queue
[2024-10-12T20:46:59.318+0000] {logging_mixin.py:190} INFO - [2024-10-12T20:46:59.318+0000] {dagbag.py:588} INFO - Filling up the DagBag from /home/airflow/.local/lib/python3.12/site-packages/airflow/example_dags/example_dynamic_task_mapping.py
[2024-10-12T20:46:59.334+0000] {processor.py:925} INFO - DAG(s) 'example_dynamic_task_mapping' retrieved from /home/airflow/.local/lib/python3.12/site-packages/airflow/example_dags/example_dynamic_task_mapping.py
[2024-10-12T20:46:59.367+0000] {logging_mixin.py:190} INFO - [2024-10-12T20:46:59.366+0000] {dag.py:3239} INFO - Sync 1 DAGs
[2024-10-12T20:46:59.388+0000] {logging_mixin.py:190} INFO - [2024-10-12T20:46:59.387+0000] {dag.py:4180} INFO - Setting next_dagrun for example_dynamic_task_mapping to None, run_after=None
[2024-10-12T20:46:59.424+0000] {processor.py:208} INFO - Processing /home/airflow/.local/lib/python3.12/site-packages/airflow/example_dags/example_dynamic_task_mapping.py took 0.122 seconds
[2024-10-12T20:47:29.567+0000] {processor.py:186} INFO - Started process (PID=1542) to work on /home/airflow/.local/lib/python3.12/site-packages/airflow/example_dags/example_dynamic_task_mapping.py
[2024-10-12T20:47:29.570+0000] {processor.py:914} INFO - Processing file /home/airflow/.local/lib/python3.12/site-packages/airflow/example_dags/example_dynamic_task_mapping.py for tasks to queue
[2024-10-12T20:47:29.575+0000] {logging_mixin.py:190} INFO - [2024-10-12T20:47:29.574+0000] {dagbag.py:588} INFO - Filling up the DagBag from /home/airflow/.local/lib/python3.12/site-packages/airflow/example_dags/example_dynamic_task_mapping.py
[2024-10-12T20:47:29.612+0000] {processor.py:925} INFO - DAG(s) 'example_dynamic_task_mapping' retrieved from /home/airflow/.local/lib/python3.12/site-packages/airflow/example_dags/example_dynamic_task_mapping.py
[2024-10-12T20:47:29.669+0000] {logging_mixin.py:190} INFO - [2024-10-12T20:47:29.668+0000] {dag.py:3239} INFO - Sync 1 DAGs
[2024-10-12T20:47:29.727+0000] {logging_mixin.py:190} INFO - [2024-10-12T20:47:29.727+0000] {dag.py:4180} INFO - Setting next_dagrun for example_dynamic_task_mapping to None, run_after=None
[2024-10-12T20:47:29.804+0000] {processor.py:208} INFO - Processing /home/airflow/.local/lib/python3.12/site-packages/airflow/example_dags/example_dynamic_task_mapping.py took 0.248 seconds
[2024-10-12T20:48:00.752+0000] {processor.py:186} INFO - Started process (PID=1604) to work on /home/airflow/.local/lib/python3.12/site-packages/airflow/example_dags/example_dynamic_task_mapping.py
[2024-10-12T20:48:00.754+0000] {processor.py:914} INFO - Processing file /home/airflow/.local/lib/python3.12/site-packages/airflow/example_dags/example_dynamic_task_mapping.py for tasks to queue
[2024-10-12T20:48:00.759+0000] {logging_mixin.py:190} INFO - [2024-10-12T20:48:00.758+0000] {dagbag.py:588} INFO - Filling up the DagBag from /home/airflow/.local/lib/python3.12/site-packages/airflow/example_dags/example_dynamic_task_mapping.py
[2024-10-12T20:48:00.775+0000] {processor.py:925} INFO - DAG(s) 'example_dynamic_task_mapping' retrieved from /home/airflow/.local/lib/python3.12/site-packages/airflow/example_dags/example_dynamic_task_mapping.py
[2024-10-12T20:48:00.815+0000] {logging_mixin.py:190} INFO - [2024-10-12T20:48:00.814+0000] {dag.py:3239} INFO - Sync 1 DAGs
[2024-10-12T20:48:00.839+0000] {logging_mixin.py:190} INFO - [2024-10-12T20:48:00.837+0000] {dag.py:4180} INFO - Setting next_dagrun for example_dynamic_task_mapping to None, run_after=None
[2024-10-12T20:48:00.878+0000] {processor.py:208} INFO - Processing /home/airflow/.local/lib/python3.12/site-packages/airflow/example_dags/example_dynamic_task_mapping.py took 0.136 seconds
[2024-10-12T20:48:31.500+0000] {processor.py:186} INFO - Started process (PID=1667) to work on /home/airflow/.local/lib/python3.12/site-packages/airflow/example_dags/example_dynamic_task_mapping.py
[2024-10-12T20:48:31.502+0000] {processor.py:914} INFO - Processing file /home/airflow/.local/lib/python3.12/site-packages/airflow/example_dags/example_dynamic_task_mapping.py for tasks to queue
[2024-10-12T20:48:31.506+0000] {logging_mixin.py:190} INFO - [2024-10-12T20:48:31.506+0000] {dagbag.py:588} INFO - Filling up the DagBag from /home/airflow/.local/lib/python3.12/site-packages/airflow/example_dags/example_dynamic_task_mapping.py
[2024-10-12T20:48:31.523+0000] {processor.py:925} INFO - DAG(s) 'example_dynamic_task_mapping' retrieved from /home/airflow/.local/lib/python3.12/site-packages/airflow/example_dags/example_dynamic_task_mapping.py
[2024-10-12T20:48:31.558+0000] {logging_mixin.py:190} INFO - [2024-10-12T20:48:31.558+0000] {dag.py:3239} INFO - Sync 1 DAGs
[2024-10-12T20:48:31.581+0000] {logging_mixin.py:190} INFO - [2024-10-12T20:48:31.580+0000] {dag.py:4180} INFO - Setting next_dagrun for example_dynamic_task_mapping to None, run_after=None
[2024-10-12T20:48:31.610+0000] {processor.py:208} INFO - Processing /home/airflow/.local/lib/python3.12/site-packages/airflow/example_dags/example_dynamic_task_mapping.py took 0.120 seconds
[2024-10-12T20:49:02.284+0000] {processor.py:186} INFO - Started process (PID=1729) to work on /home/airflow/.local/lib/python3.12/site-packages/airflow/example_dags/example_dynamic_task_mapping.py
[2024-10-12T20:49:02.286+0000] {processor.py:914} INFO - Processing file /home/airflow/.local/lib/python3.12/site-packages/airflow/example_dags/example_dynamic_task_mapping.py for tasks to queue
[2024-10-12T20:49:02.291+0000] {logging_mixin.py:190} INFO - [2024-10-12T20:49:02.290+0000] {dagbag.py:588} INFO - Filling up the DagBag from /home/airflow/.local/lib/python3.12/site-packages/airflow/example_dags/example_dynamic_task_mapping.py
[2024-10-12T20:49:02.306+0000] {processor.py:925} INFO - DAG(s) 'example_dynamic_task_mapping' retrieved from /home/airflow/.local/lib/python3.12/site-packages/airflow/example_dags/example_dynamic_task_mapping.py
[2024-10-12T20:49:02.339+0000] {logging_mixin.py:190} INFO - [2024-10-12T20:49:02.338+0000] {dag.py:3239} INFO - Sync 1 DAGs
[2024-10-12T20:49:02.362+0000] {logging_mixin.py:190} INFO - [2024-10-12T20:49:02.361+0000] {dag.py:4180} INFO - Setting next_dagrun for example_dynamic_task_mapping to None, run_after=None
[2024-10-12T20:49:02.408+0000] {processor.py:208} INFO - Processing /home/airflow/.local/lib/python3.12/site-packages/airflow/example_dags/example_dynamic_task_mapping.py took 0.145 seconds
[2024-10-12T20:49:32.887+0000] {processor.py:186} INFO - Started process (PID=1791) to work on /home/airflow/.local/lib/python3.12/site-packages/airflow/example_dags/example_dynamic_task_mapping.py
[2024-10-12T20:49:32.888+0000] {processor.py:914} INFO - Processing file /home/airflow/.local/lib/python3.12/site-packages/airflow/example_dags/example_dynamic_task_mapping.py for tasks to queue
[2024-10-12T20:49:32.892+0000] {logging_mixin.py:190} INFO - [2024-10-12T20:49:32.891+0000] {dagbag.py:588} INFO - Filling up the DagBag from /home/airflow/.local/lib/python3.12/site-packages/airflow/example_dags/example_dynamic_task_mapping.py
[2024-10-12T20:49:32.905+0000] {processor.py:925} INFO - DAG(s) 'example_dynamic_task_mapping' retrieved from /home/airflow/.local/lib/python3.12/site-packages/airflow/example_dags/example_dynamic_task_mapping.py
[2024-10-12T20:49:32.935+0000] {logging_mixin.py:190} INFO - [2024-10-12T20:49:32.934+0000] {dag.py:3239} INFO - Sync 1 DAGs
[2024-10-12T20:49:32.956+0000] {logging_mixin.py:190} INFO - [2024-10-12T20:49:32.955+0000] {dag.py:4180} INFO - Setting next_dagrun for example_dynamic_task_mapping to None, run_after=None
[2024-10-12T20:49:33.024+0000] {processor.py:208} INFO - Processing /home/airflow/.local/lib/python3.12/site-packages/airflow/example_dags/example_dynamic_task_mapping.py took 0.148 seconds
[2024-10-12T20:50:03.968+0000] {processor.py:186} INFO - Started process (PID=1853) to work on /home/airflow/.local/lib/python3.12/site-packages/airflow/example_dags/example_dynamic_task_mapping.py
[2024-10-12T20:50:03.971+0000] {processor.py:914} INFO - Processing file /home/airflow/.local/lib/python3.12/site-packages/airflow/example_dags/example_dynamic_task_mapping.py for tasks to queue
[2024-10-12T20:50:03.975+0000] {logging_mixin.py:190} INFO - [2024-10-12T20:50:03.975+0000] {dagbag.py:588} INFO - Filling up the DagBag from /home/airflow/.local/lib/python3.12/site-packages/airflow/example_dags/example_dynamic_task_mapping.py
[2024-10-12T20:50:03.990+0000] {processor.py:925} INFO - DAG(s) 'example_dynamic_task_mapping' retrieved from /home/airflow/.local/lib/python3.12/site-packages/airflow/example_dags/example_dynamic_task_mapping.py
[2024-10-12T20:50:04.025+0000] {logging_mixin.py:190} INFO - [2024-10-12T20:50:04.025+0000] {dag.py:3239} INFO - Sync 1 DAGs
[2024-10-12T20:50:04.050+0000] {logging_mixin.py:190} INFO - [2024-10-12T20:50:04.050+0000] {dag.py:4180} INFO - Setting next_dagrun for example_dynamic_task_mapping to None, run_after=None
[2024-10-12T20:50:04.083+0000] {processor.py:208} INFO - Processing /home/airflow/.local/lib/python3.12/site-packages/airflow/example_dags/example_dynamic_task_mapping.py took 0.125 seconds
