[2024-10-12T20:35:41.597+0000] {processor.py:186} INFO - Started process (PID=121) to work on /home/airflow/.local/lib/python3.12/site-packages/airflow/example_dags/example_nested_branch_dag.py
[2024-10-12T20:35:41.598+0000] {processor.py:914} INFO - Processing file /home/airflow/.local/lib/python3.12/site-packages/airflow/example_dags/example_nested_branch_dag.py for tasks to queue
[2024-10-12T20:35:41.602+0000] {logging_mixin.py:190} INFO - [2024-10-12T20:35:41.602+0000] {dagbag.py:588} INFO - Filling up the DagBag from /home/airflow/.local/lib/python3.12/site-packages/airflow/example_dags/example_nested_branch_dag.py
[2024-10-12T20:35:41.621+0000] {processor.py:925} INFO - DAG(s) 'example_nested_branch_dag' retrieved from /home/airflow/.local/lib/python3.12/site-packages/airflow/example_dags/example_nested_branch_dag.py
[2024-10-12T20:35:41.789+0000] {logging_mixin.py:190} INFO - [2024-10-12T20:35:41.788+0000] {override.py:1900} INFO - Created Permission View: can delete on DAG:example_nested_branch_dag
[2024-10-12T20:35:41.805+0000] {logging_mixin.py:190} INFO - [2024-10-12T20:35:41.805+0000] {override.py:1900} INFO - Created Permission View: can edit on DAG:example_nested_branch_dag
[2024-10-12T20:35:41.815+0000] {logging_mixin.py:190} INFO - [2024-10-12T20:35:41.815+0000] {override.py:1900} INFO - Created Permission View: can read on DAG:example_nested_branch_dag
[2024-10-12T20:35:41.835+0000] {logging_mixin.py:190} INFO - [2024-10-12T20:35:41.835+0000] {override.py:1900} INFO - Created Permission View: can delete on DAG Run:example_nested_branch_dag
[2024-10-12T20:35:41.854+0000] {logging_mixin.py:190} INFO - [2024-10-12T20:35:41.854+0000] {override.py:1900} INFO - Created Permission View: can create on DAG Run:example_nested_branch_dag
[2024-10-12T20:35:41.865+0000] {logging_mixin.py:190} INFO - [2024-10-12T20:35:41.864+0000] {override.py:1900} INFO - Created Permission View: menu access on DAG Run:example_nested_branch_dag
[2024-10-12T20:35:41.874+0000] {logging_mixin.py:190} INFO - [2024-10-12T20:35:41.873+0000] {override.py:1900} INFO - Created Permission View: can read on DAG Run:example_nested_branch_dag
[2024-10-12T20:35:41.875+0000] {logging_mixin.py:190} INFO - [2024-10-12T20:35:41.875+0000] {dag.py:3239} INFO - Sync 1 DAGs
[2024-10-12T20:35:41.892+0000] {logging_mixin.py:190} INFO - [2024-10-12T20:35:41.891+0000] {dag.py:3262} INFO - Creating ORM DAG for example_nested_branch_dag
[2024-10-12T20:35:41.907+0000] {logging_mixin.py:190} INFO - [2024-10-12T20:35:41.907+0000] {dag.py:4180} INFO - Setting next_dagrun for example_nested_branch_dag to 2024-10-11 00:00:00+00:00, run_after=2024-10-12 00:00:00+00:00
[2024-10-12T20:35:41.929+0000] {processor.py:208} INFO - Processing /home/airflow/.local/lib/python3.12/site-packages/airflow/example_dags/example_nested_branch_dag.py took 0.341 seconds
[2024-10-12T20:36:12.594+0000] {processor.py:186} INFO - Started process (PID=183) to work on /home/airflow/.local/lib/python3.12/site-packages/airflow/example_dags/example_nested_branch_dag.py
[2024-10-12T20:36:12.599+0000] {processor.py:914} INFO - Processing file /home/airflow/.local/lib/python3.12/site-packages/airflow/example_dags/example_nested_branch_dag.py for tasks to queue
[2024-10-12T20:36:12.605+0000] {logging_mixin.py:190} INFO - [2024-10-12T20:36:12.605+0000] {dagbag.py:588} INFO - Filling up the DagBag from /home/airflow/.local/lib/python3.12/site-packages/airflow/example_dags/example_nested_branch_dag.py
[2024-10-12T20:36:12.633+0000] {processor.py:925} INFO - DAG(s) 'example_nested_branch_dag' retrieved from /home/airflow/.local/lib/python3.12/site-packages/airflow/example_dags/example_nested_branch_dag.py
[2024-10-12T20:36:12.676+0000] {logging_mixin.py:190} INFO - [2024-10-12T20:36:12.675+0000] {dag.py:3239} INFO - Sync 1 DAGs
[2024-10-12T20:36:12.731+0000] {logging_mixin.py:190} INFO - [2024-10-12T20:36:12.730+0000] {dag.py:4180} INFO - Setting next_dagrun for example_nested_branch_dag to 2024-10-11 00:00:00+00:00, run_after=2024-10-12 00:00:00+00:00
[2024-10-12T20:36:12.764+0000] {processor.py:208} INFO - Processing /home/airflow/.local/lib/python3.12/site-packages/airflow/example_dags/example_nested_branch_dag.py took 0.188 seconds
[2024-10-12T20:36:42.920+0000] {processor.py:186} INFO - Started process (PID=245) to work on /home/airflow/.local/lib/python3.12/site-packages/airflow/example_dags/example_nested_branch_dag.py
[2024-10-12T20:36:42.922+0000] {processor.py:914} INFO - Processing file /home/airflow/.local/lib/python3.12/site-packages/airflow/example_dags/example_nested_branch_dag.py for tasks to queue
[2024-10-12T20:36:42.930+0000] {logging_mixin.py:190} INFO - [2024-10-12T20:36:42.929+0000] {dagbag.py:588} INFO - Filling up the DagBag from /home/airflow/.local/lib/python3.12/site-packages/airflow/example_dags/example_nested_branch_dag.py
[2024-10-12T20:36:42.952+0000] {processor.py:925} INFO - DAG(s) 'example_nested_branch_dag' retrieved from /home/airflow/.local/lib/python3.12/site-packages/airflow/example_dags/example_nested_branch_dag.py
[2024-10-12T20:36:43.000+0000] {logging_mixin.py:190} INFO - [2024-10-12T20:36:42.998+0000] {dag.py:3239} INFO - Sync 1 DAGs
[2024-10-12T20:36:43.039+0000] {logging_mixin.py:190} INFO - [2024-10-12T20:36:43.039+0000] {dag.py:4180} INFO - Setting next_dagrun for example_nested_branch_dag to 2024-10-11 00:00:00+00:00, run_after=2024-10-12 00:00:00+00:00
[2024-10-12T20:36:43.066+0000] {processor.py:208} INFO - Processing /home/airflow/.local/lib/python3.12/site-packages/airflow/example_dags/example_nested_branch_dag.py took 0.157 seconds
[2024-10-12T20:37:13.258+0000] {processor.py:186} INFO - Started process (PID=307) to work on /home/airflow/.local/lib/python3.12/site-packages/airflow/example_dags/example_nested_branch_dag.py
[2024-10-12T20:37:13.260+0000] {processor.py:914} INFO - Processing file /home/airflow/.local/lib/python3.12/site-packages/airflow/example_dags/example_nested_branch_dag.py for tasks to queue
[2024-10-12T20:37:13.265+0000] {logging_mixin.py:190} INFO - [2024-10-12T20:37:13.265+0000] {dagbag.py:588} INFO - Filling up the DagBag from /home/airflow/.local/lib/python3.12/site-packages/airflow/example_dags/example_nested_branch_dag.py
[2024-10-12T20:37:13.288+0000] {processor.py:925} INFO - DAG(s) 'example_nested_branch_dag' retrieved from /home/airflow/.local/lib/python3.12/site-packages/airflow/example_dags/example_nested_branch_dag.py
[2024-10-12T20:37:13.327+0000] {logging_mixin.py:190} INFO - [2024-10-12T20:37:13.327+0000] {dag.py:3239} INFO - Sync 1 DAGs
[2024-10-12T20:37:13.364+0000] {logging_mixin.py:190} INFO - [2024-10-12T20:37:13.364+0000] {dag.py:4180} INFO - Setting next_dagrun for example_nested_branch_dag to 2024-10-11 00:00:00+00:00, run_after=2024-10-12 00:00:00+00:00
[2024-10-12T20:37:13.400+0000] {processor.py:208} INFO - Processing /home/airflow/.local/lib/python3.12/site-packages/airflow/example_dags/example_nested_branch_dag.py took 0.152 seconds
[2024-10-12T20:37:44.304+0000] {processor.py:186} INFO - Started process (PID=369) to work on /home/airflow/.local/lib/python3.12/site-packages/airflow/example_dags/example_nested_branch_dag.py
[2024-10-12T20:37:44.308+0000] {processor.py:914} INFO - Processing file /home/airflow/.local/lib/python3.12/site-packages/airflow/example_dags/example_nested_branch_dag.py for tasks to queue
[2024-10-12T20:37:44.312+0000] {logging_mixin.py:190} INFO - [2024-10-12T20:37:44.311+0000] {dagbag.py:588} INFO - Filling up the DagBag from /home/airflow/.local/lib/python3.12/site-packages/airflow/example_dags/example_nested_branch_dag.py
[2024-10-12T20:37:44.332+0000] {processor.py:925} INFO - DAG(s) 'example_nested_branch_dag' retrieved from /home/airflow/.local/lib/python3.12/site-packages/airflow/example_dags/example_nested_branch_dag.py
[2024-10-12T20:37:44.367+0000] {logging_mixin.py:190} INFO - [2024-10-12T20:37:44.367+0000] {dag.py:3239} INFO - Sync 1 DAGs
[2024-10-12T20:37:44.413+0000] {logging_mixin.py:190} INFO - [2024-10-12T20:37:44.412+0000] {dag.py:4180} INFO - Setting next_dagrun for example_nested_branch_dag to 2024-10-11 00:00:00+00:00, run_after=2024-10-12 00:00:00+00:00
[2024-10-12T20:37:44.444+0000] {processor.py:208} INFO - Processing /home/airflow/.local/lib/python3.12/site-packages/airflow/example_dags/example_nested_branch_dag.py took 0.150 seconds
[2024-10-12T20:38:15.956+0000] {processor.py:186} INFO - Started process (PID=431) to work on /home/airflow/.local/lib/python3.12/site-packages/airflow/example_dags/example_nested_branch_dag.py
[2024-10-12T20:38:15.959+0000] {processor.py:914} INFO - Processing file /home/airflow/.local/lib/python3.12/site-packages/airflow/example_dags/example_nested_branch_dag.py for tasks to queue
[2024-10-12T20:38:15.964+0000] {logging_mixin.py:190} INFO - [2024-10-12T20:38:15.964+0000] {dagbag.py:588} INFO - Filling up the DagBag from /home/airflow/.local/lib/python3.12/site-packages/airflow/example_dags/example_nested_branch_dag.py
[2024-10-12T20:38:15.984+0000] {processor.py:925} INFO - DAG(s) 'example_nested_branch_dag' retrieved from /home/airflow/.local/lib/python3.12/site-packages/airflow/example_dags/example_nested_branch_dag.py
[2024-10-12T20:38:16.022+0000] {logging_mixin.py:190} INFO - [2024-10-12T20:38:16.021+0000] {dag.py:3239} INFO - Sync 1 DAGs
[2024-10-12T20:38:16.068+0000] {logging_mixin.py:190} INFO - [2024-10-12T20:38:16.068+0000] {dag.py:4180} INFO - Setting next_dagrun for example_nested_branch_dag to 2024-10-11 00:00:00+00:00, run_after=2024-10-12 00:00:00+00:00
[2024-10-12T20:38:16.118+0000] {processor.py:208} INFO - Processing /home/airflow/.local/lib/python3.12/site-packages/airflow/example_dags/example_nested_branch_dag.py took 0.173 seconds
[2024-10-12T20:38:46.953+0000] {processor.py:186} INFO - Started process (PID=493) to work on /home/airflow/.local/lib/python3.12/site-packages/airflow/example_dags/example_nested_branch_dag.py
[2024-10-12T20:38:46.955+0000] {processor.py:914} INFO - Processing file /home/airflow/.local/lib/python3.12/site-packages/airflow/example_dags/example_nested_branch_dag.py for tasks to queue
[2024-10-12T20:38:46.959+0000] {logging_mixin.py:190} INFO - [2024-10-12T20:38:46.958+0000] {dagbag.py:588} INFO - Filling up the DagBag from /home/airflow/.local/lib/python3.12/site-packages/airflow/example_dags/example_nested_branch_dag.py
[2024-10-12T20:38:46.974+0000] {processor.py:925} INFO - DAG(s) 'example_nested_branch_dag' retrieved from /home/airflow/.local/lib/python3.12/site-packages/airflow/example_dags/example_nested_branch_dag.py
[2024-10-12T20:38:47.008+0000] {logging_mixin.py:190} INFO - [2024-10-12T20:38:47.007+0000] {dag.py:3239} INFO - Sync 1 DAGs
[2024-10-12T20:38:47.050+0000] {logging_mixin.py:190} INFO - [2024-10-12T20:38:47.050+0000] {dag.py:4180} INFO - Setting next_dagrun for example_nested_branch_dag to 2024-10-11 00:00:00+00:00, run_after=2024-10-12 00:00:00+00:00
[2024-10-12T20:38:47.085+0000] {processor.py:208} INFO - Processing /home/airflow/.local/lib/python3.12/site-packages/airflow/example_dags/example_nested_branch_dag.py took 0.143 seconds
[2024-10-12T20:39:17.201+0000] {processor.py:186} INFO - Started process (PID=555) to work on /home/airflow/.local/lib/python3.12/site-packages/airflow/example_dags/example_nested_branch_dag.py
[2024-10-12T20:39:17.203+0000] {processor.py:914} INFO - Processing file /home/airflow/.local/lib/python3.12/site-packages/airflow/example_dags/example_nested_branch_dag.py for tasks to queue
[2024-10-12T20:39:17.208+0000] {logging_mixin.py:190} INFO - [2024-10-12T20:39:17.207+0000] {dagbag.py:588} INFO - Filling up the DagBag from /home/airflow/.local/lib/python3.12/site-packages/airflow/example_dags/example_nested_branch_dag.py
[2024-10-12T20:39:17.224+0000] {processor.py:925} INFO - DAG(s) 'example_nested_branch_dag' retrieved from /home/airflow/.local/lib/python3.12/site-packages/airflow/example_dags/example_nested_branch_dag.py
[2024-10-12T20:39:17.254+0000] {logging_mixin.py:190} INFO - [2024-10-12T20:39:17.254+0000] {dag.py:3239} INFO - Sync 1 DAGs
[2024-10-12T20:39:17.294+0000] {logging_mixin.py:190} INFO - [2024-10-12T20:39:17.293+0000] {dag.py:4180} INFO - Setting next_dagrun for example_nested_branch_dag to 2024-10-11 00:00:00+00:00, run_after=2024-10-12 00:00:00+00:00
[2024-10-12T20:39:17.318+0000] {processor.py:208} INFO - Processing /home/airflow/.local/lib/python3.12/site-packages/airflow/example_dags/example_nested_branch_dag.py took 0.125 seconds
[2024-10-12T20:39:48.318+0000] {processor.py:186} INFO - Started process (PID=617) to work on /home/airflow/.local/lib/python3.12/site-packages/airflow/example_dags/example_nested_branch_dag.py
[2024-10-12T20:39:48.320+0000] {processor.py:914} INFO - Processing file /home/airflow/.local/lib/python3.12/site-packages/airflow/example_dags/example_nested_branch_dag.py for tasks to queue
[2024-10-12T20:39:48.325+0000] {logging_mixin.py:190} INFO - [2024-10-12T20:39:48.324+0000] {dagbag.py:588} INFO - Filling up the DagBag from /home/airflow/.local/lib/python3.12/site-packages/airflow/example_dags/example_nested_branch_dag.py
[2024-10-12T20:39:48.341+0000] {processor.py:925} INFO - DAG(s) 'example_nested_branch_dag' retrieved from /home/airflow/.local/lib/python3.12/site-packages/airflow/example_dags/example_nested_branch_dag.py
[2024-10-12T20:39:48.374+0000] {logging_mixin.py:190} INFO - [2024-10-12T20:39:48.374+0000] {dag.py:3239} INFO - Sync 1 DAGs
[2024-10-12T20:39:48.414+0000] {logging_mixin.py:190} INFO - [2024-10-12T20:39:48.413+0000] {dag.py:4180} INFO - Setting next_dagrun for example_nested_branch_dag to 2024-10-11 00:00:00+00:00, run_after=2024-10-12 00:00:00+00:00
[2024-10-12T20:39:48.479+0000] {processor.py:208} INFO - Processing /home/airflow/.local/lib/python3.12/site-packages/airflow/example_dags/example_nested_branch_dag.py took 0.171 seconds
[2024-10-12T20:40:19.486+0000] {processor.py:186} INFO - Started process (PID=678) to work on /home/airflow/.local/lib/python3.12/site-packages/airflow/example_dags/example_nested_branch_dag.py
[2024-10-12T20:40:19.491+0000] {processor.py:914} INFO - Processing file /home/airflow/.local/lib/python3.12/site-packages/airflow/example_dags/example_nested_branch_dag.py for tasks to queue
[2024-10-12T20:40:19.497+0000] {logging_mixin.py:190} INFO - [2024-10-12T20:40:19.496+0000] {dagbag.py:588} INFO - Filling up the DagBag from /home/airflow/.local/lib/python3.12/site-packages/airflow/example_dags/example_nested_branch_dag.py
[2024-10-12T20:40:19.587+0000] {processor.py:925} INFO - DAG(s) 'example_nested_branch_dag' retrieved from /home/airflow/.local/lib/python3.12/site-packages/airflow/example_dags/example_nested_branch_dag.py
[2024-10-12T20:40:19.632+0000] {logging_mixin.py:190} INFO - [2024-10-12T20:40:19.632+0000] {dag.py:3239} INFO - Sync 1 DAGs
[2024-10-12T20:40:19.686+0000] {logging_mixin.py:190} INFO - [2024-10-12T20:40:19.685+0000] {dag.py:4180} INFO - Setting next_dagrun for example_nested_branch_dag to 2024-10-11 00:00:00+00:00, run_after=2024-10-12 00:00:00+00:00
[2024-10-12T20:40:19.733+0000] {processor.py:208} INFO - Processing /home/airflow/.local/lib/python3.12/site-packages/airflow/example_dags/example_nested_branch_dag.py took 0.263 seconds
[2024-10-12T20:40:49.912+0000] {processor.py:186} INFO - Started process (PID=740) to work on /home/airflow/.local/lib/python3.12/site-packages/airflow/example_dags/example_nested_branch_dag.py
[2024-10-12T20:40:49.914+0000] {processor.py:914} INFO - Processing file /home/airflow/.local/lib/python3.12/site-packages/airflow/example_dags/example_nested_branch_dag.py for tasks to queue
[2024-10-12T20:40:49.919+0000] {logging_mixin.py:190} INFO - [2024-10-12T20:40:49.918+0000] {dagbag.py:588} INFO - Filling up the DagBag from /home/airflow/.local/lib/python3.12/site-packages/airflow/example_dags/example_nested_branch_dag.py
[2024-10-12T20:40:49.940+0000] {processor.py:925} INFO - DAG(s) 'example_nested_branch_dag' retrieved from /home/airflow/.local/lib/python3.12/site-packages/airflow/example_dags/example_nested_branch_dag.py
[2024-10-12T20:40:49.977+0000] {logging_mixin.py:190} INFO - [2024-10-12T20:40:49.976+0000] {dag.py:3239} INFO - Sync 1 DAGs
[2024-10-12T20:40:50.017+0000] {logging_mixin.py:190} INFO - [2024-10-12T20:40:50.017+0000] {dag.py:4180} INFO - Setting next_dagrun for example_nested_branch_dag to 2024-10-11 00:00:00+00:00, run_after=2024-10-12 00:00:00+00:00
[2024-10-12T20:40:50.049+0000] {processor.py:208} INFO - Processing /home/airflow/.local/lib/python3.12/site-packages/airflow/example_dags/example_nested_branch_dag.py took 0.150 seconds
[2024-10-12T20:41:20.712+0000] {processor.py:186} INFO - Started process (PID=802) to work on /home/airflow/.local/lib/python3.12/site-packages/airflow/example_dags/example_nested_branch_dag.py
[2024-10-12T20:41:20.714+0000] {processor.py:914} INFO - Processing file /home/airflow/.local/lib/python3.12/site-packages/airflow/example_dags/example_nested_branch_dag.py for tasks to queue
[2024-10-12T20:41:20.717+0000] {logging_mixin.py:190} INFO - [2024-10-12T20:41:20.717+0000] {dagbag.py:588} INFO - Filling up the DagBag from /home/airflow/.local/lib/python3.12/site-packages/airflow/example_dags/example_nested_branch_dag.py
[2024-10-12T20:41:20.735+0000] {processor.py:925} INFO - DAG(s) 'example_nested_branch_dag' retrieved from /home/airflow/.local/lib/python3.12/site-packages/airflow/example_dags/example_nested_branch_dag.py
[2024-10-12T20:41:20.767+0000] {logging_mixin.py:190} INFO - [2024-10-12T20:41:20.766+0000] {dag.py:3239} INFO - Sync 1 DAGs
[2024-10-12T20:41:20.823+0000] {logging_mixin.py:190} INFO - [2024-10-12T20:41:20.823+0000] {dag.py:4180} INFO - Setting next_dagrun for example_nested_branch_dag to 2024-10-11 00:00:00+00:00, run_after=2024-10-12 00:00:00+00:00
[2024-10-12T20:41:20.864+0000] {processor.py:208} INFO - Processing /home/airflow/.local/lib/python3.12/site-packages/airflow/example_dags/example_nested_branch_dag.py took 0.161 seconds
[2024-10-12T20:41:51.893+0000] {processor.py:186} INFO - Started process (PID=864) to work on /home/airflow/.local/lib/python3.12/site-packages/airflow/example_dags/example_nested_branch_dag.py
[2024-10-12T20:41:51.895+0000] {processor.py:914} INFO - Processing file /home/airflow/.local/lib/python3.12/site-packages/airflow/example_dags/example_nested_branch_dag.py for tasks to queue
[2024-10-12T20:41:51.900+0000] {logging_mixin.py:190} INFO - [2024-10-12T20:41:51.900+0000] {dagbag.py:588} INFO - Filling up the DagBag from /home/airflow/.local/lib/python3.12/site-packages/airflow/example_dags/example_nested_branch_dag.py
[2024-10-12T20:41:51.925+0000] {processor.py:925} INFO - DAG(s) 'example_nested_branch_dag' retrieved from /home/airflow/.local/lib/python3.12/site-packages/airflow/example_dags/example_nested_branch_dag.py
[2024-10-12T20:41:51.964+0000] {logging_mixin.py:190} INFO - [2024-10-12T20:41:51.964+0000] {dag.py:3239} INFO - Sync 1 DAGs
[2024-10-12T20:41:52.013+0000] {logging_mixin.py:190} INFO - [2024-10-12T20:41:52.013+0000] {dag.py:4180} INFO - Setting next_dagrun for example_nested_branch_dag to 2024-10-11 00:00:00+00:00, run_after=2024-10-12 00:00:00+00:00
[2024-10-12T20:41:52.058+0000] {processor.py:208} INFO - Processing /home/airflow/.local/lib/python3.12/site-packages/airflow/example_dags/example_nested_branch_dag.py took 0.177 seconds
[2024-10-12T20:42:22.241+0000] {processor.py:186} INFO - Started process (PID=926) to work on /home/airflow/.local/lib/python3.12/site-packages/airflow/example_dags/example_nested_branch_dag.py
[2024-10-12T20:42:22.243+0000] {processor.py:914} INFO - Processing file /home/airflow/.local/lib/python3.12/site-packages/airflow/example_dags/example_nested_branch_dag.py for tasks to queue
[2024-10-12T20:42:22.248+0000] {logging_mixin.py:190} INFO - [2024-10-12T20:42:22.248+0000] {dagbag.py:588} INFO - Filling up the DagBag from /home/airflow/.local/lib/python3.12/site-packages/airflow/example_dags/example_nested_branch_dag.py
[2024-10-12T20:42:22.271+0000] {processor.py:925} INFO - DAG(s) 'example_nested_branch_dag' retrieved from /home/airflow/.local/lib/python3.12/site-packages/airflow/example_dags/example_nested_branch_dag.py
[2024-10-12T20:42:22.313+0000] {logging_mixin.py:190} INFO - [2024-10-12T20:42:22.312+0000] {dag.py:3239} INFO - Sync 1 DAGs
[2024-10-12T20:42:22.367+0000] {logging_mixin.py:190} INFO - [2024-10-12T20:42:22.366+0000] {dag.py:4180} INFO - Setting next_dagrun for example_nested_branch_dag to 2024-10-11 00:00:00+00:00, run_after=2024-10-12 00:00:00+00:00
[2024-10-12T20:42:22.400+0000] {processor.py:208} INFO - Processing /home/airflow/.local/lib/python3.12/site-packages/airflow/example_dags/example_nested_branch_dag.py took 0.171 seconds
[2024-10-12T20:42:52.563+0000] {processor.py:186} INFO - Started process (PID=988) to work on /home/airflow/.local/lib/python3.12/site-packages/airflow/example_dags/example_nested_branch_dag.py
[2024-10-12T20:42:52.565+0000] {processor.py:914} INFO - Processing file /home/airflow/.local/lib/python3.12/site-packages/airflow/example_dags/example_nested_branch_dag.py for tasks to queue
[2024-10-12T20:42:52.595+0000] {logging_mixin.py:190} INFO - [2024-10-12T20:42:52.594+0000] {dagbag.py:588} INFO - Filling up the DagBag from /home/airflow/.local/lib/python3.12/site-packages/airflow/example_dags/example_nested_branch_dag.py
[2024-10-12T20:42:52.614+0000] {processor.py:925} INFO - DAG(s) 'example_nested_branch_dag' retrieved from /home/airflow/.local/lib/python3.12/site-packages/airflow/example_dags/example_nested_branch_dag.py
[2024-10-12T20:42:52.652+0000] {logging_mixin.py:190} INFO - [2024-10-12T20:42:52.651+0000] {dag.py:3239} INFO - Sync 1 DAGs
[2024-10-12T20:42:52.694+0000] {logging_mixin.py:190} INFO - [2024-10-12T20:42:52.693+0000] {dag.py:4180} INFO - Setting next_dagrun for example_nested_branch_dag to 2024-10-11 00:00:00+00:00, run_after=2024-10-12 00:00:00+00:00
[2024-10-12T20:42:52.726+0000] {processor.py:208} INFO - Processing /home/airflow/.local/lib/python3.12/site-packages/airflow/example_dags/example_nested_branch_dag.py took 0.172 seconds
[2024-10-12T20:43:23.187+0000] {processor.py:186} INFO - Started process (PID=1050) to work on /home/airflow/.local/lib/python3.12/site-packages/airflow/example_dags/example_nested_branch_dag.py
[2024-10-12T20:43:23.189+0000] {processor.py:914} INFO - Processing file /home/airflow/.local/lib/python3.12/site-packages/airflow/example_dags/example_nested_branch_dag.py for tasks to queue
[2024-10-12T20:43:23.194+0000] {logging_mixin.py:190} INFO - [2024-10-12T20:43:23.193+0000] {dagbag.py:588} INFO - Filling up the DagBag from /home/airflow/.local/lib/python3.12/site-packages/airflow/example_dags/example_nested_branch_dag.py
[2024-10-12T20:43:23.211+0000] {processor.py:925} INFO - DAG(s) 'example_nested_branch_dag' retrieved from /home/airflow/.local/lib/python3.12/site-packages/airflow/example_dags/example_nested_branch_dag.py
[2024-10-12T20:43:23.244+0000] {logging_mixin.py:190} INFO - [2024-10-12T20:43:23.243+0000] {dag.py:3239} INFO - Sync 1 DAGs
[2024-10-12T20:43:23.278+0000] {logging_mixin.py:190} INFO - [2024-10-12T20:43:23.277+0000] {dag.py:4180} INFO - Setting next_dagrun for example_nested_branch_dag to 2024-10-11 00:00:00+00:00, run_after=2024-10-12 00:00:00+00:00
[2024-10-12T20:43:23.312+0000] {processor.py:208} INFO - Processing /home/airflow/.local/lib/python3.12/site-packages/airflow/example_dags/example_nested_branch_dag.py took 0.133 seconds
[2024-10-12T20:43:54.116+0000] {processor.py:186} INFO - Started process (PID=1111) to work on /home/airflow/.local/lib/python3.12/site-packages/airflow/example_dags/example_nested_branch_dag.py
[2024-10-12T20:43:54.119+0000] {processor.py:914} INFO - Processing file /home/airflow/.local/lib/python3.12/site-packages/airflow/example_dags/example_nested_branch_dag.py for tasks to queue
[2024-10-12T20:43:54.123+0000] {logging_mixin.py:190} INFO - [2024-10-12T20:43:54.122+0000] {dagbag.py:588} INFO - Filling up the DagBag from /home/airflow/.local/lib/python3.12/site-packages/airflow/example_dags/example_nested_branch_dag.py
[2024-10-12T20:43:54.142+0000] {processor.py:925} INFO - DAG(s) 'example_nested_branch_dag' retrieved from /home/airflow/.local/lib/python3.12/site-packages/airflow/example_dags/example_nested_branch_dag.py
[2024-10-12T20:43:54.176+0000] {logging_mixin.py:190} INFO - [2024-10-12T20:43:54.175+0000] {dag.py:3239} INFO - Sync 1 DAGs
[2024-10-12T20:43:54.228+0000] {logging_mixin.py:190} INFO - [2024-10-12T20:43:54.227+0000] {dag.py:4180} INFO - Setting next_dagrun for example_nested_branch_dag to 2024-10-11 00:00:00+00:00, run_after=2024-10-12 00:00:00+00:00
[2024-10-12T20:43:54.317+0000] {processor.py:208} INFO - Processing /home/airflow/.local/lib/python3.12/site-packages/airflow/example_dags/example_nested_branch_dag.py took 0.210 seconds
[2024-10-12T20:44:24.681+0000] {processor.py:186} INFO - Started process (PID=1173) to work on /home/airflow/.local/lib/python3.12/site-packages/airflow/example_dags/example_nested_branch_dag.py
[2024-10-12T20:44:24.682+0000] {processor.py:914} INFO - Processing file /home/airflow/.local/lib/python3.12/site-packages/airflow/example_dags/example_nested_branch_dag.py for tasks to queue
[2024-10-12T20:44:24.686+0000] {logging_mixin.py:190} INFO - [2024-10-12T20:44:24.685+0000] {dagbag.py:588} INFO - Filling up the DagBag from /home/airflow/.local/lib/python3.12/site-packages/airflow/example_dags/example_nested_branch_dag.py
[2024-10-12T20:44:24.706+0000] {processor.py:925} INFO - DAG(s) 'example_nested_branch_dag' retrieved from /home/airflow/.local/lib/python3.12/site-packages/airflow/example_dags/example_nested_branch_dag.py
[2024-10-12T20:44:24.758+0000] {logging_mixin.py:190} INFO - [2024-10-12T20:44:24.758+0000] {dag.py:3239} INFO - Sync 1 DAGs
[2024-10-12T20:44:24.803+0000] {logging_mixin.py:190} INFO - [2024-10-12T20:44:24.802+0000] {dag.py:4180} INFO - Setting next_dagrun for example_nested_branch_dag to 2024-10-11 00:00:00+00:00, run_after=2024-10-12 00:00:00+00:00
[2024-10-12T20:44:24.830+0000] {processor.py:208} INFO - Processing /home/airflow/.local/lib/python3.12/site-packages/airflow/example_dags/example_nested_branch_dag.py took 0.160 seconds
[2024-10-12T20:44:55.443+0000] {processor.py:186} INFO - Started process (PID=1235) to work on /home/airflow/.local/lib/python3.12/site-packages/airflow/example_dags/example_nested_branch_dag.py
[2024-10-12T20:44:55.444+0000] {processor.py:914} INFO - Processing file /home/airflow/.local/lib/python3.12/site-packages/airflow/example_dags/example_nested_branch_dag.py for tasks to queue
[2024-10-12T20:44:55.448+0000] {logging_mixin.py:190} INFO - [2024-10-12T20:44:55.447+0000] {dagbag.py:588} INFO - Filling up the DagBag from /home/airflow/.local/lib/python3.12/site-packages/airflow/example_dags/example_nested_branch_dag.py
[2024-10-12T20:44:55.468+0000] {processor.py:925} INFO - DAG(s) 'example_nested_branch_dag' retrieved from /home/airflow/.local/lib/python3.12/site-packages/airflow/example_dags/example_nested_branch_dag.py
[2024-10-12T20:44:55.506+0000] {logging_mixin.py:190} INFO - [2024-10-12T20:44:55.506+0000] {dag.py:3239} INFO - Sync 1 DAGs
[2024-10-12T20:44:55.544+0000] {logging_mixin.py:190} INFO - [2024-10-12T20:44:55.544+0000] {dag.py:4180} INFO - Setting next_dagrun for example_nested_branch_dag to 2024-10-11 00:00:00+00:00, run_after=2024-10-12 00:00:00+00:00
[2024-10-12T20:44:55.582+0000] {processor.py:208} INFO - Processing /home/airflow/.local/lib/python3.12/site-packages/airflow/example_dags/example_nested_branch_dag.py took 0.154 seconds
[2024-10-12T20:45:25.974+0000] {processor.py:186} INFO - Started process (PID=1297) to work on /home/airflow/.local/lib/python3.12/site-packages/airflow/example_dags/example_nested_branch_dag.py
[2024-10-12T20:45:25.976+0000] {processor.py:914} INFO - Processing file /home/airflow/.local/lib/python3.12/site-packages/airflow/example_dags/example_nested_branch_dag.py for tasks to queue
[2024-10-12T20:45:25.979+0000] {logging_mixin.py:190} INFO - [2024-10-12T20:45:25.979+0000] {dagbag.py:588} INFO - Filling up the DagBag from /home/airflow/.local/lib/python3.12/site-packages/airflow/example_dags/example_nested_branch_dag.py
[2024-10-12T20:45:25.994+0000] {processor.py:925} INFO - DAG(s) 'example_nested_branch_dag' retrieved from /home/airflow/.local/lib/python3.12/site-packages/airflow/example_dags/example_nested_branch_dag.py
[2024-10-12T20:45:26.022+0000] {logging_mixin.py:190} INFO - [2024-10-12T20:45:26.022+0000] {dag.py:3239} INFO - Sync 1 DAGs
[2024-10-12T20:45:26.058+0000] {logging_mixin.py:190} INFO - [2024-10-12T20:45:26.058+0000] {dag.py:4180} INFO - Setting next_dagrun for example_nested_branch_dag to 2024-10-11 00:00:00+00:00, run_after=2024-10-12 00:00:00+00:00
[2024-10-12T20:45:26.090+0000] {processor.py:208} INFO - Processing /home/airflow/.local/lib/python3.12/site-packages/airflow/example_dags/example_nested_branch_dag.py took 0.126 seconds
[2024-10-12T20:45:58.152+0000] {processor.py:186} INFO - Started process (PID=1359) to work on /home/airflow/.local/lib/python3.12/site-packages/airflow/example_dags/example_nested_branch_dag.py
[2024-10-12T20:45:58.154+0000] {processor.py:914} INFO - Processing file /home/airflow/.local/lib/python3.12/site-packages/airflow/example_dags/example_nested_branch_dag.py for tasks to queue
[2024-10-12T20:45:58.163+0000] {logging_mixin.py:190} INFO - [2024-10-12T20:45:58.161+0000] {dagbag.py:588} INFO - Filling up the DagBag from /home/airflow/.local/lib/python3.12/site-packages/airflow/example_dags/example_nested_branch_dag.py
[2024-10-12T20:45:58.188+0000] {processor.py:925} INFO - DAG(s) 'example_nested_branch_dag' retrieved from /home/airflow/.local/lib/python3.12/site-packages/airflow/example_dags/example_nested_branch_dag.py
[2024-10-12T20:45:58.234+0000] {logging_mixin.py:190} INFO - [2024-10-12T20:45:58.233+0000] {dag.py:3239} INFO - Sync 1 DAGs
[2024-10-12T20:45:58.288+0000] {logging_mixin.py:190} INFO - [2024-10-12T20:45:58.288+0000] {dag.py:4180} INFO - Setting next_dagrun for example_nested_branch_dag to 2024-10-11 00:00:00+00:00, run_after=2024-10-12 00:00:00+00:00
[2024-10-12T20:45:58.323+0000] {processor.py:208} INFO - Processing /home/airflow/.local/lib/python3.12/site-packages/airflow/example_dags/example_nested_branch_dag.py took 0.181 seconds
[2024-10-12T20:46:28.798+0000] {processor.py:186} INFO - Started process (PID=1421) to work on /home/airflow/.local/lib/python3.12/site-packages/airflow/example_dags/example_nested_branch_dag.py
[2024-10-12T20:46:28.800+0000] {processor.py:914} INFO - Processing file /home/airflow/.local/lib/python3.12/site-packages/airflow/example_dags/example_nested_branch_dag.py for tasks to queue
[2024-10-12T20:46:28.806+0000] {logging_mixin.py:190} INFO - [2024-10-12T20:46:28.805+0000] {dagbag.py:588} INFO - Filling up the DagBag from /home/airflow/.local/lib/python3.12/site-packages/airflow/example_dags/example_nested_branch_dag.py
[2024-10-12T20:46:28.833+0000] {processor.py:925} INFO - DAG(s) 'example_nested_branch_dag' retrieved from /home/airflow/.local/lib/python3.12/site-packages/airflow/example_dags/example_nested_branch_dag.py
[2024-10-12T20:46:28.880+0000] {logging_mixin.py:190} INFO - [2024-10-12T20:46:28.880+0000] {dag.py:3239} INFO - Sync 1 DAGs
[2024-10-12T20:46:28.948+0000] {logging_mixin.py:190} INFO - [2024-10-12T20:46:28.947+0000] {dag.py:4180} INFO - Setting next_dagrun for example_nested_branch_dag to 2024-10-11 00:00:00+00:00, run_after=2024-10-12 00:00:00+00:00
[2024-10-12T20:46:28.994+0000] {processor.py:208} INFO - Processing /home/airflow/.local/lib/python3.12/site-packages/airflow/example_dags/example_nested_branch_dag.py took 0.210 seconds
[2024-10-12T20:46:59.778+0000] {processor.py:186} INFO - Started process (PID=1483) to work on /home/airflow/.local/lib/python3.12/site-packages/airflow/example_dags/example_nested_branch_dag.py
[2024-10-12T20:46:59.780+0000] {processor.py:914} INFO - Processing file /home/airflow/.local/lib/python3.12/site-packages/airflow/example_dags/example_nested_branch_dag.py for tasks to queue
[2024-10-12T20:46:59.786+0000] {logging_mixin.py:190} INFO - [2024-10-12T20:46:59.784+0000] {dagbag.py:588} INFO - Filling up the DagBag from /home/airflow/.local/lib/python3.12/site-packages/airflow/example_dags/example_nested_branch_dag.py
[2024-10-12T20:46:59.815+0000] {processor.py:925} INFO - DAG(s) 'example_nested_branch_dag' retrieved from /home/airflow/.local/lib/python3.12/site-packages/airflow/example_dags/example_nested_branch_dag.py
[2024-10-12T20:46:59.864+0000] {logging_mixin.py:190} INFO - [2024-10-12T20:46:59.863+0000] {dag.py:3239} INFO - Sync 1 DAGs
[2024-10-12T20:47:00.015+0000] {logging_mixin.py:190} INFO - [2024-10-12T20:47:00.014+0000] {dag.py:4180} INFO - Setting next_dagrun for example_nested_branch_dag to 2024-10-11 00:00:00+00:00, run_after=2024-10-12 00:00:00+00:00
[2024-10-12T20:47:00.056+0000] {processor.py:208} INFO - Processing /home/airflow/.local/lib/python3.12/site-packages/airflow/example_dags/example_nested_branch_dag.py took 0.291 seconds
[2024-10-12T20:47:30.339+0000] {processor.py:186} INFO - Started process (PID=1546) to work on /home/airflow/.local/lib/python3.12/site-packages/airflow/example_dags/example_nested_branch_dag.py
[2024-10-12T20:47:30.341+0000] {processor.py:914} INFO - Processing file /home/airflow/.local/lib/python3.12/site-packages/airflow/example_dags/example_nested_branch_dag.py for tasks to queue
[2024-10-12T20:47:30.349+0000] {logging_mixin.py:190} INFO - [2024-10-12T20:47:30.347+0000] {dagbag.py:588} INFO - Filling up the DagBag from /home/airflow/.local/lib/python3.12/site-packages/airflow/example_dags/example_nested_branch_dag.py
[2024-10-12T20:47:30.369+0000] {processor.py:925} INFO - DAG(s) 'example_nested_branch_dag' retrieved from /home/airflow/.local/lib/python3.12/site-packages/airflow/example_dags/example_nested_branch_dag.py
[2024-10-12T20:47:30.406+0000] {logging_mixin.py:190} INFO - [2024-10-12T20:47:30.405+0000] {dag.py:3239} INFO - Sync 1 DAGs
[2024-10-12T20:47:30.446+0000] {logging_mixin.py:190} INFO - [2024-10-12T20:47:30.445+0000] {dag.py:4180} INFO - Setting next_dagrun for example_nested_branch_dag to 2024-10-11 00:00:00+00:00, run_after=2024-10-12 00:00:00+00:00
[2024-10-12T20:47:30.476+0000] {processor.py:208} INFO - Processing /home/airflow/.local/lib/python3.12/site-packages/airflow/example_dags/example_nested_branch_dag.py took 0.146 seconds
[2024-10-12T20:48:00.964+0000] {processor.py:186} INFO - Started process (PID=1607) to work on /home/airflow/.local/lib/python3.12/site-packages/airflow/example_dags/example_nested_branch_dag.py
[2024-10-12T20:48:00.965+0000] {processor.py:914} INFO - Processing file /home/airflow/.local/lib/python3.12/site-packages/airflow/example_dags/example_nested_branch_dag.py for tasks to queue
[2024-10-12T20:48:00.969+0000] {logging_mixin.py:190} INFO - [2024-10-12T20:48:00.968+0000] {dagbag.py:588} INFO - Filling up the DagBag from /home/airflow/.local/lib/python3.12/site-packages/airflow/example_dags/example_nested_branch_dag.py
[2024-10-12T20:48:00.989+0000] {processor.py:925} INFO - DAG(s) 'example_nested_branch_dag' retrieved from /home/airflow/.local/lib/python3.12/site-packages/airflow/example_dags/example_nested_branch_dag.py
[2024-10-12T20:48:01.022+0000] {logging_mixin.py:190} INFO - [2024-10-12T20:48:01.022+0000] {dag.py:3239} INFO - Sync 1 DAGs
[2024-10-12T20:48:01.059+0000] {logging_mixin.py:190} INFO - [2024-10-12T20:48:01.059+0000] {dag.py:4180} INFO - Setting next_dagrun for example_nested_branch_dag to 2024-10-11 00:00:00+00:00, run_after=2024-10-12 00:00:00+00:00
[2024-10-12T20:48:01.086+0000] {processor.py:208} INFO - Processing /home/airflow/.local/lib/python3.12/site-packages/airflow/example_dags/example_nested_branch_dag.py took 0.132 seconds
[2024-10-12T20:48:31.775+0000] {processor.py:186} INFO - Started process (PID=1670) to work on /home/airflow/.local/lib/python3.12/site-packages/airflow/example_dags/example_nested_branch_dag.py
[2024-10-12T20:48:31.777+0000] {processor.py:914} INFO - Processing file /home/airflow/.local/lib/python3.12/site-packages/airflow/example_dags/example_nested_branch_dag.py for tasks to queue
[2024-10-12T20:48:31.781+0000] {logging_mixin.py:190} INFO - [2024-10-12T20:48:31.781+0000] {dagbag.py:588} INFO - Filling up the DagBag from /home/airflow/.local/lib/python3.12/site-packages/airflow/example_dags/example_nested_branch_dag.py
[2024-10-12T20:48:31.803+0000] {processor.py:925} INFO - DAG(s) 'example_nested_branch_dag' retrieved from /home/airflow/.local/lib/python3.12/site-packages/airflow/example_dags/example_nested_branch_dag.py
[2024-10-12T20:48:31.841+0000] {logging_mixin.py:190} INFO - [2024-10-12T20:48:31.840+0000] {dag.py:3239} INFO - Sync 1 DAGs
[2024-10-12T20:48:31.891+0000] {logging_mixin.py:190} INFO - [2024-10-12T20:48:31.891+0000] {dag.py:4180} INFO - Setting next_dagrun for example_nested_branch_dag to 2024-10-11 00:00:00+00:00, run_after=2024-10-12 00:00:00+00:00
[2024-10-12T20:48:31.919+0000] {processor.py:208} INFO - Processing /home/airflow/.local/lib/python3.12/site-packages/airflow/example_dags/example_nested_branch_dag.py took 0.154 seconds
[2024-10-12T20:49:02.633+0000] {processor.py:186} INFO - Started process (PID=1732) to work on /home/airflow/.local/lib/python3.12/site-packages/airflow/example_dags/example_nested_branch_dag.py
[2024-10-12T20:49:02.635+0000] {processor.py:914} INFO - Processing file /home/airflow/.local/lib/python3.12/site-packages/airflow/example_dags/example_nested_branch_dag.py for tasks to queue
[2024-10-12T20:49:02.639+0000] {logging_mixin.py:190} INFO - [2024-10-12T20:49:02.638+0000] {dagbag.py:588} INFO - Filling up the DagBag from /home/airflow/.local/lib/python3.12/site-packages/airflow/example_dags/example_nested_branch_dag.py
[2024-10-12T20:49:02.663+0000] {processor.py:925} INFO - DAG(s) 'example_nested_branch_dag' retrieved from /home/airflow/.local/lib/python3.12/site-packages/airflow/example_dags/example_nested_branch_dag.py
[2024-10-12T20:49:02.695+0000] {logging_mixin.py:190} INFO - [2024-10-12T20:49:02.694+0000] {dag.py:3239} INFO - Sync 1 DAGs
[2024-10-12T20:49:02.730+0000] {logging_mixin.py:190} INFO - [2024-10-12T20:49:02.729+0000] {dag.py:4180} INFO - Setting next_dagrun for example_nested_branch_dag to 2024-10-11 00:00:00+00:00, run_after=2024-10-12 00:00:00+00:00
[2024-10-12T20:49:02.757+0000] {processor.py:208} INFO - Processing /home/airflow/.local/lib/python3.12/site-packages/airflow/example_dags/example_nested_branch_dag.py took 0.134 seconds
[2024-10-12T20:49:33.311+0000] {processor.py:186} INFO - Started process (PID=1794) to work on /home/airflow/.local/lib/python3.12/site-packages/airflow/example_dags/example_nested_branch_dag.py
[2024-10-12T20:49:33.315+0000] {processor.py:914} INFO - Processing file /home/airflow/.local/lib/python3.12/site-packages/airflow/example_dags/example_nested_branch_dag.py for tasks to queue
[2024-10-12T20:49:33.319+0000] {logging_mixin.py:190} INFO - [2024-10-12T20:49:33.318+0000] {dagbag.py:588} INFO - Filling up the DagBag from /home/airflow/.local/lib/python3.12/site-packages/airflow/example_dags/example_nested_branch_dag.py
[2024-10-12T20:49:33.339+0000] {processor.py:925} INFO - DAG(s) 'example_nested_branch_dag' retrieved from /home/airflow/.local/lib/python3.12/site-packages/airflow/example_dags/example_nested_branch_dag.py
[2024-10-12T20:49:33.381+0000] {logging_mixin.py:190} INFO - [2024-10-12T20:49:33.380+0000] {dag.py:3239} INFO - Sync 1 DAGs
[2024-10-12T20:49:33.422+0000] {logging_mixin.py:190} INFO - [2024-10-12T20:49:33.421+0000] {dag.py:4180} INFO - Setting next_dagrun for example_nested_branch_dag to 2024-10-11 00:00:00+00:00, run_after=2024-10-12 00:00:00+00:00
[2024-10-12T20:49:33.455+0000] {processor.py:208} INFO - Processing /home/airflow/.local/lib/python3.12/site-packages/airflow/example_dags/example_nested_branch_dag.py took 0.155 seconds
[2024-10-12T20:50:04.300+0000] {processor.py:186} INFO - Started process (PID=1856) to work on /home/airflow/.local/lib/python3.12/site-packages/airflow/example_dags/example_nested_branch_dag.py
[2024-10-12T20:50:04.302+0000] {processor.py:914} INFO - Processing file /home/airflow/.local/lib/python3.12/site-packages/airflow/example_dags/example_nested_branch_dag.py for tasks to queue
[2024-10-12T20:50:04.306+0000] {logging_mixin.py:190} INFO - [2024-10-12T20:50:04.305+0000] {dagbag.py:588} INFO - Filling up the DagBag from /home/airflow/.local/lib/python3.12/site-packages/airflow/example_dags/example_nested_branch_dag.py
[2024-10-12T20:50:04.322+0000] {processor.py:925} INFO - DAG(s) 'example_nested_branch_dag' retrieved from /home/airflow/.local/lib/python3.12/site-packages/airflow/example_dags/example_nested_branch_dag.py
[2024-10-12T20:50:04.371+0000] {logging_mixin.py:190} INFO - [2024-10-12T20:50:04.361+0000] {dag.py:3239} INFO - Sync 1 DAGs
[2024-10-12T20:50:04.421+0000] {logging_mixin.py:190} INFO - [2024-10-12T20:50:04.421+0000] {dag.py:4180} INFO - Setting next_dagrun for example_nested_branch_dag to 2024-10-11 00:00:00+00:00, run_after=2024-10-12 00:00:00+00:00
[2024-10-12T20:50:04.453+0000] {processor.py:208} INFO - Processing /home/airflow/.local/lib/python3.12/site-packages/airflow/example_dags/example_nested_branch_dag.py took 0.161 seconds
