[2024-10-12T20:35:29.517+0000] {processor.py:186} INFO - Started process (PID=77) to work on /home/airflow/.local/lib/python3.12/site-packages/airflow/example_dags/example_inlet_event_extra.py
[2024-10-12T20:35:29.519+0000] {processor.py:914} INFO - Processing file /home/airflow/.local/lib/python3.12/site-packages/airflow/example_dags/example_inlet_event_extra.py for tasks to queue
[2024-10-12T20:35:29.523+0000] {logging_mixin.py:190} INFO - [2024-10-12T20:35:29.523+0000] {dagbag.py:588} INFO - Filling up the DagBag from /home/airflow/.local/lib/python3.12/site-packages/airflow/example_dags/example_inlet_event_extra.py
[2024-10-12T20:35:29.790+0000] {processor.py:925} INFO - DAG(s) 'read_dataset_event_from_classic', 'read_dataset_event' retrieved from /home/airflow/.local/lib/python3.12/site-packages/airflow/example_dags/example_inlet_event_extra.py
[2024-10-12T20:35:29.926+0000] {logging_mixin.py:190} INFO - [2024-10-12T20:35:29.925+0000] {override.py:1900} INFO - Created Permission View: can delete on DAG:read_dataset_event_from_classic
[2024-10-12T20:35:29.945+0000] {logging_mixin.py:190} INFO - [2024-10-12T20:35:29.945+0000] {override.py:1900} INFO - Created Permission View: can edit on DAG:read_dataset_event_from_classic
[2024-10-12T20:35:29.957+0000] {logging_mixin.py:190} INFO - [2024-10-12T20:35:29.957+0000] {override.py:1900} INFO - Created Permission View: can read on DAG:read_dataset_event_from_classic
[2024-10-12T20:35:29.969+0000] {logging_mixin.py:190} INFO - [2024-10-12T20:35:29.969+0000] {override.py:1900} INFO - Created Permission View: can delete on DAG Run:read_dataset_event_from_classic
[2024-10-12T20:35:29.981+0000] {logging_mixin.py:190} INFO - [2024-10-12T20:35:29.981+0000] {override.py:1900} INFO - Created Permission View: can create on DAG Run:read_dataset_event_from_classic
[2024-10-12T20:35:29.991+0000] {logging_mixin.py:190} INFO - [2024-10-12T20:35:29.991+0000] {override.py:1900} INFO - Created Permission View: menu access on DAG Run:read_dataset_event_from_classic
[2024-10-12T20:35:30.002+0000] {logging_mixin.py:190} INFO - [2024-10-12T20:35:30.001+0000] {override.py:1900} INFO - Created Permission View: can read on DAG Run:read_dataset_event_from_classic
[2024-10-12T20:35:30.019+0000] {logging_mixin.py:190} INFO - [2024-10-12T20:35:30.019+0000] {override.py:1900} INFO - Created Permission View: can delete on DAG:read_dataset_event
[2024-10-12T20:35:30.029+0000] {logging_mixin.py:190} INFO - [2024-10-12T20:35:30.028+0000] {override.py:1900} INFO - Created Permission View: can edit on DAG:read_dataset_event
[2024-10-12T20:35:30.037+0000] {logging_mixin.py:190} INFO - [2024-10-12T20:35:30.037+0000] {override.py:1900} INFO - Created Permission View: can read on DAG:read_dataset_event
[2024-10-12T20:35:30.046+0000] {logging_mixin.py:190} INFO - [2024-10-12T20:35:30.046+0000] {override.py:1900} INFO - Created Permission View: can delete on DAG Run:read_dataset_event
[2024-10-12T20:35:30.055+0000] {logging_mixin.py:190} INFO - [2024-10-12T20:35:30.055+0000] {override.py:1900} INFO - Created Permission View: can create on DAG Run:read_dataset_event
[2024-10-12T20:35:30.066+0000] {logging_mixin.py:190} INFO - [2024-10-12T20:35:30.065+0000] {override.py:1900} INFO - Created Permission View: menu access on DAG Run:read_dataset_event
[2024-10-12T20:35:30.075+0000] {logging_mixin.py:190} INFO - [2024-10-12T20:35:30.075+0000] {override.py:1900} INFO - Created Permission View: can read on DAG Run:read_dataset_event
[2024-10-12T20:35:30.076+0000] {logging_mixin.py:190} INFO - [2024-10-12T20:35:30.076+0000] {dag.py:3239} INFO - Sync 2 DAGs
[2024-10-12T20:35:30.095+0000] {logging_mixin.py:190} INFO - [2024-10-12T20:35:30.095+0000] {dag.py:3262} INFO - Creating ORM DAG for read_dataset_event_from_classic
[2024-10-12T20:35:30.097+0000] {logging_mixin.py:190} INFO - [2024-10-12T20:35:30.097+0000] {dag.py:3262} INFO - Creating ORM DAG for read_dataset_event
[2024-10-12T20:35:30.115+0000] {logging_mixin.py:190} INFO - [2024-10-12T20:35:30.114+0000] {dag.py:4180} INFO - Setting next_dagrun for read_dataset_event to 2024-10-11 00:00:00+00:00, run_after=2024-10-12 00:00:00+00:00
[2024-10-12T20:35:30.120+0000] {logging_mixin.py:190} INFO - [2024-10-12T20:35:30.119+0000] {dag.py:4180} INFO - Setting next_dagrun for read_dataset_event_from_classic to 2024-10-11 00:00:00+00:00, run_after=2024-10-12 00:00:00+00:00
[2024-10-12T20:35:30.150+0000] {processor.py:208} INFO - Processing /home/airflow/.local/lib/python3.12/site-packages/airflow/example_dags/example_inlet_event_extra.py took 0.642 seconds
[2024-10-12T20:36:00.469+0000] {processor.py:186} INFO - Started process (PID=139) to work on /home/airflow/.local/lib/python3.12/site-packages/airflow/example_dags/example_inlet_event_extra.py
[2024-10-12T20:36:00.470+0000] {processor.py:914} INFO - Processing file /home/airflow/.local/lib/python3.12/site-packages/airflow/example_dags/example_inlet_event_extra.py for tasks to queue
[2024-10-12T20:36:00.480+0000] {logging_mixin.py:190} INFO - [2024-10-12T20:36:00.479+0000] {dagbag.py:588} INFO - Filling up the DagBag from /home/airflow/.local/lib/python3.12/site-packages/airflow/example_dags/example_inlet_event_extra.py
[2024-10-12T20:36:00.718+0000] {processor.py:925} INFO - DAG(s) 'read_dataset_event', 'read_dataset_event_from_classic' retrieved from /home/airflow/.local/lib/python3.12/site-packages/airflow/example_dags/example_inlet_event_extra.py
[2024-10-12T20:36:00.753+0000] {logging_mixin.py:190} INFO - [2024-10-12T20:36:00.753+0000] {dag.py:3239} INFO - Sync 2 DAGs
[2024-10-12T20:36:00.797+0000] {logging_mixin.py:190} INFO - [2024-10-12T20:36:00.796+0000] {dag.py:4180} INFO - Setting next_dagrun for read_dataset_event to 2024-10-11 00:00:00+00:00, run_after=2024-10-12 00:00:00+00:00
[2024-10-12T20:36:00.806+0000] {logging_mixin.py:190} INFO - [2024-10-12T20:36:00.806+0000] {dag.py:4180} INFO - Setting next_dagrun for read_dataset_event_from_classic to 2024-10-11 00:00:00+00:00, run_after=2024-10-12 00:00:00+00:00
[2024-10-12T20:36:00.837+0000] {processor.py:208} INFO - Processing /home/airflow/.local/lib/python3.12/site-packages/airflow/example_dags/example_inlet_event_extra.py took 0.377 seconds
[2024-10-12T20:36:30.932+0000] {processor.py:186} INFO - Started process (PID=201) to work on /home/airflow/.local/lib/python3.12/site-packages/airflow/example_dags/example_inlet_event_extra.py
[2024-10-12T20:36:30.935+0000] {processor.py:914} INFO - Processing file /home/airflow/.local/lib/python3.12/site-packages/airflow/example_dags/example_inlet_event_extra.py for tasks to queue
[2024-10-12T20:36:30.939+0000] {logging_mixin.py:190} INFO - [2024-10-12T20:36:30.939+0000] {dagbag.py:588} INFO - Filling up the DagBag from /home/airflow/.local/lib/python3.12/site-packages/airflow/example_dags/example_inlet_event_extra.py
[2024-10-12T20:36:31.180+0000] {processor.py:925} INFO - DAG(s) 'read_dataset_event', 'read_dataset_event_from_classic' retrieved from /home/airflow/.local/lib/python3.12/site-packages/airflow/example_dags/example_inlet_event_extra.py
[2024-10-12T20:36:31.214+0000] {logging_mixin.py:190} INFO - [2024-10-12T20:36:31.214+0000] {dag.py:3239} INFO - Sync 2 DAGs
[2024-10-12T20:36:31.255+0000] {logging_mixin.py:190} INFO - [2024-10-12T20:36:31.255+0000] {dag.py:4180} INFO - Setting next_dagrun for read_dataset_event to 2024-10-11 00:00:00+00:00, run_after=2024-10-12 00:00:00+00:00
[2024-10-12T20:36:31.264+0000] {logging_mixin.py:190} INFO - [2024-10-12T20:36:31.264+0000] {dag.py:4180} INFO - Setting next_dagrun for read_dataset_event_from_classic to 2024-10-11 00:00:00+00:00, run_after=2024-10-12 00:00:00+00:00
[2024-10-12T20:36:31.296+0000] {processor.py:208} INFO - Processing /home/airflow/.local/lib/python3.12/site-packages/airflow/example_dags/example_inlet_event_extra.py took 0.375 seconds
[2024-10-12T20:37:01.745+0000] {processor.py:186} INFO - Started process (PID=263) to work on /home/airflow/.local/lib/python3.12/site-packages/airflow/example_dags/example_inlet_event_extra.py
[2024-10-12T20:37:01.747+0000] {processor.py:914} INFO - Processing file /home/airflow/.local/lib/python3.12/site-packages/airflow/example_dags/example_inlet_event_extra.py for tasks to queue
[2024-10-12T20:37:01.750+0000] {logging_mixin.py:190} INFO - [2024-10-12T20:37:01.750+0000] {dagbag.py:588} INFO - Filling up the DagBag from /home/airflow/.local/lib/python3.12/site-packages/airflow/example_dags/example_inlet_event_extra.py
[2024-10-12T20:37:01.962+0000] {processor.py:925} INFO - DAG(s) 'read_dataset_event', 'read_dataset_event_from_classic' retrieved from /home/airflow/.local/lib/python3.12/site-packages/airflow/example_dags/example_inlet_event_extra.py
[2024-10-12T20:37:01.997+0000] {logging_mixin.py:190} INFO - [2024-10-12T20:37:01.997+0000] {dag.py:3239} INFO - Sync 2 DAGs
[2024-10-12T20:37:02.037+0000] {logging_mixin.py:190} INFO - [2024-10-12T20:37:02.037+0000] {dag.py:4180} INFO - Setting next_dagrun for read_dataset_event to 2024-10-11 00:00:00+00:00, run_after=2024-10-12 00:00:00+00:00
[2024-10-12T20:37:02.049+0000] {logging_mixin.py:190} INFO - [2024-10-12T20:37:02.048+0000] {dag.py:4180} INFO - Setting next_dagrun for read_dataset_event_from_classic to 2024-10-11 00:00:00+00:00, run_after=2024-10-12 00:00:00+00:00
[2024-10-12T20:37:02.082+0000] {processor.py:208} INFO - Processing /home/airflow/.local/lib/python3.12/site-packages/airflow/example_dags/example_inlet_event_extra.py took 0.346 seconds
[2024-10-12T20:37:32.211+0000] {processor.py:186} INFO - Started process (PID=324) to work on /home/airflow/.local/lib/python3.12/site-packages/airflow/example_dags/example_inlet_event_extra.py
[2024-10-12T20:37:32.213+0000] {processor.py:914} INFO - Processing file /home/airflow/.local/lib/python3.12/site-packages/airflow/example_dags/example_inlet_event_extra.py for tasks to queue
[2024-10-12T20:37:32.217+0000] {logging_mixin.py:190} INFO - [2024-10-12T20:37:32.216+0000] {dagbag.py:588} INFO - Filling up the DagBag from /home/airflow/.local/lib/python3.12/site-packages/airflow/example_dags/example_inlet_event_extra.py
[2024-10-12T20:37:32.465+0000] {processor.py:925} INFO - DAG(s) 'read_dataset_event_from_classic', 'read_dataset_event' retrieved from /home/airflow/.local/lib/python3.12/site-packages/airflow/example_dags/example_inlet_event_extra.py
[2024-10-12T20:37:32.504+0000] {logging_mixin.py:190} INFO - [2024-10-12T20:37:32.503+0000] {dag.py:3239} INFO - Sync 2 DAGs
[2024-10-12T20:37:32.547+0000] {logging_mixin.py:190} INFO - [2024-10-12T20:37:32.547+0000] {dag.py:4180} INFO - Setting next_dagrun for read_dataset_event to 2024-10-11 00:00:00+00:00, run_after=2024-10-12 00:00:00+00:00
[2024-10-12T20:37:32.558+0000] {logging_mixin.py:190} INFO - [2024-10-12T20:37:32.557+0000] {dag.py:4180} INFO - Setting next_dagrun for read_dataset_event_from_classic to 2024-10-11 00:00:00+00:00, run_after=2024-10-12 00:00:00+00:00
[2024-10-12T20:37:32.600+0000] {processor.py:208} INFO - Processing /home/airflow/.local/lib/python3.12/site-packages/airflow/example_dags/example_inlet_event_extra.py took 0.397 seconds
[2024-10-12T20:38:03.483+0000] {processor.py:186} INFO - Started process (PID=387) to work on /home/airflow/.local/lib/python3.12/site-packages/airflow/example_dags/example_inlet_event_extra.py
[2024-10-12T20:38:03.485+0000] {processor.py:914} INFO - Processing file /home/airflow/.local/lib/python3.12/site-packages/airflow/example_dags/example_inlet_event_extra.py for tasks to queue
[2024-10-12T20:38:03.491+0000] {logging_mixin.py:190} INFO - [2024-10-12T20:38:03.490+0000] {dagbag.py:588} INFO - Filling up the DagBag from /home/airflow/.local/lib/python3.12/site-packages/airflow/example_dags/example_inlet_event_extra.py
[2024-10-12T20:38:03.723+0000] {processor.py:925} INFO - DAG(s) 'read_dataset_event_from_classic', 'read_dataset_event' retrieved from /home/airflow/.local/lib/python3.12/site-packages/airflow/example_dags/example_inlet_event_extra.py
[2024-10-12T20:38:03.760+0000] {logging_mixin.py:190} INFO - [2024-10-12T20:38:03.759+0000] {dag.py:3239} INFO - Sync 2 DAGs
[2024-10-12T20:38:03.802+0000] {logging_mixin.py:190} INFO - [2024-10-12T20:38:03.801+0000] {dag.py:4180} INFO - Setting next_dagrun for read_dataset_event to 2024-10-11 00:00:00+00:00, run_after=2024-10-12 00:00:00+00:00
[2024-10-12T20:38:03.813+0000] {logging_mixin.py:190} INFO - [2024-10-12T20:38:03.812+0000] {dag.py:4180} INFO - Setting next_dagrun for read_dataset_event_from_classic to 2024-10-11 00:00:00+00:00, run_after=2024-10-12 00:00:00+00:00
[2024-10-12T20:38:03.854+0000] {processor.py:208} INFO - Processing /home/airflow/.local/lib/python3.12/site-packages/airflow/example_dags/example_inlet_event_extra.py took 0.384 seconds
[2024-10-12T20:38:34.026+0000] {processor.py:186} INFO - Started process (PID=449) to work on /home/airflow/.local/lib/python3.12/site-packages/airflow/example_dags/example_inlet_event_extra.py
[2024-10-12T20:38:34.027+0000] {processor.py:914} INFO - Processing file /home/airflow/.local/lib/python3.12/site-packages/airflow/example_dags/example_inlet_event_extra.py for tasks to queue
[2024-10-12T20:38:34.031+0000] {logging_mixin.py:190} INFO - [2024-10-12T20:38:34.030+0000] {dagbag.py:588} INFO - Filling up the DagBag from /home/airflow/.local/lib/python3.12/site-packages/airflow/example_dags/example_inlet_event_extra.py
[2024-10-12T20:38:34.252+0000] {processor.py:925} INFO - DAG(s) 'read_dataset_event', 'read_dataset_event_from_classic' retrieved from /home/airflow/.local/lib/python3.12/site-packages/airflow/example_dags/example_inlet_event_extra.py
[2024-10-12T20:38:34.287+0000] {logging_mixin.py:190} INFO - [2024-10-12T20:38:34.287+0000] {dag.py:3239} INFO - Sync 2 DAGs
[2024-10-12T20:38:34.326+0000] {logging_mixin.py:190} INFO - [2024-10-12T20:38:34.326+0000] {dag.py:4180} INFO - Setting next_dagrun for read_dataset_event to 2024-10-11 00:00:00+00:00, run_after=2024-10-12 00:00:00+00:00
[2024-10-12T20:38:34.333+0000] {logging_mixin.py:190} INFO - [2024-10-12T20:38:34.333+0000] {dag.py:4180} INFO - Setting next_dagrun for read_dataset_event_from_classic to 2024-10-11 00:00:00+00:00, run_after=2024-10-12 00:00:00+00:00
[2024-10-12T20:38:34.360+0000] {processor.py:208} INFO - Processing /home/airflow/.local/lib/python3.12/site-packages/airflow/example_dags/example_inlet_event_extra.py took 0.345 seconds
[2024-10-12T20:39:04.894+0000] {processor.py:186} INFO - Started process (PID=511) to work on /home/airflow/.local/lib/python3.12/site-packages/airflow/example_dags/example_inlet_event_extra.py
[2024-10-12T20:39:04.896+0000] {processor.py:914} INFO - Processing file /home/airflow/.local/lib/python3.12/site-packages/airflow/example_dags/example_inlet_event_extra.py for tasks to queue
[2024-10-12T20:39:04.899+0000] {logging_mixin.py:190} INFO - [2024-10-12T20:39:04.899+0000] {dagbag.py:588} INFO - Filling up the DagBag from /home/airflow/.local/lib/python3.12/site-packages/airflow/example_dags/example_inlet_event_extra.py
[2024-10-12T20:39:05.093+0000] {processor.py:925} INFO - DAG(s) 'read_dataset_event_from_classic', 'read_dataset_event' retrieved from /home/airflow/.local/lib/python3.12/site-packages/airflow/example_dags/example_inlet_event_extra.py
[2024-10-12T20:39:05.127+0000] {logging_mixin.py:190} INFO - [2024-10-12T20:39:05.127+0000] {dag.py:3239} INFO - Sync 2 DAGs
[2024-10-12T20:39:05.165+0000] {logging_mixin.py:190} INFO - [2024-10-12T20:39:05.165+0000] {dag.py:4180} INFO - Setting next_dagrun for read_dataset_event to 2024-10-11 00:00:00+00:00, run_after=2024-10-12 00:00:00+00:00
[2024-10-12T20:39:05.173+0000] {logging_mixin.py:190} INFO - [2024-10-12T20:39:05.173+0000] {dag.py:4180} INFO - Setting next_dagrun for read_dataset_event_from_classic to 2024-10-11 00:00:00+00:00, run_after=2024-10-12 00:00:00+00:00
[2024-10-12T20:39:05.203+0000] {processor.py:208} INFO - Processing /home/airflow/.local/lib/python3.12/site-packages/airflow/example_dags/example_inlet_event_extra.py took 0.319 seconds
[2024-10-12T20:39:36.148+0000] {processor.py:186} INFO - Started process (PID=573) to work on /home/airflow/.local/lib/python3.12/site-packages/airflow/example_dags/example_inlet_event_extra.py
[2024-10-12T20:39:36.150+0000] {processor.py:914} INFO - Processing file /home/airflow/.local/lib/python3.12/site-packages/airflow/example_dags/example_inlet_event_extra.py for tasks to queue
[2024-10-12T20:39:36.155+0000] {logging_mixin.py:190} INFO - [2024-10-12T20:39:36.155+0000] {dagbag.py:588} INFO - Filling up the DagBag from /home/airflow/.local/lib/python3.12/site-packages/airflow/example_dags/example_inlet_event_extra.py
[2024-10-12T20:39:36.338+0000] {processor.py:925} INFO - DAG(s) 'read_dataset_event_from_classic', 'read_dataset_event' retrieved from /home/airflow/.local/lib/python3.12/site-packages/airflow/example_dags/example_inlet_event_extra.py
[2024-10-12T20:39:36.368+0000] {logging_mixin.py:190} INFO - [2024-10-12T20:39:36.367+0000] {dag.py:3239} INFO - Sync 2 DAGs
[2024-10-12T20:39:36.402+0000] {logging_mixin.py:190} INFO - [2024-10-12T20:39:36.401+0000] {dag.py:4180} INFO - Setting next_dagrun for read_dataset_event to 2024-10-11 00:00:00+00:00, run_after=2024-10-12 00:00:00+00:00
[2024-10-12T20:39:36.410+0000] {logging_mixin.py:190} INFO - [2024-10-12T20:39:36.409+0000] {dag.py:4180} INFO - Setting next_dagrun for read_dataset_event_from_classic to 2024-10-11 00:00:00+00:00, run_after=2024-10-12 00:00:00+00:00
[2024-10-12T20:39:36.438+0000] {processor.py:208} INFO - Processing /home/airflow/.local/lib/python3.12/site-packages/airflow/example_dags/example_inlet_event_extra.py took 0.309 seconds
[2024-10-12T20:40:06.907+0000] {processor.py:186} INFO - Started process (PID=634) to work on /home/airflow/.local/lib/python3.12/site-packages/airflow/example_dags/example_inlet_event_extra.py
[2024-10-12T20:40:06.909+0000] {processor.py:914} INFO - Processing file /home/airflow/.local/lib/python3.12/site-packages/airflow/example_dags/example_inlet_event_extra.py for tasks to queue
[2024-10-12T20:40:06.913+0000] {logging_mixin.py:190} INFO - [2024-10-12T20:40:06.912+0000] {dagbag.py:588} INFO - Filling up the DagBag from /home/airflow/.local/lib/python3.12/site-packages/airflow/example_dags/example_inlet_event_extra.py
[2024-10-12T20:40:07.154+0000] {processor.py:925} INFO - DAG(s) 'read_dataset_event_from_classic', 'read_dataset_event' retrieved from /home/airflow/.local/lib/python3.12/site-packages/airflow/example_dags/example_inlet_event_extra.py
[2024-10-12T20:40:07.187+0000] {logging_mixin.py:190} INFO - [2024-10-12T20:40:07.187+0000] {dag.py:3239} INFO - Sync 2 DAGs
[2024-10-12T20:40:07.234+0000] {logging_mixin.py:190} INFO - [2024-10-12T20:40:07.234+0000] {dag.py:4180} INFO - Setting next_dagrun for read_dataset_event to 2024-10-11 00:00:00+00:00, run_after=2024-10-12 00:00:00+00:00
[2024-10-12T20:40:07.243+0000] {logging_mixin.py:190} INFO - [2024-10-12T20:40:07.243+0000] {dag.py:4180} INFO - Setting next_dagrun for read_dataset_event_from_classic to 2024-10-11 00:00:00+00:00, run_after=2024-10-12 00:00:00+00:00
[2024-10-12T20:40:07.273+0000] {processor.py:208} INFO - Processing /home/airflow/.local/lib/python3.12/site-packages/airflow/example_dags/example_inlet_event_extra.py took 0.376 seconds
[2024-10-12T20:40:37.567+0000] {processor.py:186} INFO - Started process (PID=696) to work on /home/airflow/.local/lib/python3.12/site-packages/airflow/example_dags/example_inlet_event_extra.py
[2024-10-12T20:40:37.569+0000] {processor.py:914} INFO - Processing file /home/airflow/.local/lib/python3.12/site-packages/airflow/example_dags/example_inlet_event_extra.py for tasks to queue
[2024-10-12T20:40:37.577+0000] {logging_mixin.py:190} INFO - [2024-10-12T20:40:37.575+0000] {dagbag.py:588} INFO - Filling up the DagBag from /home/airflow/.local/lib/python3.12/site-packages/airflow/example_dags/example_inlet_event_extra.py
[2024-10-12T20:40:37.827+0000] {processor.py:925} INFO - DAG(s) 'read_dataset_event', 'read_dataset_event_from_classic' retrieved from /home/airflow/.local/lib/python3.12/site-packages/airflow/example_dags/example_inlet_event_extra.py
[2024-10-12T20:40:37.856+0000] {logging_mixin.py:190} INFO - [2024-10-12T20:40:37.856+0000] {dag.py:3239} INFO - Sync 2 DAGs
[2024-10-12T20:40:37.892+0000] {logging_mixin.py:190} INFO - [2024-10-12T20:40:37.891+0000] {dag.py:4180} INFO - Setting next_dagrun for read_dataset_event to 2024-10-11 00:00:00+00:00, run_after=2024-10-12 00:00:00+00:00
[2024-10-12T20:40:37.899+0000] {logging_mixin.py:190} INFO - [2024-10-12T20:40:37.899+0000] {dag.py:4180} INFO - Setting next_dagrun for read_dataset_event_from_classic to 2024-10-11 00:00:00+00:00, run_after=2024-10-12 00:00:00+00:00
[2024-10-12T20:40:37.928+0000] {processor.py:208} INFO - Processing /home/airflow/.local/lib/python3.12/site-packages/airflow/example_dags/example_inlet_event_extra.py took 0.378 seconds
[2024-10-12T20:41:08.787+0000] {processor.py:186} INFO - Started process (PID=758) to work on /home/airflow/.local/lib/python3.12/site-packages/airflow/example_dags/example_inlet_event_extra.py
[2024-10-12T20:41:08.789+0000] {processor.py:914} INFO - Processing file /home/airflow/.local/lib/python3.12/site-packages/airflow/example_dags/example_inlet_event_extra.py for tasks to queue
[2024-10-12T20:41:08.792+0000] {logging_mixin.py:190} INFO - [2024-10-12T20:41:08.792+0000] {dagbag.py:588} INFO - Filling up the DagBag from /home/airflow/.local/lib/python3.12/site-packages/airflow/example_dags/example_inlet_event_extra.py
[2024-10-12T20:41:09.038+0000] {processor.py:925} INFO - DAG(s) 'read_dataset_event_from_classic', 'read_dataset_event' retrieved from /home/airflow/.local/lib/python3.12/site-packages/airflow/example_dags/example_inlet_event_extra.py
[2024-10-12T20:41:09.073+0000] {logging_mixin.py:190} INFO - [2024-10-12T20:41:09.073+0000] {dag.py:3239} INFO - Sync 2 DAGs
[2024-10-12T20:41:09.117+0000] {logging_mixin.py:190} INFO - [2024-10-12T20:41:09.116+0000] {dag.py:4180} INFO - Setting next_dagrun for read_dataset_event to 2024-10-11 00:00:00+00:00, run_after=2024-10-12 00:00:00+00:00
[2024-10-12T20:41:09.140+0000] {logging_mixin.py:190} INFO - [2024-10-12T20:41:09.140+0000] {dag.py:4180} INFO - Setting next_dagrun for read_dataset_event_from_classic to 2024-10-11 00:00:00+00:00, run_after=2024-10-12 00:00:00+00:00
[2024-10-12T20:41:09.174+0000] {processor.py:208} INFO - Processing /home/airflow/.local/lib/python3.12/site-packages/airflow/example_dags/example_inlet_event_extra.py took 0.398 seconds
[2024-10-12T20:41:39.637+0000] {processor.py:186} INFO - Started process (PID=820) to work on /home/airflow/.local/lib/python3.12/site-packages/airflow/example_dags/example_inlet_event_extra.py
[2024-10-12T20:41:39.641+0000] {processor.py:914} INFO - Processing file /home/airflow/.local/lib/python3.12/site-packages/airflow/example_dags/example_inlet_event_extra.py for tasks to queue
[2024-10-12T20:41:39.647+0000] {logging_mixin.py:190} INFO - [2024-10-12T20:41:39.646+0000] {dagbag.py:588} INFO - Filling up the DagBag from /home/airflow/.local/lib/python3.12/site-packages/airflow/example_dags/example_inlet_event_extra.py
[2024-10-12T20:41:40.003+0000] {processor.py:925} INFO - DAG(s) 'read_dataset_event', 'read_dataset_event_from_classic' retrieved from /home/airflow/.local/lib/python3.12/site-packages/airflow/example_dags/example_inlet_event_extra.py
[2024-10-12T20:41:40.053+0000] {logging_mixin.py:190} INFO - [2024-10-12T20:41:40.052+0000] {dag.py:3239} INFO - Sync 2 DAGs
[2024-10-12T20:41:40.107+0000] {logging_mixin.py:190} INFO - [2024-10-12T20:41:40.107+0000] {dag.py:4180} INFO - Setting next_dagrun for read_dataset_event to 2024-10-11 00:00:00+00:00, run_after=2024-10-12 00:00:00+00:00
[2024-10-12T20:41:40.121+0000] {logging_mixin.py:190} INFO - [2024-10-12T20:41:40.121+0000] {dag.py:4180} INFO - Setting next_dagrun for read_dataset_event_from_classic to 2024-10-11 00:00:00+00:00, run_after=2024-10-12 00:00:00+00:00
[2024-10-12T20:41:40.172+0000] {processor.py:208} INFO - Processing /home/airflow/.local/lib/python3.12/site-packages/airflow/example_dags/example_inlet_event_extra.py took 0.553 seconds
[2024-10-12T20:42:10.496+0000] {processor.py:186} INFO - Started process (PID=882) to work on /home/airflow/.local/lib/python3.12/site-packages/airflow/example_dags/example_inlet_event_extra.py
[2024-10-12T20:42:10.498+0000] {processor.py:914} INFO - Processing file /home/airflow/.local/lib/python3.12/site-packages/airflow/example_dags/example_inlet_event_extra.py for tasks to queue
[2024-10-12T20:42:10.501+0000] {logging_mixin.py:190} INFO - [2024-10-12T20:42:10.501+0000] {dagbag.py:588} INFO - Filling up the DagBag from /home/airflow/.local/lib/python3.12/site-packages/airflow/example_dags/example_inlet_event_extra.py
[2024-10-12T20:42:10.709+0000] {processor.py:925} INFO - DAG(s) 'read_dataset_event_from_classic', 'read_dataset_event' retrieved from /home/airflow/.local/lib/python3.12/site-packages/airflow/example_dags/example_inlet_event_extra.py
[2024-10-12T20:42:10.746+0000] {logging_mixin.py:190} INFO - [2024-10-12T20:42:10.745+0000] {dag.py:3239} INFO - Sync 2 DAGs
[2024-10-12T20:42:10.794+0000] {logging_mixin.py:190} INFO - [2024-10-12T20:42:10.794+0000] {dag.py:4180} INFO - Setting next_dagrun for read_dataset_event to 2024-10-11 00:00:00+00:00, run_after=2024-10-12 00:00:00+00:00
[2024-10-12T20:42:10.804+0000] {logging_mixin.py:190} INFO - [2024-10-12T20:42:10.803+0000] {dag.py:4180} INFO - Setting next_dagrun for read_dataset_event_from_classic to 2024-10-11 00:00:00+00:00, run_after=2024-10-12 00:00:00+00:00
[2024-10-12T20:42:10.829+0000] {processor.py:208} INFO - Processing /home/airflow/.local/lib/python3.12/site-packages/airflow/example_dags/example_inlet_event_extra.py took 0.342 seconds
[2024-10-12T20:42:41.436+0000] {processor.py:186} INFO - Started process (PID=944) to work on /home/airflow/.local/lib/python3.12/site-packages/airflow/example_dags/example_inlet_event_extra.py
[2024-10-12T20:42:41.438+0000] {processor.py:914} INFO - Processing file /home/airflow/.local/lib/python3.12/site-packages/airflow/example_dags/example_inlet_event_extra.py for tasks to queue
[2024-10-12T20:42:41.441+0000] {logging_mixin.py:190} INFO - [2024-10-12T20:42:41.441+0000] {dagbag.py:588} INFO - Filling up the DagBag from /home/airflow/.local/lib/python3.12/site-packages/airflow/example_dags/example_inlet_event_extra.py
[2024-10-12T20:42:41.671+0000] {processor.py:925} INFO - DAG(s) 'read_dataset_event_from_classic', 'read_dataset_event' retrieved from /home/airflow/.local/lib/python3.12/site-packages/airflow/example_dags/example_inlet_event_extra.py
[2024-10-12T20:42:41.713+0000] {logging_mixin.py:190} INFO - [2024-10-12T20:42:41.712+0000] {dag.py:3239} INFO - Sync 2 DAGs
[2024-10-12T20:42:41.754+0000] {logging_mixin.py:190} INFO - [2024-10-12T20:42:41.753+0000] {dag.py:4180} INFO - Setting next_dagrun for read_dataset_event to 2024-10-11 00:00:00+00:00, run_after=2024-10-12 00:00:00+00:00
[2024-10-12T20:42:41.761+0000] {logging_mixin.py:190} INFO - [2024-10-12T20:42:41.761+0000] {dag.py:4180} INFO - Setting next_dagrun for read_dataset_event_from_classic to 2024-10-11 00:00:00+00:00, run_after=2024-10-12 00:00:00+00:00
[2024-10-12T20:42:41.784+0000] {processor.py:208} INFO - Processing /home/airflow/.local/lib/python3.12/site-packages/airflow/example_dags/example_inlet_event_extra.py took 0.359 seconds
[2024-10-12T20:43:11.876+0000] {processor.py:186} INFO - Started process (PID=1006) to work on /home/airflow/.local/lib/python3.12/site-packages/airflow/example_dags/example_inlet_event_extra.py
[2024-10-12T20:43:11.878+0000] {processor.py:914} INFO - Processing file /home/airflow/.local/lib/python3.12/site-packages/airflow/example_dags/example_inlet_event_extra.py for tasks to queue
[2024-10-12T20:43:11.882+0000] {logging_mixin.py:190} INFO - [2024-10-12T20:43:11.882+0000] {dagbag.py:588} INFO - Filling up the DagBag from /home/airflow/.local/lib/python3.12/site-packages/airflow/example_dags/example_inlet_event_extra.py
[2024-10-12T20:43:12.086+0000] {processor.py:925} INFO - DAG(s) 'read_dataset_event', 'read_dataset_event_from_classic' retrieved from /home/airflow/.local/lib/python3.12/site-packages/airflow/example_dags/example_inlet_event_extra.py
[2024-10-12T20:43:12.115+0000] {logging_mixin.py:190} INFO - [2024-10-12T20:43:12.115+0000] {dag.py:3239} INFO - Sync 2 DAGs
[2024-10-12T20:43:12.149+0000] {logging_mixin.py:190} INFO - [2024-10-12T20:43:12.149+0000] {dag.py:4180} INFO - Setting next_dagrun for read_dataset_event to 2024-10-11 00:00:00+00:00, run_after=2024-10-12 00:00:00+00:00
[2024-10-12T20:43:12.158+0000] {logging_mixin.py:190} INFO - [2024-10-12T20:43:12.157+0000] {dag.py:4180} INFO - Setting next_dagrun for read_dataset_event_from_classic to 2024-10-11 00:00:00+00:00, run_after=2024-10-12 00:00:00+00:00
[2024-10-12T20:43:12.220+0000] {processor.py:208} INFO - Processing /home/airflow/.local/lib/python3.12/site-packages/airflow/example_dags/example_inlet_event_extra.py took 0.355 seconds
[2024-10-12T20:43:42.464+0000] {processor.py:186} INFO - Started process (PID=1067) to work on /home/airflow/.local/lib/python3.12/site-packages/airflow/example_dags/example_inlet_event_extra.py
[2024-10-12T20:43:42.466+0000] {processor.py:914} INFO - Processing file /home/airflow/.local/lib/python3.12/site-packages/airflow/example_dags/example_inlet_event_extra.py for tasks to queue
[2024-10-12T20:43:42.470+0000] {logging_mixin.py:190} INFO - [2024-10-12T20:43:42.470+0000] {dagbag.py:588} INFO - Filling up the DagBag from /home/airflow/.local/lib/python3.12/site-packages/airflow/example_dags/example_inlet_event_extra.py
[2024-10-12T20:43:42.679+0000] {processor.py:925} INFO - DAG(s) 'read_dataset_event_from_classic', 'read_dataset_event' retrieved from /home/airflow/.local/lib/python3.12/site-packages/airflow/example_dags/example_inlet_event_extra.py
[2024-10-12T20:43:42.713+0000] {logging_mixin.py:190} INFO - [2024-10-12T20:43:42.713+0000] {dag.py:3239} INFO - Sync 2 DAGs
[2024-10-12T20:43:42.752+0000] {logging_mixin.py:190} INFO - [2024-10-12T20:43:42.752+0000] {dag.py:4180} INFO - Setting next_dagrun for read_dataset_event to 2024-10-11 00:00:00+00:00, run_after=2024-10-12 00:00:00+00:00
[2024-10-12T20:43:42.759+0000] {logging_mixin.py:190} INFO - [2024-10-12T20:43:42.759+0000] {dag.py:4180} INFO - Setting next_dagrun for read_dataset_event_from_classic to 2024-10-11 00:00:00+00:00, run_after=2024-10-12 00:00:00+00:00
[2024-10-12T20:43:42.785+0000] {processor.py:208} INFO - Processing /home/airflow/.local/lib/python3.12/site-packages/airflow/example_dags/example_inlet_event_extra.py took 0.331 seconds
[2024-10-12T20:44:13.054+0000] {processor.py:186} INFO - Started process (PID=1129) to work on /home/airflow/.local/lib/python3.12/site-packages/airflow/example_dags/example_inlet_event_extra.py
[2024-10-12T20:44:13.057+0000] {processor.py:914} INFO - Processing file /home/airflow/.local/lib/python3.12/site-packages/airflow/example_dags/example_inlet_event_extra.py for tasks to queue
[2024-10-12T20:44:13.064+0000] {logging_mixin.py:190} INFO - [2024-10-12T20:44:13.063+0000] {dagbag.py:588} INFO - Filling up the DagBag from /home/airflow/.local/lib/python3.12/site-packages/airflow/example_dags/example_inlet_event_extra.py
[2024-10-12T20:44:13.346+0000] {processor.py:925} INFO - DAG(s) 'read_dataset_event_from_classic', 'read_dataset_event' retrieved from /home/airflow/.local/lib/python3.12/site-packages/airflow/example_dags/example_inlet_event_extra.py
[2024-10-12T20:44:13.388+0000] {logging_mixin.py:190} INFO - [2024-10-12T20:44:13.388+0000] {dag.py:3239} INFO - Sync 2 DAGs
[2024-10-12T20:44:13.422+0000] {logging_mixin.py:190} INFO - [2024-10-12T20:44:13.422+0000] {dag.py:4180} INFO - Setting next_dagrun for read_dataset_event to 2024-10-11 00:00:00+00:00, run_after=2024-10-12 00:00:00+00:00
[2024-10-12T20:44:13.430+0000] {logging_mixin.py:190} INFO - [2024-10-12T20:44:13.430+0000] {dag.py:4180} INFO - Setting next_dagrun for read_dataset_event_from_classic to 2024-10-11 00:00:00+00:00, run_after=2024-10-12 00:00:00+00:00
[2024-10-12T20:44:13.470+0000] {processor.py:208} INFO - Processing /home/airflow/.local/lib/python3.12/site-packages/airflow/example_dags/example_inlet_event_extra.py took 0.432 seconds
[2024-10-12T20:44:43.726+0000] {processor.py:186} INFO - Started process (PID=1191) to work on /home/airflow/.local/lib/python3.12/site-packages/airflow/example_dags/example_inlet_event_extra.py
[2024-10-12T20:44:43.728+0000] {processor.py:914} INFO - Processing file /home/airflow/.local/lib/python3.12/site-packages/airflow/example_dags/example_inlet_event_extra.py for tasks to queue
[2024-10-12T20:44:43.733+0000] {logging_mixin.py:190} INFO - [2024-10-12T20:44:43.732+0000] {dagbag.py:588} INFO - Filling up the DagBag from /home/airflow/.local/lib/python3.12/site-packages/airflow/example_dags/example_inlet_event_extra.py
[2024-10-12T20:44:43.977+0000] {processor.py:925} INFO - DAG(s) 'read_dataset_event', 'read_dataset_event_from_classic' retrieved from /home/airflow/.local/lib/python3.12/site-packages/airflow/example_dags/example_inlet_event_extra.py
[2024-10-12T20:44:44.019+0000] {logging_mixin.py:190} INFO - [2024-10-12T20:44:44.019+0000] {dag.py:3239} INFO - Sync 2 DAGs
[2024-10-12T20:44:44.067+0000] {logging_mixin.py:190} INFO - [2024-10-12T20:44:44.066+0000] {dag.py:4180} INFO - Setting next_dagrun for read_dataset_event to 2024-10-11 00:00:00+00:00, run_after=2024-10-12 00:00:00+00:00
[2024-10-12T20:44:44.079+0000] {logging_mixin.py:190} INFO - [2024-10-12T20:44:44.079+0000] {dag.py:4180} INFO - Setting next_dagrun for read_dataset_event_from_classic to 2024-10-11 00:00:00+00:00, run_after=2024-10-12 00:00:00+00:00
[2024-10-12T20:44:44.114+0000] {processor.py:208} INFO - Processing /home/airflow/.local/lib/python3.12/site-packages/airflow/example_dags/example_inlet_event_extra.py took 0.400 seconds
[2024-10-12T20:45:14.196+0000] {processor.py:186} INFO - Started process (PID=1252) to work on /home/airflow/.local/lib/python3.12/site-packages/airflow/example_dags/example_inlet_event_extra.py
[2024-10-12T20:45:14.198+0000] {processor.py:914} INFO - Processing file /home/airflow/.local/lib/python3.12/site-packages/airflow/example_dags/example_inlet_event_extra.py for tasks to queue
[2024-10-12T20:45:14.202+0000] {logging_mixin.py:190} INFO - [2024-10-12T20:45:14.201+0000] {dagbag.py:588} INFO - Filling up the DagBag from /home/airflow/.local/lib/python3.12/site-packages/airflow/example_dags/example_inlet_event_extra.py
[2024-10-12T20:45:14.393+0000] {processor.py:925} INFO - DAG(s) 'read_dataset_event', 'read_dataset_event_from_classic' retrieved from /home/airflow/.local/lib/python3.12/site-packages/airflow/example_dags/example_inlet_event_extra.py
[2024-10-12T20:45:14.424+0000] {logging_mixin.py:190} INFO - [2024-10-12T20:45:14.424+0000] {dag.py:3239} INFO - Sync 2 DAGs
[2024-10-12T20:45:14.463+0000] {logging_mixin.py:190} INFO - [2024-10-12T20:45:14.463+0000] {dag.py:4180} INFO - Setting next_dagrun for read_dataset_event to 2024-10-11 00:00:00+00:00, run_after=2024-10-12 00:00:00+00:00
[2024-10-12T20:45:14.470+0000] {logging_mixin.py:190} INFO - [2024-10-12T20:45:14.470+0000] {dag.py:4180} INFO - Setting next_dagrun for read_dataset_event_from_classic to 2024-10-11 00:00:00+00:00, run_after=2024-10-12 00:00:00+00:00
[2024-10-12T20:45:14.498+0000] {processor.py:208} INFO - Processing /home/airflow/.local/lib/python3.12/site-packages/airflow/example_dags/example_inlet_event_extra.py took 0.311 seconds
[2024-10-12T20:45:44.771+0000] {processor.py:186} INFO - Started process (PID=1314) to work on /home/airflow/.local/lib/python3.12/site-packages/airflow/example_dags/example_inlet_event_extra.py
[2024-10-12T20:45:44.774+0000] {processor.py:914} INFO - Processing file /home/airflow/.local/lib/python3.12/site-packages/airflow/example_dags/example_inlet_event_extra.py for tasks to queue
[2024-10-12T20:45:44.778+0000] {logging_mixin.py:190} INFO - [2024-10-12T20:45:44.777+0000] {dagbag.py:588} INFO - Filling up the DagBag from /home/airflow/.local/lib/python3.12/site-packages/airflow/example_dags/example_inlet_event_extra.py
[2024-10-12T20:45:45.028+0000] {processor.py:925} INFO - DAG(s) 'read_dataset_event', 'read_dataset_event_from_classic' retrieved from /home/airflow/.local/lib/python3.12/site-packages/airflow/example_dags/example_inlet_event_extra.py
[2024-10-12T20:45:45.084+0000] {logging_mixin.py:190} INFO - [2024-10-12T20:45:45.083+0000] {dag.py:3239} INFO - Sync 2 DAGs
[2024-10-12T20:45:45.127+0000] {logging_mixin.py:190} INFO - [2024-10-12T20:45:45.126+0000] {dag.py:4180} INFO - Setting next_dagrun for read_dataset_event to 2024-10-11 00:00:00+00:00, run_after=2024-10-12 00:00:00+00:00
[2024-10-12T20:45:45.136+0000] {logging_mixin.py:190} INFO - [2024-10-12T20:45:45.136+0000] {dag.py:4180} INFO - Setting next_dagrun for read_dataset_event_from_classic to 2024-10-11 00:00:00+00:00, run_after=2024-10-12 00:00:00+00:00
[2024-10-12T20:45:45.169+0000] {processor.py:208} INFO - Processing /home/airflow/.local/lib/python3.12/site-packages/airflow/example_dags/example_inlet_event_extra.py took 0.408 seconds
[2024-10-12T20:46:15.365+0000] {processor.py:186} INFO - Started process (PID=1376) to work on /home/airflow/.local/lib/python3.12/site-packages/airflow/example_dags/example_inlet_event_extra.py
[2024-10-12T20:46:15.368+0000] {processor.py:914} INFO - Processing file /home/airflow/.local/lib/python3.12/site-packages/airflow/example_dags/example_inlet_event_extra.py for tasks to queue
[2024-10-12T20:46:15.375+0000] {logging_mixin.py:190} INFO - [2024-10-12T20:46:15.374+0000] {dagbag.py:588} INFO - Filling up the DagBag from /home/airflow/.local/lib/python3.12/site-packages/airflow/example_dags/example_inlet_event_extra.py
[2024-10-12T20:46:15.643+0000] {processor.py:925} INFO - DAG(s) 'read_dataset_event_from_classic', 'read_dataset_event' retrieved from /home/airflow/.local/lib/python3.12/site-packages/airflow/example_dags/example_inlet_event_extra.py
[2024-10-12T20:46:15.683+0000] {logging_mixin.py:190} INFO - [2024-10-12T20:46:15.683+0000] {dag.py:3239} INFO - Sync 2 DAGs
[2024-10-12T20:46:15.731+0000] {logging_mixin.py:190} INFO - [2024-10-12T20:46:15.730+0000] {dag.py:4180} INFO - Setting next_dagrun for read_dataset_event to 2024-10-11 00:00:00+00:00, run_after=2024-10-12 00:00:00+00:00
[2024-10-12T20:46:15.738+0000] {logging_mixin.py:190} INFO - [2024-10-12T20:46:15.738+0000] {dag.py:4180} INFO - Setting next_dagrun for read_dataset_event_from_classic to 2024-10-11 00:00:00+00:00, run_after=2024-10-12 00:00:00+00:00
[2024-10-12T20:46:15.765+0000] {processor.py:208} INFO - Processing /home/airflow/.local/lib/python3.12/site-packages/airflow/example_dags/example_inlet_event_extra.py took 0.417 seconds
[2024-10-12T20:46:45.937+0000] {processor.py:186} INFO - Started process (PID=1439) to work on /home/airflow/.local/lib/python3.12/site-packages/airflow/example_dags/example_inlet_event_extra.py
[2024-10-12T20:46:45.938+0000] {processor.py:914} INFO - Processing file /home/airflow/.local/lib/python3.12/site-packages/airflow/example_dags/example_inlet_event_extra.py for tasks to queue
[2024-10-12T20:46:45.942+0000] {logging_mixin.py:190} INFO - [2024-10-12T20:46:45.942+0000] {dagbag.py:588} INFO - Filling up the DagBag from /home/airflow/.local/lib/python3.12/site-packages/airflow/example_dags/example_inlet_event_extra.py
[2024-10-12T20:46:46.154+0000] {processor.py:925} INFO - DAG(s) 'read_dataset_event', 'read_dataset_event_from_classic' retrieved from /home/airflow/.local/lib/python3.12/site-packages/airflow/example_dags/example_inlet_event_extra.py
[2024-10-12T20:46:46.192+0000] {logging_mixin.py:190} INFO - [2024-10-12T20:46:46.192+0000] {dag.py:3239} INFO - Sync 2 DAGs
[2024-10-12T20:46:46.235+0000] {logging_mixin.py:190} INFO - [2024-10-12T20:46:46.234+0000] {dag.py:4180} INFO - Setting next_dagrun for read_dataset_event to 2024-10-11 00:00:00+00:00, run_after=2024-10-12 00:00:00+00:00
[2024-10-12T20:46:46.243+0000] {logging_mixin.py:190} INFO - [2024-10-12T20:46:46.242+0000] {dag.py:4180} INFO - Setting next_dagrun for read_dataset_event_from_classic to 2024-10-11 00:00:00+00:00, run_after=2024-10-12 00:00:00+00:00
[2024-10-12T20:46:46.271+0000] {processor.py:208} INFO - Processing /home/airflow/.local/lib/python3.12/site-packages/airflow/example_dags/example_inlet_event_extra.py took 0.345 seconds
[2024-10-12T20:47:16.792+0000] {processor.py:186} INFO - Started process (PID=1500) to work on /home/airflow/.local/lib/python3.12/site-packages/airflow/example_dags/example_inlet_event_extra.py
[2024-10-12T20:47:16.794+0000] {processor.py:914} INFO - Processing file /home/airflow/.local/lib/python3.12/site-packages/airflow/example_dags/example_inlet_event_extra.py for tasks to queue
[2024-10-12T20:47:16.797+0000] {logging_mixin.py:190} INFO - [2024-10-12T20:47:16.797+0000] {dagbag.py:588} INFO - Filling up the DagBag from /home/airflow/.local/lib/python3.12/site-packages/airflow/example_dags/example_inlet_event_extra.py
[2024-10-12T20:47:17.040+0000] {processor.py:925} INFO - DAG(s) 'read_dataset_event', 'read_dataset_event_from_classic' retrieved from /home/airflow/.local/lib/python3.12/site-packages/airflow/example_dags/example_inlet_event_extra.py
[2024-10-12T20:47:17.071+0000] {logging_mixin.py:190} INFO - [2024-10-12T20:47:17.071+0000] {dag.py:3239} INFO - Sync 2 DAGs
[2024-10-12T20:47:17.109+0000] {logging_mixin.py:190} INFO - [2024-10-12T20:47:17.109+0000] {dag.py:4180} INFO - Setting next_dagrun for read_dataset_event to 2024-10-11 00:00:00+00:00, run_after=2024-10-12 00:00:00+00:00
[2024-10-12T20:47:17.438+0000] {logging_mixin.py:190} INFO - [2024-10-12T20:47:17.438+0000] {dag.py:4180} INFO - Setting next_dagrun for read_dataset_event_from_classic to 2024-10-11 00:00:00+00:00, run_after=2024-10-12 00:00:00+00:00
[2024-10-12T20:47:17.472+0000] {processor.py:208} INFO - Processing /home/airflow/.local/lib/python3.12/site-packages/airflow/example_dags/example_inlet_event_extra.py took 0.691 seconds
[2024-10-12T20:47:47.656+0000] {processor.py:186} INFO - Started process (PID=1565) to work on /home/airflow/.local/lib/python3.12/site-packages/airflow/example_dags/example_inlet_event_extra.py
[2024-10-12T20:47:47.658+0000] {processor.py:914} INFO - Processing file /home/airflow/.local/lib/python3.12/site-packages/airflow/example_dags/example_inlet_event_extra.py for tasks to queue
[2024-10-12T20:47:47.663+0000] {logging_mixin.py:190} INFO - [2024-10-12T20:47:47.662+0000] {dagbag.py:588} INFO - Filling up the DagBag from /home/airflow/.local/lib/python3.12/site-packages/airflow/example_dags/example_inlet_event_extra.py
[2024-10-12T20:47:48.023+0000] {processor.py:925} INFO - DAG(s) 'read_dataset_event', 'read_dataset_event_from_classic' retrieved from /home/airflow/.local/lib/python3.12/site-packages/airflow/example_dags/example_inlet_event_extra.py
[2024-10-12T20:47:48.064+0000] {logging_mixin.py:190} INFO - [2024-10-12T20:47:48.064+0000] {dag.py:3239} INFO - Sync 2 DAGs
[2024-10-12T20:47:48.104+0000] {logging_mixin.py:190} INFO - [2024-10-12T20:47:48.104+0000] {dag.py:4180} INFO - Setting next_dagrun for read_dataset_event to 2024-10-11 00:00:00+00:00, run_after=2024-10-12 00:00:00+00:00
[2024-10-12T20:47:48.113+0000] {logging_mixin.py:190} INFO - [2024-10-12T20:47:48.113+0000] {dag.py:4180} INFO - Setting next_dagrun for read_dataset_event_from_classic to 2024-10-11 00:00:00+00:00, run_after=2024-10-12 00:00:00+00:00
[2024-10-12T20:47:48.439+0000] {processor.py:208} INFO - Processing /home/airflow/.local/lib/python3.12/site-packages/airflow/example_dags/example_inlet_event_extra.py took 0.797 seconds
[2024-10-12T20:48:18.573+0000] {processor.py:186} INFO - Started process (PID=1631) to work on /home/airflow/.local/lib/python3.12/site-packages/airflow/example_dags/example_inlet_event_extra.py
[2024-10-12T20:48:18.575+0000] {processor.py:914} INFO - Processing file /home/airflow/.local/lib/python3.12/site-packages/airflow/example_dags/example_inlet_event_extra.py for tasks to queue
[2024-10-12T20:48:18.578+0000] {logging_mixin.py:190} INFO - [2024-10-12T20:48:18.578+0000] {dagbag.py:588} INFO - Filling up the DagBag from /home/airflow/.local/lib/python3.12/site-packages/airflow/example_dags/example_inlet_event_extra.py
[2024-10-12T20:48:18.860+0000] {processor.py:925} INFO - DAG(s) 'read_dataset_event_from_classic', 'read_dataset_event' retrieved from /home/airflow/.local/lib/python3.12/site-packages/airflow/example_dags/example_inlet_event_extra.py
[2024-10-12T20:48:18.909+0000] {logging_mixin.py:190} INFO - [2024-10-12T20:48:18.909+0000] {dag.py:3239} INFO - Sync 2 DAGs
[2024-10-12T20:48:18.956+0000] {logging_mixin.py:190} INFO - [2024-10-12T20:48:18.956+0000] {dag.py:4180} INFO - Setting next_dagrun for read_dataset_event to 2024-10-11 00:00:00+00:00, run_after=2024-10-12 00:00:00+00:00
[2024-10-12T20:48:18.964+0000] {logging_mixin.py:190} INFO - [2024-10-12T20:48:18.963+0000] {dag.py:4180} INFO - Setting next_dagrun for read_dataset_event_from_classic to 2024-10-11 00:00:00+00:00, run_after=2024-10-12 00:00:00+00:00
[2024-10-12T20:48:18.990+0000] {processor.py:208} INFO - Processing /home/airflow/.local/lib/python3.12/site-packages/airflow/example_dags/example_inlet_event_extra.py took 0.426 seconds
[2024-10-12T20:48:49.208+0000] {processor.py:186} INFO - Started process (PID=1693) to work on /home/airflow/.local/lib/python3.12/site-packages/airflow/example_dags/example_inlet_event_extra.py
[2024-10-12T20:48:49.210+0000] {processor.py:914} INFO - Processing file /home/airflow/.local/lib/python3.12/site-packages/airflow/example_dags/example_inlet_event_extra.py for tasks to queue
[2024-10-12T20:48:49.213+0000] {logging_mixin.py:190} INFO - [2024-10-12T20:48:49.213+0000] {dagbag.py:588} INFO - Filling up the DagBag from /home/airflow/.local/lib/python3.12/site-packages/airflow/example_dags/example_inlet_event_extra.py
[2024-10-12T20:48:49.421+0000] {processor.py:925} INFO - DAG(s) 'read_dataset_event_from_classic', 'read_dataset_event' retrieved from /home/airflow/.local/lib/python3.12/site-packages/airflow/example_dags/example_inlet_event_extra.py
[2024-10-12T20:48:49.451+0000] {logging_mixin.py:190} INFO - [2024-10-12T20:48:49.451+0000] {dag.py:3239} INFO - Sync 2 DAGs
[2024-10-12T20:48:49.486+0000] {logging_mixin.py:190} INFO - [2024-10-12T20:48:49.485+0000] {dag.py:4180} INFO - Setting next_dagrun for read_dataset_event to 2024-10-11 00:00:00+00:00, run_after=2024-10-12 00:00:00+00:00
[2024-10-12T20:48:49.492+0000] {logging_mixin.py:190} INFO - [2024-10-12T20:48:49.492+0000] {dag.py:4180} INFO - Setting next_dagrun for read_dataset_event_from_classic to 2024-10-11 00:00:00+00:00, run_after=2024-10-12 00:00:00+00:00
[2024-10-12T20:48:49.521+0000] {processor.py:208} INFO - Processing /home/airflow/.local/lib/python3.12/site-packages/airflow/example_dags/example_inlet_event_extra.py took 0.321 seconds
[2024-10-12T20:49:20.136+0000] {processor.py:186} INFO - Started process (PID=1755) to work on /home/airflow/.local/lib/python3.12/site-packages/airflow/example_dags/example_inlet_event_extra.py
[2024-10-12T20:49:20.140+0000] {processor.py:914} INFO - Processing file /home/airflow/.local/lib/python3.12/site-packages/airflow/example_dags/example_inlet_event_extra.py for tasks to queue
[2024-10-12T20:49:20.154+0000] {logging_mixin.py:190} INFO - [2024-10-12T20:49:20.151+0000] {dagbag.py:588} INFO - Filling up the DagBag from /home/airflow/.local/lib/python3.12/site-packages/airflow/example_dags/example_inlet_event_extra.py
[2024-10-12T20:49:20.503+0000] {processor.py:925} INFO - DAG(s) 'read_dataset_event_from_classic', 'read_dataset_event' retrieved from /home/airflow/.local/lib/python3.12/site-packages/airflow/example_dags/example_inlet_event_extra.py
[2024-10-12T20:49:20.546+0000] {logging_mixin.py:190} INFO - [2024-10-12T20:49:20.545+0000] {dag.py:3239} INFO - Sync 2 DAGs
[2024-10-12T20:49:20.596+0000] {logging_mixin.py:190} INFO - [2024-10-12T20:49:20.595+0000] {dag.py:4180} INFO - Setting next_dagrun for read_dataset_event to 2024-10-11 00:00:00+00:00, run_after=2024-10-12 00:00:00+00:00
[2024-10-12T20:49:20.609+0000] {logging_mixin.py:190} INFO - [2024-10-12T20:49:20.608+0000] {dag.py:4180} INFO - Setting next_dagrun for read_dataset_event_from_classic to 2024-10-11 00:00:00+00:00, run_after=2024-10-12 00:00:00+00:00
[2024-10-12T20:49:20.647+0000] {processor.py:208} INFO - Processing /home/airflow/.local/lib/python3.12/site-packages/airflow/example_dags/example_inlet_event_extra.py took 0.530 seconds
[2024-10-12T20:49:50.837+0000] {processor.py:186} INFO - Started process (PID=1816) to work on /home/airflow/.local/lib/python3.12/site-packages/airflow/example_dags/example_inlet_event_extra.py
[2024-10-12T20:49:50.839+0000] {processor.py:914} INFO - Processing file /home/airflow/.local/lib/python3.12/site-packages/airflow/example_dags/example_inlet_event_extra.py for tasks to queue
[2024-10-12T20:49:50.842+0000] {logging_mixin.py:190} INFO - [2024-10-12T20:49:50.842+0000] {dagbag.py:588} INFO - Filling up the DagBag from /home/airflow/.local/lib/python3.12/site-packages/airflow/example_dags/example_inlet_event_extra.py
[2024-10-12T20:49:51.072+0000] {processor.py:925} INFO - DAG(s) 'read_dataset_event_from_classic', 'read_dataset_event' retrieved from /home/airflow/.local/lib/python3.12/site-packages/airflow/example_dags/example_inlet_event_extra.py
[2024-10-12T20:49:51.109+0000] {logging_mixin.py:190} INFO - [2024-10-12T20:49:51.109+0000] {dag.py:3239} INFO - Sync 2 DAGs
[2024-10-12T20:49:51.144+0000] {logging_mixin.py:190} INFO - [2024-10-12T20:49:51.144+0000] {dag.py:4180} INFO - Setting next_dagrun for read_dataset_event to 2024-10-11 00:00:00+00:00, run_after=2024-10-12 00:00:00+00:00
[2024-10-12T20:49:51.152+0000] {logging_mixin.py:190} INFO - [2024-10-12T20:49:51.152+0000] {dag.py:4180} INFO - Setting next_dagrun for read_dataset_event_from_classic to 2024-10-11 00:00:00+00:00, run_after=2024-10-12 00:00:00+00:00
[2024-10-12T20:49:51.186+0000] {processor.py:208} INFO - Processing /home/airflow/.local/lib/python3.12/site-packages/airflow/example_dags/example_inlet_event_extra.py took 0.358 seconds
[2024-10-12T20:50:21.399+0000] {processor.py:186} INFO - Started process (PID=1879) to work on /home/airflow/.local/lib/python3.12/site-packages/airflow/example_dags/example_inlet_event_extra.py
[2024-10-12T20:50:21.400+0000] {processor.py:914} INFO - Processing file /home/airflow/.local/lib/python3.12/site-packages/airflow/example_dags/example_inlet_event_extra.py for tasks to queue
[2024-10-12T20:50:21.403+0000] {logging_mixin.py:190} INFO - [2024-10-12T20:50:21.403+0000] {dagbag.py:588} INFO - Filling up the DagBag from /home/airflow/.local/lib/python3.12/site-packages/airflow/example_dags/example_inlet_event_extra.py
[2024-10-12T20:50:21.817+0000] {processor.py:925} INFO - DAG(s) 'read_dataset_event_from_classic', 'read_dataset_event' retrieved from /home/airflow/.local/lib/python3.12/site-packages/airflow/example_dags/example_inlet_event_extra.py
[2024-10-12T20:50:21.849+0000] {logging_mixin.py:190} INFO - [2024-10-12T20:50:21.848+0000] {dag.py:3239} INFO - Sync 2 DAGs
[2024-10-12T20:50:21.888+0000] {logging_mixin.py:190} INFO - [2024-10-12T20:50:21.887+0000] {dag.py:4180} INFO - Setting next_dagrun for read_dataset_event to 2024-10-11 00:00:00+00:00, run_after=2024-10-12 00:00:00+00:00
[2024-10-12T20:50:21.898+0000] {logging_mixin.py:190} INFO - [2024-10-12T20:50:21.898+0000] {dag.py:4180} INFO - Setting next_dagrun for read_dataset_event_from_classic to 2024-10-11 00:00:00+00:00, run_after=2024-10-12 00:00:00+00:00
[2024-10-12T20:50:21.923+0000] {processor.py:208} INFO - Processing /home/airflow/.local/lib/python3.12/site-packages/airflow/example_dags/example_inlet_event_extra.py took 0.532 seconds
