[2024-10-12T20:35:34.036+0000] {processor.py:186} INFO - Started process (PID=93) to work on /home/airflow/.local/lib/python3.12/site-packages/airflow/example_dags/example_params_trigger_ui.py
[2024-10-12T20:35:34.038+0000] {processor.py:914} INFO - Processing file /home/airflow/.local/lib/python3.12/site-packages/airflow/example_dags/example_params_trigger_ui.py for tasks to queue
[2024-10-12T20:35:34.043+0000] {logging_mixin.py:190} INFO - [2024-10-12T20:35:34.042+0000] {dagbag.py:588} INFO - Filling up the DagBag from /home/airflow/.local/lib/python3.12/site-packages/airflow/example_dags/example_params_trigger_ui.py
[2024-10-12T20:35:34.063+0000] {processor.py:925} INFO - DAG(s) 'example_params_trigger_ui' retrieved from /home/airflow/.local/lib/python3.12/site-packages/airflow/example_dags/example_params_trigger_ui.py
[2024-10-12T20:35:34.272+0000] {logging_mixin.py:190} INFO - [2024-10-12T20:35:34.270+0000] {override.py:1900} INFO - Created Permission View: can delete on DAG:example_params_trigger_ui
[2024-10-12T20:35:34.287+0000] {logging_mixin.py:190} INFO - [2024-10-12T20:35:34.287+0000] {override.py:1900} INFO - Created Permission View: can edit on DAG:example_params_trigger_ui
[2024-10-12T20:35:34.302+0000] {logging_mixin.py:190} INFO - [2024-10-12T20:35:34.301+0000] {override.py:1900} INFO - Created Permission View: can read on DAG:example_params_trigger_ui
[2024-10-12T20:35:34.316+0000] {logging_mixin.py:190} INFO - [2024-10-12T20:35:34.316+0000] {override.py:1900} INFO - Created Permission View: can delete on DAG Run:example_params_trigger_ui
[2024-10-12T20:35:34.328+0000] {logging_mixin.py:190} INFO - [2024-10-12T20:35:34.328+0000] {override.py:1900} INFO - Created Permission View: can create on DAG Run:example_params_trigger_ui
[2024-10-12T20:35:34.341+0000] {logging_mixin.py:190} INFO - [2024-10-12T20:35:34.340+0000] {override.py:1900} INFO - Created Permission View: menu access on DAG Run:example_params_trigger_ui
[2024-10-12T20:35:34.352+0000] {logging_mixin.py:190} INFO - [2024-10-12T20:35:34.352+0000] {override.py:1900} INFO - Created Permission View: can read on DAG Run:example_params_trigger_ui
[2024-10-12T20:35:34.354+0000] {logging_mixin.py:190} INFO - [2024-10-12T20:35:34.353+0000] {dag.py:3239} INFO - Sync 1 DAGs
[2024-10-12T20:35:34.368+0000] {logging_mixin.py:190} INFO - [2024-10-12T20:35:34.368+0000] {dag.py:3262} INFO - Creating ORM DAG for example_params_trigger_ui
[2024-10-12T20:35:34.369+0000] {logging_mixin.py:190} INFO - [2024-10-12T20:35:34.369+0000] {dag.py:4180} INFO - Setting next_dagrun for example_params_trigger_ui to None, run_after=None
[2024-10-12T20:35:34.394+0000] {processor.py:208} INFO - Processing /home/airflow/.local/lib/python3.12/site-packages/airflow/example_dags/example_params_trigger_ui.py took 0.367 seconds
[2024-10-12T20:36:05.157+0000] {processor.py:186} INFO - Started process (PID=155) to work on /home/airflow/.local/lib/python3.12/site-packages/airflow/example_dags/example_params_trigger_ui.py
[2024-10-12T20:36:05.158+0000] {processor.py:914} INFO - Processing file /home/airflow/.local/lib/python3.12/site-packages/airflow/example_dags/example_params_trigger_ui.py for tasks to queue
[2024-10-12T20:36:05.162+0000] {logging_mixin.py:190} INFO - [2024-10-12T20:36:05.162+0000] {dagbag.py:588} INFO - Filling up the DagBag from /home/airflow/.local/lib/python3.12/site-packages/airflow/example_dags/example_params_trigger_ui.py
[2024-10-12T20:36:05.176+0000] {processor.py:925} INFO - DAG(s) 'example_params_trigger_ui' retrieved from /home/airflow/.local/lib/python3.12/site-packages/airflow/example_dags/example_params_trigger_ui.py
[2024-10-12T20:36:05.229+0000] {logging_mixin.py:190} INFO - [2024-10-12T20:36:05.229+0000] {dag.py:3239} INFO - Sync 1 DAGs
[2024-10-12T20:36:05.249+0000] {logging_mixin.py:190} INFO - [2024-10-12T20:36:05.248+0000] {dag.py:4180} INFO - Setting next_dagrun for example_params_trigger_ui to None, run_after=None
[2024-10-12T20:36:05.275+0000] {processor.py:208} INFO - Processing /home/airflow/.local/lib/python3.12/site-packages/airflow/example_dags/example_params_trigger_ui.py took 0.126 seconds
[2024-10-12T20:36:35.583+0000] {processor.py:186} INFO - Started process (PID=217) to work on /home/airflow/.local/lib/python3.12/site-packages/airflow/example_dags/example_params_trigger_ui.py
[2024-10-12T20:36:35.584+0000] {processor.py:914} INFO - Processing file /home/airflow/.local/lib/python3.12/site-packages/airflow/example_dags/example_params_trigger_ui.py for tasks to queue
[2024-10-12T20:36:35.590+0000] {logging_mixin.py:190} INFO - [2024-10-12T20:36:35.590+0000] {dagbag.py:588} INFO - Filling up the DagBag from /home/airflow/.local/lib/python3.12/site-packages/airflow/example_dags/example_params_trigger_ui.py
[2024-10-12T20:36:35.607+0000] {processor.py:925} INFO - DAG(s) 'example_params_trigger_ui' retrieved from /home/airflow/.local/lib/python3.12/site-packages/airflow/example_dags/example_params_trigger_ui.py
[2024-10-12T20:36:35.675+0000] {logging_mixin.py:190} INFO - [2024-10-12T20:36:35.675+0000] {dag.py:3239} INFO - Sync 1 DAGs
[2024-10-12T20:36:35.698+0000] {logging_mixin.py:190} INFO - [2024-10-12T20:36:35.698+0000] {dag.py:4180} INFO - Setting next_dagrun for example_params_trigger_ui to None, run_after=None
[2024-10-12T20:36:35.729+0000] {processor.py:208} INFO - Processing /home/airflow/.local/lib/python3.12/site-packages/airflow/example_dags/example_params_trigger_ui.py took 0.155 seconds
[2024-10-12T20:37:05.989+0000] {processor.py:186} INFO - Started process (PID=279) to work on /home/airflow/.local/lib/python3.12/site-packages/airflow/example_dags/example_params_trigger_ui.py
[2024-10-12T20:37:05.990+0000] {processor.py:914} INFO - Processing file /home/airflow/.local/lib/python3.12/site-packages/airflow/example_dags/example_params_trigger_ui.py for tasks to queue
[2024-10-12T20:37:05.994+0000] {logging_mixin.py:190} INFO - [2024-10-12T20:37:05.993+0000] {dagbag.py:588} INFO - Filling up the DagBag from /home/airflow/.local/lib/python3.12/site-packages/airflow/example_dags/example_params_trigger_ui.py
[2024-10-12T20:37:06.012+0000] {processor.py:925} INFO - DAG(s) 'example_params_trigger_ui' retrieved from /home/airflow/.local/lib/python3.12/site-packages/airflow/example_dags/example_params_trigger_ui.py
[2024-10-12T20:37:06.076+0000] {logging_mixin.py:190} INFO - [2024-10-12T20:37:06.076+0000] {dag.py:3239} INFO - Sync 1 DAGs
[2024-10-12T20:37:06.101+0000] {logging_mixin.py:190} INFO - [2024-10-12T20:37:06.101+0000] {dag.py:4180} INFO - Setting next_dagrun for example_params_trigger_ui to None, run_after=None
[2024-10-12T20:37:06.127+0000] {processor.py:208} INFO - Processing /home/airflow/.local/lib/python3.12/site-packages/airflow/example_dags/example_params_trigger_ui.py took 0.149 seconds
[2024-10-12T20:37:36.668+0000] {processor.py:186} INFO - Started process (PID=341) to work on /home/airflow/.local/lib/python3.12/site-packages/airflow/example_dags/example_params_trigger_ui.py
[2024-10-12T20:37:36.670+0000] {processor.py:914} INFO - Processing file /home/airflow/.local/lib/python3.12/site-packages/airflow/example_dags/example_params_trigger_ui.py for tasks to queue
[2024-10-12T20:37:36.676+0000] {logging_mixin.py:190} INFO - [2024-10-12T20:37:36.675+0000] {dagbag.py:588} INFO - Filling up the DagBag from /home/airflow/.local/lib/python3.12/site-packages/airflow/example_dags/example_params_trigger_ui.py
[2024-10-12T20:37:36.715+0000] {processor.py:925} INFO - DAG(s) 'example_params_trigger_ui' retrieved from /home/airflow/.local/lib/python3.12/site-packages/airflow/example_dags/example_params_trigger_ui.py
[2024-10-12T20:37:36.809+0000] {logging_mixin.py:190} INFO - [2024-10-12T20:37:36.809+0000] {dag.py:3239} INFO - Sync 1 DAGs
[2024-10-12T20:37:36.841+0000] {logging_mixin.py:190} INFO - [2024-10-12T20:37:36.839+0000] {dag.py:4180} INFO - Setting next_dagrun for example_params_trigger_ui to None, run_after=None
[2024-10-12T20:37:36.888+0000] {processor.py:208} INFO - Processing /home/airflow/.local/lib/python3.12/site-packages/airflow/example_dags/example_params_trigger_ui.py took 0.231 seconds
[2024-10-12T20:38:08.184+0000] {processor.py:186} INFO - Started process (PID=403) to work on /home/airflow/.local/lib/python3.12/site-packages/airflow/example_dags/example_params_trigger_ui.py
[2024-10-12T20:38:08.186+0000] {processor.py:914} INFO - Processing file /home/airflow/.local/lib/python3.12/site-packages/airflow/example_dags/example_params_trigger_ui.py for tasks to queue
[2024-10-12T20:38:08.191+0000] {logging_mixin.py:190} INFO - [2024-10-12T20:38:08.191+0000] {dagbag.py:588} INFO - Filling up the DagBag from /home/airflow/.local/lib/python3.12/site-packages/airflow/example_dags/example_params_trigger_ui.py
[2024-10-12T20:38:08.211+0000] {processor.py:925} INFO - DAG(s) 'example_params_trigger_ui' retrieved from /home/airflow/.local/lib/python3.12/site-packages/airflow/example_dags/example_params_trigger_ui.py
[2024-10-12T20:38:08.295+0000] {logging_mixin.py:190} INFO - [2024-10-12T20:38:08.294+0000] {dag.py:3239} INFO - Sync 1 DAGs
[2024-10-12T20:38:08.320+0000] {logging_mixin.py:190} INFO - [2024-10-12T20:38:08.319+0000] {dag.py:4180} INFO - Setting next_dagrun for example_params_trigger_ui to None, run_after=None
[2024-10-12T20:38:08.361+0000] {processor.py:208} INFO - Processing /home/airflow/.local/lib/python3.12/site-packages/airflow/example_dags/example_params_trigger_ui.py took 0.191 seconds
[2024-10-12T20:38:39.011+0000] {processor.py:186} INFO - Started process (PID=465) to work on /home/airflow/.local/lib/python3.12/site-packages/airflow/example_dags/example_params_trigger_ui.py
[2024-10-12T20:38:39.013+0000] {processor.py:914} INFO - Processing file /home/airflow/.local/lib/python3.12/site-packages/airflow/example_dags/example_params_trigger_ui.py for tasks to queue
[2024-10-12T20:38:39.018+0000] {logging_mixin.py:190} INFO - [2024-10-12T20:38:39.017+0000] {dagbag.py:588} INFO - Filling up the DagBag from /home/airflow/.local/lib/python3.12/site-packages/airflow/example_dags/example_params_trigger_ui.py
[2024-10-12T20:38:39.035+0000] {processor.py:925} INFO - DAG(s) 'example_params_trigger_ui' retrieved from /home/airflow/.local/lib/python3.12/site-packages/airflow/example_dags/example_params_trigger_ui.py
[2024-10-12T20:38:39.096+0000] {logging_mixin.py:190} INFO - [2024-10-12T20:38:39.095+0000] {dag.py:3239} INFO - Sync 1 DAGs
[2024-10-12T20:38:39.118+0000] {logging_mixin.py:190} INFO - [2024-10-12T20:38:39.118+0000] {dag.py:4180} INFO - Setting next_dagrun for example_params_trigger_ui to None, run_after=None
[2024-10-12T20:38:39.151+0000] {processor.py:208} INFO - Processing /home/airflow/.local/lib/python3.12/site-packages/airflow/example_dags/example_params_trigger_ui.py took 0.154 seconds
[2024-10-12T20:39:10.045+0000] {processor.py:186} INFO - Started process (PID=527) to work on /home/airflow/.local/lib/python3.12/site-packages/airflow/example_dags/example_params_trigger_ui.py
[2024-10-12T20:39:10.046+0000] {processor.py:914} INFO - Processing file /home/airflow/.local/lib/python3.12/site-packages/airflow/example_dags/example_params_trigger_ui.py for tasks to queue
[2024-10-12T20:39:10.050+0000] {logging_mixin.py:190} INFO - [2024-10-12T20:39:10.049+0000] {dagbag.py:588} INFO - Filling up the DagBag from /home/airflow/.local/lib/python3.12/site-packages/airflow/example_dags/example_params_trigger_ui.py
[2024-10-12T20:39:10.065+0000] {processor.py:925} INFO - DAG(s) 'example_params_trigger_ui' retrieved from /home/airflow/.local/lib/python3.12/site-packages/airflow/example_dags/example_params_trigger_ui.py
[2024-10-12T20:39:10.131+0000] {logging_mixin.py:190} INFO - [2024-10-12T20:39:10.130+0000] {dag.py:3239} INFO - Sync 1 DAGs
[2024-10-12T20:39:10.151+0000] {logging_mixin.py:190} INFO - [2024-10-12T20:39:10.151+0000] {dag.py:4180} INFO - Setting next_dagrun for example_params_trigger_ui to None, run_after=None
[2024-10-12T20:39:10.184+0000] {processor.py:208} INFO - Processing /home/airflow/.local/lib/python3.12/site-packages/airflow/example_dags/example_params_trigger_ui.py took 0.148 seconds
[2024-10-12T20:39:40.291+0000] {processor.py:186} INFO - Started process (PID=588) to work on /home/airflow/.local/lib/python3.12/site-packages/airflow/example_dags/example_params_trigger_ui.py
[2024-10-12T20:39:40.292+0000] {processor.py:914} INFO - Processing file /home/airflow/.local/lib/python3.12/site-packages/airflow/example_dags/example_params_trigger_ui.py for tasks to queue
[2024-10-12T20:39:40.296+0000] {logging_mixin.py:190} INFO - [2024-10-12T20:39:40.296+0000] {dagbag.py:588} INFO - Filling up the DagBag from /home/airflow/.local/lib/python3.12/site-packages/airflow/example_dags/example_params_trigger_ui.py
[2024-10-12T20:39:40.311+0000] {processor.py:925} INFO - DAG(s) 'example_params_trigger_ui' retrieved from /home/airflow/.local/lib/python3.12/site-packages/airflow/example_dags/example_params_trigger_ui.py
[2024-10-12T20:39:40.386+0000] {logging_mixin.py:190} INFO - [2024-10-12T20:39:40.385+0000] {dag.py:3239} INFO - Sync 1 DAGs
[2024-10-12T20:39:40.409+0000] {logging_mixin.py:190} INFO - [2024-10-12T20:39:40.408+0000] {dag.py:4180} INFO - Setting next_dagrun for example_params_trigger_ui to None, run_after=None
[2024-10-12T20:39:40.440+0000] {processor.py:208} INFO - Processing /home/airflow/.local/lib/python3.12/site-packages/airflow/example_dags/example_params_trigger_ui.py took 0.157 seconds
[2024-10-12T20:40:10.796+0000] {processor.py:186} INFO - Started process (PID=650) to work on /home/airflow/.local/lib/python3.12/site-packages/airflow/example_dags/example_params_trigger_ui.py
[2024-10-12T20:40:10.797+0000] {processor.py:914} INFO - Processing file /home/airflow/.local/lib/python3.12/site-packages/airflow/example_dags/example_params_trigger_ui.py for tasks to queue
[2024-10-12T20:40:10.801+0000] {logging_mixin.py:190} INFO - [2024-10-12T20:40:10.800+0000] {dagbag.py:588} INFO - Filling up the DagBag from /home/airflow/.local/lib/python3.12/site-packages/airflow/example_dags/example_params_trigger_ui.py
[2024-10-12T20:40:10.819+0000] {processor.py:925} INFO - DAG(s) 'example_params_trigger_ui' retrieved from /home/airflow/.local/lib/python3.12/site-packages/airflow/example_dags/example_params_trigger_ui.py
[2024-10-12T20:40:10.885+0000] {logging_mixin.py:190} INFO - [2024-10-12T20:40:10.884+0000] {dag.py:3239} INFO - Sync 1 DAGs
[2024-10-12T20:40:10.919+0000] {logging_mixin.py:190} INFO - [2024-10-12T20:40:10.919+0000] {dag.py:4180} INFO - Setting next_dagrun for example_params_trigger_ui to None, run_after=None
[2024-10-12T20:40:10.969+0000] {processor.py:208} INFO - Processing /home/airflow/.local/lib/python3.12/site-packages/airflow/example_dags/example_params_trigger_ui.py took 0.183 seconds
[2024-10-12T20:40:41.696+0000] {processor.py:186} INFO - Started process (PID=712) to work on /home/airflow/.local/lib/python3.12/site-packages/airflow/example_dags/example_params_trigger_ui.py
[2024-10-12T20:40:41.698+0000] {processor.py:914} INFO - Processing file /home/airflow/.local/lib/python3.12/site-packages/airflow/example_dags/example_params_trigger_ui.py for tasks to queue
[2024-10-12T20:40:41.703+0000] {logging_mixin.py:190} INFO - [2024-10-12T20:40:41.702+0000] {dagbag.py:588} INFO - Filling up the DagBag from /home/airflow/.local/lib/python3.12/site-packages/airflow/example_dags/example_params_trigger_ui.py
[2024-10-12T20:40:41.722+0000] {processor.py:925} INFO - DAG(s) 'example_params_trigger_ui' retrieved from /home/airflow/.local/lib/python3.12/site-packages/airflow/example_dags/example_params_trigger_ui.py
[2024-10-12T20:40:41.839+0000] {logging_mixin.py:190} INFO - [2024-10-12T20:40:41.838+0000] {dag.py:3239} INFO - Sync 1 DAGs
[2024-10-12T20:40:41.862+0000] {logging_mixin.py:190} INFO - [2024-10-12T20:40:41.861+0000] {dag.py:4180} INFO - Setting next_dagrun for example_params_trigger_ui to None, run_after=None
[2024-10-12T20:40:41.900+0000] {processor.py:208} INFO - Processing /home/airflow/.local/lib/python3.12/site-packages/airflow/example_dags/example_params_trigger_ui.py took 0.211 seconds
[2024-10-12T20:41:12.154+0000] {processor.py:186} INFO - Started process (PID=774) to work on /home/airflow/.local/lib/python3.12/site-packages/airflow/example_dags/example_params_trigger_ui.py
[2024-10-12T20:41:12.156+0000] {processor.py:914} INFO - Processing file /home/airflow/.local/lib/python3.12/site-packages/airflow/example_dags/example_params_trigger_ui.py for tasks to queue
[2024-10-12T20:41:12.160+0000] {logging_mixin.py:190} INFO - [2024-10-12T20:41:12.159+0000] {dagbag.py:588} INFO - Filling up the DagBag from /home/airflow/.local/lib/python3.12/site-packages/airflow/example_dags/example_params_trigger_ui.py
[2024-10-12T20:41:12.182+0000] {processor.py:925} INFO - DAG(s) 'example_params_trigger_ui' retrieved from /home/airflow/.local/lib/python3.12/site-packages/airflow/example_dags/example_params_trigger_ui.py
[2024-10-12T20:41:12.275+0000] {logging_mixin.py:190} INFO - [2024-10-12T20:41:12.274+0000] {dag.py:3239} INFO - Sync 1 DAGs
[2024-10-12T20:41:12.306+0000] {logging_mixin.py:190} INFO - [2024-10-12T20:41:12.306+0000] {dag.py:4180} INFO - Setting next_dagrun for example_params_trigger_ui to None, run_after=None
[2024-10-12T20:41:12.349+0000] {processor.py:208} INFO - Processing /home/airflow/.local/lib/python3.12/site-packages/airflow/example_dags/example_params_trigger_ui.py took 0.206 seconds
[2024-10-12T20:41:43.054+0000] {processor.py:186} INFO - Started process (PID=836) to work on /home/airflow/.local/lib/python3.12/site-packages/airflow/example_dags/example_params_trigger_ui.py
[2024-10-12T20:41:43.056+0000] {processor.py:914} INFO - Processing file /home/airflow/.local/lib/python3.12/site-packages/airflow/example_dags/example_params_trigger_ui.py for tasks to queue
[2024-10-12T20:41:43.061+0000] {logging_mixin.py:190} INFO - [2024-10-12T20:41:43.061+0000] {dagbag.py:588} INFO - Filling up the DagBag from /home/airflow/.local/lib/python3.12/site-packages/airflow/example_dags/example_params_trigger_ui.py
[2024-10-12T20:41:43.085+0000] {processor.py:925} INFO - DAG(s) 'example_params_trigger_ui' retrieved from /home/airflow/.local/lib/python3.12/site-packages/airflow/example_dags/example_params_trigger_ui.py
[2024-10-12T20:41:43.213+0000] {logging_mixin.py:190} INFO - [2024-10-12T20:41:43.212+0000] {dag.py:3239} INFO - Sync 1 DAGs
[2024-10-12T20:41:43.238+0000] {logging_mixin.py:190} INFO - [2024-10-12T20:41:43.237+0000] {dag.py:4180} INFO - Setting next_dagrun for example_params_trigger_ui to None, run_after=None
[2024-10-12T20:41:43.280+0000] {processor.py:208} INFO - Processing /home/airflow/.local/lib/python3.12/site-packages/airflow/example_dags/example_params_trigger_ui.py took 0.236 seconds
[2024-10-12T20:42:13.404+0000] {processor.py:186} INFO - Started process (PID=898) to work on /home/airflow/.local/lib/python3.12/site-packages/airflow/example_dags/example_params_trigger_ui.py
[2024-10-12T20:42:13.406+0000] {processor.py:914} INFO - Processing file /home/airflow/.local/lib/python3.12/site-packages/airflow/example_dags/example_params_trigger_ui.py for tasks to queue
[2024-10-12T20:42:13.410+0000] {logging_mixin.py:190} INFO - [2024-10-12T20:42:13.410+0000] {dagbag.py:588} INFO - Filling up the DagBag from /home/airflow/.local/lib/python3.12/site-packages/airflow/example_dags/example_params_trigger_ui.py
[2024-10-12T20:42:13.426+0000] {processor.py:925} INFO - DAG(s) 'example_params_trigger_ui' retrieved from /home/airflow/.local/lib/python3.12/site-packages/airflow/example_dags/example_params_trigger_ui.py
[2024-10-12T20:42:13.494+0000] {logging_mixin.py:190} INFO - [2024-10-12T20:42:13.494+0000] {dag.py:3239} INFO - Sync 1 DAGs
[2024-10-12T20:42:13.517+0000] {logging_mixin.py:190} INFO - [2024-10-12T20:42:13.516+0000] {dag.py:4180} INFO - Setting next_dagrun for example_params_trigger_ui to None, run_after=None
[2024-10-12T20:42:13.553+0000] {processor.py:208} INFO - Processing /home/airflow/.local/lib/python3.12/site-packages/airflow/example_dags/example_params_trigger_ui.py took 0.160 seconds
[2024-10-12T20:42:43.697+0000] {processor.py:186} INFO - Started process (PID=959) to work on /home/airflow/.local/lib/python3.12/site-packages/airflow/example_dags/example_params_trigger_ui.py
[2024-10-12T20:42:43.699+0000] {processor.py:914} INFO - Processing file /home/airflow/.local/lib/python3.12/site-packages/airflow/example_dags/example_params_trigger_ui.py for tasks to queue
[2024-10-12T20:42:43.704+0000] {logging_mixin.py:190} INFO - [2024-10-12T20:42:43.703+0000] {dagbag.py:588} INFO - Filling up the DagBag from /home/airflow/.local/lib/python3.12/site-packages/airflow/example_dags/example_params_trigger_ui.py
[2024-10-12T20:42:43.722+0000] {processor.py:925} INFO - DAG(s) 'example_params_trigger_ui' retrieved from /home/airflow/.local/lib/python3.12/site-packages/airflow/example_dags/example_params_trigger_ui.py
[2024-10-12T20:42:43.783+0000] {logging_mixin.py:190} INFO - [2024-10-12T20:42:43.783+0000] {dag.py:3239} INFO - Sync 1 DAGs
[2024-10-12T20:42:43.807+0000] {logging_mixin.py:190} INFO - [2024-10-12T20:42:43.807+0000] {dag.py:4180} INFO - Setting next_dagrun for example_params_trigger_ui to None, run_after=None
[2024-10-12T20:42:43.838+0000] {processor.py:208} INFO - Processing /home/airflow/.local/lib/python3.12/site-packages/airflow/example_dags/example_params_trigger_ui.py took 0.151 seconds
[2024-10-12T20:43:14.124+0000] {processor.py:186} INFO - Started process (PID=1022) to work on /home/airflow/.local/lib/python3.12/site-packages/airflow/example_dags/example_params_trigger_ui.py
[2024-10-12T20:43:14.127+0000] {processor.py:914} INFO - Processing file /home/airflow/.local/lib/python3.12/site-packages/airflow/example_dags/example_params_trigger_ui.py for tasks to queue
[2024-10-12T20:43:14.134+0000] {logging_mixin.py:190} INFO - [2024-10-12T20:43:14.133+0000] {dagbag.py:588} INFO - Filling up the DagBag from /home/airflow/.local/lib/python3.12/site-packages/airflow/example_dags/example_params_trigger_ui.py
[2024-10-12T20:43:14.150+0000] {processor.py:925} INFO - DAG(s) 'example_params_trigger_ui' retrieved from /home/airflow/.local/lib/python3.12/site-packages/airflow/example_dags/example_params_trigger_ui.py
[2024-10-12T20:43:14.212+0000] {logging_mixin.py:190} INFO - [2024-10-12T20:43:14.212+0000] {dag.py:3239} INFO - Sync 1 DAGs
[2024-10-12T20:43:14.234+0000] {logging_mixin.py:190} INFO - [2024-10-12T20:43:14.233+0000] {dag.py:4180} INFO - Setting next_dagrun for example_params_trigger_ui to None, run_after=None
[2024-10-12T20:43:14.263+0000] {processor.py:208} INFO - Processing /home/airflow/.local/lib/python3.12/site-packages/airflow/example_dags/example_params_trigger_ui.py took 0.149 seconds
[2024-10-12T20:43:44.632+0000] {processor.py:186} INFO - Started process (PID=1083) to work on /home/airflow/.local/lib/python3.12/site-packages/airflow/example_dags/example_params_trigger_ui.py
[2024-10-12T20:43:44.634+0000] {processor.py:914} INFO - Processing file /home/airflow/.local/lib/python3.12/site-packages/airflow/example_dags/example_params_trigger_ui.py for tasks to queue
[2024-10-12T20:43:44.638+0000] {logging_mixin.py:190} INFO - [2024-10-12T20:43:44.637+0000] {dagbag.py:588} INFO - Filling up the DagBag from /home/airflow/.local/lib/python3.12/site-packages/airflow/example_dags/example_params_trigger_ui.py
[2024-10-12T20:43:44.657+0000] {processor.py:925} INFO - DAG(s) 'example_params_trigger_ui' retrieved from /home/airflow/.local/lib/python3.12/site-packages/airflow/example_dags/example_params_trigger_ui.py
[2024-10-12T20:43:44.728+0000] {logging_mixin.py:190} INFO - [2024-10-12T20:43:44.728+0000] {dag.py:3239} INFO - Sync 1 DAGs
[2024-10-12T20:43:44.755+0000] {logging_mixin.py:190} INFO - [2024-10-12T20:43:44.754+0000] {dag.py:4180} INFO - Setting next_dagrun for example_params_trigger_ui to None, run_after=None
[2024-10-12T20:43:44.781+0000] {processor.py:208} INFO - Processing /home/airflow/.local/lib/python3.12/site-packages/airflow/example_dags/example_params_trigger_ui.py took 0.160 seconds
[2024-10-12T20:44:15.209+0000] {processor.py:186} INFO - Started process (PID=1145) to work on /home/airflow/.local/lib/python3.12/site-packages/airflow/example_dags/example_params_trigger_ui.py
[2024-10-12T20:44:15.211+0000] {processor.py:914} INFO - Processing file /home/airflow/.local/lib/python3.12/site-packages/airflow/example_dags/example_params_trigger_ui.py for tasks to queue
[2024-10-12T20:44:15.215+0000] {logging_mixin.py:190} INFO - [2024-10-12T20:44:15.214+0000] {dagbag.py:588} INFO - Filling up the DagBag from /home/airflow/.local/lib/python3.12/site-packages/airflow/example_dags/example_params_trigger_ui.py
[2024-10-12T20:44:15.232+0000] {processor.py:925} INFO - DAG(s) 'example_params_trigger_ui' retrieved from /home/airflow/.local/lib/python3.12/site-packages/airflow/example_dags/example_params_trigger_ui.py
[2024-10-12T20:44:15.291+0000] {logging_mixin.py:190} INFO - [2024-10-12T20:44:15.291+0000] {dag.py:3239} INFO - Sync 1 DAGs
[2024-10-12T20:44:15.312+0000] {logging_mixin.py:190} INFO - [2024-10-12T20:44:15.312+0000] {dag.py:4180} INFO - Setting next_dagrun for example_params_trigger_ui to None, run_after=None
[2024-10-12T20:44:15.339+0000] {processor.py:208} INFO - Processing /home/airflow/.local/lib/python3.12/site-packages/airflow/example_dags/example_params_trigger_ui.py took 0.140 seconds
[2024-10-12T20:44:46.042+0000] {processor.py:186} INFO - Started process (PID=1207) to work on /home/airflow/.local/lib/python3.12/site-packages/airflow/example_dags/example_params_trigger_ui.py
[2024-10-12T20:44:46.043+0000] {processor.py:914} INFO - Processing file /home/airflow/.local/lib/python3.12/site-packages/airflow/example_dags/example_params_trigger_ui.py for tasks to queue
[2024-10-12T20:44:46.047+0000] {logging_mixin.py:190} INFO - [2024-10-12T20:44:46.046+0000] {dagbag.py:588} INFO - Filling up the DagBag from /home/airflow/.local/lib/python3.12/site-packages/airflow/example_dags/example_params_trigger_ui.py
[2024-10-12T20:44:46.066+0000] {processor.py:925} INFO - DAG(s) 'example_params_trigger_ui' retrieved from /home/airflow/.local/lib/python3.12/site-packages/airflow/example_dags/example_params_trigger_ui.py
[2024-10-12T20:44:46.131+0000] {logging_mixin.py:190} INFO - [2024-10-12T20:44:46.130+0000] {dag.py:3239} INFO - Sync 1 DAGs
[2024-10-12T20:44:46.159+0000] {logging_mixin.py:190} INFO - [2024-10-12T20:44:46.158+0000] {dag.py:4180} INFO - Setting next_dagrun for example_params_trigger_ui to None, run_after=None
[2024-10-12T20:44:46.195+0000] {processor.py:208} INFO - Processing /home/airflow/.local/lib/python3.12/site-packages/airflow/example_dags/example_params_trigger_ui.py took 0.164 seconds
[2024-10-12T20:45:17.086+0000] {processor.py:186} INFO - Started process (PID=1269) to work on /home/airflow/.local/lib/python3.12/site-packages/airflow/example_dags/example_params_trigger_ui.py
[2024-10-12T20:45:17.088+0000] {processor.py:914} INFO - Processing file /home/airflow/.local/lib/python3.12/site-packages/airflow/example_dags/example_params_trigger_ui.py for tasks to queue
[2024-10-12T20:45:17.092+0000] {logging_mixin.py:190} INFO - [2024-10-12T20:45:17.091+0000] {dagbag.py:588} INFO - Filling up the DagBag from /home/airflow/.local/lib/python3.12/site-packages/airflow/example_dags/example_params_trigger_ui.py
[2024-10-12T20:45:17.111+0000] {processor.py:925} INFO - DAG(s) 'example_params_trigger_ui' retrieved from /home/airflow/.local/lib/python3.12/site-packages/airflow/example_dags/example_params_trigger_ui.py
[2024-10-12T20:45:17.190+0000] {logging_mixin.py:190} INFO - [2024-10-12T20:45:17.189+0000] {dag.py:3239} INFO - Sync 1 DAGs
[2024-10-12T20:45:17.219+0000] {logging_mixin.py:190} INFO - [2024-10-12T20:45:17.219+0000] {dag.py:4180} INFO - Setting next_dagrun for example_params_trigger_ui to None, run_after=None
[2024-10-12T20:45:17.268+0000] {processor.py:208} INFO - Processing /home/airflow/.local/lib/python3.12/site-packages/airflow/example_dags/example_params_trigger_ui.py took 0.193 seconds
[2024-10-12T20:45:48.152+0000] {processor.py:186} INFO - Started process (PID=1331) to work on /home/airflow/.local/lib/python3.12/site-packages/airflow/example_dags/example_params_trigger_ui.py
[2024-10-12T20:45:48.154+0000] {processor.py:914} INFO - Processing file /home/airflow/.local/lib/python3.12/site-packages/airflow/example_dags/example_params_trigger_ui.py for tasks to queue
[2024-10-12T20:45:48.159+0000] {logging_mixin.py:190} INFO - [2024-10-12T20:45:48.158+0000] {dagbag.py:588} INFO - Filling up the DagBag from /home/airflow/.local/lib/python3.12/site-packages/airflow/example_dags/example_params_trigger_ui.py
[2024-10-12T20:45:48.181+0000] {processor.py:925} INFO - DAG(s) 'example_params_trigger_ui' retrieved from /home/airflow/.local/lib/python3.12/site-packages/airflow/example_dags/example_params_trigger_ui.py
[2024-10-12T20:45:48.245+0000] {logging_mixin.py:190} INFO - [2024-10-12T20:45:48.244+0000] {dag.py:3239} INFO - Sync 1 DAGs
[2024-10-12T20:45:48.267+0000] {logging_mixin.py:190} INFO - [2024-10-12T20:45:48.266+0000] {dag.py:4180} INFO - Setting next_dagrun for example_params_trigger_ui to None, run_after=None
[2024-10-12T20:45:48.302+0000] {processor.py:208} INFO - Processing /home/airflow/.local/lib/python3.12/site-packages/airflow/example_dags/example_params_trigger_ui.py took 0.162 seconds
[2024-10-12T20:46:18.607+0000] {processor.py:186} INFO - Started process (PID=1393) to work on /home/airflow/.local/lib/python3.12/site-packages/airflow/example_dags/example_params_trigger_ui.py
[2024-10-12T20:46:18.609+0000] {processor.py:914} INFO - Processing file /home/airflow/.local/lib/python3.12/site-packages/airflow/example_dags/example_params_trigger_ui.py for tasks to queue
[2024-10-12T20:46:18.615+0000] {logging_mixin.py:190} INFO - [2024-10-12T20:46:18.615+0000] {dagbag.py:588} INFO - Filling up the DagBag from /home/airflow/.local/lib/python3.12/site-packages/airflow/example_dags/example_params_trigger_ui.py
[2024-10-12T20:46:18.637+0000] {processor.py:925} INFO - DAG(s) 'example_params_trigger_ui' retrieved from /home/airflow/.local/lib/python3.12/site-packages/airflow/example_dags/example_params_trigger_ui.py
[2024-10-12T20:46:18.700+0000] {logging_mixin.py:190} INFO - [2024-10-12T20:46:18.700+0000] {dag.py:3239} INFO - Sync 1 DAGs
[2024-10-12T20:46:18.725+0000] {logging_mixin.py:190} INFO - [2024-10-12T20:46:18.725+0000] {dag.py:4180} INFO - Setting next_dagrun for example_params_trigger_ui to None, run_after=None
[2024-10-12T20:46:18.763+0000] {processor.py:208} INFO - Processing /home/airflow/.local/lib/python3.12/site-packages/airflow/example_dags/example_params_trigger_ui.py took 0.167 seconds
[2024-10-12T20:46:48.866+0000] {processor.py:186} INFO - Started process (PID=1454) to work on /home/airflow/.local/lib/python3.12/site-packages/airflow/example_dags/example_params_trigger_ui.py
[2024-10-12T20:46:48.868+0000] {processor.py:914} INFO - Processing file /home/airflow/.local/lib/python3.12/site-packages/airflow/example_dags/example_params_trigger_ui.py for tasks to queue
[2024-10-12T20:46:48.872+0000] {logging_mixin.py:190} INFO - [2024-10-12T20:46:48.871+0000] {dagbag.py:588} INFO - Filling up the DagBag from /home/airflow/.local/lib/python3.12/site-packages/airflow/example_dags/example_params_trigger_ui.py
[2024-10-12T20:46:48.888+0000] {processor.py:925} INFO - DAG(s) 'example_params_trigger_ui' retrieved from /home/airflow/.local/lib/python3.12/site-packages/airflow/example_dags/example_params_trigger_ui.py
[2024-10-12T20:46:48.945+0000] {logging_mixin.py:190} INFO - [2024-10-12T20:46:48.944+0000] {dag.py:3239} INFO - Sync 1 DAGs
[2024-10-12T20:46:48.977+0000] {logging_mixin.py:190} INFO - [2024-10-12T20:46:48.977+0000] {dag.py:4180} INFO - Setting next_dagrun for example_params_trigger_ui to None, run_after=None
[2024-10-12T20:46:49.017+0000] {processor.py:208} INFO - Processing /home/airflow/.local/lib/python3.12/site-packages/airflow/example_dags/example_params_trigger_ui.py took 0.162 seconds
[2024-10-12T20:47:19.170+0000] {processor.py:186} INFO - Started process (PID=1516) to work on /home/airflow/.local/lib/python3.12/site-packages/airflow/example_dags/example_params_trigger_ui.py
[2024-10-12T20:47:19.172+0000] {processor.py:914} INFO - Processing file /home/airflow/.local/lib/python3.12/site-packages/airflow/example_dags/example_params_trigger_ui.py for tasks to queue
[2024-10-12T20:47:19.177+0000] {logging_mixin.py:190} INFO - [2024-10-12T20:47:19.177+0000] {dagbag.py:588} INFO - Filling up the DagBag from /home/airflow/.local/lib/python3.12/site-packages/airflow/example_dags/example_params_trigger_ui.py
[2024-10-12T20:47:19.195+0000] {processor.py:925} INFO - DAG(s) 'example_params_trigger_ui' retrieved from /home/airflow/.local/lib/python3.12/site-packages/airflow/example_dags/example_params_trigger_ui.py
[2024-10-12T20:47:19.256+0000] {logging_mixin.py:190} INFO - [2024-10-12T20:47:19.255+0000] {dag.py:3239} INFO - Sync 1 DAGs
[2024-10-12T20:47:19.276+0000] {logging_mixin.py:190} INFO - [2024-10-12T20:47:19.276+0000] {dag.py:4180} INFO - Setting next_dagrun for example_params_trigger_ui to None, run_after=None
[2024-10-12T20:47:19.311+0000] {processor.py:208} INFO - Processing /home/airflow/.local/lib/python3.12/site-packages/airflow/example_dags/example_params_trigger_ui.py took 0.151 seconds
[2024-10-12T20:47:49.741+0000] {processor.py:186} INFO - Started process (PID=1578) to work on /home/airflow/.local/lib/python3.12/site-packages/airflow/example_dags/example_params_trigger_ui.py
[2024-10-12T20:47:49.743+0000] {processor.py:914} INFO - Processing file /home/airflow/.local/lib/python3.12/site-packages/airflow/example_dags/example_params_trigger_ui.py for tasks to queue
[2024-10-12T20:47:49.746+0000] {logging_mixin.py:190} INFO - [2024-10-12T20:47:49.746+0000] {dagbag.py:588} INFO - Filling up the DagBag from /home/airflow/.local/lib/python3.12/site-packages/airflow/example_dags/example_params_trigger_ui.py
[2024-10-12T20:47:49.763+0000] {processor.py:925} INFO - DAG(s) 'example_params_trigger_ui' retrieved from /home/airflow/.local/lib/python3.12/site-packages/airflow/example_dags/example_params_trigger_ui.py
[2024-10-12T20:47:49.834+0000] {logging_mixin.py:190} INFO - [2024-10-12T20:47:49.833+0000] {dag.py:3239} INFO - Sync 1 DAGs
[2024-10-12T20:47:49.896+0000] {logging_mixin.py:190} INFO - [2024-10-12T20:47:49.896+0000] {dag.py:4180} INFO - Setting next_dagrun for example_params_trigger_ui to None, run_after=None
[2024-10-12T20:47:49.955+0000] {processor.py:208} INFO - Processing /home/airflow/.local/lib/python3.12/site-packages/airflow/example_dags/example_params_trigger_ui.py took 0.223 seconds
[2024-10-12T20:48:21.120+0000] {processor.py:186} INFO - Started process (PID=1641) to work on /home/airflow/.local/lib/python3.12/site-packages/airflow/example_dags/example_params_trigger_ui.py
[2024-10-12T20:48:21.122+0000] {processor.py:914} INFO - Processing file /home/airflow/.local/lib/python3.12/site-packages/airflow/example_dags/example_params_trigger_ui.py for tasks to queue
[2024-10-12T20:48:21.127+0000] {logging_mixin.py:190} INFO - [2024-10-12T20:48:21.127+0000] {dagbag.py:588} INFO - Filling up the DagBag from /home/airflow/.local/lib/python3.12/site-packages/airflow/example_dags/example_params_trigger_ui.py
[2024-10-12T20:48:21.144+0000] {processor.py:925} INFO - DAG(s) 'example_params_trigger_ui' retrieved from /home/airflow/.local/lib/python3.12/site-packages/airflow/example_dags/example_params_trigger_ui.py
[2024-10-12T20:48:21.237+0000] {logging_mixin.py:190} INFO - [2024-10-12T20:48:21.236+0000] {dag.py:3239} INFO - Sync 1 DAGs
[2024-10-12T20:48:21.262+0000] {logging_mixin.py:190} INFO - [2024-10-12T20:48:21.261+0000] {dag.py:4180} INFO - Setting next_dagrun for example_params_trigger_ui to None, run_after=None
[2024-10-12T20:48:21.301+0000] {processor.py:208} INFO - Processing /home/airflow/.local/lib/python3.12/site-packages/airflow/example_dags/example_params_trigger_ui.py took 0.195 seconds
[2024-10-12T20:48:51.800+0000] {processor.py:186} INFO - Started process (PID=1703) to work on /home/airflow/.local/lib/python3.12/site-packages/airflow/example_dags/example_params_trigger_ui.py
[2024-10-12T20:48:51.802+0000] {processor.py:914} INFO - Processing file /home/airflow/.local/lib/python3.12/site-packages/airflow/example_dags/example_params_trigger_ui.py for tasks to queue
[2024-10-12T20:48:51.807+0000] {logging_mixin.py:190} INFO - [2024-10-12T20:48:51.806+0000] {dagbag.py:588} INFO - Filling up the DagBag from /home/airflow/.local/lib/python3.12/site-packages/airflow/example_dags/example_params_trigger_ui.py
[2024-10-12T20:48:51.829+0000] {processor.py:925} INFO - DAG(s) 'example_params_trigger_ui' retrieved from /home/airflow/.local/lib/python3.12/site-packages/airflow/example_dags/example_params_trigger_ui.py
[2024-10-12T20:48:51.911+0000] {logging_mixin.py:190} INFO - [2024-10-12T20:48:51.911+0000] {dag.py:3239} INFO - Sync 1 DAGs
[2024-10-12T20:48:51.942+0000] {logging_mixin.py:190} INFO - [2024-10-12T20:48:51.941+0000] {dag.py:4180} INFO - Setting next_dagrun for example_params_trigger_ui to None, run_after=None
[2024-10-12T20:48:51.987+0000] {processor.py:208} INFO - Processing /home/airflow/.local/lib/python3.12/site-packages/airflow/example_dags/example_params_trigger_ui.py took 0.199 seconds
[2024-10-12T20:49:22.343+0000] {processor.py:186} INFO - Started process (PID=1764) to work on /home/airflow/.local/lib/python3.12/site-packages/airflow/example_dags/example_params_trigger_ui.py
[2024-10-12T20:49:22.345+0000] {processor.py:914} INFO - Processing file /home/airflow/.local/lib/python3.12/site-packages/airflow/example_dags/example_params_trigger_ui.py for tasks to queue
[2024-10-12T20:49:22.349+0000] {logging_mixin.py:190} INFO - [2024-10-12T20:49:22.348+0000] {dagbag.py:588} INFO - Filling up the DagBag from /home/airflow/.local/lib/python3.12/site-packages/airflow/example_dags/example_params_trigger_ui.py
[2024-10-12T20:49:22.369+0000] {processor.py:925} INFO - DAG(s) 'example_params_trigger_ui' retrieved from /home/airflow/.local/lib/python3.12/site-packages/airflow/example_dags/example_params_trigger_ui.py
[2024-10-12T20:49:22.438+0000] {logging_mixin.py:190} INFO - [2024-10-12T20:49:22.438+0000] {dag.py:3239} INFO - Sync 1 DAGs
[2024-10-12T20:49:22.462+0000] {logging_mixin.py:190} INFO - [2024-10-12T20:49:22.462+0000] {dag.py:4180} INFO - Setting next_dagrun for example_params_trigger_ui to None, run_after=None
[2024-10-12T20:49:22.499+0000] {processor.py:208} INFO - Processing /home/airflow/.local/lib/python3.12/site-packages/airflow/example_dags/example_params_trigger_ui.py took 0.168 seconds
[2024-10-12T20:49:52.680+0000] {processor.py:186} INFO - Started process (PID=1826) to work on /home/airflow/.local/lib/python3.12/site-packages/airflow/example_dags/example_params_trigger_ui.py
[2024-10-12T20:49:52.682+0000] {processor.py:914} INFO - Processing file /home/airflow/.local/lib/python3.12/site-packages/airflow/example_dags/example_params_trigger_ui.py for tasks to queue
[2024-10-12T20:49:52.688+0000] {logging_mixin.py:190} INFO - [2024-10-12T20:49:52.688+0000] {dagbag.py:588} INFO - Filling up the DagBag from /home/airflow/.local/lib/python3.12/site-packages/airflow/example_dags/example_params_trigger_ui.py
[2024-10-12T20:49:52.724+0000] {processor.py:925} INFO - DAG(s) 'example_params_trigger_ui' retrieved from /home/airflow/.local/lib/python3.12/site-packages/airflow/example_dags/example_params_trigger_ui.py
[2024-10-12T20:49:52.792+0000] {logging_mixin.py:190} INFO - [2024-10-12T20:49:52.792+0000] {dag.py:3239} INFO - Sync 1 DAGs
[2024-10-12T20:49:52.814+0000] {logging_mixin.py:190} INFO - [2024-10-12T20:49:52.813+0000] {dag.py:4180} INFO - Setting next_dagrun for example_params_trigger_ui to None, run_after=None
[2024-10-12T20:49:52.849+0000] {processor.py:208} INFO - Processing /home/airflow/.local/lib/python3.12/site-packages/airflow/example_dags/example_params_trigger_ui.py took 0.180 seconds
[2024-10-12T20:50:23.848+0000] {processor.py:186} INFO - Started process (PID=1890) to work on /home/airflow/.local/lib/python3.12/site-packages/airflow/example_dags/example_params_trigger_ui.py
[2024-10-12T20:50:23.853+0000] {processor.py:914} INFO - Processing file /home/airflow/.local/lib/python3.12/site-packages/airflow/example_dags/example_params_trigger_ui.py for tasks to queue
[2024-10-12T20:50:23.859+0000] {logging_mixin.py:190} INFO - [2024-10-12T20:50:23.858+0000] {dagbag.py:588} INFO - Filling up the DagBag from /home/airflow/.local/lib/python3.12/site-packages/airflow/example_dags/example_params_trigger_ui.py
[2024-10-12T20:50:23.884+0000] {processor.py:925} INFO - DAG(s) 'example_params_trigger_ui' retrieved from /home/airflow/.local/lib/python3.12/site-packages/airflow/example_dags/example_params_trigger_ui.py
[2024-10-12T20:50:23.990+0000] {logging_mixin.py:190} INFO - [2024-10-12T20:50:23.990+0000] {dag.py:3239} INFO - Sync 1 DAGs
[2024-10-12T20:50:24.033+0000] {logging_mixin.py:190} INFO - [2024-10-12T20:50:24.032+0000] {dag.py:4180} INFO - Setting next_dagrun for example_params_trigger_ui to None, run_after=None
[2024-10-12T20:50:24.086+0000] {processor.py:208} INFO - Processing /home/airflow/.local/lib/python3.12/site-packages/airflow/example_dags/example_params_trigger_ui.py took 0.250 seconds
