[2024-10-12T20:35:34.563+0000] {processor.py:186} INFO - Started process (PID=96) to work on /home/airflow/.local/lib/python3.12/site-packages/airflow/example_dags/tutorial.py
[2024-10-12T20:35:34.565+0000] {processor.py:914} INFO - Processing file /home/airflow/.local/lib/python3.12/site-packages/airflow/example_dags/tutorial.py for tasks to queue
[2024-10-12T20:35:34.569+0000] {logging_mixin.py:190} INFO - [2024-10-12T20:35:34.569+0000] {dagbag.py:588} INFO - Filling up the DagBag from /home/airflow/.local/lib/python3.12/site-packages/airflow/example_dags/tutorial.py
[2024-10-12T20:35:34.585+0000] {processor.py:925} INFO - DAG(s) 'tutorial' retrieved from /home/airflow/.local/lib/python3.12/site-packages/airflow/example_dags/tutorial.py
[2024-10-12T20:35:34.751+0000] {logging_mixin.py:190} INFO - [2024-10-12T20:35:34.750+0000] {override.py:1900} INFO - Created Permission View: can delete on DAG:tutorial
[2024-10-12T20:35:34.766+0000] {logging_mixin.py:190} INFO - [2024-10-12T20:35:34.766+0000] {override.py:1900} INFO - Created Permission View: can edit on DAG:tutorial
[2024-10-12T20:35:34.795+0000] {logging_mixin.py:190} INFO - [2024-10-12T20:35:34.795+0000] {override.py:1900} INFO - Created Permission View: can read on DAG:tutorial
[2024-10-12T20:35:34.807+0000] {logging_mixin.py:190} INFO - [2024-10-12T20:35:34.807+0000] {override.py:1900} INFO - Created Permission View: can delete on DAG Run:tutorial
[2024-10-12T20:35:34.825+0000] {logging_mixin.py:190} INFO - [2024-10-12T20:35:34.825+0000] {override.py:1900} INFO - Created Permission View: can create on DAG Run:tutorial
[2024-10-12T20:35:34.838+0000] {logging_mixin.py:190} INFO - [2024-10-12T20:35:34.837+0000] {override.py:1900} INFO - Created Permission View: menu access on DAG Run:tutorial
[2024-10-12T20:35:34.849+0000] {logging_mixin.py:190} INFO - [2024-10-12T20:35:34.849+0000] {override.py:1900} INFO - Created Permission View: can read on DAG Run:tutorial
[2024-10-12T20:35:34.850+0000] {logging_mixin.py:190} INFO - [2024-10-12T20:35:34.850+0000] {dag.py:3239} INFO - Sync 1 DAGs
[2024-10-12T20:35:34.868+0000] {logging_mixin.py:190} INFO - [2024-10-12T20:35:34.867+0000] {dag.py:3262} INFO - Creating ORM DAG for tutorial
[2024-10-12T20:35:34.884+0000] {logging_mixin.py:190} INFO - [2024-10-12T20:35:34.884+0000] {dag.py:4180} INFO - Setting next_dagrun for tutorial to 2024-10-11 00:00:00+00:00, run_after=2024-10-12 00:00:00+00:00
[2024-10-12T20:35:34.912+0000] {processor.py:208} INFO - Processing /home/airflow/.local/lib/python3.12/site-packages/airflow/example_dags/tutorial.py took 0.359 seconds
[2024-10-12T20:36:05.459+0000] {processor.py:186} INFO - Started process (PID=158) to work on /home/airflow/.local/lib/python3.12/site-packages/airflow/example_dags/tutorial.py
[2024-10-12T20:36:05.460+0000] {processor.py:914} INFO - Processing file /home/airflow/.local/lib/python3.12/site-packages/airflow/example_dags/tutorial.py for tasks to queue
[2024-10-12T20:36:05.464+0000] {logging_mixin.py:190} INFO - [2024-10-12T20:36:05.463+0000] {dagbag.py:588} INFO - Filling up the DagBag from /home/airflow/.local/lib/python3.12/site-packages/airflow/example_dags/tutorial.py
[2024-10-12T20:36:05.475+0000] {processor.py:925} INFO - DAG(s) 'tutorial' retrieved from /home/airflow/.local/lib/python3.12/site-packages/airflow/example_dags/tutorial.py
[2024-10-12T20:36:05.500+0000] {logging_mixin.py:190} INFO - [2024-10-12T20:36:05.499+0000] {dag.py:3239} INFO - Sync 1 DAGs
[2024-10-12T20:36:05.527+0000] {logging_mixin.py:190} INFO - [2024-10-12T20:36:05.526+0000] {dag.py:4180} INFO - Setting next_dagrun for tutorial to 2024-10-11 00:00:00+00:00, run_after=2024-10-12 00:00:00+00:00
[2024-10-12T20:36:05.556+0000] {processor.py:208} INFO - Processing /home/airflow/.local/lib/python3.12/site-packages/airflow/example_dags/tutorial.py took 0.106 seconds
[2024-10-12T20:36:36.059+0000] {processor.py:186} INFO - Started process (PID=220) to work on /home/airflow/.local/lib/python3.12/site-packages/airflow/example_dags/tutorial.py
[2024-10-12T20:36:36.061+0000] {processor.py:914} INFO - Processing file /home/airflow/.local/lib/python3.12/site-packages/airflow/example_dags/tutorial.py for tasks to queue
[2024-10-12T20:36:36.064+0000] {logging_mixin.py:190} INFO - [2024-10-12T20:36:36.064+0000] {dagbag.py:588} INFO - Filling up the DagBag from /home/airflow/.local/lib/python3.12/site-packages/airflow/example_dags/tutorial.py
[2024-10-12T20:36:36.077+0000] {processor.py:925} INFO - DAG(s) 'tutorial' retrieved from /home/airflow/.local/lib/python3.12/site-packages/airflow/example_dags/tutorial.py
[2024-10-12T20:36:36.111+0000] {logging_mixin.py:190} INFO - [2024-10-12T20:36:36.111+0000] {dag.py:3239} INFO - Sync 1 DAGs
[2024-10-12T20:36:36.152+0000] {logging_mixin.py:190} INFO - [2024-10-12T20:36:36.152+0000] {dag.py:4180} INFO - Setting next_dagrun for tutorial to 2024-10-11 00:00:00+00:00, run_after=2024-10-12 00:00:00+00:00
[2024-10-12T20:36:36.185+0000] {processor.py:208} INFO - Processing /home/airflow/.local/lib/python3.12/site-packages/airflow/example_dags/tutorial.py took 0.140 seconds
[2024-10-12T20:37:06.339+0000] {processor.py:186} INFO - Started process (PID=282) to work on /home/airflow/.local/lib/python3.12/site-packages/airflow/example_dags/tutorial.py
[2024-10-12T20:37:06.340+0000] {processor.py:914} INFO - Processing file /home/airflow/.local/lib/python3.12/site-packages/airflow/example_dags/tutorial.py for tasks to queue
[2024-10-12T20:37:06.345+0000] {logging_mixin.py:190} INFO - [2024-10-12T20:37:06.344+0000] {dagbag.py:588} INFO - Filling up the DagBag from /home/airflow/.local/lib/python3.12/site-packages/airflow/example_dags/tutorial.py
[2024-10-12T20:37:06.363+0000] {processor.py:925} INFO - DAG(s) 'tutorial' retrieved from /home/airflow/.local/lib/python3.12/site-packages/airflow/example_dags/tutorial.py
[2024-10-12T20:37:06.396+0000] {logging_mixin.py:190} INFO - [2024-10-12T20:37:06.395+0000] {dag.py:3239} INFO - Sync 1 DAGs
[2024-10-12T20:37:06.432+0000] {logging_mixin.py:190} INFO - [2024-10-12T20:37:06.432+0000] {dag.py:4180} INFO - Setting next_dagrun for tutorial to 2024-10-11 00:00:00+00:00, run_after=2024-10-12 00:00:00+00:00
[2024-10-12T20:37:06.463+0000] {processor.py:208} INFO - Processing /home/airflow/.local/lib/python3.12/site-packages/airflow/example_dags/tutorial.py took 0.133 seconds
[2024-10-12T20:37:37.187+0000] {processor.py:186} INFO - Started process (PID=344) to work on /home/airflow/.local/lib/python3.12/site-packages/airflow/example_dags/tutorial.py
[2024-10-12T20:37:37.189+0000] {processor.py:914} INFO - Processing file /home/airflow/.local/lib/python3.12/site-packages/airflow/example_dags/tutorial.py for tasks to queue
[2024-10-12T20:37:37.194+0000] {logging_mixin.py:190} INFO - [2024-10-12T20:37:37.194+0000] {dagbag.py:588} INFO - Filling up the DagBag from /home/airflow/.local/lib/python3.12/site-packages/airflow/example_dags/tutorial.py
[2024-10-12T20:37:37.211+0000] {processor.py:925} INFO - DAG(s) 'tutorial' retrieved from /home/airflow/.local/lib/python3.12/site-packages/airflow/example_dags/tutorial.py
[2024-10-12T20:37:37.252+0000] {logging_mixin.py:190} INFO - [2024-10-12T20:37:37.252+0000] {dag.py:3239} INFO - Sync 1 DAGs
[2024-10-12T20:37:37.302+0000] {logging_mixin.py:190} INFO - [2024-10-12T20:37:37.301+0000] {dag.py:4180} INFO - Setting next_dagrun for tutorial to 2024-10-11 00:00:00+00:00, run_after=2024-10-12 00:00:00+00:00
[2024-10-12T20:37:37.343+0000] {processor.py:208} INFO - Processing /home/airflow/.local/lib/python3.12/site-packages/airflow/example_dags/tutorial.py took 0.167 seconds
[2024-10-12T20:38:08.677+0000] {processor.py:186} INFO - Started process (PID=406) to work on /home/airflow/.local/lib/python3.12/site-packages/airflow/example_dags/tutorial.py
[2024-10-12T20:38:08.679+0000] {processor.py:914} INFO - Processing file /home/airflow/.local/lib/python3.12/site-packages/airflow/example_dags/tutorial.py for tasks to queue
[2024-10-12T20:38:08.684+0000] {logging_mixin.py:190} INFO - [2024-10-12T20:38:08.683+0000] {dagbag.py:588} INFO - Filling up the DagBag from /home/airflow/.local/lib/python3.12/site-packages/airflow/example_dags/tutorial.py
[2024-10-12T20:38:08.703+0000] {processor.py:925} INFO - DAG(s) 'tutorial' retrieved from /home/airflow/.local/lib/python3.12/site-packages/airflow/example_dags/tutorial.py
[2024-10-12T20:38:08.743+0000] {logging_mixin.py:190} INFO - [2024-10-12T20:38:08.742+0000] {dag.py:3239} INFO - Sync 1 DAGs
[2024-10-12T20:38:08.816+0000] {logging_mixin.py:190} INFO - [2024-10-12T20:38:08.815+0000] {dag.py:4180} INFO - Setting next_dagrun for tutorial to 2024-10-11 00:00:00+00:00, run_after=2024-10-12 00:00:00+00:00
[2024-10-12T20:38:08.857+0000] {processor.py:208} INFO - Processing /home/airflow/.local/lib/python3.12/site-packages/airflow/example_dags/tutorial.py took 0.190 seconds
[2024-10-12T20:38:39.701+0000] {processor.py:186} INFO - Started process (PID=468) to work on /home/airflow/.local/lib/python3.12/site-packages/airflow/example_dags/tutorial.py
[2024-10-12T20:38:39.819+0000] {processor.py:914} INFO - Processing file /home/airflow/.local/lib/python3.12/site-packages/airflow/example_dags/tutorial.py for tasks to queue
[2024-10-12T20:38:39.868+0000] {logging_mixin.py:190} INFO - [2024-10-12T20:38:39.868+0000] {dagbag.py:588} INFO - Filling up the DagBag from /home/airflow/.local/lib/python3.12/site-packages/airflow/example_dags/tutorial.py
[2024-10-12T20:38:39.896+0000] {processor.py:925} INFO - DAG(s) 'tutorial' retrieved from /home/airflow/.local/lib/python3.12/site-packages/airflow/example_dags/tutorial.py
[2024-10-12T20:38:39.962+0000] {logging_mixin.py:190} INFO - [2024-10-12T20:38:39.962+0000] {dag.py:3239} INFO - Sync 1 DAGs
[2024-10-12T20:38:40.017+0000] {logging_mixin.py:190} INFO - [2024-10-12T20:38:40.017+0000] {dag.py:4180} INFO - Setting next_dagrun for tutorial to 2024-10-11 00:00:00+00:00, run_after=2024-10-12 00:00:00+00:00
[2024-10-12T20:38:40.053+0000] {processor.py:208} INFO - Processing /home/airflow/.local/lib/python3.12/site-packages/airflow/example_dags/tutorial.py took 0.368 seconds
[2024-10-12T20:39:10.422+0000] {processor.py:186} INFO - Started process (PID=530) to work on /home/airflow/.local/lib/python3.12/site-packages/airflow/example_dags/tutorial.py
[2024-10-12T20:39:10.424+0000] {processor.py:914} INFO - Processing file /home/airflow/.local/lib/python3.12/site-packages/airflow/example_dags/tutorial.py for tasks to queue
[2024-10-12T20:39:10.428+0000] {logging_mixin.py:190} INFO - [2024-10-12T20:39:10.427+0000] {dagbag.py:588} INFO - Filling up the DagBag from /home/airflow/.local/lib/python3.12/site-packages/airflow/example_dags/tutorial.py
[2024-10-12T20:39:10.441+0000] {processor.py:925} INFO - DAG(s) 'tutorial' retrieved from /home/airflow/.local/lib/python3.12/site-packages/airflow/example_dags/tutorial.py
[2024-10-12T20:39:10.477+0000] {logging_mixin.py:190} INFO - [2024-10-12T20:39:10.477+0000] {dag.py:3239} INFO - Sync 1 DAGs
[2024-10-12T20:39:10.517+0000] {logging_mixin.py:190} INFO - [2024-10-12T20:39:10.517+0000] {dag.py:4180} INFO - Setting next_dagrun for tutorial to 2024-10-11 00:00:00+00:00, run_after=2024-10-12 00:00:00+00:00
[2024-10-12T20:39:10.545+0000] {processor.py:208} INFO - Processing /home/airflow/.local/lib/python3.12/site-packages/airflow/example_dags/tutorial.py took 0.133 seconds
[2024-10-12T20:39:40.936+0000] {processor.py:186} INFO - Started process (PID=592) to work on /home/airflow/.local/lib/python3.12/site-packages/airflow/example_dags/tutorial.py
[2024-10-12T20:39:40.938+0000] {processor.py:914} INFO - Processing file /home/airflow/.local/lib/python3.12/site-packages/airflow/example_dags/tutorial.py for tasks to queue
[2024-10-12T20:39:40.941+0000] {logging_mixin.py:190} INFO - [2024-10-12T20:39:40.941+0000] {dagbag.py:588} INFO - Filling up the DagBag from /home/airflow/.local/lib/python3.12/site-packages/airflow/example_dags/tutorial.py
[2024-10-12T20:39:40.953+0000] {processor.py:925} INFO - DAG(s) 'tutorial' retrieved from /home/airflow/.local/lib/python3.12/site-packages/airflow/example_dags/tutorial.py
[2024-10-12T20:39:41.006+0000] {logging_mixin.py:190} INFO - [2024-10-12T20:39:41.005+0000] {dag.py:3239} INFO - Sync 1 DAGs
[2024-10-12T20:39:41.114+0000] {logging_mixin.py:190} INFO - [2024-10-12T20:39:41.114+0000] {dag.py:4180} INFO - Setting next_dagrun for tutorial to 2024-10-11 00:00:00+00:00, run_after=2024-10-12 00:00:00+00:00
[2024-10-12T20:39:41.147+0000] {processor.py:208} INFO - Processing /home/airflow/.local/lib/python3.12/site-packages/airflow/example_dags/tutorial.py took 0.221 seconds
[2024-10-12T20:40:11.209+0000] {processor.py:186} INFO - Started process (PID=653) to work on /home/airflow/.local/lib/python3.12/site-packages/airflow/example_dags/tutorial.py
[2024-10-12T20:40:11.210+0000] {processor.py:914} INFO - Processing file /home/airflow/.local/lib/python3.12/site-packages/airflow/example_dags/tutorial.py for tasks to queue
[2024-10-12T20:40:11.214+0000] {logging_mixin.py:190} INFO - [2024-10-12T20:40:11.214+0000] {dagbag.py:588} INFO - Filling up the DagBag from /home/airflow/.local/lib/python3.12/site-packages/airflow/example_dags/tutorial.py
[2024-10-12T20:40:11.226+0000] {processor.py:925} INFO - DAG(s) 'tutorial' retrieved from /home/airflow/.local/lib/python3.12/site-packages/airflow/example_dags/tutorial.py
[2024-10-12T20:40:11.251+0000] {logging_mixin.py:190} INFO - [2024-10-12T20:40:11.251+0000] {dag.py:3239} INFO - Sync 1 DAGs
[2024-10-12T20:40:11.283+0000] {logging_mixin.py:190} INFO - [2024-10-12T20:40:11.283+0000] {dag.py:4180} INFO - Setting next_dagrun for tutorial to 2024-10-11 00:00:00+00:00, run_after=2024-10-12 00:00:00+00:00
[2024-10-12T20:40:11.306+0000] {processor.py:208} INFO - Processing /home/airflow/.local/lib/python3.12/site-packages/airflow/example_dags/tutorial.py took 0.106 seconds
[2024-10-12T20:40:42.162+0000] {processor.py:186} INFO - Started process (PID=715) to work on /home/airflow/.local/lib/python3.12/site-packages/airflow/example_dags/tutorial.py
[2024-10-12T20:40:42.164+0000] {processor.py:914} INFO - Processing file /home/airflow/.local/lib/python3.12/site-packages/airflow/example_dags/tutorial.py for tasks to queue
[2024-10-12T20:40:42.168+0000] {logging_mixin.py:190} INFO - [2024-10-12T20:40:42.168+0000] {dagbag.py:588} INFO - Filling up the DagBag from /home/airflow/.local/lib/python3.12/site-packages/airflow/example_dags/tutorial.py
[2024-10-12T20:40:42.185+0000] {processor.py:925} INFO - DAG(s) 'tutorial' retrieved from /home/airflow/.local/lib/python3.12/site-packages/airflow/example_dags/tutorial.py
[2024-10-12T20:40:42.220+0000] {logging_mixin.py:190} INFO - [2024-10-12T20:40:42.219+0000] {dag.py:3239} INFO - Sync 1 DAGs
[2024-10-12T20:40:42.266+0000] {logging_mixin.py:190} INFO - [2024-10-12T20:40:42.266+0000] {dag.py:4180} INFO - Setting next_dagrun for tutorial to 2024-10-11 00:00:00+00:00, run_after=2024-10-12 00:00:00+00:00
[2024-10-12T20:40:42.301+0000] {processor.py:208} INFO - Processing /home/airflow/.local/lib/python3.12/site-packages/airflow/example_dags/tutorial.py took 0.150 seconds
[2024-10-12T20:41:12.603+0000] {processor.py:186} INFO - Started process (PID=777) to work on /home/airflow/.local/lib/python3.12/site-packages/airflow/example_dags/tutorial.py
[2024-10-12T20:41:12.605+0000] {processor.py:914} INFO - Processing file /home/airflow/.local/lib/python3.12/site-packages/airflow/example_dags/tutorial.py for tasks to queue
[2024-10-12T20:41:12.611+0000] {logging_mixin.py:190} INFO - [2024-10-12T20:41:12.610+0000] {dagbag.py:588} INFO - Filling up the DagBag from /home/airflow/.local/lib/python3.12/site-packages/airflow/example_dags/tutorial.py
[2024-10-12T20:41:12.624+0000] {processor.py:925} INFO - DAG(s) 'tutorial' retrieved from /home/airflow/.local/lib/python3.12/site-packages/airflow/example_dags/tutorial.py
[2024-10-12T20:41:12.669+0000] {logging_mixin.py:190} INFO - [2024-10-12T20:41:12.668+0000] {dag.py:3239} INFO - Sync 1 DAGs
[2024-10-12T20:41:12.748+0000] {logging_mixin.py:190} INFO - [2024-10-12T20:41:12.747+0000] {dag.py:4180} INFO - Setting next_dagrun for tutorial to 2024-10-11 00:00:00+00:00, run_after=2024-10-12 00:00:00+00:00
[2024-10-12T20:41:12.807+0000] {processor.py:208} INFO - Processing /home/airflow/.local/lib/python3.12/site-packages/airflow/example_dags/tutorial.py took 0.222 seconds
[2024-10-12T20:41:43.503+0000] {processor.py:186} INFO - Started process (PID=839) to work on /home/airflow/.local/lib/python3.12/site-packages/airflow/example_dags/tutorial.py
[2024-10-12T20:41:43.505+0000] {processor.py:914} INFO - Processing file /home/airflow/.local/lib/python3.12/site-packages/airflow/example_dags/tutorial.py for tasks to queue
[2024-10-12T20:41:43.508+0000] {logging_mixin.py:190} INFO - [2024-10-12T20:41:43.508+0000] {dagbag.py:588} INFO - Filling up the DagBag from /home/airflow/.local/lib/python3.12/site-packages/airflow/example_dags/tutorial.py
[2024-10-12T20:41:43.520+0000] {processor.py:925} INFO - DAG(s) 'tutorial' retrieved from /home/airflow/.local/lib/python3.12/site-packages/airflow/example_dags/tutorial.py
[2024-10-12T20:41:43.570+0000] {logging_mixin.py:190} INFO - [2024-10-12T20:41:43.569+0000] {dag.py:3239} INFO - Sync 1 DAGs
[2024-10-12T20:41:43.617+0000] {logging_mixin.py:190} INFO - [2024-10-12T20:41:43.617+0000] {dag.py:4180} INFO - Setting next_dagrun for tutorial to 2024-10-11 00:00:00+00:00, run_after=2024-10-12 00:00:00+00:00
[2024-10-12T20:41:43.653+0000] {processor.py:208} INFO - Processing /home/airflow/.local/lib/python3.12/site-packages/airflow/example_dags/tutorial.py took 0.159 seconds
[2024-10-12T20:42:13.788+0000] {processor.py:186} INFO - Started process (PID=901) to work on /home/airflow/.local/lib/python3.12/site-packages/airflow/example_dags/tutorial.py
[2024-10-12T20:42:13.790+0000] {processor.py:914} INFO - Processing file /home/airflow/.local/lib/python3.12/site-packages/airflow/example_dags/tutorial.py for tasks to queue
[2024-10-12T20:42:13.795+0000] {logging_mixin.py:190} INFO - [2024-10-12T20:42:13.793+0000] {dagbag.py:588} INFO - Filling up the DagBag from /home/airflow/.local/lib/python3.12/site-packages/airflow/example_dags/tutorial.py
[2024-10-12T20:42:13.809+0000] {processor.py:925} INFO - DAG(s) 'tutorial' retrieved from /home/airflow/.local/lib/python3.12/site-packages/airflow/example_dags/tutorial.py
[2024-10-12T20:42:13.844+0000] {logging_mixin.py:190} INFO - [2024-10-12T20:42:13.843+0000] {dag.py:3239} INFO - Sync 1 DAGs
[2024-10-12T20:42:13.878+0000] {logging_mixin.py:190} INFO - [2024-10-12T20:42:13.878+0000] {dag.py:4180} INFO - Setting next_dagrun for tutorial to 2024-10-11 00:00:00+00:00, run_after=2024-10-12 00:00:00+00:00
[2024-10-12T20:42:13.905+0000] {processor.py:208} INFO - Processing /home/airflow/.local/lib/python3.12/site-packages/airflow/example_dags/tutorial.py took 0.126 seconds
[2024-10-12T20:42:44.072+0000] {processor.py:186} INFO - Started process (PID=963) to work on /home/airflow/.local/lib/python3.12/site-packages/airflow/example_dags/tutorial.py
[2024-10-12T20:42:44.074+0000] {processor.py:914} INFO - Processing file /home/airflow/.local/lib/python3.12/site-packages/airflow/example_dags/tutorial.py for tasks to queue
[2024-10-12T20:42:44.077+0000] {logging_mixin.py:190} INFO - [2024-10-12T20:42:44.077+0000] {dagbag.py:588} INFO - Filling up the DagBag from /home/airflow/.local/lib/python3.12/site-packages/airflow/example_dags/tutorial.py
[2024-10-12T20:42:44.089+0000] {processor.py:925} INFO - DAG(s) 'tutorial' retrieved from /home/airflow/.local/lib/python3.12/site-packages/airflow/example_dags/tutorial.py
[2024-10-12T20:42:44.118+0000] {logging_mixin.py:190} INFO - [2024-10-12T20:42:44.117+0000] {dag.py:3239} INFO - Sync 1 DAGs
[2024-10-12T20:42:44.159+0000] {logging_mixin.py:190} INFO - [2024-10-12T20:42:44.158+0000] {dag.py:4180} INFO - Setting next_dagrun for tutorial to 2024-10-11 00:00:00+00:00, run_after=2024-10-12 00:00:00+00:00
[2024-10-12T20:42:44.190+0000] {processor.py:208} INFO - Processing /home/airflow/.local/lib/python3.12/site-packages/airflow/example_dags/tutorial.py took 0.127 seconds
[2024-10-12T20:43:14.417+0000] {processor.py:186} INFO - Started process (PID=1025) to work on /home/airflow/.local/lib/python3.12/site-packages/airflow/example_dags/tutorial.py
[2024-10-12T20:43:14.419+0000] {processor.py:914} INFO - Processing file /home/airflow/.local/lib/python3.12/site-packages/airflow/example_dags/tutorial.py for tasks to queue
[2024-10-12T20:43:14.423+0000] {logging_mixin.py:190} INFO - [2024-10-12T20:43:14.422+0000] {dagbag.py:588} INFO - Filling up the DagBag from /home/airflow/.local/lib/python3.12/site-packages/airflow/example_dags/tutorial.py
[2024-10-12T20:43:14.438+0000] {processor.py:925} INFO - DAG(s) 'tutorial' retrieved from /home/airflow/.local/lib/python3.12/site-packages/airflow/example_dags/tutorial.py
[2024-10-12T20:43:14.474+0000] {logging_mixin.py:190} INFO - [2024-10-12T20:43:14.473+0000] {dag.py:3239} INFO - Sync 1 DAGs
[2024-10-12T20:43:14.514+0000] {logging_mixin.py:190} INFO - [2024-10-12T20:43:14.514+0000] {dag.py:4180} INFO - Setting next_dagrun for tutorial to 2024-10-11 00:00:00+00:00, run_after=2024-10-12 00:00:00+00:00
[2024-10-12T20:43:14.539+0000] {processor.py:208} INFO - Processing /home/airflow/.local/lib/python3.12/site-packages/airflow/example_dags/tutorial.py took 0.132 seconds
[2024-10-12T20:43:44.954+0000] {processor.py:186} INFO - Started process (PID=1086) to work on /home/airflow/.local/lib/python3.12/site-packages/airflow/example_dags/tutorial.py
[2024-10-12T20:43:44.956+0000] {processor.py:914} INFO - Processing file /home/airflow/.local/lib/python3.12/site-packages/airflow/example_dags/tutorial.py for tasks to queue
[2024-10-12T20:43:44.960+0000] {logging_mixin.py:190} INFO - [2024-10-12T20:43:44.960+0000] {dagbag.py:588} INFO - Filling up the DagBag from /home/airflow/.local/lib/python3.12/site-packages/airflow/example_dags/tutorial.py
[2024-10-12T20:43:44.975+0000] {processor.py:925} INFO - DAG(s) 'tutorial' retrieved from /home/airflow/.local/lib/python3.12/site-packages/airflow/example_dags/tutorial.py
[2024-10-12T20:43:45.006+0000] {logging_mixin.py:190} INFO - [2024-10-12T20:43:45.006+0000] {dag.py:3239} INFO - Sync 1 DAGs
[2024-10-12T20:43:45.039+0000] {logging_mixin.py:190} INFO - [2024-10-12T20:43:45.039+0000] {dag.py:4180} INFO - Setting next_dagrun for tutorial to 2024-10-11 00:00:00+00:00, run_after=2024-10-12 00:00:00+00:00
[2024-10-12T20:43:45.072+0000] {processor.py:208} INFO - Processing /home/airflow/.local/lib/python3.12/site-packages/airflow/example_dags/tutorial.py took 0.130 seconds
[2024-10-12T20:44:15.573+0000] {processor.py:186} INFO - Started process (PID=1148) to work on /home/airflow/.local/lib/python3.12/site-packages/airflow/example_dags/tutorial.py
[2024-10-12T20:44:15.575+0000] {processor.py:914} INFO - Processing file /home/airflow/.local/lib/python3.12/site-packages/airflow/example_dags/tutorial.py for tasks to queue
[2024-10-12T20:44:15.579+0000] {logging_mixin.py:190} INFO - [2024-10-12T20:44:15.578+0000] {dagbag.py:588} INFO - Filling up the DagBag from /home/airflow/.local/lib/python3.12/site-packages/airflow/example_dags/tutorial.py
[2024-10-12T20:44:15.594+0000] {processor.py:925} INFO - DAG(s) 'tutorial' retrieved from /home/airflow/.local/lib/python3.12/site-packages/airflow/example_dags/tutorial.py
[2024-10-12T20:44:15.632+0000] {logging_mixin.py:190} INFO - [2024-10-12T20:44:15.632+0000] {dag.py:3239} INFO - Sync 1 DAGs
[2024-10-12T20:44:15.668+0000] {logging_mixin.py:190} INFO - [2024-10-12T20:44:15.668+0000] {dag.py:4180} INFO - Setting next_dagrun for tutorial to 2024-10-11 00:00:00+00:00, run_after=2024-10-12 00:00:00+00:00
[2024-10-12T20:44:15.700+0000] {processor.py:208} INFO - Processing /home/airflow/.local/lib/python3.12/site-packages/airflow/example_dags/tutorial.py took 0.136 seconds
[2024-10-12T20:44:46.440+0000] {processor.py:186} INFO - Started process (PID=1210) to work on /home/airflow/.local/lib/python3.12/site-packages/airflow/example_dags/tutorial.py
[2024-10-12T20:44:46.444+0000] {processor.py:914} INFO - Processing file /home/airflow/.local/lib/python3.12/site-packages/airflow/example_dags/tutorial.py for tasks to queue
[2024-10-12T20:44:46.450+0000] {logging_mixin.py:190} INFO - [2024-10-12T20:44:46.449+0000] {dagbag.py:588} INFO - Filling up the DagBag from /home/airflow/.local/lib/python3.12/site-packages/airflow/example_dags/tutorial.py
[2024-10-12T20:44:46.464+0000] {processor.py:925} INFO - DAG(s) 'tutorial' retrieved from /home/airflow/.local/lib/python3.12/site-packages/airflow/example_dags/tutorial.py
[2024-10-12T20:44:46.498+0000] {logging_mixin.py:190} INFO - [2024-10-12T20:44:46.498+0000] {dag.py:3239} INFO - Sync 1 DAGs
[2024-10-12T20:44:46.536+0000] {logging_mixin.py:190} INFO - [2024-10-12T20:44:46.536+0000] {dag.py:4180} INFO - Setting next_dagrun for tutorial to 2024-10-11 00:00:00+00:00, run_after=2024-10-12 00:00:00+00:00
[2024-10-12T20:44:46.575+0000] {processor.py:208} INFO - Processing /home/airflow/.local/lib/python3.12/site-packages/airflow/example_dags/tutorial.py took 0.145 seconds
[2024-10-12T20:45:17.547+0000] {processor.py:186} INFO - Started process (PID=1272) to work on /home/airflow/.local/lib/python3.12/site-packages/airflow/example_dags/tutorial.py
[2024-10-12T20:45:17.549+0000] {processor.py:914} INFO - Processing file /home/airflow/.local/lib/python3.12/site-packages/airflow/example_dags/tutorial.py for tasks to queue
[2024-10-12T20:45:17.555+0000] {logging_mixin.py:190} INFO - [2024-10-12T20:45:17.554+0000] {dagbag.py:588} INFO - Filling up the DagBag from /home/airflow/.local/lib/python3.12/site-packages/airflow/example_dags/tutorial.py
[2024-10-12T20:45:17.572+0000] {processor.py:925} INFO - DAG(s) 'tutorial' retrieved from /home/airflow/.local/lib/python3.12/site-packages/airflow/example_dags/tutorial.py
[2024-10-12T20:45:17.606+0000] {logging_mixin.py:190} INFO - [2024-10-12T20:45:17.606+0000] {dag.py:3239} INFO - Sync 1 DAGs
[2024-10-12T20:45:17.669+0000] {logging_mixin.py:190} INFO - [2024-10-12T20:45:17.668+0000] {dag.py:4180} INFO - Setting next_dagrun for tutorial to 2024-10-11 00:00:00+00:00, run_after=2024-10-12 00:00:00+00:00
[2024-10-12T20:45:17.723+0000] {processor.py:208} INFO - Processing /home/airflow/.local/lib/python3.12/site-packages/airflow/example_dags/tutorial.py took 0.187 seconds
[2024-10-12T20:45:48.530+0000] {processor.py:186} INFO - Started process (PID=1334) to work on /home/airflow/.local/lib/python3.12/site-packages/airflow/example_dags/tutorial.py
[2024-10-12T20:45:48.532+0000] {processor.py:914} INFO - Processing file /home/airflow/.local/lib/python3.12/site-packages/airflow/example_dags/tutorial.py for tasks to queue
[2024-10-12T20:45:48.538+0000] {logging_mixin.py:190} INFO - [2024-10-12T20:45:48.537+0000] {dagbag.py:588} INFO - Filling up the DagBag from /home/airflow/.local/lib/python3.12/site-packages/airflow/example_dags/tutorial.py
[2024-10-12T20:45:48.551+0000] {processor.py:925} INFO - DAG(s) 'tutorial' retrieved from /home/airflow/.local/lib/python3.12/site-packages/airflow/example_dags/tutorial.py
[2024-10-12T20:45:48.584+0000] {logging_mixin.py:190} INFO - [2024-10-12T20:45:48.583+0000] {dag.py:3239} INFO - Sync 1 DAGs
[2024-10-12T20:45:48.626+0000] {logging_mixin.py:190} INFO - [2024-10-12T20:45:48.625+0000] {dag.py:4180} INFO - Setting next_dagrun for tutorial to 2024-10-11 00:00:00+00:00, run_after=2024-10-12 00:00:00+00:00
[2024-10-12T20:45:48.655+0000] {processor.py:208} INFO - Processing /home/airflow/.local/lib/python3.12/site-packages/airflow/example_dags/tutorial.py took 0.136 seconds
[2024-10-12T20:46:18.998+0000] {processor.py:186} INFO - Started process (PID=1396) to work on /home/airflow/.local/lib/python3.12/site-packages/airflow/example_dags/tutorial.py
[2024-10-12T20:46:19.000+0000] {processor.py:914} INFO - Processing file /home/airflow/.local/lib/python3.12/site-packages/airflow/example_dags/tutorial.py for tasks to queue
[2024-10-12T20:46:19.004+0000] {logging_mixin.py:190} INFO - [2024-10-12T20:46:19.003+0000] {dagbag.py:588} INFO - Filling up the DagBag from /home/airflow/.local/lib/python3.12/site-packages/airflow/example_dags/tutorial.py
[2024-10-12T20:46:19.016+0000] {processor.py:925} INFO - DAG(s) 'tutorial' retrieved from /home/airflow/.local/lib/python3.12/site-packages/airflow/example_dags/tutorial.py
[2024-10-12T20:46:19.050+0000] {logging_mixin.py:190} INFO - [2024-10-12T20:46:19.050+0000] {dag.py:3239} INFO - Sync 1 DAGs
[2024-10-12T20:46:19.090+0000] {logging_mixin.py:190} INFO - [2024-10-12T20:46:19.090+0000] {dag.py:4180} INFO - Setting next_dagrun for tutorial to 2024-10-11 00:00:00+00:00, run_after=2024-10-12 00:00:00+00:00
[2024-10-12T20:46:19.120+0000] {processor.py:208} INFO - Processing /home/airflow/.local/lib/python3.12/site-packages/airflow/example_dags/tutorial.py took 0.131 seconds
[2024-10-12T20:46:49.300+0000] {processor.py:186} INFO - Started process (PID=1458) to work on /home/airflow/.local/lib/python3.12/site-packages/airflow/example_dags/tutorial.py
[2024-10-12T20:46:49.301+0000] {processor.py:914} INFO - Processing file /home/airflow/.local/lib/python3.12/site-packages/airflow/example_dags/tutorial.py for tasks to queue
[2024-10-12T20:46:49.305+0000] {logging_mixin.py:190} INFO - [2024-10-12T20:46:49.304+0000] {dagbag.py:588} INFO - Filling up the DagBag from /home/airflow/.local/lib/python3.12/site-packages/airflow/example_dags/tutorial.py
[2024-10-12T20:46:49.317+0000] {processor.py:925} INFO - DAG(s) 'tutorial' retrieved from /home/airflow/.local/lib/python3.12/site-packages/airflow/example_dags/tutorial.py
[2024-10-12T20:46:49.348+0000] {logging_mixin.py:190} INFO - [2024-10-12T20:46:49.348+0000] {dag.py:3239} INFO - Sync 1 DAGs
[2024-10-12T20:46:49.389+0000] {logging_mixin.py:190} INFO - [2024-10-12T20:46:49.389+0000] {dag.py:4180} INFO - Setting next_dagrun for tutorial to 2024-10-11 00:00:00+00:00, run_after=2024-10-12 00:00:00+00:00
[2024-10-12T20:46:49.415+0000] {processor.py:208} INFO - Processing /home/airflow/.local/lib/python3.12/site-packages/airflow/example_dags/tutorial.py took 0.125 seconds
[2024-10-12T20:47:19.697+0000] {processor.py:186} INFO - Started process (PID=1520) to work on /home/airflow/.local/lib/python3.12/site-packages/airflow/example_dags/tutorial.py
[2024-10-12T20:47:19.699+0000] {processor.py:914} INFO - Processing file /home/airflow/.local/lib/python3.12/site-packages/airflow/example_dags/tutorial.py for tasks to queue
[2024-10-12T20:47:19.706+0000] {logging_mixin.py:190} INFO - [2024-10-12T20:47:19.705+0000] {dagbag.py:588} INFO - Filling up the DagBag from /home/airflow/.local/lib/python3.12/site-packages/airflow/example_dags/tutorial.py
[2024-10-12T20:47:19.721+0000] {processor.py:925} INFO - DAG(s) 'tutorial' retrieved from /home/airflow/.local/lib/python3.12/site-packages/airflow/example_dags/tutorial.py
[2024-10-12T20:47:19.752+0000] {logging_mixin.py:190} INFO - [2024-10-12T20:47:19.752+0000] {dag.py:3239} INFO - Sync 1 DAGs
[2024-10-12T20:47:19.785+0000] {logging_mixin.py:190} INFO - [2024-10-12T20:47:19.785+0000] {dag.py:4180} INFO - Setting next_dagrun for tutorial to 2024-10-11 00:00:00+00:00, run_after=2024-10-12 00:00:00+00:00
[2024-10-12T20:47:19.845+0000] {processor.py:208} INFO - Processing /home/airflow/.local/lib/python3.12/site-packages/airflow/example_dags/tutorial.py took 0.161 seconds
[2024-10-12T20:47:50.631+0000] {processor.py:186} INFO - Started process (PID=1582) to work on /home/airflow/.local/lib/python3.12/site-packages/airflow/example_dags/tutorial.py
[2024-10-12T20:47:50.632+0000] {processor.py:914} INFO - Processing file /home/airflow/.local/lib/python3.12/site-packages/airflow/example_dags/tutorial.py for tasks to queue
[2024-10-12T20:47:50.636+0000] {logging_mixin.py:190} INFO - [2024-10-12T20:47:50.636+0000] {dagbag.py:588} INFO - Filling up the DagBag from /home/airflow/.local/lib/python3.12/site-packages/airflow/example_dags/tutorial.py
[2024-10-12T20:47:50.650+0000] {processor.py:925} INFO - DAG(s) 'tutorial' retrieved from /home/airflow/.local/lib/python3.12/site-packages/airflow/example_dags/tutorial.py
[2024-10-12T20:47:50.684+0000] {logging_mixin.py:190} INFO - [2024-10-12T20:47:50.684+0000] {dag.py:3239} INFO - Sync 1 DAGs
[2024-10-12T20:47:50.724+0000] {logging_mixin.py:190} INFO - [2024-10-12T20:47:50.723+0000] {dag.py:4180} INFO - Setting next_dagrun for tutorial to 2024-10-11 00:00:00+00:00, run_after=2024-10-12 00:00:00+00:00
[2024-10-12T20:47:50.754+0000] {processor.py:208} INFO - Processing /home/airflow/.local/lib/python3.12/site-packages/airflow/example_dags/tutorial.py took 0.133 seconds
[2024-10-12T20:48:21.660+0000] {processor.py:186} INFO - Started process (PID=1645) to work on /home/airflow/.local/lib/python3.12/site-packages/airflow/example_dags/tutorial.py
[2024-10-12T20:48:21.662+0000] {processor.py:914} INFO - Processing file /home/airflow/.local/lib/python3.12/site-packages/airflow/example_dags/tutorial.py for tasks to queue
[2024-10-12T20:48:21.666+0000] {logging_mixin.py:190} INFO - [2024-10-12T20:48:21.665+0000] {dagbag.py:588} INFO - Filling up the DagBag from /home/airflow/.local/lib/python3.12/site-packages/airflow/example_dags/tutorial.py
[2024-10-12T20:48:21.681+0000] {processor.py:925} INFO - DAG(s) 'tutorial' retrieved from /home/airflow/.local/lib/python3.12/site-packages/airflow/example_dags/tutorial.py
[2024-10-12T20:48:21.749+0000] {logging_mixin.py:190} INFO - [2024-10-12T20:48:21.749+0000] {dag.py:3239} INFO - Sync 1 DAGs
[2024-10-12T20:48:21.792+0000] {logging_mixin.py:190} INFO - [2024-10-12T20:48:21.791+0000] {dag.py:4180} INFO - Setting next_dagrun for tutorial to 2024-10-11 00:00:00+00:00, run_after=2024-10-12 00:00:00+00:00
[2024-10-12T20:48:21.824+0000] {processor.py:208} INFO - Processing /home/airflow/.local/lib/python3.12/site-packages/airflow/example_dags/tutorial.py took 0.173 seconds
[2024-10-12T20:48:52.717+0000] {processor.py:186} INFO - Started process (PID=1707) to work on /home/airflow/.local/lib/python3.12/site-packages/airflow/example_dags/tutorial.py
[2024-10-12T20:48:52.719+0000] {processor.py:914} INFO - Processing file /home/airflow/.local/lib/python3.12/site-packages/airflow/example_dags/tutorial.py for tasks to queue
[2024-10-12T20:48:52.724+0000] {logging_mixin.py:190} INFO - [2024-10-12T20:48:52.723+0000] {dagbag.py:588} INFO - Filling up the DagBag from /home/airflow/.local/lib/python3.12/site-packages/airflow/example_dags/tutorial.py
[2024-10-12T20:48:52.738+0000] {processor.py:925} INFO - DAG(s) 'tutorial' retrieved from /home/airflow/.local/lib/python3.12/site-packages/airflow/example_dags/tutorial.py
[2024-10-12T20:48:52.776+0000] {logging_mixin.py:190} INFO - [2024-10-12T20:48:52.775+0000] {dag.py:3239} INFO - Sync 1 DAGs
[2024-10-12T20:48:52.816+0000] {logging_mixin.py:190} INFO - [2024-10-12T20:48:52.816+0000] {dag.py:4180} INFO - Setting next_dagrun for tutorial to 2024-10-11 00:00:00+00:00, run_after=2024-10-12 00:00:00+00:00
[2024-10-12T20:48:52.842+0000] {processor.py:208} INFO - Processing /home/airflow/.local/lib/python3.12/site-packages/airflow/example_dags/tutorial.py took 0.134 seconds
[2024-10-12T20:49:23.319+0000] {processor.py:186} INFO - Started process (PID=1769) to work on /home/airflow/.local/lib/python3.12/site-packages/airflow/example_dags/tutorial.py
[2024-10-12T20:49:23.321+0000] {processor.py:914} INFO - Processing file /home/airflow/.local/lib/python3.12/site-packages/airflow/example_dags/tutorial.py for tasks to queue
[2024-10-12T20:49:23.326+0000] {logging_mixin.py:190} INFO - [2024-10-12T20:49:23.326+0000] {dagbag.py:588} INFO - Filling up the DagBag from /home/airflow/.local/lib/python3.12/site-packages/airflow/example_dags/tutorial.py
[2024-10-12T20:49:23.341+0000] {processor.py:925} INFO - DAG(s) 'tutorial' retrieved from /home/airflow/.local/lib/python3.12/site-packages/airflow/example_dags/tutorial.py
[2024-10-12T20:49:23.398+0000] {logging_mixin.py:190} INFO - [2024-10-12T20:49:23.397+0000] {dag.py:3239} INFO - Sync 1 DAGs
[2024-10-12T20:49:23.462+0000] {logging_mixin.py:190} INFO - [2024-10-12T20:49:23.461+0000] {dag.py:4180} INFO - Setting next_dagrun for tutorial to 2024-10-11 00:00:00+00:00, run_after=2024-10-12 00:00:00+00:00
[2024-10-12T20:49:23.496+0000] {processor.py:208} INFO - Processing /home/airflow/.local/lib/python3.12/site-packages/airflow/example_dags/tutorial.py took 0.187 seconds
[2024-10-12T20:49:53.684+0000] {processor.py:186} INFO - Started process (PID=1831) to work on /home/airflow/.local/lib/python3.12/site-packages/airflow/example_dags/tutorial.py
[2024-10-12T20:49:53.686+0000] {processor.py:914} INFO - Processing file /home/airflow/.local/lib/python3.12/site-packages/airflow/example_dags/tutorial.py for tasks to queue
[2024-10-12T20:49:53.692+0000] {logging_mixin.py:190} INFO - [2024-10-12T20:49:53.691+0000] {dagbag.py:588} INFO - Filling up the DagBag from /home/airflow/.local/lib/python3.12/site-packages/airflow/example_dags/tutorial.py
[2024-10-12T20:49:53.709+0000] {processor.py:925} INFO - DAG(s) 'tutorial' retrieved from /home/airflow/.local/lib/python3.12/site-packages/airflow/example_dags/tutorial.py
[2024-10-12T20:49:53.744+0000] {logging_mixin.py:190} INFO - [2024-10-12T20:49:53.743+0000] {dag.py:3239} INFO - Sync 1 DAGs
[2024-10-12T20:49:53.779+0000] {logging_mixin.py:190} INFO - [2024-10-12T20:49:53.779+0000] {dag.py:4180} INFO - Setting next_dagrun for tutorial to 2024-10-11 00:00:00+00:00, run_after=2024-10-12 00:00:00+00:00
[2024-10-12T20:49:53.806+0000] {processor.py:208} INFO - Processing /home/airflow/.local/lib/python3.12/site-packages/airflow/example_dags/tutorial.py took 0.134 seconds
