[2024-10-12T20:35:32.726+0000] {processor.py:186} INFO - Started process (PID=88) to work on /home/airflow/.local/lib/python3.12/site-packages/airflow/example_dags/tutorial_dag.py
[2024-10-12T20:35:32.728+0000] {processor.py:914} INFO - Processing file /home/airflow/.local/lib/python3.12/site-packages/airflow/example_dags/tutorial_dag.py for tasks to queue
[2024-10-12T20:35:32.735+0000] {logging_mixin.py:190} INFO - [2024-10-12T20:35:32.734+0000] {dagbag.py:588} INFO - Filling up the DagBag from /home/airflow/.local/lib/python3.12/site-packages/airflow/example_dags/tutorial_dag.py
[2024-10-12T20:35:32.764+0000] {processor.py:925} INFO - DAG(s) 'tutorial_dag' retrieved from /home/airflow/.local/lib/python3.12/site-packages/airflow/example_dags/tutorial_dag.py
[2024-10-12T20:35:32.924+0000] {logging_mixin.py:190} INFO - [2024-10-12T20:35:32.923+0000] {override.py:1900} INFO - Created Permission View: can delete on DAG:tutorial_dag
[2024-10-12T20:35:32.939+0000] {logging_mixin.py:190} INFO - [2024-10-12T20:35:32.938+0000] {override.py:1900} INFO - Created Permission View: can edit on DAG:tutorial_dag
[2024-10-12T20:35:32.965+0000] {logging_mixin.py:190} INFO - [2024-10-12T20:35:32.965+0000] {override.py:1900} INFO - Created Permission View: can read on DAG:tutorial_dag
[2024-10-12T20:35:32.978+0000] {logging_mixin.py:190} INFO - [2024-10-12T20:35:32.977+0000] {override.py:1900} INFO - Created Permission View: can delete on DAG Run:tutorial_dag
[2024-10-12T20:35:32.991+0000] {logging_mixin.py:190} INFO - [2024-10-12T20:35:32.990+0000] {override.py:1900} INFO - Created Permission View: can create on DAG Run:tutorial_dag
[2024-10-12T20:35:33.000+0000] {logging_mixin.py:190} INFO - [2024-10-12T20:35:33.000+0000] {override.py:1900} INFO - Created Permission View: menu access on DAG Run:tutorial_dag
[2024-10-12T20:35:33.010+0000] {logging_mixin.py:190} INFO - [2024-10-12T20:35:33.009+0000] {override.py:1900} INFO - Created Permission View: can read on DAG Run:tutorial_dag
[2024-10-12T20:35:33.011+0000] {logging_mixin.py:190} INFO - [2024-10-12T20:35:33.010+0000] {dag.py:3239} INFO - Sync 1 DAGs
[2024-10-12T20:35:33.028+0000] {logging_mixin.py:190} INFO - [2024-10-12T20:35:33.028+0000] {dag.py:3262} INFO - Creating ORM DAG for tutorial_dag
[2024-10-12T20:35:33.029+0000] {logging_mixin.py:190} INFO - [2024-10-12T20:35:33.029+0000] {dag.py:4180} INFO - Setting next_dagrun for tutorial_dag to None, run_after=None
[2024-10-12T20:35:33.051+0000] {processor.py:208} INFO - Processing /home/airflow/.local/lib/python3.12/site-packages/airflow/example_dags/tutorial_dag.py took 0.336 seconds
[2024-10-12T20:36:03.859+0000] {processor.py:186} INFO - Started process (PID=150) to work on /home/airflow/.local/lib/python3.12/site-packages/airflow/example_dags/tutorial_dag.py
[2024-10-12T20:36:03.860+0000] {processor.py:914} INFO - Processing file /home/airflow/.local/lib/python3.12/site-packages/airflow/example_dags/tutorial_dag.py for tasks to queue
[2024-10-12T20:36:03.863+0000] {logging_mixin.py:190} INFO - [2024-10-12T20:36:03.863+0000] {dagbag.py:588} INFO - Filling up the DagBag from /home/airflow/.local/lib/python3.12/site-packages/airflow/example_dags/tutorial_dag.py
[2024-10-12T20:36:03.872+0000] {processor.py:925} INFO - DAG(s) 'tutorial_dag' retrieved from /home/airflow/.local/lib/python3.12/site-packages/airflow/example_dags/tutorial_dag.py
[2024-10-12T20:36:03.895+0000] {logging_mixin.py:190} INFO - [2024-10-12T20:36:03.895+0000] {dag.py:3239} INFO - Sync 1 DAGs
[2024-10-12T20:36:03.914+0000] {logging_mixin.py:190} INFO - [2024-10-12T20:36:03.914+0000] {dag.py:4180} INFO - Setting next_dagrun for tutorial_dag to None, run_after=None
[2024-10-12T20:36:03.939+0000] {processor.py:208} INFO - Processing /home/airflow/.local/lib/python3.12/site-packages/airflow/example_dags/tutorial_dag.py took 0.087 seconds
[2024-10-12T20:36:34.832+0000] {processor.py:186} INFO - Started process (PID=212) to work on /home/airflow/.local/lib/python3.12/site-packages/airflow/example_dags/tutorial_dag.py
[2024-10-12T20:36:34.834+0000] {processor.py:914} INFO - Processing file /home/airflow/.local/lib/python3.12/site-packages/airflow/example_dags/tutorial_dag.py for tasks to queue
[2024-10-12T20:36:34.839+0000] {logging_mixin.py:190} INFO - [2024-10-12T20:36:34.838+0000] {dagbag.py:588} INFO - Filling up the DagBag from /home/airflow/.local/lib/python3.12/site-packages/airflow/example_dags/tutorial_dag.py
[2024-10-12T20:36:34.851+0000] {processor.py:925} INFO - DAG(s) 'tutorial_dag' retrieved from /home/airflow/.local/lib/python3.12/site-packages/airflow/example_dags/tutorial_dag.py
[2024-10-12T20:36:34.908+0000] {logging_mixin.py:190} INFO - [2024-10-12T20:36:34.906+0000] {dag.py:3239} INFO - Sync 1 DAGs
[2024-10-12T20:36:34.943+0000] {logging_mixin.py:190} INFO - [2024-10-12T20:36:34.942+0000] {dag.py:4180} INFO - Setting next_dagrun for tutorial_dag to None, run_after=None
[2024-10-12T20:36:34.980+0000] {processor.py:208} INFO - Processing /home/airflow/.local/lib/python3.12/site-packages/airflow/example_dags/tutorial_dag.py took 0.158 seconds
[2024-10-12T20:37:05.320+0000] {processor.py:186} INFO - Started process (PID=274) to work on /home/airflow/.local/lib/python3.12/site-packages/airflow/example_dags/tutorial_dag.py
[2024-10-12T20:37:05.322+0000] {processor.py:914} INFO - Processing file /home/airflow/.local/lib/python3.12/site-packages/airflow/example_dags/tutorial_dag.py for tasks to queue
[2024-10-12T20:37:05.326+0000] {logging_mixin.py:190} INFO - [2024-10-12T20:37:05.326+0000] {dagbag.py:588} INFO - Filling up the DagBag from /home/airflow/.local/lib/python3.12/site-packages/airflow/example_dags/tutorial_dag.py
[2024-10-12T20:37:05.340+0000] {processor.py:925} INFO - DAG(s) 'tutorial_dag' retrieved from /home/airflow/.local/lib/python3.12/site-packages/airflow/example_dags/tutorial_dag.py
[2024-10-12T20:37:05.368+0000] {logging_mixin.py:190} INFO - [2024-10-12T20:37:05.368+0000] {dag.py:3239} INFO - Sync 1 DAGs
[2024-10-12T20:37:05.395+0000] {logging_mixin.py:190} INFO - [2024-10-12T20:37:05.395+0000] {dag.py:4180} INFO - Setting next_dagrun for tutorial_dag to None, run_after=None
[2024-10-12T20:37:05.422+0000] {processor.py:208} INFO - Processing /home/airflow/.local/lib/python3.12/site-packages/airflow/example_dags/tutorial_dag.py took 0.114 seconds
[2024-10-12T20:37:36.196+0000] {processor.py:186} INFO - Started process (PID=336) to work on /home/airflow/.local/lib/python3.12/site-packages/airflow/example_dags/tutorial_dag.py
[2024-10-12T20:37:36.198+0000] {processor.py:914} INFO - Processing file /home/airflow/.local/lib/python3.12/site-packages/airflow/example_dags/tutorial_dag.py for tasks to queue
[2024-10-12T20:37:36.203+0000] {logging_mixin.py:190} INFO - [2024-10-12T20:37:36.202+0000] {dagbag.py:588} INFO - Filling up the DagBag from /home/airflow/.local/lib/python3.12/site-packages/airflow/example_dags/tutorial_dag.py
[2024-10-12T20:37:36.217+0000] {processor.py:925} INFO - DAG(s) 'tutorial_dag' retrieved from /home/airflow/.local/lib/python3.12/site-packages/airflow/example_dags/tutorial_dag.py
[2024-10-12T20:37:36.255+0000] {logging_mixin.py:190} INFO - [2024-10-12T20:37:36.254+0000] {dag.py:3239} INFO - Sync 1 DAGs
[2024-10-12T20:37:36.279+0000] {logging_mixin.py:190} INFO - [2024-10-12T20:37:36.279+0000] {dag.py:4180} INFO - Setting next_dagrun for tutorial_dag to None, run_after=None
[2024-10-12T20:37:36.318+0000] {processor.py:208} INFO - Processing /home/airflow/.local/lib/python3.12/site-packages/airflow/example_dags/tutorial_dag.py took 0.134 seconds
[2024-10-12T20:38:07.303+0000] {processor.py:186} INFO - Started process (PID=398) to work on /home/airflow/.local/lib/python3.12/site-packages/airflow/example_dags/tutorial_dag.py
[2024-10-12T20:38:07.308+0000] {processor.py:914} INFO - Processing file /home/airflow/.local/lib/python3.12/site-packages/airflow/example_dags/tutorial_dag.py for tasks to queue
[2024-10-12T20:38:07.324+0000] {logging_mixin.py:190} INFO - [2024-10-12T20:38:07.323+0000] {dagbag.py:588} INFO - Filling up the DagBag from /home/airflow/.local/lib/python3.12/site-packages/airflow/example_dags/tutorial_dag.py
[2024-10-12T20:38:07.350+0000] {processor.py:925} INFO - DAG(s) 'tutorial_dag' retrieved from /home/airflow/.local/lib/python3.12/site-packages/airflow/example_dags/tutorial_dag.py
[2024-10-12T20:38:07.417+0000] {logging_mixin.py:190} INFO - [2024-10-12T20:38:07.416+0000] {dag.py:3239} INFO - Sync 1 DAGs
[2024-10-12T20:38:07.443+0000] {logging_mixin.py:190} INFO - [2024-10-12T20:38:07.443+0000] {dag.py:4180} INFO - Setting next_dagrun for tutorial_dag to None, run_after=None
[2024-10-12T20:38:07.495+0000] {processor.py:208} INFO - Processing /home/airflow/.local/lib/python3.12/site-packages/airflow/example_dags/tutorial_dag.py took 0.216 seconds
[2024-10-12T20:38:37.581+0000] {processor.py:186} INFO - Started process (PID=460) to work on /home/airflow/.local/lib/python3.12/site-packages/airflow/example_dags/tutorial_dag.py
[2024-10-12T20:38:37.582+0000] {processor.py:914} INFO - Processing file /home/airflow/.local/lib/python3.12/site-packages/airflow/example_dags/tutorial_dag.py for tasks to queue
[2024-10-12T20:38:37.586+0000] {logging_mixin.py:190} INFO - [2024-10-12T20:38:37.586+0000] {dagbag.py:588} INFO - Filling up the DagBag from /home/airflow/.local/lib/python3.12/site-packages/airflow/example_dags/tutorial_dag.py
[2024-10-12T20:38:37.600+0000] {processor.py:925} INFO - DAG(s) 'tutorial_dag' retrieved from /home/airflow/.local/lib/python3.12/site-packages/airflow/example_dags/tutorial_dag.py
[2024-10-12T20:38:37.632+0000] {logging_mixin.py:190} INFO - [2024-10-12T20:38:37.632+0000] {dag.py:3239} INFO - Sync 1 DAGs
[2024-10-12T20:38:37.657+0000] {logging_mixin.py:190} INFO - [2024-10-12T20:38:37.656+0000] {dag.py:4180} INFO - Setting next_dagrun for tutorial_dag to None, run_after=None
[2024-10-12T20:38:37.696+0000] {processor.py:208} INFO - Processing /home/airflow/.local/lib/python3.12/site-packages/airflow/example_dags/tutorial_dag.py took 0.128 seconds
[2024-10-12T20:39:08.331+0000] {processor.py:186} INFO - Started process (PID=522) to work on /home/airflow/.local/lib/python3.12/site-packages/airflow/example_dags/tutorial_dag.py
[2024-10-12T20:39:08.333+0000] {processor.py:914} INFO - Processing file /home/airflow/.local/lib/python3.12/site-packages/airflow/example_dags/tutorial_dag.py for tasks to queue
[2024-10-12T20:39:08.338+0000] {logging_mixin.py:190} INFO - [2024-10-12T20:39:08.337+0000] {dagbag.py:588} INFO - Filling up the DagBag from /home/airflow/.local/lib/python3.12/site-packages/airflow/example_dags/tutorial_dag.py
[2024-10-12T20:39:08.353+0000] {processor.py:925} INFO - DAG(s) 'tutorial_dag' retrieved from /home/airflow/.local/lib/python3.12/site-packages/airflow/example_dags/tutorial_dag.py
[2024-10-12T20:39:08.386+0000] {logging_mixin.py:190} INFO - [2024-10-12T20:39:08.385+0000] {dag.py:3239} INFO - Sync 1 DAGs
[2024-10-12T20:39:08.414+0000] {logging_mixin.py:190} INFO - [2024-10-12T20:39:08.414+0000] {dag.py:4180} INFO - Setting next_dagrun for tutorial_dag to None, run_after=None
[2024-10-12T20:39:08.456+0000] {processor.py:208} INFO - Processing /home/airflow/.local/lib/python3.12/site-packages/airflow/example_dags/tutorial_dag.py took 0.137 seconds
[2024-10-12T20:39:38.804+0000] {processor.py:186} INFO - Started process (PID=584) to work on /home/airflow/.local/lib/python3.12/site-packages/airflow/example_dags/tutorial_dag.py
[2024-10-12T20:39:38.806+0000] {processor.py:914} INFO - Processing file /home/airflow/.local/lib/python3.12/site-packages/airflow/example_dags/tutorial_dag.py for tasks to queue
[2024-10-12T20:39:38.813+0000] {logging_mixin.py:190} INFO - [2024-10-12T20:39:38.812+0000] {dagbag.py:588} INFO - Filling up the DagBag from /home/airflow/.local/lib/python3.12/site-packages/airflow/example_dags/tutorial_dag.py
[2024-10-12T20:39:38.829+0000] {processor.py:925} INFO - DAG(s) 'tutorial_dag' retrieved from /home/airflow/.local/lib/python3.12/site-packages/airflow/example_dags/tutorial_dag.py
[2024-10-12T20:39:38.871+0000] {logging_mixin.py:190} INFO - [2024-10-12T20:39:38.870+0000] {dag.py:3239} INFO - Sync 1 DAGs
[2024-10-12T20:39:38.902+0000] {logging_mixin.py:190} INFO - [2024-10-12T20:39:38.901+0000] {dag.py:4180} INFO - Setting next_dagrun for tutorial_dag to None, run_after=None
[2024-10-12T20:39:38.954+0000] {processor.py:208} INFO - Processing /home/airflow/.local/lib/python3.12/site-packages/airflow/example_dags/tutorial_dag.py took 0.165 seconds
[2024-10-12T20:40:09.357+0000] {processor.py:186} INFO - Started process (PID=645) to work on /home/airflow/.local/lib/python3.12/site-packages/airflow/example_dags/tutorial_dag.py
[2024-10-12T20:40:09.358+0000] {processor.py:914} INFO - Processing file /home/airflow/.local/lib/python3.12/site-packages/airflow/example_dags/tutorial_dag.py for tasks to queue
[2024-10-12T20:40:09.362+0000] {logging_mixin.py:190} INFO - [2024-10-12T20:40:09.362+0000] {dagbag.py:588} INFO - Filling up the DagBag from /home/airflow/.local/lib/python3.12/site-packages/airflow/example_dags/tutorial_dag.py
[2024-10-12T20:40:09.371+0000] {processor.py:925} INFO - DAG(s) 'tutorial_dag' retrieved from /home/airflow/.local/lib/python3.12/site-packages/airflow/example_dags/tutorial_dag.py
[2024-10-12T20:40:09.393+0000] {logging_mixin.py:190} INFO - [2024-10-12T20:40:09.393+0000] {dag.py:3239} INFO - Sync 1 DAGs
[2024-10-12T20:40:09.419+0000] {logging_mixin.py:190} INFO - [2024-10-12T20:40:09.419+0000] {dag.py:4180} INFO - Setting next_dagrun for tutorial_dag to None, run_after=None
[2024-10-12T20:40:09.445+0000] {processor.py:208} INFO - Processing /home/airflow/.local/lib/python3.12/site-packages/airflow/example_dags/tutorial_dag.py took 0.097 seconds
[2024-10-12T20:40:40.262+0000] {processor.py:186} INFO - Started process (PID=707) to work on /home/airflow/.local/lib/python3.12/site-packages/airflow/example_dags/tutorial_dag.py
[2024-10-12T20:40:40.265+0000] {processor.py:914} INFO - Processing file /home/airflow/.local/lib/python3.12/site-packages/airflow/example_dags/tutorial_dag.py for tasks to queue
[2024-10-12T20:40:40.270+0000] {logging_mixin.py:190} INFO - [2024-10-12T20:40:40.269+0000] {dagbag.py:588} INFO - Filling up the DagBag from /home/airflow/.local/lib/python3.12/site-packages/airflow/example_dags/tutorial_dag.py
[2024-10-12T20:40:40.283+0000] {processor.py:925} INFO - DAG(s) 'tutorial_dag' retrieved from /home/airflow/.local/lib/python3.12/site-packages/airflow/example_dags/tutorial_dag.py
[2024-10-12T20:40:40.313+0000] {logging_mixin.py:190} INFO - [2024-10-12T20:40:40.313+0000] {dag.py:3239} INFO - Sync 1 DAGs
[2024-10-12T20:40:40.334+0000] {logging_mixin.py:190} INFO - [2024-10-12T20:40:40.334+0000] {dag.py:4180} INFO - Setting next_dagrun for tutorial_dag to None, run_after=None
[2024-10-12T20:40:40.379+0000] {processor.py:208} INFO - Processing /home/airflow/.local/lib/python3.12/site-packages/airflow/example_dags/tutorial_dag.py took 0.126 seconds
[2024-10-12T20:41:10.736+0000] {processor.py:186} INFO - Started process (PID=769) to work on /home/airflow/.local/lib/python3.12/site-packages/airflow/example_dags/tutorial_dag.py
[2024-10-12T20:41:10.738+0000] {processor.py:914} INFO - Processing file /home/airflow/.local/lib/python3.12/site-packages/airflow/example_dags/tutorial_dag.py for tasks to queue
[2024-10-12T20:41:10.744+0000] {logging_mixin.py:190} INFO - [2024-10-12T20:41:10.743+0000] {dagbag.py:588} INFO - Filling up the DagBag from /home/airflow/.local/lib/python3.12/site-packages/airflow/example_dags/tutorial_dag.py
[2024-10-12T20:41:10.758+0000] {processor.py:925} INFO - DAG(s) 'tutorial_dag' retrieved from /home/airflow/.local/lib/python3.12/site-packages/airflow/example_dags/tutorial_dag.py
[2024-10-12T20:41:10.800+0000] {logging_mixin.py:190} INFO - [2024-10-12T20:41:10.800+0000] {dag.py:3239} INFO - Sync 1 DAGs
[2024-10-12T20:41:10.831+0000] {logging_mixin.py:190} INFO - [2024-10-12T20:41:10.830+0000] {dag.py:4180} INFO - Setting next_dagrun for tutorial_dag to None, run_after=None
[2024-10-12T20:41:10.863+0000] {processor.py:208} INFO - Processing /home/airflow/.local/lib/python3.12/site-packages/airflow/example_dags/tutorial_dag.py took 0.140 seconds
[2024-10-12T20:41:41.575+0000] {processor.py:186} INFO - Started process (PID=831) to work on /home/airflow/.local/lib/python3.12/site-packages/airflow/example_dags/tutorial_dag.py
[2024-10-12T20:41:41.576+0000] {processor.py:914} INFO - Processing file /home/airflow/.local/lib/python3.12/site-packages/airflow/example_dags/tutorial_dag.py for tasks to queue
[2024-10-12T20:41:41.581+0000] {logging_mixin.py:190} INFO - [2024-10-12T20:41:41.579+0000] {dagbag.py:588} INFO - Filling up the DagBag from /home/airflow/.local/lib/python3.12/site-packages/airflow/example_dags/tutorial_dag.py
[2024-10-12T20:41:41.594+0000] {processor.py:925} INFO - DAG(s) 'tutorial_dag' retrieved from /home/airflow/.local/lib/python3.12/site-packages/airflow/example_dags/tutorial_dag.py
[2024-10-12T20:41:41.623+0000] {logging_mixin.py:190} INFO - [2024-10-12T20:41:41.623+0000] {dag.py:3239} INFO - Sync 1 DAGs
[2024-10-12T20:41:41.644+0000] {logging_mixin.py:190} INFO - [2024-10-12T20:41:41.643+0000] {dag.py:4180} INFO - Setting next_dagrun for tutorial_dag to None, run_after=None
[2024-10-12T20:41:41.677+0000] {processor.py:208} INFO - Processing /home/airflow/.local/lib/python3.12/site-packages/airflow/example_dags/tutorial_dag.py took 0.112 seconds
[2024-10-12T20:42:11.907+0000] {processor.py:186} INFO - Started process (PID=893) to work on /home/airflow/.local/lib/python3.12/site-packages/airflow/example_dags/tutorial_dag.py
[2024-10-12T20:42:11.910+0000] {processor.py:914} INFO - Processing file /home/airflow/.local/lib/python3.12/site-packages/airflow/example_dags/tutorial_dag.py for tasks to queue
[2024-10-12T20:42:11.915+0000] {logging_mixin.py:190} INFO - [2024-10-12T20:42:11.914+0000] {dagbag.py:588} INFO - Filling up the DagBag from /home/airflow/.local/lib/python3.12/site-packages/airflow/example_dags/tutorial_dag.py
[2024-10-12T20:42:11.930+0000] {processor.py:925} INFO - DAG(s) 'tutorial_dag' retrieved from /home/airflow/.local/lib/python3.12/site-packages/airflow/example_dags/tutorial_dag.py
[2024-10-12T20:42:11.966+0000] {logging_mixin.py:190} INFO - [2024-10-12T20:42:11.966+0000] {dag.py:3239} INFO - Sync 1 DAGs
[2024-10-12T20:42:11.993+0000] {logging_mixin.py:190} INFO - [2024-10-12T20:42:11.993+0000] {dag.py:4180} INFO - Setting next_dagrun for tutorial_dag to None, run_after=None
[2024-10-12T20:42:12.031+0000] {processor.py:208} INFO - Processing /home/airflow/.local/lib/python3.12/site-packages/airflow/example_dags/tutorial_dag.py took 0.135 seconds
[2024-10-12T20:42:43.355+0000] {processor.py:186} INFO - Started process (PID=955) to work on /home/airflow/.local/lib/python3.12/site-packages/airflow/example_dags/tutorial_dag.py
[2024-10-12T20:42:43.357+0000] {processor.py:914} INFO - Processing file /home/airflow/.local/lib/python3.12/site-packages/airflow/example_dags/tutorial_dag.py for tasks to queue
[2024-10-12T20:42:43.362+0000] {logging_mixin.py:190} INFO - [2024-10-12T20:42:43.361+0000] {dagbag.py:588} INFO - Filling up the DagBag from /home/airflow/.local/lib/python3.12/site-packages/airflow/example_dags/tutorial_dag.py
[2024-10-12T20:42:43.377+0000] {processor.py:925} INFO - DAG(s) 'tutorial_dag' retrieved from /home/airflow/.local/lib/python3.12/site-packages/airflow/example_dags/tutorial_dag.py
[2024-10-12T20:42:43.409+0000] {logging_mixin.py:190} INFO - [2024-10-12T20:42:43.409+0000] {dag.py:3239} INFO - Sync 1 DAGs
[2024-10-12T20:42:43.432+0000] {logging_mixin.py:190} INFO - [2024-10-12T20:42:43.431+0000] {dag.py:4180} INFO - Setting next_dagrun for tutorial_dag to None, run_after=None
[2024-10-12T20:42:43.461+0000] {processor.py:208} INFO - Processing /home/airflow/.local/lib/python3.12/site-packages/airflow/example_dags/tutorial_dag.py took 0.118 seconds
[2024-10-12T20:43:13.694+0000] {processor.py:186} INFO - Started process (PID=1017) to work on /home/airflow/.local/lib/python3.12/site-packages/airflow/example_dags/tutorial_dag.py
[2024-10-12T20:43:13.696+0000] {processor.py:914} INFO - Processing file /home/airflow/.local/lib/python3.12/site-packages/airflow/example_dags/tutorial_dag.py for tasks to queue
[2024-10-12T20:43:13.703+0000] {logging_mixin.py:190} INFO - [2024-10-12T20:43:13.702+0000] {dagbag.py:588} INFO - Filling up the DagBag from /home/airflow/.local/lib/python3.12/site-packages/airflow/example_dags/tutorial_dag.py
[2024-10-12T20:43:13.723+0000] {processor.py:925} INFO - DAG(s) 'tutorial_dag' retrieved from /home/airflow/.local/lib/python3.12/site-packages/airflow/example_dags/tutorial_dag.py
[2024-10-12T20:43:13.760+0000] {logging_mixin.py:190} INFO - [2024-10-12T20:43:13.759+0000] {dag.py:3239} INFO - Sync 1 DAGs
[2024-10-12T20:43:13.786+0000] {logging_mixin.py:190} INFO - [2024-10-12T20:43:13.785+0000] {dag.py:4180} INFO - Setting next_dagrun for tutorial_dag to None, run_after=None
[2024-10-12T20:43:13.823+0000] {processor.py:208} INFO - Processing /home/airflow/.local/lib/python3.12/site-packages/airflow/example_dags/tutorial_dag.py took 0.142 seconds
[2024-10-12T20:43:44.244+0000] {processor.py:186} INFO - Started process (PID=1078) to work on /home/airflow/.local/lib/python3.12/site-packages/airflow/example_dags/tutorial_dag.py
[2024-10-12T20:43:44.245+0000] {processor.py:914} INFO - Processing file /home/airflow/.local/lib/python3.12/site-packages/airflow/example_dags/tutorial_dag.py for tasks to queue
[2024-10-12T20:43:44.251+0000] {logging_mixin.py:190} INFO - [2024-10-12T20:43:44.250+0000] {dagbag.py:588} INFO - Filling up the DagBag from /home/airflow/.local/lib/python3.12/site-packages/airflow/example_dags/tutorial_dag.py
[2024-10-12T20:43:44.265+0000] {processor.py:925} INFO - DAG(s) 'tutorial_dag' retrieved from /home/airflow/.local/lib/python3.12/site-packages/airflow/example_dags/tutorial_dag.py
[2024-10-12T20:43:44.296+0000] {logging_mixin.py:190} INFO - [2024-10-12T20:43:44.296+0000] {dag.py:3239} INFO - Sync 1 DAGs
[2024-10-12T20:43:44.318+0000] {logging_mixin.py:190} INFO - [2024-10-12T20:43:44.318+0000] {dag.py:4180} INFO - Setting next_dagrun for tutorial_dag to None, run_after=None
[2024-10-12T20:43:44.350+0000] {processor.py:208} INFO - Processing /home/airflow/.local/lib/python3.12/site-packages/airflow/example_dags/tutorial_dag.py took 0.117 seconds
[2024-10-12T20:44:14.815+0000] {processor.py:186} INFO - Started process (PID=1140) to work on /home/airflow/.local/lib/python3.12/site-packages/airflow/example_dags/tutorial_dag.py
[2024-10-12T20:44:14.817+0000] {processor.py:914} INFO - Processing file /home/airflow/.local/lib/python3.12/site-packages/airflow/example_dags/tutorial_dag.py for tasks to queue
[2024-10-12T20:44:14.821+0000] {logging_mixin.py:190} INFO - [2024-10-12T20:44:14.821+0000] {dagbag.py:588} INFO - Filling up the DagBag from /home/airflow/.local/lib/python3.12/site-packages/airflow/example_dags/tutorial_dag.py
[2024-10-12T20:44:14.835+0000] {processor.py:925} INFO - DAG(s) 'tutorial_dag' retrieved from /home/airflow/.local/lib/python3.12/site-packages/airflow/example_dags/tutorial_dag.py
[2024-10-12T20:44:14.866+0000] {logging_mixin.py:190} INFO - [2024-10-12T20:44:14.865+0000] {dag.py:3239} INFO - Sync 1 DAGs
[2024-10-12T20:44:14.888+0000] {logging_mixin.py:190} INFO - [2024-10-12T20:44:14.888+0000] {dag.py:4180} INFO - Setting next_dagrun for tutorial_dag to None, run_after=None
[2024-10-12T20:44:14.920+0000] {processor.py:208} INFO - Processing /home/airflow/.local/lib/python3.12/site-packages/airflow/example_dags/tutorial_dag.py took 0.115 seconds
[2024-10-12T20:44:45.638+0000] {processor.py:186} INFO - Started process (PID=1202) to work on /home/airflow/.local/lib/python3.12/site-packages/airflow/example_dags/tutorial_dag.py
[2024-10-12T20:44:45.640+0000] {processor.py:914} INFO - Processing file /home/airflow/.local/lib/python3.12/site-packages/airflow/example_dags/tutorial_dag.py for tasks to queue
[2024-10-12T20:44:45.644+0000] {logging_mixin.py:190} INFO - [2024-10-12T20:44:45.644+0000] {dagbag.py:588} INFO - Filling up the DagBag from /home/airflow/.local/lib/python3.12/site-packages/airflow/example_dags/tutorial_dag.py
[2024-10-12T20:44:45.655+0000] {processor.py:925} INFO - DAG(s) 'tutorial_dag' retrieved from /home/airflow/.local/lib/python3.12/site-packages/airflow/example_dags/tutorial_dag.py
[2024-10-12T20:44:45.694+0000] {logging_mixin.py:190} INFO - [2024-10-12T20:44:45.693+0000] {dag.py:3239} INFO - Sync 1 DAGs
[2024-10-12T20:44:45.717+0000] {logging_mixin.py:190} INFO - [2024-10-12T20:44:45.717+0000] {dag.py:4180} INFO - Setting next_dagrun for tutorial_dag to None, run_after=None
[2024-10-12T20:44:45.755+0000] {processor.py:208} INFO - Processing /home/airflow/.local/lib/python3.12/site-packages/airflow/example_dags/tutorial_dag.py took 0.127 seconds
[2024-10-12T20:45:16.495+0000] {processor.py:186} INFO - Started process (PID=1264) to work on /home/airflow/.local/lib/python3.12/site-packages/airflow/example_dags/tutorial_dag.py
[2024-10-12T20:45:16.497+0000] {processor.py:914} INFO - Processing file /home/airflow/.local/lib/python3.12/site-packages/airflow/example_dags/tutorial_dag.py for tasks to queue
[2024-10-12T20:45:16.506+0000] {logging_mixin.py:190} INFO - [2024-10-12T20:45:16.505+0000] {dagbag.py:588} INFO - Filling up the DagBag from /home/airflow/.local/lib/python3.12/site-packages/airflow/example_dags/tutorial_dag.py
[2024-10-12T20:45:16.529+0000] {processor.py:925} INFO - DAG(s) 'tutorial_dag' retrieved from /home/airflow/.local/lib/python3.12/site-packages/airflow/example_dags/tutorial_dag.py
[2024-10-12T20:45:16.572+0000] {logging_mixin.py:190} INFO - [2024-10-12T20:45:16.571+0000] {dag.py:3239} INFO - Sync 1 DAGs
[2024-10-12T20:45:16.603+0000] {logging_mixin.py:190} INFO - [2024-10-12T20:45:16.602+0000] {dag.py:4180} INFO - Setting next_dagrun for tutorial_dag to None, run_after=None
[2024-10-12T20:45:16.640+0000] {processor.py:208} INFO - Processing /home/airflow/.local/lib/python3.12/site-packages/airflow/example_dags/tutorial_dag.py took 0.163 seconds
[2024-10-12T20:45:46.717+0000] {processor.py:186} INFO - Started process (PID=1326) to work on /home/airflow/.local/lib/python3.12/site-packages/airflow/example_dags/tutorial_dag.py
[2024-10-12T20:45:46.719+0000] {processor.py:914} INFO - Processing file /home/airflow/.local/lib/python3.12/site-packages/airflow/example_dags/tutorial_dag.py for tasks to queue
[2024-10-12T20:45:46.724+0000] {logging_mixin.py:190} INFO - [2024-10-12T20:45:46.723+0000] {dagbag.py:588} INFO - Filling up the DagBag from /home/airflow/.local/lib/python3.12/site-packages/airflow/example_dags/tutorial_dag.py
[2024-10-12T20:45:46.744+0000] {processor.py:925} INFO - DAG(s) 'tutorial_dag' retrieved from /home/airflow/.local/lib/python3.12/site-packages/airflow/example_dags/tutorial_dag.py
[2024-10-12T20:45:46.781+0000] {logging_mixin.py:190} INFO - [2024-10-12T20:45:46.781+0000] {dag.py:3239} INFO - Sync 1 DAGs
[2024-10-12T20:45:46.810+0000] {logging_mixin.py:190} INFO - [2024-10-12T20:45:46.810+0000] {dag.py:4180} INFO - Setting next_dagrun for tutorial_dag to None, run_after=None
[2024-10-12T20:45:46.843+0000] {processor.py:208} INFO - Processing /home/airflow/.local/lib/python3.12/site-packages/airflow/example_dags/tutorial_dag.py took 0.138 seconds
[2024-10-12T20:46:17.215+0000] {processor.py:186} INFO - Started process (PID=1388) to work on /home/airflow/.local/lib/python3.12/site-packages/airflow/example_dags/tutorial_dag.py
[2024-10-12T20:46:17.216+0000] {processor.py:914} INFO - Processing file /home/airflow/.local/lib/python3.12/site-packages/airflow/example_dags/tutorial_dag.py for tasks to queue
[2024-10-12T20:46:17.220+0000] {logging_mixin.py:190} INFO - [2024-10-12T20:46:17.220+0000] {dagbag.py:588} INFO - Filling up the DagBag from /home/airflow/.local/lib/python3.12/site-packages/airflow/example_dags/tutorial_dag.py
[2024-10-12T20:46:17.231+0000] {processor.py:925} INFO - DAG(s) 'tutorial_dag' retrieved from /home/airflow/.local/lib/python3.12/site-packages/airflow/example_dags/tutorial_dag.py
[2024-10-12T20:46:17.264+0000] {logging_mixin.py:190} INFO - [2024-10-12T20:46:17.263+0000] {dag.py:3239} INFO - Sync 1 DAGs
[2024-10-12T20:46:17.284+0000] {logging_mixin.py:190} INFO - [2024-10-12T20:46:17.284+0000] {dag.py:4180} INFO - Setting next_dagrun for tutorial_dag to None, run_after=None
[2024-10-12T20:46:17.315+0000] {processor.py:208} INFO - Processing /home/airflow/.local/lib/python3.12/site-packages/airflow/example_dags/tutorial_dag.py took 0.110 seconds
[2024-10-12T20:46:47.487+0000] {processor.py:186} INFO - Started process (PID=1450) to work on /home/airflow/.local/lib/python3.12/site-packages/airflow/example_dags/tutorial_dag.py
[2024-10-12T20:46:47.488+0000] {processor.py:914} INFO - Processing file /home/airflow/.local/lib/python3.12/site-packages/airflow/example_dags/tutorial_dag.py for tasks to queue
[2024-10-12T20:46:47.492+0000] {logging_mixin.py:190} INFO - [2024-10-12T20:46:47.491+0000] {dagbag.py:588} INFO - Filling up the DagBag from /home/airflow/.local/lib/python3.12/site-packages/airflow/example_dags/tutorial_dag.py
[2024-10-12T20:46:47.502+0000] {processor.py:925} INFO - DAG(s) 'tutorial_dag' retrieved from /home/airflow/.local/lib/python3.12/site-packages/airflow/example_dags/tutorial_dag.py
[2024-10-12T20:46:47.532+0000] {logging_mixin.py:190} INFO - [2024-10-12T20:46:47.532+0000] {dag.py:3239} INFO - Sync 1 DAGs
[2024-10-12T20:46:47.553+0000] {logging_mixin.py:190} INFO - [2024-10-12T20:46:47.552+0000] {dag.py:4180} INFO - Setting next_dagrun for tutorial_dag to None, run_after=None
[2024-10-12T20:46:47.579+0000] {processor.py:208} INFO - Processing /home/airflow/.local/lib/python3.12/site-packages/airflow/example_dags/tutorial_dag.py took 0.101 seconds
[2024-10-12T20:47:18.507+0000] {processor.py:186} INFO - Started process (PID=1512) to work on /home/airflow/.local/lib/python3.12/site-packages/airflow/example_dags/tutorial_dag.py
[2024-10-12T20:47:18.509+0000] {processor.py:914} INFO - Processing file /home/airflow/.local/lib/python3.12/site-packages/airflow/example_dags/tutorial_dag.py for tasks to queue
[2024-10-12T20:47:18.512+0000] {logging_mixin.py:190} INFO - [2024-10-12T20:47:18.512+0000] {dagbag.py:588} INFO - Filling up the DagBag from /home/airflow/.local/lib/python3.12/site-packages/airflow/example_dags/tutorial_dag.py
[2024-10-12T20:47:18.524+0000] {processor.py:925} INFO - DAG(s) 'tutorial_dag' retrieved from /home/airflow/.local/lib/python3.12/site-packages/airflow/example_dags/tutorial_dag.py
[2024-10-12T20:47:18.552+0000] {logging_mixin.py:190} INFO - [2024-10-12T20:47:18.551+0000] {dag.py:3239} INFO - Sync 1 DAGs
[2024-10-12T20:47:18.572+0000] {logging_mixin.py:190} INFO - [2024-10-12T20:47:18.571+0000] {dag.py:4180} INFO - Setting next_dagrun for tutorial_dag to None, run_after=None
[2024-10-12T20:47:18.605+0000] {processor.py:208} INFO - Processing /home/airflow/.local/lib/python3.12/site-packages/airflow/example_dags/tutorial_dag.py took 0.109 seconds
[2024-10-12T20:47:49.053+0000] {processor.py:186} INFO - Started process (PID=1573) to work on /home/airflow/.local/lib/python3.12/site-packages/airflow/example_dags/tutorial_dag.py
[2024-10-12T20:47:49.076+0000] {processor.py:914} INFO - Processing file /home/airflow/.local/lib/python3.12/site-packages/airflow/example_dags/tutorial_dag.py for tasks to queue
[2024-10-12T20:47:49.081+0000] {logging_mixin.py:190} INFO - [2024-10-12T20:47:49.080+0000] {dagbag.py:588} INFO - Filling up the DagBag from /home/airflow/.local/lib/python3.12/site-packages/airflow/example_dags/tutorial_dag.py
[2024-10-12T20:47:49.096+0000] {processor.py:925} INFO - DAG(s) 'tutorial_dag' retrieved from /home/airflow/.local/lib/python3.12/site-packages/airflow/example_dags/tutorial_dag.py
[2024-10-12T20:47:49.136+0000] {logging_mixin.py:190} INFO - [2024-10-12T20:47:49.135+0000] {dag.py:3239} INFO - Sync 1 DAGs
[2024-10-12T20:47:49.163+0000] {logging_mixin.py:190} INFO - [2024-10-12T20:47:49.163+0000] {dag.py:4180} INFO - Setting next_dagrun for tutorial_dag to None, run_after=None
[2024-10-12T20:47:49.205+0000] {processor.py:208} INFO - Processing /home/airflow/.local/lib/python3.12/site-packages/airflow/example_dags/tutorial_dag.py took 0.163 seconds
[2024-10-12T20:48:19.430+0000] {processor.py:186} INFO - Started process (PID=1636) to work on /home/airflow/.local/lib/python3.12/site-packages/airflow/example_dags/tutorial_dag.py
[2024-10-12T20:48:19.433+0000] {processor.py:914} INFO - Processing file /home/airflow/.local/lib/python3.12/site-packages/airflow/example_dags/tutorial_dag.py for tasks to queue
[2024-10-12T20:48:19.437+0000] {logging_mixin.py:190} INFO - [2024-10-12T20:48:19.436+0000] {dagbag.py:588} INFO - Filling up the DagBag from /home/airflow/.local/lib/python3.12/site-packages/airflow/example_dags/tutorial_dag.py
[2024-10-12T20:48:19.450+0000] {processor.py:925} INFO - DAG(s) 'tutorial_dag' retrieved from /home/airflow/.local/lib/python3.12/site-packages/airflow/example_dags/tutorial_dag.py
[2024-10-12T20:48:19.487+0000] {logging_mixin.py:190} INFO - [2024-10-12T20:48:19.486+0000] {dag.py:3239} INFO - Sync 1 DAGs
[2024-10-12T20:48:19.514+0000] {logging_mixin.py:190} INFO - [2024-10-12T20:48:19.513+0000] {dag.py:4180} INFO - Setting next_dagrun for tutorial_dag to None, run_after=None
[2024-10-12T20:48:19.555+0000] {processor.py:208} INFO - Processing /home/airflow/.local/lib/python3.12/site-packages/airflow/example_dags/tutorial_dag.py took 0.136 seconds
[2024-10-12T20:48:49.854+0000] {processor.py:186} INFO - Started process (PID=1697) to work on /home/airflow/.local/lib/python3.12/site-packages/airflow/example_dags/tutorial_dag.py
[2024-10-12T20:48:49.857+0000] {processor.py:914} INFO - Processing file /home/airflow/.local/lib/python3.12/site-packages/airflow/example_dags/tutorial_dag.py for tasks to queue
[2024-10-12T20:48:49.861+0000] {logging_mixin.py:190} INFO - [2024-10-12T20:48:49.861+0000] {dagbag.py:588} INFO - Filling up the DagBag from /home/airflow/.local/lib/python3.12/site-packages/airflow/example_dags/tutorial_dag.py
[2024-10-12T20:48:49.874+0000] {processor.py:925} INFO - DAG(s) 'tutorial_dag' retrieved from /home/airflow/.local/lib/python3.12/site-packages/airflow/example_dags/tutorial_dag.py
[2024-10-12T20:48:49.918+0000] {logging_mixin.py:190} INFO - [2024-10-12T20:48:49.918+0000] {dag.py:3239} INFO - Sync 1 DAGs
[2024-10-12T20:48:49.975+0000] {logging_mixin.py:190} INFO - [2024-10-12T20:48:49.974+0000] {dag.py:4180} INFO - Setting next_dagrun for tutorial_dag to None, run_after=None
[2024-10-12T20:48:50.036+0000] {processor.py:208} INFO - Processing /home/airflow/.local/lib/python3.12/site-packages/airflow/example_dags/tutorial_dag.py took 0.198 seconds
[2024-10-12T20:49:20.923+0000] {processor.py:186} INFO - Started process (PID=1759) to work on /home/airflow/.local/lib/python3.12/site-packages/airflow/example_dags/tutorial_dag.py
[2024-10-12T20:49:20.925+0000] {processor.py:914} INFO - Processing file /home/airflow/.local/lib/python3.12/site-packages/airflow/example_dags/tutorial_dag.py for tasks to queue
[2024-10-12T20:49:20.929+0000] {logging_mixin.py:190} INFO - [2024-10-12T20:49:20.929+0000] {dagbag.py:588} INFO - Filling up the DagBag from /home/airflow/.local/lib/python3.12/site-packages/airflow/example_dags/tutorial_dag.py
[2024-10-12T20:49:20.940+0000] {processor.py:925} INFO - DAG(s) 'tutorial_dag' retrieved from /home/airflow/.local/lib/python3.12/site-packages/airflow/example_dags/tutorial_dag.py
[2024-10-12T20:49:20.967+0000] {logging_mixin.py:190} INFO - [2024-10-12T20:49:20.967+0000] {dag.py:3239} INFO - Sync 1 DAGs
[2024-10-12T20:49:20.989+0000] {logging_mixin.py:190} INFO - [2024-10-12T20:49:20.989+0000] {dag.py:4180} INFO - Setting next_dagrun for tutorial_dag to None, run_after=None
[2024-10-12T20:49:21.023+0000] {processor.py:208} INFO - Processing /home/airflow/.local/lib/python3.12/site-packages/airflow/example_dags/tutorial_dag.py took 0.112 seconds
[2024-10-12T20:49:51.668+0000] {processor.py:186} INFO - Started process (PID=1821) to work on /home/airflow/.local/lib/python3.12/site-packages/airflow/example_dags/tutorial_dag.py
[2024-10-12T20:49:51.687+0000] {processor.py:914} INFO - Processing file /home/airflow/.local/lib/python3.12/site-packages/airflow/example_dags/tutorial_dag.py for tasks to queue
[2024-10-12T20:49:51.691+0000] {logging_mixin.py:190} INFO - [2024-10-12T20:49:51.691+0000] {dagbag.py:588} INFO - Filling up the DagBag from /home/airflow/.local/lib/python3.12/site-packages/airflow/example_dags/tutorial_dag.py
[2024-10-12T20:49:51.704+0000] {processor.py:925} INFO - DAG(s) 'tutorial_dag' retrieved from /home/airflow/.local/lib/python3.12/site-packages/airflow/example_dags/tutorial_dag.py
[2024-10-12T20:49:51.738+0000] {logging_mixin.py:190} INFO - [2024-10-12T20:49:51.738+0000] {dag.py:3239} INFO - Sync 1 DAGs
[2024-10-12T20:49:51.764+0000] {logging_mixin.py:190} INFO - [2024-10-12T20:49:51.763+0000] {dag.py:4180} INFO - Setting next_dagrun for tutorial_dag to None, run_after=None
[2024-10-12T20:49:51.800+0000] {processor.py:208} INFO - Processing /home/airflow/.local/lib/python3.12/site-packages/airflow/example_dags/tutorial_dag.py took 0.144 seconds
[2024-10-12T20:50:22.363+0000] {processor.py:186} INFO - Started process (PID=1884) to work on /home/airflow/.local/lib/python3.12/site-packages/airflow/example_dags/tutorial_dag.py
[2024-10-12T20:50:22.364+0000] {processor.py:914} INFO - Processing file /home/airflow/.local/lib/python3.12/site-packages/airflow/example_dags/tutorial_dag.py for tasks to queue
[2024-10-12T20:50:22.368+0000] {logging_mixin.py:190} INFO - [2024-10-12T20:50:22.367+0000] {dagbag.py:588} INFO - Filling up the DagBag from /home/airflow/.local/lib/python3.12/site-packages/airflow/example_dags/tutorial_dag.py
[2024-10-12T20:50:22.379+0000] {processor.py:925} INFO - DAG(s) 'tutorial_dag' retrieved from /home/airflow/.local/lib/python3.12/site-packages/airflow/example_dags/tutorial_dag.py
[2024-10-12T20:50:22.406+0000] {logging_mixin.py:190} INFO - [2024-10-12T20:50:22.406+0000] {dag.py:3239} INFO - Sync 1 DAGs
[2024-10-12T20:50:22.429+0000] {logging_mixin.py:190} INFO - [2024-10-12T20:50:22.428+0000] {dag.py:4180} INFO - Setting next_dagrun for tutorial_dag to None, run_after=None
[2024-10-12T20:50:22.476+0000] {processor.py:208} INFO - Processing /home/airflow/.local/lib/python3.12/site-packages/airflow/example_dags/tutorial_dag.py took 0.120 seconds
