[2024-10-13T23:13:22.480+0000] {local_task_job_runner.py:123} INFO - ::group::Pre task execution logs
[2024-10-13T23:13:22.507+0000] {taskinstance.py:2612} INFO - Dependencies all met for dep_context=non-requeueable deps ti=<TaskInstance: ml_workflow_jhayr.load_data manual__2024-10-13T23:13:18.646006+00:00 [queued]>
[2024-10-13T23:13:22.523+0000] {taskinstance.py:2612} INFO - Dependencies all met for dep_context=requeueable deps ti=<TaskInstance: ml_workflow_jhayr.load_data manual__2024-10-13T23:13:18.646006+00:00 [queued]>
[2024-10-13T23:13:22.526+0000] {taskinstance.py:2865} INFO - Starting attempt 1 of 2
[2024-10-13T23:13:22.549+0000] {taskinstance.py:2888} INFO - Executing <Task(PythonOperator): load_data> on 2024-10-13 23:13:18.646006+00:00
[2024-10-13T23:13:22.567+0000] {warnings.py:112} WARNING - /home/***/.local/lib/python3.12/site-packages/***/task/task_runner/standard_task_runner.py:70: DeprecationWarning: This process (pid=242) is multi-threaded, use of fork() may lead to deadlocks in the child.
  pid = os.fork()

[2024-10-13T23:13:22.571+0000] {standard_task_runner.py:104} INFO - Running: ['***', 'tasks', 'run', 'ml_workflow_jhayr', 'load_data', 'manual__2024-10-13T23:13:18.646006+00:00', '--job-id', '27', '--raw', '--subdir', 'DAGS_FOLDER/pipeline.py', '--cfg-path', '/tmp/tmp_de7c6l0']
[2024-10-13T23:13:22.573+0000] {standard_task_runner.py:72} INFO - Started process 255 to run task
[2024-10-13T23:13:22.573+0000] {standard_task_runner.py:105} INFO - Job 27: Subtask load_data
[2024-10-13T23:13:22.680+0000] {task_command.py:467} INFO - Running <TaskInstance: ml_workflow_jhayr.load_data manual__2024-10-13T23:13:18.646006+00:00 [running]> on host d8275d2c7247
[2024-10-13T23:13:22.900+0000] {taskinstance.py:3131} INFO - Exporting env vars: AIRFLOW_CTX_DAG_OWNER='***' AIRFLOW_CTX_DAG_ID='ml_workflow_jhayr' AIRFLOW_CTX_TASK_ID='load_data' AIRFLOW_CTX_EXECUTION_DATE='2024-10-13T23:13:18.646006+00:00' AIRFLOW_CTX_TRY_NUMBER='1' AIRFLOW_CTX_DAG_RUN_ID='manual__2024-10-13T23:13:18.646006+00:00'
[2024-10-13T23:13:22.950+0000] {logging_mixin.py:190} INFO - Task instance is in running state
[2024-10-13T23:13:22.952+0000] {logging_mixin.py:190} INFO -  Previous state of the Task instance: queued
[2024-10-13T23:13:22.953+0000] {logging_mixin.py:190} INFO - Current task name:load_data state:running start_date:2024-10-13 23:13:22.509069+00:00
[2024-10-13T23:13:22.954+0000] {logging_mixin.py:190} INFO - Dag name:ml_workflow_jhayr and current dag run status:running
[2024-10-13T23:13:22.955+0000] {taskinstance.py:731} INFO - ::endgroup::
[2024-10-13T23:13:23.149+0000] {python.py:240} INFO - Done. Returned value was:           id  person_age  ...  cb_person_cred_hist_length loan_status
0          0          37  ...                          14           0
1          1          22  ...                           2           0
2          2          29  ...                          10           0
3          3          30  ...                           5           0
4          4          22  ...                           3           0
...      ...         ...  ...                         ...         ...
58640  58640          34  ...                          10           0
58641  58641          28  ...                           8           1
58642  58642          23  ...                           2           1
58643  58643          22  ...                           3           0
58644  58644          31  ...                           5           0

[58645 rows x 13 columns]
[2024-10-13T23:13:23.677+0000] {taskinstance.py:340} INFO - ::group::Post task execution logs
[2024-10-13T23:13:23.678+0000] {taskinstance.py:352} INFO - Marking task as SUCCESS. dag_id=ml_workflow_jhayr, task_id=load_data, run_id=manual__2024-10-13T23:13:18.646006+00:00, execution_date=20241013T231318, start_date=20241013T231322, end_date=20241013T231323
[2024-10-13T23:13:23.696+0000] {logging_mixin.py:190} INFO - Task instance in success state
[2024-10-13T23:13:23.697+0000] {logging_mixin.py:190} INFO -  Previous state of the Task instance: running
[2024-10-13T23:13:23.698+0000] {logging_mixin.py:190} INFO - Dag name:ml_workflow_jhayr queued_at:2024-10-13 23:13:18.713418+00:00
[2024-10-13T23:13:23.698+0000] {logging_mixin.py:190} INFO - Task hostname:d8275d2c7247 operator:PythonOperator
[2024-10-13T23:13:23.736+0000] {local_task_job_runner.py:266} INFO - Task exited with return code 0
[2024-10-13T23:13:23.779+0000] {taskinstance.py:3900} INFO - 1 downstream tasks scheduled from follow-on schedule check
[2024-10-13T23:13:23.783+0000] {local_task_job_runner.py:245} INFO - ::endgroup::
